#
# There is insufficient memory for the Java Runtime Environment to continue.
# Native memory allocation (malloc) failed to allocate 1411216 bytes. Error detail: Chunk::new
# Possible reasons:
#   The system is out of physical RAM or swap space
#   This process is running with CompressedOops enabled, and the Java Heap may be blocking the growth of the native heap
# Possible solutions:
#   Reduce memory load on the system
#   Increase physical memory or swap space
#   Check if swap backing store is full
#   Decrease Java heap size (-Xmx/-Xms)
#   Decrease number of Java threads
#   Decrease Java thread stack sizes (-Xss)
#   Set larger code cache with -XX:ReservedCodeCacheSize=
#   JVM is running with Unscaled Compressed Oops mode in which the Java heap is
#     placed in the first 4GB address space. The Java Heap base address is the
#     maximum limit for the native heap growth. Please use -XX:HeapBaseMinAddress
#     to set the Java Heap base and to place the Java Heap above 4GB virtual address.
# This output file may be truncated or incomplete.
#
#  Out of Memory Error (arena.cpp:168), pid=31120, tid=7728
#
# JRE version: OpenJDK Runtime Environment Temurin-21.0.10+7 (21.0.10+7) (build 21.0.10+7-LTS)
# Java VM: OpenJDK 64-Bit Server VM Temurin-21.0.10+7 (21.0.10+7-LTS, mixed mode, sharing, tiered, compressed oops, compressed class ptrs, parallel gc, windows-amd64)
# No core dump will be written. Minidumps are not enabled by default on client versions of Windows
#

---------------  S U M M A R Y ------------

Command Line: --add-modules=ALL-SYSTEM --add-opens=java.base/java.util=ALL-UNNAMED --add-opens=java.base/java.lang=ALL-UNNAMED --add-opens=java.base/sun.nio.fs=ALL-UNNAMED -Declipse.application=org.eclipse.jdt.ls.core.id1 -Dosgi.bundles.defaultStartLevel=4 -Declipse.product=org.eclipse.jdt.ls.core.product -Djava.import.generatesMetadataFilesAtProjectRoot=false -DDetectVMInstallationsJob.disabled=true -Dfile.encoding=utf8 -XX:+UseParallelGC -XX:GCTimeRatio=4 -XX:AdaptiveSizePolicyWeight=90 -Dsun.zip.disableMemoryMapping=true -Xmx2G -Xms100m -Xlog:disable -javaagent:c:\Users\ASUS\.vscode\extensions\redhat.java-1.53.0-win32-x64\lombok\lombok-1.18.39-4050.jar -XX:+HeapDumpOnOutOfMemoryError -XX:HeapDumpPath=c:\Users\ASUS\AppData\Roaming\Code\User\workspaceStorage\072664e477a3092332c4219defd89c4c\redhat.java -Daether.dependencyCollector.impl=bf c:\Users\ASUS\.vscode\extensions\redhat.java-1.53.0-win32-x64\server\plugins\org.eclipse.equinox.launcher_1.7.100.v20251111-0406.jar -configuration c:\Users\ASUS\AppData\Roaming\Code\User\globalStorage\redhat.java\1.53.0\config_win -data c:\Users\ASUS\AppData\Roaming\Code\User\workspaceStorage\072664e477a3092332c4219defd89c4c\redhat.java\jdt_ws --pipe=\\.\pipe\lsp-478ff6fa144f155165d4ff09fb613984-sock

Host: AMD Ryzen 7 7435HS                             , 16 cores, 7G,  Windows 11 , 64 bit Build 26100 (10.0.26100.5074)
Time: Mon Mar 30 18:08:56 2026 SE Asia Standard Time elapsed time: 1805.668216 seconds (0d 0h 30m 5s)

---------------  T H R E A D  ---------------

Current thread (0x000002653cc3e3e0):  JavaThread "C2 CompilerThread0" daemon [_thread_in_native, id=7728, stack(0x000000d8f2700000,0x000000d8f2800000) (1024K)]


Current CompileTask:
C2:1805668 29662   !   4       com.google.gson.internal.bind.ReflectiveTypeAdapterFactory$2::write (140 bytes)

Stack: [0x000000d8f2700000,0x000000d8f2800000]
Native frames: (J=compiled Java code, j=interpreted, Vv=VM code, C=native code)
V  [jvm.dll+0x6d7a39]
V  [jvm.dll+0x8b4b26]
V  [jvm.dll+0x8b70de]
V  [jvm.dll+0x8b77c3]
V  [jvm.dll+0x284346]
V  [jvm.dll+0xc66ed]
V  [jvm.dll+0xc6c31]
V  [jvm.dll+0x3bec01]
V  [jvm.dll+0x38b162]
V  [jvm.dll+0x38a5aa]
V  [jvm.dll+0x24c560]
V  [jvm.dll+0x24bb40]
V  [jvm.dll+0x1cb34e]
V  [jvm.dll+0x25b85d]
V  [jvm.dll+0x259dea]
V  [jvm.dll+0x3f857e]
V  [jvm.dll+0x85f59d]
V  [jvm.dll+0x6d626d]
C  [ucrtbase.dll+0x37b0]
C  [KERNEL32.DLL+0x2e8d7]
C  [ntdll.dll+0x8d9c]


---------------  P R O C E S S  ---------------

Threads class SMR info:
_java_thread_list=0x000002659f061dc0, length=78, elements={
0x000002653cb80510, 0x000002653cc243a0, 0x000002653cc26f70, 0x000002653cc2a280,
0x000002653cc2b160, 0x000002653cc2ec20, 0x000002653cc39710, 0x000002653cc3e3e0,
0x0000026597818a20, 0x0000026597a78c30, 0x0000026597a79950, 0x0000026597a792c0,
0x0000026597a79fe0, 0x0000026597a7a670, 0x0000026597a771f0, 0x0000026597a77880,
0x0000026597a77f10, 0x0000026597a785a0, 0x000002659ee04b10, 0x000002659ee07900,
0x000002659ee08620, 0x000002659ee051a0, 0x000002659ee08cb0, 0x000002659ee05830,
0x000002659ee0a060, 0x000002659ee0a6f0, 0x000002659ee09340, 0x000002659ee0b410,
0x000002659ee0baa0, 0x000002659ee0ad80, 0x000002659ee099d0, 0x00000265a2d7bce0,
0x00000265a2d7a930, 0x00000265a2d78ef0, 0x00000265a2d7afc0, 0x00000265a2d7c370,
0x00000265a2d7ca00, 0x00000265a2d79c10, 0x00000265a2d7a2a0, 0x00000265a2d7d090,
0x000002659e779140, 0x000002659e77b8a0, 0x000002659e7769e0, 0x000002659e775630,
0x000002659e777700, 0x000002659e774280, 0x000002659e776350, 0x000002659e77ab80,
0x000002659e7797d0, 0x000002659e779e60, 0x000002659e77a4f0, 0x000002659e77b210,
0x00000265a3c1a150, 0x00000265a3c1e2f0, 0x00000265a3775050, 0x00000265a3779f10,
0x000002659feaf0c0, 0x000002659feac2d0, 0x00000265a3775d70, 0x00000265a3776400,
0x00000265a3777120, 0x00000265a37784d0, 0x00000265a3778b60, 0x00000265a37777b0,
0x00000265a37791f0, 0x00000265a3777e40, 0x00000265a2d7e440, 0x00000265a2d7ead0,
0x00000265a2d79580, 0x00000265a2d80510, 0x00000265a2d7d720, 0x00000265a2d7fe80,
0x00000265a2d7f7f0, 0x00000265a3c16cd0, 0x00000265a3c19430, 0x00000265a3c1dc60,
0x00000265a3c1bb90, 0x000002659feaea30
}

Java Threads: ( => current thread )
  0x000002653cb80510 JavaThread "main"                              [_thread_blocked, id=20560, stack(0x000000d8f1d00000,0x000000d8f1e00000) (1024K)]
  0x000002653cc243a0 JavaThread "Reference Handler"          daemon [_thread_blocked, id=17764, stack(0x000000d8f2100000,0x000000d8f2200000) (1024K)]
  0x000002653cc26f70 JavaThread "Finalizer"                  daemon [_thread_blocked, id=26936, stack(0x000000d8f2200000,0x000000d8f2300000) (1024K)]
  0x000002653cc2a280 JavaThread "Signal Dispatcher"          daemon [_thread_blocked, id=23924, stack(0x000000d8f2300000,0x000000d8f2400000) (1024K)]
  0x000002653cc2b160 JavaThread "Attach Listener"            daemon [_thread_blocked, id=21020, stack(0x000000d8f2400000,0x000000d8f2500000) (1024K)]
  0x000002653cc2ec20 JavaThread "Service Thread"             daemon [_thread_blocked, id=26068, stack(0x000000d8f2500000,0x000000d8f2600000) (1024K)]
  0x000002653cc39710 JavaThread "Monitor Deflation Thread"   daemon [_thread_blocked, id=30376, stack(0x000000d8f2600000,0x000000d8f2700000) (1024K)]
=>0x000002653cc3e3e0 JavaThread "C2 CompilerThread0"         daemon [_thread_in_native, id=7728, stack(0x000000d8f2700000,0x000000d8f2800000) (1024K)]
  0x0000026597818a20 JavaThread "C1 CompilerThread0"         daemon [_thread_blocked, id=20900, stack(0x000000d8f2800000,0x000000d8f2900000) (1024K)]
  0x0000026597a78c30 JavaThread "Common-Cleaner"             daemon [_thread_blocked, id=31688, stack(0x000000d8f2b00000,0x000000d8f2c00000) (1024K)]
  0x0000026597a79950 JavaThread "Notification Thread"        daemon [_thread_blocked, id=31204, stack(0x000000d8f2e00000,0x000000d8f2f00000) (1024K)]
  0x0000026597a792c0 JavaThread "Active Thread: Equinox Container: 2d643029-51f5-4d2c-ba08-e5f6ccc7042a"        [_thread_blocked, id=3260, stack(0x000000d8f3800000,0x000000d8f3900000) (1024K)]
  0x0000026597a79fe0 JavaThread "Refresh Thread: Equinox Container: 2d643029-51f5-4d2c-ba08-e5f6ccc7042a" daemon [_thread_blocked, id=29928, stack(0x000000d8f2900000,0x000000d8f2a00000) (1024K)]
  0x0000026597a7a670 JavaThread "Framework Event Dispatcher: Equinox Container: 2d643029-51f5-4d2c-ba08-e5f6ccc7042a" daemon [_thread_blocked, id=2488, stack(0x000000d8f2a00000,0x000000d8f2b00000) (1024K)]
  0x0000026597a771f0 JavaThread "Start Level: Equinox Container: 2d643029-51f5-4d2c-ba08-e5f6ccc7042a" daemon [_thread_blocked, id=14280, stack(0x000000d8f2c00000,0x000000d8f2d00000) (1024K)]
  0x0000026597a77880 JavaThread "Bundle File Closer"         daemon [_thread_blocked, id=31860, stack(0x000000d8f3a00000,0x000000d8f3b00000) (1024K)]
  0x0000026597a77f10 JavaThread "SCR Component Actor"        daemon [_thread_blocked, id=32464, stack(0x000000d8f3e00000,0x000000d8f3f00000) (1024K)]
  0x0000026597a785a0 JavaThread "Worker-JM"                         [_thread_blocked, id=32524, stack(0x000000d8f4200000,0x000000d8f4300000) (1024K)]
  0x000002659ee04b10 JavaThread "Java indexing"              daemon [_thread_blocked, id=32744, stack(0x000000d8f4400000,0x000000d8f4500000) (1024K)]
  0x000002659ee07900 JavaThread "JNA Cleaner"                daemon [_thread_blocked, id=24460, stack(0x000000d8f4900000,0x000000d8f4a00000) (1024K)]
  0x000002659ee08620 JavaThread "Thread-1"                   daemon [_thread_in_native, id=2956, stack(0x000000d8f4f00000,0x000000d8f5000000) (1024K)]
  0x000002659ee051a0 JavaThread "Thread-2"                   daemon [_thread_in_native, id=23232, stack(0x000000d8f5000000,0x000000d8f5100000) (1024K)]
  0x000002659ee08cb0 JavaThread "Thread-3"                   daemon [_thread_in_native, id=16220, stack(0x000000d8f5100000,0x000000d8f5200000) (1024K)]
  0x000002659ee05830 JavaThread "Thread-4"                   daemon [_thread_in_native, id=22848, stack(0x000000d8f5200000,0x000000d8f5300000) (1024K)]
  0x000002659ee0a060 JavaThread "Thread-5"                   daemon [_thread_in_native, id=30840, stack(0x000000d8f5300000,0x000000d8f5400000) (1024K)]
  0x000002659ee0a6f0 JavaThread "Thread-6"                   daemon [_thread_in_native, id=17288, stack(0x000000d8f5400000,0x000000d8f5500000) (1024K)]
  0x000002659ee09340 JavaThread "Thread-7"                   daemon [_thread_in_native, id=31200, stack(0x000000d8f5500000,0x000000d8f5600000) (1024K)]
  0x000002659ee0b410 JavaThread "Thread-8"                   daemon [_thread_in_native, id=29940, stack(0x000000d8f5600000,0x000000d8f5700000) (1024K)]
  0x000002659ee0baa0 JavaThread "Thread-9"                   daemon [_thread_in_native, id=4332, stack(0x000000d8f5700000,0x000000d8f5800000) (1024K)]
  0x000002659ee0ad80 JavaThread "Thread-10"                  daemon [_thread_in_native, id=23292, stack(0x000000d8f5800000,0x000000d8f5900000) (1024K)]
  0x000002659ee099d0 JavaThread "Thread-11"                  daemon [_thread_in_native, id=4708, stack(0x000000d8f5900000,0x000000d8f5a00000) (1024K)]
  0x00000265a2d7bce0 JavaThread "Thread-12"                  daemon [_thread_in_native, id=30972, stack(0x000000d8f5a00000,0x000000d8f5b00000) (1024K)]
  0x00000265a2d7a930 JavaThread "Thread-13"                  daemon [_thread_in_native, id=6192, stack(0x000000d8f5b00000,0x000000d8f5c00000) (1024K)]
  0x00000265a2d78ef0 JavaThread "Thread-14"                  daemon [_thread_in_native, id=13128, stack(0x000000d8f5c00000,0x000000d8f5d00000) (1024K)]
  0x00000265a2d7afc0 JavaThread "Thread-15"                  daemon [_thread_in_native, id=31736, stack(0x000000d8f5d00000,0x000000d8f5e00000) (1024K)]
  0x00000265a2d7c370 JavaThread "Thread-16"                  daemon [_thread_in_native, id=32556, stack(0x000000d8f5e00000,0x000000d8f5f00000) (1024K)]
  0x00000265a2d7ca00 JavaThread "Thread-17"                  daemon [_thread_in_native, id=32552, stack(0x000000d8f5f00000,0x000000d8f6000000) (1024K)]
  0x00000265a2d79c10 JavaThread "pool-2-thread-1"                   [_thread_blocked, id=28004, stack(0x000000d8f6000000,0x000000d8f6100000) (1024K)]
  0x00000265a2d7a2a0 JavaThread "WorkspaceEventsHandler"            [_thread_blocked, id=22956, stack(0x000000d8f6200000,0x000000d8f6300000) (1024K)]
  0x00000265a2d7d090 JavaThread "pool-1-thread-1"                   [_thread_blocked, id=32720, stack(0x000000d8f6300000,0x000000d8f6400000) (1024K)]
  0x000002659e779140 JavaThread "ForkJoinPool.commonPool-worker-7" daemon [_thread_blocked, id=2792, stack(0x000000d8f4800000,0x000000d8f4900000) (1024K)]
  0x000002659e77b8a0 JavaThread "ForkJoinPool.commonPool-worker-14" daemon [_thread_blocked, id=20336, stack(0x000000d8f7900000,0x000000d8f7a00000) (1024K)]
  0x000002659e7769e0 JavaThread "ForkJoinPool.commonPool-worker-18" daemon [_thread_blocked, id=35492, stack(0x000000d8f4300000,0x000000d8f4400000) (1024K)]
  0x000002659e775630 JavaThread "ForkJoinPool.commonPool-worker-19" daemon [_thread_blocked, id=36808, stack(0x000000d8f4500000,0x000000d8f4600000) (1024K)]
  0x000002659e777700 JavaThread "ForkJoinPool.commonPool-worker-20" daemon [_thread_blocked, id=36804, stack(0x000000d8f4600000,0x000000d8f4700000) (1024K)]
  0x000002659e774280 JavaThread "ForkJoinPool.commonPool-worker-21" daemon [_thread_blocked, id=31004, stack(0x000000d8f4a00000,0x000000d8f4b00000) (1024K)]
  0x000002659e776350 JavaThread "ForkJoinPool.commonPool-worker-23" daemon [_thread_blocked, id=7220, stack(0x000000d8f4d00000,0x000000d8f4e00000) (1024K)]
  0x000002659e77ab80 JavaThread "Cleaner-0"                  daemon [_thread_blocked, id=34048, stack(0x000000d8f6500000,0x000000d8f6600000) (1024K)]
  0x000002659e7797d0 JavaThread "ForkJoinPool.commonPool-worker-26" daemon [_thread_blocked, id=12672, stack(0x000000d8f3f00000,0x000000d8f4000000) (1024K)]
  0x000002659e779e60 JavaThread "ForkJoinPool.commonPool-worker-25" daemon [_thread_blocked, id=31784, stack(0x000000d8f4700000,0x000000d8f4800000) (1024K)]
  0x000002659e77a4f0 JavaThread "ForkJoinPool.commonPool-worker-24" daemon [_thread_blocked, id=34792, stack(0x000000d8f4b00000,0x000000d8f4c00000) (1024K)]
  0x000002659e77b210 JavaThread "ForkJoinPool.commonPool-worker-27" daemon [_thread_blocked, id=13420, stack(0x000000d8f4c00000,0x000000d8f4d00000) (1024K)]
  0x00000265a3c1a150 JavaThread "ForkJoinPool.commonPool-worker-28" daemon [_thread_blocked, id=3928, stack(0x000000d8f4e00000,0x000000d8f4f00000) (1024K)]
  0x00000265a3c1e2f0 JavaThread "Compiler Source File Reader" daemon [_thread_blocked, id=16764, stack(0x000000d8f6700000,0x000000d8f6800000) (1024K)]
  0x00000265a3775050 JavaThread "Worker-25"                         [_thread_blocked, id=26908, stack(0x000000d8f4100000,0x000000d8f4200000) (1024K)]
  0x00000265a3779f10 JavaThread "Worker-27"                         [_thread_blocked, id=27628, stack(0x000000d8f7100000,0x000000d8f7200000) (1024K)]
  0x000002659feaf0c0 JavaThread "Worker-28"                         [_thread_blocked, id=35064, stack(0x000000d8f1a00000,0x000000d8f1b00000) (1024K)]
  0x000002659feac2d0 JavaThread "Worker-29"                         [_thread_blocked, id=3312, stack(0x000000d8f1c00000,0x000000d8f1d00000) (1024K)]
  0x00000265a3775d70 JavaThread "Worker-30"                         [_thread_blocked, id=31044, stack(0x000000d8f6a00000,0x000000d8f6b00000) (1024K)]
  0x00000265a3776400 JavaThread "Worker-31"                         [_thread_blocked, id=10792, stack(0x000000d8f6100000,0x000000d8f6200000) (1024K)]
  0x00000265a3777120 JavaThread "Compiler Source File Reader" daemon [_thread_blocked, id=34120, stack(0x000000d8f4000000,0x000000d8f4100000) (1024K)]
  0x00000265a37784d0 JavaThread "Compiler Source File Reader" daemon [_thread_blocked, id=35956, stack(0x000000d8f6800000,0x000000d8f6900000) (1024K)]
  0x00000265a3778b60 JavaThread "Compiler Source File Reader" daemon [_thread_blocked, id=21700, stack(0x000000d8f6900000,0x000000d8f6a00000) (1024K)]
  0x00000265a37777b0 JavaThread "Compiler Source File Reader" daemon [_thread_blocked, id=14052, stack(0x000000d8f6b00000,0x000000d8f6c00000) (1024K)]
  0x00000265a37791f0 JavaThread "Compiler Source File Reader" daemon [_thread_blocked, id=36576, stack(0x000000d8f6c00000,0x000000d8f6d00000) (1024K)]
  0x00000265a3777e40 JavaThread "Compiler Source File Reader" daemon [_thread_blocked, id=29040, stack(0x000000d8f6d00000,0x000000d8f6e00000) (1024K)]
  0x00000265a2d7e440 JavaThread "Compiler Source File Reader" daemon [_thread_blocked, id=12504, stack(0x000000d8f6e00000,0x000000d8f6f00000) (1024K)]
  0x00000265a2d7ead0 JavaThread "Compiler Source File Reader" daemon [_thread_blocked, id=24088, stack(0x000000d8f6400000,0x000000d8f6500000) (1024K)]
  0x00000265a2d79580 JavaThread "Worker-32"                         [_thread_blocked, id=7152, stack(0x000000d8f6f00000,0x000000d8f7000000) (1024K)]
  0x00000265a2d80510 JavaThread "Compiler Source File Reader" daemon [_thread_blocked, id=2208, stack(0x000000d8f2d00000,0x000000d8f2e00000) (1024K)]
  0x00000265a2d7d720 JavaThread "Compiler Source File Reader" daemon [_thread_blocked, id=35484, stack(0x000000d8f7000000,0x000000d8f7100000) (1024K)]
  0x00000265a2d7fe80 JavaThread "Compiler Source File Reader" daemon [_thread_blocked, id=35936, stack(0x000000d8f7200000,0x000000d8f7300000) (1024K)]
  0x00000265a2d7f7f0 JavaThread "Compiler Source File Reader" daemon [_thread_blocked, id=32236, stack(0x000000d8f1b00000,0x000000d8f1c00000) (1024K)]
  0x00000265a3c16cd0 JavaThread "Compiler Source File Reader" daemon [_thread_blocked, id=24228, stack(0x000000d8f7500000,0x000000d8f7600000) (1024K)]
  0x00000265a3c19430 JavaThread "Java Debug Server"          daemon [_thread_in_native, id=34992, stack(0x000000d8f7400000,0x000000d8f7500000) (1024K)]
  0x00000265a3c1dc60 JavaThread "RxSchedulerPurge-1"         daemon [_thread_blocked, id=14136, stack(0x000000d8f7700000,0x000000d8f7800000) (1024K)]
  0x00000265a3c1bb90 JavaThread "RxCachedWorkerPoolEvictor-1" daemon [_thread_blocked, id=33052, stack(0x000000d8f7800000,0x000000d8f7900000) (1024K)]
  0x000002659feaea30 JavaThread "process reaper"             daemon [_thread_blocked, id=28196, stack(0x000000d8f1720000,0x000000d8f1740000) (128K)]
Total: 78

Other Threads:
  0x00000265977f4ba0 VMThread "VM Thread"                           [id=9132, stack(0x000000d8f2000000,0x000000d8f2100000) (1024K)]
  0x000002655512ca00 WatcherThread "VM Periodic Task Thread"        [id=2060, stack(0x000000d8f1f00000,0x000000d8f2000000) (1024K)]
  0x000002653cba0b10 WorkerThread "GC Thread#0"                     [id=4400, stack(0x000000d8f1e00000,0x000000d8f1f00000) (1024K)]
  0x000002659949c890 WorkerThread "GC Thread#1"                     [id=4560, stack(0x000000d8f3000000,0x000000d8f3100000) (1024K)]
  0x000002659e196010 WorkerThread "GC Thread#2"                     [id=31484, stack(0x000000d8f3100000,0x000000d8f3200000) (1024K)]
  0x000002659e1963c0 WorkerThread "GC Thread#3"                     [id=9932, stack(0x000000d8f3200000,0x000000d8f3300000) (1024K)]
  0x0000026599872cd0 WorkerThread "GC Thread#4"                     [id=31732, stack(0x000000d8f3300000,0x000000d8f3400000) (1024K)]
  0x000002659e03a0c0 WorkerThread "GC Thread#5"                     [id=8408, stack(0x000000d8f3400000,0x000000d8f3500000) (1024K)]
  0x0000026599873080 WorkerThread "GC Thread#6"                     [id=31128, stack(0x000000d8f3500000,0x000000d8f3600000) (1024K)]
  0x0000026599852390 WorkerThread "GC Thread#7"                     [id=20408, stack(0x000000d8f3900000,0x000000d8f3a00000) (1024K)]
  0x00000265995829a0 WorkerThread "GC Thread#8"                     [id=31840, stack(0x000000d8f2f00000,0x000000d8f3000000) (1024K)]
  0x0000026597b3a7a0 WorkerThread "GC Thread#9"                     [id=31844, stack(0x000000d8f3600000,0x000000d8f3700000) (1024K)]
  0x000002659e2593a0 WorkerThread "GC Thread#10"                    [id=31848, stack(0x000000d8f3700000,0x000000d8f3800000) (1024K)]
  0x000002659e918970 WorkerThread "GC Thread#11"                    [id=32444, stack(0x000000d8f3c00000,0x000000d8f3d00000) (1024K)]
  0x000002659e5bf620 WorkerThread "GC Thread#12"                    [id=32340, stack(0x000000d8f3d00000,0x000000d8f3e00000) (1024K)]
Total: 15

Threads with active compile tasks:
C2 CompilerThread0  1805695 29662   !   4       com.google.gson.internal.bind.ReflectiveTypeAdapterFactory$2::write (140 bytes)
Total: 1

VM state: not at safepoint (normal execution)

VM Mutex/Monitor currently owned by a thread: None

Heap address: 0x0000000080000000, size: 2048 MB, Compressed Oops mode: 32-bit

CDS archive(s) mapped at: [0x0000026556000000-0x0000026556ba0000-0x0000026556ba0000), size 12189696, SharedBaseAddress: 0x0000026556000000, ArchiveRelocationMode: 1.
Compressed class space mapped at: 0x0000026557000000-0x0000026597000000, reserved size: 1073741824
Narrow klass base: 0x0000026556000000, Narrow klass shift: 0, Narrow klass range: 0x100000000

GC Precious Log:
 CardTable entry size: 512
 CPUs: 16 total, 16 available
 Memory: 8010M
 Large Page Support: Disabled
 NUMA Support: Disabled
 Compressed Oops: Enabled (32-bit)
 Alignments: Space 512K, Generation 512K, Heap 2M
 Heap Min Capacity: 100M
 Heap Initial Capacity: 100M
 Heap Max Capacity: 2G
 Pre-touch: Disabled
 Parallel Workers: 13

Heap:
 PSYoungGen      total 19456K, used 17022K [0x00000000d5580000, 0x00000000d6f00000, 0x0000000100000000)
  eden space 13312K, 85% used [0x00000000d5580000,0x00000000d6094f88,0x00000000d6280000)
  from space 6144K, 92% used [0x00000000d6900000,0x00000000d6e8aa28,0x00000000d6f00000)
  to   space 6144K, 0% used [0x00000000d6300000,0x00000000d6300000,0x00000000d6900000)
 ParOldGen       total 1018880K, used 1018484K [0x0000000080000000, 0x00000000be300000, 0x00000000d5580000)
  object space 1018880K, 99% used [0x0000000080000000,0x00000000be29d1b8,0x00000000be300000)
 Metaspace       used 100634K, committed 102720K, reserved 1179648K
  class space    used 10331K, committed 11264K, reserved 1048576K

Card table byte_map: [0x0000026550590000,0x00000265509a0000] _byte_map_base: 0x0000026550190000

Marking Bits: (ParMarkBitMap*) 0x00007ffda0b33450
 Begin Bits: [0x0000026550c50000, 0x0000026552c50000)
 End Bits:   [0x0000026552c50000, 0x0000026554c50000)

Polling page: 0x000002653c910000

Metaspace:

Usage:
  Non-class:     88.19 MB used.
      Class:     10.09 MB used.
       Both:     98.28 MB used.

Virtual space:
  Non-class space:      128.00 MB reserved,      89.31 MB ( 70%) committed,  2 nodes.
      Class space:        1.00 GB reserved,      11.00 MB (  1%) committed,  1 nodes.
             Both:        1.12 GB reserved,     100.31 MB (  9%) committed. 

Chunk freelists:
   Non-Class:  6.46 MB
       Class:  5.04 MB
        Both:  11.50 MB

MaxMetaspaceSize: unlimited
CompressedClassSpaceSize: 1.00 GB
Initial GC threshold: 21.00 MB
Current GC threshold: 160.56 MB
CDS: on
 - commit_granule_bytes: 65536.
 - commit_granule_words: 8192.
 - virtual_space_node_default_size: 8388608.
 - enlarge_chunks_in_place: 1.
 - use_allocation_guard: 0.


Internal statistics:

num_allocs_failed_limit: 9.
num_arena_births: 2042.
num_arena_deaths: 88.
num_vsnodes_births: 3.
num_vsnodes_deaths: 0.
num_space_committed: 1610.
num_space_uncommitted: 4.
num_chunks_returned_to_freelist: 157.
num_chunks_taken_from_freelist: 7055.
num_chunk_merges: 39.
num_chunk_splits: 4234.
num_chunks_enlarged: 2337.
num_inconsistent_stats: 0.

CodeHeap 'non-profiled nmethods': size=119168Kb used=19347Kb max_used=19347Kb free=99821Kb
 bounds [0x0000026548f50000, 0x000002654a240000, 0x00000265503b0000]
CodeHeap 'profiled nmethods': size=119104Kb used=40041Kb max_used=41223Kb free=79062Kb
 bounds [0x00000265413b0000, 0x0000026543c00000, 0x0000026548800000]
CodeHeap 'non-nmethods': size=7488Kb used=1558Kb max_used=3297Kb free=5929Kb
 bounds [0x0000026548800000, 0x0000026548b70000, 0x0000026548f50000]
CodeCache: size=245760Kb, used=60946Kb, max_used=63867Kb, free=184812Kb
 total_blobs=17100, nmethods=16213, adapters=789, full_count=0
Compilation: enabled, stopped_count=0, restarted_count=0

Compilation events (20 events):
Event: 1776.127 Thread 0x0000026597818a20 nmethod 29652 0x0000026542692490 code [0x0000026542692640, 0x00000265426927c8]
Event: 1788.130 Thread 0x0000026597818a20 29653       3       java.util.concurrent.ConcurrentHashMap::keySet (26 bytes)
Event: 1788.130 Thread 0x0000026597818a20 nmethod 29653 0x0000026542691e90 code [0x0000026542692060, 0x0000026542692370]
Event: 1792.120 Thread 0x0000026597818a20 29654       3       java.util.concurrent.ScheduledThreadPoolExecutor::canRunInCurrentRunState (61 bytes)
Event: 1792.121 Thread 0x0000026597818a20 nmethod 29654 0x0000026542691290 code [0x00000265426914a0, 0x0000026542691c50]
Event: 1794.123 Thread 0x0000026597818a20 29655       3       java.util.concurrent.ThreadPoolExecutor::ensurePrestart (41 bytes)
Event: 1794.123 Thread 0x0000026597818a20 nmethod 29655 0x0000026542690d10 code [0x0000026542690ee0, 0x0000026542691190]
Event: 1795.130 Thread 0x0000026597818a20 29656       3       java.util.concurrent.ScheduledThreadPoolExecutor$DelayedWorkQueue::finishPoll (43 bytes)
Event: 1795.130 Thread 0x0000026597818a20 nmethod 29656 0x0000026542690410 code [0x00000265426905e0, 0x0000026542690b68]
Event: 1802.132 Thread 0x0000026597818a20 29657   !   3       java.util.concurrent.FutureTask::runAndReset (125 bytes)
Event: 1802.147 Thread 0x0000026597818a20 nmethod 29657 0x000002654268d010 code [0x000002654268d480, 0x000002654268f8a0]
Event: 1802.147 Thread 0x0000026597818a20 29658       3       java.util.concurrent.ScheduledThreadPoolExecutor$ScheduledFutureTask::setNextRunTime (38 bytes)
Event: 1802.148 Thread 0x0000026597818a20 nmethod 29658 0x000002654268cb10 code [0x000002654268ccc0, 0x000002654268cf50]
Event: 1802.148 Thread 0x0000026597818a20 29659       3       java.util.concurrent.ScheduledThreadPoolExecutor::reExecutePeriodic (49 bytes)
Event: 1802.150 Thread 0x0000026597818a20 nmethod 29659 0x000002654268bf10 code [0x000002654268c140, 0x000002654268c8c0]
Event: 1804.246 Thread 0x000002653cc3e3e0 29660       4       com.google.gson.internal.bind.TypeAdapters$7::write (10 bytes)
Event: 1804.290 Thread 0x000002653cc3e3e0 nmethod 29660 0x000002654a230890 code [0x000002654a230b80, 0x000002654a231d68]
Event: 1804.291 Thread 0x000002653cc3e3e0 29661       4       com.google.gson.internal.bind.TypeAdapters$7::write (23 bytes)
Event: 1804.320 Thread 0x000002653cc3e3e0 nmethod 29661 0x000002654a232a90 code [0x000002654a232d80, 0x000002654a233f68]
Event: 1804.527 Thread 0x000002653cc3e3e0 29662   !   4       com.google.gson.internal.bind.ReflectiveTypeAdapterFactory$2::write (140 bytes)

GC Heap History (20 events):
Event: 1705.061 GC heap before
{Heap before GC invocations=4418 (full 9):
 PSYoungGen      total 20992K, used 20990K [0x00000000d5580000, 0x00000000d7480000, 0x0000000100000000)
  eden space 13312K, 100% used [0x00000000d5580000,0x00000000d6280000,0x00000000d6280000)
  from space 7680K, 99% used [0x00000000d6b00000,0x00000000d727fb80,0x00000000d7280000)
  to   space 8704K, 0% used [0x00000000d6280000,0x00000000d6280000,0x00000000d6b00000)
 ParOldGen       total 1008640K, used 1008141K [0x0000000080000000, 0x00000000bd900000, 0x00000000d5580000)
  object space 1008640K, 99% used [0x0000000080000000,0x00000000bd8836b0,0x00000000bd900000)
 Metaspace       used 97478K, committed 99584K, reserved 1179648K
  class space    used 9894K, committed 10880K, reserved 1048576K
}
Event: 1705.065 GC heap after
{Heap after GC invocations=4418 (full 9):
 PSYoungGen      total 22016K, used 7789K [0x00000000d5580000, 0x00000000d7400000, 0x0000000100000000)
  eden space 13312K, 0% used [0x00000000d5580000,0x00000000d5580000,0x00000000d6280000)
  from space 8704K, 89% used [0x00000000d6280000,0x00000000d6a1b680,0x00000000d6b00000)
  to   space 8192K, 0% used [0x00000000d6c00000,0x00000000d6c00000,0x00000000d7400000)
 ParOldGen       total 1010176K, used 1009898K [0x0000000080000000, 0x00000000bda80000, 0x00000000d5580000)
  object space 1010176K, 99% used [0x0000000080000000,0x00000000bda3a830,0x00000000bda80000)
 Metaspace       used 97478K, committed 99584K, reserved 1179648K
  class space    used 9894K, committed 10880K, reserved 1048576K
}
Event: 1705.089 GC heap before
{Heap before GC invocations=4419 (full 9):
 PSYoungGen      total 22016K, used 21101K [0x00000000d5580000, 0x00000000d7400000, 0x0000000100000000)
  eden space 13312K, 100% used [0x00000000d5580000,0x00000000d6280000,0x00000000d6280000)
  from space 8704K, 89% used [0x00000000d6280000,0x00000000d6a1b680,0x00000000d6b00000)
  to   space 8192K, 0% used [0x00000000d6c00000,0x00000000d6c00000,0x00000000d7400000)
 ParOldGen       total 1010176K, used 1009898K [0x0000000080000000, 0x00000000bda80000, 0x00000000d5580000)
  object space 1010176K, 99% used [0x0000000080000000,0x00000000bda3a830,0x00000000bda80000)
 Metaspace       used 97478K, committed 99584K, reserved 1179648K
  class space    used 9894K, committed 10880K, reserved 1048576K
}
Event: 1705.092 GC heap after
{Heap after GC invocations=4419 (full 9):
 PSYoungGen      total 21504K, used 8179K [0x00000000d5580000, 0x00000000d7700000, 0x0000000100000000)
  eden space 13312K, 0% used [0x00000000d5580000,0x00000000d5580000,0x00000000d6280000)
  from space 8192K, 99% used [0x00000000d6c00000,0x00000000d73fcd90,0x00000000d7400000)
  to   space 9728K, 0% used [0x00000000d6280000,0x00000000d6280000,0x00000000d6c00000)
 ParOldGen       total 1011200K, used 1010897K [0x0000000080000000, 0x00000000bdb80000, 0x00000000d5580000)
  object space 1011200K, 99% used [0x0000000080000000,0x00000000bdb346e8,0x00000000bdb80000)
 Metaspace       used 97478K, committed 99584K, reserved 1179648K
  class space    used 9894K, committed 10880K, reserved 1048576K
}
Event: 1705.694 GC heap before
{Heap before GC invocations=4420 (full 9):
 PSYoungGen      total 21504K, used 21491K [0x00000000d5580000, 0x00000000d7700000, 0x0000000100000000)
  eden space 13312K, 100% used [0x00000000d5580000,0x00000000d6280000,0x00000000d6280000)
  from space 8192K, 99% used [0x00000000d6c00000,0x00000000d73fcd90,0x00000000d7400000)
  to   space 9728K, 0% used [0x00000000d6280000,0x00000000d6280000,0x00000000d6c00000)
 ParOldGen       total 1011200K, used 1010897K [0x0000000080000000, 0x00000000bdb80000, 0x00000000d5580000)
  object space 1011200K, 99% used [0x0000000080000000,0x00000000bdb346e8,0x00000000bdb80000)
 Metaspace       used 97512K, committed 99648K, reserved 1179648K
  class space    used 9894K, committed 10880K, reserved 1048576K
}
Event: 1705.698 GC heap after
{Heap after GC invocations=4420 (full 9):
 PSYoungGen      total 23040K, used 7427K [0x00000000d5580000, 0x00000000d7400000, 0x0000000100000000)
  eden space 13312K, 0% used [0x00000000d5580000,0x00000000d5580000,0x00000000d6280000)
  from space 9728K, 76% used [0x00000000d6280000,0x00000000d69c0d50,0x00000000d6c00000)
  to   space 8192K, 0% used [0x00000000d6c00000,0x00000000d6c00000,0x00000000d7400000)
 ParOldGen       total 1012736K, used 1012663K [0x0000000080000000, 0x00000000bdd00000, 0x00000000d5580000)
  object space 1012736K, 99% used [0x0000000080000000,0x00000000bdcede40,0x00000000bdd00000)
 Metaspace       used 97512K, committed 99648K, reserved 1179648K
  class space    used 9894K, committed 10880K, reserved 1048576K
}
Event: 1706.076 GC heap before
{Heap before GC invocations=4421 (full 9):
 PSYoungGen      total 23040K, used 20739K [0x00000000d5580000, 0x00000000d7400000, 0x0000000100000000)
  eden space 13312K, 100% used [0x00000000d5580000,0x00000000d6280000,0x00000000d6280000)
  from space 9728K, 76% used [0x00000000d6280000,0x00000000d69c0d50,0x00000000d6c00000)
  to   space 8192K, 0% used [0x00000000d6c00000,0x00000000d6c00000,0x00000000d7400000)
 ParOldGen       total 1012736K, used 1012663K [0x0000000080000000, 0x00000000bdd00000, 0x00000000d5580000)
  object space 1012736K, 99% used [0x0000000080000000,0x00000000bdcede40,0x00000000bdd00000)
 Metaspace       used 97607K, committed 99712K, reserved 1179648K
  class space    used 9894K, committed 10880K, reserved 1048576K
}
Event: 1706.079 GC heap after
{Heap after GC invocations=4421 (full 9):
 PSYoungGen      total 21504K, used 8179K [0x00000000d5580000, 0x00000000d7480000, 0x0000000100000000)
  eden space 13312K, 0% used [0x00000000d5580000,0x00000000d5580000,0x00000000d6280000)
  from space 8192K, 99% used [0x00000000d6c00000,0x00000000d73fcd60,0x00000000d7400000)
  to   space 9216K, 0% used [0x00000000d6280000,0x00000000d6280000,0x00000000d6b80000)
 ParOldGen       total 1013248K, used 1013153K [0x0000000080000000, 0x00000000bdd80000, 0x00000000d5580000)
  object space 1013248K, 99% used [0x0000000080000000,0x00000000bdd68770,0x00000000bdd80000)
 Metaspace       used 97607K, committed 99712K, reserved 1179648K
  class space    used 9894K, committed 10880K, reserved 1048576K
}
Event: 1706.098 GC heap before
{Heap before GC invocations=4422 (full 9):
 PSYoungGen      total 21504K, used 21491K [0x00000000d5580000, 0x00000000d7480000, 0x0000000100000000)
  eden space 13312K, 100% used [0x00000000d5580000,0x00000000d6280000,0x00000000d6280000)
  from space 8192K, 99% used [0x00000000d6c00000,0x00000000d73fcd60,0x00000000d7400000)
  to   space 9216K, 0% used [0x00000000d6280000,0x00000000d6280000,0x00000000d6b80000)
 ParOldGen       total 1013248K, used 1013153K [0x0000000080000000, 0x00000000bdd80000, 0x00000000d5580000)
  object space 1013248K, 99% used [0x0000000080000000,0x00000000bdd68770,0x00000000bdd80000)
 Metaspace       used 97609K, committed 99712K, reserved 1179648K
  class space    used 9894K, committed 10880K, reserved 1048576K
}
Event: 1706.102 GC heap after
{Heap after GC invocations=4422 (full 9):
 PSYoungGen      total 22528K, used 7997K [0x00000000d5580000, 0x00000000d7500000, 0x0000000100000000)
  eden space 13312K, 0% used [0x00000000d5580000,0x00000000d5580000,0x00000000d6280000)
  from space 9216K, 86% used [0x00000000d6280000,0x00000000d6a4f6a0,0x00000000d6b80000)
  to   space 8704K, 0% used [0x00000000d6c80000,0x00000000d6c80000,0x00000000d7500000)
 ParOldGen       total 1015296K, used 1015197K [0x0000000080000000, 0x00000000bdf80000, 0x00000000d5580000)
  object space 1015296K, 99% used [0x0000000080000000,0x00000000bdf676b0,0x00000000bdf80000)
 Metaspace       used 97609K, committed 99712K, reserved 1179648K
  class space    used 9894K, committed 10880K, reserved 1048576K
}
Event: 1709.199 GC heap before
{Heap before GC invocations=4423 (full 9):
 PSYoungGen      total 22528K, used 21309K [0x00000000d5580000, 0x00000000d7500000, 0x0000000100000000)
  eden space 13312K, 100% used [0x00000000d5580000,0x00000000d6280000,0x00000000d6280000)
  from space 9216K, 86% used [0x00000000d6280000,0x00000000d6a4f6a0,0x00000000d6b80000)
  to   space 8704K, 0% used [0x00000000d6c80000,0x00000000d6c80000,0x00000000d7500000)
 ParOldGen       total 1015296K, used 1015197K [0x0000000080000000, 0x00000000bdf80000, 0x00000000d5580000)
  object space 1015296K, 99% used [0x0000000080000000,0x00000000bdf676b0,0x00000000bdf80000)
 Metaspace       used 97621K, committed 99712K, reserved 1179648K
  class space    used 9894K, committed 10880K, reserved 1048576K
}
Event: 1709.202 GC heap after
{Heap after GC invocations=4423 (full 9):
 PSYoungGen      total 20992K, used 7587K [0x00000000d5580000, 0x00000000d7400000, 0x0000000100000000)
  eden space 13312K, 0% used [0x00000000d5580000,0x00000000d5580000,0x00000000d6280000)
  from space 7680K, 98% used [0x00000000d6c80000,0x00000000d73e8d80,0x00000000d7400000)
  to   space 8192K, 0% used [0x00000000d6400000,0x00000000d6400000,0x00000000d6c00000)
 ParOldGen       total 1015296K, used 1015197K [0x0000000080000000, 0x00000000bdf80000, 0x00000000d5580000)
  object space 1015296K, 99% used [0x0000000080000000,0x00000000bdf676b0,0x00000000bdf80000)
 Metaspace       used 97621K, committed 99712K, reserved 1179648K
  class space    used 9894K, committed 10880K, reserved 1048576K
}
Event: 1753.660 GC heap before
{Heap before GC invocations=4424 (full 9):
 PSYoungGen      total 20992K, used 20899K [0x00000000d5580000, 0x00000000d7400000, 0x0000000100000000)
  eden space 13312K, 100% used [0x00000000d5580000,0x00000000d6280000,0x00000000d6280000)
  from space 7680K, 98% used [0x00000000d6c80000,0x00000000d73e8d80,0x00000000d7400000)
  to   space 8192K, 0% used [0x00000000d6400000,0x00000000d6400000,0x00000000d6c00000)
 ParOldGen       total 1015296K, used 1015197K [0x0000000080000000, 0x00000000bdf80000, 0x00000000d5580000)
  object space 1015296K, 99% used [0x0000000080000000,0x00000000bdf676b0,0x00000000bdf80000)
 Metaspace       used 97716K, committed 99840K, reserved 1179648K
  class space    used 9911K, committed 10880K, reserved 1048576K
}
Event: 1753.678 GC heap after
{Heap after GC invocations=4424 (full 9):
 PSYoungGen      total 21504K, used 7922K [0x00000000d5580000, 0x00000000d7280000, 0x0000000100000000)
  eden space 13312K, 0% used [0x00000000d5580000,0x00000000d5580000,0x00000000d6280000)
  from space 8192K, 96% used [0x00000000d6400000,0x00000000d6bbc8c0,0x00000000d6c00000)
  to   space 6656K, 0% used [0x00000000d6c00000,0x00000000d6c00000,0x00000000d7280000)
 ParOldGen       total 1015296K, used 1015197K [0x0000000080000000, 0x00000000bdf80000, 0x00000000d5580000)
  object space 1015296K, 99% used [0x0000000080000000,0x00000000bdf676b0,0x00000000bdf80000)
 Metaspace       used 97716K, committed 99840K, reserved 1179648K
  class space    used 9911K, committed 10880K, reserved 1048576K
}
Event: 1753.770 GC heap before
{Heap before GC invocations=4425 (full 9):
 PSYoungGen      total 21504K, used 21234K [0x00000000d5580000, 0x00000000d7280000, 0x0000000100000000)
  eden space 13312K, 100% used [0x00000000d5580000,0x00000000d6280000,0x00000000d6280000)
  from space 8192K, 96% used [0x00000000d6400000,0x00000000d6bbc8c0,0x00000000d6c00000)
  to   space 6656K, 0% used [0x00000000d6c00000,0x00000000d6c00000,0x00000000d7280000)
 ParOldGen       total 1015296K, used 1015197K [0x0000000080000000, 0x00000000bdf80000, 0x00000000d5580000)
  object space 1015296K, 99% used [0x0000000080000000,0x00000000bdf676b0,0x00000000bdf80000)
 Metaspace       used 97716K, committed 99840K, reserved 1179648K
  class space    used 9911K, committed 10880K, reserved 1048576K
}
Event: 1753.774 GC heap after
{Heap after GC invocations=4425 (full 9):
 PSYoungGen      total 19968K, used 6633K [0x00000000d5580000, 0x00000000d7380000, 0x0000000100000000)
  eden space 13312K, 0% used [0x00000000d5580000,0x00000000d5580000,0x00000000d6280000)
  from space 6656K, 99% used [0x00000000d6c00000,0x00000000d727a460,0x00000000d7280000)
  to   space 8704K, 0% used [0x00000000d6280000,0x00000000d6280000,0x00000000d6b00000)
 ParOldGen       total 1017344K, used 1016858K [0x0000000080000000, 0x00000000be180000, 0x00000000d5580000)
  object space 1017344K, 99% used [0x0000000080000000,0x00000000be106940,0x00000000be180000)
 Metaspace       used 97716K, committed 99840K, reserved 1179648K
  class space    used 9911K, committed 10880K, reserved 1048576K
}
Event: 1759.786 GC heap before
{Heap before GC invocations=4426 (full 9):
 PSYoungGen      total 19968K, used 19945K [0x00000000d5580000, 0x00000000d7380000, 0x0000000100000000)
  eden space 13312K, 100% used [0x00000000d5580000,0x00000000d6280000,0x00000000d6280000)
  from space 6656K, 99% used [0x00000000d6c00000,0x00000000d727a460,0x00000000d7280000)
  to   space 8704K, 0% used [0x00000000d6280000,0x00000000d6280000,0x00000000d6b00000)
 ParOldGen       total 1017344K, used 1016858K [0x0000000080000000, 0x00000000be180000, 0x00000000d5580000)
  object space 1017344K, 99% used [0x0000000080000000,0x00000000be106940,0x00000000be180000)
 Metaspace       used 97787K, committed 99904K, reserved 1179648K
  class space    used 9922K, committed 10880K, reserved 1048576K
}
Event: 1759.792 GC heap after
{Heap after GC invocations=4426 (full 9):
 PSYoungGen      total 18944K, used 5481K [0x00000000d5580000, 0x00000000d6f80000, 0x0000000100000000)
  eden space 13312K, 0% used [0x00000000d5580000,0x00000000d5580000,0x00000000d6280000)
  from space 5632K, 97% used [0x00000000d6280000,0x00000000d67da450,0x00000000d6800000)
  to   space 6656K, 0% used [0x00000000d6900000,0x00000000d6900000,0x00000000d6f80000)
 ParOldGen       total 1018880K, used 1018484K [0x0000000080000000, 0x00000000be300000, 0x00000000d5580000)
  object space 1018880K, 99% used [0x0000000080000000,0x00000000be29d1b8,0x00000000be300000)
 Metaspace       used 97787K, committed 99904K, reserved 1179648K
  class space    used 9922K, committed 10880K, reserved 1048576K
}
Event: 1760.147 GC heap before
{Heap before GC invocations=4427 (full 9):
 PSYoungGen      total 18944K, used 18793K [0x00000000d5580000, 0x00000000d6f80000, 0x0000000100000000)
  eden space 13312K, 100% used [0x00000000d5580000,0x00000000d6280000,0x00000000d6280000)
  from space 5632K, 97% used [0x00000000d6280000,0x00000000d67da450,0x00000000d6800000)
  to   space 6656K, 0% used [0x00000000d6900000,0x00000000d6900000,0x00000000d6f80000)
 ParOldGen       total 1018880K, used 1018484K [0x0000000080000000, 0x00000000be300000, 0x00000000d5580000)
  object space 1018880K, 99% used [0x0000000080000000,0x00000000be29d1b8,0x00000000be300000)
 Metaspace       used 99381K, committed 101440K, reserved 1179648K
  class space    used 10138K, committed 11072K, reserved 1048576K
}
Event: 1760.150 GC heap after
{Heap after GC invocations=4427 (full 9):
 PSYoungGen      total 19456K, used 5674K [0x00000000d5580000, 0x00000000d6f00000, 0x0000000100000000)
  eden space 13312K, 0% used [0x00000000d5580000,0x00000000d5580000,0x00000000d6280000)
  from space 6144K, 92% used [0x00000000d6900000,0x00000000d6e8aa28,0x00000000d6f00000)
  to   space 6144K, 0% used [0x00000000d6300000,0x00000000d6300000,0x00000000d6900000)
 ParOldGen       total 1018880K, used 1018484K [0x0000000080000000, 0x00000000be300000, 0x00000000d5580000)
  object space 1018880K, 99% used [0x0000000080000000,0x00000000be29d1b8,0x00000000be300000)
 Metaspace       used 99381K, committed 101440K, reserved 1179648K
  class space    used 10138K, committed 11072K, reserved 1048576K
}

Dll operation events (14 events):
Event: 0.019 Loaded shared library c:\Users\ASUS\.vscode\extensions\redhat.java-1.53.0-win32-x64\jre\21.0.10-win32-x86_64\bin\java.dll
Event: 0.134 Loaded shared library c:\Users\ASUS\.vscode\extensions\redhat.java-1.53.0-win32-x64\jre\21.0.10-win32-x86_64\bin\zip.dll
Event: 0.172 Loaded shared library C:\Users\ASUS\.vscode\extensions\redhat.java-1.53.0-win32-x64\jre\21.0.10-win32-x86_64\bin\instrument.dll
Event: 0.181 Loaded shared library C:\Users\ASUS\.vscode\extensions\redhat.java-1.53.0-win32-x64\jre\21.0.10-win32-x86_64\bin\net.dll
Event: 0.185 Loaded shared library C:\Users\ASUS\.vscode\extensions\redhat.java-1.53.0-win32-x64\jre\21.0.10-win32-x86_64\bin\nio.dll
Event: 0.191 Loaded shared library C:\Users\ASUS\.vscode\extensions\redhat.java-1.53.0-win32-x64\jre\21.0.10-win32-x86_64\bin\zip.dll
Event: 0.220 Loaded shared library C:\Users\ASUS\.vscode\extensions\redhat.java-1.53.0-win32-x64\jre\21.0.10-win32-x86_64\bin\jimage.dll
Event: 0.353 Loaded shared library c:\Users\ASUS\.vscode\extensions\redhat.java-1.53.0-win32-x64\jre\21.0.10-win32-x86_64\bin\verify.dll
Event: 12.698 Loaded shared library C:\Users\ASUS\AppData\Roaming\Code\User\globalStorage\redhat.java\1.53.0\config_win\org.eclipse.equinox.launcher\org.eclipse.equinox.launcher.win32.win32.x86_64_1.3.0.v20260203-2149\eclipse_11919.dll
Event: 33.358 Loaded shared library C:\Users\ASUS\.vscode\extensions\redhat.java-1.53.0-win32-x64\jre\21.0.10-win32-x86_64\bin\management.dll
Event: 33.364 Loaded shared library C:\Users\ASUS\.vscode\extensions\redhat.java-1.53.0-win32-x64\jre\21.0.10-win32-x86_64\bin\management_ext.dll
Event: 35.929 Loaded shared library C:\Users\ASUS\AppData\Local\Temp\jna-2018896\jna16802640867374498425.dll
Event: 36.277 Loaded shared library C:\Users\ASUS\.vscode\extensions\redhat.java-1.53.0-win32-x64\jre\21.0.10-win32-x86_64\bin\sunmscapi.dll
Event: 36.993 Loaded shared library C:\Users\ASUS\.vscode\extensions\redhat.java-1.53.0-win32-x64\jre\21.0.10-win32-x86_64\bin\extnet.dll

Deoptimization events (20 events):
Event: 1760.318 Thread 0x000002659fead680 DEOPT PACKING pc=0x0000026549af29e4 sp=0x000000d8f7afe010
Event: 1760.318 Thread 0x000002659fead680 DEOPT UNPACKING pc=0x0000026548853aa2 sp=0x000000d8f7afe008 mode 2
Event: 1761.122 Thread 0x00000265a3c1dc60 DEOPT PACKING pc=0x0000026542cdde1c sp=0x000000d8f77ff080
Event: 1761.122 Thread 0x00000265a3c1dc60 DEOPT UNPACKING pc=0x0000026548854242 sp=0x000000d8f77fe540 mode 0
Event: 1761.392 Thread 0x000002659feae3a0 Uncommon trap: trap_request=0xffffffde fr.pc=0x0000026548f5a840 relative=0x0000000000000180
Event: 1761.392 Thread 0x000002659feae3a0 Uncommon trap: reason=class_check action=maybe_recompile pc=0x0000026548f5a840 method=java.util.stream.AbstractPipeline.copyIntoWithCancel(Ljava/util/stream/Sink;Ljava/util/Spliterator;)Z @ 32 c2
Event: 1761.392 Thread 0x000002659feae3a0 DEOPT PACKING pc=0x0000026548f5a840 sp=0x000000d8f7cfe8d0
Event: 1761.392 Thread 0x000002659feae3a0 DEOPT UNPACKING pc=0x0000026548853aa2 sp=0x000000d8f7cfe848 mode 2
Event: 1761.454 Thread 0x000002659feae3a0 Uncommon trap: trap_request=0xffffffde fr.pc=0x0000026548f5a840 relative=0x0000000000000180
Event: 1761.454 Thread 0x000002659feae3a0 Uncommon trap: reason=class_check action=maybe_recompile pc=0x0000026548f5a840 method=java.util.stream.AbstractPipeline.copyIntoWithCancel(Ljava/util/stream/Sink;Ljava/util/Spliterator;)Z @ 32 c2
Event: 1761.454 Thread 0x000002659feae3a0 DEOPT PACKING pc=0x0000026548f5a840 sp=0x000000d8f7cfe8d0
Event: 1761.454 Thread 0x000002659feae3a0 DEOPT UNPACKING pc=0x0000026548853aa2 sp=0x000000d8f7cfe848 mode 2
Event: 1763.210 Thread 0x00000265a3c1ae70 Uncommon trap: trap_request=0xffffff45 fr.pc=0x000002654a20e17c relative=0x000000000000231c
Event: 1763.210 Thread 0x00000265a3c1ae70 Uncommon trap: reason=unstable_if action=reinterpret pc=0x000002654a20e17c method=sun.nio.ch.NioSocketImpl.implRead([BII)I @ 160 c2
Event: 1763.210 Thread 0x00000265a3c1ae70 DEOPT PACKING pc=0x000002654a20e17c sp=0x000000d8f76fe8c0
Event: 1763.211 Thread 0x00000265a3c1ae70 DEOPT UNPACKING pc=0x0000026548853aa2 sp=0x000000d8f76fe748 mode 2
Event: 1767.720 Thread 0x00000265a2d79c10 DEOPT PACKING pc=0x0000026542cdde1c sp=0x000000d8f60fefb0
Event: 1767.720 Thread 0x00000265a2d79c10 DEOPT UNPACKING pc=0x0000026548854242 sp=0x000000d8f60fe470 mode 0
Event: 1772.319 Thread 0x0000026597a792c0 DEOPT PACKING pc=0x0000026542cdde1c sp=0x000000d8f38ff030
Event: 1772.319 Thread 0x0000026597a792c0 DEOPT UNPACKING pc=0x0000026548854242 sp=0x000000d8f38fe4f0 mode 0

Classes loaded (20 events):
Event: 1760.316 Loading class java/util/TaskQueue
Event: 1760.316 Loading class java/util/TaskQueue done
Event: 1760.316 Loading class java/util/TimerThread
Event: 1760.317 Loading class java/util/TimerThread done
Event: 1760.317 Loading class java/util/Timer$ThreadReaper
Event: 1760.317 Loading class java/util/Timer$ThreadReaper done
Event: 1760.320 Loading class java/util/concurrent/CompletableFuture$UniWhenComplete
Event: 1760.321 Loading class java/util/concurrent/CompletableFuture$UniWhenComplete done
Event: 1760.321 Loading class java/util/concurrent/CompletableFuture$UniCompose
Event: 1760.321 Loading class java/util/concurrent/CompletableFuture$UniCompose done
Event: 1760.321 Loading class java/util/concurrent/CompletableFuture$UniRelay
Event: 1760.321 Loading class java/util/concurrent/CompletableFuture$UniRelay done
Event: 1761.122 Loading class java/util/concurrent/ScheduledThreadPoolExecutor$DelayedWorkQueue$Itr
Event: 1761.123 Loading class java/util/concurrent/ScheduledThreadPoolExecutor$DelayedWorkQueue$Itr done
Event: 1761.458 Loading class java/lang/ProcessHandleImpl$ExitCompletion
Event: 1761.459 Loading class java/lang/ProcessHandleImpl$ExitCompletion done
Event: 1761.459 Loading class java/lang/ProcessHandleImpl$1
Event: 1761.459 Loading class java/lang/ProcessHandleImpl$1 done
Event: 1761.460 Loading class java/util/concurrent/CompletableFuture$UniHandle
Event: 1761.460 Loading class java/util/concurrent/CompletableFuture$UniHandle done

Classes unloaded (20 events):
Event: 1549.470 Thread 0x00000265977f4ba0 Unloading class 0x00000265578d16f8 'org/apache/maven/shared/filtering/MavenReaderFilterRequest'
Event: 1549.470 Thread 0x00000265977f4ba0 Unloading class 0x00000265578d13e0 'org/apache/maven/shared/filtering/MavenFileFilterRequest'
Event: 1549.470 Thread 0x00000265977f4ba0 Unloading class 0x00000265578d11e0 'org/codehaus/plexus/interpolation/Interpolator'
Event: 1549.470 Thread 0x00000265977f4ba0 Unloading class 0x00000265578d0fe0 'org/codehaus/plexus/interpolation/BasicInterpolator'
Event: 1549.470 Thread 0x00000265977f4ba0 Unloading class 0x00000265578d0de0 'org/codehaus/plexus/interpolation/ValueSource'
Event: 1549.470 Thread 0x00000265977f4ba0 Unloading class 0x00000265578d0a18 'org/apache/maven/shared/filtering/MavenResourcesExecution'
Event: 1549.470 Thread 0x00000265977f4ba0 Unloading class 0x00000265578d0740 'org/apache/maven/shared/filtering/AbstractMavenFilteringRequest'
Event: 1549.470 Thread 0x00000265977f4ba0 Unloading class 0x00000265578d04e0 'org/apache/maven/shared/filtering/MavenFilteringException'
Event: 1549.470 Thread 0x00000265977f4ba0 Unloading class 0x00000265578d0290 'org/apache/maven/shared/filtering/DefaultMavenResourcesFiltering'
Event: 1549.470 Thread 0x00000265977f4ba0 Unloading class 0x00000265578cbe00 'org/apache/maven/shared/filtering/MavenResourcesFiltering'
Event: 1549.470 Thread 0x00000265977f4ba0 Unloading class 0x00000265578d0000 'org/apache/maven/shared/filtering/DefaultMavenReaderFilter'
Event: 1549.470 Thread 0x00000265977f4ba0 Unloading class 0x00000265578cbc00 'org/apache/maven/shared/filtering/MavenReaderFilter'
Event: 1549.470 Thread 0x00000265977f4ba0 Unloading class 0x00000265578cb960 'org/apache/maven/shared/filtering/DefaultMavenFileFilter'
Event: 1549.470 Thread 0x00000265977f4ba0 Unloading class 0x00000265578cb710 'org/apache/maven/shared/filtering/BaseFilter'
Event: 1549.470 Thread 0x00000265977f4ba0 Unloading class 0x00000265578cb510 'org/apache/maven/shared/filtering/MavenFileFilter'
Event: 1549.471 Thread 0x00000265977f4ba0 Unloading class 0x00000265578cb310 'org/apache/maven/shared/filtering/DefaultFilterInfo'
Event: 1549.471 Thread 0x00000265977f4ba0 Unloading class 0x00000265578cb000 'org/apache/maven/plugins/resources/TestResourcesMojo'
Event: 1549.471 Thread 0x00000265977f4ba0 Unloading class 0x00000265578ca400 'org/apache/maven/plugins/maven_resources_plugin/HelpMojo'
Event: 1549.471 Thread 0x00000265977f4ba0 Unloading class 0x00000265578cab10 'org/apache/maven/plugins/resources/CopyResourcesMojo'
Event: 1549.471 Thread 0x00000265977f4ba0 Unloading class 0x00000265578ca800 'org/apache/maven/plugins/resources/ResourcesMojo'

Classes redefined (0 events):
No events

Internal exceptions (20 events):
Event: 1659.854 Thread 0x000002659ee04b10 Exception <a 'sun/nio/fs/WindowsException'{0x00000000d591c178}> (0x00000000d591c178) 
thrown [s\src\hotspot\share\prims\jni.cpp, line 520]
Event: 1747.295 Thread 0x00000265a3775050 Exception <a 'sun/nio/fs/WindowsException'{0x00000000d597d9b0}> (0x00000000d597d9b0) 
thrown [s\src\hotspot\share\prims\jni.cpp, line 520]
Event: 1747.296 Thread 0x00000265a3775050 Exception <a 'sun/nio/fs/WindowsException'{0x00000000d597e730}> (0x00000000d597e730) 
thrown [s\src\hotspot\share\prims\jni.cpp, line 520]
Event: 1759.526 Thread 0x000002659e776350 Exception <a 'sun/nio/fs/WindowsException'{0x00000000d576dc40}> (0x00000000d576dc40) 
thrown [s\src\hotspot\share\prims\jni.cpp, line 520]
Event: 1759.526 Thread 0x000002659e776350 Exception <a 'sun/nio/fs/WindowsException'{0x00000000d576e778}> (0x00000000d576e778) 
thrown [s\src\hotspot\share\prims\jni.cpp, line 520]
Event: 1759.526 Thread 0x000002659e776350 Exception <a 'sun/nio/fs/WindowsException'{0x00000000d576fa30}> (0x00000000d576fa30) 
thrown [s\src\hotspot\share\prims\jni.cpp, line 520]
Event: 1759.527 Thread 0x000002659e776350 Exception <a 'sun/nio/fs/WindowsException'{0x00000000d5770568}> (0x00000000d5770568) 
thrown [s\src\hotspot\share\prims\jni.cpp, line 520]
Event: 1759.528 Thread 0x000002659e776350 Exception <a 'sun/nio/fs/WindowsException'{0x00000000d5772250}> (0x00000000d5772250) 
thrown [s\src\hotspot\share\prims\jni.cpp, line 520]
Event: 1759.529 Thread 0x000002659e776350 Exception <a 'sun/nio/fs/WindowsException'{0x00000000d5772d58}> (0x00000000d5772d58) 
thrown [s\src\hotspot\share\prims\jni.cpp, line 520]
Event: 1759.543 Thread 0x000002659e776350 Exception <a 'sun/nio/fs/WindowsException'{0x00000000d57922b8}> (0x00000000d57922b8) 
thrown [s\src\hotspot\share\prims\jni.cpp, line 520]
Event: 1759.543 Thread 0x000002659e776350 Exception <a 'sun/nio/fs/WindowsException'{0x00000000d5792df0}> (0x00000000d5792df0) 
thrown [s\src\hotspot\share\prims\jni.cpp, line 520]
Event: 1759.957 Thread 0x00000265a3c1ae70 Exception <a 'java/io/FileNotFoundException'{0x00000000d57bd340}> (0x00000000d57bd340) 
thrown [s\src\hotspot\share\prims\jni.cpp, line 520]
Event: 1760.217 Thread 0x00000265a3c1ae70 Exception <a 'java/lang/NoSuchMethodError'{0x00000000d5975410}: 'java.lang.Object java.lang.invoke.DirectMethodHandle$Holder.invokeVirtual(java.lang.Object, java.lang.Object, java.lang.Object, java.lang.Object)'> (0x00000000d5975410) 
thrown [s\src\hotspot\share\interpreter\linkResolver.cpp, line 773]
Event: 1760.263 Thread 0x000002659fead680 Exception <a 'java/lang/NoSuchMethodError'{0x00000000d5da3988}: 'java.lang.Object java.lang.invoke.DirectMethodHandle$Holder.invokeStatic(java.lang.Object, long, java.lang.Object, java.lang.Object)'> (0x00000000d5da3988) 
thrown [s\src\hotspot\share\interpreter\linkResolver.cpp, line 773]
Event: 1760.296 Thread 0x000002659fead680 Exception <a 'sun/nio/fs/WindowsException'{0x00000000d5e3d940}> (0x00000000d5e3d940) 
thrown [s\src\hotspot\share\prims\jni.cpp, line 520]
Event: 1760.296 Thread 0x000002659fead680 Exception <a 'sun/nio/fs/WindowsException'{0x00000000d5e3e940}> (0x00000000d5e3e940) 
thrown [s\src\hotspot\share\prims\jni.cpp, line 520]
Event: 1760.319 Thread 0x000002659fead680 Exception <a 'java/lang/NoSuchMethodError'{0x00000000d5ec76d8}: 'void java.lang.invoke.DirectMethodHandle$Holder.invokeStatic(java.lang.Object, java.lang.Object, java.lang.Object, java.lang.Object, java.lang.Object, java.lang.Object, java.lang.Object)'> (0x00000000d5ec76d8) 
thrown [s\src\hotspot\share\interpreter\linkResolver.cpp, line 773]
Event: 1761.337 Thread 0x000002659feae3a0 Exception <a 'java/lang/NoSuchMethodError'{0x00000000d5f070d0}: 'long java.lang.invoke.DelegatingMethodHandle$Holder.reinvoke_L(java.lang.Object, java.lang.Object)'> (0x00000000d5f070d0) 
thrown [s\src\hotspot\share\interpreter\linkResolver.cpp, line 773]
Event: 1761.338 Thread 0x000002659feae3a0 Exception <a 'java/lang/NoSuchMethodError'{0x00000000d5f10fb0}: 'void java.lang.invoke.DelegatingMethodHandle$Holder.reinvoke_L(java.lang.Object, java.lang.Object, long)'> (0x00000000d5f10fb0) 
thrown [s\src\hotspot\share\interpreter\linkResolver.cpp, line 773]
Event: 1761.461 Thread 0x000002659feae3a0 Exception <a 'java/lang/NoSuchMethodError'{0x00000000d5ff61e0}: 'long java.lang.invoke.Invokers$Holder.invokeExact_MT(java.lang.Object, java.lang.Object, java.lang.Object)'> (0x00000000d5ff61e0) 
thrown [s\src\hotspot\share\interpreter\linkResolver.cpp, line 773]

ZGC Phase Switch (0 events):
No events

VM Operations (20 events):
Event: 1760.192 Executing non-safepoint VM operation: HandshakeAllThreads (Deoptimize)
Event: 1760.193 Executing non-safepoint VM operation: HandshakeAllThreads (Deoptimize) done
Event: 1760.308 Executing non-safepoint VM operation: HandshakeAllThreads (Deoptimize)
Event: 1760.308 Executing non-safepoint VM operation: HandshakeAllThreads (Deoptimize) done
Event: 1760.314 Executing non-safepoint VM operation: HandshakeAllThreads (Deoptimize)
Event: 1760.314 Executing non-safepoint VM operation: HandshakeAllThreads (Deoptimize) done
Event: 1761.317 Executing safepoint VM operation: Cleanup
Event: 1761.317 Executing safepoint VM operation: Cleanup done
Event: 1762.323 Executing safepoint VM operation: Cleanup
Event: 1762.323 Executing safepoint VM operation: Cleanup done
Event: 1763.329 Executing safepoint VM operation: Cleanup
Event: 1763.329 Executing safepoint VM operation: Cleanup done
Event: 1803.347 Executing non-safepoint VM operation: HandshakeAllThreads (HandshakeForDeflation)
Event: 1803.347 Executing non-safepoint VM operation: HandshakeAllThreads (HandshakeForDeflation) done
Event: 1803.347 Executing non-safepoint VM operation: RendezvousGCThreads
Event: 1803.347 Executing non-safepoint VM operation: RendezvousGCThreads done
Event: 1804.353 Executing safepoint VM operation: Cleanup
Event: 1804.353 Executing safepoint VM operation: Cleanup done
Event: 1805.354 Executing safepoint VM operation: Cleanup
Event: 1805.354 Executing safepoint VM operation: Cleanup done

Memory protections (0 events):
No events

Nmethod flushes (20 events):
Event: 1550.094 Thread 0x00000265977f4ba0 flushing  nmethod 0x0000026543b31210
Event: 1550.094 Thread 0x00000265977f4ba0 flushing  nmethod 0x0000026543b34410
Event: 1550.094 Thread 0x00000265977f4ba0 flushing  nmethod 0x0000026543b9c710
Event: 1550.094 Thread 0x00000265977f4ba0 flushing  nmethod 0x0000026543baeb90
Event: 1550.094 Thread 0x00000265977f4ba0 flushing  nmethod 0x0000026543bb0110
Event: 1550.094 Thread 0x00000265977f4ba0 flushing  nmethod 0x0000026543bbc290
Event: 1550.094 Thread 0x00000265977f4ba0 flushing  nmethod 0x0000026543bbc990
Event: 1550.094 Thread 0x00000265977f4ba0 flushing  nmethod 0x0000026543bbe710
Event: 1550.094 Thread 0x00000265977f4ba0 flushing  nmethod 0x0000026543bcb810
Event: 1550.094 Thread 0x00000265977f4ba0 flushing  nmethod 0x0000026543bcbc10
Event: 1550.094 Thread 0x00000265977f4ba0 flushing  nmethod 0x0000026543bced10
Event: 1550.094 Thread 0x00000265977f4ba0 flushing  nmethod 0x0000026543bd3c10
Event: 1550.094 Thread 0x00000265977f4ba0 flushing  nmethod 0x0000026543bd5090
Event: 1550.094 Thread 0x00000265977f4ba0 flushing  nmethod 0x0000026543be2310
Event: 1550.094 Thread 0x00000265977f4ba0 flushing  nmethod 0x0000026543be8610
Event: 1550.094 Thread 0x00000265977f4ba0 flushing  nmethod 0x0000026543be8d10
Event: 1550.094 Thread 0x00000265977f4ba0 flushing  nmethod 0x0000026543be9b90
Event: 1550.094 Thread 0x00000265977f4ba0 flushing  nmethod 0x0000026543be9f90
Event: 1550.094 Thread 0x00000265977f4ba0 flushing  nmethod 0x0000026543bea510
Event: 1550.094 Thread 0x00000265977f4ba0 flushing  nmethod 0x0000026543bf4b10

Events (20 events):
Event: 1759.740 Thread 0x0000026597818a20 Thread added: 0x00000265a27f1d70
Event: 1759.740 Thread 0x0000026597818a20 Thread added: 0x00000265a27efb60
Event: 1759.741 Thread 0x0000026597818a20 Thread added: 0x00000265a27f0230
Event: 1759.853 Thread 0x000002659e776350 Thread added: 0x00000265a3c19430
Event: 1759.860 Thread 0x00000265a3c19430 Thread added: 0x00000265a3c1ae70
Event: 1760.118 Thread 0x00000265a3c1ae70 Thread added: 0x00000265a3c1dc60
Event: 1760.124 Thread 0x00000265a3c1ae70 Thread added: 0x00000265a3c1bb90
Event: 1760.258 Thread 0x00000265a3c1ae70 Thread added: 0x000002659fead680
Event: 1760.317 Thread 0x000002659fead680 Thread added: 0x000002659feadd10
Event: 1761.334 Thread 0x00000265a3c1ae70 Thread added: 0x000002659feae3a0
Event: 1761.334 Thread 0x00000265a27efb60 Thread exited: 0x00000265a27efb60
Event: 1761.334 Thread 0x00000265a27f0230 Thread exited: 0x00000265a27f0230
Event: 1761.334 Thread 0x000002659feadd10 Thread exited: 0x000002659feadd10
Event: 1761.460 Thread 0x000002659feae3a0 Thread added: 0x000002659feaea30
Event: 1761.463 Thread 0x000002659feae3a0 Thread exited: 0x000002659feae3a0
Event: 1763.174 Thread 0x00000265a27f1d70 Thread exited: 0x00000265a27f1d70
Event: 1763.211 Thread 0x000002659fead680 Thread exited: 0x000002659fead680
Event: 1763.213 Thread 0x0000026597818a20 Thread added: 0x00000265a27f1d70
Event: 1768.346 Thread 0x00000265a27f1d70 Thread exited: 0x00000265a27f1d70
Event: 1793.221 Thread 0x00000265a3c1ae70 Thread exited: 0x00000265a3c1ae70


Dynamic libraries:
0x00007ff724ee0000 - 0x00007ff724eee000 	c:\Users\ASUS\.vscode\extensions\redhat.java-1.53.0-win32-x64\jre\21.0.10-win32-x86_64\bin\java.exe
0x00007ffe77220000 - 0x00007ffe77489000 	C:\WINDOWS\SYSTEM32\ntdll.dll
0x00007ffe75fa0000 - 0x00007ffe76069000 	C:\WINDOWS\System32\KERNEL32.DLL
0x00007ffe74bc0000 - 0x00007ffe74fb3000 	C:\WINDOWS\System32\KERNELBASE.dll
0x00007ffe74670000 - 0x00007ffe747bb000 	C:\WINDOWS\System32\ucrtbase.dll
0x00007ffe4e830000 - 0x00007ffe4e84e000 	c:\Users\ASUS\.vscode\extensions\redhat.java-1.53.0-win32-x64\jre\21.0.10-win32-x86_64\bin\VCRUNTIME140.dll
0x00007ffe42cf0000 - 0x00007ffe42d08000 	c:\Users\ASUS\.vscode\extensions\redhat.java-1.53.0-win32-x64\jre\21.0.10-win32-x86_64\bin\jli.dll
0x00007ffe75dd0000 - 0x00007ffe75f94000 	C:\WINDOWS\System32\USER32.dll
0x00007ffe5a7e0000 - 0x00007ffe5aa73000 	C:\WINDOWS\WinSxS\amd64_microsoft.windows.common-controls_6595b64144ccf1df_6.0.26100.5074_none_3e0d6f78e32fd63f\COMCTL32.dll
0x00007ffe749a0000 - 0x00007ffe749c7000 	C:\WINDOWS\System32\win32u.dll
0x00007ffe76eb0000 - 0x00007ffe76f59000 	C:\WINDOWS\System32\msvcrt.dll
0x00007ffe76f60000 - 0x00007ffe76f8b000 	C:\WINDOWS\System32\GDI32.dll
0x00007ffe74a90000 - 0x00007ffe74bbd000 	C:\WINDOWS\System32\gdi32full.dll
0x00007ffe747c0000 - 0x00007ffe74863000 	C:\WINDOWS\System32\msvcp_win.dll
0x00007ffe76220000 - 0x00007ffe7624f000 	C:\WINDOWS\System32\IMM32.DLL
0x00007ffe42ce0000 - 0x00007ffe42cec000 	c:\Users\ASUS\.vscode\extensions\redhat.java-1.53.0-win32-x64\jre\21.0.10-win32-x86_64\bin\vcruntime140_1.dll
0x00007ffe42c50000 - 0x00007ffe42cdd000 	c:\Users\ASUS\.vscode\extensions\redhat.java-1.53.0-win32-x64\jre\21.0.10-win32-x86_64\bin\msvcp140.dll
0x00007ffd9fe70000 - 0x00007ffda0c11000 	c:\Users\ASUS\.vscode\extensions\redhat.java-1.53.0-win32-x64\jre\21.0.10-win32-x86_64\bin\server\jvm.dll
0x00007ffe76df0000 - 0x00007ffe76ea4000 	C:\WINDOWS\System32\ADVAPI32.dll
0x00007ffe76f90000 - 0x00007ffe77036000 	C:\WINDOWS\System32\sechost.dll
0x00007ffe74fc0000 - 0x00007ffe750d8000 	C:\WINDOWS\System32\RPCRT4.dll
0x00007ffe75d50000 - 0x00007ffe75dc4000 	C:\WINDOWS\System32\WS2_32.dll
0x00007ffe741e0000 - 0x00007ffe7423e000 	C:\WINDOWS\SYSTEM32\POWRPROF.dll
0x00007ffe67960000 - 0x00007ffe67995000 	C:\WINDOWS\SYSTEM32\WINMM.dll
0x00007ffe6ddd0000 - 0x00007ffe6dddb000 	C:\WINDOWS\SYSTEM32\VERSION.dll
0x00007ffe741c0000 - 0x00007ffe741d4000 	C:\WINDOWS\SYSTEM32\UMPDC.dll
0x00007ffe73120000 - 0x00007ffe7313b000 	C:\WINDOWS\SYSTEM32\kernel.appcore.dll
0x00007ffe42c40000 - 0x00007ffe42c4a000 	c:\Users\ASUS\.vscode\extensions\redhat.java-1.53.0-win32-x64\jre\21.0.10-win32-x86_64\bin\jimage.dll
0x00007ffe65f80000 - 0x00007ffe661c2000 	C:\WINDOWS\SYSTEM32\DBGHELP.DLL
0x00007ffe75170000 - 0x00007ffe754eb000 	C:\WINDOWS\System32\combase.dll
0x00007ffe75580000 - 0x00007ffe75657000 	C:\WINDOWS\System32\OLEAUT32.dll
0x00007ffe60290000 - 0x00007ffe602cd000 	C:\WINDOWS\SYSTEM32\dbgcore.DLL
0x00007ffe74900000 - 0x00007ffe74999000 	C:\WINDOWS\System32\bcryptPrimitives.dll
0x00007ffe42c30000 - 0x00007ffe42c3f000 	c:\Users\ASUS\.vscode\extensions\redhat.java-1.53.0-win32-x64\jre\21.0.10-win32-x86_64\bin\instrument.dll
0x00007ffe42bd0000 - 0x00007ffe42bf0000 	c:\Users\ASUS\.vscode\extensions\redhat.java-1.53.0-win32-x64\jre\21.0.10-win32-x86_64\bin\java.dll
0x00007ffe76530000 - 0x00007ffe76c7d000 	C:\WINDOWS\System32\SHELL32.dll
0x00007ffe74380000 - 0x00007ffe744ec000 	C:\WINDOWS\System32\wintypes.dll
0x00007ffe71f90000 - 0x00007ffe727e9000 	C:\WINDOWS\SYSTEM32\windows.storage.dll
0x00007ffe75bf0000 - 0x00007ffe75ce0000 	C:\WINDOWS\System32\SHCORE.dll
0x00007ffe76440000 - 0x00007ffe764a2000 	C:\WINDOWS\System32\shlwapi.dll
0x00007ffe742a0000 - 0x00007ffe742c9000 	C:\WINDOWS\SYSTEM32\profapi.dll
0x00007ffe406b0000 - 0x00007ffe406c8000 	c:\Users\ASUS\.vscode\extensions\redhat.java-1.53.0-win32-x64\jre\21.0.10-win32-x86_64\bin\zip.dll
0x00007ffe408a0000 - 0x00007ffe408b0000 	C:\Users\ASUS\.vscode\extensions\redhat.java-1.53.0-win32-x64\jre\21.0.10-win32-x86_64\bin\net.dll
0x00007ffe6e4f0000 - 0x00007ffe6e60f000 	C:\WINDOWS\SYSTEM32\WINHTTP.dll
0x00007ffe73680000 - 0x00007ffe736eb000 	C:\WINDOWS\system32\mswsock.dll
0x00007ffdf9090000 - 0x00007ffdf90a6000 	C:\Users\ASUS\.vscode\extensions\redhat.java-1.53.0-win32-x64\jre\21.0.10-win32-x86_64\bin\nio.dll
0x00007ffe406a0000 - 0x00007ffe406b0000 	c:\Users\ASUS\.vscode\extensions\redhat.java-1.53.0-win32-x64\jre\21.0.10-win32-x86_64\bin\verify.dll
0x00007ffdeb140000 - 0x00007ffdeb185000 	C:\Users\ASUS\AppData\Roaming\Code\User\globalStorage\redhat.java\1.53.0\config_win\org.eclipse.equinox.launcher\org.eclipse.equinox.launcher.win32.win32.x86_64_1.3.0.v20260203-2149\eclipse_11919.dll
0x00007ffe76070000 - 0x00007ffe76208000 	C:\WINDOWS\System32\ole32.dll
0x00007ffe40580000 - 0x00007ffe4058a000 	C:\Users\ASUS\.vscode\extensions\redhat.java-1.53.0-win32-x64\jre\21.0.10-win32-x86_64\bin\management.dll
0x00007ffe40330000 - 0x00007ffe4033c000 	C:\Users\ASUS\.vscode\extensions\redhat.java-1.53.0-win32-x64\jre\21.0.10-win32-x86_64\bin\management_ext.dll
0x00007ffe75d40000 - 0x00007ffe75d48000 	C:\WINDOWS\System32\PSAPI.DLL
0x00007ffe73a50000 - 0x00007ffe73a6b000 	C:\WINDOWS\SYSTEM32\CRYPTSP.dll
0x00007ffe73080000 - 0x00007ffe730bb000 	C:\WINDOWS\system32\rsaenh.dll
0x00007ffe73720000 - 0x00007ffe7374b000 	C:\WINDOWS\SYSTEM32\USERENV.dll
0x00007ffe74270000 - 0x00007ffe74296000 	C:\WINDOWS\SYSTEM32\bcrypt.dll
0x00007ffe738b0000 - 0x00007ffe738bc000 	C:\WINDOWS\SYSTEM32\CRYPTBASE.dll
0x00007ffe72b60000 - 0x00007ffe72b94000 	C:\WINDOWS\SYSTEM32\IPHLPAPI.DLL
0x00007ffe76210000 - 0x00007ffe7621a000 	C:\WINDOWS\System32\NSI.dll
0x00007ffdd5b20000 - 0x00007ffdd5b69000 	C:\Users\ASUS\AppData\Local\Temp\jna-2018896\jna16802640867374498425.dll
0x00007ffe6edd0000 - 0x00007ffe6edee000 	C:\WINDOWS\SYSTEM32\dhcpcsvc6.DLL
0x00007ffe6ebe0000 - 0x00007ffe6ec03000 	C:\WINDOWS\SYSTEM32\dhcpcsvc.DLL
0x00007ffdf9170000 - 0x00007ffdf917e000 	C:\Users\ASUS\.vscode\extensions\redhat.java-1.53.0-win32-x64\jre\21.0.10-win32-x86_64\bin\sunmscapi.dll
0x00007ffe744f0000 - 0x00007ffe74667000 	C:\WINDOWS\System32\CRYPT32.dll
0x00007ffe73ba0000 - 0x00007ffe73bd0000 	C:\WINDOWS\SYSTEM32\ncrypt.dll
0x00007ffe73b50000 - 0x00007ffe73b8f000 	C:\WINDOWS\SYSTEM32\NTASN1.dll
0x00007ffe72c00000 - 0x00007ffe72d26000 	C:\WINDOWS\SYSTEM32\DNSAPI.dll
0x00007ffe6d250000 - 0x00007ffe6d25b000 	C:\Windows\System32\rasadhlp.dll
0x00007ffe6ef00000 - 0x00007ffe6ef86000 	C:\WINDOWS\System32\fwpuclnt.dll
0x00007ffdf9080000 - 0x00007ffdf9089000 	C:\Users\ASUS\.vscode\extensions\redhat.java-1.53.0-win32-x64\jre\21.0.10-win32-x86_64\bin\extnet.dll

JVMTI agents:
c:\Users\ASUS\.vscode\extensions\redhat.java-1.53.0-win32-x64\lombok\lombok-1.18.39-4050.jar path:c:\Users\ASUS\.vscode\extensions\redhat.java-1.53.0-win32-x64\jre\21.0.10-win32-x86_64\bin\instrument.dll, loaded, initialized, instrumentlib options:none

dbghelp: loaded successfully - version: 4.0.5 - missing functions: none
symbol engine: initialized successfully - sym options: 0x614 - pdb path: .;c:\Users\ASUS\.vscode\extensions\redhat.java-1.53.0-win32-x64\jre\21.0.10-win32-x86_64\bin;C:\WINDOWS\SYSTEM32;C:\WINDOWS\WinSxS\amd64_microsoft.windows.common-controls_6595b64144ccf1df_6.0.26100.5074_none_3e0d6f78e32fd63f;c:\Users\ASUS\.vscode\extensions\redhat.java-1.53.0-win32-x64\jre\21.0.10-win32-x86_64\bin\server;C:\Users\ASUS\AppData\Roaming\Code\User\globalStorage\redhat.java\1.53.0\config_win\org.eclipse.equinox.launcher\org.eclipse.equinox.launcher.win32.win32.x86_64_1.3.0.v20260203-2149;C:\Users\ASUS\AppData\Local\Temp\jna-2018896

VM Arguments:
jvm_args: --add-modules=ALL-SYSTEM --add-opens=java.base/java.util=ALL-UNNAMED --add-opens=java.base/java.lang=ALL-UNNAMED --add-opens=java.base/sun.nio.fs=ALL-UNNAMED -Declipse.application=org.eclipse.jdt.ls.core.id1 -Dosgi.bundles.defaultStartLevel=4 -Declipse.product=org.eclipse.jdt.ls.core.product -Djava.import.generatesMetadataFilesAtProjectRoot=false -DDetectVMInstallationsJob.disabled=true -Dfile.encoding=utf8 -XX:+UseParallelGC -XX:GCTimeRatio=4 -XX:AdaptiveSizePolicyWeight=90 -Dsun.zip.disableMemoryMapping=true -Xmx2G -Xms100m -Xlog:disable -javaagent:c:\Users\ASUS\.vscode\extensions\redhat.java-1.53.0-win32-x64\lombok\lombok-1.18.39-4050.jar -XX:+HeapDumpOnOutOfMemoryError -XX:HeapDumpPath=c:\Users\ASUS\AppData\Roaming\Code\User\workspaceStorage\072664e477a3092332c4219defd89c4c\redhat.java -Daether.dependencyCollector.impl=bf 
java_command: c:\Users\ASUS\.vscode\extensions\redhat.java-1.53.0-win32-x64\server\plugins\org.eclipse.equinox.launcher_1.7.100.v20251111-0406.jar -configuration c:\Users\ASUS\AppData\Roaming\Code\User\globalStorage\redhat.java\1.53.0\config_win -data c:\Users\ASUS\AppData\Roaming\Code\User\workspaceStorage\072664e477a3092332c4219defd89c4c\redhat.java\jdt_ws --pipe=\\.\pipe\lsp-478ff6fa144f155165d4ff09fb613984-sock
java_class_path (initial): c:\Users\ASUS\.vscode\extensions\redhat.java-1.53.0-win32-x64\server\plugins\org.eclipse.equinox.launcher_1.7.100.v20251111-0406.jar
Launcher Type: SUN_STANDARD

[Global flags]
    uintx AdaptiveSizePolicyWeight                 = 90                                        {product} {command line}
     intx CICompilerCount                          = 12                                        {product} {ergonomic}
    uintx GCTimeRatio                              = 4                                         {product} {command line}
     bool HeapDumpOnOutOfMemoryError               = true                                   {manageable} {command line}
    ccstr HeapDumpPath                             = c:\Users\ASUS\AppData\Roaming\Code\User\workspaceStorage\072664e477a3092332c4219defd89c4c\redhat.java         {manageable} {command line}
   size_t InitialHeapSize                          = 104857600                                 {product} {command line}
   size_t MaxHeapSize                              = 2147483648                                {product} {command line}
   size_t MaxNewSize                               = 715653120                                 {product} {ergonomic}
   size_t MinHeapDeltaBytes                        = 524288                                    {product} {ergonomic}
   size_t MinHeapSize                              = 104857600                                 {product} {command line}
   size_t NewSize                                  = 34603008                                  {product} {ergonomic}
    uintx NonNMethodCodeHeapSize                   = 7602480                                {pd product} {ergonomic}
    uintx NonProfiledCodeHeapSize                  = 122027880                              {pd product} {ergonomic}
   size_t OldSize                                  = 70254592                                  {product} {ergonomic}
    uintx ProfiledCodeHeapSize                     = 122027880                              {pd product} {ergonomic}
    uintx ReservedCodeCacheSize                    = 251658240                              {pd product} {ergonomic}
     bool SegmentedCodeCache                       = true                                      {product} {ergonomic}
   size_t SoftMaxHeapSize                          = 2147483648                             {manageable} {ergonomic}
     bool UseCompressedOops                        = true                           {product lp64_product} {ergonomic}
     bool UseLargePagesIndividualAllocation        = false                                  {pd product} {ergonomic}
     bool UseParallelGC                            = true                                      {product} {command line}

Logging:
Log output configuration:
 #0: stdout all=off uptime,level,tags foldmultilines=false
 #1: stderr all=off uptime,level,tags foldmultilines=false

Release file:
JAVA_VERSION="21.0.10" 
MODULES="java.base java.compiler java.datatransfer java.xml java.prefs java.desktop java.instrument java.logging java.management java.security.sasl java.naming java.rmi java.management.rmi java.net.http java.scripting java.security.jgss java.transaction.xa java.sql java.sql.rowset java.xml.crypto java.se java.smartcardio jdk.accessibility jdk.internal.jvmstat jdk.attach jdk.charsets jdk.internal.opt jdk.zipfs jdk.compiler jdk.crypto.ec jdk.crypto.cryptoki jdk.crypto.mscapi jdk.dynalink jdk.internal.ed jdk.editpad jdk.hotspot.agent jdk.httpserver jdk.internal.le jdk.internal.vm.ci jdk.internal.vm.compiler jdk.internal.vm.compiler.management jdk.jartool jdk.javadoc jdk.jcmd jdk.management jdk.management.agent jdk.jconsole jdk.jdeps jdk.jdwp.agent jdk.jdi jdk.jfr jdk.jshell jdk.jsobject jdk.jstatd jdk.localedata jdk.management.jfr jdk.naming.dns jdk.naming.rmi jdk.net jdk.nio.mapmode jdk.random jdk.sctp jdk.security.auth jdk.security.jgss jdk.unsupported jdk.unsupported.desktop jdk.xml.dom" 

Environment Variables:
PATH=C:\Visaul Studio\Microsoft VS Code;C:\Program Files\Java\jdk-25\bin;C:\Program Files\Python313\Scripts\;C:\Program Files\Python313\;C:\Program Files (x86)\VMware\VMware Workstation\bin\;C:\WINDOWS\system32;C:\WINDOWS;C:\WINDOWS\System32\Wbem;C:\WINDOWS\System32\WindowsPowerShell\v1.0\;C:\WINDOWS\System32\OpenSSH\;C:\Program Files\NVIDIA Corporation\NVIDIA App\NvDLISR;C:\Program Files (x86)\NVIDIA Corporation\PhysX\Common;C:\Program Files\dotnet\;C:\php-8.4.7;C:\ProgramData\ComposerSetup\bin;C:\Program Files\nodejs\;C:\Program Files\Git\cmd;C:\Program Files\MongoDB\Server\8.2\bin;C:\Program Files\Java\jdk-25\;;C:\ProgramData\chocolatey\bin;C:\Program Files\Microsoft SQL Server\150\Tools\Binn\;C:\Program Files\Microsoft SQL Server\Client SDK\ODBC\170\Tools\Binn\;C:\Program Files\Microsoft SQL Server\170\DTS\Binn\;C:\Program Files\Docker\Docker\resources\bin;c:\Users\ASUS\AppData\Local\Programs\cursor\resources\app\codeBin;C:\Program Files\Java\jdk-25\bin;C:\Users\ASUS\AppData\Local\Microsoft\WindowsApps;C:\Visaul Studio\Microsoft VS Code\bin;C:\Users\ASUS\AppData\Local\Programs\Azure Data Studio\bin;C:\Program Files\Azure Data Studio\bin;C:\Users\ASUS\AppData\Local\GitHubDesktop\bin;C:\Users\ASUS\AppData\Roaming\Composer\vendor\bin;C:\Users\ASUS\AppData\Roaming\npm;C:\Program Files\mongosh\;C:\Program Files\IntelliJ IDEA 2025.2.3\bin;C:\Program Files\JetBrains\WebStorm 2025.2.3\bin;C:\Program Files (x86)\Microsoft Visual Studio\Shared\NuGetPackages\microsoft.visualstudio.javascript.sdk;C:\Program Files\Java\jdk-25\;C:\Users\ASUS\.dotnet\tools;C:\Users\ASUS\AppData\Local\Microsoft\WinGet\Links;C:\Users\ASUS\AppData\Local\Programs\Antigravity\bin;C:\Users\ASUS\AppData\Local\Programs\cursor\resources\app\bin
USERNAME=ASUS
OS=Windows_NT
PROCESSOR_IDENTIFIER=AMD64 Family 25 Model 68 Stepping 1, AuthenticAMD
TMP=C:\Users\ASUS\AppData\Local\Temp
TEMP=C:\Users\ASUS\AppData\Local\Temp




Periodic native trim disabled

---------------  S Y S T E M  ---------------

OS:
 Windows 11 , 64 bit Build 26100 (10.0.26100.5074)
OS uptime: 0 days 0:47 hours
Hyper-V role detected

CPU: total 16 (initial active 16) (16 cores per cpu, 2 threads per core) family 25 model 68 stepping 1 microcode 0xa404107, cx8, cmov, fxsr, ht, mmx, 3dnowpref, sse, sse2, sse3, ssse3, sse4a, sse4.1, sse4.2, popcnt, lzcnt, tsc, tscinvbit, avx, avx2, aes, erms, clmul, bmi1, bmi2, adx, sha, fma, vzeroupper, clflush, clflushopt, hv, rdtscp, rdpid, fsrm, f16c, cet_ss
Processor Information for the first 16 processors :
  Max Mhz: 3100, Current Mhz: 3100, Mhz Limit: 3100

Memory: 4k page, system-wide physical 8010M (388M free)
TotalPageFile size 24394M (AvailPageFile size 1M)
current process WorkingSet (physical memory assigned to process): 53M, peak: 1107M
current process commit charge ("private bytes"): 1452M, peak: 1830M

vm_info: OpenJDK 64-Bit Server VM (21.0.10+7-LTS) for windows-amd64 JRE (21.0.10+7-LTS), built on 2026-01-20T00:00:00Z by "admin" with MS VC++ 17.12 (VS2022)

END.
