#
# There is insufficient memory for the Java Runtime Environment to continue.
# Native memory allocation (malloc) failed to allocate 1047392 bytes. Error detail: Chunk::new
# Possible reasons:
#   The system is out of physical RAM or swap space
#   This process is running with CompressedOops enabled, and the Java Heap may be blocking the growth of the native heap
# Possible solutions:
#   Reduce memory load on the system
#   Increase physical memory or swap space
#   Check if swap backing store is full
#   Decrease Java heap size (-Xmx/-Xms)
#   Decrease number of Java threads
#   Decrease Java thread stack sizes (-Xss)
#   Set larger code cache with -XX:ReservedCodeCacheSize=
#   JVM is running with Unscaled Compressed Oops mode in which the Java heap is
#     placed in the first 4GB address space. The Java Heap base address is the
#     maximum limit for the native heap growth. Please use -XX:HeapBaseMinAddress
#     to set the Java Heap base and to place the Java Heap above 4GB virtual address.
# This output file may be truncated or incomplete.
#
#  Out of Memory Error (arena.cpp:168), pid=26552, tid=13612
#
# JRE version: OpenJDK Runtime Environment Temurin-21.0.10+7 (21.0.10+7) (build 21.0.10+7-LTS)
# Java VM: OpenJDK 64-Bit Server VM Temurin-21.0.10+7 (21.0.10+7-LTS, mixed mode, sharing, tiered, compressed oops, compressed class ptrs, parallel gc, windows-amd64)
# No core dump will be written. Minidumps are not enabled by default on client versions of Windows
#

---------------  S U M M A R Y ------------

Command Line: --add-modules=ALL-SYSTEM --add-opens=java.base/java.util=ALL-UNNAMED --add-opens=java.base/java.lang=ALL-UNNAMED --add-opens=java.base/sun.nio.fs=ALL-UNNAMED -Declipse.application=org.eclipse.jdt.ls.core.id1 -Dosgi.bundles.defaultStartLevel=4 -Declipse.product=org.eclipse.jdt.ls.core.product -Djava.import.generatesMetadataFilesAtProjectRoot=false -DDetectVMInstallationsJob.disabled=true -Dfile.encoding=utf8 -XX:+UseParallelGC -XX:GCTimeRatio=4 -XX:AdaptiveSizePolicyWeight=90 -Dsun.zip.disableMemoryMapping=true -Xmx2G -Xms100m -Xlog:disable -javaagent:c:\Users\ASUS\.antigravity\extensions\redhat.java-1.53.0-win32-x64\lombok\lombok-1.18.39-4050.jar -XX:+HeapDumpOnOutOfMemoryError -XX:HeapDumpPath=c:\Users\ASUS\AppData\Roaming\Antigravity\User\workspaceStorage\072664e477a3092332c4219defd89c4c\redhat.java -Daether.dependencyCollector.impl=bf c:\Users\ASUS\.antigravity\extensions\redhat.java-1.53.0-win32-x64\server\plugins\org.eclipse.equinox.launcher_1.7.100.v20251111-0406.jar -configuration c:\Users\ASUS\AppData\Roaming\Antigravity\User\globalStorage\redhat.java\1.53.0\config_win -data c:\Users\ASUS\AppData\Roaming\Antigravity\User\workspaceStorage\072664e477a3092332c4219defd89c4c\redhat.java\jdt_ws --pipe=\\.\pipe\lsp-5c23570f3e173898c2358dd80d3e44d0-sock

Host: AMD Ryzen 7 7435HS                             , 16 cores, 7G,  Windows 11 , 64 bit Build 26100 (10.0.26100.5074)
Time: Mon Mar 30 17:52:01 2026 SE Asia Standard Time elapsed time: 874.854218 seconds (0d 0h 14m 34s)

---------------  T H R E A D  ---------------

Current thread (0x0000010fe9205c90):  JavaThread "C2 CompilerThread1" daemon [_thread_in_native, id=13612, stack(0x0000000e29a00000,0x0000000e29b00000) (1024K)]


Current CompileTask:
C2:874854 23378       4       org.eclipse.jdt.internal.compiler.lookup.BoundSet::incorporate (1350 bytes)

Stack: [0x0000000e29a00000,0x0000000e29b00000]
Native frames: (J=compiled Java code, j=interpreted, Vv=VM code, C=native code)
V  [jvm.dll+0x6d7a39]
V  [jvm.dll+0x8b4b26]
V  [jvm.dll+0x8b70de]
V  [jvm.dll+0x8b77c3]
V  [jvm.dll+0x284346]
V  [jvm.dll+0xc66ed]
V  [jvm.dll+0xc6c31]
V  [jvm.dll+0x3bec3b]
V  [jvm.dll+0x1e3d62]
V  [jvm.dll+0x24c6b3]
V  [jvm.dll+0x24bb40]
V  [jvm.dll+0x1cb34e]
V  [jvm.dll+0x25b85d]
V  [jvm.dll+0x259dea]
V  [jvm.dll+0x3f857e]
V  [jvm.dll+0x85f59d]
V  [jvm.dll+0x6d626d]
C  [ucrtbase.dll+0x37b0]
C  [KERNEL32.DLL+0x2e8d7]
C  [ntdll.dll+0x8d9c]


---------------  P R O C E S S  ---------------

Threads class SMR info:
_java_thread_list=0x0000010feaeed220, length=70, elements={
0x0000010f85d69460, 0x0000010f881fde10, 0x0000010f882f32f0, 0x0000010f882f5800,
0x0000010f882f6810, 0x0000010f882fa7e0, 0x0000010f88304320, 0x0000010f8830c540,
0x0000010fe10aed70, 0x0000010fe12cf950, 0x0000010fe12cffe0, 0x0000010fe12d0670,
0x0000010fe12d0d00, 0x0000010fe12d2dd0, 0x0000010fe12d2740, 0x0000010fe12d1a20,
0x0000010fe12d1390, 0x0000010fe12d20b0, 0x0000010fe7d3ae40, 0x0000010fe7d3a7b0,
0x0000010fe7d39a90, 0x0000010fe7d38050, 0x0000010fe7d386e0, 0x0000010fe7d39400,
0x0000010fe7d3d5a0, 0x0000010fe7d3a120, 0x0000010fe7d3c1f0, 0x0000010fe7d3c880,
0x0000010fe7d3efe0, 0x0000010fe7d3cf10, 0x0000010fe7d3dc30, 0x0000010fe7d3e950,
0x0000010fe7d3e2c0, 0x0000010feb9e05f0, 0x0000010feb9e33e0, 0x0000010feb9e2030,
0x0000010feb9e26c0, 0x0000010feb9e2d50, 0x0000010feb9e19a0, 0x0000010feb9dff60,
0x0000010feb9e4100, 0x0000010feb9e0c80, 0x0000010feb9e4790, 0x0000010fea2b0ec0,
0x0000010fea2b2270, 0x0000010fea2b6410, 0x0000010fea2b77c0, 0x0000010fea2b7e50,
0x0000010fea2b2900, 0x0000010fea2b2f90, 0x0000010fea2b3620, 0x0000010fea2b5d80,
0x0000010fea2b3cb0, 0x0000010fe7d3bb60, 0x0000010fed1b4ce0, 0x0000010fed1b4650,
0x0000010fed1b2580, 0x0000010fed1b3fc0, 0x0000010fed1b3930, 0x0000010fed1b1ef0,
0x0000010fed1b8e80, 0x0000010feb9e3a70, 0x0000010feb9c2550, 0x0000010feb9c4620,
0x0000010feb9c3f90, 0x0000010feb9c1830, 0x0000010feb9c2be0, 0x0000010feb9c3270,
0x0000010feb9c6060, 0x0000010fe9205c90
}

Java Threads: ( => current thread )
  0x0000010f85d69460 JavaThread "main"                              [_thread_blocked, id=16348, stack(0x0000000e29d00000,0x0000000e29e00000) (1024K)]
  0x0000010f881fde10 JavaThread "Reference Handler"          daemon [_thread_blocked, id=8576, stack(0x0000000e2a100000,0x0000000e2a200000) (1024K)]
  0x0000010f882f32f0 JavaThread "Finalizer"                  daemon [_thread_blocked, id=17812, stack(0x0000000e2a200000,0x0000000e2a300000) (1024K)]
  0x0000010f882f5800 JavaThread "Signal Dispatcher"          daemon [_thread_blocked, id=19764, stack(0x0000000e2a300000,0x0000000e2a400000) (1024K)]
  0x0000010f882f6810 JavaThread "Attach Listener"            daemon [_thread_blocked, id=25368, stack(0x0000000e2a400000,0x0000000e2a500000) (1024K)]
  0x0000010f882fa7e0 JavaThread "Service Thread"             daemon [_thread_blocked, id=15292, stack(0x0000000e2a500000,0x0000000e2a600000) (1024K)]
  0x0000010f88304320 JavaThread "Monitor Deflation Thread"   daemon [_thread_blocked, id=1728, stack(0x0000000e2a600000,0x0000000e2a700000) (1024K)]
  0x0000010f8830c540 JavaThread "C2 CompilerThread0"         daemon [_thread_blocked, id=2176, stack(0x0000000e2a700000,0x0000000e2a800000) (1024K)]
  0x0000010fe10aed70 JavaThread "C1 CompilerThread0"         daemon [_thread_blocked, id=13244, stack(0x0000000e2a800000,0x0000000e2a900000) (1024K)]
  0x0000010fe12cf950 JavaThread "Common-Cleaner"             daemon [_thread_blocked, id=16720, stack(0x0000000e2ab00000,0x0000000e2ac00000) (1024K)]
  0x0000010fe12cffe0 JavaThread "Notification Thread"        daemon [_thread_blocked, id=3788, stack(0x0000000e2ae00000,0x0000000e2af00000) (1024K)]
  0x0000010fe12d0670 JavaThread "Active Thread: Equinox Container: 0d791050-27d7-45cd-b4a2-994634372d34"        [_thread_blocked, id=16040, stack(0x0000000e2b600000,0x0000000e2b700000) (1024K)]
  0x0000010fe12d0d00 JavaThread "Refresh Thread: Equinox Container: 0d791050-27d7-45cd-b4a2-994634372d34" daemon [_thread_blocked, id=3464, stack(0x0000000e2b800000,0x0000000e2b900000) (1024K)]
  0x0000010fe12d2dd0 JavaThread "Framework Event Dispatcher: Equinox Container: 0d791050-27d7-45cd-b4a2-994634372d34" daemon [_thread_blocked, id=2756, stack(0x0000000e2b900000,0x0000000e2ba00000) (1024K)]
  0x0000010fe12d2740 JavaThread "Start Level: Equinox Container: 0d791050-27d7-45cd-b4a2-994634372d34" daemon [_thread_blocked, id=13004, stack(0x0000000e2ba00000,0x0000000e2bb00000) (1024K)]
  0x0000010fe12d1a20 JavaThread "Bundle File Closer"         daemon [_thread_blocked, id=22804, stack(0x0000000e2bd00000,0x0000000e2be00000) (1024K)]
  0x0000010fe12d1390 JavaThread "SCR Component Actor"        daemon [_thread_blocked, id=9684, stack(0x0000000e2aa00000,0x0000000e2ab00000) (1024K)]
  0x0000010fe12d20b0 JavaThread "Worker-JM"                         [_thread_blocked, id=20528, stack(0x0000000e2bf00000,0x0000000e2c000000) (1024K)]
  0x0000010fe7d3ae40 JavaThread "Java indexing"              daemon [_thread_blocked, id=28704, stack(0x0000000e2c500000,0x0000000e2c600000) (1024K)]
  0x0000010fe7d3a7b0 JavaThread "Worker-2"                          [_thread_blocked, id=3216, stack(0x0000000e2c600000,0x0000000e2c700000) (1024K)]
  0x0000010fe7d39a90 JavaThread "Worker-3: Publish Diagnostics"        [_thread_blocked, id=23340, stack(0x0000000e2c700000,0x0000000e2c800000) (1024K)]
  0x0000010fe7d38050 JavaThread "JNA Cleaner"                daemon [_thread_blocked, id=22404, stack(0x0000000e2c900000,0x0000000e2ca00000) (1024K)]
  0x0000010fe7d386e0 JavaThread "Thread-1"                   daemon [_thread_in_native, id=8460, stack(0x0000000e2cf00000,0x0000000e2d000000) (1024K)]
  0x0000010fe7d39400 JavaThread "Thread-2"                   daemon [_thread_in_native, id=22380, stack(0x0000000e2d000000,0x0000000e2d100000) (1024K)]
  0x0000010fe7d3d5a0 JavaThread "Thread-3"                   daemon [_thread_in_native, id=19656, stack(0x0000000e2d100000,0x0000000e2d200000) (1024K)]
  0x0000010fe7d3a120 JavaThread "Thread-4"                   daemon [_thread_in_native, id=17116, stack(0x0000000e2d200000,0x0000000e2d300000) (1024K)]
  0x0000010fe7d3c1f0 JavaThread "Thread-5"                   daemon [_thread_in_native, id=23588, stack(0x0000000e2d300000,0x0000000e2d400000) (1024K)]
  0x0000010fe7d3c880 JavaThread "Thread-6"                   daemon [_thread_in_native, id=18896, stack(0x0000000e2d400000,0x0000000e2d500000) (1024K)]
  0x0000010fe7d3efe0 JavaThread "Thread-7"                   daemon [_thread_in_native, id=2464, stack(0x0000000e2d500000,0x0000000e2d600000) (1024K)]
  0x0000010fe7d3cf10 JavaThread "Thread-8"                   daemon [_thread_in_native, id=6924, stack(0x0000000e2d600000,0x0000000e2d700000) (1024K)]
  0x0000010fe7d3dc30 JavaThread "Thread-9"                   daemon [_thread_in_native, id=14700, stack(0x0000000e2d700000,0x0000000e2d800000) (1024K)]
  0x0000010fe7d3e950 JavaThread "Thread-10"                  daemon [_thread_in_native, id=9200, stack(0x0000000e2d800000,0x0000000e2d900000) (1024K)]
  0x0000010fe7d3e2c0 JavaThread "Thread-11"                  daemon [_thread_in_native, id=23944, stack(0x0000000e2d900000,0x0000000e2da00000) (1024K)]
  0x0000010feb9e05f0 JavaThread "Thread-12"                  daemon [_thread_in_native, id=14732, stack(0x0000000e2da00000,0x0000000e2db00000) (1024K)]
  0x0000010feb9e33e0 JavaThread "Thread-13"                  daemon [_thread_in_native, id=26428, stack(0x0000000e2db00000,0x0000000e2dc00000) (1024K)]
  0x0000010feb9e2030 JavaThread "Thread-14"                  daemon [_thread_in_native, id=15772, stack(0x0000000e2dc00000,0x0000000e2dd00000) (1024K)]
  0x0000010feb9e26c0 JavaThread "Thread-15"                  daemon [_thread_in_native, id=4328, stack(0x0000000e2dd00000,0x0000000e2de00000) (1024K)]
  0x0000010feb9e2d50 JavaThread "Thread-16"                  daemon [_thread_in_native, id=13824, stack(0x0000000e2de00000,0x0000000e2df00000) (1024K)]
  0x0000010feb9e19a0 JavaThread "Thread-17"                  daemon [_thread_in_native, id=7372, stack(0x0000000e2df00000,0x0000000e2e000000) (1024K)]
  0x0000010feb9dff60 JavaThread "pool-2-thread-1"                   [_thread_blocked, id=2080, stack(0x0000000e2e000000,0x0000000e2e100000) (1024K)]
  0x0000010feb9e4100 JavaThread "WorkspaceEventsHandler"            [_thread_blocked, id=30832, stack(0x0000000e2e100000,0x0000000e2e200000) (1024K)]
  0x0000010feb9e0c80 JavaThread "pool-1-thread-1"                   [_thread_blocked, id=30836, stack(0x0000000e2e200000,0x0000000e2e300000) (1024K)]
  0x0000010feb9e4790 JavaThread "ForkJoinPool.commonPool-worker-1" daemon [_thread_blocked, id=29252, stack(0x0000000e2c400000,0x0000000e2c500000) (1024K)]
  0x0000010fea2b0ec0 JavaThread "ForkJoinPool.commonPool-worker-5" daemon [_thread_blocked, id=3068, stack(0x0000000e2e700000,0x0000000e2e800000) (1024K)]
  0x0000010fea2b2270 JavaThread "ForkJoinPool.commonPool-worker-7" daemon [_thread_blocked, id=14292, stack(0x0000000e29b00000,0x0000000e29c00000) (1024K)]
  0x0000010fea2b6410 JavaThread "ForkJoinPool.commonPool-worker-9" daemon [_thread_blocked, id=8372, stack(0x0000000e2a900000,0x0000000e2aa00000) (1024K)]
  0x0000010fea2b77c0 JavaThread "ForkJoinPool.commonPool-worker-11" daemon [_thread_blocked, id=7004, stack(0x0000000e2ad00000,0x0000000e2ae00000) (1024K)]
  0x0000010fea2b7e50 JavaThread "ForkJoinPool.commonPool-worker-13" daemon [_thread_blocked, id=8368, stack(0x0000000e2cd00000,0x0000000e2ce00000) (1024K)]
  0x0000010fea2b2900 JavaThread "Worker-6"                          [_thread_blocked, id=33384, stack(0x0000000e2c200000,0x0000000e2c300000) (1024K)]
  0x0000010fea2b2f90 JavaThread "Worker-7"                          [_thread_blocked, id=11564, stack(0x0000000e2e500000,0x0000000e2e600000) (1024K)]
  0x0000010fea2b3620 JavaThread "Worker-8"                          [_thread_blocked, id=9112, stack(0x0000000e2ca00000,0x0000000e2cb00000) (1024K)]
  0x0000010fea2b5d80 JavaThread "Worker-10"                         [_thread_blocked, id=21272, stack(0x0000000e2cb00000,0x0000000e2cc00000) (1024K)]
  0x0000010fea2b3cb0 JavaThread "Worker-11"                         [_thread_blocked, id=32180, stack(0x0000000e2cc00000,0x0000000e2cd00000) (1024K)]
  0x0000010fe7d3bb60 JavaThread "Compiler Source File Reader" daemon [_thread_blocked, id=2004, stack(0x0000000e2e800000,0x0000000e2e900000) (1024K)]
  0x0000010fed1b4ce0 JavaThread "Compiler Source File Reader" daemon [_thread_blocked, id=4288, stack(0x0000000e2e900000,0x0000000e2ea00000) (1024K)]
  0x0000010fed1b4650 JavaThread "Compiler Source File Reader" daemon [_thread_blocked, id=34160, stack(0x0000000e2ea00000,0x0000000e2eb00000) (1024K)]
  0x0000010fed1b2580 JavaThread "Compiler Source File Reader" daemon [_thread_blocked, id=31316, stack(0x0000000e2eb00000,0x0000000e2ec00000) (1024K)]
  0x0000010fed1b3fc0 JavaThread "Compiler Source File Reader" daemon [_thread_blocked, id=31896, stack(0x0000000e2ec00000,0x0000000e2ed00000) (1024K)]
  0x0000010fed1b3930 JavaThread "Compiler Source File Reader" daemon [_thread_blocked, id=14896, stack(0x0000000e2ed00000,0x0000000e2ee00000) (1024K)]
  0x0000010fed1b1ef0 JavaThread "Compiler Processing Task"   daemon [_thread_blocked, id=20000, stack(0x0000000e2ef00000,0x0000000e2f000000) (1024K)]
  0x0000010fed1b8e80 JavaThread "Compiler Source File Reader" daemon [_thread_blocked, id=12412, stack(0x0000000e2fc00000,0x0000000e2fd00000) (1024K)]
  0x0000010feb9e3a70 JavaThread "Compiler Source File Reader" daemon [_thread_blocked, id=29036, stack(0x0000000e2ee00000,0x0000000e2ef00000) (1024K)]
  0x0000010feb9c2550 JavaThread "Compiler Source File Reader" daemon [_thread_blocked, id=35636, stack(0x0000000e2ce00000,0x0000000e2cf00000) (1024K)]
  0x0000010feb9c4620 JavaThread "Compiler Source File Reader" daemon [_thread_blocked, id=28764, stack(0x0000000e2fe00000,0x0000000e2ff00000) (1024K)]
  0x0000010feb9c3f90 JavaThread "Compiler Source File Reader" daemon [_thread_blocked, id=14064, stack(0x0000000e2f100000,0x0000000e2f200000) (1024K)]
  0x0000010feb9c1830 JavaThread "Compiler Source File Reader" daemon [_thread_blocked, id=31872, stack(0x0000000e2ff00000,0x0000000e30000000) (1024K)]
  0x0000010feb9c2be0 JavaThread "Compiler Source File Reader" daemon [_thread_blocked, id=4296, stack(0x0000000e2e600000,0x0000000e2e700000) (1024K)]
  0x0000010feb9c3270 JavaThread "Compiler Source File Reader" daemon [_thread_blocked, id=16104, stack(0x0000000e30000000,0x0000000e30100000) (1024K)]
  0x0000010feb9c6060 JavaThread "Cleaner-0"                  daemon [_thread_blocked, id=29040, stack(0x0000000e30400000,0x0000000e30500000) (1024K)]
=>0x0000010fe9205c90 JavaThread "C2 CompilerThread1"         daemon [_thread_in_native, id=13612, stack(0x0000000e29a00000,0x0000000e29b00000) (1024K)]
Total: 70

Other Threads:
  0x0000010f882f09c0 VMThread "VM Thread"                           [id=22228, stack(0x0000000e2a000000,0x0000000e2a100000) (1024K)]
  0x0000010f880dba00 WatcherThread "VM Periodic Task Thread"        [id=3316, stack(0x0000000e29f00000,0x0000000e2a000000) (1024K)]
  0x0000010f8826c870 WorkerThread "GC Thread#0"                     [id=27616, stack(0x0000000e29e00000,0x0000000e29f00000) (1024K)]
  0x0000010fe7447210 WorkerThread "GC Thread#1"                     [id=8564, stack(0x0000000e2b000000,0x0000000e2b100000) (1024K)]
  0x0000010fe7742da0 WorkerThread "GC Thread#2"                     [id=10576, stack(0x0000000e2b100000,0x0000000e2b200000) (1024K)]
  0x0000010fe7743150 WorkerThread "GC Thread#3"                     [id=23968, stack(0x0000000e2b200000,0x0000000e2b300000) (1024K)]
  0x0000010fe7743500 WorkerThread "GC Thread#4"                     [id=14992, stack(0x0000000e2b300000,0x0000000e2b400000) (1024K)]
  0x0000010fe7445840 WorkerThread "GC Thread#5"                     [id=22864, stack(0x0000000e2b400000,0x0000000e2b500000) (1024K)]
  0x0000010fe7445bf0 WorkerThread "GC Thread#6"                     [id=3396, stack(0x0000000e2b500000,0x0000000e2b600000) (1024K)]
  0x0000010fe7c5d230 WorkerThread "GC Thread#7"                     [id=13564, stack(0x0000000e2b700000,0x0000000e2b800000) (1024K)]
  0x0000010fe7de32f0 WorkerThread "GC Thread#8"                     [id=9668, stack(0x0000000e2af00000,0x0000000e2b000000) (1024K)]
  0x0000010fe7de36a0 WorkerThread "GC Thread#9"                     [id=7852, stack(0x0000000e2bb00000,0x0000000e2bc00000) (1024K)]
  0x0000010fe7827ea0 WorkerThread "GC Thread#10"                    [id=15548, stack(0x0000000e2bc00000,0x0000000e2bd00000) (1024K)]
  0x0000010fe7873da0 WorkerThread "GC Thread#11"                    [id=13840, stack(0x0000000e2c000000,0x0000000e2c100000) (1024K)]
  0x0000010fe7872b30 WorkerThread "GC Thread#12"                    [id=28504, stack(0x0000000e2c100000,0x0000000e2c200000) (1024K)]
Total: 15

Threads with active compile tasks:
C2 CompilerThread0  874899 23392       4       org.eclipse.jdt.internal.core.SearchableEnvironment$$Lambda/0x0000010fa08746b8::apply (14 bytes)
C2 CompilerThread1  874899 23378       4       org.eclipse.jdt.internal.compiler.lookup.BoundSet::incorporate (1350 bytes)
Total: 2

VM state: at safepoint (normal execution)

VM Mutex/Monitor currently owned by a thread:  ([mutex/lock_event])
[0x00007ffda273e560] Threads_lock - owner thread: 0x0000010f882f09c0
[0x00007ffda273e660] Heap_lock - owner thread: 0x0000010feb9e0c80
[0x00007ffda273eae0] PSOldGenExpand_lock - owner thread: 0x0000010fe7447210

Heap address: 0x0000000080000000, size: 2048 MB, Compressed Oops mode: 32-bit

CDS archive(s) mapped at: [0x0000010f9f000000-0x0000010f9fba0000-0x0000010f9fba0000), size 12189696, SharedBaseAddress: 0x0000010f9f000000, ArchiveRelocationMode: 1.
Compressed class space mapped at: 0x0000010fa0000000-0x0000010fe0000000, reserved size: 1073741824
Narrow klass base: 0x0000010f9f000000, Narrow klass shift: 0, Narrow klass range: 0x100000000

GC Precious Log:
 CardTable entry size: 512
 CPUs: 16 total, 16 available
 Memory: 8010M
 Large Page Support: Disabled
 NUMA Support: Disabled
 Compressed Oops: Enabled (32-bit)
 Alignments: Space 512K, Generation 512K, Heap 2M
 Heap Min Capacity: 100M
 Heap Initial Capacity: 100M
 Heap Max Capacity: 2G
 Pre-touch: Disabled
 Parallel Workers: 13

Heap:
 PSYoungGen      total 3072K, used 3071K [0x00000000d5580000, 0x00000000d5a00000, 0x0000000100000000)
  eden space 2560K, 99% used [0x00000000d5580000,0x00000000d57ffff8,0x00000000d5800000)
  from space 512K, 100% used [0x00000000d5900000,0x00000000d5980000,0x00000000d5980000)
  to   space 1024K, 21% used [0x00000000d5800000,0x00000000d5838000,0x00000000d5900000)
 ParOldGen       total 930304K, used 930301K [0x0000000080000000, 0x00000000b8c80000, 0x00000000d5580000)
  object space 930304K, 99% used [0x0000000080000000,0x00000000b8c7f5a8,0x00000000b8c80000)
 Metaspace       used 87663K, committed 89536K, reserved 1179648K
  class space    used 8744K, committed 9600K, reserved 1048576K

Card table byte_map: [0x0000010f87bf0000,0x0000010f88000000] _byte_map_base: 0x0000010f877f0000

Marking Bits: (ParMarkBitMap*) 0x00007ffda2743450
 Begin Bits: [0x0000010f9a700000, 0x0000010f9c700000)
 End Bits:   [0x0000010f9c700000, 0x0000010f9e700000)

Polling page: 0x0000010f860b0000

Metaspace:

Usage:
  Non-class:     77.07 MB used.
      Class:      8.54 MB used.
       Both:     85.61 MB used.

Virtual space:
  Non-class space:      128.00 MB reserved,      78.06 MB ( 61%) committed,  2 nodes.
      Class space:        1.00 GB reserved,       9.38 MB ( <1%) committed,  1 nodes.
             Both:        1.12 GB reserved,      87.44 MB (  8%) committed. 

Chunk freelists:
   Non-Class:  1.72 MB
       Class:  6.68 MB
        Both:  8.40 MB

MaxMetaspaceSize: unlimited
CompressedClassSpaceSize: 1.00 GB
Initial GC threshold: 21.00 MB
Current GC threshold: 144.19 MB
CDS: on
 - commit_granule_bytes: 65536.
 - commit_granule_words: 8192.
 - virtual_space_node_default_size: 8388608.
 - enlarge_chunks_in_place: 1.
 - use_allocation_guard: 0.


Internal statistics:

num_allocs_failed_limit: 13.
num_arena_births: 1578.
num_arena_deaths: 40.
num_vsnodes_births: 3.
num_vsnodes_deaths: 0.
num_space_committed: 1403.
num_space_uncommitted: 3.
num_chunks_returned_to_freelist: 81.
num_chunks_taken_from_freelist: 5778.
num_chunk_merges: 28.
num_chunk_splits: 3490.
num_chunks_enlarged: 1930.
num_inconsistent_stats: 0.

CodeHeap 'non-profiled nmethods': size=119168Kb used=18421Kb max_used=19492Kb free=100746Kb
 bounds [0x0000010f92ff0000, 0x0000010f94320000, 0x0000010f9a450000]
CodeHeap 'profiled nmethods': size=119104Kb used=40267Kb max_used=49379Kb free=78836Kb
 bounds [0x0000010f8b450000, 0x0000010f8e490000, 0x0000010f928a0000]
CodeHeap 'non-nmethods': size=7488Kb used=1519Kb max_used=3247Kb free=5968Kb
 bounds [0x0000010f928a0000, 0x0000010f92be0000, 0x0000010f92ff0000]
CodeCache: size=245760Kb, used=60207Kb, max_used=72118Kb, free=185550Kb
 total_blobs=17324, nmethods=16485, adapters=742, full_count=0
Compilation: enabled, stopped_count=0, restarted_count=0

Compilation events (20 events):
Event: 873.667 Thread 0x0000010fe10aed70 nmethod 23385 0x0000010f8c24f290 code [0x0000010f8c24f440, 0x0000010f8c24f670]
Event: 873.667 Thread 0x0000010fe10aed70 23386       3       org.apache.maven.execution.DefaultMavenExecutionRequestPopulator$$FastClassByGuice$$18704248::GUICE$TRAMPOLINE (102 bytes)
Event: 873.673 Thread 0x0000010fe10aed70 nmethod 23386 0x0000010f8cb8be10 code [0x0000010f8cb8c100, 0x0000010f8cb8d250]
Event: 873.673 Thread 0x0000010fe10aed70 23387       3       org.apache.maven.execution.DefaultMavenExecutionRequestPopulator::<init> (10 bytes)
Event: 873.673 Thread 0x0000010fe10aed70 nmethod 23387 0x0000010f8bdcda90 code [0x0000010f8bdcdc40, 0x0000010f8bdcddc8]
Event: 873.673 Thread 0x0000010fe10aed70 23388       3       org.apache.maven.project.MavenProject$LoggingList::<init> (20 bytes)
Event: 873.675 Thread 0x0000010fe10aed70 nmethod 23388 0x0000010f8c473e10 code [0x0000010f8c473fc0, 0x0000010f8c474228]
Event: 873.731 Thread 0x0000010fe10aed70 23390       3       org.eclipse.jdt.internal.compiler.lookup.WildcardBinding::propagateNonConflictingNullAnnotations (88 bytes)
Event: 873.732 Thread 0x0000010fe10aed70 nmethod 23390 0x0000010f8c7f5210 code [0x0000010f8c7f5420, 0x0000010f8c7f59e0]
Event: 873.757 Thread 0x0000010f8830c540 nmethod 23384 0x0000010f934b8f90 code [0x0000010f934b9220, 0x0000010f934ba6d8]
Event: 873.757 Thread 0x0000010f8830c540 23389       4       org.eclipse.aether.util.ConfigUtils::getBoolean (12 bytes)
Event: 873.776 Thread 0x0000010f8830c540 nmethod 23389 0x0000010f93ed8410 code [0x0000010f93ed8640, 0x0000010f93ed8e68]
Event: 873.776 Thread 0x0000010f8830c540 23379       4       java.util.stream.Streams$ConcatSpliterator::characteristics (56 bytes)
Event: 873.778 Thread 0x0000010f8830c540 nmethod 23379 0x0000010f93a1b190 code [0x0000010f93a1b340, 0x0000010f93a1b4c8]
Event: 873.778 Thread 0x0000010f8830c540 23391       4       org.eclipse.jdt.internal.compiler.lookup.TypeBound::hashCode (21 bytes)
Event: 873.785 Thread 0x0000010f8830c540 nmethod 23391 0x0000010f93f21090 code [0x0000010f93f21300, 0x0000010f93f21c18]
Event: 873.785 Thread 0x0000010f8830c540 23367       4       org.eclipse.jdt.internal.compiler.ast.LocalDeclaration::traverse (88 bytes)
Event: 873.790 Thread 0x0000010f8830c540 nmethod 23367 0x0000010f94255010 code [0x0000010f942551e0, 0x0000010f94255410]
Event: 873.790 Thread 0x0000010f8830c540 23381       4       org.eclipse.jdt.internal.compiler.env.IModuleAwareNameEnvironment::applyModuleUpdates (1 bytes)
Event: 873.790 Thread 0x0000010f8830c540 nmethod 23381 0x0000010f934a2810 code [0x0000010f934a29a0, 0x0000010f934a2a28]

GC Heap History (20 events):
Event: 873.552 GC heap after
{Heap after GC invocations=2562 (full 6):
 PSYoungGen      total 2560K, used 512K [0x00000000d5580000, 0x00000000d5980000, 0x0000000100000000)
  eden space 2048K, 0% used [0x00000000d5580000,0x00000000d5580000,0x00000000d5780000)
  from space 512K, 100% used [0x00000000d5900000,0x00000000d5980000,0x00000000d5980000)
  to   space 1024K, 0% used [0x00000000d5780000,0x00000000d5780000,0x00000000d5880000)
 ParOldGen       total 893952K, used 893668K [0x0000000080000000, 0x00000000b6900000, 0x00000000d5580000)
  object space 893952K, 99% used [0x0000000080000000,0x00000000b68b90c8,0x00000000b6900000)
 Metaspace       used 87647K, committed 89536K, reserved 1179648K
  class space    used 8742K, committed 9600K, reserved 1048576K
}
Event: 873.573 GC heap before
{Heap before GC invocations=2563 (full 6):
 PSYoungGen      total 2560K, used 2560K [0x00000000d5580000, 0x00000000d5980000, 0x0000000100000000)
  eden space 2048K, 100% used [0x00000000d5580000,0x00000000d5780000,0x00000000d5780000)
  from space 512K, 100% used [0x00000000d5900000,0x00000000d5980000,0x00000000d5980000)
  to   space 1024K, 0% used [0x00000000d5780000,0x00000000d5780000,0x00000000d5880000)
 ParOldGen       total 893952K, used 893668K [0x0000000080000000, 0x00000000b6900000, 0x00000000d5580000)
  object space 893952K, 99% used [0x0000000080000000,0x00000000b68b90c8,0x00000000b6900000)
 Metaspace       used 87647K, committed 89536K, reserved 1179648K
  class space    used 8742K, committed 9600K, reserved 1048576K
}
Event: 873.576 GC heap after
{Heap after GC invocations=2563 (full 6):
 PSYoungGen      total 3072K, used 705K [0x00000000d5580000, 0x00000000d5a00000, 0x0000000100000000)
  eden space 2048K, 0% used [0x00000000d5580000,0x00000000d5580000,0x00000000d5780000)
  from space 1024K, 68% used [0x00000000d5780000,0x00000000d5830570,0x00000000d5880000)
  to   space 1024K, 0% used [0x00000000d5900000,0x00000000d5900000,0x00000000d5a00000)
 ParOldGen       total 894976K, used 894942K [0x0000000080000000, 0x00000000b6a00000, 0x00000000d5580000)
  object space 894976K, 99% used [0x0000000080000000,0x00000000b69f78c0,0x00000000b6a00000)
 Metaspace       used 87647K, committed 89536K, reserved 1179648K
  class space    used 8742K, committed 9600K, reserved 1048576K
}
Event: 873.593 GC heap before
{Heap before GC invocations=2564 (full 6):
 PSYoungGen      total 3072K, used 2744K [0x00000000d5580000, 0x00000000d5a00000, 0x0000000100000000)
  eden space 2048K, 99% used [0x00000000d5580000,0x00000000d577dc58,0x00000000d5780000)
  from space 1024K, 68% used [0x00000000d5780000,0x00000000d5830570,0x00000000d5880000)
  to   space 1024K, 0% used [0x00000000d5900000,0x00000000d5900000,0x00000000d5a00000)
 ParOldGen       total 894976K, used 894942K [0x0000000080000000, 0x00000000b6a00000, 0x00000000d5580000)
  object space 894976K, 99% used [0x0000000080000000,0x00000000b69f78c0,0x00000000b6a00000)
 Metaspace       used 87647K, committed 89536K, reserved 1179648K
  class space    used 8742K, committed 9600K, reserved 1048576K
}
Event: 873.596 GC heap after
{Heap after GC invocations=2564 (full 6):
 PSYoungGen      total 3584K, used 908K [0x00000000d5580000, 0x00000000d5a00000, 0x0000000100000000)
  eden space 2560K, 0% used [0x00000000d5580000,0x00000000d5580000,0x00000000d5800000)
  from space 1024K, 88% used [0x00000000d5900000,0x00000000d59e31b8,0x00000000d5a00000)
  to   space 1024K, 0% used [0x00000000d5800000,0x00000000d5800000,0x00000000d5900000)
 ParOldGen       total 896000K, used 895497K [0x0000000080000000, 0x00000000b6b00000, 0x00000000d5580000)
  object space 896000K, 99% used [0x0000000080000000,0x00000000b6a82660,0x00000000b6b00000)
 Metaspace       used 87647K, committed 89536K, reserved 1179648K
  class space    used 8742K, committed 9600K, reserved 1048576K
}
Event: 873.637 GC heap before
{Heap before GC invocations=2565 (full 6):
 PSYoungGen      total 3584K, used 3468K [0x00000000d5580000, 0x00000000d5a00000, 0x0000000100000000)
  eden space 2560K, 100% used [0x00000000d5580000,0x00000000d5800000,0x00000000d5800000)
  from space 1024K, 88% used [0x00000000d5900000,0x00000000d59e31b8,0x00000000d5a00000)
  to   space 1024K, 0% used [0x00000000d5800000,0x00000000d5800000,0x00000000d5900000)
 ParOldGen       total 896000K, used 895497K [0x0000000080000000, 0x00000000b6b00000, 0x00000000d5580000)
  object space 896000K, 99% used [0x0000000080000000,0x00000000b6a82660,0x00000000b6b00000)
 Metaspace       used 87647K, committed 89536K, reserved 1179648K
  class space    used 8742K, committed 9600K, reserved 1048576K
}
Event: 873.642 GC heap after
{Heap after GC invocations=2565 (full 6):
 PSYoungGen      total 3584K, used 1023K [0x00000000d5580000, 0x00000000d5c00000, 0x0000000100000000)
  eden space 2560K, 0% used [0x00000000d5580000,0x00000000d5580000,0x00000000d5800000)
  from space 1024K, 99% used [0x00000000d5800000,0x00000000d58ffc88,0x00000000d5900000)
  to   space 2048K, 0% used [0x00000000d5a00000,0x00000000d5a00000,0x00000000d5c00000)
 ParOldGen       total 896512K, used 896247K [0x0000000080000000, 0x00000000b6b80000, 0x00000000d5580000)
  object space 896512K, 99% used [0x0000000080000000,0x00000000b6b3dd50,0x00000000b6b80000)
 Metaspace       used 87647K, committed 89536K, reserved 1179648K
  class space    used 8742K, committed 9600K, reserved 1048576K
}
Event: 873.655 GC heap before
{Heap before GC invocations=2566 (full 6):
 PSYoungGen      total 3584K, used 3583K [0x00000000d5580000, 0x00000000d5c00000, 0x0000000100000000)
  eden space 2560K, 100% used [0x00000000d5580000,0x00000000d5800000,0x00000000d5800000)
  from space 1024K, 99% used [0x00000000d5800000,0x00000000d58ffc88,0x00000000d5900000)
  to   space 2048K, 0% used [0x00000000d5a00000,0x00000000d5a00000,0x00000000d5c00000)
 ParOldGen       total 896512K, used 896247K [0x0000000080000000, 0x00000000b6b80000, 0x00000000d5580000)
  object space 896512K, 99% used [0x0000000080000000,0x00000000b6b3dd50,0x00000000b6b80000)
 Metaspace       used 87647K, committed 89536K, reserved 1179648K
  class space    used 8742K, committed 9600K, reserved 1048576K
}
Event: 873.659 GC heap after
{Heap after GC invocations=2566 (full 6):
 PSYoungGen      total 3584K, used 800K [0x00000000d5580000, 0x00000000d5b00000, 0x0000000100000000)
  eden space 2560K, 0% used [0x00000000d5580000,0x00000000d5580000,0x00000000d5800000)
  from space 1024K, 78% used [0x00000000d5a00000,0x00000000d5ac8000,0x00000000d5b00000)
  to   space 1536K, 0% used [0x00000000d5800000,0x00000000d5800000,0x00000000d5980000)
 ParOldGen       total 897536K, used 897259K [0x0000000080000000, 0x00000000b6c80000, 0x00000000d5580000)
  object space 897536K, 99% used [0x0000000080000000,0x00000000b6c3acc0,0x00000000b6c80000)
 Metaspace       used 87647K, committed 89536K, reserved 1179648K
  class space    used 8742K, committed 9600K, reserved 1048576K
}
Event: 873.683 GC heap before
{Heap before GC invocations=2567 (full 6):
 PSYoungGen      total 3584K, used 3359K [0x00000000d5580000, 0x00000000d5b00000, 0x0000000100000000)
  eden space 2560K, 99% used [0x00000000d5580000,0x00000000d57fffc0,0x00000000d5800000)
  from space 1024K, 78% used [0x00000000d5a00000,0x00000000d5ac8000,0x00000000d5b00000)
  to   space 1536K, 0% used [0x00000000d5800000,0x00000000d5800000,0x00000000d5980000)
 ParOldGen       total 897536K, used 897259K [0x0000000080000000, 0x00000000b6c80000, 0x00000000d5580000)
  object space 897536K, 99% used [0x0000000080000000,0x00000000b6c3acc0,0x00000000b6c80000)
 Metaspace       used 87657K, committed 89536K, reserved 1179648K
  class space    used 8742K, committed 9600K, reserved 1048576K
}
Event: 873.687 GC heap after
{Heap after GC invocations=2567 (full 6):
 PSYoungGen      total 4096K, used 448K [0x00000000d5580000, 0x00000000d5a80000, 0x0000000100000000)
  eden space 2560K, 0% used [0x00000000d5580000,0x00000000d5580000,0x00000000d5800000)
  from space 1536K, 29% used [0x00000000d5800000,0x00000000d5870000,0x00000000d5980000)
  to   space 1024K, 0% used [0x00000000d5980000,0x00000000d5980000,0x00000000d5a80000)
 ParOldGen       total 898048K, used 897894K [0x0000000080000000, 0x00000000b6d00000, 0x00000000d5580000)
  object space 898048K, 99% used [0x0000000080000000,0x00000000b6cd98d8,0x00000000b6d00000)
 Metaspace       used 87657K, committed 89536K, reserved 1179648K
  class space    used 8742K, committed 9600K, reserved 1048576K
}
Event: 873.708 GC heap before
{Heap before GC invocations=2568 (full 6):
 PSYoungGen      total 4096K, used 3008K [0x00000000d5580000, 0x00000000d5a80000, 0x0000000100000000)
  eden space 2560K, 100% used [0x00000000d5580000,0x00000000d5800000,0x00000000d5800000)
  from space 1536K, 29% used [0x00000000d5800000,0x00000000d5870000,0x00000000d5980000)
  to   space 1024K, 0% used [0x00000000d5980000,0x00000000d5980000,0x00000000d5a80000)
 ParOldGen       total 918016K, used 917094K [0x0000000080000000, 0x00000000b8080000, 0x00000000d5580000)
  object space 918016K, 99% used [0x0000000080000000,0x00000000b7f998f8,0x00000000b8080000)
 Metaspace       used 87657K, committed 89536K, reserved 1179648K
  class space    used 8742K, committed 9600K, reserved 1048576K
}
Event: 873.710 GC heap after
{Heap after GC invocations=2568 (full 6):
 PSYoungGen      total 3072K, used 512K [0x00000000d5580000, 0x00000000d5a00000, 0x0000000100000000)
  eden space 2560K, 0% used [0x00000000d5580000,0x00000000d5580000,0x00000000d5800000)
  from space 512K, 100% used [0x00000000d5980000,0x00000000d5a00000,0x00000000d5a00000)
  to   space 1024K, 0% used [0x00000000d5800000,0x00000000d5800000,0x00000000d5900000)
 ParOldGen       total 918016K, used 917378K [0x0000000080000000, 0x00000000b8080000, 0x00000000d5580000)
  object space 918016K, 99% used [0x0000000080000000,0x00000000b7fe0928,0x00000000b8080000)
 Metaspace       used 87657K, committed 89536K, reserved 1179648K
  class space    used 8742K, committed 9600K, reserved 1048576K
}
Event: 873.726 GC heap before
{Heap before GC invocations=2569 (full 6):
 PSYoungGen      total 3072K, used 3072K [0x00000000d5580000, 0x00000000d5a00000, 0x0000000100000000)
  eden space 2560K, 100% used [0x00000000d5580000,0x00000000d5800000,0x00000000d5800000)
  from space 512K, 100% used [0x00000000d5980000,0x00000000d5a00000,0x00000000d5a00000)
  to   space 1024K, 0% used [0x00000000d5800000,0x00000000d5800000,0x00000000d5900000)
 ParOldGen       total 929792K, used 928898K [0x0000000080000000, 0x00000000b8c00000, 0x00000000d5580000)
  object space 929792K, 99% used [0x0000000080000000,0x00000000b8b20938,0x00000000b8c00000)
 Metaspace       used 87657K, committed 89536K, reserved 1179648K
  class space    used 8742K, committed 9600K, reserved 1048576K
}
Event: 873.729 GC heap after
{Heap after GC invocations=2569 (full 6):
 PSYoungGen      total 3584K, used 608K [0x00000000d5580000, 0x00000000d5a00000, 0x0000000100000000)
  eden space 2560K, 0% used [0x00000000d5580000,0x00000000d5580000,0x00000000d5800000)
  from space 1024K, 59% used [0x00000000d5800000,0x00000000d5898020,0x00000000d5900000)
  to   space 1024K, 0% used [0x00000000d5900000,0x00000000d5900000,0x00000000d5a00000)
 ParOldGen       total 929792K, used 929098K [0x0000000080000000, 0x00000000b8c00000, 0x00000000d5580000)
  object space 929792K, 99% used [0x0000000080000000,0x00000000b8b52938,0x00000000b8c00000)
 Metaspace       used 87657K, committed 89536K, reserved 1179648K
  class space    used 8742K, committed 9600K, reserved 1048576K
}
Event: 873.763 GC heap before
{Heap before GC invocations=2570 (full 6):
 PSYoungGen      total 3584K, used 3168K [0x00000000d5580000, 0x00000000d5a00000, 0x0000000100000000)
  eden space 2560K, 100% used [0x00000000d5580000,0x00000000d5800000,0x00000000d5800000)
  from space 1024K, 59% used [0x00000000d5800000,0x00000000d5898020,0x00000000d5900000)
  to   space 1024K, 0% used [0x00000000d5900000,0x00000000d5900000,0x00000000d5a00000)
 ParOldGen       total 929792K, used 929098K [0x0000000080000000, 0x00000000b8c00000, 0x00000000d5580000)
  object space 929792K, 99% used [0x0000000080000000,0x00000000b8b52938,0x00000000b8c00000)
 Metaspace       used 87657K, committed 89536K, reserved 1179648K
  class space    used 8742K, committed 9600K, reserved 1048576K
}
Event: 873.765 GC heap after
{Heap after GC invocations=2570 (full 6):
 PSYoungGen      total 3584K, used 576K [0x00000000d5580000, 0x00000000d5a00000, 0x0000000100000000)
  eden space 2560K, 0% used [0x00000000d5580000,0x00000000d5580000,0x00000000d5800000)
  from space 1024K, 56% used [0x00000000d5900000,0x00000000d5990000,0x00000000d5a00000)
  to   space 1024K, 0% used [0x00000000d5800000,0x00000000d5800000,0x00000000d5900000)
 ParOldGen       total 929792K, used 929482K [0x0000000080000000, 0x00000000b8c00000, 0x00000000d5580000)
  object space 929792K, 99% used [0x0000000080000000,0x00000000b8bb2958,0x00000000b8c00000)
 Metaspace       used 87657K, committed 89536K, reserved 1179648K
  class space    used 8742K, committed 9600K, reserved 1048576K
}
Event: 873.819 GC heap before
{Heap before GC invocations=2571 (full 6):
 PSYoungGen      total 3584K, used 3135K [0x00000000d5580000, 0x00000000d5a00000, 0x0000000100000000)
  eden space 2560K, 99% used [0x00000000d5580000,0x00000000d57ffff8,0x00000000d5800000)
  from space 1024K, 56% used [0x00000000d5900000,0x00000000d5990000,0x00000000d5a00000)
  to   space 1024K, 0% used [0x00000000d5800000,0x00000000d5800000,0x00000000d5900000)
 ParOldGen       total 929792K, used 929482K [0x0000000080000000, 0x00000000b8c00000, 0x00000000d5580000)
  object space 929792K, 99% used [0x0000000080000000,0x00000000b8bb2958,0x00000000b8c00000)
 Metaspace       used 87657K, committed 89536K, reserved 1179648K
  class space    used 8742K, committed 9600K, reserved 1048576K
}
Event: 873.820 GC heap after
{Heap after GC invocations=2571 (full 6):
 PSYoungGen      total 3584K, used 404K [0x00000000d5580000, 0x00000000d5980000, 0x0000000100000000)
  eden space 2560K, 0% used [0x00000000d5580000,0x00000000d5580000,0x00000000d5800000)
  from space 1024K, 39% used [0x00000000d5800000,0x00000000d5865200,0x00000000d5900000)
  to   space 512K, 0% used [0x00000000d5900000,0x00000000d5900000,0x00000000d5980000)
 ParOldGen       total 930304K, used 929862K [0x0000000080000000, 0x00000000b8c80000, 0x00000000d5580000)
  object space 930304K, 99% used [0x0000000080000000,0x00000000b8c11968,0x00000000b8c80000)
 Metaspace       used 87657K, committed 89536K, reserved 1179648K
  class space    used 8742K, committed 9600K, reserved 1048576K
}
Event: 873.829 GC heap before
{Heap before GC invocations=2572 (full 6):
 PSYoungGen      total 3584K, used 2964K [0x00000000d5580000, 0x00000000d5980000, 0x0000000100000000)
  eden space 2560K, 100% used [0x00000000d5580000,0x00000000d5800000,0x00000000d5800000)
  from space 1024K, 39% used [0x00000000d5800000,0x00000000d5865200,0x00000000d5900000)
  to   space 512K, 0% used [0x00000000d5900000,0x00000000d5900000,0x00000000d5980000)
 ParOldGen       total 930304K, used 929862K [0x0000000080000000, 0x00000000b8c80000, 0x00000000d5580000)
  object space 930304K, 99% used [0x0000000080000000,0x00000000b8c11968,0x00000000b8c80000)
 Metaspace       used 87657K, committed 89536K, reserved 1179648K
  class space    used 8742K, committed 9600K, reserved 1048576K
}

Dll operation events (14 events):
Event: 0.015 Loaded shared library c:\Users\ASUS\.antigravity\extensions\redhat.java-1.53.0-win32-x64\jre\21.0.10-win32-x86_64\bin\java.dll
Event: 0.100 Loaded shared library c:\Users\ASUS\.antigravity\extensions\redhat.java-1.53.0-win32-x64\jre\21.0.10-win32-x86_64\bin\zip.dll
Event: 0.130 Loaded shared library C:\Users\ASUS\.antigravity\extensions\redhat.java-1.53.0-win32-x64\jre\21.0.10-win32-x86_64\bin\instrument.dll
Event: 0.138 Loaded shared library C:\Users\ASUS\.antigravity\extensions\redhat.java-1.53.0-win32-x64\jre\21.0.10-win32-x86_64\bin\net.dll
Event: 0.143 Loaded shared library C:\Users\ASUS\.antigravity\extensions\redhat.java-1.53.0-win32-x64\jre\21.0.10-win32-x86_64\bin\nio.dll
Event: 0.149 Loaded shared library C:\Users\ASUS\.antigravity\extensions\redhat.java-1.53.0-win32-x64\jre\21.0.10-win32-x86_64\bin\zip.dll
Event: 0.175 Loaded shared library C:\Users\ASUS\.antigravity\extensions\redhat.java-1.53.0-win32-x64\jre\21.0.10-win32-x86_64\bin\jimage.dll
Event: 0.285 Loaded shared library c:\Users\ASUS\.antigravity\extensions\redhat.java-1.53.0-win32-x64\jre\21.0.10-win32-x86_64\bin\verify.dll
Event: 2.225 Loaded shared library C:\Users\ASUS\AppData\Roaming\Antigravity\User\globalStorage\redhat.java\1.53.0\config_win\org.eclipse.equinox.launcher\org.eclipse.equinox.launcher.win32.win32.x86_64_1.3.0.v20260203-2149\eclipse_11919.dll
Event: 5.046 Loaded shared library C:\Users\ASUS\.antigravity\extensions\redhat.java-1.53.0-win32-x64\jre\21.0.10-win32-x86_64\bin\management.dll
Event: 5.051 Loaded shared library C:\Users\ASUS\.antigravity\extensions\redhat.java-1.53.0-win32-x64\jre\21.0.10-win32-x86_64\bin\management_ext.dll
Event: 7.523 Loaded shared library C:\Users\ASUS\AppData\Local\Temp\jna-2018896\jna16895050196978120796.dll
Event: 8.494 Loaded shared library C:\Users\ASUS\.antigravity\extensions\redhat.java-1.53.0-win32-x64\jre\21.0.10-win32-x86_64\bin\sunmscapi.dll
Event: 8.738 Loaded shared library C:\Users\ASUS\.antigravity\extensions\redhat.java-1.53.0-win32-x64\jre\21.0.10-win32-x86_64\bin\extnet.dll

Deoptimization events (20 events):
Event: 851.577 Thread 0x0000010fe7d3a7b0 DEOPT PACKING pc=0x0000010f9380e498 sp=0x0000000e2c6feaa0
Event: 851.577 Thread 0x0000010fe7d3a7b0 DEOPT UNPACKING pc=0x0000010f928f3aa2 sp=0x0000000e2c6fea00 mode 2
Event: 851.577 Thread 0x0000010fe7d3a7b0 Uncommon trap: trap_request=0xffffffbe fr.pc=0x0000010f9380e498 relative=0x0000000000001518
Event: 851.577 Thread 0x0000010fe7d3a7b0 Uncommon trap: reason=profile_predicate action=maybe_recompile pc=0x0000010f9380e498 method=org.eclipse.jdt.internal.compiler.parser.Scanner.jumpOverMethodBody()V @ 881 c2
Event: 851.577 Thread 0x0000010fe7d3a7b0 DEOPT PACKING pc=0x0000010f9380e498 sp=0x0000000e2c6feaa0
Event: 851.577 Thread 0x0000010fe7d3a7b0 DEOPT UNPACKING pc=0x0000010f928f3aa2 sp=0x0000000e2c6fea00 mode 2
Event: 851.578 Thread 0x0000010fe7d3a7b0 Uncommon trap: trap_request=0xffffffbe fr.pc=0x0000010f9380e498 relative=0x0000000000001518
Event: 851.578 Thread 0x0000010fe7d3a7b0 Uncommon trap: reason=profile_predicate action=maybe_recompile pc=0x0000010f9380e498 method=org.eclipse.jdt.internal.compiler.parser.Scanner.jumpOverMethodBody()V @ 881 c2
Event: 851.578 Thread 0x0000010fe7d3a7b0 DEOPT PACKING pc=0x0000010f9380e498 sp=0x0000000e2c6feaa0
Event: 851.578 Thread 0x0000010fe7d3a7b0 DEOPT UNPACKING pc=0x0000010f928f3aa2 sp=0x0000000e2c6fea00 mode 2
Event: 851.608 Thread 0x0000010fe7d3a7b0 Uncommon trap: trap_request=0xffffffbe fr.pc=0x0000010f9380e498 relative=0x0000000000001518
Event: 851.608 Thread 0x0000010fe7d3a7b0 Uncommon trap: reason=profile_predicate action=maybe_recompile pc=0x0000010f9380e498 method=org.eclipse.jdt.internal.compiler.parser.Scanner.jumpOverMethodBody()V @ 881 c2
Event: 851.608 Thread 0x0000010fe7d3a7b0 DEOPT PACKING pc=0x0000010f9380e498 sp=0x0000000e2c6fe420
Event: 851.608 Thread 0x0000010fe7d3a7b0 DEOPT UNPACKING pc=0x0000010f928f3aa2 sp=0x0000000e2c6fe380 mode 2
Event: 872.349 Thread 0x0000010feb9e0c80 Uncommon trap: trap_request=0xffffff45 fr.pc=0x0000010f9354efac relative=0x000000000000184c
Event: 872.349 Thread 0x0000010feb9e0c80 Uncommon trap: reason=unstable_if action=reinterpret pc=0x0000010f9354efac method=org.eclipse.jdt.internal.compiler.parser.Scanner.disambiguatedToken(Lorg/eclipse/jdt/internal/compiler/parser/TerminalToken;Lorg/eclipse/jdt/internal/compiler/parser/Scanner
Event: 872.349 Thread 0x0000010feb9e0c80 DEOPT PACKING pc=0x0000010f9354efac sp=0x0000000e2e2fe120
Event: 872.350 Thread 0x0000010feb9e0c80 DEOPT UNPACKING pc=0x0000010f928f3aa2 sp=0x0000000e2e2fe100 mode 2
Event: 873.765 Thread 0x0000010fe7d3ae40 DEOPT PACKING pc=0x0000010f8bebc288 sp=0x0000000e2c5ff390
Event: 873.766 Thread 0x0000010fe7d3ae40 DEOPT UNPACKING pc=0x0000010f928f4242 sp=0x0000000e2c5fe860 mode 0

Classes loaded (20 events):
Event: 781.604 Loading class jdk/internal/module/IllegalAccessLogger
Event: 781.604 Loading class jdk/internal/module/IllegalAccessLogger done
Event: 794.128 Loading class jdk/internal/module/IllegalAccessLogger
Event: 794.128 Loading class jdk/internal/module/IllegalAccessLogger done
Event: 796.048 Loading class jdk/internal/module/IllegalAccessLogger
Event: 796.048 Loading class jdk/internal/module/IllegalAccessLogger done
Event: 813.647 Loading class jdk/internal/module/IllegalAccessLogger
Event: 813.647 Loading class jdk/internal/module/IllegalAccessLogger done
Event: 821.393 Loading class jdk/internal/module/IllegalAccessLogger
Event: 821.393 Loading class jdk/internal/module/IllegalAccessLogger done
Event: 823.315 Loading class jdk/internal/module/IllegalAccessLogger
Event: 823.315 Loading class jdk/internal/module/IllegalAccessLogger done
Event: 840.679 Loading class jdk/internal/module/IllegalAccessLogger
Event: 840.679 Loading class jdk/internal/module/IllegalAccessLogger done
Event: 848.710 Loading class jdk/internal/module/IllegalAccessLogger
Event: 848.711 Loading class jdk/internal/module/IllegalAccessLogger done
Event: 851.355 Loading class jdk/internal/module/IllegalAccessLogger
Event: 851.355 Loading class jdk/internal/module/IllegalAccessLogger done
Event: 873.577 Loading class jdk/internal/module/IllegalAccessLogger
Event: 873.577 Loading class jdk/internal/module/IllegalAccessLogger done

Classes unloaded (20 events):
Event: 510.686 Thread 0x0000010f882f09c0 Unloading class 0x0000010fa07fd6f8 'org/apache/maven/shared/filtering/MavenReaderFilterRequest'
Event: 510.686 Thread 0x0000010f882f09c0 Unloading class 0x0000010fa07fd3e0 'org/apache/maven/shared/filtering/MavenFileFilterRequest'
Event: 510.686 Thread 0x0000010f882f09c0 Unloading class 0x0000010fa07fd1e0 'org/codehaus/plexus/interpolation/Interpolator'
Event: 510.686 Thread 0x0000010f882f09c0 Unloading class 0x0000010fa07fcfe0 'org/codehaus/plexus/interpolation/BasicInterpolator'
Event: 510.686 Thread 0x0000010f882f09c0 Unloading class 0x0000010fa07fcde0 'org/codehaus/plexus/interpolation/ValueSource'
Event: 510.686 Thread 0x0000010f882f09c0 Unloading class 0x0000010fa07fca18 'org/apache/maven/shared/filtering/MavenResourcesExecution'
Event: 510.686 Thread 0x0000010f882f09c0 Unloading class 0x0000010fa07fc740 'org/apache/maven/shared/filtering/AbstractMavenFilteringRequest'
Event: 510.686 Thread 0x0000010f882f09c0 Unloading class 0x0000010fa07fc4e0 'org/apache/maven/shared/filtering/MavenFilteringException'
Event: 510.687 Thread 0x0000010f882f09c0 Unloading class 0x0000010fa07fc290 'org/apache/maven/shared/filtering/DefaultMavenResourcesFiltering'
Event: 510.687 Thread 0x0000010f882f09c0 Unloading class 0x0000010fa07fbe00 'org/apache/maven/shared/filtering/MavenResourcesFiltering'
Event: 510.687 Thread 0x0000010f882f09c0 Unloading class 0x0000010fa07fc000 'org/apache/maven/shared/filtering/DefaultMavenReaderFilter'
Event: 510.687 Thread 0x0000010f882f09c0 Unloading class 0x0000010fa07fbc00 'org/apache/maven/shared/filtering/MavenReaderFilter'
Event: 510.687 Thread 0x0000010f882f09c0 Unloading class 0x0000010fa07fb960 'org/apache/maven/shared/filtering/DefaultMavenFileFilter'
Event: 510.687 Thread 0x0000010f882f09c0 Unloading class 0x0000010fa07fb710 'org/apache/maven/shared/filtering/BaseFilter'
Event: 510.687 Thread 0x0000010f882f09c0 Unloading class 0x0000010fa07fb510 'org/apache/maven/shared/filtering/MavenFileFilter'
Event: 510.687 Thread 0x0000010f882f09c0 Unloading class 0x0000010fa07fb310 'org/apache/maven/shared/filtering/DefaultFilterInfo'
Event: 510.687 Thread 0x0000010f882f09c0 Unloading class 0x0000010fa07fb000 'org/apache/maven/plugins/resources/TestResourcesMojo'
Event: 510.687 Thread 0x0000010f882f09c0 Unloading class 0x0000010fa07fa400 'org/apache/maven/plugins/maven_resources_plugin/HelpMojo'
Event: 510.687 Thread 0x0000010f882f09c0 Unloading class 0x0000010fa07fab10 'org/apache/maven/plugins/resources/CopyResourcesMojo'
Event: 510.687 Thread 0x0000010f882f09c0 Unloading class 0x0000010fa07fa800 'org/apache/maven/plugins/resources/ResourcesMojo'

Classes redefined (0 events):
No events

Internal exceptions (20 events):
Event: 781.560 Thread 0x0000010fe7d3ae40 Exception <a 'sun/nio/fs/WindowsException'{0x00000000d559d7f0}> (0x00000000d559d7f0) 
thrown [s\src\hotspot\share\prims\jni.cpp, line 520]
Event: 793.957 Thread 0x0000010fe7d3ae40 Exception <a 'sun/nio/fs/WindowsException'{0x00000000d5610368}> (0x00000000d5610368) 
thrown [s\src\hotspot\share\prims\jni.cpp, line 520]
Event: 794.090 Thread 0x0000010fe7d3ae40 Exception <a 'sun/nio/fs/WindowsException'{0x00000000d5641a48}> (0x00000000d5641a48) 
thrown [s\src\hotspot\share\prims\jni.cpp, line 520]
Event: 795.873 Thread 0x0000010fe7d3ae40 Exception <a 'sun/nio/fs/WindowsException'{0x00000000d5647808}> (0x00000000d5647808) 
thrown [s\src\hotspot\share\prims\jni.cpp, line 520]
Event: 796.084 Thread 0x0000010fea2b3620 Implicit null exception at 0x0000010f939c378b to 0x0000010f939c4060
Event: 796.187 Thread 0x0000010fe7d3ae40 Exception <a 'sun/nio/fs/WindowsException'{0x00000000d5615938}> (0x00000000d5615938) 
thrown [s\src\hotspot\share\prims\jni.cpp, line 520]
Event: 813.497 Thread 0x0000010fe7d3ae40 Exception <a 'sun/nio/fs/WindowsException'{0x00000000d5768390}> (0x00000000d5768390) 
thrown [s\src\hotspot\share\prims\jni.cpp, line 520]
Event: 813.597 Thread 0x0000010fe7d3ae40 Exception <a 'sun/nio/fs/WindowsException'{0x00000000d55bf768}> (0x00000000d55bf768) 
thrown [s\src\hotspot\share\prims\jni.cpp, line 520]
Event: 821.175 Thread 0x0000010fe7d3ae40 Exception <a 'sun/nio/fs/WindowsException'{0x00000000d56cc310}> (0x00000000d56cc310) 
thrown [s\src\hotspot\share\prims\jni.cpp, line 520]
Event: 821.387 Thread 0x0000010fe7d3ae40 Exception <a 'sun/nio/fs/WindowsException'{0x00000000d55eb598}> (0x00000000d55eb598) 
thrown [s\src\hotspot\share\prims\jni.cpp, line 520]
Event: 823.108 Thread 0x0000010fe7d3ae40 Exception <a 'sun/nio/fs/WindowsException'{0x00000000d5732128}> (0x00000000d5732128) 
thrown [s\src\hotspot\share\prims\jni.cpp, line 520]
Event: 823.234 Thread 0x0000010fe7d3ae40 Exception <a 'sun/nio/fs/WindowsException'{0x00000000d57668a8}> (0x00000000d57668a8) 
thrown [s\src\hotspot\share\prims\jni.cpp, line 520]
Event: 840.509 Thread 0x0000010fe7d3ae40 Exception <a 'sun/nio/fs/WindowsException'{0x00000000d56b7348}> (0x00000000d56b7348) 
thrown [s\src\hotspot\share\prims\jni.cpp, line 520]
Event: 840.629 Thread 0x0000010fe7d3ae40 Exception <a 'sun/nio/fs/WindowsException'{0x00000000d55a92f8}> (0x00000000d55a92f8) 
thrown [s\src\hotspot\share\prims\jni.cpp, line 520]
Event: 848.487 Thread 0x0000010fe7d3ae40 Exception <a 'sun/nio/fs/WindowsException'{0x00000000d56a9420}> (0x00000000d56a9420) 
thrown [s\src\hotspot\share\prims\jni.cpp, line 520]
Event: 848.834 Thread 0x0000010fe7d3ae40 Exception <a 'sun/nio/fs/WindowsException'{0x00000000d5580778}> (0x00000000d5580778) 
thrown [s\src\hotspot\share\prims\jni.cpp, line 520]
Event: 850.965 Thread 0x0000010fe7d3ae40 Exception <a 'sun/nio/fs/WindowsException'{0x00000000d569dad8}> (0x00000000d569dad8) 
thrown [s\src\hotspot\share\prims\jni.cpp, line 520]
Event: 851.688 Thread 0x0000010fe7d3ae40 Exception <a 'sun/nio/fs/WindowsException'{0x00000000d5585618}> (0x00000000d5585618) 
thrown [s\src\hotspot\share\prims\jni.cpp, line 520]
Event: 872.365 Thread 0x0000010fe7d3ae40 Exception <a 'sun/nio/fs/WindowsException'{0x00000000d56c0488}> (0x00000000d56c0488) 
thrown [s\src\hotspot\share\prims\jni.cpp, line 520]
Event: 873.525 Thread 0x0000010fe7d3ae40 Exception <a 'sun/nio/fs/WindowsException'{0x00000000d5581738}> (0x00000000d5581738) 
thrown [s\src\hotspot\share\prims\jni.cpp, line 520]

ZGC Phase Switch (0 events):
No events

VM Operations (20 events):
Event: 873.552 Executing safepoint VM operation: ParallelGCFailedAllocation (Allocation Failure) done
Event: 873.573 Executing safepoint VM operation: ParallelGCFailedAllocation (Allocation Failure)
Event: 873.576 Executing safepoint VM operation: ParallelGCFailedAllocation (Allocation Failure) done
Event: 873.593 Executing safepoint VM operation: ParallelGCFailedAllocation (Allocation Failure)
Event: 873.596 Executing safepoint VM operation: ParallelGCFailedAllocation (Allocation Failure) done
Event: 873.637 Executing safepoint VM operation: ParallelGCFailedAllocation (Allocation Failure)
Event: 873.642 Executing safepoint VM operation: ParallelGCFailedAllocation (Allocation Failure) done
Event: 873.655 Executing safepoint VM operation: ParallelGCFailedAllocation (Allocation Failure)
Event: 873.659 Executing safepoint VM operation: ParallelGCFailedAllocation (Allocation Failure) done
Event: 873.683 Executing safepoint VM operation: ParallelGCFailedAllocation (Allocation Failure)
Event: 873.687 Executing safepoint VM operation: ParallelGCFailedAllocation (Allocation Failure) done
Event: 873.705 Executing safepoint VM operation: ParallelGCFailedAllocation (Allocation Failure)
Event: 873.710 Executing safepoint VM operation: ParallelGCFailedAllocation (Allocation Failure) done
Event: 873.726 Executing safepoint VM operation: ParallelGCFailedAllocation (Allocation Failure)
Event: 873.729 Executing safepoint VM operation: ParallelGCFailedAllocation (Allocation Failure) done
Event: 873.763 Executing safepoint VM operation: ParallelGCFailedAllocation (Allocation Failure)
Event: 873.765 Executing safepoint VM operation: ParallelGCFailedAllocation (Allocation Failure) done
Event: 873.819 Executing safepoint VM operation: ParallelGCFailedAllocation (Allocation Failure)
Event: 873.820 Executing safepoint VM operation: ParallelGCFailedAllocation (Allocation Failure) done
Event: 873.829 Executing safepoint VM operation: ParallelGCFailedAllocation (Allocation Failure)

Memory protections (0 events):
No events

Nmethod flushes (20 events):
Event: 738.605 Thread 0x0000010f882f09c0 flushing  nmethod 0x0000010f8e100a10
Event: 738.605 Thread 0x0000010f882f09c0 flushing  nmethod 0x0000010f8e101190
Event: 738.605 Thread 0x0000010f882f09c0 flushing  nmethod 0x0000010f8e101b90
Event: 738.605 Thread 0x0000010f882f09c0 flushing  nmethod 0x0000010f8e106a90
Event: 738.605 Thread 0x0000010f882f09c0 flushing  nmethod 0x0000010f8e106f90
Event: 738.605 Thread 0x0000010f882f09c0 flushing  nmethod 0x0000010f8e107e90
Event: 738.605 Thread 0x0000010f882f09c0 flushing  nmethod 0x0000010f8e11ec90
Event: 738.605 Thread 0x0000010f882f09c0 flushing  nmethod 0x0000010f8e124090
Event: 738.605 Thread 0x0000010f882f09c0 flushing  nmethod 0x0000010f8e12dd90
Event: 738.605 Thread 0x0000010f882f09c0 flushing  nmethod 0x0000010f8e131e10
Event: 738.605 Thread 0x0000010f882f09c0 flushing  nmethod 0x0000010f8e145190
Event: 738.605 Thread 0x0000010f882f09c0 flushing  nmethod 0x0000010f8e165a10
Event: 738.605 Thread 0x0000010f882f09c0 flushing  nmethod 0x0000010f8e168490
Event: 738.605 Thread 0x0000010f882f09c0 flushing  nmethod 0x0000010f8e1a0a10
Event: 738.605 Thread 0x0000010f882f09c0 flushing  nmethod 0x0000010f8e211b10
Event: 738.606 Thread 0x0000010f882f09c0 flushing  nmethod 0x0000010f8e243410
Event: 738.606 Thread 0x0000010f882f09c0 flushing  nmethod 0x0000010f8e25fd10
Event: 738.606 Thread 0x0000010f882f09c0 flushing  nmethod 0x0000010f8e2beb10
Event: 738.606 Thread 0x0000010f882f09c0 flushing  nmethod 0x0000010f8e398810
Event: 738.606 Thread 0x0000010f882f09c0 flushing  nmethod 0x0000010f8e3ea090

Events (20 events):
Event: 810.516 Thread 0x0000010fed1b7440 Thread exited: 0x0000010fed1b7440
Event: 810.517 Thread 0x0000010fed1b7ad0 Thread exited: 0x0000010fed1b7ad0
Event: 811.233 Thread 0x0000010fed1b87f0 Thread exited: 0x0000010fed1b87f0
Event: 811.233 Thread 0x0000010fed1b9510 Thread exited: 0x0000010fed1b9510
Event: 811.325 Thread 0x0000010feb9e6ef0 Thread exited: 0x0000010feb9e6ef0
Event: 821.734 Thread 0x0000010fe10aed70 Thread added: 0x0000010fed35ce70
Event: 823.092 Thread 0x0000010fed35ce70 Thread exited: 0x0000010fed35ce70
Event: 823.342 Thread 0x0000010fe10aed70 Thread added: 0x0000010fe8855410
Event: 823.644 Thread 0x0000010fe8855410 Thread added: 0x0000010fed35ce70
Event: 828.819 Thread 0x0000010fe8855410 Thread exited: 0x0000010fe8855410
Event: 828.835 Thread 0x0000010fed35ce70 Thread exited: 0x0000010fed35ce70
Event: 848.172 Thread 0x0000010fea2b56f0 Thread exited: 0x0000010fea2b56f0
Event: 850.998 Thread 0x0000010fe10aed70 Thread added: 0x0000010fe10b01e0
Event: 851.112 Thread 0x0000010fe10aed70 Thread added: 0x0000010fe10b08b0
Event: 851.577 Thread 0x0000010fe10b01e0 Thread exited: 0x0000010fe10b01e0
Event: 851.933 Thread 0x0000010fe10aed70 Thread added: 0x0000010fe10b01e0
Event: 853.822 Thread 0x0000010fe10b01e0 Thread exited: 0x0000010fe10b01e0
Event: 858.826 Thread 0x0000010fe10b08b0 Thread exited: 0x0000010fe10b08b0
Event: 873.660 Thread 0x0000010fe10aed70 Thread added: 0x0000010fe9205c90
Event: 873.814 Thread 0x0000010fea2b1550 Thread exited: 0x0000010fea2b1550


Dynamic libraries:
0x00007ff74f740000 - 0x00007ff74f74e000 	c:\Users\ASUS\.antigravity\extensions\redhat.java-1.53.0-win32-x64\jre\21.0.10-win32-x86_64\bin\java.exe
0x00007ffe77220000 - 0x00007ffe77489000 	C:\WINDOWS\SYSTEM32\ntdll.dll
0x00007ffe75fa0000 - 0x00007ffe76069000 	C:\WINDOWS\System32\KERNEL32.DLL
0x00007ffe74bc0000 - 0x00007ffe74fb3000 	C:\WINDOWS\System32\KERNELBASE.dll
0x00007ffe74670000 - 0x00007ffe747bb000 	C:\WINDOWS\System32\ucrtbase.dll
0x00007ffe5bce0000 - 0x00007ffe5bcfe000 	c:\Users\ASUS\.antigravity\extensions\redhat.java-1.53.0-win32-x64\jre\21.0.10-win32-x86_64\bin\VCRUNTIME140.dll
0x00007ffe4b600000 - 0x00007ffe4b618000 	c:\Users\ASUS\.antigravity\extensions\redhat.java-1.53.0-win32-x64\jre\21.0.10-win32-x86_64\bin\jli.dll
0x00007ffe75dd0000 - 0x00007ffe75f94000 	C:\WINDOWS\System32\USER32.dll
0x00007ffe5a7e0000 - 0x00007ffe5aa73000 	C:\WINDOWS\WinSxS\amd64_microsoft.windows.common-controls_6595b64144ccf1df_6.0.26100.5074_none_3e0d6f78e32fd63f\COMCTL32.dll
0x00007ffe749a0000 - 0x00007ffe749c7000 	C:\WINDOWS\System32\win32u.dll
0x00007ffe76eb0000 - 0x00007ffe76f59000 	C:\WINDOWS\System32\msvcrt.dll
0x00007ffe76f60000 - 0x00007ffe76f8b000 	C:\WINDOWS\System32\GDI32.dll
0x00007ffe74a90000 - 0x00007ffe74bbd000 	C:\WINDOWS\System32\gdi32full.dll
0x00007ffe747c0000 - 0x00007ffe74863000 	C:\WINDOWS\System32\msvcp_win.dll
0x00007ffe76220000 - 0x00007ffe7624f000 	C:\WINDOWS\System32\IMM32.DLL
0x00007ffe6f440000 - 0x00007ffe6f44c000 	c:\Users\ASUS\.antigravity\extensions\redhat.java-1.53.0-win32-x64\jre\21.0.10-win32-x86_64\bin\vcruntime140_1.dll
0x00007ffe42d10000 - 0x00007ffe42d9d000 	c:\Users\ASUS\.antigravity\extensions\redhat.java-1.53.0-win32-x64\jre\21.0.10-win32-x86_64\bin\msvcp140.dll
0x00007ffda1a80000 - 0x00007ffda2821000 	c:\Users\ASUS\.antigravity\extensions\redhat.java-1.53.0-win32-x64\jre\21.0.10-win32-x86_64\bin\server\jvm.dll
0x00007ffe76df0000 - 0x00007ffe76ea4000 	C:\WINDOWS\System32\ADVAPI32.dll
0x00007ffe76f90000 - 0x00007ffe77036000 	C:\WINDOWS\System32\sechost.dll
0x00007ffe74fc0000 - 0x00007ffe750d8000 	C:\WINDOWS\System32\RPCRT4.dll
0x00007ffe75d50000 - 0x00007ffe75dc4000 	C:\WINDOWS\System32\WS2_32.dll
0x00007ffe67960000 - 0x00007ffe67995000 	C:\WINDOWS\SYSTEM32\WINMM.dll
0x00007ffe741e0000 - 0x00007ffe7423e000 	C:\WINDOWS\SYSTEM32\POWRPROF.dll
0x00007ffe6ddd0000 - 0x00007ffe6dddb000 	C:\WINDOWS\SYSTEM32\VERSION.dll
0x00007ffe741c0000 - 0x00007ffe741d4000 	C:\WINDOWS\SYSTEM32\UMPDC.dll
0x00007ffe73120000 - 0x00007ffe7313b000 	C:\WINDOWS\SYSTEM32\kernel.appcore.dll
0x00007ffe5c6c0000 - 0x00007ffe5c6ca000 	c:\Users\ASUS\.antigravity\extensions\redhat.java-1.53.0-win32-x64\jre\21.0.10-win32-x86_64\bin\jimage.dll
0x00007ffe65f80000 - 0x00007ffe661c2000 	C:\WINDOWS\SYSTEM32\DBGHELP.DLL
0x00007ffe75170000 - 0x00007ffe754eb000 	C:\WINDOWS\System32\combase.dll
0x00007ffe75580000 - 0x00007ffe75657000 	C:\WINDOWS\System32\OLEAUT32.dll
0x00007ffe60290000 - 0x00007ffe602cd000 	C:\WINDOWS\SYSTEM32\dbgcore.DLL
0x00007ffe74900000 - 0x00007ffe74999000 	C:\WINDOWS\System32\bcryptPrimitives.dll
0x00007ffe5bcd0000 - 0x00007ffe5bcdf000 	c:\Users\ASUS\.antigravity\extensions\redhat.java-1.53.0-win32-x64\jre\21.0.10-win32-x86_64\bin\instrument.dll
0x00007ffe52260000 - 0x00007ffe52280000 	c:\Users\ASUS\.antigravity\extensions\redhat.java-1.53.0-win32-x64\jre\21.0.10-win32-x86_64\bin\java.dll
0x00007ffe76530000 - 0x00007ffe76c7d000 	C:\WINDOWS\System32\SHELL32.dll
0x00007ffe74380000 - 0x00007ffe744ec000 	C:\WINDOWS\System32\wintypes.dll
0x00007ffe71f90000 - 0x00007ffe727e9000 	C:\WINDOWS\SYSTEM32\windows.storage.dll
0x00007ffe75bf0000 - 0x00007ffe75ce0000 	C:\WINDOWS\System32\SHCORE.dll
0x00007ffe76440000 - 0x00007ffe764a2000 	C:\WINDOWS\System32\shlwapi.dll
0x00007ffe742a0000 - 0x00007ffe742c9000 	C:\WINDOWS\SYSTEM32\profapi.dll
0x00007ffe4fc90000 - 0x00007ffe4fca8000 	c:\Users\ASUS\.antigravity\extensions\redhat.java-1.53.0-win32-x64\jre\21.0.10-win32-x86_64\bin\zip.dll
0x00007ffe548d0000 - 0x00007ffe548e0000 	C:\Users\ASUS\.antigravity\extensions\redhat.java-1.53.0-win32-x64\jre\21.0.10-win32-x86_64\bin\net.dll
0x00007ffe6e4f0000 - 0x00007ffe6e60f000 	C:\WINDOWS\SYSTEM32\WINHTTP.dll
0x00007ffe73680000 - 0x00007ffe736eb000 	C:\WINDOWS\system32\mswsock.dll
0x00007ffe408b0000 - 0x00007ffe408c6000 	C:\Users\ASUS\.antigravity\extensions\redhat.java-1.53.0-win32-x64\jre\21.0.10-win32-x86_64\bin\nio.dll
0x00007ffe547b0000 - 0x00007ffe547c0000 	c:\Users\ASUS\.antigravity\extensions\redhat.java-1.53.0-win32-x64\jre\21.0.10-win32-x86_64\bin\verify.dll
0x00007ffe23410000 - 0x00007ffe23455000 	C:\Users\ASUS\AppData\Roaming\Antigravity\User\globalStorage\redhat.java\1.53.0\config_win\org.eclipse.equinox.launcher\org.eclipse.equinox.launcher.win32.win32.x86_64_1.3.0.v20260203-2149\eclipse_11919.dll
0x00007ffe76070000 - 0x00007ffe76208000 	C:\WINDOWS\System32\ole32.dll
0x00007ffe4fcc0000 - 0x00007ffe4fcca000 	C:\Users\ASUS\.antigravity\extensions\redhat.java-1.53.0-win32-x64\jre\21.0.10-win32-x86_64\bin\management.dll
0x00007ffe4fcb0000 - 0x00007ffe4fcbc000 	C:\Users\ASUS\.antigravity\extensions\redhat.java-1.53.0-win32-x64\jre\21.0.10-win32-x86_64\bin\management_ext.dll
0x00007ffe75d40000 - 0x00007ffe75d48000 	C:\WINDOWS\System32\PSAPI.DLL
0x00007ffe73a50000 - 0x00007ffe73a6b000 	C:\WINDOWS\SYSTEM32\CRYPTSP.dll
0x00007ffe73080000 - 0x00007ffe730bb000 	C:\WINDOWS\system32\rsaenh.dll
0x00007ffe73720000 - 0x00007ffe7374b000 	C:\WINDOWS\SYSTEM32\USERENV.dll
0x00007ffe74270000 - 0x00007ffe74296000 	C:\WINDOWS\SYSTEM32\bcrypt.dll
0x00007ffe738b0000 - 0x00007ffe738bc000 	C:\WINDOWS\SYSTEM32\CRYPTBASE.dll
0x00007ffe72b60000 - 0x00007ffe72b94000 	C:\WINDOWS\SYSTEM32\IPHLPAPI.DLL
0x00007ffe76210000 - 0x00007ffe7621a000 	C:\WINDOWS\System32\NSI.dll
0x00007ffdf3470000 - 0x00007ffdf34b9000 	C:\Users\ASUS\AppData\Local\Temp\jna-2018896\jna16895050196978120796.dll
0x00007ffe6edd0000 - 0x00007ffe6edee000 	C:\WINDOWS\SYSTEM32\dhcpcsvc6.DLL
0x00007ffe6ebe0000 - 0x00007ffe6ec03000 	C:\WINDOWS\SYSTEM32\dhcpcsvc.DLL
0x00007ffe4e820000 - 0x00007ffe4e82e000 	C:\Users\ASUS\.antigravity\extensions\redhat.java-1.53.0-win32-x64\jre\21.0.10-win32-x86_64\bin\sunmscapi.dll
0x00007ffe744f0000 - 0x00007ffe74667000 	C:\WINDOWS\System32\CRYPT32.dll
0x00007ffe73ba0000 - 0x00007ffe73bd0000 	C:\WINDOWS\SYSTEM32\ncrypt.dll
0x00007ffe73b50000 - 0x00007ffe73b8f000 	C:\WINDOWS\SYSTEM32\NTASN1.dll
0x00007ffe72c00000 - 0x00007ffe72d26000 	C:\WINDOWS\SYSTEM32\DNSAPI.dll
0x00007ffe6d250000 - 0x00007ffe6d25b000 	C:\Windows\System32\rasadhlp.dll
0x00007ffe6ef00000 - 0x00007ffe6ef86000 	C:\WINDOWS\System32\fwpuclnt.dll
0x00007ffe4e750000 - 0x00007ffe4e759000 	C:\Users\ASUS\.antigravity\extensions\redhat.java-1.53.0-win32-x64\jre\21.0.10-win32-x86_64\bin\extnet.dll

JVMTI agents:
c:\Users\ASUS\.antigravity\extensions\redhat.java-1.53.0-win32-x64\lombok\lombok-1.18.39-4050.jar path:c:\Users\ASUS\.antigravity\extensions\redhat.java-1.53.0-win32-x64\jre\21.0.10-win32-x86_64\bin\instrument.dll, loaded, initialized, instrumentlib options:none

dbghelp: loaded successfully - version: 4.0.5 - missing functions: none
symbol engine: initialized successfully - sym options: 0x614 - pdb path: .;c:\Users\ASUS\.antigravity\extensions\redhat.java-1.53.0-win32-x64\jre\21.0.10-win32-x86_64\bin;C:\WINDOWS\SYSTEM32;C:\WINDOWS\WinSxS\amd64_microsoft.windows.common-controls_6595b64144ccf1df_6.0.26100.5074_none_3e0d6f78e32fd63f;c:\Users\ASUS\.antigravity\extensions\redhat.java-1.53.0-win32-x64\jre\21.0.10-win32-x86_64\bin\server;C:\Users\ASUS\AppData\Roaming\Antigravity\User\globalStorage\redhat.java\1.53.0\config_win\org.eclipse.equinox.launcher\org.eclipse.equinox.launcher.win32.win32.x86_64_1.3.0.v20260203-2149;C:\Users\ASUS\AppData\Local\Temp\jna-2018896

VM Arguments:
jvm_args: --add-modules=ALL-SYSTEM --add-opens=java.base/java.util=ALL-UNNAMED --add-opens=java.base/java.lang=ALL-UNNAMED --add-opens=java.base/sun.nio.fs=ALL-UNNAMED -Declipse.application=org.eclipse.jdt.ls.core.id1 -Dosgi.bundles.defaultStartLevel=4 -Declipse.product=org.eclipse.jdt.ls.core.product -Djava.import.generatesMetadataFilesAtProjectRoot=false -DDetectVMInstallationsJob.disabled=true -Dfile.encoding=utf8 -XX:+UseParallelGC -XX:GCTimeRatio=4 -XX:AdaptiveSizePolicyWeight=90 -Dsun.zip.disableMemoryMapping=true -Xmx2G -Xms100m -Xlog:disable -javaagent:c:\Users\ASUS\.antigravity\extensions\redhat.java-1.53.0-win32-x64\lombok\lombok-1.18.39-4050.jar -XX:+HeapDumpOnOutOfMemoryError -XX:HeapDumpPath=c:\Users\ASUS\AppData\Roaming\Antigravity\User\workspaceStorage\072664e477a3092332c4219defd89c4c\redhat.java -Daether.dependencyCollector.impl=bf 
java_command: c:\Users\ASUS\.antigravity\extensions\redhat.java-1.53.0-win32-x64\server\plugins\org.eclipse.equinox.launcher_1.7.100.v20251111-0406.jar -configuration c:\Users\ASUS\AppData\Roaming\Antigravity\User\globalStorage\redhat.java\1.53.0\config_win -data c:\Users\ASUS\AppData\Roaming\Antigravity\User\workspaceStorage\072664e477a3092332c4219defd89c4c\redhat.java\jdt_ws --pipe=\\.\pipe\lsp-5c23570f3e173898c2358dd80d3e44d0-sock
java_class_path (initial): c:\Users\ASUS\.antigravity\extensions\redhat.java-1.53.0-win32-x64\server\plugins\org.eclipse.equinox.launcher_1.7.100.v20251111-0406.jar
Launcher Type: SUN_STANDARD

[Global flags]
    uintx AdaptiveSizePolicyWeight                 = 90                                        {product} {command line}
     intx CICompilerCount                          = 12                                        {product} {ergonomic}
    uintx GCTimeRatio                              = 4                                         {product} {command line}
     bool HeapDumpOnOutOfMemoryError               = true                                   {manageable} {command line}
    ccstr HeapDumpPath                             = c:\Users\ASUS\AppData\Roaming\Antigravity\User\workspaceStorage\072664e477a3092332c4219defd89c4c\redhat.java         {manageable} {command line}
   size_t InitialHeapSize                          = 104857600                                 {product} {command line}
   size_t MaxHeapSize                              = 2147483648                                {product} {command line}
   size_t MaxNewSize                               = 715653120                                 {product} {ergonomic}
   size_t MinHeapDeltaBytes                        = 524288                                    {product} {ergonomic}
   size_t MinHeapSize                              = 104857600                                 {product} {command line}
   size_t NewSize                                  = 34603008                                  {product} {ergonomic}
    uintx NonNMethodCodeHeapSize                   = 7602480                                {pd product} {ergonomic}
    uintx NonProfiledCodeHeapSize                  = 122027880                              {pd product} {ergonomic}
   size_t OldSize                                  = 70254592                                  {product} {ergonomic}
    uintx ProfiledCodeHeapSize                     = 122027880                              {pd product} {ergonomic}
    uintx ReservedCodeCacheSize                    = 251658240                              {pd product} {ergonomic}
     bool SegmentedCodeCache                       = true                                      {product} {ergonomic}
   size_t SoftMaxHeapSize                          = 2147483648                             {manageable} {ergonomic}
     bool UseCompressedOops                        = true                           {product lp64_product} {ergonomic}
     bool UseLargePagesIndividualAllocation        = false                                  {pd product} {ergonomic}
     bool UseParallelGC                            = true                                      {product} {command line}

Logging:
Log output configuration:
 #0: stdout all=off uptime,level,tags foldmultilines=false
 #1: stderr all=off uptime,level,tags foldmultilines=false

Release file:
JAVA_VERSION="21.0.10" 
MODULES="java.base java.compiler java.datatransfer java.xml java.prefs java.desktop java.instrument java.logging java.management java.security.sasl java.naming java.rmi java.management.rmi java.net.http java.scripting java.security.jgss java.transaction.xa java.sql java.sql.rowset java.xml.crypto java.se java.smartcardio jdk.accessibility jdk.internal.jvmstat jdk.attach jdk.charsets jdk.internal.opt jdk.zipfs jdk.compiler jdk.crypto.ec jdk.crypto.cryptoki jdk.crypto.mscapi jdk.dynalink jdk.internal.ed jdk.editpad jdk.hotspot.agent jdk.httpserver jdk.internal.le jdk.internal.vm.ci jdk.internal.vm.compiler jdk.internal.vm.compiler.management jdk.jartool jdk.javadoc jdk.jcmd jdk.management jdk.management.agent jdk.jconsole jdk.jdeps jdk.jdwp.agent jdk.jdi jdk.jfr jdk.jshell jdk.jsobject jdk.jstatd jdk.localedata jdk.management.jfr jdk.naming.dns jdk.naming.rmi jdk.net jdk.nio.mapmode jdk.random jdk.sctp jdk.security.auth jdk.security.jgss jdk.unsupported jdk.unsupported.desktop jdk.xml.dom" 

Environment Variables:
PATH=C:\Program Files\Java\jdk-25\bin;C:\Program Files\Python313\Scripts\;C:\Program Files\Python313\;C:\Program Files (x86)\VMware\VMware Workstation\bin\;C:\WINDOWS\system32;C:\WINDOWS;C:\WINDOWS\System32\Wbem;C:\WINDOWS\System32\WindowsPowerShell\v1.0\;C:\WINDOWS\System32\OpenSSH\;C:\Program Files\NVIDIA Corporation\NVIDIA App\NvDLISR;C:\Program Files (x86)\NVIDIA Corporation\PhysX\Common;C:\Program Files\dotnet\;C:\php-8.4.7;C:\ProgramData\ComposerSetup\bin;C:\Program Files\nodejs\;C:\Program Files\Git\cmd;C:\Program Files\MongoDB\Server\8.2\bin;C:\Program Files\Java\jdk-25\;;C:\ProgramData\chocolatey\bin;C:\Program Files\Microsoft SQL Server\150\Tools\Binn\;C:\Program Files\Microsoft SQL Server\Client SDK\ODBC\170\Tools\Binn\;C:\Program Files\Microsoft SQL Server\170\DTS\Binn\;C:\Program Files\Docker\Docker\resources\bin;c:\Users\ASUS\AppData\Local\Programs\cursor\resources\app\codeBin;C:\Program Files\Java\jdk-25\bin;C:\Users\ASUS\AppData\Local\Microsoft\WindowsApps;C:\Visaul Studio\Microsoft VS Code\bin;C:\Users\ASUS\AppData\Local\Programs\Azure Data Studio\bin;C:\Program Files\Azure Data Studio\bin;C:\Users\ASUS\AppData\Local\GitHubDesktop\bin;C:\Users\ASUS\AppData\Roaming\Composer\vendor\bin;C:\Users\ASUS\AppData\Roaming\npm;C:\Program Files\mongosh\;C:\Program Files\IntelliJ IDEA 2025.2.3\bin;C:\Program Files\JetBrains\WebStorm 2025.2.3\bin;C:\Program Files (x86)\Microsoft Visual Studio\Shared\NuGetPackages\microsoft.visualstudio.javascript.sdk;C:\Program Files\Java\jdk-25\;C:\Users\ASUS\.dotnet\tools;C:\Users\ASUS\AppData\Local\Microsoft\WinGet\Links;C:\Users\ASUS\AppData\Local\Programs\Antigravity\bin;C:\Users\ASUS\AppData\Local\Programs\cursor\resources\app\bin
USERNAME=ASUS
OS=Windows_NT
PROCESSOR_IDENTIFIER=AMD64 Family 25 Model 68 Stepping 1, AuthenticAMD
TMP=C:\Users\ASUS\AppData\Local\Temp
TEMP=C:\Users\ASUS\AppData\Local\Temp




Periodic native trim disabled

---------------  S Y S T E M  ---------------

OS:
 Windows 11 , 64 bit Build 26100 (10.0.26100.5074)
OS uptime: 0 days 0:30 hours
Hyper-V role detected

CPU: total 16 (initial active 16) (16 cores per cpu, 2 threads per core) family 25 model 68 stepping 1 microcode 0xa404107, cx8, cmov, fxsr, ht, mmx, 3dnowpref, sse, sse2, sse3, ssse3, sse4a, sse4.1, sse4.2, popcnt, lzcnt, tsc, tscinvbit, avx, avx2, aes, erms, clmul, bmi1, bmi2, adx, sha, fma, vzeroupper, clflush, clflushopt, hv, rdtscp, rdpid, fsrm, f16c, cet_ss
Processor Information for the first 16 processors :
  Max Mhz: 3100, Current Mhz: 3100, Mhz Limit: 3100

Memory: 4k page, system-wide physical 8010M (612M free)
TotalPageFile size 24394M (AvailPageFile size 0M)
current process WorkingSet (physical memory assigned to process): 345M, peak: 837M
current process commit charge ("private bytes"): 1322M, peak: 1779M

vm_info: OpenJDK 64-Bit Server VM (21.0.10+7-LTS) for windows-amd64 JRE (21.0.10+7-LTS), built on 2026-01-20T00:00:00Z by "admin" with MS VC++ 17.12 (VS2022)

END.
