#
# There is insufficient memory for the Java Runtime Environment to continue.
# Native memory allocation (malloc) failed to allocate 2520152 bytes. Error detail: Chunk::new
# Possible reasons:
#   The system is out of physical RAM or swap space
#   This process is running with CompressedOops enabled, and the Java Heap may be blocking the growth of the native heap
# Possible solutions:
#   Reduce memory load on the system
#   Increase physical memory or swap space
#   Check if swap backing store is full
#   Decrease Java heap size (-Xmx/-Xms)
#   Decrease number of Java threads
#   Decrease Java thread stack sizes (-Xss)
#   Set larger code cache with -XX:ReservedCodeCacheSize=
#   JVM is running with Unscaled Compressed Oops mode in which the Java heap is
#     placed in the first 4GB address space. The Java Heap base address is the
#     maximum limit for the native heap growth. Please use -XX:HeapBaseMinAddress
#     to set the Java Heap base and to place the Java Heap above 4GB virtual address.
# This output file may be truncated or incomplete.
#
#  Out of Memory Error (arena.cpp:186), pid=33176, tid=12740
#
# JRE version: Java(TM) SE Runtime Environment (25.0.1+8) (build 25.0.1+8-LTS-27)
# Java VM: Java HotSpot(TM) 64-Bit Server VM (25.0.1+8-LTS-27, mixed mode, sharing, tiered, compressed oops, compressed class ptrs, g1 gc, windows-amd64)
# No core dump will be written. Minidumps are not enabled by default on client versions of Windows
#

---------------  S U M M A R Y ------------

Command Line: --add-opens=jdk.compiler/com.sun.tools.javac.code=ALL-UNNAMED --add-opens=jdk.compiler/com.sun.tools.javac.comp=ALL-UNNAMED --add-opens=jdk.compiler/com.sun.tools.javac.file=ALL-UNNAMED --add-opens=jdk.compiler/com.sun.tools.javac.main=ALL-UNNAMED --add-opens=jdk.compiler/com.sun.tools.javac.model=ALL-UNNAMED --add-opens=jdk.compiler/com.sun.tools.javac.parser=ALL-UNNAMED --add-opens=jdk.compiler/com.sun.tools.javac.processing=ALL-UNNAMED --add-opens=jdk.compiler/com.sun.tools.javac.tree=ALL-UNNAMED --add-opens=jdk.compiler/com.sun.tools.javac.util=ALL-UNNAMED --enable-native-access=ALL-UNNAMED -Dclassworlds.conf=C:\Users\ASUS\.m2\wrapper\dists\apache-maven-3.9.14\ed7edd442f634ac1c1ef5ba2b61b6d690b5221091f1a8e1123f5fadcc967520d\bin\m2.conf -Dmaven.home=C:\Users\ASUS\.m2\wrapper\dists\apache-maven-3.9.14\ed7edd442f634ac1c1ef5ba2b61b6d690b5221091f1a8e1123f5fadcc967520d -Dlibrary.jansi.path=C:\Users\ASUS\.m2\wrapper\dists\apache-maven-3.9.14\ed7edd442f634ac1c1ef5ba2b61b6d690b5221091f1a8e1123f5fadcc967520d\lib\jansi-native -Dmaven.multiModuleProjectDirectory=D:\SPRINGBOOT\Spring_ecomerc\Spring_ecomerc org.codehaus.plexus.classworlds.launcher.Launcher clean compile -B -e

Host: AMD Ryzen 7 7435HS                             , 16 cores, 7G,  Windows 11 , 64 bit Build 26100 (10.0.26100.5074)
Time: Mon Mar 30 18:25:35 2026 SE Asia Standard Time elapsed time: 5.548495 seconds (0d 0h 0m 5s)

---------------  T H R E A D  ---------------

Current thread (0x0000023b35ac5c80):  JavaThread "C2 CompilerThread0" daemon [_thread_in_native, id=12740, stack(0x000000a8bbd00000,0x000000a8bbe00000) (1024K)]


Current CompileTask:
C2:5548 3435       4       org.apache.maven.model.io.xpp3.MavenXpp3ReaderEx::checkFieldWithDuplicate (75 bytes)

Stack: [0x000000a8bbd00000,0x000000a8bbe00000]
Native frames: (J=compiled Java code, j=interpreted, Vv=VM code, C=native code)
V  [jvm.dll+0x7a6b59]  (no source info available)
V  [jvm.dll+0x77290d]  (no source info available)
V  [jvm.dll+0x966153]  (no source info available)
V  [jvm.dll+0x968751]  (no source info available)
V  [jvm.dll+0x968e53]  (no source info available)
V  [jvm.dll+0x2fc756]  (no source info available)
V  [jvm.dll+0x111b26]  (no source info available)
V  [jvm.dll+0x111e4e]  (no source info available)
V  [jvm.dll+0x1a0a22]  (no source info available)
V  [jvm.dll+0x3b53c2]  (no source info available)
V  [jvm.dll+0x7ac4ef]  (no source info available)
V  [jvm.dll+0x2c0ac7]  (no source info available)
V  [jvm.dll+0x2bfa8f]  (no source info available)
V  [jvm.dll+0x237b60]  (no source info available)
V  [jvm.dll+0x2cfb56]  (no source info available)
V  [jvm.dll+0x2cddd5]  (no source info available)
V  [jvm.dll+0x48e6d1]  (no source info available)
V  [jvm.dll+0x906a0d]  (no source info available)
V  [jvm.dll+0x7a5135]  (no source info available)
C  [ucrtbase.dll+0x37b0]  (no source info available)
C  [KERNEL32.DLL+0x2e8d7]  (no source info available)
C  [ntdll.dll+0x8d9c]  (no source info available)

Lock stack of current Java thread (top to bottom):


---------------  P R O C E S S  ---------------

Threads class SMR info:
_java_thread_list=0x0000023b3b150520, length=14, elements={
0x0000023b16176b20, 0x0000023b35aa5520, 0x0000023b35aa6e50, 0x0000023b35aa84d0,
0x0000023b35aa9090, 0x0000023b35aac530, 0x0000023b35ab1370, 0x0000023b35ac5c80,
0x0000023b35afcb20, 0x0000023b3a0fb720, 0x0000023b3a10d360, 0x0000023b3a165f20,
0x0000023b3a169320, 0x0000023b3ae57dd0
}

Java Threads: ( => current thread )
  0x0000023b16176b20 JavaThread "main"                              [_thread_in_Java, id=28588, stack(0x000000a8baf00000,0x000000a8bb000000) (1024K)]
  0x0000023b35aa5520 JavaThread "Reference Handler"          daemon [_thread_blocked, id=32100, stack(0x000000a8bb700000,0x000000a8bb800000) (1024K)]
  0x0000023b35aa6e50 JavaThread "Finalizer"                  daemon [_thread_blocked, id=3104, stack(0x000000a8bb800000,0x000000a8bb900000) (1024K)]
  0x0000023b35aa84d0 JavaThread "Signal Dispatcher"          daemon [_thread_blocked, id=3184, stack(0x000000a8bb900000,0x000000a8bba00000) (1024K)]
  0x0000023b35aa9090 JavaThread "Attach Listener"            daemon [_thread_blocked, id=32444, stack(0x000000a8bba00000,0x000000a8bbb00000) (1024K)]
  0x0000023b35aac530 JavaThread "Service Thread"             daemon [_thread_blocked, id=32012, stack(0x000000a8bbb00000,0x000000a8bbc00000) (1024K)]
  0x0000023b35ab1370 JavaThread "Monitor Deflation Thread"   daemon [_thread_blocked, id=31116, stack(0x000000a8bbc00000,0x000000a8bbd00000) (1024K)]
=>0x0000023b35ac5c80 JavaThread "C2 CompilerThread0"         daemon [_thread_in_native, id=12740, stack(0x000000a8bbd00000,0x000000a8bbe00000) (1024K)]
  0x0000023b35afcb20 JavaThread "C1 CompilerThread0"         daemon [_thread_blocked, id=8848, stack(0x000000a8bbe00000,0x000000a8bbf00000) (1024K)]
  0x0000023b3a0fb720 JavaThread "C1 CompilerThread1"         daemon [_thread_blocked, id=33148, stack(0x000000a8bbf00000,0x000000a8bc000000) (1024K)]
  0x0000023b3a10d360 JavaThread "C1 CompilerThread2"         daemon [_thread_blocked, id=12332, stack(0x000000a8bc000000,0x000000a8bc100000) (1024K)]
  0x0000023b3a165f20 JavaThread "Notification Thread"        daemon [_thread_blocked, id=7072, stack(0x000000a8bc100000,0x000000a8bc200000) (1024K)]
  0x0000023b3a169320 JavaThread "Common-Cleaner"             daemon [_thread_blocked, id=34632, stack(0x000000a8bc200000,0x000000a8bc300000) (1024K)]
  0x0000023b3ae57dd0 JavaThread "C2 CompilerThread1"         daemon [_thread_in_native, id=17764, stack(0x000000a8bc800000,0x000000a8bc900000) (1024K)]
Total: 14

Other Threads:
  0x0000023b35a90370 VMThread "VM Thread"                           [id=32484, stack(0x000000a8bb600000,0x000000a8bb700000) (1024K)]
  0x0000023b35964170 WatcherThread "VM Periodic Task Thread"        [id=22444, stack(0x000000a8bb500000,0x000000a8bb600000) (1024K)]
  0x0000023b1859ebf0 WorkerThread "GC Thread#0"                     [id=36628, stack(0x000000a8bb000000,0x000000a8bb100000) (1024K)]
  0x0000023b3ad85e40 WorkerThread "GC Thread#1"                     [id=32940, stack(0x000000a8bc400000,0x000000a8bc500000) (1024K)]
  0x0000023b3ad86270 WorkerThread "GC Thread#2"                     [id=14316, stack(0x000000a8bc500000,0x000000a8bc600000) (1024K)]
  0x0000023b3ad86aa0 WorkerThread "GC Thread#3"                     [id=4808, stack(0x000000a8bc600000,0x000000a8bc700000) (1024K)]
  0x0000023b3afdd6e0 WorkerThread "GC Thread#4"                     [id=31548, stack(0x000000a8bc700000,0x000000a8bc800000) (1024K)]
  0x0000023b185b9b20 ConcurrentGCThread "G1 Main Marker"            [id=13900, stack(0x000000a8bb100000,0x000000a8bb200000) (1024K)]
  0x0000023b185ba6c0 WorkerThread "G1 Conc#0"                       [id=23500, stack(0x000000a8bb200000,0x000000a8bb300000) (1024K)]
  0x0000023b359469e0 ConcurrentGCThread "G1 Refine#0"               [id=35156, stack(0x000000a8bb300000,0x000000a8bb400000) (1024K)]
  0x0000023b359475f0 ConcurrentGCThread "G1 Service"                [id=5220, stack(0x000000a8bb400000,0x000000a8bb500000) (1024K)]
Total: 11

Threads with active compile tasks:
C2 CompilerThread0  5614 3435       4       org.apache.maven.model.io.xpp3.MavenXpp3ReaderEx::checkFieldWithDuplicate (75 bytes)
C2 CompilerThread1  5614 3700       4       java.util.ArrayList::grow (60 bytes)
Total: 2

VM state: not at safepoint (normal execution)

VM Mutex/Monitor currently owned by a thread: None

Heap address: 0x0000000082c00000, size: 2004 MB, Compressed Oops mode: 32-bit

CDS archive(s) mapped at: [0x000000000f000000-0x000000000fdd0000-0x000000000fdd0000), size 14483456, SharedBaseAddress: 0x000000000f000000, ArchiveRelocationMode: 1.
Compressed class space mapped at: 0x0000000010000000-0x0000000050000000, reserved size: 1073741824
UseCompressedClassPointers 1, UseCompactObjectHeaders 0
Narrow klass pointer bits 32, Max shift 3
Narrow klass base: 0x000000000f000000, Narrow klass shift: 0
Encoding Range: [0x000000000f000000 - 0x000000010f000000), (4294967296 bytes)
Klass Range:    [0x000000000f010000 - 0x0000000050000000), (1090453504 bytes)
Klass ID Range:  [65536 - 1090519033) (1090453497)
Protection zone: [0x000000000f000000 - 0x000000000f010000), (65536 bytes)

GC Precious Log:
 CardTable entry size: 512
 Card Set container configuration: InlinePtr #cards 5 size 8 Array Of Cards #cards 10 size 36 Howl #buckets 4 coarsen threshold 1843 Howl Bitmap #cards 512 size 80 coarsen threshold 460 Card regions per heap region 1 cards per card region 2048
 CPUs: 16 total, 16 available
 Memory: 8010M
 Large Page Support: Disabled
 NUMA Support: Disabled
 Compressed Oops: Enabled (32-bit)
 Heap Region Size: 1M
 Heap Min Capacity: 8M
 Heap Initial Capacity: 126M
 Heap Max Capacity: 2004M
 Pre-touch: Disabled
 Parallel Workers: 13
 Concurrent Workers: 3
 Concurrent Refinement Workers: 13
 Periodic GC: Disabled

Heap:
 garbage-first heap   total reserved 2052096K, committed 131072K, used 45499K [0x0000000082c00000, 0x0000000100000000)
  region size 1024K, 45 young (46080K), 5 survivors (5120K)

Heap Regions: E=young(eden), S=young(survivor), O=old, HS=humongous(starts), HC=humongous(continues), CS=collection set, F=free, TAMS=top-at-mark-start, PB=parsable bottom
|   0|0x0000000082c00000, 0x0000000082c00000, 0x0000000082d00000|  0%| F|  |TAMS 0x0000000082c00000| PB 0x0000000082c00000| Untracked |  0
|   1|0x0000000082d00000, 0x0000000082d00000, 0x0000000082e00000|  0%| F|  |TAMS 0x0000000082d00000| PB 0x0000000082d00000| Untracked |  0
|   2|0x0000000082e00000, 0x0000000082e00000, 0x0000000082f00000|  0%| F|  |TAMS 0x0000000082e00000| PB 0x0000000082e00000| Untracked |  0
|   3|0x0000000082f00000, 0x0000000082f00000, 0x0000000083000000|  0%| F|  |TAMS 0x0000000082f00000| PB 0x0000000082f00000| Untracked |  0
|   4|0x0000000083000000, 0x0000000083000000, 0x0000000083100000|  0%| F|  |TAMS 0x0000000083000000| PB 0x0000000083000000| Untracked |  0
|   5|0x0000000083100000, 0x0000000083100000, 0x0000000083200000|  0%| F|  |TAMS 0x0000000083100000| PB 0x0000000083100000| Untracked |  0
|   6|0x0000000083200000, 0x0000000083200000, 0x0000000083300000|  0%| F|  |TAMS 0x0000000083200000| PB 0x0000000083200000| Untracked |  0
|   7|0x0000000083300000, 0x0000000083300000, 0x0000000083400000|  0%| F|  |TAMS 0x0000000083300000| PB 0x0000000083300000| Untracked |  0
|   8|0x0000000083400000, 0x0000000083400000, 0x0000000083500000|  0%| F|  |TAMS 0x0000000083400000| PB 0x0000000083400000| Untracked |  0
|   9|0x0000000083500000, 0x0000000083500000, 0x0000000083600000|  0%| F|  |TAMS 0x0000000083500000| PB 0x0000000083500000| Untracked |  0
|  10|0x0000000083600000, 0x0000000083600000, 0x0000000083700000|  0%| F|  |TAMS 0x0000000083600000| PB 0x0000000083600000| Untracked |  0
|  11|0x0000000083700000, 0x0000000083700000, 0x0000000083800000|  0%| F|  |TAMS 0x0000000083700000| PB 0x0000000083700000| Untracked |  0
|  12|0x0000000083800000, 0x0000000083800000, 0x0000000083900000|  0%| F|  |TAMS 0x0000000083800000| PB 0x0000000083800000| Untracked |  0
|  13|0x0000000083900000, 0x0000000083900000, 0x0000000083a00000|  0%| F|  |TAMS 0x0000000083900000| PB 0x0000000083900000| Untracked |  0
|  14|0x0000000083a00000, 0x0000000083a00000, 0x0000000083b00000|  0%| F|  |TAMS 0x0000000083a00000| PB 0x0000000083a00000| Untracked |  0
|  15|0x0000000083b00000, 0x0000000083b00000, 0x0000000083c00000|  0%| F|  |TAMS 0x0000000083b00000| PB 0x0000000083b00000| Untracked |  0
|  16|0x0000000083c00000, 0x0000000083c00000, 0x0000000083d00000|  0%| F|  |TAMS 0x0000000083c00000| PB 0x0000000083c00000| Untracked |  0
|  17|0x0000000083d00000, 0x0000000083d00000, 0x0000000083e00000|  0%| F|  |TAMS 0x0000000083d00000| PB 0x0000000083d00000| Untracked |  0
|  18|0x0000000083e00000, 0x0000000083e00000, 0x0000000083f00000|  0%| F|  |TAMS 0x0000000083e00000| PB 0x0000000083e00000| Untracked |  0
|  19|0x0000000083f00000, 0x0000000083f00000, 0x0000000084000000|  0%| F|  |TAMS 0x0000000083f00000| PB 0x0000000083f00000| Untracked |  0
|  20|0x0000000084000000, 0x0000000084000000, 0x0000000084100000|  0%| F|  |TAMS 0x0000000084000000| PB 0x0000000084000000| Untracked |  0
|  21|0x0000000084100000, 0x0000000084100000, 0x0000000084200000|  0%| F|  |TAMS 0x0000000084100000| PB 0x0000000084100000| Untracked |  0
|  22|0x0000000084200000, 0x0000000084200000, 0x0000000084300000|  0%| F|  |TAMS 0x0000000084200000| PB 0x0000000084200000| Untracked |  0
|  23|0x0000000084300000, 0x0000000084300000, 0x0000000084400000|  0%| F|  |TAMS 0x0000000084300000| PB 0x0000000084300000| Untracked |  0
|  24|0x0000000084400000, 0x0000000084400000, 0x0000000084500000|  0%| F|  |TAMS 0x0000000084400000| PB 0x0000000084400000| Untracked |  0
|  25|0x0000000084500000, 0x0000000084500000, 0x0000000084600000|  0%| F|  |TAMS 0x0000000084500000| PB 0x0000000084500000| Untracked |  0
|  26|0x0000000084600000, 0x0000000084600000, 0x0000000084700000|  0%| F|  |TAMS 0x0000000084600000| PB 0x0000000084600000| Untracked |  0
|  27|0x0000000084700000, 0x0000000084700000, 0x0000000084800000|  0%| F|  |TAMS 0x0000000084700000| PB 0x0000000084700000| Untracked |  0
|  28|0x0000000084800000, 0x0000000084800000, 0x0000000084900000|  0%| F|  |TAMS 0x0000000084800000| PB 0x0000000084800000| Untracked |  0
|  29|0x0000000084900000, 0x0000000084900000, 0x0000000084a00000|  0%| F|  |TAMS 0x0000000084900000| PB 0x0000000084900000| Untracked |  0
|  30|0x0000000084a00000, 0x0000000084a00000, 0x0000000084b00000|  0%| F|  |TAMS 0x0000000084a00000| PB 0x0000000084a00000| Untracked |  0
|  31|0x0000000084b00000, 0x0000000084b00000, 0x0000000084c00000|  0%| F|  |TAMS 0x0000000084b00000| PB 0x0000000084b00000| Untracked |  0
|  32|0x0000000084c00000, 0x0000000084c00000, 0x0000000084d00000|  0%| F|  |TAMS 0x0000000084c00000| PB 0x0000000084c00000| Untracked |  0
|  33|0x0000000084d00000, 0x0000000084d00000, 0x0000000084e00000|  0%| F|  |TAMS 0x0000000084d00000| PB 0x0000000084d00000| Untracked |  0
|  34|0x0000000084e00000, 0x0000000084e00000, 0x0000000084f00000|  0%| F|  |TAMS 0x0000000084e00000| PB 0x0000000084e00000| Untracked |  0
|  35|0x0000000084f00000, 0x0000000084f00000, 0x0000000085000000|  0%| F|  |TAMS 0x0000000084f00000| PB 0x0000000084f00000| Untracked |  0
|  36|0x0000000085000000, 0x0000000085000000, 0x0000000085100000|  0%| F|  |TAMS 0x0000000085000000| PB 0x0000000085000000| Untracked |  0
|  37|0x0000000085100000, 0x0000000085100000, 0x0000000085200000|  0%| F|  |TAMS 0x0000000085100000| PB 0x0000000085100000| Untracked |  0
|  38|0x0000000085200000, 0x0000000085200000, 0x0000000085300000|  0%| F|  |TAMS 0x0000000085200000| PB 0x0000000085200000| Untracked |  0
|  39|0x0000000085300000, 0x0000000085300000, 0x0000000085400000|  0%| F|  |TAMS 0x0000000085300000| PB 0x0000000085300000| Untracked |  0
|  40|0x0000000085400000, 0x0000000085400000, 0x0000000085500000|  0%| F|  |TAMS 0x0000000085400000| PB 0x0000000085400000| Untracked |  0
|  41|0x0000000085500000, 0x0000000085500000, 0x0000000085600000|  0%| F|  |TAMS 0x0000000085500000| PB 0x0000000085500000| Untracked |  0
|  42|0x0000000085600000, 0x0000000085600000, 0x0000000085700000|  0%| F|  |TAMS 0x0000000085600000| PB 0x0000000085600000| Untracked |  0
|  43|0x0000000085700000, 0x0000000085700000, 0x0000000085800000|  0%| F|  |TAMS 0x0000000085700000| PB 0x0000000085700000| Untracked |  0
|  44|0x0000000085800000, 0x0000000085800000, 0x0000000085900000|  0%| F|  |TAMS 0x0000000085800000| PB 0x0000000085800000| Untracked |  0
|  45|0x0000000085900000, 0x0000000085900000, 0x0000000085a00000|  0%| F|  |TAMS 0x0000000085900000| PB 0x0000000085900000| Untracked |  0
|  46|0x0000000085a00000, 0x0000000085a00000, 0x0000000085b00000|  0%| F|  |TAMS 0x0000000085a00000| PB 0x0000000085a00000| Untracked |  0
|  47|0x0000000085b00000, 0x0000000085b00000, 0x0000000085c00000|  0%| F|  |TAMS 0x0000000085b00000| PB 0x0000000085b00000| Untracked |  0
|  48|0x0000000085c00000, 0x0000000085c00000, 0x0000000085d00000|  0%| F|  |TAMS 0x0000000085c00000| PB 0x0000000085c00000| Untracked |  0
|  49|0x0000000085d00000, 0x0000000085d00000, 0x0000000085e00000|  0%| F|  |TAMS 0x0000000085d00000| PB 0x0000000085d00000| Untracked |  0
|  50|0x0000000085e00000, 0x0000000085e00000, 0x0000000085f00000|  0%| F|  |TAMS 0x0000000085e00000| PB 0x0000000085e00000| Untracked |  0
|  51|0x0000000085f00000, 0x0000000085f00000, 0x0000000086000000|  0%| F|  |TAMS 0x0000000085f00000| PB 0x0000000085f00000| Untracked |  0
|  52|0x0000000086000000, 0x0000000086000000, 0x0000000086100000|  0%| F|  |TAMS 0x0000000086000000| PB 0x0000000086000000| Untracked |  0
|  53|0x0000000086100000, 0x0000000086100000, 0x0000000086200000|  0%| F|  |TAMS 0x0000000086100000| PB 0x0000000086100000| Untracked |  0
|  54|0x0000000086200000, 0x0000000086200000, 0x0000000086300000|  0%| F|  |TAMS 0x0000000086200000| PB 0x0000000086200000| Untracked |  0
|  55|0x0000000086300000, 0x0000000086300000, 0x0000000086400000|  0%| F|  |TAMS 0x0000000086300000| PB 0x0000000086300000| Untracked |  0
|  56|0x0000000086400000, 0x0000000086400000, 0x0000000086500000|  0%| F|  |TAMS 0x0000000086400000| PB 0x0000000086400000| Untracked |  0
|  57|0x0000000086500000, 0x0000000086500000, 0x0000000086600000|  0%| F|  |TAMS 0x0000000086500000| PB 0x0000000086500000| Untracked |  0
|  58|0x0000000086600000, 0x0000000086600000, 0x0000000086700000|  0%| F|  |TAMS 0x0000000086600000| PB 0x0000000086600000| Untracked |  0
|  59|0x0000000086700000, 0x0000000086700000, 0x0000000086800000|  0%| F|  |TAMS 0x0000000086700000| PB 0x0000000086700000| Untracked |  0
|  60|0x0000000086800000, 0x0000000086800000, 0x0000000086900000|  0%| F|  |TAMS 0x0000000086800000| PB 0x0000000086800000| Untracked |  0
|  61|0x0000000086900000, 0x0000000086900000, 0x0000000086a00000|  0%| F|  |TAMS 0x0000000086900000| PB 0x0000000086900000| Untracked |  0
|  62|0x0000000086a00000, 0x0000000086a00000, 0x0000000086b00000|  0%| F|  |TAMS 0x0000000086a00000| PB 0x0000000086a00000| Untracked |  0
|  63|0x0000000086b00000, 0x0000000086b00000, 0x0000000086c00000|  0%| F|  |TAMS 0x0000000086b00000| PB 0x0000000086b00000| Untracked |  0
|  64|0x0000000086c00000, 0x0000000086c00000, 0x0000000086d00000|  0%| F|  |TAMS 0x0000000086c00000| PB 0x0000000086c00000| Untracked |  0
|  65|0x0000000086d00000, 0x0000000086d00000, 0x0000000086e00000|  0%| F|  |TAMS 0x0000000086d00000| PB 0x0000000086d00000| Untracked |  0
|  66|0x0000000086e00000, 0x0000000086e00000, 0x0000000086f00000|  0%| F|  |TAMS 0x0000000086e00000| PB 0x0000000086e00000| Untracked |  0
|  67|0x0000000086f00000, 0x0000000086f00000, 0x0000000087000000|  0%| F|  |TAMS 0x0000000086f00000| PB 0x0000000086f00000| Untracked |  0
|  68|0x0000000087000000, 0x0000000087000000, 0x0000000087100000|  0%| F|  |TAMS 0x0000000087000000| PB 0x0000000087000000| Untracked |  0
|  69|0x0000000087100000, 0x0000000087100000, 0x0000000087200000|  0%| F|  |TAMS 0x0000000087100000| PB 0x0000000087100000| Untracked |  0
|  70|0x0000000087200000, 0x0000000087200000, 0x0000000087300000|  0%| F|  |TAMS 0x0000000087200000| PB 0x0000000087200000| Untracked |  0
|  71|0x0000000087300000, 0x0000000087300000, 0x0000000087400000|  0%| F|  |TAMS 0x0000000087300000| PB 0x0000000087300000| Untracked |  0
|  72|0x0000000087400000, 0x0000000087400000, 0x0000000087500000|  0%| F|  |TAMS 0x0000000087400000| PB 0x0000000087400000| Untracked |  0
|  73|0x0000000087500000, 0x0000000087500000, 0x0000000087600000|  0%| F|  |TAMS 0x0000000087500000| PB 0x0000000087500000| Untracked |  0
|  74|0x0000000087600000, 0x0000000087649690, 0x0000000087700000| 28%| S|CS|TAMS 0x0000000087600000| PB 0x0000000087600000| Complete |  0
|  75|0x0000000087700000, 0x0000000087800000, 0x0000000087800000|100%| S|CS|TAMS 0x0000000087700000| PB 0x0000000087700000| Complete |  0
|  76|0x0000000087800000, 0x0000000087900000, 0x0000000087900000|100%| S|CS|TAMS 0x0000000087800000| PB 0x0000000087800000| Complete |  0
|  77|0x0000000087900000, 0x0000000087a00000, 0x0000000087a00000|100%| S|CS|TAMS 0x0000000087900000| PB 0x0000000087900000| Complete |  0
|  78|0x0000000087a00000, 0x0000000087b00000, 0x0000000087b00000|100%| S|CS|TAMS 0x0000000087a00000| PB 0x0000000087a00000| Complete |  0
|  79|0x0000000087b00000, 0x0000000087b00000, 0x0000000087c00000|  0%| F|  |TAMS 0x0000000087b00000| PB 0x0000000087b00000| Untracked |  0
|  80|0x0000000087c00000, 0x0000000087c00000, 0x0000000087d00000|  0%| F|  |TAMS 0x0000000087c00000| PB 0x0000000087c00000| Untracked |  0
|  81|0x0000000087d00000, 0x0000000087d00000, 0x0000000087e00000|  0%| F|  |TAMS 0x0000000087d00000| PB 0x0000000087d00000| Untracked |  0
|  82|0x0000000087e00000, 0x0000000087e00000, 0x0000000087f00000|  0%| F|  |TAMS 0x0000000087e00000| PB 0x0000000087e00000| Untracked |  0
|  83|0x0000000087f00000, 0x0000000087f00000, 0x0000000088000000|  0%| F|  |TAMS 0x0000000087f00000| PB 0x0000000087f00000| Untracked |  0
|  84|0x0000000088000000, 0x0000000088000000, 0x0000000088100000|  0%| F|  |TAMS 0x0000000088000000| PB 0x0000000088000000| Untracked |  0
|  85|0x0000000088100000, 0x0000000088100000, 0x0000000088200000|  0%| F|  |TAMS 0x0000000088100000| PB 0x0000000088100000| Untracked |  0
|  86|0x0000000088200000, 0x0000000088300000, 0x0000000088300000|100%| E|  |TAMS 0x0000000088200000| PB 0x0000000088200000| Complete |  0
|  87|0x0000000088300000, 0x0000000088400000, 0x0000000088400000|100%| E|CS|TAMS 0x0000000088300000| PB 0x0000000088300000| Complete |  0
|  88|0x0000000088400000, 0x0000000088500000, 0x0000000088500000|100%| E|CS|TAMS 0x0000000088400000| PB 0x0000000088400000| Complete |  0
|  89|0x0000000088500000, 0x0000000088600000, 0x0000000088600000|100%| E|CS|TAMS 0x0000000088500000| PB 0x0000000088500000| Complete |  0
|  90|0x0000000088600000, 0x0000000088700000, 0x0000000088700000|100%| E|CS|TAMS 0x0000000088600000| PB 0x0000000088600000| Complete |  0
|  91|0x0000000088700000, 0x0000000088800000, 0x0000000088800000|100%| E|CS|TAMS 0x0000000088700000| PB 0x0000000088700000| Complete |  0
|  92|0x0000000088800000, 0x0000000088900000, 0x0000000088900000|100%| E|CS|TAMS 0x0000000088800000| PB 0x0000000088800000| Complete |  0
|  93|0x0000000088900000, 0x0000000088a00000, 0x0000000088a00000|100%| E|CS|TAMS 0x0000000088900000| PB 0x0000000088900000| Complete |  0
|  94|0x0000000088a00000, 0x0000000088b00000, 0x0000000088b00000|100%| E|CS|TAMS 0x0000000088a00000| PB 0x0000000088a00000| Complete |  0
|  95|0x0000000088b00000, 0x0000000088c00000, 0x0000000088c00000|100%| E|CS|TAMS 0x0000000088b00000| PB 0x0000000088b00000| Complete |  0
|  96|0x0000000088c00000, 0x0000000088d00000, 0x0000000088d00000|100%| E|CS|TAMS 0x0000000088c00000| PB 0x0000000088c00000| Complete |  0
|  97|0x0000000088d00000, 0x0000000088e00000, 0x0000000088e00000|100%| E|CS|TAMS 0x0000000088d00000| PB 0x0000000088d00000| Complete |  0
|  98|0x0000000088e00000, 0x0000000088f00000, 0x0000000088f00000|100%| E|CS|TAMS 0x0000000088e00000| PB 0x0000000088e00000| Complete |  0
|  99|0x0000000088f00000, 0x0000000089000000, 0x0000000089000000|100%| E|CS|TAMS 0x0000000088f00000| PB 0x0000000088f00000| Complete |  0
| 100|0x0000000089000000, 0x0000000089100000, 0x0000000089100000|100%| E|CS|TAMS 0x0000000089000000| PB 0x0000000089000000| Complete |  0
| 101|0x0000000089100000, 0x0000000089200000, 0x0000000089200000|100%| E|CS|TAMS 0x0000000089100000| PB 0x0000000089100000| Complete |  0
| 102|0x0000000089200000, 0x0000000089300000, 0x0000000089300000|100%| E|CS|TAMS 0x0000000089200000| PB 0x0000000089200000| Complete |  0
| 103|0x0000000089300000, 0x0000000089400000, 0x0000000089400000|100%| E|CS|TAMS 0x0000000089300000| PB 0x0000000089300000| Complete |  0
| 104|0x0000000089400000, 0x0000000089500000, 0x0000000089500000|100%| E|CS|TAMS 0x0000000089400000| PB 0x0000000089400000| Complete |  0
| 105|0x0000000089500000, 0x0000000089600000, 0x0000000089600000|100%| E|CS|TAMS 0x0000000089500000| PB 0x0000000089500000| Complete |  0
| 106|0x0000000089600000, 0x0000000089700000, 0x0000000089700000|100%| E|CS|TAMS 0x0000000089600000| PB 0x0000000089600000| Complete |  0
| 107|0x0000000089700000, 0x0000000089800000, 0x0000000089800000|100%| E|CS|TAMS 0x0000000089700000| PB 0x0000000089700000| Complete |  0
| 108|0x0000000089800000, 0x0000000089900000, 0x0000000089900000|100%| E|CS|TAMS 0x0000000089800000| PB 0x0000000089800000| Complete |  0
| 109|0x0000000089900000, 0x0000000089a00000, 0x0000000089a00000|100%| E|CS|TAMS 0x0000000089900000| PB 0x0000000089900000| Complete |  0
| 110|0x0000000089a00000, 0x0000000089b00000, 0x0000000089b00000|100%| E|CS|TAMS 0x0000000089a00000| PB 0x0000000089a00000| Complete |  0
| 111|0x0000000089b00000, 0x0000000089c00000, 0x0000000089c00000|100%| E|CS|TAMS 0x0000000089b00000| PB 0x0000000089b00000| Complete |  0
| 112|0x0000000089c00000, 0x0000000089d00000, 0x0000000089d00000|100%| E|CS|TAMS 0x0000000089c00000| PB 0x0000000089c00000| Complete |  0
| 113|0x0000000089d00000, 0x0000000089e00000, 0x0000000089e00000|100%| E|CS|TAMS 0x0000000089d00000| PB 0x0000000089d00000| Complete |  0
| 114|0x0000000089e00000, 0x0000000089f00000, 0x0000000089f00000|100%| E|CS|TAMS 0x0000000089e00000| PB 0x0000000089e00000| Complete |  0
| 115|0x0000000089f00000, 0x000000008a000000, 0x000000008a000000|100%| E|CS|TAMS 0x0000000089f00000| PB 0x0000000089f00000| Complete |  0
| 116|0x000000008a000000, 0x000000008a100000, 0x000000008a100000|100%| E|CS|TAMS 0x000000008a000000| PB 0x000000008a000000| Complete |  0
| 117|0x000000008a100000, 0x000000008a200000, 0x000000008a200000|100%| E|CS|TAMS 0x000000008a100000| PB 0x000000008a100000| Complete |  0
| 118|0x000000008a200000, 0x000000008a300000, 0x000000008a300000|100%| E|CS|TAMS 0x000000008a200000| PB 0x000000008a200000| Complete |  0
| 119|0x000000008a300000, 0x000000008a400000, 0x000000008a400000|100%| E|CS|TAMS 0x000000008a300000| PB 0x000000008a300000| Complete |  0
| 120|0x000000008a400000, 0x000000008a500000, 0x000000008a500000|100%| E|CS|TAMS 0x000000008a400000| PB 0x000000008a400000| Complete |  0
| 121|0x000000008a500000, 0x000000008a600000, 0x000000008a600000|100%| E|CS|TAMS 0x000000008a500000| PB 0x000000008a500000| Complete |  0
| 122|0x000000008a600000, 0x000000008a700000, 0x000000008a700000|100%| E|CS|TAMS 0x000000008a600000| PB 0x000000008a600000| Complete |  0
| 123|0x000000008a700000, 0x000000008a800000, 0x000000008a800000|100%| E|CS|TAMS 0x000000008a700000| PB 0x000000008a700000| Complete |  0
| 124|0x000000008a800000, 0x000000008a900000, 0x000000008a900000|100%| E|CS|TAMS 0x000000008a800000| PB 0x000000008a800000| Complete |  0
| 125|0x000000008a900000, 0x000000008aa00000, 0x000000008aa00000|100%| E|CS|TAMS 0x000000008a900000| PB 0x000000008a900000| Complete |  0
|2002|0x00000000ffe00000, 0x00000000fff00000, 0x00000000fff00000|100%| O|  |TAMS 0x00000000ffe00000| PB 0x00000000ffe00000| Untracked |  0
|2003|0x00000000fff00000, 0x00000000fff256a0, 0x0000000100000000| 14%| O|  |TAMS 0x00000000fff00000| PB 0x00000000fff00000| Untracked |  0

Card table byte_map: [0x0000023b30a30000,0x0000023b30e20000] _byte_map_base: 0x0000023b3061a000

Marking Bits: (CMBitMap*) 0x0000023b1859f380
 Bits: [0x0000023b30e20000, 0x0000023b32d70000)

Polling page: 0x0000023b16410000

Metaspace:
Metaspace        used 14721K, committed 14912K, reserved 1114112K
 class space     used 1397K, committed 1472K, reserved 1048576K

Usage:
  Non-class:     13.01 MB used.
      Class:      1.36 MB used.
       Both:     14.38 MB used.

Virtual space:
  Non-class space:       64.00 MB reserved,      13.12 MB ( 21%) committed,  1 nodes.
      Class space:        1.00 GB reserved,       1.44 MB ( <1%) committed,  1 nodes.
             Both:        1.06 GB reserved,      14.56 MB (  1%) committed. 

Chunk freelists:
   Non-Class:  2.31 MB
       Class:  14.56 MB
        Both:  16.88 MB

MaxMetaspaceSize: unlimited
CompressedClassSpaceSize: 1.00 GB
Initial GC threshold: 21.00 MB
Current GC threshold: 21.00 MB
CDS: on
 - commit_granule_bytes: 65536.
 - commit_granule_words: 8192.
 - virtual_space_node_default_size: 8388608.
 - enlarge_chunks_in_place: 1.
UseCompressedClassPointers 1, UseCompactObjectHeaders 0
Narrow klass pointer bits 32, Max shift 3
Narrow klass base: 0x000000000f000000, Narrow klass shift: 0
Encoding Range: [0x000000000f000000 - 0x000000010f000000), (4294967296 bytes)
Klass Range:    [0x000000000f010000 - 0x0000000050000000), (1090453504 bytes)
Klass ID Range:  [65536 - 1090519033) (1090453497)
Protection zone: [0x000000000f000000 - 0x000000000f010000), (65536 bytes)


Internal statistics:

num_allocs_failed_limit: 0.
num_arena_births: 116.
num_arena_deaths: 0.
num_vsnodes_births: 2.
num_vsnodes_deaths: 0.
num_space_committed: 233.
num_space_uncommitted: 0.
num_chunks_returned_to_freelist: 0.
num_chunks_taken_from_freelist: 629.
num_chunk_merges: 0.
num_chunk_splits: 435.
num_chunks_enlarged: 345.
num_inconsistent_stats: 0.

CodeHeap 'non-profiled nmethods': size=119232Kb used=1033Kb max_used=1033Kb free=118198Kb
 bounds [0x0000023b28950000, 0x0000023b28bc0000, 0x0000023b2fdc0000]
CodeHeap 'profiled nmethods': size=119104Kb used=5943Kb max_used=5943Kb free=113160Kb
 bounds [0x0000023b20dc0000, 0x0000023b21390000, 0x0000023b28210000]
CodeHeap 'non-nmethods': size=7424Kb used=2517Kb max_used=3134Kb free=4906Kb
 bounds [0x0000023b28210000, 0x0000023b28530000, 0x0000023b28950000]
CodeCache: size=245760Kb, used=9493Kb, max_used=10110Kb, free=236264Kb
 total_blobs=4231, nmethods=3719, adapters=412, full_count=0
Compilation: enabled, stopped_count=0, restarted_count=0

Compilation events (20 events):
Event: 4.532 Thread 0x0000023b3a0fb720 nmethod 3580 0x0000023b28a3ed88 code [0x0000023b28a3ee80, 0x0000023b28a3ef28]
Event: 4.532 Thread 0x0000023b35afcb20 nmethod 3581 0x0000023b21365008 code [0x0000023b21365100, 0x0000023b21365258]
Event: 4.534 Thread 0x0000023b3a0fb720 3582       3       java.util.regex.Pattern::expr (142 bytes)
Event: 4.536 Thread 0x0000023b3a0fb720 nmethod 3582 0x0000023b21365308 code [0x0000023b21365400, 0x0000023b21365ef8]
Event: 4.536 Thread 0x0000023b3abb8530 3583       3       java.util.regex.Pattern$$Lambda/0x800000028::is (13 bytes)
Event: 4.536 Thread 0x0000023b3a0fb720 3584       3       java.util.regex.Pattern::lambda$Range$0 (7 bytes)
Event: 4.536 Thread 0x0000023b35afcb20 3585       3       java.util.regex.Pattern::inRange (16 bytes)
Event: 4.536 Thread 0x0000023b3a0fb720 nmethod 3584 0x0000023b21365f08 code [0x0000023b21366000, 0x0000023b213661c0]
Event: 4.536 Thread 0x0000023b35afcb20 nmethod 3585 0x0000023b21366208 code [0x0000023b21366300, 0x0000023b21366460]
Event: 4.536 Thread 0x0000023b3abb8530 nmethod 3583 0x0000023b21366508 code [0x0000023b21366600, 0x0000023b21366840]
Event: 4.538 Thread 0x0000023b35afcb20 3586       3       java.util.concurrent.ConcurrentHashMap::<init> (9 bytes)
Event: 4.539 Thread 0x0000023b35afcb20 nmethod 3586 0x0000023b21366888 code [0x0000023b213669a0, 0x0000023b21366ae0]
Event: 4.542 Thread 0x0000023b3a0fb720 3588       3       java.util.regex.Pattern$CharProperty::study (29 bytes)
Event: 4.542 Thread 0x0000023b3a0fb720 nmethod 3588 0x0000023b21366b88 code [0x0000023b21366c80, 0x0000023b21366e68]
Event: 4.542 Thread 0x0000023b3abb8530 3589       3       org.apache.maven.model.PluginContainer::setLocation (126 bytes)
Event: 4.543 Thread 0x0000023b3a0fb720 3590       3       org.codehaus.plexus.interpolation.util.StringUtils::capitalizeFirstLetter (52 bytes)
Event: 4.543 Thread 0x0000023b3abb8530 nmethod 3589 0x0000023b21366e88 code [0x0000023b21366f80, 0x0000023b21368000]
Event: 4.544 Thread 0x0000023b3a0fb720 nmethod 3590 0x0000023b21368088 code [0x0000023b21368180, 0x0000023b21369400]
Event: 4.548 Thread 0x0000023b3a0fb720 3591       3       java.util.regex.Pattern$Branch::match (66 bytes)
Event: 5.546 Thread 0x0000023b3a0fb720 nmethod 3591 0x0000023b21369488 code [0x0000023b21369580, 0x0000023b21369a18]

GC Heap Usage History (2 events):
Event: 2.640 {heap Before GC invocations=0 (full 0):
 garbage-first heap   total reserved 2052096K, committed 131072K, used 49301K [0x0000000082c00000, 0x0000000100000000)
  region size 1024K, 47 young (48128K), 0 survivors (0K)
}
Event: 2.649 {heap After GC invocations=1 (full 0):
 garbage-first heap   total reserved 2052096K, committed 131072K, used 5563K [0x0000000082c00000, 0x0000000100000000)
  region size 1024K, 5 young (5120K), 5 survivors (5120K)
}

Metaspace Usage History (2 events):
Event: 2.640 {metaspace Before GC invocations=0 (full 0):
 Metaspace       used 8846K, committed 8960K, reserved 1114112K
  class space    used 770K, committed 832K, reserved 1048576K
}
Event: 2.649 {metaspace After GC invocations=1 (full 0):
 Metaspace       used 8846K, committed 8960K, reserved 1114112K
  class space    used 770K, committed 832K, reserved 1048576K
}

Dll operation events (7 events):
Event: 0.038 Loaded shared library C:\Program Files\Java\jdk-25\bin\java.dll
Event: 0.163 Loaded shared library C:\Program Files\Java\jdk-25\bin\net.dll
Event: 0.167 Loaded shared library C:\Program Files\Java\jdk-25\bin\nio.dll
Event: 0.174 Loaded shared library C:\Program Files\Java\jdk-25\bin\zip.dll
Event: 0.451 Loaded shared library C:\Program Files\Java\jdk-25\bin\jimage.dll
Event: 0.453 Loaded shared library C:\Users\ASUS\.m2\wrapper\dists\apache-maven-3.9.14\ed7edd442f634ac1c1ef5ba2b61b6d690b5221091f1a8e1123f5fadcc967520d\lib\jansi-native\Windows\x86_64\jansi.dll
Event: 0.474 Loaded shared library C:\Program Files\Java\jdk-25\bin\verify.dll

Deoptimization events (20 events):
Event: 4.417 Thread 0x0000023b16176b20 Uncommon trap: trap_request=0xffffff45 fr.pc=0x0000023b289acdc0 relative=0x00000000000002c0
Event: 4.417 Thread 0x0000023b16176b20 Uncommon trap: reason=unstable_if action=reinterpret pc=0x0000023b289acdc0 method=java.lang.String.decodeASCII([BI[CII)I @ 13 c2
Event: 4.417 Thread 0x0000023b16176b20 DEOPT PACKING pc=0x0000023b289acdc0 sp=0x000000a8baffdd70
Event: 4.417 Thread 0x0000023b16176b20 DEOPT UNPACKING pc=0x0000023b28331b82 sp=0x000000a8baffdc70 mode 2
Event: 4.418 Thread 0x0000023b16176b20 Uncommon trap: trap_request=0xffffff45 fr.pc=0x0000023b289ad4a0 relative=0x00000000000002a0
Event: 4.418 Thread 0x0000023b16176b20 Uncommon trap: reason=unstable_if action=reinterpret pc=0x0000023b289ad4a0 method=java.lang.String.decodeASCII([BI[CII)I @ 13 c2
Event: 4.418 Thread 0x0000023b16176b20 DEOPT PACKING pc=0x0000023b289ad4a0 sp=0x000000a8baffdbf0
Event: 4.418 Thread 0x0000023b16176b20 DEOPT UNPACKING pc=0x0000023b28331b82 sp=0x000000a8baffdba0 mode 2
Event: 4.418 Thread 0x0000023b16176b20 Uncommon trap: trap_request=0xffffff45 fr.pc=0x0000023b28985860 relative=0x00000000000001e0
Event: 4.418 Thread 0x0000023b16176b20 Uncommon trap: reason=unstable_if action=reinterpret pc=0x0000023b28985860 method=java.lang.StringUTF16.compress([CI[BII)I @ 20 c2
Event: 4.418 Thread 0x0000023b16176b20 DEOPT PACKING pc=0x0000023b28985860 sp=0x000000a8baffe140
Event: 4.418 Thread 0x0000023b16176b20 DEOPT UNPACKING pc=0x0000023b28331b82 sp=0x000000a8baffe0b0 mode 2
Event: 4.421 Thread 0x0000023b16176b20 Uncommon trap: trap_request=0xffffff45 fr.pc=0x0000023b289ee648 relative=0x00000000000001c8
Event: 4.421 Thread 0x0000023b16176b20 Uncommon trap: reason=unstable_if action=reinterpret pc=0x0000023b289ee648 method=java.lang.String.indexOf(Ljava/lang/String;)I @ 10 c2
Event: 4.421 Thread 0x0000023b16176b20 DEOPT PACKING pc=0x0000023b289ee648 sp=0x000000a8baffe500
Event: 4.421 Thread 0x0000023b16176b20 DEOPT UNPACKING pc=0x0000023b28331b82 sp=0x000000a8baffe490 mode 2
Event: 4.440 Thread 0x0000023b16176b20 DEOPT PACKING pc=0x0000023b2127b4d9 sp=0x000000a8baffe3e0
Event: 4.440 Thread 0x0000023b16176b20 DEOPT UNPACKING pc=0x0000023b28261702 sp=0x000000a8baffd908 mode 0
Event: 4.469 Thread 0x0000023b16176b20 DEOPT PACKING pc=0x0000023b2127b4d9 sp=0x000000a8baffe230
Event: 4.469 Thread 0x0000023b16176b20 DEOPT UNPACKING pc=0x0000023b28261702 sp=0x000000a8baffd758 mode 0

Classes loaded (20 events):
Event: 4.264 Loading class java/lang/invoke/BoundMethodHandle$Species_LI
Event: 4.264 Loading class java/lang/invoke/BoundMethodHandle$Species_LI done
Event: 4.264 Loading class java/lang/invoke/ClassSpecializer$Factory$1
Event: 4.264 Loading class java/lang/invoke/ClassSpecializer$Factory$1 done
Event: 4.264 Loading class java/lang/invoke/ClassSpecializer$Factory$1$1
Event: 4.265 Loading class java/lang/invoke/ClassSpecializer$Factory$1$1 done
Event: 4.265 Loading class java/lang/invoke/ClassSpecializer$Factory$1$1Var
Event: 4.265 Loading class java/lang/invoke/ClassSpecializer$Factory$1$1Var done
Event: 4.265 Loading class java/lang/invoke/ClassSpecializer$Factory$1$2
Event: 4.265 Loading class java/lang/invoke/ClassSpecializer$Factory$1$2 done
Event: 4.266 Loading class java/lang/invoke/ClassSpecializer$Factory$1$3
Event: 4.266 Loading class java/lang/invoke/ClassSpecializer$Factory$1$3 done
Event: 4.266 Loading class java/lang/invoke/ClassSpecializer$Factory$1$4
Event: 4.266 Loading class java/lang/invoke/ClassSpecializer$Factory$1$4 done
Event: 4.266 Loading class java/lang/invoke/ClassSpecializer$Factory$1$5
Event: 4.267 Loading class java/lang/invoke/ClassSpecializer$Factory$1$5 done
Event: 4.267 Loading class java/lang/invoke/ClassSpecializer$Factory$1$5$1
Event: 4.267 Loading class java/lang/invoke/ClassSpecializer$Factory$1$5$1 done
Event: 4.373 Loading class java/util/stream/Streams$RangeIntSpliterator
Event: 4.374 Loading class java/util/stream/Streams$RangeIntSpliterator done

Classes unloaded (0 events):
No events

Classes redefined (0 events):
No events

Internal exceptions (20 events):
Event: 1.084 Thread 0x0000023b16176b20 Exception <a 'java/lang/NoSuchMethodError'{0x00000000899ba5e8}: 'int java.lang.invoke.DirectMethodHandle$Holder.invokeStatic(java.lang.Object, java.lang.Object, java.lang.Object, java.lang.Object)'> (0x00000000899ba5e8) 
thrown [s\open\src\hotspot\share\interpreter\linkResolver.cpp, line 804]
Event: 1.097 Thread 0x0000023b16176b20 Exception <a 'java/lang/NoSuchMethodError'{0x00000000899e41c0}: 'int java.lang.invoke.DirectMethodHandle$Holder.invokeSpecialIFC(java.lang.Object, java.lang.Object, java.lang.Object, java.lang.Object, java.lang.Object)'> (0x00000000899e41c0) 
thrown [s\open\src\hotspot\share\interpreter\linkResolver.cpp, line 804]
Event: 1.222 Thread 0x0000023b16176b20 Exception <a 'java/lang/NoSuchMethodError'{0x00000000897c06f0}: 'java.lang.Object java.lang.invoke.DirectMethodHandle$Holder.newInvokeSpecial(java.lang.Object, java.lang.Object, java.lang.Object, java.lang.Object, java.lang.Object)'> (0x00000000897c06f0) 
thrown [s\open\src\hotspot\share\interpreter\linkResolver.cpp, line 804]
Event: 1.286 Thread 0x0000023b16176b20 Exception <a 'java/lang/NoSuchMethodError'{0x00000000896e2200}: 'int java.lang.invoke.DirectMethodHandle$Holder.invokeStaticInit(java.lang.Object, java.lang.Object)'> (0x00000000896e2200) 
thrown [s\open\src\hotspot\share\interpreter\linkResolver.cpp, line 804]
Event: 1.303 Thread 0x0000023b16176b20 Exception <a 'java/lang/NoClassDefFoundError'{0x000000008951d930}: javax/enterprise/inject/Typed> (0x000000008951d930) 
thrown [s\open\src\hotspot\share\classfile\systemDictionary.cpp, line 316]
Event: 3.143 Thread 0x0000023b16176b20 Exception <a 'java/lang/NoSuchMethodError'{0x000000008a2cb418}: 'void java.lang.invoke.DirectMethodHandle$Holder.invokeStaticInit(java.lang.Object, java.lang.Object, java.lang.Object)'> (0x000000008a2cb418) 
thrown [s\open\src\hotspot\share\interpreter\linkResolver.cpp, line 804]
Event: 3.177 Thread 0x0000023b16176b20 Implicit null exception at 0x0000023b289c1e1d to 0x0000023b289c1fac
Event: 3.182 Thread 0x0000023b16176b20 Exception <a 'java/lang/NoSuchMethodError'{0x000000008a158ab0}: 'java.lang.Object java.lang.invoke.Invokers$Holder.invokeExact_MT(java.lang.Object, int, java.lang.Object)'> (0x000000008a158ab0) 
thrown [s\open\src\hotspot\share\interpreter\linkResolver.cpp, line 804]
Event: 3.693 Thread 0x0000023b16176b20 Exception <a 'java/lang/NoSuchMethodError'{0x00000000899731c0}: 'void java.lang.invoke.Invokers$Holder.invokeExact_MT(java.lang.Object, java.lang.Object, java.lang.Object, java.lang.Object)'> (0x00000000899731c0) 
thrown [s\open\src\hotspot\share\interpreter\linkResolver.cpp, line 804]
Event: 3.723 Thread 0x0000023b16176b20 Exception <a 'java/lang/NoClassDefFoundError'{0x0000000089808d90}: com/google/inject/servlet/ServletModuleTargetVisitor> (0x0000000089808d90) 
thrown [s\open\src\hotspot\share\classfile\systemDictionary.cpp, line 316]
Event: 3.933 Thread 0x0000023b16176b20 Exception <a 'java/lang/NoSuchMethodError'{0x00000000896869b8}: 'java.lang.Object java.lang.invoke.DirectMethodHandle$Holder.invokeStaticInit(java.lang.Object, int, int, int, int)'> (0x00000000896869b8) 
thrown [s\open\src\hotspot\share\interpreter\linkResolver.cpp, line 804]
Event: 4.080 Thread 0x0000023b16176b20 Implicit null exception at 0x0000023b289b3f36 to 0x0000023b289b4908
Event: 4.080 Thread 0x0000023b16176b20 Implicit null exception at 0x0000023b2898e036 to 0x0000023b2898ea18
Event: 4.141 Thread 0x0000023b16176b20 Exception <a 'java/lang/NoSuchMethodError'{0x00000000892eddf0}: 'void java.lang.invoke.DirectMethodHandle$Holder.invokeSpecial(java.lang.Object, java.lang.Object, java.lang.Object, java.lang.Object, java.lang.Object)'> (0x00000000892eddf0) 
thrown [s\open\src\hotspot\share\interpreter\linkResolver.cpp, line 804]
Event: 4.148 Thread 0x0000023b16176b20 Exception <a 'java/lang/NoSuchMethodError'{0x00000000891264a8}: 'void java.lang.invoke.DirectMethodHandle$Holder.invokeSpecial(java.lang.Object, java.lang.Object, java.lang.Object, java.lang.Object, java.lang.Object, java.lang.Object)'> (0x00000000891264a8) 
thrown [s\open\src\hotspot\share\interpreter\linkResolver.cpp, line 804]
Event: 4.174 Thread 0x0000023b16176b20 Exception <a 'java/lang/NoSuchMethodError'{0x0000000089023e28}: 'java.lang.Object java.lang.invoke.DirectMethodHandle$Holder.invokeVirtual(java.lang.Object, java.lang.Object, java.lang.Object)'> (0x0000000089023e28) 
thrown [s\open\src\hotspot\share\interpreter\linkResolver.cpp, line 804]
Event: 4.261 Thread 0x0000023b16176b20 Exception <a 'java/lang/NoSuchMethodError'{0x0000000088fa66a8}: 'void java.lang.invoke.DirectMethodHandle$Holder.invokeVirtual(java.lang.Object, java.lang.Object, int)'> (0x0000000088fa66a8) 
thrown [s\open\src\hotspot\share\interpreter\linkResolver.cpp, line 804]
Event: 4.269 Thread 0x0000023b16176b20 Exception <a 'java/lang/NoSuchMethodError'{0x0000000088fbf5a8}: 'java.lang.Object java.lang.invoke.DirectMethodHandle$Holder.invokeStatic(java.lang.Object, java.lang.Object, java.lang.Object, java.lang.Object, int)'> (0x0000000088fbf5a8) 
thrown [s\open\src\hotspot\share\interpreter\linkResolver.cpp, line 804]
Event: 4.272 Thread 0x0000023b16176b20 Exception <a 'java/lang/NoSuchMethodError'{0x0000000088fd0cd8}: 'void java.lang.invoke.DirectMethodHandle$Holder.invokeSpecial(java.lang.Object, java.lang.Object, java.lang.Object, int)'> (0x0000000088fd0cd8) 
thrown [s\open\src\hotspot\share\interpreter\linkResolver.cpp, line 804]
Event: 4.272 Thread 0x0000023b16176b20 Exception <a 'java/lang/NoSuchMethodError'{0x0000000088fd9070}: 'void java.lang.invoke.DelegatingMethodHandle$Holder.reinvoke_L(java.lang.Object, java.lang.Object, int)'> (0x0000000088fd9070) 
thrown [s\open\src\hotspot\share\interpreter\linkResolver.cpp, line 804]

VM Operations (20 events):
Event: 3.155 Executing non-safepoint VM operation: HandshakeAllThreads (Deoptimize)
Event: 3.155 Executing non-safepoint VM operation: HandshakeAllThreads (Deoptimize) done
Event: 3.263 Executing non-safepoint VM operation: HandshakeAllThreads (Deoptimize)
Event: 3.263 Executing non-safepoint VM operation: HandshakeAllThreads (Deoptimize) done
Event: 3.267 Executing non-safepoint VM operation: HandshakeAllThreads (Deoptimize)
Event: 3.267 Executing non-safepoint VM operation: HandshakeAllThreads (Deoptimize) done
Event: 3.373 Executing non-safepoint VM operation: HandshakeAllThreads (Deoptimize)
Event: 3.373 Executing non-safepoint VM operation: HandshakeAllThreads (Deoptimize) done
Event: 3.679 Executing non-safepoint VM operation: HandshakeAllThreads (Deoptimize)
Event: 3.679 Executing non-safepoint VM operation: HandshakeAllThreads (Deoptimize) done
Event: 3.848 Executing non-safepoint VM operation: HandshakeAllThreads (Deoptimize)
Event: 3.848 Executing non-safepoint VM operation: HandshakeAllThreads (Deoptimize) done
Event: 3.898 Executing non-safepoint VM operation: HandshakeAllThreads (Deoptimize)
Event: 3.898 Executing non-safepoint VM operation: HandshakeAllThreads (Deoptimize) done
Event: 3.968 Executing non-safepoint VM operation: HandshakeAllThreads (Deoptimize)
Event: 3.968 Executing non-safepoint VM operation: HandshakeAllThreads (Deoptimize) done
Event: 4.035 Executing non-safepoint VM operation: HandshakeAllThreads (Deoptimize)
Event: 4.035 Executing non-safepoint VM operation: HandshakeAllThreads (Deoptimize) done
Event: 4.037 Executing non-safepoint VM operation: HandshakeAllThreads (Deoptimize)
Event: 4.037 Executing non-safepoint VM operation: HandshakeAllThreads (Deoptimize) done

Memory protections (0 events):
No events

Nmethod flushes (0 events):
No events

Events (20 events):
Event: 0.116 Thread 0x0000023b16176b20 Thread added: 0x0000023b35aa5520
Event: 0.116 Thread 0x0000023b16176b20 Thread added: 0x0000023b35aa6e50
Event: 0.117 Thread 0x0000023b16176b20 Thread added: 0x0000023b35aa84d0
Event: 0.117 Thread 0x0000023b16176b20 Thread added: 0x0000023b35aa9090
Event: 0.117 Thread 0x0000023b16176b20 Thread added: 0x0000023b35aac530
Event: 0.117 Thread 0x0000023b16176b20 Thread added: 0x0000023b35ab1370
Event: 0.118 Thread 0x0000023b16176b20 Thread added: 0x0000023b35ac5c80
Event: 0.118 Thread 0x0000023b16176b20 Thread added: 0x0000023b35afcb20
Event: 0.127 Thread 0x0000023b35afcb20 Thread added: 0x0000023b3a0fb720
Event: 0.128 Thread 0x0000023b3a0fb720 Thread added: 0x0000023b3a10d360
Event: 0.155 Thread 0x0000023b16176b20 Thread added: 0x0000023b3a165f20
Event: 0.159 Thread 0x0000023b16176b20 Thread added: 0x0000023b3a169320
Event: 0.445 Thread 0x0000023b16176b20 Thread added: 0x0000023b3a2b8da0
Event: 0.474 Thread 0x0000023b3a2b8da0 Thread exited: 0x0000023b3a2b8da0
Event: 0.749 Thread 0x0000023b3a0fb720 Thread added: 0x0000023b3abb8530
Event: 0.759 Thread 0x0000023b35afcb20 Thread added: 0x0000023b3ab30c50
Event: 1.092 Thread 0x0000023b3ab30c50 Thread exited: 0x0000023b3ab30c50
Event: 1.323 Thread 0x0000023b35afcb20 Thread added: 0x0000023b3acddf90
Event: 2.480 Thread 0x0000023b3acddf90 Thread exited: 0x0000023b3acddf90
Event: 5.546 Thread 0x0000023b3abb8530 Thread exited: 0x0000023b3abb8530


Dynamic libraries:
0x00007ff79fb90000 - 0x00007ff79fba0000 	C:\Program Files\Java\jdk-25\bin\java.exe
0x00007ffe77220000 - 0x00007ffe77489000 	C:\WINDOWS\SYSTEM32\ntdll.dll
0x00007ffe75fa0000 - 0x00007ffe76069000 	C:\WINDOWS\System32\KERNEL32.DLL
0x00007ffe74bc0000 - 0x00007ffe74fb3000 	C:\WINDOWS\System32\KERNELBASE.dll
0x00007ffe74670000 - 0x00007ffe747bb000 	C:\WINDOWS\System32\ucrtbase.dll
0x00007ffdfd080000 - 0x00007ffdfd09e000 	C:\Program Files\Java\jdk-25\bin\VCRUNTIME140.dll
0x00007ffdf9c90000 - 0x00007ffdf9ca7000 	C:\Program Files\Java\jdk-25\bin\jli.dll
0x00007ffe75dd0000 - 0x00007ffe75f94000 	C:\WINDOWS\System32\USER32.dll
0x00007ffe5a7e0000 - 0x00007ffe5aa73000 	C:\WINDOWS\WinSxS\amd64_microsoft.windows.common-controls_6595b64144ccf1df_6.0.26100.5074_none_3e0d6f78e32fd63f\COMCTL32.dll
0x00007ffe749a0000 - 0x00007ffe749c7000 	C:\WINDOWS\System32\win32u.dll
0x00007ffe76f60000 - 0x00007ffe76f8b000 	C:\WINDOWS\System32\GDI32.dll
0x00007ffe76eb0000 - 0x00007ffe76f59000 	C:\WINDOWS\System32\msvcrt.dll
0x00007ffe74a90000 - 0x00007ffe74bbd000 	C:\WINDOWS\System32\gdi32full.dll
0x00007ffe747c0000 - 0x00007ffe74863000 	C:\WINDOWS\System32\msvcp_win.dll
0x00007ffe76220000 - 0x00007ffe7624f000 	C:\WINDOWS\System32\IMM32.DLL
0x00007ffe233d0000 - 0x00007ffe233dc000 	C:\Program Files\Java\jdk-25\bin\vcruntime140_1.dll
0x00007ffdebc70000 - 0x00007ffdebcfd000 	C:\Program Files\Java\jdk-25\bin\msvcp140.dll
0x00007ffd95d10000 - 0x00007ffd96b6f000 	C:\Program Files\Java\jdk-25\bin\server\jvm.dll
0x00007ffe76df0000 - 0x00007ffe76ea4000 	C:\WINDOWS\System32\ADVAPI32.dll
0x00007ffe76f90000 - 0x00007ffe77036000 	C:\WINDOWS\System32\sechost.dll
0x00007ffe74fc0000 - 0x00007ffe750d8000 	C:\WINDOWS\System32\RPCRT4.dll
0x00007ffe75d50000 - 0x00007ffe75dc4000 	C:\WINDOWS\System32\WS2_32.dll
0x00007ffe741e0000 - 0x00007ffe7423e000 	C:\WINDOWS\SYSTEM32\POWRPROF.dll
0x00007ffe67960000 - 0x00007ffe67995000 	C:\WINDOWS\SYSTEM32\WINMM.dll
0x00007ffe6ddd0000 - 0x00007ffe6dddb000 	C:\WINDOWS\SYSTEM32\VERSION.dll
0x00007ffe741c0000 - 0x00007ffe741d4000 	C:\WINDOWS\SYSTEM32\UMPDC.dll
0x00007ffe73120000 - 0x00007ffe7313b000 	C:\WINDOWS\SYSTEM32\kernel.appcore.dll
0x00007ffdfff40000 - 0x00007ffdfff4a000 	C:\Program Files\Java\jdk-25\bin\jimage.dll
0x00007ffe65f80000 - 0x00007ffe661c2000 	C:\WINDOWS\SYSTEM32\DBGHELP.DLL
0x00007ffe75170000 - 0x00007ffe754eb000 	C:\WINDOWS\System32\combase.dll
0x00007ffe75580000 - 0x00007ffe75657000 	C:\WINDOWS\System32\OLEAUT32.dll
0x00007ffe60290000 - 0x00007ffe602cd000 	C:\WINDOWS\SYSTEM32\dbgcore.DLL
0x00007ffe74900000 - 0x00007ffe74999000 	C:\WINDOWS\System32\bcryptPrimitives.dll
0x00007ffdf9270000 - 0x00007ffdf928f000 	C:\Program Files\Java\jdk-25\bin\java.dll
0x00007ffe76070000 - 0x00007ffe76208000 	C:\WINDOWS\System32\ole32.dll
0x00007ffe76530000 - 0x00007ffe76c7d000 	C:\WINDOWS\System32\SHELL32.dll
0x00007ffe74380000 - 0x00007ffe744ec000 	C:\WINDOWS\System32\wintypes.dll
0x00007ffe71f90000 - 0x00007ffe727e9000 	C:\WINDOWS\SYSTEM32\windows.storage.dll
0x00007ffe75bf0000 - 0x00007ffe75ce0000 	C:\WINDOWS\System32\SHCORE.dll
0x00007ffe76440000 - 0x00007ffe764a2000 	C:\WINDOWS\System32\shlwapi.dll
0x00007ffe742a0000 - 0x00007ffe742c9000 	C:\WINDOWS\SYSTEM32\profapi.dll
0x00007ffe1d6b0000 - 0x00007ffe1d6c2000 	C:\Program Files\Java\jdk-25\bin\net.dll
0x00007ffe73680000 - 0x00007ffe736eb000 	C:\WINDOWS\system32\mswsock.dll
0x00007ffdfe8a0000 - 0x00007ffdfe8b6000 	C:\Program Files\Java\jdk-25\bin\nio.dll
0x00007ffdf9970000 - 0x00007ffdf9987000 	C:\Program Files\Java\jdk-25\bin\zip.dll
0x00007ffdf91f0000 - 0x00007ffdf9214000 	C:\Users\ASUS\.m2\wrapper\dists\apache-maven-3.9.14\ed7edd442f634ac1c1ef5ba2b61b6d690b5221091f1a8e1123f5fadcc967520d\lib\jansi-native\Windows\x86_64\jansi.dll
0x00007ffe47be0000 - 0x00007ffe47bf0000 	C:\Program Files\Java\jdk-25\bin\verify.dll

JVMTI agents: none

dbghelp: loaded successfully - version: 4.0.5 - missing functions: none
symbol engine: initialized successfully - sym options: 0x614 - pdb path: .;C:\Program Files\Java\jdk-25\bin;C:\WINDOWS\SYSTEM32;C:\WINDOWS\WinSxS\amd64_microsoft.windows.common-controls_6595b64144ccf1df_6.0.26100.5074_none_3e0d6f78e32fd63f;C:\Program Files\Java\jdk-25\bin\server;C:\Users\ASUS\.m2\wrapper\dists\apache-maven-3.9.14\ed7edd442f634ac1c1ef5ba2b61b6d690b5221091f1a8e1123f5fadcc967520d\lib\jansi-native\Windows\x86_64

VM Arguments:
jvm_args: --add-opens=jdk.compiler/com.sun.tools.javac.code=ALL-UNNAMED --add-opens=jdk.compiler/com.sun.tools.javac.comp=ALL-UNNAMED --add-opens=jdk.compiler/com.sun.tools.javac.file=ALL-UNNAMED --add-opens=jdk.compiler/com.sun.tools.javac.main=ALL-UNNAMED --add-opens=jdk.compiler/com.sun.tools.javac.model=ALL-UNNAMED --add-opens=jdk.compiler/com.sun.tools.javac.parser=ALL-UNNAMED --add-opens=jdk.compiler/com.sun.tools.javac.processing=ALL-UNNAMED --add-opens=jdk.compiler/com.sun.tools.javac.tree=ALL-UNNAMED --add-opens=jdk.compiler/com.sun.tools.javac.util=ALL-UNNAMED --enable-native-access=ALL-UNNAMED -Dclassworlds.conf=C:\Users\ASUS\.m2\wrapper\dists\apache-maven-3.9.14\ed7edd442f634ac1c1ef5ba2b61b6d690b5221091f1a8e1123f5fadcc967520d\bin\m2.conf -Dmaven.home=C:\Users\ASUS\.m2\wrapper\dists\apache-maven-3.9.14\ed7edd442f634ac1c1ef5ba2b61b6d690b5221091f1a8e1123f5fadcc967520d -Dlibrary.jansi.path=C:\Users\ASUS\.m2\wrapper\dists\apache-maven-3.9.14\ed7edd442f634ac1c1ef5ba2b61b6d690b5221091f1a8e1123f5fadcc967520d\lib\jansi-native -Dmaven.multiModuleProjectDirectory=D:\SPRINGBOOT\Spring_ecomerc\Spring_ecomerc 
java_command: org.codehaus.plexus.classworlds.launcher.Launcher clean compile -B -e
java_class_path (initial): C:\Users\ASUS\.m2\wrapper\dists\apache-maven-3.9.14\ed7edd442f634ac1c1ef5ba2b61b6d690b5221091f1a8e1123f5fadcc967520d\boot\plexus-classworlds-2.9.0.jar
Launcher Type: SUN_STANDARD

[Global flags]
     intx CICompilerCount                          = 12                                        {product} {ergonomic}
     uint ConcGCThreads                            = 3                                         {product} {ergonomic}
     uint G1ConcRefinementThreads                  = 13                                        {product} {ergonomic}
   size_t G1HeapRegionSize                         = 1048576                                   {product} {ergonomic}
   size_t InitialHeapSize                          = 132120576                                 {product} {ergonomic}
   size_t MarkStackSize                            = 4194304                                   {product} {ergonomic}
   size_t MarkStackSizeMax                         = 536870912                                 {product} {ergonomic}
   size_t MaxHeapSize                              = 2101346304                                {product} {ergonomic}
   size_t MaxNewSize                               = 1260388352                                {product} {ergonomic}
   size_t MinHeapDeltaBytes                        = 1048576                                   {product} {ergonomic}
   size_t MinHeapSize                              = 8388608                                   {product} {ergonomic}
    uintx NonNMethodCodeHeapSize                   = 7602176                                {pd product} {ergonomic}
    uintx NonProfiledCodeHeapSize                  = 122093568                              {pd product} {ergonomic}
    uintx ProfiledCodeHeapSize                     = 121962496                              {pd product} {ergonomic}
    uintx ReservedCodeCacheSize                    = 251658240                              {pd product} {ergonomic}
     bool SegmentedCodeCache                       = true                                      {product} {ergonomic}
   size_t SoftMaxHeapSize                          = 2101346304                             {manageable} {ergonomic}
     bool UseCompressedOops                        = true                           {product lp64_product} {ergonomic}
     bool UseG1GC                                  = true                                      {product} {ergonomic}
     bool UseLargePagesIndividualAllocation        = false                                  {pd product} {ergonomic}

Logging:
Log output configuration:
 #0: stdout all=warning uptime,level,tags foldmultilines=false
 #1: stderr all=off uptime,level,tags foldmultilines=false

Release file:
IMPLEMENTOR="Oracle Corporation" 
JAVA_RUNTIME_VERSION="25.0.1+8-LTS-27" 
JAVA_VERSION="25.0.1" 
JAVA_VERSION_DATE="2025-10-21" 
LIBC="default" 
MODULES="java.base java.compiler java.datatransfer java.xml java.prefs java.desktop java.instrument java.logging java.management java.security.sasl java.naming java.rmi java.management.rmi java.net.http java.scripting java.security.jgss java.transaction.xa java.sql java.sql.rowset java.xml.crypto java.se java.smartcardio jdk.accessibility jdk.internal.jvmstat jdk.attach jdk.charsets jdk.internal.opt jdk.zipfs jdk.compiler jdk.crypto.cryptoki jdk.crypto.ec jdk.crypto.mscapi jdk.dynalink jdk.internal.ed jdk.editpad jdk.internal.vm.ci jdk.graal.compiler jdk.graal.compiler.management jdk.hotspot.agent jdk.httpserver jdk.incubator.vector jdk.internal.le jdk.internal.md jdk.jartool jdk.javadoc jdk.jcmd jdk.management jdk.management.agent jdk.jconsole jdk.jdeps jdk.jdwp.agent jdk.jdi jdk.jfr jdk.jlink jdk.jpackage jdk.jshell jdk.jsobject jdk.jstatd jdk.localedata jdk.management.jfr jdk.naming.dns jdk.naming.rmi jdk.net jdk.nio.mapmode jdk.sctp jdk.security.auth jdk.security.jgss jdk.unsupported jdk.unsupported.desktop jdk.xml.dom" 
OS_ARCH="x86_64" 
OS_NAME="Windows" 
SOURCE=".:git:862c85bc42b7 open:git:78770bfaefd2" 

Environment Variables:
PATH=C:\Program Files\Java\jdk-25\bin;C:\Program Files\Python313\Scripts\;C:\Program Files\Python313\;C:\Program Files (x86)\VMware\VMware Workstation\bin\;C:\WINDOWS\system32;C:\WINDOWS;C:\WINDOWS\System32\Wbem;C:\WINDOWS\System32\WindowsPowerShell\v1.0\;C:\WINDOWS\System32\OpenSSH\;C:\Program Files\NVIDIA Corporation\NVIDIA App\NvDLISR;C:\Program Files (x86)\NVIDIA Corporation\PhysX\Common;C:\Program Files\dotnet\;C:\php-8.4.7;C:\ProgramData\ComposerSetup\bin;C:\Program Files\nodejs\;C:\Program Files\Git\cmd;C:\Program Files\MongoDB\Server\8.2\bin;C:\Program Files\Java\jdk-25\;;C:\ProgramData\chocolatey\bin;C:\Program Files\Microsoft SQL Server\150\Tools\Binn\;C:\Program Files\Microsoft SQL Server\Client SDK\ODBC\170\Tools\Binn\;C:\Program Files\Microsoft SQL Server\170\DTS\Binn\;C:\Program Files\Docker\Docker\resources\bin;c:\Users\ASUS\AppData\Local\Programs\cursor\resources\app\codeBin;C:\Program Files\Java\jdk-25\bin;C:\Users\ASUS\AppData\Local\Microsoft\WindowsApps;C:\Visaul Studio\Microsoft VS Code\bin;C:\Users\ASUS\AppData\Local\Programs\Azure Data Studio\bin;C:\Program Files\Azure Data Studio\bin;C:\Users\ASUS\AppData\Local\GitHubDesktop\bin;C:\Users\ASUS\AppData\Roaming\Composer\vendor\bin;C:\Users\ASUS\AppData\Roaming\npm;C:\Program Files\mongosh\;C:\Program Files\IntelliJ IDEA 2025.2.3\bin;C:\Program Files\JetBrains\WebStorm 2025.2.3\bin;C:\Program Files (x86)\Microsoft Visual Studio\Shared\NuGetPackages\microsoft.visualstudio.javascript.sdk;C:\Program Files\Java\jdk-25\;C:\Users\ASUS\.dotnet\tools;C:\Users\ASUS\AppData\Local\Microsoft\WinGet\Links;C:\Users\ASUS\AppData\Local\Programs\Antigravity\bin;C:\Users\ASUS\AppData\Local\Programs\cursor\resources\app\bin
USERNAME=ASUS
LANG=en_US.UTF-8
OS=Windows_NT
PROCESSOR_IDENTIFIER=AMD64 Family 25 Model 68 Stepping 1, AuthenticAMD
TMP=C:\Users\ASUS\AppData\Local\Temp
TEMP=C:\Users\ASUS\AppData\Local\Temp




Compilation memory statistics disabled.

Periodic native trim disabled

---------------  S Y S T E M  ---------------

OS:
 Windows 11 , 64 bit Build 26100 (10.0.26100.5074)
OS uptime: 0 days 1:04 hours
Hyper-V role detected

CPU: total 16 (initial active 16) (16 cores per cpu, 2 threads per core) family 25 model 68 stepping 1 microcode 0xa404107, cx8, cmov, fxsr, ht, mmx, 3dnowpref, sse, sse2, sse3, ssse3, sse4a, sse4.1, sse4.2, popcnt, lzcnt, tsc, tscinvbit, avx, avx2, aes, erms, clmul, bmi1, bmi2, adx, sha, fma, vzeroupper, clflush, clflushopt, clwb, hv, rdtscp, rdpid, fsrm, f16c, cet_ss
Processor Information for the first 16 processors :
  Max Mhz: 3100, Current Mhz: 3100, Mhz Limit: 3100

Memory: 4k page, system-wide physical 8010M (565M free)
TotalPageFile size 24394M (AvailPageFile size 5M)
current process WorkingSet (physical memory assigned to process): 130M, peak: 132M
current process commit charge ("private bytes"): 258M, peak: 265M

vm_info: Java HotSpot(TM) 64-Bit Server VM (25.0.1+8-LTS-27) for windows-amd64 JRE (25.0.1+8-LTS-27), built on 2025-09-25T16:41:16Z with unknown MS VC++:1943

END.
