#
# There is insufficient memory for the Java Runtime Environment to continue.
# Native memory allocation (malloc) failed to allocate 1048576 bytes. Error detail: AllocateHeap
# Possible reasons:
#   The system is out of physical RAM or swap space
#   This process is running with CompressedOops enabled, and the Java Heap may be blocking the growth of the native heap
# Possible solutions:
#   Reduce memory load on the system
#   Increase physical memory or swap space
#   Check if swap backing store is full
#   Decrease Java heap size (-Xmx/-Xms)
#   Decrease number of Java threads
#   Decrease Java thread stack sizes (-Xss)
#   Set larger code cache with -XX:ReservedCodeCacheSize=
#   JVM is running with Unscaled Compressed Oops mode in which the Java heap is
#     placed in the first 4GB address space. The Java Heap base address is the
#     maximum limit for the native heap growth. Please use -XX:HeapBaseMinAddress
#     to set the Java Heap base and to place the Java Heap above 4GB virtual address.
# This output file may be truncated or incomplete.
#
#  Out of Memory Error (allocation.cpp:44), pid=3732, tid=34700
#
# JRE version: OpenJDK Runtime Environment Temurin-21.0.10+7 (21.0.10+7) (build 21.0.10+7-LTS)
# Java VM: OpenJDK 64-Bit Server VM Temurin-21.0.10+7 (21.0.10+7-LTS, mixed mode, sharing, tiered, compressed oops, compressed class ptrs, parallel gc, windows-amd64)
# No core dump will be written. Minidumps are not enabled by default on client versions of Windows
#

---------------  S U M M A R Y ------------

Command Line: --add-modules=ALL-SYSTEM --add-opens=java.base/java.util=ALL-UNNAMED --add-opens=java.base/java.lang=ALL-UNNAMED --add-opens=java.base/sun.nio.fs=ALL-UNNAMED -Declipse.application=org.eclipse.jdt.ls.core.id1 -Dosgi.bundles.defaultStartLevel=4 -Declipse.product=org.eclipse.jdt.ls.core.product -Djava.import.generatesMetadataFilesAtProjectRoot=false -DDetectVMInstallationsJob.disabled=true -Dfile.encoding=utf8 -XX:+UseParallelGC -XX:GCTimeRatio=4 -XX:AdaptiveSizePolicyWeight=90 -Dsun.zip.disableMemoryMapping=true -Xmx2G -Xms100m -Xlog:disable -javaagent:c:\Users\ASUS\.vscode\extensions\redhat.java-1.53.0-win32-x64\lombok\lombok-1.18.39-4050.jar -XX:+HeapDumpOnOutOfMemoryError -XX:HeapDumpPath=c:\Users\ASUS\AppData\Roaming\Code\User\workspaceStorage\072664e477a3092332c4219defd89c4c\redhat.java -Daether.dependencyCollector.impl=bf c:\Users\ASUS\.vscode\extensions\redhat.java-1.53.0-win32-x64\server\plugins\org.eclipse.equinox.launcher_1.7.100.v20251111-0406.jar -configuration c:\Users\ASUS\AppData\Roaming\Code\User\globalStorage\redhat.java\1.53.0\config_win -data c:\Users\ASUS\AppData\Roaming\Code\User\workspaceStorage\072664e477a3092332c4219defd89c4c\redhat.java\jdt_ws --pipe=\\.\pipe\lsp-b616bf0dba22972d8ca3467bcfc93f84-sock

Host: AMD Ryzen 7 7435HS                             , 16 cores, 7G,  Windows 11 , 64 bit Build 26100 (10.0.26100.5074)
Time: Tue Mar 31 17:37:48 2026 SE Asia Standard Time elapsed time: 930.723488 seconds (0d 0h 15m 30s)

---------------  T H R E A D  ---------------

Current thread (0x0000020a6b9783b0):  JavaThread "Attach Listener" daemon [_thread_in_vm, id=34700, stack(0x00000098c0500000,0x00000098c0600000) (1024K)]

Stack: [0x00000098c0500000,0x00000098c0600000]
Native frames: (J=compiled Java code, j=interpreted, Vv=VM code, C=native code)
V  [jvm.dll+0x6d7a39]
V  [jvm.dll+0x8b4b26]
V  [jvm.dll+0x8b70de]
V  [jvm.dll+0x8b77c3]
V  [jvm.dll+0x284346]
V  [jvm.dll+0xc1277]
V  [jvm.dll+0x6d82e9]
V  [jvm.dll+0x1334a6]
V  [jvm.dll+0x3f857e]
V  [jvm.dll+0x85f59d]
V  [jvm.dll+0x6d626d]
C  [ucrtbase.dll+0x37b0]
C  [KERNEL32.DLL+0x2e8d7]
C  [ntdll.dll+0x8d9c]


---------------  P R O C E S S  ---------------

Threads class SMR info:
_java_thread_list=0x0000020a4c4951d0, length=100, elements={
0x0000020a6958aa00, 0x0000020a6b974400, 0x0000020a6b87e180, 0x0000020a6b9776b0,
0x0000020a6b9783b0, 0x0000020a6b97a4d0, 0x0000020a6b983a50, 0x0000020a6b98e690,
0x0000020a7f636a60, 0x0000020a7f862700, 0x0000020a4a006300, 0x0000020a4a7de530,
0x0000020a4a7df250, 0x0000020a4a7dd810, 0x0000020a4a7df8e0, 0x0000020a4a7dcaf0,
0x0000020a4a7ddea0, 0x0000020a4a7debc0, 0x0000020a4a7dd180, 0x0000020a4b24cc90,
0x0000020a4b24ed60, 0x0000020a4b24f3f0, 0x0000020a4b24bf70, 0x0000020a4b2521e0,
0x0000020a4b2514c0, 0x0000020a4b252870, 0x0000020a4b24fa80, 0x0000020a4b252f00,
0x0000020a4b250e30, 0x0000020a4b253590, 0x0000020a4b250110, 0x0000020a4b2507a0,
0x0000020a4b251b50, 0x0000020a4c444da0, 0x0000020a4c443360, 0x0000020a4c441920,
0x0000020a4c445430, 0x0000020a4c442cd0, 0x0000020a4c4439f0, 0x0000020a4c444710,
0x0000020a4c441fb0, 0x0000020a4c442640, 0x0000020a4c446e70, 0x0000020a4c448f40,
0x0000020a4c3ea210, 0x0000020a4c3e94f0, 0x0000020a4c3e87d0, 0x0000020a4c3e8e60,
0x0000020a4c3eb5c0, 0x0000020a4c3e8140, 0x0000020a4c3ee3b0, 0x0000020a4c3eaf30,
0x0000020a4e417690, 0x0000020a4e417d20, 0x0000020a59511950, 0x0000020a59513a20,
0x0000020a59513390, 0x0000020a595140b0, 0x0000020a59514740, 0x0000020a59515af0,
0x0000020a59512670, 0x0000020a59517530, 0x0000020a4e414f30, 0x0000020a4e418a40,
0x0000020a4e4155c0, 0x0000020a4e41b830, 0x0000020a4e41a480, 0x0000020a4e41ab10,
0x0000020a4e41b1a0, 0x0000020a4c3ebc50, 0x0000020a4c3ef0d0, 0x0000020a4c3ef760,
0x0000020a4c3ec970, 0x0000020a4c3edd20, 0x0000020a4c3ed690, 0x0000020a4c448220,
0x0000020a4c447500, 0x0000020a4c447b90, 0x0000020a4c445ac0, 0x0000020a4c446150,
0x0000020a4c4467e0, 0x0000020a7f6e5bb0, 0x0000020a7f6e5520, 0x0000020a7f6e6f60,
0x0000020a7f6e4170, 0x0000020a7f6e6240, 0x0000020a7f6e68d0, 0x0000020a7f6e75f0,
0x0000020a7f6e4e90, 0x0000020a7f6e7c80, 0x0000020a7f6e4800, 0x0000020a7f6e89a0,
0x0000020a7f6eb100, 0x0000020a7f6e9030, 0x0000020a7f6e96c0, 0x0000020a4c3eea40,
0x0000020a4e417000, 0x0000020a4c3ec2e0, 0x0000020a4c3ed000, 0x0000020a595112c0
}

Java Threads: ( => current thread )
  0x0000020a6958aa00 JavaThread "main"                              [_thread_blocked, id=7628, stack(0x00000098bfe00000,0x00000098bff00000) (1024K)]
  0x0000020a6b974400 JavaThread "Reference Handler"          daemon [_thread_blocked, id=34496, stack(0x00000098c0200000,0x00000098c0300000) (1024K)]
  0x0000020a6b87e180 JavaThread "Finalizer"                  daemon [_thread_blocked, id=34752, stack(0x00000098c0300000,0x00000098c0400000) (1024K)]
  0x0000020a6b9776b0 JavaThread "Signal Dispatcher"          daemon [_thread_blocked, id=34672, stack(0x00000098c0400000,0x00000098c0500000) (1024K)]
=>0x0000020a6b9783b0 JavaThread "Attach Listener"            daemon [_thread_in_vm, id=34700, stack(0x00000098c0500000,0x00000098c0600000) (1024K)]
  0x0000020a6b97a4d0 JavaThread "Service Thread"             daemon [_thread_blocked, id=34556, stack(0x00000098c0600000,0x00000098c0700000) (1024K)]
  0x0000020a6b983a50 JavaThread "Monitor Deflation Thread"   daemon [_thread_blocked, id=34548, stack(0x00000098c0700000,0x00000098c0800000) (1024K)]
  0x0000020a6b98e690 JavaThread "C2 CompilerThread0"         daemon [_thread_blocked, id=34628, stack(0x00000098c0800000,0x00000098c0900000) (1024K)]
  0x0000020a7f636a60 JavaThread "C1 CompilerThread0"         daemon [_thread_blocked, id=34716, stack(0x00000098c0900000,0x00000098c0a00000) (1024K)]
  0x0000020a7f862700 JavaThread "Common-Cleaner"             daemon [_thread_blocked, id=34712, stack(0x00000098c0d00000,0x00000098c0e00000) (1024K)]
  0x0000020a4a006300 JavaThread "Notification Thread"        daemon [_thread_blocked, id=35148, stack(0x00000098c0f00000,0x00000098c1000000) (1024K)]
  0x0000020a4a7de530 JavaThread "Active Thread: Equinox Container: 15b04bea-c810-478e-81d7-9833261e5d47"        [_thread_blocked, id=35832, stack(0x00000098c1600000,0x00000098c1700000) (1024K)]
  0x0000020a4a7df250 JavaThread "Refresh Thread: Equinox Container: 15b04bea-c810-478e-81d7-9833261e5d47" daemon [_thread_blocked, id=33080, stack(0x00000098c0a00000,0x00000098c0b00000) (1024K)]
  0x0000020a4a7dd810 JavaThread "Framework Event Dispatcher: Equinox Container: 15b04bea-c810-478e-81d7-9833261e5d47" daemon [_thread_blocked, id=33260, stack(0x00000098c0b00000,0x00000098c0c00000) (1024K)]
  0x0000020a4a7df8e0 JavaThread "Start Level: Equinox Container: 15b04bea-c810-478e-81d7-9833261e5d47" daemon [_thread_blocked, id=33272, stack(0x00000098c0c00000,0x00000098c0d00000) (1024K)]
  0x0000020a4a7dcaf0 JavaThread "Bundle File Closer"         daemon [_thread_blocked, id=34756, stack(0x00000098c1b00000,0x00000098c1c00000) (1024K)]
  0x0000020a4a7ddea0 JavaThread "SCR Component Actor"        daemon [_thread_blocked, id=34648, stack(0x00000098bfd00000,0x00000098bfe00000) (1024K)]
  0x0000020a4a7debc0 JavaThread "Worker-JM"                         [_thread_blocked, id=32312, stack(0x00000098c1d00000,0x00000098c1e00000) (1024K)]
  0x0000020a4a7dd180 JavaThread "JNA Cleaner"                daemon [_thread_blocked, id=23092, stack(0x00000098c2100000,0x00000098c2200000) (1024K)]
  0x0000020a4b24cc90 JavaThread "Java indexing"              daemon [_thread_blocked, id=17244, stack(0x00000098c2600000,0x00000098c2700000) (1024K)]
  0x0000020a4b24ed60 JavaThread "Thread-1"                   daemon [_thread_in_native, id=29840, stack(0x00000098c2c00000,0x00000098c2d00000) (1024K)]
  0x0000020a4b24f3f0 JavaThread "Thread-2"                   daemon [_thread_in_native, id=32428, stack(0x00000098c2d00000,0x00000098c2e00000) (1024K)]
  0x0000020a4b24bf70 JavaThread "Thread-3"                   daemon [_thread_in_native, id=34808, stack(0x00000098c2e00000,0x00000098c2f00000) (1024K)]
  0x0000020a4b2521e0 JavaThread "Thread-4"                   daemon [_thread_in_native, id=23536, stack(0x00000098c2f00000,0x00000098c3000000) (1024K)]
  0x0000020a4b2514c0 JavaThread "Thread-5"                   daemon [_thread_in_native, id=34768, stack(0x00000098c3000000,0x00000098c3100000) (1024K)]
  0x0000020a4b252870 JavaThread "Thread-6"                   daemon [_thread_in_native, id=35040, stack(0x00000098c3100000,0x00000098c3200000) (1024K)]
  0x0000020a4b24fa80 JavaThread "Thread-7"                   daemon [_thread_in_native, id=25816, stack(0x00000098c3200000,0x00000098c3300000) (1024K)]
  0x0000020a4b252f00 JavaThread "Thread-8"                   daemon [_thread_in_native, id=29724, stack(0x00000098c3300000,0x00000098c3400000) (1024K)]
  0x0000020a4b250e30 JavaThread "Thread-9"                   daemon [_thread_in_native, id=30512, stack(0x00000098c3400000,0x00000098c3500000) (1024K)]
  0x0000020a4b253590 JavaThread "Thread-10"                  daemon [_thread_in_native, id=9096, stack(0x00000098c3500000,0x00000098c3600000) (1024K)]
  0x0000020a4b250110 JavaThread "Thread-11"                  daemon [_thread_in_native, id=22068, stack(0x00000098c3600000,0x00000098c3700000) (1024K)]
  0x0000020a4b2507a0 JavaThread "Thread-12"                  daemon [_thread_in_native, id=30096, stack(0x00000098c3700000,0x00000098c3800000) (1024K)]
  0x0000020a4b251b50 JavaThread "Thread-13"                  daemon [_thread_in_native, id=30356, stack(0x00000098c3800000,0x00000098c3900000) (1024K)]
  0x0000020a4c444da0 JavaThread "Thread-14"                  daemon [_thread_in_native, id=32352, stack(0x00000098c3900000,0x00000098c3a00000) (1024K)]
  0x0000020a4c443360 JavaThread "Thread-15"                  daemon [_thread_in_native, id=10696, stack(0x00000098c3a00000,0x00000098c3b00000) (1024K)]
  0x0000020a4c441920 JavaThread "Thread-16"                  daemon [_thread_in_native, id=23604, stack(0x00000098c3b00000,0x00000098c3c00000) (1024K)]
  0x0000020a4c445430 JavaThread "Thread-17"                  daemon [_thread_in_native, id=21924, stack(0x00000098c3c00000,0x00000098c3d00000) (1024K)]
  0x0000020a4c442cd0 JavaThread "pool-2-thread-1"                   [_thread_blocked, id=31028, stack(0x00000098c3d00000,0x00000098c3e00000) (1024K)]
  0x0000020a4c4439f0 JavaThread "WorkspaceEventsHandler"            [_thread_blocked, id=29088, stack(0x00000098c3e00000,0x00000098c3f00000) (1024K)]
  0x0000020a4c444710 JavaThread "pool-1-thread-1"                   [_thread_blocked, id=22664, stack(0x00000098c3f00000,0x00000098c4000000) (1024K)]
  0x0000020a4c441fb0 JavaThread "ForkJoinPool.commonPool-worker-2" daemon [_thread_blocked, id=18464, stack(0x00000098c4100000,0x00000098c4200000) (1024K)]
  0x0000020a4c442640 JavaThread "ForkJoinPool.commonPool-worker-4" daemon [_thread_blocked, id=16752, stack(0x00000098c4300000,0x00000098c4400000) (1024K)]
  0x0000020a4c446e70 JavaThread "ForkJoinPool.commonPool-worker-11" daemon [_thread_blocked, id=18580, stack(0x00000098c4a00000,0x00000098c4b00000) (1024K)]
  0x0000020a4c448f40 JavaThread "ForkJoinPool.commonPool-worker-13" daemon [_thread_blocked, id=35332, stack(0x00000098c4b00000,0x00000098c4c00000) (1024K)]
  0x0000020a4c3ea210 JavaThread "ForkJoinPool.commonPool-worker-12" daemon [_thread_blocked, id=4872, stack(0x00000098c4c00000,0x00000098c4d00000) (1024K)]
  0x0000020a4c3e94f0 JavaThread "ForkJoinPool.commonPool-worker-15" daemon [_thread_blocked, id=11600, stack(0x00000098c4d00000,0x00000098c4e00000) (1024K)]
  0x0000020a4c3e87d0 JavaThread "Cleaner-0"                  daemon [_thread_blocked, id=30980, stack(0x00000098c4f00000,0x00000098c5000000) (1024K)]
  0x0000020a4c3e8e60 JavaThread "LocalFile Deleter"          daemon [_thread_blocked, id=740, stack(0x00000098c5100000,0x00000098c5200000) (1024K)]
  0x0000020a4c3eb5c0 JavaThread "LocalFile Deleter"          daemon [_thread_blocked, id=20828, stack(0x00000098c5200000,0x00000098c5300000) (1024K)]
  0x0000020a4c3e8140 JavaThread "LocalFile Deleter"          daemon [_thread_blocked, id=35088, stack(0x00000098c5300000,0x00000098c5400000) (1024K)]
  0x0000020a4c3ee3b0 JavaThread "LocalFile Deleter"          daemon [_thread_blocked, id=29388, stack(0x00000098c5600000,0x00000098c5700000) (1024K)]
  0x0000020a4c3eaf30 JavaThread "ForkJoinPool.commonPool-worker-16" daemon [_thread_blocked, id=35392, stack(0x00000098c2200000,0x00000098c2300000) (1024K)]
  0x0000020a4e417690 JavaThread "Worker-16"                         [_thread_blocked, id=38284, stack(0x00000098c1c00000,0x00000098c1d00000) (1024K)]
  0x0000020a4e417d20 JavaThread "Compiler Source File Reader" daemon [_thread_blocked, id=24908, stack(0x00000098c2300000,0x00000098c2400000) (1024K)]
  0x0000020a59511950 JavaThread "ForkJoinPool.commonPool-worker-18" daemon [_thread_blocked, id=21240, stack(0x00000098c2500000,0x00000098c2600000) (1024K)]
  0x0000020a59513a20 JavaThread "ForkJoinPool.commonPool-worker-17" daemon [_thread_blocked, id=40184, stack(0x00000098c2800000,0x00000098c2900000) (1024K)]
  0x0000020a59513390 JavaThread "ForkJoinPool.commonPool-worker-19" daemon [_thread_blocked, id=25488, stack(0x00000098c2900000,0x00000098c2a00000) (1024K)]
  0x0000020a595140b0 JavaThread "ForkJoinPool.commonPool-worker-20" daemon [_thread_blocked, id=8020, stack(0x00000098c2a00000,0x00000098c2b00000) (1024K)]
  0x0000020a59514740 JavaThread "ForkJoinPool.commonPool-worker-21" daemon [_thread_blocked, id=2668, stack(0x00000098c2b00000,0x00000098c2c00000) (1024K)]
  0x0000020a59515af0 JavaThread "LocalFile Deleter"          daemon [_thread_blocked, id=40852, stack(0x00000098c4200000,0x00000098c4300000) (1024K)]
  0x0000020a59512670 JavaThread "LocalFile Deleter"          daemon [_thread_blocked, id=34136, stack(0x00000098c4400000,0x00000098c4500000) (1024K)]
  0x0000020a59517530 JavaThread "LocalFile Deleter"          daemon [_thread_blocked, id=40376, stack(0x00000098c4500000,0x00000098c4600000) (1024K)]
  0x0000020a4e414f30 JavaThread "LocalFile Deleter"          daemon [_thread_blocked, id=40344, stack(0x00000098c4600000,0x00000098c4700000) (1024K)]
  0x0000020a4e418a40 JavaThread "LocalFile Deleter"          daemon [_thread_blocked, id=38972, stack(0x00000098c4700000,0x00000098c4800000) (1024K)]
  0x0000020a4e4155c0 JavaThread "LocalFile Deleter"          daemon [_thread_blocked, id=5388, stack(0x00000098c4900000,0x00000098c4a00000) (1024K)]
  0x0000020a4e41b830 JavaThread "LocalFile Deleter"          daemon [_thread_blocked, id=31956, stack(0x00000098c5000000,0x00000098c5100000) (1024K)]
  0x0000020a4e41a480 JavaThread "LocalFile Deleter"          daemon [_thread_blocked, id=39436, stack(0x00000098c5400000,0x00000098c5500000) (1024K)]
  0x0000020a4e41ab10 JavaThread "LocalFile Deleter"          daemon [_thread_blocked, id=21696, stack(0x00000098c5700000,0x00000098c5800000) (1024K)]
  0x0000020a4e41b1a0 JavaThread "Compiler Source File Reader" daemon [_thread_blocked, id=26304, stack(0x00000098c5900000,0x00000098c5a00000) (1024K)]
  0x0000020a4c3ebc50 JavaThread "Compiler Source File Reader" daemon [_thread_blocked, id=15100, stack(0x00000098c5a00000,0x00000098c5b00000) (1024K)]
  0x0000020a4c3ef0d0 JavaThread "Compiler Source File Reader" daemon [_thread_blocked, id=39100, stack(0x00000098c5c00000,0x00000098c5d00000) (1024K)]
  0x0000020a4c3ef760 JavaThread "Compiler Source File Reader" daemon [_thread_blocked, id=36104, stack(0x00000098c5d00000,0x00000098c5e00000) (1024K)]
  0x0000020a4c3ec970 JavaThread "Compiler Source File Reader" daemon [_thread_blocked, id=38984, stack(0x00000098c5e00000,0x00000098c5f00000) (1024K)]
  0x0000020a4c3edd20 JavaThread "Compiler Source File Reader" daemon [_thread_blocked, id=40524, stack(0x00000098c5f00000,0x00000098c6000000) (1024K)]
  0x0000020a4c3ed690 JavaThread "Compiler Source File Reader" daemon [_thread_blocked, id=39352, stack(0x00000098c6000000,0x00000098c6100000) (1024K)]
  0x0000020a4c448220 JavaThread "Compiler Source File Reader" daemon [_thread_blocked, id=37044, stack(0x00000098c6100000,0x00000098c6200000) (1024K)]
  0x0000020a4c447500 JavaThread "Compiler Source File Reader" daemon [_thread_blocked, id=12428, stack(0x00000098c6200000,0x00000098c6300000) (1024K)]
  0x0000020a4c447b90 JavaThread "Compiler Source File Reader" daemon [_thread_blocked, id=40316, stack(0x00000098c6300000,0x00000098c6400000) (1024K)]
  0x0000020a4c445ac0 JavaThread "Compiler Source File Reader" daemon [_thread_blocked, id=30588, stack(0x00000098c6400000,0x00000098c6500000) (1024K)]
  0x0000020a4c446150 JavaThread "Compiler Source File Reader" daemon [_thread_blocked, id=10532, stack(0x00000098c6500000,0x00000098c6600000) (1024K)]
  0x0000020a4c4467e0 JavaThread "Compiler Source File Reader" daemon [_thread_blocked, id=11348, stack(0x00000098c6600000,0x00000098c6700000) (1024K)]
  0x0000020a7f6e5bb0 JavaThread "Compiler Class File Writer" daemon [_thread_blocked, id=5368, stack(0x00000098c6b00000,0x00000098c6c00000) (1024K)]
  0x0000020a7f6e5520 JavaThread "Compiler Class File Writer" daemon [_thread_blocked, id=33504, stack(0x00000098c6c00000,0x00000098c6d00000) (1024K)]
  0x0000020a7f6e6f60 JavaThread "Compiler Class File Writer" daemon [_thread_blocked, id=38436, stack(0x00000098c6d00000,0x00000098c6e00000) (1024K)]
  0x0000020a7f6e4170 JavaThread "Compiler Class File Writer" daemon [_thread_blocked, id=39736, stack(0x00000098c6e00000,0x00000098c6f00000) (1024K)]
  0x0000020a7f6e6240 JavaThread "Compiler Class File Writer" daemon [_thread_blocked, id=29288, stack(0x00000098c6f00000,0x00000098c7000000) (1024K)]
  0x0000020a7f6e68d0 JavaThread "Compiler Class File Writer" daemon [_thread_blocked, id=30200, stack(0x00000098c7000000,0x00000098c7100000) (1024K)]
  0x0000020a7f6e75f0 JavaThread "Compiler Class File Writer" daemon [_thread_blocked, id=36248, stack(0x00000098c7100000,0x00000098c7200000) (1024K)]
  0x0000020a7f6e4e90 JavaThread "Compiler Class File Writer" daemon [_thread_blocked, id=22744, stack(0x00000098c7200000,0x00000098c7300000) (1024K)]
  0x0000020a7f6e7c80 JavaThread "Compiler Class File Writer" daemon [_thread_blocked, id=32952, stack(0x00000098c7300000,0x00000098c7400000) (1024K)]
  0x0000020a7f6e4800 JavaThread "Compiler Class File Writer" daemon [_thread_blocked, id=34764, stack(0x00000098c7400000,0x00000098c7500000) (1024K)]
  0x0000020a7f6e89a0 JavaThread "Compiler Class File Writer" daemon [_thread_blocked, id=19596, stack(0x00000098c7500000,0x00000098c7600000) (1024K)]
  0x0000020a7f6eb100 JavaThread "Compiler Class File Writer" daemon [_thread_blocked, id=34476, stack(0x00000098c7600000,0x00000098c7700000) (1024K)]
  0x0000020a7f6e9030 JavaThread "Compiler Class File Writer" daemon [_thread_blocked, id=37112, stack(0x00000098c7700000,0x00000098c7800000) (1024K)]
  0x0000020a7f6e96c0 JavaThread "Compiler Class File Writer" daemon [_thread_blocked, id=13700, stack(0x00000098c7800000,0x00000098c7900000) (1024K)]
  0x0000020a4c3eea40 JavaThread "ForkJoinPool.commonPool-worker-22" daemon [_thread_blocked, id=38620, stack(0x00000098bfb00000,0x00000098bfc00000) (1024K)]
  0x0000020a4e417000 JavaThread "Worker-22"                         [_thread_blocked, id=33692, stack(0x00000098c4800000,0x00000098c4900000) (1024K)]
  0x0000020a4c3ec2e0 JavaThread "Worker-23"                         [_thread_blocked, id=19996, stack(0x00000098bfc00000,0x00000098bfd00000) (1024K)]
  0x0000020a4c3ed000 JavaThread "Worker-24"                         [_thread_blocked, id=40044, stack(0x00000098c1a00000,0x00000098c1b00000) (1024K)]
  0x0000020a595112c0 JavaThread "Worker-25"                         [_thread_blocked, id=37736, stack(0x00000098c1e00000,0x00000098c1f00000) (1024K)]
Total: 100

Other Threads:
  0x0000020a6b96fb70 VMThread "VM Thread"                           [id=34544, stack(0x00000098c0100000,0x00000098c0200000) (1024K)]
  0x0000020a6b75ca00 WatcherThread "VM Periodic Task Thread"        [id=25752, stack(0x00000098c0000000,0x00000098c0100000) (1024K)]
  0x0000020a6b8eea80 WorkerThread "GC Thread#0"                     [id=33696, stack(0x00000098bff00000,0x00000098c0000000) (1024K)]
  0x0000020a4a51d530 WorkerThread "GC Thread#1"                     [id=35552, stack(0x00000098c1000000,0x00000098c1100000) (1024K)]
  0x0000020a4a632820 WorkerThread "GC Thread#2"                     [id=35556, stack(0x00000098c1100000,0x00000098c1200000) (1024K)]
  0x0000020a4a8e0910 WorkerThread "GC Thread#3"                     [id=35560, stack(0x00000098c1200000,0x00000098c1300000) (1024K)]
  0x0000020a4a61ea70 WorkerThread "GC Thread#4"                     [id=35564, stack(0x00000098c1300000,0x00000098c1400000) (1024K)]
  0x0000020a4a61ee20 WorkerThread "GC Thread#5"                     [id=35568, stack(0x00000098c1400000,0x00000098c1500000) (1024K)]
  0x0000020a4a61f1d0 WorkerThread "GC Thread#6"                     [id=35572, stack(0x00000098c1500000,0x00000098c1600000) (1024K)]
  0x0000020a4a867910 WorkerThread "GC Thread#7"                     [id=21732, stack(0x00000098c1700000,0x00000098c1800000) (1024K)]
  0x0000020a4aae0ac0 WorkerThread "GC Thread#8"                     [id=27376, stack(0x00000098c0e00000,0x00000098c0f00000) (1024K)]
  0x0000020a4a188ce0 WorkerThread "GC Thread#9"                     [id=34780, stack(0x00000098c1800000,0x00000098c1900000) (1024K)]
  0x0000020a4a9d2610 WorkerThread "GC Thread#10"                    [id=35276, stack(0x00000098c1900000,0x00000098c1a00000) (1024K)]
  0x0000020a4a1fc960 WorkerThread "GC Thread#11"                    [id=7680, stack(0x00000098c1f00000,0x00000098c2000000) (1024K)]
  0x0000020a4a1fbe50 WorkerThread "GC Thread#12"                    [id=11628, stack(0x00000098c2000000,0x00000098c2100000) (1024K)]
Total: 15

Threads with active compile tasks:
Total: 0

VM state: not at safepoint (normal execution)

VM Mutex/Monitor currently owned by a thread: None

Heap address: 0x0000000080000000, size: 2048 MB, Compressed Oops mode: 32-bit

CDS archive(s) mapped at: [0x0000020a04000000-0x0000020a04ba0000-0x0000020a04ba0000), size 12189696, SharedBaseAddress: 0x0000020a04000000, ArchiveRelocationMode: 1.
Compressed class space mapped at: 0x0000020a05000000-0x0000020a45000000, reserved size: 1073741824
Narrow klass base: 0x0000020a04000000, Narrow klass shift: 0, Narrow klass range: 0x100000000

GC Precious Log:
 CardTable entry size: 512
 CPUs: 16 total, 16 available
 Memory: 8010M
 Large Page Support: Disabled
 NUMA Support: Disabled
 Compressed Oops: Enabled (32-bit)
 Alignments: Space 512K, Generation 512K, Heap 2M
 Heap Min Capacity: 100M
 Heap Initial Capacity: 100M
 Heap Max Capacity: 2G
 Pre-touch: Disabled
 Parallel Workers: 13

Heap:
 PSYoungGen      total 6144K, used 1291K [0x00000000d5580000, 0x00000000d5c80000, 0x0000000100000000)
  eden space 5632K, 15% used [0x00000000d5580000,0x00000000d565ad88,0x00000000d5b00000)
  from space 512K, 81% used [0x00000000d5b80000,0x00000000d5be8000,0x00000000d5c00000)
  to   space 512K, 0% used [0x00000000d5c00000,0x00000000d5c00000,0x00000000d5c80000)
 ParOldGen       total 499200K, used 498853K [0x0000000080000000, 0x000000009e780000, 0x00000000d5580000)
  object space 499200K, 99% used [0x0000000080000000,0x000000009e7297d8,0x000000009e780000)
 Metaspace       used 82313K, committed 84224K, reserved 1179648K
  class space    used 8327K, committed 9216K, reserved 1048576K

Card table byte_map: [0x0000020a6b270000,0x0000020a6b680000] _byte_map_base: 0x0000020a6ae70000

Marking Bits: (ParMarkBitMap*) 0x00007ffc545d3450
 Begin Bits: [0x0000020a00000000, 0x0000020a02000000)
 End Bits:   [0x0000020a02000000, 0x0000020a04000000)

Polling page: 0x0000020a69950000

Metaspace:

Usage:
  Non-class:     72.25 MB used.
      Class:      8.13 MB used.
       Both:     80.38 MB used.

Virtual space:
  Non-class space:      128.00 MB reserved,      73.25 MB ( 57%) committed,  2 nodes.
      Class space:        1.00 GB reserved,       9.00 MB ( <1%) committed,  1 nodes.
             Both:        1.12 GB reserved,      82.25 MB (  7%) committed. 

Chunk freelists:
   Non-Class:  6.06 MB
       Class:  6.93 MB
        Both:  13.00 MB

MaxMetaspaceSize: unlimited
CompressedClassSpaceSize: 1.00 GB
Initial GC threshold: 21.00 MB
Current GC threshold: 128.88 MB
CDS: on
 - commit_granule_bytes: 65536.
 - commit_granule_words: 8192.
 - virtual_space_node_default_size: 8388608.
 - enlarge_chunks_in_place: 1.
 - use_allocation_guard: 0.


Internal statistics:

num_allocs_failed_limit: 9.
num_arena_births: 1730.
num_arena_deaths: 22.
num_vsnodes_births: 3.
num_vsnodes_deaths: 0.
num_space_committed: 1316.
num_space_uncommitted: 0.
num_chunks_returned_to_freelist: 35.
num_chunks_taken_from_freelist: 5899.
num_chunk_merges: 17.
num_chunk_splits: 3568.
num_chunks_enlarged: 1941.
num_inconsistent_stats: 0.

CodeHeap 'non-profiled nmethods': size=119168Kb used=16545Kb max_used=16545Kb free=102622Kb
 bounds [0x0000020a76670000, 0x0000020a776a0000, 0x0000020a7dad0000]
CodeHeap 'profiled nmethods': size=119104Kb used=49444Kb max_used=49444Kb free=69659Kb
 bounds [0x0000020a6ead0000, 0x0000020a71b20000, 0x0000020a75f20000]
CodeHeap 'non-nmethods': size=7488Kb used=1487Kb max_used=3257Kb free=6001Kb
 bounds [0x0000020a75f20000, 0x0000020a76290000, 0x0000020a76670000]
CodeCache: size=245760Kb, used=67476Kb, max_used=69246Kb, free=178282Kb
 total_blobs=20182, nmethods=19378, adapters=707, full_count=0
Compilation: enabled, stopped_count=0, restarted_count=0

Compilation events (20 events):
Event: 906.492 Thread 0x0000020a6b98e690 21196   !   4       java.lang.String::replace (258 bytes)
Event: 906.493 Thread 0x0000020a7f636a60 21197       3       java.util.TreeSet::addAll (82 bytes)
Event: 906.496 Thread 0x0000020a7f636a60 nmethod 21197 0x0000020a71b15d90 code [0x0000020a71b15fe0, 0x0000020a71b16b50]
Event: 906.520 Thread 0x0000020a6b98e690 nmethod 21196 0x0000020a77687490 code [0x0000020a776876a0, 0x0000020a77688000]
Event: 906.523 Thread 0x0000020a6b98e690 21198  s!   4       com.sun.jna.internal.Cleaner::remove (100 bytes)
Event: 906.527 Thread 0x0000020a6b98e690 nmethod 21198 0x0000020a77688710 code [0x0000020a776888c0, 0x0000020a77688d30]
Event: 906.528 Thread 0x0000020a6b98e690 21199  s!   4       com.sun.jna.Memory$MemoryDisposer::run (56 bytes)
Event: 906.528 Thread 0x0000020a4d048510 21200       4       com.sun.jna.Memory::<init> (121 bytes)
Event: 906.536 Thread 0x0000020a6b98e690 nmethod 21199 0x0000020a77688f10 code [0x0000020a776890e0, 0x0000020a77689528]
Event: 906.536 Thread 0x0000020a6b98e690 21201       4       org.eclipse.core.internal.filesystem.local.LocalFile::fetchInfo (45 bytes)
Event: 906.540 Thread 0x0000020a4d048510 nmethod 21200 0x0000020a77689790 code [0x0000020a776899a0, 0x0000020a7768a258]
Event: 906.540 Thread 0x0000020a4d048510 21203   !   4       org.eclipse.core.filesystem.provider.FileStore::fetchInfo (27 bytes)
Event: 906.583 Thread 0x0000020a7f636a60 21205       3       org.eclipse.core.internal.localstore.UnifiedTree::accept (128 bytes)
Event: 906.589 Thread 0x0000020a7f636a60 nmethod 21205 0x0000020a71b16d90 code [0x0000020a71b17120, 0x0000020a71b189b8]
Event: 906.670 Thread 0x0000020a6b98e690 nmethod 21201 0x0000020a7768a690 code [0x0000020a7768ab00, 0x0000020a7768d468]
Event: 906.671 Thread 0x0000020a4d048510 nmethod 21203 0x0000020a7768f510 code [0x0000020a7768f9a0, 0x0000020a776923a0]
Event: 906.673 Thread 0x0000020a6b98e690 21204       4       org.eclipse.core.filesystem.provider.FileInfo::<init> (37 bytes)
Event: 906.673 Thread 0x0000020a4d048510 21202   !   4       org.eclipse.core.internal.filesystem.local.Win32Handler::fetchFileInfo (231 bytes)
Event: 906.674 Thread 0x0000020a6b98e690 nmethod 21204 0x0000020a77694490 code [0x0000020a77694620, 0x0000020a776946d8]
Event: 906.743 Thread 0x0000020a4d048510 nmethod 21202 0x0000020a77694790 code [0x0000020a77694b80, 0x0000020a77696c68]

GC Heap History (20 events):
Event: 796.913 GC heap before
{Heap before GC invocations=712 (full 4):
 PSYoungGen      total 5120K, used 5111K [0x00000000d5580000, 0x00000000d6380000, 0x0000000100000000)
  eden space 4096K, 100% used [0x00000000d5580000,0x00000000d5980000,0x00000000d5980000)
  from space 1024K, 99% used [0x00000000d5980000,0x00000000d5a7ddf0,0x00000000d5a80000)
  to   space 5120K, 0% used [0x00000000d5e80000,0x00000000d5e80000,0x00000000d6380000)
 ParOldGen       total 489984K, used 489731K [0x0000000080000000, 0x000000009de80000, 0x00000000d5580000)
  object space 489984K, 99% used [0x0000000080000000,0x000000009de40fe0,0x000000009de80000)
 Metaspace       used 82257K, committed 84160K, reserved 1179648K
  class space    used 8327K, committed 9216K, reserved 1048576K
}
Event: 796.919 GC heap after
{Heap after GC invocations=712 (full 4):
 PSYoungGen      total 8704K, used 4256K [0x00000000d5580000, 0x00000000d6300000, 0x0000000100000000)
  eden space 4096K, 0% used [0x00000000d5580000,0x00000000d5580000,0x00000000d5980000)
  from space 4608K, 92% used [0x00000000d5e80000,0x00000000d62a8000,0x00000000d6300000)
  to   space 4608K, 0% used [0x00000000d5a00000,0x00000000d5a00000,0x00000000d5e80000)
 ParOldGen       total 491008K, used 490803K [0x0000000080000000, 0x000000009df80000, 0x00000000d5580000)
  object space 491008K, 99% used [0x0000000080000000,0x000000009df4cdd0,0x000000009df80000)
 Metaspace       used 82257K, committed 84160K, reserved 1179648K
  class space    used 8327K, committed 9216K, reserved 1048576K
}
Event: 796.934 GC heap before
{Heap before GC invocations=713 (full 4):
 PSYoungGen      total 8704K, used 8352K [0x00000000d5580000, 0x00000000d6300000, 0x0000000100000000)
  eden space 4096K, 100% used [0x00000000d5580000,0x00000000d5980000,0x00000000d5980000)
  from space 4608K, 92% used [0x00000000d5e80000,0x00000000d62a8000,0x00000000d6300000)
  to   space 4608K, 0% used [0x00000000d5a00000,0x00000000d5a00000,0x00000000d5e80000)
 ParOldGen       total 491008K, used 490803K [0x0000000080000000, 0x000000009df80000, 0x00000000d5580000)
  object space 491008K, 99% used [0x0000000080000000,0x000000009df4cdd0,0x000000009df80000)
 Metaspace       used 82262K, committed 84160K, reserved 1179648K
  class space    used 8327K, committed 9216K, reserved 1048576K
}
Event: 796.942 GC heap after
{Heap after GC invocations=713 (full 4):
 PSYoungGen      total 6144K, used 1236K [0x00000000d5580000, 0x00000000d5f80000, 0x0000000100000000)
  eden space 4608K, 0% used [0x00000000d5580000,0x00000000d5580000,0x00000000d5a00000)
  from space 1536K, 80% used [0x00000000d5a00000,0x00000000d5b35200,0x00000000d5b80000)
  to   space 2560K, 0% used [0x00000000d5d00000,0x00000000d5d00000,0x00000000d5f80000)
 ParOldGen       total 495104K, used 494923K [0x0000000080000000, 0x000000009e380000, 0x00000000d5580000)
  object space 495104K, 99% used [0x0000000080000000,0x000000009e352dd0,0x000000009e380000)
 Metaspace       used 82262K, committed 84160K, reserved 1179648K
  class space    used 8327K, committed 9216K, reserved 1048576K
}
Event: 796.958 GC heap before
{Heap before GC invocations=714 (full 4):
 PSYoungGen      total 6144K, used 5844K [0x00000000d5580000, 0x00000000d5f80000, 0x0000000100000000)
  eden space 4608K, 99% used [0x00000000d5580000,0x00000000d59fffe8,0x00000000d5a00000)
  from space 1536K, 80% used [0x00000000d5a00000,0x00000000d5b35200,0x00000000d5b80000)
  to   space 2560K, 0% used [0x00000000d5d00000,0x00000000d5d00000,0x00000000d5f80000)
 ParOldGen       total 495104K, used 494923K [0x0000000080000000, 0x000000009e380000, 0x00000000d5580000)
  object space 495104K, 99% used [0x0000000080000000,0x000000009e352dd0,0x000000009e380000)
 Metaspace       used 82262K, committed 84160K, reserved 1179648K
  class space    used 8327K, committed 9216K, reserved 1048576K
}
Event: 796.963 GC heap after
{Heap after GC invocations=714 (full 4):
 PSYoungGen      total 6656K, used 576K [0x00000000d5580000, 0x00000000d5e00000, 0x0000000100000000)
  eden space 5632K, 0% used [0x00000000d5580000,0x00000000d5580000,0x00000000d5b00000)
  from space 1024K, 56% used [0x00000000d5d00000,0x00000000d5d90000,0x00000000d5e00000)
  to   space 1024K, 0% used [0x00000000d5c00000,0x00000000d5c00000,0x00000000d5d00000)
 ParOldGen       total 496128K, used 495960K [0x0000000080000000, 0x000000009e480000, 0x00000000d5580000)
  object space 496128K, 99% used [0x0000000080000000,0x000000009e456270,0x000000009e480000)
 Metaspace       used 82262K, committed 84160K, reserved 1179648K
  class space    used 8327K, committed 9216K, reserved 1048576K
}
Event: 797.036 GC heap before
{Heap before GC invocations=715 (full 4):
 PSYoungGen      total 6656K, used 6208K [0x00000000d5580000, 0x00000000d5e00000, 0x0000000100000000)
  eden space 5632K, 100% used [0x00000000d5580000,0x00000000d5b00000,0x00000000d5b00000)
  from space 1024K, 56% used [0x00000000d5d00000,0x00000000d5d90000,0x00000000d5e00000)
  to   space 1024K, 0% used [0x00000000d5c00000,0x00000000d5c00000,0x00000000d5d00000)
 ParOldGen       total 496128K, used 495960K [0x0000000080000000, 0x000000009e480000, 0x00000000d5580000)
  object space 496128K, 99% used [0x0000000080000000,0x000000009e456270,0x000000009e480000)
 Metaspace       used 82262K, committed 84160K, reserved 1179648K
  class space    used 8327K, committed 9216K, reserved 1048576K
}
Event: 797.038 GC heap after
{Heap after GC invocations=715 (full 4):
 PSYoungGen      total 6656K, used 800K [0x00000000d5580000, 0x00000000d5d80000, 0x0000000100000000)
  eden space 5632K, 0% used [0x00000000d5580000,0x00000000d5580000,0x00000000d5b00000)
  from space 1024K, 78% used [0x00000000d5c00000,0x00000000d5cc8020,0x00000000d5d00000)
  to   space 512K, 0% used [0x00000000d5d00000,0x00000000d5d00000,0x00000000d5d80000)
 ParOldGen       total 496640K, used 496393K [0x0000000080000000, 0x000000009e500000, 0x00000000d5580000)
  object space 496640K, 99% used [0x0000000080000000,0x000000009e4c2708,0x000000009e500000)
 Metaspace       used 82262K, committed 84160K, reserved 1179648K
  class space    used 8327K, committed 9216K, reserved 1048576K
}
Event: 797.050 GC heap before
{Heap before GC invocations=716 (full 4):
 PSYoungGen      total 6656K, used 6432K [0x00000000d5580000, 0x00000000d5d80000, 0x0000000100000000)
  eden space 5632K, 100% used [0x00000000d5580000,0x00000000d5b00000,0x00000000d5b00000)
  from space 1024K, 78% used [0x00000000d5c00000,0x00000000d5cc8020,0x00000000d5d00000)
  to   space 512K, 0% used [0x00000000d5d00000,0x00000000d5d00000,0x00000000d5d80000)
 ParOldGen       total 496640K, used 496393K [0x0000000080000000, 0x000000009e500000, 0x00000000d5580000)
  object space 496640K, 99% used [0x0000000080000000,0x000000009e4c2708,0x000000009e500000)
 Metaspace       used 82262K, committed 84160K, reserved 1179648K
  class space    used 8327K, committed 9216K, reserved 1048576K
}
Event: 797.054 GC heap after
{Heap after GC invocations=716 (full 4):
 PSYoungGen      total 6144K, used 480K [0x00000000d5580000, 0x00000000d5e00000, 0x0000000100000000)
  eden space 5632K, 0% used [0x00000000d5580000,0x00000000d5580000,0x00000000d5b00000)
  from space 512K, 93% used [0x00000000d5d00000,0x00000000d5d78020,0x00000000d5d80000)
  to   space 1536K, 0% used [0x00000000d5b00000,0x00000000d5b00000,0x00000000d5c80000)
 ParOldGen       total 497152K, used 497109K [0x0000000080000000, 0x000000009e580000, 0x00000000d5580000)
  object space 497152K, 99% used [0x0000000080000000,0x000000009e575748,0x000000009e580000)
 Metaspace       used 82262K, committed 84160K, reserved 1179648K
  class space    used 8327K, committed 9216K, reserved 1048576K
}
Event: 797.117 GC heap before
{Heap before GC invocations=717 (full 4):
 PSYoungGen      total 6144K, used 6112K [0x00000000d5580000, 0x00000000d5e00000, 0x0000000100000000)
  eden space 5632K, 100% used [0x00000000d5580000,0x00000000d5b00000,0x00000000d5b00000)
  from space 512K, 93% used [0x00000000d5d00000,0x00000000d5d78020,0x00000000d5d80000)
  to   space 1536K, 0% used [0x00000000d5b00000,0x00000000d5b00000,0x00000000d5c80000)
 ParOldGen       total 497152K, used 497109K [0x0000000080000000, 0x000000009e580000, 0x00000000d5580000)
  object space 497152K, 99% used [0x0000000080000000,0x000000009e575748,0x000000009e580000)
 Metaspace       used 82263K, committed 84160K, reserved 1179648K
  class space    used 8327K, committed 9216K, reserved 1048576K
}
Event: 797.119 GC heap after
{Heap after GC invocations=717 (full 4):
 PSYoungGen      total 7168K, used 896K [0x00000000d5580000, 0x00000000d5d80000, 0x0000000100000000)
  eden space 5632K, 0% used [0x00000000d5580000,0x00000000d5580000,0x00000000d5b00000)
  from space 1536K, 58% used [0x00000000d5b00000,0x00000000d5be0000,0x00000000d5c80000)
  to   space 1024K, 0% used [0x00000000d5c80000,0x00000000d5c80000,0x00000000d5d80000)
 ParOldGen       total 497664K, used 497597K [0x0000000080000000, 0x000000009e600000, 0x00000000d5580000)
  object space 497664K, 99% used [0x0000000080000000,0x000000009e5ef768,0x000000009e600000)
 Metaspace       used 82263K, committed 84160K, reserved 1179648K
  class space    used 8327K, committed 9216K, reserved 1048576K
}
Event: 866.536 GC heap before
{Heap before GC invocations=718 (full 4):
 PSYoungGen      total 7168K, used 6528K [0x00000000d5580000, 0x00000000d5d80000, 0x0000000100000000)
  eden space 5632K, 100% used [0x00000000d5580000,0x00000000d5b00000,0x00000000d5b00000)
  from space 1536K, 58% used [0x00000000d5b00000,0x00000000d5be0000,0x00000000d5c80000)
  to   space 1024K, 0% used [0x00000000d5c80000,0x00000000d5c80000,0x00000000d5d80000)
 ParOldGen       total 497664K, used 497597K [0x0000000080000000, 0x000000009e600000, 0x00000000d5580000)
  object space 497664K, 99% used [0x0000000080000000,0x000000009e5ef768,0x000000009e600000)
 Metaspace       used 82285K, committed 84224K, reserved 1179648K
  class space    used 8327K, committed 9216K, reserved 1048576K
}
Event: 866.555 GC heap after
{Heap after GC invocations=718 (full 4):
 PSYoungGen      total 6656K, used 640K [0x00000000d5580000, 0x00000000d5d80000, 0x0000000100000000)
  eden space 5632K, 0% used [0x00000000d5580000,0x00000000d5580000,0x00000000d5b00000)
  from space 1024K, 62% used [0x00000000d5c80000,0x00000000d5d20020,0x00000000d5d80000)
  to   space 1024K, 0% used [0x00000000d5b80000,0x00000000d5b80000,0x00000000d5c80000)
 ParOldGen       total 498688K, used 498293K [0x0000000080000000, 0x000000009e700000, 0x00000000d5580000)
  object space 498688K, 99% used [0x0000000080000000,0x000000009e69d788,0x000000009e700000)
 Metaspace       used 82285K, committed 84224K, reserved 1179648K
  class space    used 8327K, committed 9216K, reserved 1048576K
}
Event: 868.075 GC heap before
{Heap before GC invocations=719 (full 4):
 PSYoungGen      total 6656K, used 6272K [0x00000000d5580000, 0x00000000d5d80000, 0x0000000100000000)
  eden space 5632K, 100% used [0x00000000d5580000,0x00000000d5b00000,0x00000000d5b00000)
  from space 1024K, 62% used [0x00000000d5c80000,0x00000000d5d20020,0x00000000d5d80000)
  to   space 1024K, 0% used [0x00000000d5b80000,0x00000000d5b80000,0x00000000d5c80000)
 ParOldGen       total 498688K, used 498293K [0x0000000080000000, 0x000000009e700000, 0x00000000d5580000)
  object space 498688K, 99% used [0x0000000080000000,0x000000009e69d788,0x000000009e700000)
 Metaspace       used 82297K, committed 84224K, reserved 1179648K
  class space    used 8327K, committed 9216K, reserved 1048576K
}
Event: 868.085 GC heap after
{Heap after GC invocations=719 (full 4):
 PSYoungGen      total 6144K, used 480K [0x00000000d5580000, 0x00000000d5d00000, 0x0000000100000000)
  eden space 5632K, 0% used [0x00000000d5580000,0x00000000d5580000,0x00000000d5b00000)
  from space 512K, 93% used [0x00000000d5b80000,0x00000000d5bf8020,0x00000000d5c00000)
  to   space 1024K, 0% used [0x00000000d5c00000,0x00000000d5c00000,0x00000000d5d00000)
 ParOldGen       total 498688K, used 498637K [0x0000000080000000, 0x000000009e700000, 0x00000000d5580000)
  object space 498688K, 99% used [0x0000000080000000,0x000000009e6f37a8,0x000000009e700000)
 Metaspace       used 82297K, committed 84224K, reserved 1179648K
  class space    used 8327K, committed 9216K, reserved 1048576K
}
Event: 899.866 GC heap before
{Heap before GC invocations=720 (full 4):
 PSYoungGen      total 6144K, used 6112K [0x00000000d5580000, 0x00000000d5d00000, 0x0000000100000000)
  eden space 5632K, 99% used [0x00000000d5580000,0x00000000d5affff8,0x00000000d5b00000)
  from space 512K, 93% used [0x00000000d5b80000,0x00000000d5bf8020,0x00000000d5c00000)
  to   space 1024K, 0% used [0x00000000d5c00000,0x00000000d5c00000,0x00000000d5d00000)
 ParOldGen       total 498688K, used 498637K [0x0000000080000000, 0x000000009e700000, 0x00000000d5580000)
  object space 498688K, 99% used [0x0000000080000000,0x000000009e6f37a8,0x000000009e700000)
 Metaspace       used 82303K, committed 84224K, reserved 1179648K
  class space    used 8327K, committed 9216K, reserved 1048576K
}
Event: 899.878 GC heap after
{Heap after GC invocations=720 (full 4):
 PSYoungGen      total 6144K, used 448K [0x00000000d5580000, 0x00000000d5c80000, 0x0000000100000000)
  eden space 5632K, 0% used [0x00000000d5580000,0x00000000d5580000,0x00000000d5b00000)
  from space 512K, 87% used [0x00000000d5c00000,0x00000000d5c70000,0x00000000d5c80000)
  to   space 512K, 0% used [0x00000000d5b80000,0x00000000d5b80000,0x00000000d5c00000)
 ParOldGen       total 499200K, used 498797K [0x0000000080000000, 0x000000009e780000, 0x00000000d5580000)
  object space 499200K, 99% used [0x0000000080000000,0x000000009e71b7d8,0x000000009e780000)
 Metaspace       used 82303K, committed 84224K, reserved 1179648K
  class space    used 8327K, committed 9216K, reserved 1048576K
}
Event: 906.552 GC heap before
{Heap before GC invocations=721 (full 4):
 PSYoungGen      total 6144K, used 6080K [0x00000000d5580000, 0x00000000d5c80000, 0x0000000100000000)
  eden space 5632K, 100% used [0x00000000d5580000,0x00000000d5b00000,0x00000000d5b00000)
  from space 512K, 87% used [0x00000000d5c00000,0x00000000d5c70000,0x00000000d5c80000)
  to   space 512K, 0% used [0x00000000d5b80000,0x00000000d5b80000,0x00000000d5c00000)
 ParOldGen       total 499200K, used 498797K [0x0000000080000000, 0x000000009e780000, 0x00000000d5580000)
  object space 499200K, 99% used [0x0000000080000000,0x000000009e71b7d8,0x000000009e780000)
 Metaspace       used 82309K, committed 84224K, reserved 1179648K
  class space    used 8327K, committed 9216K, reserved 1048576K
}
Event: 906.555 GC heap after
{Heap after GC invocations=721 (full 4):
 PSYoungGen      total 6144K, used 416K [0x00000000d5580000, 0x00000000d5c80000, 0x0000000100000000)
  eden space 5632K, 0% used [0x00000000d5580000,0x00000000d5580000,0x00000000d5b00000)
  from space 512K, 81% used [0x00000000d5b80000,0x00000000d5be8000,0x00000000d5c00000)
  to   space 512K, 0% used [0x00000000d5c00000,0x00000000d5c00000,0x00000000d5c80000)
 ParOldGen       total 499200K, used 498853K [0x0000000080000000, 0x000000009e780000, 0x00000000d5580000)
  object space 499200K, 99% used [0x0000000080000000,0x000000009e7297d8,0x000000009e780000)
 Metaspace       used 82309K, committed 84224K, reserved 1179648K
  class space    used 8327K, committed 9216K, reserved 1048576K
}

Dll operation events (10 events):
Event: 0.016 Loaded shared library c:\Users\ASUS\.vscode\extensions\redhat.java-1.53.0-win32-x64\jre\21.0.10-win32-x86_64\bin\java.dll
Event: 0.137 Loaded shared library c:\Users\ASUS\.vscode\extensions\redhat.java-1.53.0-win32-x64\jre\21.0.10-win32-x86_64\bin\zip.dll
Event: 0.167 Loaded shared library C:\Users\ASUS\.vscode\extensions\redhat.java-1.53.0-win32-x64\jre\21.0.10-win32-x86_64\bin\instrument.dll
Event: 0.174 Loaded shared library C:\Users\ASUS\.vscode\extensions\redhat.java-1.53.0-win32-x64\jre\21.0.10-win32-x86_64\bin\net.dll
Event: 0.179 Loaded shared library C:\Users\ASUS\.vscode\extensions\redhat.java-1.53.0-win32-x64\jre\21.0.10-win32-x86_64\bin\nio.dll
Event: 0.185 Loaded shared library C:\Users\ASUS\.vscode\extensions\redhat.java-1.53.0-win32-x64\jre\21.0.10-win32-x86_64\bin\zip.dll
Event: 0.216 Loaded shared library C:\Users\ASUS\.vscode\extensions\redhat.java-1.53.0-win32-x64\jre\21.0.10-win32-x86_64\bin\jimage.dll
Event: 0.357 Loaded shared library c:\Users\ASUS\.vscode\extensions\redhat.java-1.53.0-win32-x64\jre\21.0.10-win32-x86_64\bin\verify.dll
Event: 15.285 Loaded shared library C:\Users\ASUS\AppData\Roaming\Code\User\globalStorage\redhat.java\1.53.0\config_win\org.eclipse.equinox.launcher\org.eclipse.equinox.launcher.win32.win32.x86_64_1.3.0.v20260203-2149\eclipse_11919.dll
Event: 32.837 Loaded shared library C:\Users\ASUS\AppData\Local\Temp\jna-2018896\jna16585240002254535090.dll

Deoptimization events (20 events):
Event: 795.959 Thread 0x0000020a595140b0 DEOPT PACKING pc=0x0000020a774f4a30 sp=0x00000098c2afdc70
Event: 795.959 Thread 0x0000020a595140b0 DEOPT UNPACKING pc=0x0000020a75f73aa2 sp=0x00000098c2afdbf8 mode 2
Event: 795.959 Thread 0x0000020a595140b0 Uncommon trap: trap_request=0xffffffc6 fr.pc=0x0000020a774f4a30 relative=0x00000000000002d0
Event: 795.959 Thread 0x0000020a595140b0 Uncommon trap: reason=bimorphic_or_optimized_type_check action=maybe_recompile pc=0x0000020a774f4a30 method=java.util.HashMap$KeySpliterator.forEachRemaining(Ljava/util/function/Consumer;)V @ 145 c2
Event: 795.959 Thread 0x0000020a595140b0 DEOPT PACKING pc=0x0000020a774f4a30 sp=0x00000098c2afdc10
Event: 795.959 Thread 0x0000020a595140b0 DEOPT UNPACKING pc=0x0000020a75f73aa2 sp=0x00000098c2afdb98 mode 2
Event: 796.273 Thread 0x0000020a595140b0 DEOPT PACKING pc=0x0000020a719a644c sp=0x00000098c2afd880
Event: 796.273 Thread 0x0000020a595140b0 DEOPT UNPACKING pc=0x0000020a75f74242 sp=0x00000098c2afce30 mode 0
Event: 796.883 Thread 0x0000020a4c3e9b80 Uncommon trap: trap_request=0xffffff6e fr.pc=0x0000020a77649ba4 relative=0x0000000000000964
Event: 796.884 Thread 0x0000020a4c3e9b80 Uncommon trap: reason=loop_limit_check action=maybe_recompile pc=0x0000020a77649ba4 method=org.eclipse.jdt.internal.compiler.util.SimpleSet.rehash()V @ 44 c2
Event: 796.884 Thread 0x0000020a4c3e9b80 DEOPT PACKING pc=0x0000020a77649ba4 sp=0x00000098c4efdfd0
Event: 796.884 Thread 0x0000020a4c3e9b80 DEOPT UNPACKING pc=0x0000020a75f73aa2 sp=0x00000098c4efdf90 mode 2
Event: 798.634 Thread 0x0000020a4c3e9b80 Uncommon trap: trap_request=0xffffff6e fr.pc=0x0000020a77668468 relative=0x00000000000005e8
Event: 798.634 Thread 0x0000020a4c3e9b80 Uncommon trap: reason=loop_limit_check action=maybe_recompile pc=0x0000020a77668468 method=org.eclipse.jdt.core.Signature.getSimpleName(Ljava/lang/String;)Ljava/lang/String; @ 105 c2
Event: 798.634 Thread 0x0000020a4c3e9b80 DEOPT PACKING pc=0x0000020a77668468 sp=0x00000098c4efe1a0
Event: 798.634 Thread 0x0000020a4c3e9b80 DEOPT UNPACKING pc=0x0000020a75f73aa2 sp=0x00000098c4efe138 mode 2
Event: 802.783 Thread 0x0000020a4b24d320 Uncommon trap: trap_request=0xffffff45 fr.pc=0x0000020a773103c8 relative=0x0000000000000188
Event: 802.783 Thread 0x0000020a4b24d320 Uncommon trap: reason=unstable_if action=reinterpret pc=0x0000020a773103c8 method=java.io.ObjectOutputStream$HandleTable.lookup(Ljava/lang/Object;)I @ 4 c2
Event: 802.783 Thread 0x0000020a4b24d320 DEOPT PACKING pc=0x0000020a773103c8 sp=0x00000098c1afeba0
Event: 802.783 Thread 0x0000020a4b24d320 DEOPT UNPACKING pc=0x0000020a75f73aa2 sp=0x00000098c1afeb30 mode 2

Classes loaded (20 events):
Event: 349.955 Loading class java/util/function/LongFunction
Event: 349.957 Loading class java/util/function/LongFunction done
Event: 349.959 Loading class java/util/stream/Nodes$ConcNode
Event: 349.968 Loading class java/util/stream/Nodes$AbstractConcNode
Event: 349.971 Loading class java/util/stream/Nodes$AbstractConcNode done
Event: 349.971 Loading class java/util/stream/Nodes$ConcNode done
Event: 350.070 Loading class java/io/ObjectOutputStream$BlockDataOutputStream
Event: 350.072 Loading class java/io/ObjectOutputStream$BlockDataOutputStream done
Event: 350.072 Loading class java/io/ObjectOutputStream$HandleTable
Event: 350.074 Loading class java/io/ObjectOutputStream$HandleTable done
Event: 350.074 Loading class java/io/ObjectOutputStream$ReplaceTable
Event: 350.075 Loading class java/io/ObjectOutputStream$ReplaceTable done
Event: 591.260 Loading class jdk/internal/module/IllegalAccessLogger
Event: 591.262 Loading class jdk/internal/module/IllegalAccessLogger done
Event: 691.745 Loading class jdk/internal/module/IllegalAccessLogger
Event: 691.746 Loading class jdk/internal/module/IllegalAccessLogger done
Event: 692.536 Loading class jdk/internal/module/IllegalAccessLogger
Event: 692.536 Loading class jdk/internal/module/IllegalAccessLogger done
Event: 795.527 Loading class jdk/internal/module/IllegalAccessLogger
Event: 795.529 Loading class jdk/internal/module/IllegalAccessLogger done

Classes unloaded (11 events):
Event: 33.929 Thread 0x0000020a6b96fb70 Unloading class 0x0000020a051ab400 'java/lang/invoke/LambdaForm$MH+0x0000020a051ab400'
Event: 33.929 Thread 0x0000020a6b96fb70 Unloading class 0x0000020a051ab000 'java/lang/invoke/LambdaForm$MH+0x0000020a051ab000'
Event: 33.929 Thread 0x0000020a6b96fb70 Unloading class 0x0000020a051aac00 'java/lang/invoke/LambdaForm$MH+0x0000020a051aac00'
Event: 33.929 Thread 0x0000020a6b96fb70 Unloading class 0x0000020a051aa800 'java/lang/invoke/LambdaForm$MH+0x0000020a051aa800'
Event: 33.929 Thread 0x0000020a6b96fb70 Unloading class 0x0000020a051aa400 'java/lang/invoke/LambdaForm$BMH+0x0000020a051aa400'
Event: 33.929 Thread 0x0000020a6b96fb70 Unloading class 0x0000020a051aa000 'java/lang/invoke/LambdaForm$DMH+0x0000020a051aa000'
Event: 33.929 Thread 0x0000020a6b96fb70 Unloading class 0x0000020a051a8c00 'java/lang/invoke/LambdaForm$DMH+0x0000020a051a8c00'
Event: 172.986 Thread 0x0000020a6b96fb70 Unloading class 0x0000020a05745400 'java/lang/invoke/LambdaForm$DMH+0x0000020a05745400'
Event: 172.986 Thread 0x0000020a6b96fb70 Unloading class 0x0000020a05744800 'java/lang/invoke/LambdaForm$DMH+0x0000020a05744800'
Event: 172.986 Thread 0x0000020a6b96fb70 Unloading class 0x0000020a05745000 'java/lang/invoke/LambdaForm$DMH+0x0000020a05745000'
Event: 172.986 Thread 0x0000020a6b96fb70 Unloading class 0x0000020a05744c00 'java/lang/invoke/LambdaForm$DMH+0x0000020a05744c00'

Classes redefined (0 events):
No events

Internal exceptions (20 events):
Event: 690.834 Thread 0x0000020a4c3e8e60 Exception <a 'sun/nio/fs/WindowsException'{0x00000000d5774ff0}> (0x00000000d5774ff0) 
thrown [s\src\hotspot\share\prims\jni.cpp, line 520]
Event: 690.834 Thread 0x0000020a4c3e8140 Exception <a 'sun/nio/fs/WindowsException'{0x00000000d5774298}> (0x00000000d5774298) 
thrown [s\src\hotspot\share\prims\jni.cpp, line 520]
Event: 690.834 Thread 0x0000020a4c3eb5c0 Exception <a 'sun/nio/fs/WindowsException'{0x00000000d5776778}> (0x00000000d5776778) 
thrown [s\src\hotspot\share\prims\jni.cpp, line 520]
Event: 690.838 Thread 0x0000020a4c3ed000 Exception <a 'sun/nio/fs/WindowsException'{0x00000000d55848f0}> (0x00000000d55848f0) 
thrown [s\src\hotspot\share\prims\jni.cpp, line 520]
Event: 690.839 Thread 0x0000020a59512670 Exception <a 'sun/nio/fs/WindowsException'{0x00000000d5585e08}> (0x00000000d5585e08) 
thrown [s\src\hotspot\share\prims\jni.cpp, line 520]
Event: 690.840 Thread 0x0000020a59515460 Exception <a 'sun/nio/fs/WindowsException'{0x00000000d5583620}> (0x00000000d5583620) 
thrown [s\src\hotspot\share\prims\jni.cpp, line 520]
Event: 690.841 Thread 0x0000020a59515af0 Exception <a 'sun/nio/fs/WindowsException'{0x00000000d55808a0}> (0x00000000d55808a0) 
thrown [s\src\hotspot\share\prims\jni.cpp, line 520]
Event: 690.854 Thread 0x0000020a4b24d320 Implicit null exception at 0x0000020a77470d7c to 0x0000020a77470dc5
Event: 691.790 Thread 0x0000020a4b24d9b0 Implicit null exception at 0x0000020a7729aae2 to 0x0000020a7729b92c
Event: 692.418 Thread 0x0000020a4b24d320 Exception <a 'sun/nio/fs/WindowsException'{0x00000000d56d8f88}> (0x00000000d56d8f88) 
thrown [s\src\hotspot\share\prims\jni.cpp, line 520]
Event: 692.419 Thread 0x0000020a4c3eea40 Exception <a 'sun/nio/fs/WindowsException'{0x00000000d56da6f8}> (0x00000000d56da6f8) 
thrown [s\src\hotspot\share\prims\jni.cpp, line 520]
Event: 692.428 Thread 0x0000020a4b24d320 Implicit null exception at 0x0000020a774d2d54 to 0x0000020a774d3ed0
Event: 692.529 Thread 0x0000020a4b24d320 Implicit null exception at 0x0000020a774b606b to 0x0000020a774b6135
Event: 692.560 Thread 0x0000020a4b24d320 Exception <a 'sun/nio/fs/WindowsException'{0x00000000d56d6ce0}> (0x00000000d56d6ce0) 
thrown [s\src\hotspot\share\prims\jni.cpp, line 520]
Event: 692.561 Thread 0x0000020a4b24d320 Exception <a 'sun/nio/fs/WindowsException'{0x00000000d56d7568}> (0x00000000d56d7568) 
thrown [s\src\hotspot\share\prims\jni.cpp, line 520]
Event: 793.208 Thread 0x0000020a59513a20 Implicit null exception at 0x0000020a76f36317 to 0x0000020a76f37fac
Event: 795.261 Thread 0x0000020a4b24cc90 Exception <a 'sun/nio/fs/WindowsException'{0x00000000d57c3228}> (0x00000000d57c3228) 
thrown [s\src\hotspot\share\prims\jni.cpp, line 520]
Event: 795.625 Thread 0x0000020a4b24cc90 Exception <a 'sun/nio/fs/WindowsException'{0x00000000d5580770}> (0x00000000d5580770) 
thrown [s\src\hotspot\share\prims\jni.cpp, line 520]
Event: 802.778 Thread 0x0000020a4b24d320 Exception <a 'sun/nio/fs/WindowsException'{0x00000000d5871cb8}> (0x00000000d5871cb8) 
thrown [s\src\hotspot\share\prims\jni.cpp, line 520]
Event: 802.778 Thread 0x0000020a4b24d320 Exception <a 'sun/nio/fs/WindowsException'{0x00000000d5872aa8}> (0x00000000d5872aa8) 
thrown [s\src\hotspot\share\prims\jni.cpp, line 520]

ZGC Phase Switch (0 events):
No events

VM Operations (20 events):
Event: 842.300 Executing non-safepoint VM operation: RendezvousGCThreads
Event: 842.300 Executing non-safepoint VM operation: RendezvousGCThreads done
Event: 866.527 Executing safepoint VM operation: ParallelGCFailedAllocation (Allocation Failure)
Event: 866.555 Executing safepoint VM operation: ParallelGCFailedAllocation (Allocation Failure) done
Event: 867.562 Executing safepoint VM operation: Cleanup
Event: 867.562 Executing safepoint VM operation: Cleanup done
Event: 868.075 Executing safepoint VM operation: ParallelGCFailedAllocation (Allocation Failure)
Event: 868.085 Executing safepoint VM operation: ParallelGCFailedAllocation (Allocation Failure) done
Event: 869.098 Executing safepoint VM operation: Cleanup
Event: 869.099 Executing safepoint VM operation: Cleanup done
Event: 899.866 Executing safepoint VM operation: ParallelGCFailedAllocation (Allocation Failure)
Event: 899.878 Executing safepoint VM operation: ParallelGCFailedAllocation (Allocation Failure) done
Event: 902.461 Executing non-safepoint VM operation: HandshakeAllThreads (HandshakeForDeflation)
Event: 902.461 Executing non-safepoint VM operation: HandshakeAllThreads (HandshakeForDeflation) done
Event: 902.461 Executing non-safepoint VM operation: RendezvousGCThreads
Event: 902.461 Executing non-safepoint VM operation: RendezvousGCThreads done
Event: 906.507 Executing safepoint VM operation: Cleanup
Event: 906.507 Executing safepoint VM operation: Cleanup done
Event: 906.552 Executing safepoint VM operation: ParallelGCFailedAllocation (Allocation Failure)
Event: 906.556 Executing safepoint VM operation: ParallelGCFailedAllocation (Allocation Failure) done

Memory protections (0 events):
No events

Nmethod flushes (20 events):
Event: 173.667 Thread 0x0000020a6b96fb70 flushing  nmethod 0x0000020a6fc17210
Event: 173.667 Thread 0x0000020a6b96fb70 flushing  nmethod 0x0000020a6fc17610
Event: 173.667 Thread 0x0000020a6b96fb70 flushing  nmethod 0x0000020a6fc17c90
Event: 173.667 Thread 0x0000020a6b96fb70 flushing  nmethod 0x0000020a6fc18410
Event: 173.667 Thread 0x0000020a6b96fb70 flushing  nmethod 0x0000020a6fc18c90
Event: 173.667 Thread 0x0000020a6b96fb70 flushing  nmethod 0x0000020a6fc1ef90
Event: 173.667 Thread 0x0000020a6b96fb70 flushing  nmethod 0x0000020a6fc32510
Event: 173.667 Thread 0x0000020a6b96fb70 flushing  nmethod 0x0000020a6fc46090
Event: 173.667 Thread 0x0000020a6b96fb70 flushing  nmethod 0x0000020a6fc95210
Event: 173.667 Thread 0x0000020a6b96fb70 flushing  nmethod 0x0000020a6fc96a90
Event: 173.667 Thread 0x0000020a6b96fb70 flushing  nmethod 0x0000020a6fc9f010
Event: 173.668 Thread 0x0000020a6b96fb70 flushing  nmethod 0x0000020a6fcb9d90
Event: 173.668 Thread 0x0000020a6b96fb70 flushing  nmethod 0x0000020a6fcba390
Event: 173.668 Thread 0x0000020a6b96fb70 flushing  nmethod 0x0000020a6fcc7090
Event: 173.668 Thread 0x0000020a6b96fb70 flushing  nmethod 0x0000020a6fcc9110
Event: 173.668 Thread 0x0000020a6b96fb70 flushing  nmethod 0x0000020a6fcca910
Event: 173.668 Thread 0x0000020a6b96fb70 flushing  nmethod 0x0000020a6fd1ff90
Event: 173.668 Thread 0x0000020a6b96fb70 flushing  nmethod 0x0000020a6fd20990
Event: 173.668 Thread 0x0000020a6b96fb70 flushing  nmethod 0x0000020a6fd64c90
Event: 173.668 Thread 0x0000020a6b96fb70 flushing  nmethod 0x0000020a6fd65210

Events (20 events):
Event: 795.594 Thread 0x0000020a4e4148a0 Thread added: 0x0000020a4e417000
Event: 802.772 Thread 0x0000020a4b24d320 Thread added: 0x0000020a5979d850
Event: 802.773 Thread 0x0000020a5979d850 Thread exited: 0x0000020a5979d850
Event: 802.779 Thread 0x0000020a4b24d320 Thread added: 0x0000020a5979b780
Event: 802.780 Thread 0x0000020a5979b780 Thread exited: 0x0000020a5979b780
Event: 802.790 Thread 0x0000020a7f636a60 Thread added: 0x0000020a4d048510
Event: 802.915 Thread 0x0000020a4d048510 Thread exited: 0x0000020a4d048510
Event: 812.425 Thread 0x0000020a4c3ed000 Thread exited: 0x0000020a4c3ed000
Event: 855.591 Thread 0x0000020a595112c0 Thread exited: 0x0000020a595112c0
Event: 862.767 Thread 0x0000020a4e4148a0 Thread exited: 0x0000020a4e4148a0
Event: 862.920 Thread 0x0000020a4c3ec2e0 Thread exited: 0x0000020a4c3ec2e0
Event: 862.920 Thread 0x0000020a4b24d320 Thread exited: 0x0000020a4b24d320
Event: 866.363 Thread 0x0000020a4e417000 Thread added: 0x0000020a4c3ec2e0
Event: 866.364 Thread 0x0000020a4c3ec2e0 Thread added: 0x0000020a4c3ed000
Event: 866.746 Thread 0x0000020a4e417690 Thread added: 0x0000020a595112c0
Event: 869.130 Thread 0x0000020a4c3e9b80 Thread exited: 0x0000020a4c3e9b80
Event: 872.433 Thread 0x0000020a59515460 Thread exited: 0x0000020a59515460
Event: 906.528 Thread 0x0000020a6b98e690 Thread added: 0x0000020a4d048510
Event: 911.758 Thread 0x0000020a4d048510 Thread exited: 0x0000020a4d048510
Event: 929.144 Thread 0x0000020a4c444080 Thread exited: 0x0000020a4c444080


Dynamic libraries:
0x00007ff7c65e0000 - 0x00007ff7c65ee000 	c:\Users\ASUS\.vscode\extensions\redhat.java-1.53.0-win32-x64\jre\21.0.10-win32-x86_64\bin\java.exe
0x00007ffd2df60000 - 0x00007ffd2e1c9000 	C:\WINDOWS\SYSTEM32\ntdll.dll
0x00007ffd2c8e0000 - 0x00007ffd2c9a9000 	C:\WINDOWS\System32\KERNEL32.DLL
0x00007ffd2b0c0000 - 0x00007ffd2b4b3000 	C:\WINDOWS\System32\KERNELBASE.dll
0x00007ffd2bae0000 - 0x00007ffd2bc2b000 	C:\WINDOWS\System32\ucrtbase.dll
0x00007ffcf4600000 - 0x00007ffcf461e000 	c:\Users\ASUS\.vscode\extensions\redhat.java-1.53.0-win32-x64\jre\21.0.10-win32-x86_64\bin\VCRUNTIME140.dll
0x00007ffcf4430000 - 0x00007ffcf4448000 	c:\Users\ASUS\.vscode\extensions\redhat.java-1.53.0-win32-x64\jre\21.0.10-win32-x86_64\bin\jli.dll
0x00007ffd11300000 - 0x00007ffd11593000 	C:\WINDOWS\WinSxS\amd64_microsoft.windows.common-controls_6595b64144ccf1df_6.0.26100.5074_none_3e0d6f78e32fd63f\COMCTL32.dll
0x00007ffd2bf70000 - 0x00007ffd2c134000 	C:\WINDOWS\System32\USER32.dll
0x00007ffd2bec0000 - 0x00007ffd2bf69000 	C:\WINDOWS\System32\msvcrt.dll
0x00007ffd2bcd0000 - 0x00007ffd2bcf7000 	C:\WINDOWS\System32\win32u.dll
0x00007ffd2c140000 - 0x00007ffd2c16b000 	C:\WINDOWS\System32\GDI32.dll
0x00007ffd2b9b0000 - 0x00007ffd2badd000 	C:\WINDOWS\System32\gdi32full.dll
0x00007ffd2b4c0000 - 0x00007ffd2b563000 	C:\WINDOWS\System32\msvcp_win.dll
0x00007ffd2cce0000 - 0x00007ffd2cd0f000 	C:\WINDOWS\System32\IMM32.DLL
0x00007ffcb44a0000 - 0x00007ffcb44ac000 	c:\Users\ASUS\.vscode\extensions\redhat.java-1.53.0-win32-x64\jre\21.0.10-win32-x86_64\bin\vcruntime140_1.dll
0x00007ffcadac0000 - 0x00007ffcadb4d000 	c:\Users\ASUS\.vscode\extensions\redhat.java-1.53.0-win32-x64\jre\21.0.10-win32-x86_64\bin\msvcp140.dll
0x00007ffc53910000 - 0x00007ffc546b1000 	c:\Users\ASUS\.vscode\extensions\redhat.java-1.53.0-win32-x64\jre\21.0.10-win32-x86_64\bin\server\jvm.dll
0x00007ffd2d340000 - 0x00007ffd2d3f4000 	C:\WINDOWS\System32\ADVAPI32.dll
0x00007ffd2be00000 - 0x00007ffd2bea6000 	C:\WINDOWS\System32\sechost.dll
0x00007ffd2cda0000 - 0x00007ffd2ceb8000 	C:\WINDOWS\System32\RPCRT4.dll
0x00007ffd2cd20000 - 0x00007ffd2cd94000 	C:\WINDOWS\System32\WS2_32.dll
0x00007ffd2af20000 - 0x00007ffd2af7e000 	C:\WINDOWS\SYSTEM32\POWRPROF.dll
0x00007ffd24280000 - 0x00007ffd2428b000 	C:\WINDOWS\SYSTEM32\VERSION.dll
0x00007ffd1e6b0000 - 0x00007ffd1e6e5000 	C:\WINDOWS\SYSTEM32\WINMM.dll
0x00007ffd2af00000 - 0x00007ffd2af14000 	C:\WINDOWS\SYSTEM32\UMPDC.dll
0x00007ffd29e60000 - 0x00007ffd29e7b000 	C:\WINDOWS\SYSTEM32\kernel.appcore.dll
0x00007ffd05630000 - 0x00007ffd0563a000 	c:\Users\ASUS\.vscode\extensions\redhat.java-1.53.0-win32-x64\jre\21.0.10-win32-x86_64\bin\jimage.dll
0x00007ffd1ccd0000 - 0x00007ffd1cf12000 	C:\WINDOWS\SYSTEM32\DBGHELP.DLL
0x00007ffd2d420000 - 0x00007ffd2d79b000 	C:\WINDOWS\System32\combase.dll
0x00007ffd2c7f0000 - 0x00007ffd2c8c7000 	C:\WINDOWS\System32\OLEAUT32.dll
0x00007ffd122e0000 - 0x00007ffd1231d000 	C:\WINDOWS\SYSTEM32\dbgcore.DLL
0x00007ffd2bc30000 - 0x00007ffd2bcc9000 	C:\WINDOWS\System32\bcryptPrimitives.dll
0x00007ffcae840000 - 0x00007ffcae84f000 	c:\Users\ASUS\.vscode\extensions\redhat.java-1.53.0-win32-x64\jre\21.0.10-win32-x86_64\bin\instrument.dll
0x00007ffcade90000 - 0x00007ffcadeb0000 	c:\Users\ASUS\.vscode\extensions\redhat.java-1.53.0-win32-x64\jre\21.0.10-win32-x86_64\bin\java.dll
0x00007ffd2d7a0000 - 0x00007ffd2deed000 	C:\WINDOWS\System32\SHELL32.dll
0x00007ffd2b840000 - 0x00007ffd2b9ac000 	C:\WINDOWS\System32\wintypes.dll
0x00007ffd28cd0000 - 0x00007ffd29529000 	C:\WINDOWS\SYSTEM32\windows.storage.dll
0x00007ffd2cf50000 - 0x00007ffd2d040000 	C:\WINDOWS\System32\SHCORE.dll
0x00007ffd2bd00000 - 0x00007ffd2bd62000 	C:\WINDOWS\System32\shlwapi.dll
0x00007ffd2afe0000 - 0x00007ffd2b009000 	C:\WINDOWS\SYSTEM32\profapi.dll
0x00007ffcadd20000 - 0x00007ffcadd38000 	c:\Users\ASUS\.vscode\extensions\redhat.java-1.53.0-win32-x64\jre\21.0.10-win32-x86_64\bin\zip.dll
0x00007ffcade60000 - 0x00007ffcade70000 	C:\Users\ASUS\.vscode\extensions\redhat.java-1.53.0-win32-x64\jre\21.0.10-win32-x86_64\bin\net.dll
0x00007ffd25580000 - 0x00007ffd2569f000 	C:\WINDOWS\SYSTEM32\WINHTTP.dll
0x00007ffd2a3c0000 - 0x00007ffd2a42b000 	C:\WINDOWS\system32\mswsock.dll
0x00007ffcadaa0000 - 0x00007ffcadab6000 	C:\Users\ASUS\.vscode\extensions\redhat.java-1.53.0-win32-x64\jre\21.0.10-win32-x86_64\bin\nio.dll
0x00007ffcade80000 - 0x00007ffcade90000 	c:\Users\ASUS\.vscode\extensions\redhat.java-1.53.0-win32-x64\jre\21.0.10-win32-x86_64\bin\verify.dll
0x00007ffcf4480000 - 0x00007ffcf44c5000 	C:\Users\ASUS\AppData\Roaming\Code\User\globalStorage\redhat.java\1.53.0\config_win\org.eclipse.equinox.launcher\org.eclipse.equinox.launcher.win32.win32.x86_64_1.3.0.v20260203-2149\eclipse_11919.dll
0x00007ffd2cb40000 - 0x00007ffd2ccd8000 	C:\WINDOWS\System32\ole32.dll
0x00007ffd2a790000 - 0x00007ffd2a7ab000 	C:\WINDOWS\SYSTEM32\CRYPTSP.dll
0x00007ffd29dc0000 - 0x00007ffd29dfb000 	C:\WINDOWS\system32\rsaenh.dll
0x00007ffd2a460000 - 0x00007ffd2a48b000 	C:\WINDOWS\SYSTEM32\USERENV.dll
0x00007ffd2afb0000 - 0x00007ffd2afd6000 	C:\WINDOWS\SYSTEM32\bcrypt.dll
0x00007ffd2a5f0000 - 0x00007ffd2a5fc000 	C:\WINDOWS\SYSTEM32\CRYPTBASE.dll
0x00007ffd29840000 - 0x00007ffd29874000 	C:\WINDOWS\SYSTEM32\IPHLPAPI.DLL
0x00007ffd2c8d0000 - 0x00007ffd2c8da000 	C:\WINDOWS\System32\NSI.dll
0x00007ffcad9f0000 - 0x00007ffcada39000 	C:\Users\ASUS\AppData\Local\Temp\jna-2018896\jna16585240002254535090.dll
0x00007ffd2cab0000 - 0x00007ffd2cab8000 	C:\WINDOWS\System32\PSAPI.DLL
0x00007ffd259e0000 - 0x00007ffd259fe000 	C:\WINDOWS\SYSTEM32\dhcpcsvc6.DLL
0x00007ffd25930000 - 0x00007ffd25953000 	C:\WINDOWS\SYSTEM32\dhcpcsvc.DLL

JVMTI agents:
c:\Users\ASUS\.vscode\extensions\redhat.java-1.53.0-win32-x64\lombok\lombok-1.18.39-4050.jar path:c:\Users\ASUS\.vscode\extensions\redhat.java-1.53.0-win32-x64\jre\21.0.10-win32-x86_64\bin\instrument.dll, loaded, initialized, instrumentlib options:none

dbghelp: loaded successfully - version: 4.0.5 - missing functions: none
symbol engine: initialized successfully - sym options: 0x614 - pdb path: .;c:\Users\ASUS\.vscode\extensions\redhat.java-1.53.0-win32-x64\jre\21.0.10-win32-x86_64\bin;C:\WINDOWS\SYSTEM32;C:\WINDOWS\WinSxS\amd64_microsoft.windows.common-controls_6595b64144ccf1df_6.0.26100.5074_none_3e0d6f78e32fd63f;c:\Users\ASUS\.vscode\extensions\redhat.java-1.53.0-win32-x64\jre\21.0.10-win32-x86_64\bin\server;C:\Users\ASUS\AppData\Roaming\Code\User\globalStorage\redhat.java\1.53.0\config_win\org.eclipse.equinox.launcher\org.eclipse.equinox.launcher.win32.win32.x86_64_1.3.0.v20260203-2149;C:\Users\ASUS\AppData\Local\Temp\jna-2018896

VM Arguments:
jvm_args: --add-modules=ALL-SYSTEM --add-opens=java.base/java.util=ALL-UNNAMED --add-opens=java.base/java.lang=ALL-UNNAMED --add-opens=java.base/sun.nio.fs=ALL-UNNAMED -Declipse.application=org.eclipse.jdt.ls.core.id1 -Dosgi.bundles.defaultStartLevel=4 -Declipse.product=org.eclipse.jdt.ls.core.product -Djava.import.generatesMetadataFilesAtProjectRoot=false -DDetectVMInstallationsJob.disabled=true -Dfile.encoding=utf8 -XX:+UseParallelGC -XX:GCTimeRatio=4 -XX:AdaptiveSizePolicyWeight=90 -Dsun.zip.disableMemoryMapping=true -Xmx2G -Xms100m -Xlog:disable -javaagent:c:\Users\ASUS\.vscode\extensions\redhat.java-1.53.0-win32-x64\lombok\lombok-1.18.39-4050.jar -XX:+HeapDumpOnOutOfMemoryError -XX:HeapDumpPath=c:\Users\ASUS\AppData\Roaming\Code\User\workspaceStorage\072664e477a3092332c4219defd89c4c\redhat.java -Daether.dependencyCollector.impl=bf 
java_command: c:\Users\ASUS\.vscode\extensions\redhat.java-1.53.0-win32-x64\server\plugins\org.eclipse.equinox.launcher_1.7.100.v20251111-0406.jar -configuration c:\Users\ASUS\AppData\Roaming\Code\User\globalStorage\redhat.java\1.53.0\config_win -data c:\Users\ASUS\AppData\Roaming\Code\User\workspaceStorage\072664e477a3092332c4219defd89c4c\redhat.java\jdt_ws --pipe=\\.\pipe\lsp-b616bf0dba22972d8ca3467bcfc93f84-sock
java_class_path (initial): c:\Users\ASUS\.vscode\extensions\redhat.java-1.53.0-win32-x64\server\plugins\org.eclipse.equinox.launcher_1.7.100.v20251111-0406.jar
Launcher Type: SUN_STANDARD

[Global flags]
    uintx AdaptiveSizePolicyWeight                 = 90                                        {product} {command line}
     intx CICompilerCount                          = 12                                        {product} {ergonomic}
    uintx GCTimeRatio                              = 4                                         {product} {command line}
     bool HeapDumpOnOutOfMemoryError               = true                                   {manageable} {command line}
    ccstr HeapDumpPath                             = c:\Users\ASUS\AppData\Roaming\Code\User\workspaceStorage\072664e477a3092332c4219defd89c4c\redhat.java         {manageable} {command line}
   size_t InitialHeapSize                          = 104857600                                 {product} {command line}
   size_t MaxHeapSize                              = 2147483648                                {product} {command line}
   size_t MaxNewSize                               = 715653120                                 {product} {ergonomic}
   size_t MinHeapDeltaBytes                        = 524288                                    {product} {ergonomic}
   size_t MinHeapSize                              = 104857600                                 {product} {command line}
   size_t NewSize                                  = 34603008                                  {product} {ergonomic}
    uintx NonNMethodCodeHeapSize                   = 7602480                                {pd product} {ergonomic}
    uintx NonProfiledCodeHeapSize                  = 122027880                              {pd product} {ergonomic}
   size_t OldSize                                  = 70254592                                  {product} {ergonomic}
    uintx ProfiledCodeHeapSize                     = 122027880                              {pd product} {ergonomic}
    uintx ReservedCodeCacheSize                    = 251658240                              {pd product} {ergonomic}
     bool SegmentedCodeCache                       = true                                      {product} {ergonomic}
   size_t SoftMaxHeapSize                          = 2147483648                             {manageable} {ergonomic}
     bool UseCompressedOops                        = true                           {product lp64_product} {ergonomic}
     bool UseLargePagesIndividualAllocation        = false                                  {pd product} {ergonomic}
     bool UseParallelGC                            = true                                      {product} {command line}

Logging:
Log output configuration:
 #0: stdout all=off uptime,level,tags foldmultilines=false
 #1: stderr all=off uptime,level,tags foldmultilines=false

Release file:
JAVA_VERSION="21.0.10" 
MODULES="java.base java.compiler java.datatransfer java.xml java.prefs java.desktop java.instrument java.logging java.management java.security.sasl java.naming java.rmi java.management.rmi java.net.http java.scripting java.security.jgss java.transaction.xa java.sql java.sql.rowset java.xml.crypto java.se java.smartcardio jdk.accessibility jdk.internal.jvmstat jdk.attach jdk.charsets jdk.internal.opt jdk.zipfs jdk.compiler jdk.crypto.ec jdk.crypto.cryptoki jdk.crypto.mscapi jdk.dynalink jdk.internal.ed jdk.editpad jdk.hotspot.agent jdk.httpserver jdk.internal.le jdk.internal.vm.ci jdk.internal.vm.compiler jdk.internal.vm.compiler.management jdk.jartool jdk.javadoc jdk.jcmd jdk.management jdk.management.agent jdk.jconsole jdk.jdeps jdk.jdwp.agent jdk.jdi jdk.jfr jdk.jshell jdk.jsobject jdk.jstatd jdk.localedata jdk.management.jfr jdk.naming.dns jdk.naming.rmi jdk.net jdk.nio.mapmode jdk.random jdk.sctp jdk.security.auth jdk.security.jgss jdk.unsupported jdk.unsupported.desktop jdk.xml.dom" 

Environment Variables:
PATH=C:\Visaul Studio\Microsoft VS Code;C:\Program Files\Java\jdk-25\bin;C:\Program Files\Python313\Scripts\;C:\Program Files\Python313\;C:\Program Files (x86)\VMware\VMware Workstation\bin\;C:\WINDOWS\system32;C:\WINDOWS;C:\WINDOWS\System32\Wbem;C:\WINDOWS\System32\WindowsPowerShell\v1.0\;C:\WINDOWS\System32\OpenSSH\;C:\Program Files\NVIDIA Corporation\NVIDIA App\NvDLISR;C:\Program Files (x86)\NVIDIA Corporation\PhysX\Common;C:\Program Files\dotnet\;C:\php-8.4.7;C:\ProgramData\ComposerSetup\bin;C:\Program Files\nodejs\;C:\Program Files\Git\cmd;C:\Program Files\MongoDB\Server\8.2\bin;C:\Program Files\Java\jdk-25\;;C:\ProgramData\chocolatey\bin;C:\Program Files\Microsoft SQL Server\150\Tools\Binn\;C:\Program Files\Microsoft SQL Server\Client SDK\ODBC\170\Tools\Binn\;C:\Program Files\Microsoft SQL Server\170\DTS\Binn\;C:\Program Files\Docker\Docker\resources\bin;c:\Users\ASUS\AppData\Local\Programs\cursor\resources\app\codeBin;C:\Program Files\Java\jdk-25\bin;C:\Users\ASUS\AppData\Local\Microsoft\WindowsApps;C:\Visaul Studio\Microsoft VS Code\bin;C:\Users\ASUS\AppData\Local\Programs\Azure Data Studio\bin;C:\Program Files\Azure Data Studio\bin;C:\Users\ASUS\AppData\Local\GitHubDesktop\bin;C:\Users\ASUS\AppData\Roaming\Composer\vendor\bin;C:\Users\ASUS\AppData\Roaming\npm;C:\Program Files\mongosh\;C:\Program Files\IntelliJ IDEA 2025.2.3\bin;C:\Program Files\JetBrains\WebStorm 2025.2.3\bin;C:\Program Files (x86)\Microsoft Visual Studio\Shared\NuGetPackages\microsoft.visualstudio.javascript.sdk;C:\Program Files\Java\jdk-25\;C:\Users\ASUS\.dotnet\tools;C:\Users\ASUS\AppData\Local\Microsoft\WinGet\Links;C:\Users\ASUS\AppData\Local\Programs\Antigravity\bin;C:\Users\ASUS\AppData\Local\Programs\cursor\resources\app\bin
USERNAME=ASUS
OS=Windows_NT
PROCESSOR_IDENTIFIER=AMD64 Family 25 Model 68 Stepping 1, AuthenticAMD
TMP=C:\Users\ASUS\AppData\Local\Temp
TEMP=C:\Users\ASUS\AppData\Local\Temp




Periodic native trim disabled

---------------  S Y S T E M  ---------------

OS:
 Windows 11 , 64 bit Build 26100 (10.0.26100.5074)
OS uptime: 0 days 0:21 hours
Hyper-V role detected

CPU: total 16 (initial active 16) (16 cores per cpu, 2 threads per core) family 25 model 68 stepping 1 microcode 0xa404107, cx8, cmov, fxsr, ht, mmx, 3dnowpref, sse, sse2, sse3, ssse3, sse4a, sse4.1, sse4.2, popcnt, lzcnt, tsc, tscinvbit, avx, avx2, aes, erms, clmul, bmi1, bmi2, adx, sha, fma, vzeroupper, clflush, clflushopt, hv, rdtscp, rdpid, fsrm, f16c, cet_ss
Processor Information for the first 16 processors :
  Max Mhz: 3100, Current Mhz: 3100, Mhz Limit: 3100

Memory: 4k page, system-wide physical 8010M (522M free)
TotalPageFile size 24394M (AvailPageFile size 70M)
current process WorkingSet (physical memory assigned to process): 23M, peak: 403M
current process commit charge ("private bytes"): 862M, peak: 883M

vm_info: OpenJDK 64-Bit Server VM (21.0.10+7-LTS) for windows-amd64 JRE (21.0.10+7-LTS), built on 2026-01-20T00:00:00Z by "admin" with MS VC++ 17.12 (VS2022)

END.
