#
# There is insufficient memory for the Java Runtime Environment to continue.
# Native memory allocation (malloc) failed to allocate 2487704 bytes. Error detail: Chunk::new
# Possible reasons:
#   The system is out of physical RAM or swap space
#   This process is running with CompressedOops enabled, and the Java Heap may be blocking the growth of the native heap
# Possible solutions:
#   Reduce memory load on the system
#   Increase physical memory or swap space
#   Check if swap backing store is full
#   Decrease Java heap size (-Xmx/-Xms)
#   Decrease number of Java threads
#   Decrease Java thread stack sizes (-Xss)
#   Set larger code cache with -XX:ReservedCodeCacheSize=
#   JVM is running with Unscaled Compressed Oops mode in which the Java heap is
#     placed in the first 4GB address space. The Java Heap base address is the
#     maximum limit for the native heap growth. Please use -XX:HeapBaseMinAddress
#     to set the Java Heap base and to place the Java Heap above 4GB virtual address.
# This output file may be truncated or incomplete.
#
#  Out of Memory Error (arena.cpp:186), pid=37964, tid=38088
#
# JRE version: Java(TM) SE Runtime Environment (25.0.1+8) (build 25.0.1+8-LTS-27)
# Java VM: Java HotSpot(TM) 64-Bit Server VM (25.0.1+8-LTS-27, mixed mode, sharing, tiered, compressed oops, compressed class ptrs, g1 gc, windows-amd64)
# No core dump will be written. Minidumps are not enabled by default on client versions of Windows
#

---------------  S U M M A R Y ------------

Command Line: --add-opens=jdk.compiler/com.sun.tools.javac.code=ALL-UNNAMED --add-opens=jdk.compiler/com.sun.tools.javac.comp=ALL-UNNAMED --add-opens=jdk.compiler/com.sun.tools.javac.file=ALL-UNNAMED --add-opens=jdk.compiler/com.sun.tools.javac.main=ALL-UNNAMED --add-opens=jdk.compiler/com.sun.tools.javac.model=ALL-UNNAMED --add-opens=jdk.compiler/com.sun.tools.javac.parser=ALL-UNNAMED --add-opens=jdk.compiler/com.sun.tools.javac.processing=ALL-UNNAMED --add-opens=jdk.compiler/com.sun.tools.javac.tree=ALL-UNNAMED --add-opens=jdk.compiler/com.sun.tools.javac.util=ALL-UNNAMED --enable-native-access=ALL-UNNAMED -Dclassworlds.conf=C:\Users\ASUS\.m2\wrapper\dists\apache-maven-3.9.14\ed7edd442f634ac1c1ef5ba2b61b6d690b5221091f1a8e1123f5fadcc967520d\bin\m2.conf -Dmaven.home=C:\Users\ASUS\.m2\wrapper\dists\apache-maven-3.9.14\ed7edd442f634ac1c1ef5ba2b61b6d690b5221091f1a8e1123f5fadcc967520d -Dlibrary.jansi.path=C:\Users\ASUS\.m2\wrapper\dists\apache-maven-3.9.14\ed7edd442f634ac1c1ef5ba2b61b6d690b5221091f1a8e1123f5fadcc967520d\lib\jansi-native -Dmaven.multiModuleProjectDirectory=D:\SPRINGBOOT\Spring_ecomerc\Spring_ecomerc org.codehaus.plexus.classworlds.launcher.Launcher clean compile

Host: AMD Ryzen 7 7435HS                             , 16 cores, 7G,  Windows 11 , 64 bit Build 26100 (10.0.26100.5074)
Time: Thu Apr  2 14:34:33 2026 SE Asia Standard Time elapsed time: 3.953454 seconds (0d 0h 0m 3s)

---------------  T H R E A D  ---------------

Current thread (0x000001a74d7b6fc0):  JavaThread "C2 CompilerThread0" daemon [_thread_in_native, id=38088, stack(0x000000465fd00000,0x000000465fe00000) (1024K)]


Current CompileTask:
C2:3953 1740       4       jdk.internal.jimage.ImageLocation::verify (218 bytes)

Stack: [0x000000465fd00000,0x000000465fe00000]
Native frames: (J=compiled Java code, j=interpreted, Vv=VM code, C=native code)
V  [jvm.dll+0x7a6b59]  (no source info available)
V  [jvm.dll+0x77290d]  (no source info available)
V  [jvm.dll+0x966153]  (no source info available)
V  [jvm.dll+0x968751]  (no source info available)
V  [jvm.dll+0x968e53]  (no source info available)
V  [jvm.dll+0x2fc756]  (no source info available)
V  [jvm.dll+0x111b26]  (no source info available)
V  [jvm.dll+0x111e4e]  (no source info available)
V  [jvm.dll+0x1a0a22]  (no source info available)
V  [jvm.dll+0x3b53c2]  (no source info available)
V  [jvm.dll+0x7ac4ef]  (no source info available)
V  [jvm.dll+0x2c0ac7]  (no source info available)
V  [jvm.dll+0x2bfa8f]  (no source info available)
V  [jvm.dll+0x237b60]  (no source info available)
V  [jvm.dll+0x2cfb56]  (no source info available)
V  [jvm.dll+0x2cddd5]  (no source info available)
V  [jvm.dll+0x48e6d1]  (no source info available)
V  [jvm.dll+0x906a0d]  (no source info available)
V  [jvm.dll+0x7a5135]  (no source info available)
C  [ucrtbase.dll+0x37b0]  (no source info available)
C  [KERNEL32.DLL+0x2e8d7]  (no source info available)
C  [ntdll.dll+0x8d9c]  (no source info available)

Lock stack of current Java thread (top to bottom):


---------------  P R O C E S S  ---------------

Threads class SMR info:
_java_thread_list=0x000001a752da6b60, length=15, elements={
0x000001a72de06040, 0x000001a74d7af190, 0x000001a74d7b0960, 0x000001a74d7b2800,
0x000001a74d7b33c0, 0x000001a74d7b5100, 0x000001a74d7b5cc0, 0x000001a74d7b6fc0,
0x000001a74d7cf1c0, 0x000001a74db6ede0, 0x000001a74db70b70, 0x000001a74db39900,
0x000001a74db390f0, 0x000001a74db3d980, 0x000001a74db3a110
}

Java Threads: ( => current thread )
  0x000001a72de06040 JavaThread "main"                              [_thread_in_Java, id=10304, stack(0x000000465ef00000,0x000000465f000000) (1024K)]
  0x000001a74d7af190 JavaThread "Reference Handler"          daemon [_thread_blocked, id=38140, stack(0x000000465f700000,0x000000465f800000) (1024K)]
  0x000001a74d7b0960 JavaThread "Finalizer"                  daemon [_thread_blocked, id=34284, stack(0x000000465f800000,0x000000465f900000) (1024K)]
  0x000001a74d7b2800 JavaThread "Signal Dispatcher"          daemon [_thread_blocked, id=37996, stack(0x000000465f900000,0x000000465fa00000) (1024K)]
  0x000001a74d7b33c0 JavaThread "Attach Listener"            daemon [_thread_blocked, id=38060, stack(0x000000465fa00000,0x000000465fb00000) (1024K)]
  0x000001a74d7b5100 JavaThread "Service Thread"             daemon [_thread_blocked, id=38048, stack(0x000000465fb00000,0x000000465fc00000) (1024K)]
  0x000001a74d7b5cc0 JavaThread "Monitor Deflation Thread"   daemon [_thread_blocked, id=38084, stack(0x000000465fc00000,0x000000465fd00000) (1024K)]
=>0x000001a74d7b6fc0 JavaThread "C2 CompilerThread0"         daemon [_thread_in_native, id=38088, stack(0x000000465fd00000,0x000000465fe00000) (1024K)]
  0x000001a74d7cf1c0 JavaThread "C1 CompilerThread0"         daemon [_thread_blocked, id=38080, stack(0x000000465fe00000,0x000000465ff00000) (1024K)]
  0x000001a74db6ede0 JavaThread "Notification Thread"        daemon [_thread_blocked, id=38112, stack(0x0000004660100000,0x0000004660200000) (1024K)]
  0x000001a74db70b70 JavaThread "Common-Cleaner"             daemon [_thread_blocked, id=38164, stack(0x0000004660200000,0x0000004660300000) (1024K)]
  0x000001a74db39900 JavaThread "C2 CompilerThread1"         daemon [_thread_in_native, id=23820, stack(0x0000004660300000,0x0000004660400000) (1024K)]
  0x000001a74db390f0 JavaThread "C1 CompilerThread1"         daemon [_thread_blocked, id=38260, stack(0x000000465ff00000,0x0000004660000000) (1024K)]
  0x000001a74db3d980 JavaThread "C1 CompilerThread2"         daemon [_thread_blocked, id=38860, stack(0x0000004660000000,0x0000004660100000) (1024K)]
  0x000001a74db3a110 JavaThread "C1 CompilerThread3"         daemon [_thread_blocked, id=38532, stack(0x0000004660400000,0x0000004660500000) (1024K)]
Total: 15

Other Threads:
  0x000001a74d79b490 VMThread "VM Thread"                           [id=13332, stack(0x000000465f600000,0x000000465f700000) (1024K)]
  0x000001a74d668750 WatcherThread "VM Periodic Task Thread"        [id=38524, stack(0x000000465f500000,0x000000465f600000) (1024K)]
  0x000001a7302ac490 WorkerThread "GC Thread#0"                     [id=37060, stack(0x000000465f000000,0x000000465f100000) (1024K)]
  0x000001a7302c7430 ConcurrentGCThread "G1 Main Marker"            [id=38408, stack(0x000000465f100000,0x000000465f200000) (1024K)]
  0x000001a7302c8770 WorkerThread "G1 Conc#0"                       [id=38492, stack(0x000000465f200000,0x000000465f300000) (1024K)]
  0x000001a74d656520 ConcurrentGCThread "G1 Refine#0"               [id=38632, stack(0x000000465f300000,0x000000465f400000) (1024K)]
  0x000001a74d657130 ConcurrentGCThread "G1 Service"                [id=38628, stack(0x000000465f400000,0x000000465f500000) (1024K)]
Total: 7

Threads with active compile tasks:
C2 CompilerThread0  5070 1740       4       jdk.internal.jimage.ImageLocation::verify (218 bytes)
C2 CompilerThread1  5070 1748       4       jdk.internal.loader.URLClassPath::getResource (71 bytes)
Total: 2

VM state: not at safepoint (normal execution)

VM Mutex/Monitor currently owned by a thread:  ([mutex/lock_event])
[0x00007ff877a09be8] SystemDictionary_lock - owner thread: 0x0000000000000000

Heap address: 0x0000000082c00000, size: 2004 MB, Compressed Oops mode: 32-bit

CDS archive(s) mapped at: [0x0000000009000000-0x0000000009dd0000-0x0000000009dd0000), size 14483456, SharedBaseAddress: 0x0000000009000000, ArchiveRelocationMode: 1.
Compressed class space mapped at: 0x000000000a000000-0x000000004a000000, reserved size: 1073741824
UseCompressedClassPointers 1, UseCompactObjectHeaders 0
Narrow klass pointer bits 32, Max shift 3
Narrow klass base: 0x0000000009000000, Narrow klass shift: 0
Encoding Range: [0x0000000009000000 - 0x0000000109000000), (4294967296 bytes)
Klass Range:    [0x0000000009010000 - 0x000000004a000000), (1090453504 bytes)
Klass ID Range:  [65536 - 1090519033) (1090453497)
Protection zone: [0x0000000009000000 - 0x0000000009010000), (65536 bytes)

GC Precious Log:
 CardTable entry size: 512
 Card Set container configuration: InlinePtr #cards 5 size 8 Array Of Cards #cards 10 size 36 Howl #buckets 4 coarsen threshold 1843 Howl Bitmap #cards 512 size 80 coarsen threshold 460 Card regions per heap region 1 cards per card region 2048
 CPUs: 16 total, 16 available
 Memory: 8010M
 Large Page Support: Disabled
 NUMA Support: Disabled
 Compressed Oops: Enabled (32-bit)
 Heap Region Size: 1M
 Heap Min Capacity: 8M
 Heap Initial Capacity: 126M
 Heap Max Capacity: 2004M
 Pre-touch: Disabled
 Parallel Workers: 13
 Concurrent Workers: 3
 Concurrent Refinement Workers: 13
 Periodic GC: Disabled

Heap:
 garbage-first heap   total reserved 2052096K, committed 131072K, used 42133K [0x0000000082c00000, 0x0000000100000000)
  region size 1024K, 41 young (41984K), 0 survivors (0K)

Heap Regions: E=young(eden), S=young(survivor), O=old, HS=humongous(starts), HC=humongous(continues), CS=collection set, F=free, TAMS=top-at-mark-start, PB=parsable bottom
|   0|0x0000000082c00000, 0x0000000082c00000, 0x0000000082d00000|  0%| F|  |TAMS 0x0000000082c00000| PB 0x0000000082c00000| Untracked |  0
|   1|0x0000000082d00000, 0x0000000082d00000, 0x0000000082e00000|  0%| F|  |TAMS 0x0000000082d00000| PB 0x0000000082d00000| Untracked |  0
|   2|0x0000000082e00000, 0x0000000082e00000, 0x0000000082f00000|  0%| F|  |TAMS 0x0000000082e00000| PB 0x0000000082e00000| Untracked |  0
|   3|0x0000000082f00000, 0x0000000082f00000, 0x0000000083000000|  0%| F|  |TAMS 0x0000000082f00000| PB 0x0000000082f00000| Untracked |  0
|   4|0x0000000083000000, 0x0000000083000000, 0x0000000083100000|  0%| F|  |TAMS 0x0000000083000000| PB 0x0000000083000000| Untracked |  0
|   5|0x0000000083100000, 0x0000000083100000, 0x0000000083200000|  0%| F|  |TAMS 0x0000000083100000| PB 0x0000000083100000| Untracked |  0
|   6|0x0000000083200000, 0x0000000083200000, 0x0000000083300000|  0%| F|  |TAMS 0x0000000083200000| PB 0x0000000083200000| Untracked |  0
|   7|0x0000000083300000, 0x0000000083300000, 0x0000000083400000|  0%| F|  |TAMS 0x0000000083300000| PB 0x0000000083300000| Untracked |  0
|   8|0x0000000083400000, 0x0000000083400000, 0x0000000083500000|  0%| F|  |TAMS 0x0000000083400000| PB 0x0000000083400000| Untracked |  0
|   9|0x0000000083500000, 0x0000000083500000, 0x0000000083600000|  0%| F|  |TAMS 0x0000000083500000| PB 0x0000000083500000| Untracked |  0
|  10|0x0000000083600000, 0x0000000083600000, 0x0000000083700000|  0%| F|  |TAMS 0x0000000083600000| PB 0x0000000083600000| Untracked |  0
|  11|0x0000000083700000, 0x0000000083700000, 0x0000000083800000|  0%| F|  |TAMS 0x0000000083700000| PB 0x0000000083700000| Untracked |  0
|  12|0x0000000083800000, 0x0000000083800000, 0x0000000083900000|  0%| F|  |TAMS 0x0000000083800000| PB 0x0000000083800000| Untracked |  0
|  13|0x0000000083900000, 0x0000000083900000, 0x0000000083a00000|  0%| F|  |TAMS 0x0000000083900000| PB 0x0000000083900000| Untracked |  0
|  14|0x0000000083a00000, 0x0000000083a00000, 0x0000000083b00000|  0%| F|  |TAMS 0x0000000083a00000| PB 0x0000000083a00000| Untracked |  0
|  15|0x0000000083b00000, 0x0000000083b00000, 0x0000000083c00000|  0%| F|  |TAMS 0x0000000083b00000| PB 0x0000000083b00000| Untracked |  0
|  16|0x0000000083c00000, 0x0000000083c00000, 0x0000000083d00000|  0%| F|  |TAMS 0x0000000083c00000| PB 0x0000000083c00000| Untracked |  0
|  17|0x0000000083d00000, 0x0000000083d00000, 0x0000000083e00000|  0%| F|  |TAMS 0x0000000083d00000| PB 0x0000000083d00000| Untracked |  0
|  18|0x0000000083e00000, 0x0000000083e00000, 0x0000000083f00000|  0%| F|  |TAMS 0x0000000083e00000| PB 0x0000000083e00000| Untracked |  0
|  19|0x0000000083f00000, 0x0000000083f00000, 0x0000000084000000|  0%| F|  |TAMS 0x0000000083f00000| PB 0x0000000083f00000| Untracked |  0
|  20|0x0000000084000000, 0x0000000084000000, 0x0000000084100000|  0%| F|  |TAMS 0x0000000084000000| PB 0x0000000084000000| Untracked |  0
|  21|0x0000000084100000, 0x0000000084100000, 0x0000000084200000|  0%| F|  |TAMS 0x0000000084100000| PB 0x0000000084100000| Untracked |  0
|  22|0x0000000084200000, 0x0000000084200000, 0x0000000084300000|  0%| F|  |TAMS 0x0000000084200000| PB 0x0000000084200000| Untracked |  0
|  23|0x0000000084300000, 0x0000000084300000, 0x0000000084400000|  0%| F|  |TAMS 0x0000000084300000| PB 0x0000000084300000| Untracked |  0
|  24|0x0000000084400000, 0x0000000084400000, 0x0000000084500000|  0%| F|  |TAMS 0x0000000084400000| PB 0x0000000084400000| Untracked |  0
|  25|0x0000000084500000, 0x0000000084500000, 0x0000000084600000|  0%| F|  |TAMS 0x0000000084500000| PB 0x0000000084500000| Untracked |  0
|  26|0x0000000084600000, 0x0000000084600000, 0x0000000084700000|  0%| F|  |TAMS 0x0000000084600000| PB 0x0000000084600000| Untracked |  0
|  27|0x0000000084700000, 0x0000000084700000, 0x0000000084800000|  0%| F|  |TAMS 0x0000000084700000| PB 0x0000000084700000| Untracked |  0
|  28|0x0000000084800000, 0x0000000084800000, 0x0000000084900000|  0%| F|  |TAMS 0x0000000084800000| PB 0x0000000084800000| Untracked |  0
|  29|0x0000000084900000, 0x0000000084900000, 0x0000000084a00000|  0%| F|  |TAMS 0x0000000084900000| PB 0x0000000084900000| Untracked |  0
|  30|0x0000000084a00000, 0x0000000084a00000, 0x0000000084b00000|  0%| F|  |TAMS 0x0000000084a00000| PB 0x0000000084a00000| Untracked |  0
|  31|0x0000000084b00000, 0x0000000084b00000, 0x0000000084c00000|  0%| F|  |TAMS 0x0000000084b00000| PB 0x0000000084b00000| Untracked |  0
|  32|0x0000000084c00000, 0x0000000084c00000, 0x0000000084d00000|  0%| F|  |TAMS 0x0000000084c00000| PB 0x0000000084c00000| Untracked |  0
|  33|0x0000000084d00000, 0x0000000084d00000, 0x0000000084e00000|  0%| F|  |TAMS 0x0000000084d00000| PB 0x0000000084d00000| Untracked |  0
|  34|0x0000000084e00000, 0x0000000084e00000, 0x0000000084f00000|  0%| F|  |TAMS 0x0000000084e00000| PB 0x0000000084e00000| Untracked |  0
|  35|0x0000000084f00000, 0x0000000084f00000, 0x0000000085000000|  0%| F|  |TAMS 0x0000000084f00000| PB 0x0000000084f00000| Untracked |  0
|  36|0x0000000085000000, 0x0000000085000000, 0x0000000085100000|  0%| F|  |TAMS 0x0000000085000000| PB 0x0000000085000000| Untracked |  0
|  37|0x0000000085100000, 0x0000000085100000, 0x0000000085200000|  0%| F|  |TAMS 0x0000000085100000| PB 0x0000000085100000| Untracked |  0
|  38|0x0000000085200000, 0x0000000085200000, 0x0000000085300000|  0%| F|  |TAMS 0x0000000085200000| PB 0x0000000085200000| Untracked |  0
|  39|0x0000000085300000, 0x0000000085300000, 0x0000000085400000|  0%| F|  |TAMS 0x0000000085300000| PB 0x0000000085300000| Untracked |  0
|  40|0x0000000085400000, 0x0000000085400000, 0x0000000085500000|  0%| F|  |TAMS 0x0000000085400000| PB 0x0000000085400000| Untracked |  0
|  41|0x0000000085500000, 0x0000000085500000, 0x0000000085600000|  0%| F|  |TAMS 0x0000000085500000| PB 0x0000000085500000| Untracked |  0
|  42|0x0000000085600000, 0x0000000085600000, 0x0000000085700000|  0%| F|  |TAMS 0x0000000085600000| PB 0x0000000085600000| Untracked |  0
|  43|0x0000000085700000, 0x0000000085700000, 0x0000000085800000|  0%| F|  |TAMS 0x0000000085700000| PB 0x0000000085700000| Untracked |  0
|  44|0x0000000085800000, 0x0000000085800000, 0x0000000085900000|  0%| F|  |TAMS 0x0000000085800000| PB 0x0000000085800000| Untracked |  0
|  45|0x0000000085900000, 0x0000000085900000, 0x0000000085a00000|  0%| F|  |TAMS 0x0000000085900000| PB 0x0000000085900000| Untracked |  0
|  46|0x0000000085a00000, 0x0000000085a00000, 0x0000000085b00000|  0%| F|  |TAMS 0x0000000085a00000| PB 0x0000000085a00000| Untracked |  0
|  47|0x0000000085b00000, 0x0000000085b00000, 0x0000000085c00000|  0%| F|  |TAMS 0x0000000085b00000| PB 0x0000000085b00000| Untracked |  0
|  48|0x0000000085c00000, 0x0000000085c00000, 0x0000000085d00000|  0%| F|  |TAMS 0x0000000085c00000| PB 0x0000000085c00000| Untracked |  0
|  49|0x0000000085d00000, 0x0000000085d00000, 0x0000000085e00000|  0%| F|  |TAMS 0x0000000085d00000| PB 0x0000000085d00000| Untracked |  0
|  50|0x0000000085e00000, 0x0000000085e00000, 0x0000000085f00000|  0%| F|  |TAMS 0x0000000085e00000| PB 0x0000000085e00000| Untracked |  0
|  51|0x0000000085f00000, 0x0000000085f00000, 0x0000000086000000|  0%| F|  |TAMS 0x0000000085f00000| PB 0x0000000085f00000| Untracked |  0
|  52|0x0000000086000000, 0x0000000086000000, 0x0000000086100000|  0%| F|  |TAMS 0x0000000086000000| PB 0x0000000086000000| Untracked |  0
|  53|0x0000000086100000, 0x0000000086100000, 0x0000000086200000|  0%| F|  |TAMS 0x0000000086100000| PB 0x0000000086100000| Untracked |  0
|  54|0x0000000086200000, 0x0000000086200000, 0x0000000086300000|  0%| F|  |TAMS 0x0000000086200000| PB 0x0000000086200000| Untracked |  0
|  55|0x0000000086300000, 0x0000000086300000, 0x0000000086400000|  0%| F|  |TAMS 0x0000000086300000| PB 0x0000000086300000| Untracked |  0
|  56|0x0000000086400000, 0x0000000086400000, 0x0000000086500000|  0%| F|  |TAMS 0x0000000086400000| PB 0x0000000086400000| Untracked |  0
|  57|0x0000000086500000, 0x0000000086500000, 0x0000000086600000|  0%| F|  |TAMS 0x0000000086500000| PB 0x0000000086500000| Untracked |  0
|  58|0x0000000086600000, 0x0000000086600000, 0x0000000086700000|  0%| F|  |TAMS 0x0000000086600000| PB 0x0000000086600000| Untracked |  0
|  59|0x0000000086700000, 0x0000000086700000, 0x0000000086800000|  0%| F|  |TAMS 0x0000000086700000| PB 0x0000000086700000| Untracked |  0
|  60|0x0000000086800000, 0x0000000086800000, 0x0000000086900000|  0%| F|  |TAMS 0x0000000086800000| PB 0x0000000086800000| Untracked |  0
|  61|0x0000000086900000, 0x0000000086900000, 0x0000000086a00000|  0%| F|  |TAMS 0x0000000086900000| PB 0x0000000086900000| Untracked |  0
|  62|0x0000000086a00000, 0x0000000086a00000, 0x0000000086b00000|  0%| F|  |TAMS 0x0000000086a00000| PB 0x0000000086a00000| Untracked |  0
|  63|0x0000000086b00000, 0x0000000086b00000, 0x0000000086c00000|  0%| F|  |TAMS 0x0000000086b00000| PB 0x0000000086b00000| Untracked |  0
|  64|0x0000000086c00000, 0x0000000086c00000, 0x0000000086d00000|  0%| F|  |TAMS 0x0000000086c00000| PB 0x0000000086c00000| Untracked |  0
|  65|0x0000000086d00000, 0x0000000086d00000, 0x0000000086e00000|  0%| F|  |TAMS 0x0000000086d00000| PB 0x0000000086d00000| Untracked |  0
|  66|0x0000000086e00000, 0x0000000086e00000, 0x0000000086f00000|  0%| F|  |TAMS 0x0000000086e00000| PB 0x0000000086e00000| Untracked |  0
|  67|0x0000000086f00000, 0x0000000086f00000, 0x0000000087000000|  0%| F|  |TAMS 0x0000000086f00000| PB 0x0000000086f00000| Untracked |  0
|  68|0x0000000087000000, 0x0000000087000000, 0x0000000087100000|  0%| F|  |TAMS 0x0000000087000000| PB 0x0000000087000000| Untracked |  0
|  69|0x0000000087100000, 0x0000000087100000, 0x0000000087200000|  0%| F|  |TAMS 0x0000000087100000| PB 0x0000000087100000| Untracked |  0
|  70|0x0000000087200000, 0x0000000087200000, 0x0000000087300000|  0%| F|  |TAMS 0x0000000087200000| PB 0x0000000087200000| Untracked |  0
|  71|0x0000000087300000, 0x0000000087300000, 0x0000000087400000|  0%| F|  |TAMS 0x0000000087300000| PB 0x0000000087300000| Untracked |  0
|  72|0x0000000087400000, 0x0000000087400000, 0x0000000087500000|  0%| F|  |TAMS 0x0000000087400000| PB 0x0000000087400000| Untracked |  0
|  73|0x0000000087500000, 0x0000000087500000, 0x0000000087600000|  0%| F|  |TAMS 0x0000000087500000| PB 0x0000000087500000| Untracked |  0
|  74|0x0000000087600000, 0x0000000087600000, 0x0000000087700000|  0%| F|  |TAMS 0x0000000087600000| PB 0x0000000087600000| Untracked |  0
|  75|0x0000000087700000, 0x0000000087700000, 0x0000000087800000|  0%| F|  |TAMS 0x0000000087700000| PB 0x0000000087700000| Untracked |  0
|  76|0x0000000087800000, 0x0000000087800000, 0x0000000087900000|  0%| F|  |TAMS 0x0000000087800000| PB 0x0000000087800000| Untracked |  0
|  77|0x0000000087900000, 0x0000000087900000, 0x0000000087a00000|  0%| F|  |TAMS 0x0000000087900000| PB 0x0000000087900000| Untracked |  0
|  78|0x0000000087a00000, 0x0000000087a00000, 0x0000000087b00000|  0%| F|  |TAMS 0x0000000087a00000| PB 0x0000000087a00000| Untracked |  0
|  79|0x0000000087b00000, 0x0000000087b00000, 0x0000000087c00000|  0%| F|  |TAMS 0x0000000087b00000| PB 0x0000000087b00000| Untracked |  0
|  80|0x0000000087c00000, 0x0000000087c00000, 0x0000000087d00000|  0%| F|  |TAMS 0x0000000087c00000| PB 0x0000000087c00000| Untracked |  0
|  81|0x0000000087d00000, 0x0000000087d00000, 0x0000000087e00000|  0%| F|  |TAMS 0x0000000087d00000| PB 0x0000000087d00000| Untracked |  0
|  82|0x0000000087e00000, 0x0000000087e00000, 0x0000000087f00000|  0%| F|  |TAMS 0x0000000087e00000| PB 0x0000000087e00000| Untracked |  0
|  83|0x0000000087f00000, 0x0000000087f00000, 0x0000000088000000|  0%| F|  |TAMS 0x0000000087f00000| PB 0x0000000087f00000| Untracked |  0
|  84|0x0000000088000000, 0x0000000088000000, 0x0000000088100000|  0%| F|  |TAMS 0x0000000088000000| PB 0x0000000088000000| Untracked |  0
|  85|0x0000000088100000, 0x0000000088200000, 0x0000000088200000|100%| E|  |TAMS 0x0000000088100000| PB 0x0000000088100000| Complete |  0
|  86|0x0000000088200000, 0x0000000088300000, 0x0000000088300000|100%| E|CS|TAMS 0x0000000088200000| PB 0x0000000088200000| Complete |  0
|  87|0x0000000088300000, 0x0000000088400000, 0x0000000088400000|100%| E|CS|TAMS 0x0000000088300000| PB 0x0000000088300000| Complete |  0
|  88|0x0000000088400000, 0x0000000088500000, 0x0000000088500000|100%| E|CS|TAMS 0x0000000088400000| PB 0x0000000088400000| Complete |  0
|  89|0x0000000088500000, 0x0000000088600000, 0x0000000088600000|100%| E|CS|TAMS 0x0000000088500000| PB 0x0000000088500000| Complete |  0
|  90|0x0000000088600000, 0x0000000088700000, 0x0000000088700000|100%| E|CS|TAMS 0x0000000088600000| PB 0x0000000088600000| Complete |  0
|  91|0x0000000088700000, 0x0000000088800000, 0x0000000088800000|100%| E|CS|TAMS 0x0000000088700000| PB 0x0000000088700000| Complete |  0
|  92|0x0000000088800000, 0x0000000088900000, 0x0000000088900000|100%| E|CS|TAMS 0x0000000088800000| PB 0x0000000088800000| Complete |  0
|  93|0x0000000088900000, 0x0000000088a00000, 0x0000000088a00000|100%| E|CS|TAMS 0x0000000088900000| PB 0x0000000088900000| Complete |  0
|  94|0x0000000088a00000, 0x0000000088b00000, 0x0000000088b00000|100%| E|CS|TAMS 0x0000000088a00000| PB 0x0000000088a00000| Complete |  0
|  95|0x0000000088b00000, 0x0000000088c00000, 0x0000000088c00000|100%| E|CS|TAMS 0x0000000088b00000| PB 0x0000000088b00000| Complete |  0
|  96|0x0000000088c00000, 0x0000000088d00000, 0x0000000088d00000|100%| E|CS|TAMS 0x0000000088c00000| PB 0x0000000088c00000| Complete |  0
|  97|0x0000000088d00000, 0x0000000088e00000, 0x0000000088e00000|100%| E|CS|TAMS 0x0000000088d00000| PB 0x0000000088d00000| Complete |  0
|  98|0x0000000088e00000, 0x0000000088f00000, 0x0000000088f00000|100%| E|CS|TAMS 0x0000000088e00000| PB 0x0000000088e00000| Complete |  0
|  99|0x0000000088f00000, 0x0000000089000000, 0x0000000089000000|100%| E|CS|TAMS 0x0000000088f00000| PB 0x0000000088f00000| Complete |  0
| 100|0x0000000089000000, 0x0000000089100000, 0x0000000089100000|100%| E|CS|TAMS 0x0000000089000000| PB 0x0000000089000000| Complete |  0
| 101|0x0000000089100000, 0x0000000089200000, 0x0000000089200000|100%| E|CS|TAMS 0x0000000089100000| PB 0x0000000089100000| Complete |  0
| 102|0x0000000089200000, 0x0000000089300000, 0x0000000089300000|100%| E|CS|TAMS 0x0000000089200000| PB 0x0000000089200000| Complete |  0
| 103|0x0000000089300000, 0x0000000089400000, 0x0000000089400000|100%| E|CS|TAMS 0x0000000089300000| PB 0x0000000089300000| Complete |  0
| 104|0x0000000089400000, 0x0000000089500000, 0x0000000089500000|100%| E|CS|TAMS 0x0000000089400000| PB 0x0000000089400000| Complete |  0
| 105|0x0000000089500000, 0x0000000089600000, 0x0000000089600000|100%| E|CS|TAMS 0x0000000089500000| PB 0x0000000089500000| Complete |  0
| 106|0x0000000089600000, 0x0000000089700000, 0x0000000089700000|100%| E|CS|TAMS 0x0000000089600000| PB 0x0000000089600000| Complete |  0
| 107|0x0000000089700000, 0x0000000089800000, 0x0000000089800000|100%| E|CS|TAMS 0x0000000089700000| PB 0x0000000089700000| Complete |  0
| 108|0x0000000089800000, 0x0000000089900000, 0x0000000089900000|100%| E|CS|TAMS 0x0000000089800000| PB 0x0000000089800000| Complete |  0
| 109|0x0000000089900000, 0x0000000089a00000, 0x0000000089a00000|100%| E|CS|TAMS 0x0000000089900000| PB 0x0000000089900000| Complete |  0
| 110|0x0000000089a00000, 0x0000000089b00000, 0x0000000089b00000|100%| E|CS|TAMS 0x0000000089a00000| PB 0x0000000089a00000| Complete |  0
| 111|0x0000000089b00000, 0x0000000089c00000, 0x0000000089c00000|100%| E|CS|TAMS 0x0000000089b00000| PB 0x0000000089b00000| Complete |  0
| 112|0x0000000089c00000, 0x0000000089d00000, 0x0000000089d00000|100%| E|CS|TAMS 0x0000000089c00000| PB 0x0000000089c00000| Complete |  0
| 113|0x0000000089d00000, 0x0000000089e00000, 0x0000000089e00000|100%| E|CS|TAMS 0x0000000089d00000| PB 0x0000000089d00000| Complete |  0
| 114|0x0000000089e00000, 0x0000000089f00000, 0x0000000089f00000|100%| E|CS|TAMS 0x0000000089e00000| PB 0x0000000089e00000| Complete |  0
| 115|0x0000000089f00000, 0x000000008a000000, 0x000000008a000000|100%| E|CS|TAMS 0x0000000089f00000| PB 0x0000000089f00000| Complete |  0
| 116|0x000000008a000000, 0x000000008a100000, 0x000000008a100000|100%| E|CS|TAMS 0x000000008a000000| PB 0x000000008a000000| Complete |  0
| 117|0x000000008a100000, 0x000000008a200000, 0x000000008a200000|100%| E|CS|TAMS 0x000000008a100000| PB 0x000000008a100000| Complete |  0
| 118|0x000000008a200000, 0x000000008a300000, 0x000000008a300000|100%| E|CS|TAMS 0x000000008a200000| PB 0x000000008a200000| Complete |  0
| 119|0x000000008a300000, 0x000000008a400000, 0x000000008a400000|100%| E|CS|TAMS 0x000000008a300000| PB 0x000000008a300000| Complete |  0
| 120|0x000000008a400000, 0x000000008a500000, 0x000000008a500000|100%| E|CS|TAMS 0x000000008a400000| PB 0x000000008a400000| Complete |  0
| 121|0x000000008a500000, 0x000000008a600000, 0x000000008a600000|100%| E|CS|TAMS 0x000000008a500000| PB 0x000000008a500000| Complete |  0
| 122|0x000000008a600000, 0x000000008a700000, 0x000000008a700000|100%| E|CS|TAMS 0x000000008a600000| PB 0x000000008a600000| Complete |  0
| 123|0x000000008a700000, 0x000000008a800000, 0x000000008a800000|100%| E|CS|TAMS 0x000000008a700000| PB 0x000000008a700000| Complete |  0
| 124|0x000000008a800000, 0x000000008a900000, 0x000000008a900000|100%| E|CS|TAMS 0x000000008a800000| PB 0x000000008a800000| Complete |  0
| 125|0x000000008a900000, 0x000000008aa00000, 0x000000008aa00000|100%| E|CS|TAMS 0x000000008a900000| PB 0x000000008a900000| Complete |  0
|2002|0x00000000ffe00000, 0x00000000fff00000, 0x00000000fff00000|100%| O|  |TAMS 0x00000000ffe00000| PB 0x00000000ffe00000| Untracked |  0
|2003|0x00000000fff00000, 0x00000000fff256a0, 0x0000000100000000| 14%| O|  |TAMS 0x00000000fff00000| PB 0x00000000fff00000| Untracked |  0

Card table byte_map: [0x000001a748740000,0x000001a748b30000] _byte_map_base: 0x000001a74832a000

Marking Bits: (CMBitMap*) 0x000001a7302ad430
 Bits: [0x000001a748b30000, 0x000001a74aa80000)

Polling page: 0x000001a72dfc0000

Metaspace:
Metaspace        used 7237K, committed 7424K, reserved 1114112K
 class space     used 611K, committed 704K, reserved 1048576K

Usage:
  Non-class:      6.47 MB used.
      Class:    611.49 KB used.
       Both:      7.07 MB used.

Virtual space:
  Non-class space:       64.00 MB reserved,       6.56 MB ( 10%) committed,  1 nodes.
      Class space:        1.00 GB reserved,     704.00 KB ( <1%) committed,  1 nodes.
             Both:        1.06 GB reserved,       7.25 MB ( <1%) committed. 

Chunk freelists:
   Non-Class:  7.80 MB
       Class:  15.30 MB
        Both:  23.09 MB

MaxMetaspaceSize: unlimited
CompressedClassSpaceSize: 1.00 GB
Initial GC threshold: 21.00 MB
Current GC threshold: 21.00 MB
CDS: on
 - commit_granule_bytes: 65536.
 - commit_granule_words: 8192.
 - virtual_space_node_default_size: 8388608.
 - enlarge_chunks_in_place: 1.
UseCompressedClassPointers 1, UseCompactObjectHeaders 0
Narrow klass pointer bits 32, Max shift 3
Narrow klass base: 0x0000000009000000, Narrow klass shift: 0
Encoding Range: [0x0000000009000000 - 0x0000000109000000), (4294967296 bytes)
Klass Range:    [0x0000000009010000 - 0x000000004a000000), (1090453504 bytes)
Klass ID Range:  [65536 - 1090519033) (1090453497)
Protection zone: [0x0000000009000000 - 0x0000000009010000), (65536 bytes)


Internal statistics:

num_allocs_failed_limit: 0.
num_arena_births: 62.
num_arena_deaths: 0.
num_vsnodes_births: 2.
num_vsnodes_deaths: 0.
num_space_committed: 116.
num_space_uncommitted: 0.
num_chunks_returned_to_freelist: 0.
num_chunks_taken_from_freelist: 279.
num_chunk_merges: 0.
num_chunk_splits: 189.
num_chunks_enlarged: 155.
num_inconsistent_stats: 0.

CodeHeap 'non-profiled nmethods': size=119232Kb used=516Kb max_used=516Kb free=118715Kb
 bounds [0x000001a740660000, 0x000001a7408d0000, 0x000001a747ad0000]
CodeHeap 'profiled nmethods': size=119104Kb used=2828Kb max_used=2828Kb free=116275Kb
 bounds [0x000001a738ad0000, 0x000001a738da0000, 0x000001a73ff20000]
CodeHeap 'non-nmethods': size=7424Kb used=3047Kb max_used=3068Kb free=4376Kb
 bounds [0x000001a73ff20000, 0x000001a740230000, 0x000001a740660000]
CodeCache: size=245760Kb, used=6391Kb, max_used=6412Kb, free=239366Kb
 total_blobs=2366, nmethods=1885, adapters=380, full_count=0
Compilation: enabled, stopped_count=0, restarted_count=0

Compilation events (20 events):
Event: 2.943 Thread 0x000001a74d790660 1761       3       sun.reflect.generics.parser.SignatureParser::parseClassTypeSignature (95 bytes)
Event: 2.944 Thread 0x000001a74d790660 nmethod 1761 0x000001a738d51d08 code [0x000001a738d51e00, 0x000001a738d53380]
Event: 2.944 Thread 0x000001a74d790660 1774       3       java.lang.StringLatin1::compareToCI (108 bytes)
Event: 2.945 Thread 0x000001a74d790660 nmethod 1774 0x000001a738d53408 code [0x000001a738d53500, 0x000001a738d53e68]
Event: 2.945 Thread 0x000001a74d790660 1763       3       sun.reflect.generics.tree.SimpleClassTypeSignature::make (11 bytes)
Event: 2.945 Thread 0x000001a74d790660 nmethod 1763 0x000001a738d53e88 code [0x000001a738d53f80, 0x000001a738d54240]
Event: 2.945 Thread 0x000001a74d790660 1764       3       sun.reflect.generics.tree.SimpleClassTypeSignature::<init> (20 bytes)
Event: 2.945 Thread 0x000001a74d790660 nmethod 1764 0x000001a738d54288 code [0x000001a738d54380, 0x000001a738d545a8]
Event: 2.945 Thread 0x000001a74d790660 1765       3       sun.reflect.generics.parser.SignatureParser::parseClassTypeSignatureSuffix (29 bytes)
Event: 2.945 Thread 0x000001a74d790660 nmethod 1765 0x000001a738d54608 code [0x000001a738d54700, 0x000001a738d54a38]
Event: 2.945 Thread 0x000001a74d790660 1766       3       sun.reflect.generics.tree.ClassTypeSignature::make (9 bytes)
Event: 2.946 Thread 0x000001a74d790660 nmethod 1766 0x000001a738d54a88 code [0x000001a738d54b80, 0x000001a738d54dd8]
Event: 2.946 Thread 0x000001a74d790660 1767       3       sun.reflect.generics.tree.ClassTypeSignature::<init> (10 bytes)
Event: 2.946 Thread 0x000001a74d790660 nmethod 1767 0x000001a738d54e08 code [0x000001a738d54f00, 0x000001a738d550b0]
Event: 2.946 Thread 0x000001a74d790660 1772       3       java.util.WeakHashMap::isEmpty (13 bytes)
Event: 2.946 Thread 0x000001a74d790660 nmethod 1772 0x000001a738d55108 code [0x000001a738d55200, 0x000001a738d55440]
Event: 2.946 Thread 0x000001a74d790660 1773       3       java.util.WeakHashMap::size (18 bytes)
Event: 2.946 Thread 0x000001a74d790660 nmethod 1773 0x000001a738d55488 code [0x000001a738d55580, 0x000001a738d55720]
Event: 2.946 Thread 0x000001a74d790660 1771       1       jdk.internal.loader.URLClassPath$JarLoader$1::getURL (5 bytes)
Event: 2.946 Thread 0x000001a74d790660 nmethod 1771 0x000001a7406df488 code [0x000001a7406df580, 0x000001a7406df648]

GC Heap Usage History (0 events):
No events

Metaspace Usage History (0 events):
No events

Dll operation events (7 events):
Event: 0.023 Loaded shared library C:\Program Files\Java\jdk-25\bin\java.dll
Event: 0.152 Loaded shared library C:\Program Files\Java\jdk-25\bin\net.dll
Event: 0.159 Loaded shared library C:\Program Files\Java\jdk-25\bin\nio.dll
Event: 0.172 Loaded shared library C:\Program Files\Java\jdk-25\bin\zip.dll
Event: 0.524 Loaded shared library C:\Program Files\Java\jdk-25\bin\jimage.dll
Event: 0.526 Loaded shared library C:\Users\ASUS\.m2\wrapper\dists\apache-maven-3.9.14\ed7edd442f634ac1c1ef5ba2b61b6d690b5221091f1a8e1123f5fadcc967520d\lib\jansi-native\Windows\x86_64\jansi.dll
Event: 0.557 Loaded shared library C:\Program Files\Java\jdk-25\bin\verify.dll

Deoptimization events (20 events):
Event: 1.827 Thread 0x000001a72de06040 DEOPT PACKING pc=0x000001a7406d9378 sp=0x000000465effdf20
Event: 1.827 Thread 0x000001a72de06040 DEOPT UNPACKING pc=0x000001a74003f582 sp=0x000000465effde98 mode 2
Event: 1.827 Thread 0x000001a72de06040 Uncommon trap: trap_request=0xffffffde fr.pc=0x000001a7406d9378 relative=0x00000000000000f8
Event: 1.827 Thread 0x000001a72de06040 Uncommon trap: reason=class_check action=maybe_recompile pc=0x000001a7406d9378 method=jdk.internal.misc.Unsafe.allocateUninitializedArray(Ljava/lang/Class;I)Ljava/lang/Object; @ 51 c2
Event: 1.827 Thread 0x000001a72de06040 DEOPT PACKING pc=0x000001a7406d9378 sp=0x000000465effd910
Event: 1.827 Thread 0x000001a72de06040 DEOPT UNPACKING pc=0x000001a74003f582 sp=0x000000465effd888 mode 2
Event: 1.827 Thread 0x000001a72de06040 Uncommon trap: trap_request=0xffffffde fr.pc=0x000001a7406d9378 relative=0x00000000000000f8
Event: 1.827 Thread 0x000001a72de06040 Uncommon trap: reason=class_check action=maybe_recompile pc=0x000001a7406d9378 method=jdk.internal.misc.Unsafe.allocateUninitializedArray(Ljava/lang/Class;I)Ljava/lang/Object; @ 51 c2
Event: 1.827 Thread 0x000001a72de06040 DEOPT PACKING pc=0x000001a7406d9378 sp=0x000000465effdbe0
Event: 1.827 Thread 0x000001a72de06040 DEOPT UNPACKING pc=0x000001a74003f582 sp=0x000000465effdb58 mode 2
Event: 1.866 Thread 0x000001a72de06040 Uncommon trap: trap_request=0xffffff45 fr.pc=0x000001a7406d6de8 relative=0x00000000000005e8
Event: 1.866 Thread 0x000001a72de06040 Uncommon trap: reason=unstable_if action=reinterpret pc=0x000001a7406d6de8 method=java.lang.String.<init>([CIILjava/lang/Void;)V @ 5 c2
Event: 1.866 Thread 0x000001a72de06040 DEOPT PACKING pc=0x000001a7406d6de8 sp=0x000000465effe0c0
Event: 1.866 Thread 0x000001a72de06040 DEOPT UNPACKING pc=0x000001a74003f582 sp=0x000000465effdf40 mode 2
Event: 2.936 Thread 0x000001a72de06040 DEOPT PACKING pc=0x000001a738cc28e0 sp=0x000000465effe290
Event: 2.936 Thread 0x000001a72de06040 DEOPT UNPACKING pc=0x000001a73ff71702 sp=0x000000465effd700 mode 0
Event: 2.941 Thread 0x000001a72de06040 DEOPT PACKING pc=0x000001a738cc28e0 sp=0x000000465effe290
Event: 2.941 Thread 0x000001a72de06040 DEOPT UNPACKING pc=0x000001a73ff71702 sp=0x000000465effd700 mode 0
Event: 2.947 Thread 0x000001a72de06040 DEOPT PACKING pc=0x000001a738cc2901 sp=0x000000465effe290
Event: 2.947 Thread 0x000001a72de06040 DEOPT UNPACKING pc=0x000001a73ff71702 sp=0x000000465effd700 mode 0

Classes loaded (20 events):
Event: 1.352 Loading class java/util/concurrent/TimeoutException
Event: 1.353 Loading class java/util/concurrent/TimeoutException done
Event: 1.353 Loading class java/util/concurrent/CancellationException
Event: 1.354 Loading class java/util/concurrent/CancellationException done
Event: 1.374 Loading class java/lang/reflect/ParameterizedType
Event: 1.374 Loading class java/lang/reflect/ParameterizedType done
Event: 1.380 Loading class java/lang/reflect/WildcardType
Event: 1.380 Loading class java/lang/reflect/WildcardType done
Event: 1.388 Loading class sun/reflect/generics/tree/TypeVariableSignature
Event: 1.388 Loading class sun/reflect/generics/tree/TypeVariableSignature done
Event: 1.419 Loading class java/lang/annotation/IncompleteAnnotationException
Event: 1.419 Loading class java/lang/annotation/IncompleteAnnotationException done
Event: 1.463 Loading class java/lang/foreign/MemorySegment
Event: 1.464 Loading class java/lang/foreign/MemorySegment done
Event: 1.551 Loading class sun/reflect/generics/reflectiveObjects/TypeVariableImpl
Event: 1.552 Loading class sun/reflect/generics/reflectiveObjects/LazyReflectiveObjectGenerator
Event: 1.552 Loading class sun/reflect/generics/reflectiveObjects/LazyReflectiveObjectGenerator done
Event: 1.552 Loading class sun/reflect/generics/reflectiveObjects/TypeVariableImpl done
Event: 1.552 Loading class sun/reflect/generics/reflectiveObjects/ParameterizedTypeImpl
Event: 1.552 Loading class sun/reflect/generics/reflectiveObjects/ParameterizedTypeImpl done

Classes unloaded (0 events):
No events

Classes redefined (0 events):
No events

Internal exceptions (20 events):
Event: 0.540 Thread 0x000001a72de06040 Exception <a 'java/lang/NullPointerException'{0x000000008a473fa0}> (0x000000008a473fa0) 
thrown [s\open\src\hotspot\share\interpreter\linkResolver.cpp, line 1416]
Event: 0.540 Thread 0x000001a72de06040 Exception <a 'java/lang/NullPointerException'{0x000000008a474280}> (0x000000008a474280) 
thrown [s\open\src\hotspot\share\interpreter\linkResolver.cpp, line 1416]
Event: 0.540 Thread 0x000001a72de06040 Exception <a 'java/lang/NullPointerException'{0x000000008a474560}> (0x000000008a474560) 
thrown [s\open\src\hotspot\share\interpreter\linkResolver.cpp, line 1416]
Event: 0.542 Thread 0x000001a72de06040 Exception <a 'java/lang/NullPointerException'{0x000000008a479520}> (0x000000008a479520) 
thrown [s\open\src\hotspot\share\interpreter\linkResolver.cpp, line 1416]
Event: 0.545 Thread 0x000001a72de06040 Exception <a 'java/lang/NullPointerException'{0x000000008a30c9b0}> (0x000000008a30c9b0) 
thrown [s\open\src\hotspot\share\interpreter\linkResolver.cpp, line 1416]
Event: 0.545 Thread 0x000001a72de06040 Exception <a 'java/lang/NullPointerException'{0x000000008a30cc90}> (0x000000008a30cc90) 
thrown [s\open\src\hotspot\share\interpreter\linkResolver.cpp, line 1416]
Event: 0.545 Thread 0x000001a72de06040 Exception <a 'java/lang/NullPointerException'{0x000000008a30cf70}> (0x000000008a30cf70) 
thrown [s\open\src\hotspot\share\interpreter\linkResolver.cpp, line 1416]
Event: 0.545 Thread 0x000001a72de06040 Exception <a 'java/lang/NullPointerException'{0x000000008a30d250}> (0x000000008a30d250) 
thrown [s\open\src\hotspot\share\interpreter\linkResolver.cpp, line 1416]
Event: 0.570 Thread 0x000001a72de06040 Exception <a 'java/lang/NoSuchMethodError'{0x000000008a3696c8}: 'void java.lang.invoke.DirectMethodHandle$Holder.invokeVirtual(java.lang.Object, java.lang.Object)'> (0x000000008a3696c8) 
thrown [s\open\src\hotspot\share\interpreter\linkResolver.cpp, line 804]
Event: 0.576 Thread 0x000001a72de06040 Exception <a 'java/lang/NoSuchMethodError'{0x000000008a38b698}: 'void java.lang.invoke.DirectMethodHandle$Holder.invokeStatic(java.lang.Object, java.lang.Object)'> (0x000000008a38b698) 
thrown [s\open\src\hotspot\share\interpreter\linkResolver.cpp, line 804]
Event: 0.577 Thread 0x000001a72de06040 Exception <a 'java/lang/NoSuchMethodError'{0x000000008a393440}: 'void java.lang.invoke.DirectMethodHandle$Holder.invokeStaticInit(java.lang.Object, java.lang.Object)'> (0x000000008a393440) 
thrown [s\open\src\hotspot\share\interpreter\linkResolver.cpp, line 804]
Event: 0.604 Thread 0x000001a72de06040 Exception <a 'java/lang/NoSuchMethodError'{0x000000008a3e62d8}: 'void java.lang.invoke.DirectMethodHandle$Holder.invokeStatic(java.lang.Object, java.lang.Object, java.lang.Object)'> (0x000000008a3e62d8) 
thrown [s\open\src\hotspot\share\interpreter\linkResolver.cpp, line 804]
Event: 0.738 Thread 0x000001a72de06040 Exception <a 'java/lang/NoSuchMethodError'{0x000000008a16a670}: 'java.lang.Object java.lang.invoke.DirectMethodHandle$Holder.invokeSpecialIFC(java.lang.Object, java.lang.Object, java.lang.Object, java.lang.Object)'> (0x000000008a16a670) 
thrown [s\open\src\hotspot\share\interpreter\linkResolver.cpp, line 804]
Event: 1.043 Thread 0x000001a72de06040 Exception <a 'java/lang/NoSuchMethodError'{0x0000000089b8a330}: 'void java.lang.invoke.DirectMethodHandle$Holder.invokeSpecial(java.lang.Object, java.lang.Object, java.lang.Object)'> (0x0000000089b8a330) 
thrown [s\open\src\hotspot\share\interpreter\linkResolver.cpp, line 804]
Event: 1.129 Thread 0x000001a72de06040 Exception <a 'java/lang/NoSuchMethodError'{0x0000000089ab07c8}: 'java.lang.Object java.lang.invoke.DirectMethodHandle$Holder.invokeInterface(java.lang.Object, java.lang.Object)'> (0x0000000089ab07c8) 
thrown [s\open\src\hotspot\share\interpreter\linkResolver.cpp, line 804]
Event: 1.172 Thread 0x000001a72de06040 Exception <a 'java/lang/NoSuchMethodError'{0x00000000899613b0}: 'int java.lang.invoke.DirectMethodHandle$Holder.invokeStatic(java.lang.Object, java.lang.Object, java.lang.Object, java.lang.Object)'> (0x00000000899613b0) 
thrown [s\open\src\hotspot\share\interpreter\linkResolver.cpp, line 804]
Event: 1.191 Thread 0x000001a72de06040 Exception <a 'java/lang/NoSuchMethodError'{0x000000008998b1c8}: 'int java.lang.invoke.DirectMethodHandle$Holder.invokeSpecialIFC(java.lang.Object, java.lang.Object, java.lang.Object, java.lang.Object, java.lang.Object)'> (0x000000008998b1c8) 
thrown [s\open\src\hotspot\share\interpreter\linkResolver.cpp, line 804]
Event: 1.319 Thread 0x000001a72de06040 Exception <a 'java/lang/NoSuchMethodError'{0x00000000897673d0}: 'java.lang.Object java.lang.invoke.DirectMethodHandle$Holder.newInvokeSpecial(java.lang.Object, java.lang.Object, java.lang.Object, java.lang.Object, java.lang.Object)'> (0x00000000897673d0) 
thrown [s\open\src\hotspot\share\interpreter\linkResolver.cpp, line 804]
Event: 1.402 Thread 0x000001a72de06040 Exception <a 'java/lang/NoSuchMethodError'{0x0000000089689200}: 'int java.lang.invoke.DirectMethodHandle$Holder.invokeStaticInit(java.lang.Object, java.lang.Object)'> (0x0000000089689200) 
thrown [s\open\src\hotspot\share\interpreter\linkResolver.cpp, line 804]
Event: 1.420 Thread 0x000001a72de06040 Exception <a 'java/lang/NoClassDefFoundError'{0x00000000896c4638}: javax/enterprise/inject/Typed> (0x00000000896c4638) 
thrown [s\open\src\hotspot\share\classfile\systemDictionary.cpp, line 316]

VM Operations (8 events):
Event: 0.175 Executing non-safepoint VM operation: HandshakeAllThreads (Deoptimize)
Event: 0.175 Executing non-safepoint VM operation: HandshakeAllThreads (Deoptimize) done
Event: 0.510 Executing non-safepoint VM operation: HandshakeAllThreads (Deoptimize)
Event: 0.510 Executing non-safepoint VM operation: HandshakeAllThreads (Deoptimize) done
Event: 0.533 Executing non-safepoint VM operation: HandshakeAllThreads (Deoptimize)
Event: 0.533 Executing non-safepoint VM operation: HandshakeAllThreads (Deoptimize) done
Event: 1.176 Executing non-safepoint VM operation: HandshakeAllThreads (Deoptimize)
Event: 1.176 Executing non-safepoint VM operation: HandshakeAllThreads (Deoptimize) done

Memory protections (0 events):
No events

Nmethod flushes (0 events):
No events

Events (19 events):
Event: 0.055 Thread 0x000001a72de06040 Thread added: 0x000001a72de06040
Event: 0.085 Thread 0x000001a72de06040 Thread added: 0x000001a74d7af190
Event: 0.086 Thread 0x000001a72de06040 Thread added: 0x000001a74d7b0960
Event: 0.086 Thread 0x000001a72de06040 Thread added: 0x000001a74d7b2800
Event: 0.087 Thread 0x000001a72de06040 Thread added: 0x000001a74d7b33c0
Event: 0.087 Thread 0x000001a72de06040 Thread added: 0x000001a74d7b5100
Event: 0.087 Thread 0x000001a72de06040 Thread added: 0x000001a74d7b5cc0
Event: 0.087 Thread 0x000001a72de06040 Thread added: 0x000001a74d7b6fc0
Event: 0.088 Thread 0x000001a72de06040 Thread added: 0x000001a74d7cf1c0
Event: 0.104 Thread 0x000001a74d7b6fc0 Thread added: 0x000001a74d790660
Event: 0.109 Thread 0x000001a74d790660 Thread added: 0x000001a74db3a110
Event: 0.137 Thread 0x000001a72de06040 Thread added: 0x000001a74db6ede0
Event: 0.143 Thread 0x000001a72de06040 Thread added: 0x000001a74db70b70
Event: 0.519 Thread 0x000001a72de06040 Thread added: 0x000001a75208f160
Event: 0.545 Thread 0x000001a75208f160 Thread exited: 0x000001a75208f160
Event: 0.779 Thread 0x000001a74d790660 Thread added: 0x000001a74db39900
Event: 0.801 Thread 0x000001a74d7cf1c0 Thread added: 0x000001a74db390f0
Event: 2.887 Thread 0x000001a74db390f0 Thread exited: 0x000001a74db390f0
Event: 2.887 Thread 0x000001a74db3a110 Thread exited: 0x000001a74db3a110


Dynamic libraries:
0x00007ff6b0e90000 - 0x00007ff6b0ea0000 	C:\Program Files\Java\jdk-25\bin\java.exe
0x00007ff8f7ee0000 - 0x00007ff8f8149000 	C:\WINDOWS\SYSTEM32\ntdll.dll
0x00007ff8f7950000 - 0x00007ff8f7a19000 	C:\WINDOWS\System32\KERNEL32.DLL
0x00007ff8f5100000 - 0x00007ff8f54f3000 	C:\WINDOWS\System32\KERNELBASE.dll
0x00007ff8f5680000 - 0x00007ff8f57cb000 	C:\WINDOWS\System32\ucrtbase.dll
0x00007ff8cd620000 - 0x00007ff8cd63e000 	C:\Program Files\Java\jdk-25\bin\VCRUNTIME140.dll
0x00007ff8bd270000 - 0x00007ff8bd287000 	C:\Program Files\Java\jdk-25\bin\jli.dll
0x00007ff8f7c80000 - 0x00007ff8f7e44000 	C:\WINDOWS\System32\USER32.dll
0x00007ff8dafa0000 - 0x00007ff8db233000 	C:\WINDOWS\WinSxS\amd64_microsoft.windows.common-controls_6595b64144ccf1df_6.0.26100.5074_none_3e0d6f78e32fd63f\COMCTL32.dll
0x00007ff8f5860000 - 0x00007ff8f5887000 	C:\WINDOWS\System32\win32u.dll
0x00007ff8f7aa0000 - 0x00007ff8f7b49000 	C:\WINDOWS\System32\msvcrt.dll
0x00007ff8f7820000 - 0x00007ff8f784b000 	C:\WINDOWS\System32\GDI32.dll
0x00007ff8f5a00000 - 0x00007ff8f5b2d000 	C:\WINDOWS\System32\gdi32full.dll
0x00007ff8f5bd0000 - 0x00007ff8f5c73000 	C:\WINDOWS\System32\msvcp_win.dll
0x00007ff8f7ba0000 - 0x00007ff8f7bcf000 	C:\WINDOWS\System32\IMM32.DLL
0x00007ff8da2c0000 - 0x00007ff8da2cc000 	C:\Program Files\Java\jdk-25\bin\vcruntime140_1.dll
0x00007ff84e6a0000 - 0x00007ff84e72d000 	C:\Program Files\Java\jdk-25\bin\msvcp140.dll
0x00007ff876c90000 - 0x00007ff877aef000 	C:\Program Files\Java\jdk-25\bin\server\jvm.dll
0x00007ff8f74a0000 - 0x00007ff8f7554000 	C:\WINDOWS\System32\ADVAPI32.dll
0x00007ff8f5cf0000 - 0x00007ff8f5d96000 	C:\WINDOWS\System32\sechost.dll
0x00007ff8f6bb0000 - 0x00007ff8f6cc8000 	C:\WINDOWS\System32\RPCRT4.dll
0x00007ff8f7a20000 - 0x00007ff8f7a94000 	C:\WINDOWS\System32\WS2_32.dll
0x00007ff8f4ea0000 - 0x00007ff8f4efe000 	C:\WINDOWS\SYSTEM32\POWRPROF.dll
0x00007ff8e83a0000 - 0x00007ff8e83d5000 	C:\WINDOWS\SYSTEM32\WINMM.dll
0x00007ff8edf20000 - 0x00007ff8edf2b000 	C:\WINDOWS\SYSTEM32\VERSION.dll
0x00007ff8f4e80000 - 0x00007ff8f4e94000 	C:\WINDOWS\SYSTEM32\UMPDC.dll
0x00007ff8f3de0000 - 0x00007ff8f3dfb000 	C:\WINDOWS\SYSTEM32\kernel.appcore.dll
0x00007ff882590000 - 0x00007ff88259a000 	C:\Program Files\Java\jdk-25\bin\jimage.dll
0x00007ff8e6c60000 - 0x00007ff8e6ea2000 	C:\WINDOWS\SYSTEM32\DBGHELP.DLL
0x00007ff8f5f80000 - 0x00007ff8f62fb000 	C:\WINDOWS\System32\combase.dll
0x00007ff8f7160000 - 0x00007ff8f7237000 	C:\WINDOWS\System32\OLEAUT32.dll
0x00007ff8db240000 - 0x00007ff8db27d000 	C:\WINDOWS\SYSTEM32\dbgcore.DLL
0x00007ff8f5b30000 - 0x00007ff8f5bc9000 	C:\WINDOWS\System32\bcryptPrimitives.dll
0x00007ff8825a0000 - 0x00007ff8825bf000 	C:\Program Files\Java\jdk-25\bin\java.dll
0x00007ff8f7670000 - 0x00007ff8f7808000 	C:\WINDOWS\System32\ole32.dll
0x00007ff8f6300000 - 0x00007ff8f6a4d000 	C:\WINDOWS\System32\SHELL32.dll
0x00007ff8f5890000 - 0x00007ff8f59fc000 	C:\WINDOWS\System32\wintypes.dll
0x00007ff8f2c50000 - 0x00007ff8f34a9000 	C:\WINDOWS\SYSTEM32\windows.storage.dll
0x00007ff8f73a0000 - 0x00007ff8f7490000 	C:\WINDOWS\System32\SHCORE.dll
0x00007ff8f5c80000 - 0x00007ff8f5ce2000 	C:\WINDOWS\System32\shlwapi.dll
0x00007ff8f4f60000 - 0x00007ff8f4f89000 	C:\WINDOWS\SYSTEM32\profapi.dll
0x00007ff882570000 - 0x00007ff882582000 	C:\Program Files\Java\jdk-25\bin\net.dll
0x00007ff8f4340000 - 0x00007ff8f43ab000 	C:\WINDOWS\system32\mswsock.dll
0x00007ff882550000 - 0x00007ff882566000 	C:\Program Files\Java\jdk-25\bin\nio.dll
0x00007ff882530000 - 0x00007ff882547000 	C:\Program Files\Java\jdk-25\bin\zip.dll
0x00007ff8bcfb0000 - 0x00007ff8bcfd4000 	C:\Users\ASUS\.m2\wrapper\dists\apache-maven-3.9.14\ed7edd442f634ac1c1ef5ba2b61b6d690b5221091f1a8e1123f5fadcc967520d\lib\jansi-native\Windows\x86_64\jansi.dll
0x00007ff882520000 - 0x00007ff882530000 	C:\Program Files\Java\jdk-25\bin\verify.dll

JVMTI agents: none

dbghelp: loaded successfully - version: 4.0.5 - missing functions: none
symbol engine: initialized successfully - sym options: 0x614 - pdb path: .;C:\Program Files\Java\jdk-25\bin;C:\WINDOWS\SYSTEM32;C:\WINDOWS\WinSxS\amd64_microsoft.windows.common-controls_6595b64144ccf1df_6.0.26100.5074_none_3e0d6f78e32fd63f;C:\Program Files\Java\jdk-25\bin\server;C:\Users\ASUS\.m2\wrapper\dists\apache-maven-3.9.14\ed7edd442f634ac1c1ef5ba2b61b6d690b5221091f1a8e1123f5fadcc967520d\lib\jansi-native\Windows\x86_64

VM Arguments:
jvm_args: --add-opens=jdk.compiler/com.sun.tools.javac.code=ALL-UNNAMED --add-opens=jdk.compiler/com.sun.tools.javac.comp=ALL-UNNAMED --add-opens=jdk.compiler/com.sun.tools.javac.file=ALL-UNNAMED --add-opens=jdk.compiler/com.sun.tools.javac.main=ALL-UNNAMED --add-opens=jdk.compiler/com.sun.tools.javac.model=ALL-UNNAMED --add-opens=jdk.compiler/com.sun.tools.javac.parser=ALL-UNNAMED --add-opens=jdk.compiler/com.sun.tools.javac.processing=ALL-UNNAMED --add-opens=jdk.compiler/com.sun.tools.javac.tree=ALL-UNNAMED --add-opens=jdk.compiler/com.sun.tools.javac.util=ALL-UNNAMED --enable-native-access=ALL-UNNAMED -Dclassworlds.conf=C:\Users\ASUS\.m2\wrapper\dists\apache-maven-3.9.14\ed7edd442f634ac1c1ef5ba2b61b6d690b5221091f1a8e1123f5fadcc967520d\bin\m2.conf -Dmaven.home=C:\Users\ASUS\.m2\wrapper\dists\apache-maven-3.9.14\ed7edd442f634ac1c1ef5ba2b61b6d690b5221091f1a8e1123f5fadcc967520d -Dlibrary.jansi.path=C:\Users\ASUS\.m2\wrapper\dists\apache-maven-3.9.14\ed7edd442f634ac1c1ef5ba2b61b6d690b5221091f1a8e1123f5fadcc967520d\lib\jansi-native -Dmaven.multiModuleProjectDirectory=D:\SPRINGBOOT\Spring_ecomerc\Spring_ecomerc 
java_command: org.codehaus.plexus.classworlds.launcher.Launcher clean compile
java_class_path (initial): C:\Users\ASUS\.m2\wrapper\dists\apache-maven-3.9.14\ed7edd442f634ac1c1ef5ba2b61b6d690b5221091f1a8e1123f5fadcc967520d\boot\plexus-classworlds-2.9.0.jar
Launcher Type: SUN_STANDARD

[Global flags]
     intx CICompilerCount                          = 12                                        {product} {ergonomic}
     uint ConcGCThreads                            = 3                                         {product} {ergonomic}
     uint G1ConcRefinementThreads                  = 13                                        {product} {ergonomic}
   size_t G1HeapRegionSize                         = 1048576                                   {product} {ergonomic}
   size_t InitialHeapSize                          = 132120576                                 {product} {ergonomic}
   size_t MarkStackSize                            = 4194304                                   {product} {ergonomic}
   size_t MarkStackSizeMax                         = 536870912                                 {product} {ergonomic}
   size_t MaxHeapSize                              = 2101346304                                {product} {ergonomic}
   size_t MaxNewSize                               = 1260388352                                {product} {ergonomic}
   size_t MinHeapDeltaBytes                        = 1048576                                   {product} {ergonomic}
   size_t MinHeapSize                              = 8388608                                   {product} {ergonomic}
    uintx NonNMethodCodeHeapSize                   = 7602176                                {pd product} {ergonomic}
    uintx NonProfiledCodeHeapSize                  = 122093568                              {pd product} {ergonomic}
    uintx ProfiledCodeHeapSize                     = 121962496                              {pd product} {ergonomic}
    uintx ReservedCodeCacheSize                    = 251658240                              {pd product} {ergonomic}
     bool SegmentedCodeCache                       = true                                      {product} {ergonomic}
   size_t SoftMaxHeapSize                          = 2101346304                             {manageable} {ergonomic}
     bool UseCompressedOops                        = true                           {product lp64_product} {ergonomic}
     bool UseG1GC                                  = true                                      {product} {ergonomic}
     bool UseLargePagesIndividualAllocation        = false                                  {pd product} {ergonomic}

Logging:
Log output configuration:
 #0: stdout all=warning uptime,level,tags foldmultilines=false
 #1: stderr all=off uptime,level,tags foldmultilines=false

Release file:
IMPLEMENTOR="Oracle Corporation" 
JAVA_RUNTIME_VERSION="25.0.1+8-LTS-27" 
JAVA_VERSION="25.0.1" 
JAVA_VERSION_DATE="2025-10-21" 
LIBC="default" 
MODULES="java.base java.compiler java.datatransfer java.xml java.prefs java.desktop java.instrument java.logging java.management java.security.sasl java.naming java.rmi java.management.rmi java.net.http java.scripting java.security.jgss java.transaction.xa java.sql java.sql.rowset java.xml.crypto java.se java.smartcardio jdk.accessibility jdk.internal.jvmstat jdk.attach jdk.charsets jdk.internal.opt jdk.zipfs jdk.compiler jdk.crypto.cryptoki jdk.crypto.ec jdk.crypto.mscapi jdk.dynalink jdk.internal.ed jdk.editpad jdk.internal.vm.ci jdk.graal.compiler jdk.graal.compiler.management jdk.hotspot.agent jdk.httpserver jdk.incubator.vector jdk.internal.le jdk.internal.md jdk.jartool jdk.javadoc jdk.jcmd jdk.management jdk.management.agent jdk.jconsole jdk.jdeps jdk.jdwp.agent jdk.jdi jdk.jfr jdk.jlink jdk.jpackage jdk.jshell jdk.jsobject jdk.jstatd jdk.localedata jdk.management.jfr jdk.naming.dns jdk.naming.rmi jdk.net jdk.nio.mapmode jdk.sctp jdk.security.auth jdk.security.jgss jdk.unsupported jdk.unsupported.desktop jdk.xml.dom" 
OS_ARCH="x86_64" 
OS_NAME="Windows" 
SOURCE=".:git:862c85bc42b7 open:git:78770bfaefd2" 

Environment Variables:
PATH=C:\Program Files\Java\jdk-25\bin;C:\Program Files\Python313\Scripts\;C:\Program Files\Python313\;C:\Program Files (x86)\VMware\VMware Workstation\bin\;C:\WINDOWS\system32;C:\WINDOWS;C:\WINDOWS\System32\Wbem;C:\WINDOWS\System32\WindowsPowerShell\v1.0\;C:\WINDOWS\System32\OpenSSH\;C:\Program Files\NVIDIA Corporation\NVIDIA App\NvDLISR;C:\Program Files (x86)\NVIDIA Corporation\PhysX\Common;C:\Program Files\dotnet\;C:\php-8.4.7;C:\ProgramData\ComposerSetup\bin;C:\Program Files\nodejs\;C:\Program Files\Git\cmd;C:\Program Files\MongoDB\Server\8.2\bin;C:\Program Files\Java\jdk-25\;;C:\ProgramData\chocolatey\bin;C:\Program Files\Microsoft SQL Server\150\Tools\Binn\;C:\Program Files\Microsoft SQL Server\Client SDK\ODBC\170\Tools\Binn\;C:\Program Files\Microsoft SQL Server\170\DTS\Binn\;C:\Program Files\Docker\Docker\resources\bin;c:\Users\ASUS\AppData\Local\Programs\cursor\resources\app\codeBin;C:\Program Files\Java\jdk-25\bin;C:\Users\ASUS\AppData\Local\Microsoft\WindowsApps;C:\Visaul Studio\Microsoft VS Code\bin;C:\Users\ASUS\AppData\Local\Programs\Azure Data Studio\bin;C:\Program Files\Azure Data Studio\bin;C:\Users\ASUS\AppData\Local\GitHubDesktop\bin;C:\Users\ASUS\AppData\Roaming\Composer\vendor\bin;C:\Users\ASUS\AppData\Roaming\npm;C:\Program Files\mongosh\;C:\Program Files\IntelliJ IDEA 2025.2.3\bin;C:\Program Files\JetBrains\WebStorm 2025.2.3\bin;C:\Program Files (x86)\Microsoft Visual Studio\Shared\NuGetPackages\microsoft.visualstudio.javascript.sdk;C:\Program Files\Java\jdk-25\;C:\Users\ASUS\.dotnet\tools;C:\Users\ASUS\AppData\Local\Microsoft\WinGet\Links;C:\Users\ASUS\AppData\Local\Programs\Antigravity\bin;C:\Users\ASUS\AppData\Local\Programs\cursor\resources\app\bin;c:\Users\ASUS\.antigravity\extensions\vscjava.vscode-java-debug-0.58.5-universal\bundled\scripts\noConfigScripts
USERNAME=ASUS
LANG=en_US.UTF-8
OS=Windows_NT
PROCESSOR_IDENTIFIER=AMD64 Family 25 Model 68 Stepping 1, AuthenticAMD
TMP=C:\Users\ASUS\AppData\Local\Temp
TEMP=C:\Users\ASUS\AppData\Local\Temp




Compilation memory statistics disabled.

Periodic native trim disabled

---------------  S Y S T E M  ---------------

OS:
 Windows 11 , 64 bit Build 26100 (10.0.26100.5074)
OS uptime: 0 days 0:08 hours
Hyper-V role detected

CPU: total 16 (initial active 16) (16 cores per cpu, 2 threads per core) family 25 model 68 stepping 1 microcode 0xa404107, cx8, cmov, fxsr, ht, mmx, 3dnowpref, sse, sse2, sse3, ssse3, sse4a, sse4.1, sse4.2, popcnt, lzcnt, tsc, tscinvbit, avx, avx2, aes, erms, clmul, bmi1, bmi2, adx, sha, fma, vzeroupper, clflush, clflushopt, clwb, hv, rdtscp, rdpid, fsrm, f16c, cet_ss
Processor Information for processor 0
  Max Mhz: 3100, Current Mhz: 3100, Mhz Limit: 3100
Processor Information for processor 1
  Max Mhz: 3100, Current Mhz: 2523, Mhz Limit: 3100
Processor Information for processor 2
  Max Mhz: 3100, Current Mhz: 2523, Mhz Limit: 3100
Processor Information for processor 3
  Max Mhz: 3100, Current Mhz: 2523, Mhz Limit: 3100
Processor Information for processor 4
  Max Mhz: 3100, Current Mhz: 3100, Mhz Limit: 3100
Processor Information for processor 5
  Max Mhz: 3100, Current Mhz: 3100, Mhz Limit: 3100
Processor Information for processor 6
  Max Mhz: 3100, Current Mhz: 3100, Mhz Limit: 3100
Processor Information for processor 7
  Max Mhz: 3100, Current Mhz: 3100, Mhz Limit: 3100
Processor Information for processor 8
  Max Mhz: 3100, Current Mhz: 3100, Mhz Limit: 3100
Processor Information for processor 9
  Max Mhz: 3100, Current Mhz: 3100, Mhz Limit: 3100
Processor Information for processor 10
  Max Mhz: 3100, Current Mhz: 3100, Mhz Limit: 3100
Processor Information for processor 11
  Max Mhz: 3100, Current Mhz: 3100, Mhz Limit: 3100
Processor Information for processor 12
  Max Mhz: 3100, Current Mhz: 3100, Mhz Limit: 3100
Processor Information for processor 13
  Max Mhz: 3100, Current Mhz: 3100, Mhz Limit: 3100
Processor Information for processor 14
  Max Mhz: 3100, Current Mhz: 2523, Mhz Limit: 3100
Processor Information for processor 15
  Max Mhz: 3100, Current Mhz: 2523, Mhz Limit: 3100

Memory: 4k page, system-wide physical 8010M (489M free)
TotalPageFile size 24394M (AvailPageFile size 7M)
current process WorkingSet (physical memory assigned to process): 106M, peak: 106M
current process commit charge ("private bytes"): 246M, peak: 249M

vm_info: Java HotSpot(TM) 64-Bit Server VM (25.0.1+8-LTS-27) for windows-amd64 JRE (25.0.1+8-LTS-27), built on 2025-09-25T16:41:16Z with unknown MS VC++:1943

END.
