#
# There is insufficient memory for the Java Runtime Environment to continue.
# Native memory allocation (malloc) failed to allocate 1140816 bytes. Error detail: Chunk::new
# Possible reasons:
#   The system is out of physical RAM or swap space
#   This process is running with CompressedOops enabled, and the Java Heap may be blocking the growth of the native heap
# Possible solutions:
#   Reduce memory load on the system
#   Increase physical memory or swap space
#   Check if swap backing store is full
#   Decrease Java heap size (-Xmx/-Xms)
#   Decrease number of Java threads
#   Decrease Java thread stack sizes (-Xss)
#   Set larger code cache with -XX:ReservedCodeCacheSize=
#   JVM is running with Unscaled Compressed Oops mode in which the Java heap is
#     placed in the first 4GB address space. The Java Heap base address is the
#     maximum limit for the native heap growth. Please use -XX:HeapBaseMinAddress
#     to set the Java Heap base and to place the Java Heap above 4GB virtual address.
# This output file may be truncated or incomplete.
#
#  Out of Memory Error (arena.cpp:168), pid=26616, tid=30888
#
# JRE version: OpenJDK Runtime Environment Temurin-21.0.10+7 (21.0.10+7) (build 21.0.10+7-LTS)
# Java VM: OpenJDK 64-Bit Server VM Temurin-21.0.10+7 (21.0.10+7-LTS, mixed mode, sharing, tiered, compressed oops, compressed class ptrs, parallel gc, windows-amd64)
# No core dump will be written. Minidumps are not enabled by default on client versions of Windows
#

---------------  S U M M A R Y ------------

Command Line: --add-modules=ALL-SYSTEM --add-opens=java.base/java.util=ALL-UNNAMED --add-opens=java.base/java.lang=ALL-UNNAMED --add-opens=java.base/sun.nio.fs=ALL-UNNAMED -Declipse.application=org.eclipse.jdt.ls.core.id1 -Dosgi.bundles.defaultStartLevel=4 -Declipse.product=org.eclipse.jdt.ls.core.product -Djava.import.generatesMetadataFilesAtProjectRoot=false -DDetectVMInstallationsJob.disabled=true -Dfile.encoding=utf8 -XX:+UseParallelGC -XX:GCTimeRatio=4 -XX:AdaptiveSizePolicyWeight=90 -Dsun.zip.disableMemoryMapping=true -Xmx2G -Xms100m -Xlog:disable -javaagent:c:\Users\ASUS\.antigravity\extensions\redhat.java-1.53.0-win32-x64\lombok\lombok-1.18.39-4050.jar -XX:+HeapDumpOnOutOfMemoryError -XX:HeapDumpPath=c:\Users\ASUS\AppData\Roaming\Antigravity\User\workspaceStorage\072664e477a3092332c4219defd89c4c\redhat.java -Daether.dependencyCollector.impl=bf c:\Users\ASUS\.antigravity\extensions\redhat.java-1.53.0-win32-x64\server\plugins\org.eclipse.equinox.launcher_1.7.100.v20251111-0406.jar -configuration c:\Users\ASUS\AppData\Roaming\Antigravity\User\globalStorage\redhat.java\1.53.0\config_win -data c:\Users\ASUS\AppData\Roaming\Antigravity\User\workspaceStorage\072664e477a3092332c4219defd89c4c\redhat.java\jdt_ws --pipe=\\.\pipe\lsp-bacd95174d9c0b92a34a02d942806aca-sock

Host: AMD Ryzen 7 7435HS                             , 16 cores, 7G,  Windows 11 , 64 bit Build 26100 (10.0.26100.5074)
Time: Tue Mar 31 09:38:45 2026 SE Asia Standard Time elapsed time: 603.437795 seconds (0d 0h 10m 3s)

---------------  T H R E A D  ---------------

Current thread (0x000001c9d7efe560):  JavaThread "C2 CompilerThread0" daemon [_thread_in_native, id=30888, stack(0x0000004777300000,0x0000004777400000) (1024K)]


Current CompileTask:
C2:603437 16600   !   4       lombok.launch.PatchFixesHider$PatchFixes::isGenerated (57 bytes)

Stack: [0x0000004777300000,0x0000004777400000]
Native frames: (J=compiled Java code, j=interpreted, Vv=VM code, C=native code)
V  [jvm.dll+0x6d7a39]
V  [jvm.dll+0x8b4b26]
V  [jvm.dll+0x8b70de]
V  [jvm.dll+0x8b77c3]
V  [jvm.dll+0x284346]
V  [jvm.dll+0xc66ed]
V  [jvm.dll+0xc6c31]
V  [jvm.dll+0x3bec01]
V  [jvm.dll+0x38b162]
V  [jvm.dll+0x38a5aa]
V  [jvm.dll+0x24c560]
V  [jvm.dll+0x24bb40]
V  [jvm.dll+0x1cb34e]
V  [jvm.dll+0x25b85d]
V  [jvm.dll+0x259dea]
V  [jvm.dll+0x3f857e]
V  [jvm.dll+0x85f59d]
V  [jvm.dll+0x6d626d]
C  [ucrtbase.dll+0x37b0]
C  [KERNEL32.DLL+0x2e8d7]
C  [ntdll.dll+0x8d9c]


---------------  P R O C E S S  ---------------

Threads class SMR info:
_java_thread_list=0x000001c9f65c4e20, length=68, elements={
0x000001c9d7e3d0b0, 0x000001c9ee8ed7c0, 0x000001c9d7ee52a0, 0x000001c9d7ee7800,
0x000001c9d7ee8460, 0x000001c9d7eec710, 0x000001c9d7ef4ed0, 0x000001c9d7efe560,
0x000001c9efca8af0, 0x000001c9efef5880, 0x000001c9f15b5730, 0x000001c9f628c450,
0x000001c9f6140220, 0x000001c9efe516b0, 0x000001c9efd61ba0, 0x000001c9f6112f40,
0x000001c9f63d15c0, 0x000001c9f63ffab0, 0x000001c9f64d2990, 0x000001c9f64d0230,
0x000001c9f64d08c0, 0x000001c9f64d0f50, 0x000001c9f64d2300, 0x000001c9f64d36b0,
0x000001c9f96216c0, 0x000001c9f96209a0, 0x000001c9f96223e0, 0x000001c9f961ef60,
0x000001c9f9621d50, 0x000001c9f961fc80, 0x000001c9f9622a70, 0x000001c9f9621030,
0x000001c9f9620310, 0x000001c9f961f5f0, 0x000001c9f96244b0, 0x000001c9f9624b40,
0x000001c9f96251d0, 0x000001c9f9623100, 0x000001c9f9625ef0, 0x000001c9f9625860,
0x000001c9f9623e20, 0x000001c9f9626580, 0x000001c9f9841d10, 0x000001c9f9844470,
0x000001c9f98423a0, 0x000001c9f9844b00, 0x000001c9f9845820, 0x000001c9f9843750,
0x000001c9f9846540, 0x000001c9f9846bd0, 0x000001c9f9847260, 0x000001c9f9843de0,
0x000001c9f9845190, 0x000001c9f9845eb0, 0x000001c9f9842a30, 0x000001c9f98430c0,
0x000001c9f9847f80, 0x000001c9f9849330, 0x000001c9f9848610, 0x000001c9f64d15e0,
0x000001c9f64d3020, 0x000001c9f9623790, 0x000001c9fa1869c0, 0x000001c9fa185ca0,
0x000001c9fa183bd0, 0x000001c9fa184260, 0x000001c9fa187d70, 0x000001c9f9859070
}

Java Threads: ( => current thread )
  0x000001c9d7e3d0b0 JavaThread "main"                              [_thread_blocked, id=31396, stack(0x0000004776900000,0x0000004776a00000) (1024K)]
  0x000001c9ee8ed7c0 JavaThread "Reference Handler"          daemon [_thread_blocked, id=23880, stack(0x0000004776d00000,0x0000004776e00000) (1024K)]
  0x000001c9d7ee52a0 JavaThread "Finalizer"                  daemon [_thread_blocked, id=27412, stack(0x0000004776e00000,0x0000004776f00000) (1024K)]
  0x000001c9d7ee7800 JavaThread "Signal Dispatcher"          daemon [_thread_blocked, id=23656, stack(0x0000004776f00000,0x0000004777000000) (1024K)]
  0x000001c9d7ee8460 JavaThread "Attach Listener"            daemon [_thread_blocked, id=26152, stack(0x0000004777000000,0x0000004777100000) (1024K)]
  0x000001c9d7eec710 JavaThread "Service Thread"             daemon [_thread_blocked, id=26244, stack(0x0000004777100000,0x0000004777200000) (1024K)]
  0x000001c9d7ef4ed0 JavaThread "Monitor Deflation Thread"   daemon [_thread_blocked, id=30836, stack(0x0000004777200000,0x0000004777300000) (1024K)]
=>0x000001c9d7efe560 JavaThread "C2 CompilerThread0"         daemon [_thread_in_native, id=30888, stack(0x0000004777300000,0x0000004777400000) (1024K)]
  0x000001c9efca8af0 JavaThread "C1 CompilerThread0"         daemon [_thread_blocked, id=30792, stack(0x0000004777400000,0x0000004777500000) (1024K)]
  0x000001c9efef5880 JavaThread "Common-Cleaner"             daemon [_thread_blocked, id=4960, stack(0x0000004777900000,0x0000004777a00000) (1024K)]
  0x000001c9f15b5730 JavaThread "Notification Thread"        daemon [_thread_blocked, id=14084, stack(0x0000004777800000,0x0000004777900000) (1024K)]
  0x000001c9f628c450 JavaThread "Active Thread: Equinox Container: 7b5dece5-5b6a-4db0-8013-e394b513be96"        [_thread_blocked, id=30736, stack(0x0000004778200000,0x0000004778300000) (1024K)]
  0x000001c9f6140220 JavaThread "Refresh Thread: Equinox Container: 7b5dece5-5b6a-4db0-8013-e394b513be96" daemon [_thread_blocked, id=32592, stack(0x0000004777600000,0x0000004777700000) (1024K)]
  0x000001c9efe516b0 JavaThread "Framework Event Dispatcher: Equinox Container: 7b5dece5-5b6a-4db0-8013-e394b513be96" daemon [_thread_blocked, id=32600, stack(0x0000004777700000,0x0000004777800000) (1024K)]
  0x000001c9efd61ba0 JavaThread "Start Level: Equinox Container: 7b5dece5-5b6a-4db0-8013-e394b513be96" daemon [_thread_blocked, id=32604, stack(0x0000004777a00000,0x0000004777b00000) (1024K)]
  0x000001c9f6112f40 JavaThread "Bundle File Closer"         daemon [_thread_blocked, id=22720, stack(0x0000004778700000,0x0000004778800000) (1024K)]
  0x000001c9f63d15c0 JavaThread "SCR Component Actor"        daemon [_thread_blocked, id=6252, stack(0x0000004778800000,0x0000004778900000) (1024K)]
  0x000001c9f63ffab0 JavaThread "Worker-JM"                         [_thread_blocked, id=732, stack(0x0000004778a00000,0x0000004778b00000) (1024K)]
  0x000001c9f64d2990 JavaThread "JNA Cleaner"                daemon [_thread_blocked, id=32916, stack(0x0000004778900000,0x0000004778a00000) (1024K)]
  0x000001c9f64d0230 JavaThread "Java indexing"              daemon [_thread_blocked, id=33296, stack(0x0000004779200000,0x0000004779300000) (1024K)]
  0x000001c9f64d08c0 JavaThread "Worker-3"                          [_thread_blocked, id=33436, stack(0x0000004779700000,0x0000004779800000) (1024K)]
  0x000001c9f64d0f50 JavaThread "Worker-4"                          [_thread_blocked, id=33440, stack(0x0000004779800000,0x0000004779900000) (1024K)]
  0x000001c9f64d2300 JavaThread "Thread-1"                   daemon [_thread_in_native, id=33444, stack(0x0000004779900000,0x0000004779a00000) (1024K)]
  0x000001c9f64d36b0 JavaThread "Thread-2"                   daemon [_thread_in_native, id=33448, stack(0x0000004779a00000,0x0000004779b00000) (1024K)]
  0x000001c9f96216c0 JavaThread "Thread-3"                   daemon [_thread_in_native, id=33452, stack(0x0000004779b00000,0x0000004779c00000) (1024K)]
  0x000001c9f96209a0 JavaThread "Thread-4"                   daemon [_thread_in_native, id=33456, stack(0x0000004779c00000,0x0000004779d00000) (1024K)]
  0x000001c9f96223e0 JavaThread "Thread-5"                   daemon [_thread_in_native, id=33460, stack(0x0000004779d00000,0x0000004779e00000) (1024K)]
  0x000001c9f961ef60 JavaThread "Thread-6"                   daemon [_thread_in_native, id=33464, stack(0x0000004779e00000,0x0000004779f00000) (1024K)]
  0x000001c9f9621d50 JavaThread "Thread-7"                   daemon [_thread_in_native, id=33468, stack(0x0000004779f00000,0x000000477a000000) (1024K)]
  0x000001c9f961fc80 JavaThread "Thread-8"                   daemon [_thread_in_native, id=33472, stack(0x000000477a000000,0x000000477a100000) (1024K)]
  0x000001c9f9622a70 JavaThread "Thread-9"                   daemon [_thread_in_native, id=33476, stack(0x000000477a100000,0x000000477a200000) (1024K)]
  0x000001c9f9621030 JavaThread "Thread-10"                  daemon [_thread_in_native, id=33480, stack(0x000000477a200000,0x000000477a300000) (1024K)]
  0x000001c9f9620310 JavaThread "Thread-11"                  daemon [_thread_in_native, id=33484, stack(0x000000477a300000,0x000000477a400000) (1024K)]
  0x000001c9f961f5f0 JavaThread "Thread-12"                  daemon [_thread_in_native, id=33488, stack(0x000000477a400000,0x000000477a500000) (1024K)]
  0x000001c9f96244b0 JavaThread "Thread-13"                  daemon [_thread_in_native, id=33492, stack(0x000000477a500000,0x000000477a600000) (1024K)]
  0x000001c9f9624b40 JavaThread "Thread-14"                  daemon [_thread_in_native, id=33496, stack(0x000000477a600000,0x000000477a700000) (1024K)]
  0x000001c9f96251d0 JavaThread "Thread-15"                  daemon [_thread_in_native, id=33500, stack(0x000000477a700000,0x000000477a800000) (1024K)]
  0x000001c9f9623100 JavaThread "Thread-16"                  daemon [_thread_in_native, id=33504, stack(0x000000477a800000,0x000000477a900000) (1024K)]
  0x000001c9f9625ef0 JavaThread "Thread-17"                  daemon [_thread_in_native, id=33508, stack(0x000000477a900000,0x000000477aa00000) (1024K)]
  0x000001c9f9625860 JavaThread "pool-2-thread-1"                   [_thread_blocked, id=33516, stack(0x000000477aa00000,0x000000477ab00000) (1024K)]
  0x000001c9f9623e20 JavaThread "WorkspaceEventsHandler"            [_thread_blocked, id=33600, stack(0x000000477ab00000,0x000000477ac00000) (1024K)]
  0x000001c9f9626580 JavaThread "pool-1-thread-1"                   [_thread_blocked, id=33604, stack(0x000000477ac00000,0x000000477ad00000) (1024K)]
  0x000001c9f9841d10 JavaThread "ForkJoinPool.commonPool-worker-3" daemon [_thread_blocked, id=33616, stack(0x000000477af00000,0x000000477b000000) (1024K)]
  0x000001c9f9844470 JavaThread "ForkJoinPool.commonPool-worker-4" daemon [_thread_blocked, id=33620, stack(0x000000477b000000,0x000000477b100000) (1024K)]
  0x000001c9f98423a0 JavaThread "ForkJoinPool.commonPool-worker-5" daemon [_thread_blocked, id=33624, stack(0x000000477b100000,0x000000477b200000) (1024K)]
  0x000001c9f9844b00 JavaThread "ForkJoinPool.commonPool-worker-6" daemon [_thread_blocked, id=33628, stack(0x000000477b200000,0x000000477b300000) (1024K)]
  0x000001c9f9845820 JavaThread "ForkJoinPool.commonPool-worker-7" daemon [_thread_blocked, id=33632, stack(0x000000477b300000,0x000000477b400000) (1024K)]
  0x000001c9f9843750 JavaThread "ForkJoinPool.commonPool-worker-8" daemon [_thread_blocked, id=33636, stack(0x000000477b400000,0x000000477b500000) (1024K)]
  0x000001c9f9846540 JavaThread "ForkJoinPool.commonPool-worker-11" daemon [_thread_blocked, id=33648, stack(0x000000477b700000,0x000000477b800000) (1024K)]
  0x000001c9f9846bd0 JavaThread "ForkJoinPool.commonPool-worker-13" daemon [_thread_blocked, id=33656, stack(0x000000477b900000,0x000000477ba00000) (1024K)]
  0x000001c9f9847260 JavaThread "ForkJoinPool.commonPool-worker-14" daemon [_thread_blocked, id=33660, stack(0x000000477ba00000,0x000000477bb00000) (1024K)]
  0x000001c9f9843de0 JavaThread "ForkJoinPool.commonPool-worker-15" daemon [_thread_blocked, id=33664, stack(0x000000477bb00000,0x000000477bc00000) (1024K)]
  0x000001c9f9845190 JavaThread "Cleaner-0"                  daemon [_thread_blocked, id=31528, stack(0x0000004777500000,0x0000004777600000) (1024K)]
  0x000001c9f9845eb0 JavaThread "Compiler Source File Reader" daemon [_thread_blocked, id=37732, stack(0x0000004776700000,0x0000004776800000) (1024K)]
  0x000001c9f9842a30 JavaThread "Compiler Processing Task"   daemon [_thread_blocked, id=36824, stack(0x0000004778600000,0x0000004778700000) (1024K)]
  0x000001c9f98430c0 JavaThread "Compiler Source File Reader" daemon [_thread_blocked, id=20396, stack(0x0000004776800000,0x0000004776900000) (1024K)]
  0x000001c9f9847f80 JavaThread "Worker-5"                          [_thread_blocked, id=35304, stack(0x0000004776600000,0x0000004776700000) (1024K)]
  0x000001c9f9849330 JavaThread "Compiler Source File Reader" daemon [_thread_blocked, id=31832, stack(0x0000004778d00000,0x0000004778e00000) (1024K)]
  0x000001c9f9848610 JavaThread "Compiler Source File Reader" daemon [_thread_blocked, id=36900, stack(0x0000004778e00000,0x0000004778f00000) (1024K)]
  0x000001c9f64d15e0 JavaThread "Compiler Source File Reader" daemon [_thread_blocked, id=10572, stack(0x0000004778f00000,0x0000004779000000) (1024K)]
  0x000001c9f64d3020 JavaThread "Compiler Source File Reader" daemon [_thread_blocked, id=21656, stack(0x0000004779000000,0x0000004779100000) (1024K)]
  0x000001c9f9623790 JavaThread "Compiler Source File Reader" daemon [_thread_blocked, id=10556, stack(0x0000004779100000,0x0000004779200000) (1024K)]
  0x000001c9fa1869c0 JavaThread "Compiler Source File Reader" daemon [_thread_blocked, id=33208, stack(0x0000004779300000,0x0000004779400000) (1024K)]
  0x000001c9fa185ca0 JavaThread "Worker-6"                          [_thread_blocked, id=11340, stack(0x0000004779400000,0x0000004779500000) (1024K)]
  0x000001c9fa183bd0 JavaThread "Compiler Source File Reader" daemon [_thread_blocked, id=38264, stack(0x0000004779500000,0x0000004779600000) (1024K)]
  0x000001c9fa184260 JavaThread "Compiler Source File Reader" daemon [_thread_blocked, id=38280, stack(0x0000004779600000,0x0000004779700000) (1024K)]
  0x000001c9fa187d70 JavaThread "Compiler Source File Reader" daemon [_thread_blocked, id=35668, stack(0x000000477ad00000,0x000000477ae00000) (1024K)]
  0x000001c9f9859070 JavaThread "C1 CompilerThread1"         daemon [_thread_blocked, id=4504, stack(0x000000477b800000,0x000000477b900000) (1024K)]
Total: 68

Other Threads:
  0x000001c9ee8d28b0 VMThread "VM Thread"                           [id=15652, stack(0x0000004776c00000,0x0000004776d00000) (1024K)]
  0x000001c9ee7cca00 WatcherThread "VM Periodic Task Thread"        [id=15064, stack(0x0000004776b00000,0x0000004776c00000) (1024K)]
  0x000001c9d7e5c7d0 WorkerThread "GC Thread#0"                     [id=8180, stack(0x0000004776a00000,0x0000004776b00000) (1024K)]
  0x000001c9f61326d0 WorkerThread "GC Thread#1"                     [id=15548, stack(0x0000004777b00000,0x0000004777c00000) (1024K)]
  0x000001c9f1be4fb0 WorkerThread "GC Thread#2"                     [id=14424, stack(0x0000004777c00000,0x0000004777d00000) (1024K)]
  0x000001c9f6132a80 WorkerThread "GC Thread#3"                     [id=31108, stack(0x0000004777d00000,0x0000004777e00000) (1024K)]
  0x000001c9f6132e30 WorkerThread "GC Thread#4"                     [id=15264, stack(0x0000004777e00000,0x0000004777f00000) (1024K)]
  0x000001c9f1d55270 WorkerThread "GC Thread#5"                     [id=31388, stack(0x0000004777f00000,0x0000004778000000) (1024K)]
  0x000001c9f1c15910 WorkerThread "GC Thread#6"                     [id=27652, stack(0x0000004778000000,0x0000004778100000) (1024K)]
  0x000001c9f1c16b80 WorkerThread "GC Thread#7"                     [id=30840, stack(0x0000004778300000,0x0000004778400000) (1024K)]
  0x000001c9f1c16f30 WorkerThread "GC Thread#8"                     [id=5928, stack(0x0000004778100000,0x0000004778200000) (1024K)]
  0x000001c9f1c15cc0 WorkerThread "GC Thread#9"                     [id=22888, stack(0x0000004778400000,0x0000004778500000) (1024K)]
  0x000001c9f1c167d0 WorkerThread "GC Thread#10"                    [id=19480, stack(0x0000004778500000,0x0000004778600000) (1024K)]
  0x000001c9f1c16420 WorkerThread "GC Thread#11"                    [id=32808, stack(0x0000004778b00000,0x0000004778c00000) (1024K)]
  0x000001c9f64acde0 WorkerThread "GC Thread#12"                    [id=32812, stack(0x0000004778c00000,0x0000004778d00000) (1024K)]
Total: 15

Threads with active compile tasks:
C2 CompilerThread0  603545 16600   !   4       lombok.launch.PatchFixesHider$PatchFixes::isGenerated (57 bytes)
Total: 1

VM state: not at safepoint (normal execution)

VM Mutex/Monitor currently owned by a thread: None

Heap address: 0x0000000080000000, size: 2048 MB, Compressed Oops mode: 32-bit

CDS archive(s) mapped at: [0x000001c980000000-0x000001c980ba0000-0x000001c980ba0000), size 12189696, SharedBaseAddress: 0x000001c980000000, ArchiveRelocationMode: 1.
Compressed class space mapped at: 0x000001c981000000-0x000001c9c1000000, reserved size: 1073741824
Narrow klass base: 0x000001c980000000, Narrow klass shift: 0, Narrow klass range: 0x100000000

GC Precious Log:
 CardTable entry size: 512
 CPUs: 16 total, 16 available
 Memory: 8010M
 Large Page Support: Disabled
 NUMA Support: Disabled
 Compressed Oops: Enabled (32-bit)
 Alignments: Space 512K, Generation 512K, Heap 2M
 Heap Min Capacity: 100M
 Heap Initial Capacity: 100M
 Heap Max Capacity: 2G
 Pre-touch: Disabled
 Parallel Workers: 13

Heap:
 PSYoungGen      total 5632K, used 2745K [0x00000000d5580000, 0x00000000d5c00000, 0x0000000100000000)
  eden space 4608K, 49% used [0x00000000d5580000,0x00000000d57be698,0x00000000d5a00000)
  from space 1024K, 43% used [0x00000000d5a00000,0x00000000d5a70000,0x00000000d5b00000)
  to   space 1024K, 0% used [0x00000000d5b00000,0x00000000d5b00000,0x00000000d5c00000)
 ParOldGen       total 134656K, used 134395K [0x0000000080000000, 0x0000000088380000, 0x00000000d5580000)
  object space 134656K, 99% used [0x0000000080000000,0x000000008833ee00,0x0000000088380000)
 Metaspace       used 75683K, committed 77376K, reserved 1179648K
  class space    used 7747K, committed 8448K, reserved 1048576K

Card table byte_map: [0x000001c9d7800000,0x000001c9d7c10000] _byte_map_base: 0x000001c9d7400000

Marking Bits: (ParMarkBitMap*) 0x00007ffe75e43450
 Begin Bits: [0x000001c9ea2f0000, 0x000001c9ec2f0000)
 End Bits:   [0x000001c9ec2f0000, 0x000001c9ee2f0000)

Polling page: 0x000001c9d6040000

Metaspace:

Usage:
  Non-class:     66.34 MB used.
      Class:      7.57 MB used.
       Both:     73.91 MB used.

Virtual space:
  Non-class space:      128.00 MB reserved,      67.31 MB ( 53%) committed,  2 nodes.
      Class space:        1.00 GB reserved,       8.25 MB ( <1%) committed,  1 nodes.
             Both:        1.12 GB reserved,      75.56 MB (  7%) committed. 

Chunk freelists:
   Non-Class:  12.08 MB
       Class:  7.59 MB
        Both:  19.67 MB

MaxMetaspaceSize: unlimited
CompressedClassSpaceSize: 1.00 GB
Initial GC threshold: 21.00 MB
Current GC threshold: 125.62 MB
CDS: on
 - commit_granule_bytes: 65536.
 - commit_granule_words: 8192.
 - virtual_space_node_default_size: 8388608.
 - enlarge_chunks_in_place: 1.
 - use_allocation_guard: 0.


Internal statistics:

num_allocs_failed_limit: 9.
num_arena_births: 1500.
num_arena_deaths: 24.
num_vsnodes_births: 3.
num_vsnodes_deaths: 0.
num_space_committed: 1209.
num_space_uncommitted: 0.
num_chunks_returned_to_freelist: 38.
num_chunks_taken_from_freelist: 5292.
num_chunk_merges: 18.
num_chunk_splits: 3167.
num_chunks_enlarged: 1697.
num_inconsistent_stats: 0.

CodeHeap 'non-profiled nmethods': size=119168Kb used=12547Kb max_used=12946Kb free=106620Kb
 bounds [0x000001c9e2be0000, 0x000001c9e3890000, 0x000001c9ea040000]
CodeHeap 'profiled nmethods': size=119104Kb used=36414Kb max_used=38906Kb free=82690Kb
 bounds [0x000001c9db040000, 0x000001c9dd640000, 0x000001c9e2490000]
CodeHeap 'non-nmethods': size=7488Kb used=2038Kb max_used=3169Kb free=5449Kb
 bounds [0x000001c9e2490000, 0x000001c9e2800000, 0x000001c9e2be0000]
CodeCache: size=245760Kb, used=50999Kb, max_used=55021Kb, free=194759Kb
 total_blobs=15685, nmethods=14887, adapters=698, full_count=0
Compilation: enabled, stopped_count=0, restarted_count=0

Compilation events (20 events):
Event: 602.329 Thread 0x000001c9f9859070 16630       3       org.eclipse.jdt.internal.formatter.Token::isWrappable (33 bytes)
Event: 602.330 Thread 0x000001c9f9859070 nmethod 16630 0x000001c9db44f690 code [0x000001c9db44f840, 0x000001c9db44fa30]
Event: 602.330 Thread 0x000001c9f9859070 16632   !   3       org.eclipse.jdt.core.dom.VariableDeclarationStatement::getType (59 bytes)
Event: 602.332 Thread 0x000001c9f9859070 nmethod 16632 0x000001c9db289110 code [0x000001c9db289380, 0x000001c9db289e50]
Event: 602.333 Thread 0x000001c9f9859070 16634       1       org.eclipse.jdt.internal.formatter.Token::getAlign (5 bytes)
Event: 602.333 Thread 0x000001c9efca8af0 16635       1       org.eclipse.jdt.internal.formatter.TokenTraverser::isSpaceBefore (5 bytes)
Event: 602.333 Thread 0x000001c9efca8af0 nmethod 16635 0x000001c9e2cfa290 code [0x000001c9e2cfa420, 0x000001c9e2cfa4f0]
Event: 602.333 Thread 0x000001c9f9859070 nmethod 16634 0x000001c9e2cf9d90 code [0x000001c9e2cf9f20, 0x000001c9e2cf9fe8]
Event: 602.334 Thread 0x000001c9f9859070 16638       3       org.eclipse.jdt.internal.core.dom.util.DOMASTUtil::isNodeTypeSupportedinAST (148 bytes)
Event: 602.335 Thread 0x000001c9efca8af0 16639       3       org.eclipse.jdt.core.dom.MethodInvocation::internalGetSetChildProperty (60 bytes)
Event: 602.335 Thread 0x000001c9f9859070 nmethod 16638 0x000001c9db25b690 code [0x000001c9db25b8a0, 0x000001c9db25bf10]
Event: 602.335 Thread 0x000001c9f9859070 16640       3       org.eclipse.jdt.core.dom.MethodInvocation::internalGetChildListProperty (30 bytes)
Event: 602.335 Thread 0x000001c9efca8af0 nmethod 16639 0x000001c9db1fe990 code [0x000001c9db1febc0, 0x000001c9db1ff240]
Event: 602.335 Thread 0x000001c9f9859070 nmethod 16640 0x000001c9db20ad10 code [0x000001c9db20af40, 0x000001c9db20b568]
Event: 602.336 Thread 0x000001c9f9859070 16641       1       org.eclipse.jdt.internal.formatter.Token::isNextLineOnWrap (5 bytes)
Event: 602.336 Thread 0x000001c9efca8af0 16642       1       org.eclipse.jdt.internal.formatter.Token::getWrapPolicy (5 bytes)
Event: 602.336 Thread 0x000001c9efca8af0 nmethod 16642 0x000001c9e2dd7e10 code [0x000001c9e2dd7fa0, 0x000001c9e2dd8068]
Event: 602.336 Thread 0x000001c9f9859070 nmethod 16641 0x000001c9e2dd7b10 code [0x000001c9e2dd7ca0, 0x000001c9e2dd7d70]
Event: 602.336 Thread 0x000001c9efca8af0 16643       1       org.eclipse.jface.text.Region::getLength (5 bytes)
Event: 602.336 Thread 0x000001c9efca8af0 nmethod 16643 0x000001c9e2dd7610 code [0x000001c9e2dd77a0, 0x000001c9e2dd7868]

GC Heap History (20 events):
Event: 572.690 GC heap before
{Heap before GC invocations=360 (full 4):
 PSYoungGen      total 8192K, used 6969K [0x00000000d5580000, 0x00000000d6200000, 0x0000000100000000)
  eden space 3584K, 100% used [0x00000000d5580000,0x00000000d5900000,0x00000000d5900000)
  from space 4608K, 73% used [0x00000000d5900000,0x00000000d5c4e608,0x00000000d5d80000)
  to   space 4096K, 0% used [0x00000000d5e00000,0x00000000d5e00000,0x00000000d6200000)
 ParOldGen       total 120320K, used 95686K [0x0000000080000000, 0x0000000087580000, 0x00000000d5580000)
  object space 120320K, 79% used [0x0000000080000000,0x0000000085d71b28,0x0000000087580000)
 Metaspace       used 75476K, committed 77184K, reserved 1179648K
  class space    used 7744K, committed 8448K, reserved 1048576K
}
Event: 572.698 GC heap after
{Heap after GC invocations=360 (full 4):
 PSYoungGen      total 8704K, used 3679K [0x00000000d5580000, 0x00000000d6200000, 0x0000000100000000)
  eden space 4608K, 0% used [0x00000000d5580000,0x00000000d5580000,0x00000000d5a00000)
  from space 4096K, 89% used [0x00000000d5e00000,0x00000000d6197ce8,0x00000000d6200000)
  to   space 4096K, 0% used [0x00000000d5a00000,0x00000000d5a00000,0x00000000d5e00000)
 ParOldGen       total 120320K, used 98606K [0x0000000080000000, 0x0000000087580000, 0x00000000d5580000)
  object space 120320K, 81% used [0x0000000080000000,0x000000008604bbd8,0x0000000087580000)
 Metaspace       used 75476K, committed 77184K, reserved 1179648K
  class space    used 7744K, committed 8448K, reserved 1048576K
}
Event: 573.254 GC heap before
{Heap before GC invocations=361 (full 4):
 PSYoungGen      total 8704K, used 8287K [0x00000000d5580000, 0x00000000d6200000, 0x0000000100000000)
  eden space 4608K, 100% used [0x00000000d5580000,0x00000000d5a00000,0x00000000d5a00000)
  from space 4096K, 89% used [0x00000000d5e00000,0x00000000d6197ce8,0x00000000d6200000)
  to   space 4096K, 0% used [0x00000000d5a00000,0x00000000d5a00000,0x00000000d5e00000)
 ParOldGen       total 132096K, used 129327K [0x0000000080000000, 0x0000000088100000, 0x00000000d5580000)
  object space 132096K, 97% used [0x0000000080000000,0x0000000087e4bc08,0x0000000088100000)
 Metaspace       used 75483K, committed 77184K, reserved 1179648K
  class space    used 7744K, committed 8448K, reserved 1048576K
}
Event: 573.261 GC heap after
{Heap after GC invocations=361 (full 4):
 PSYoungGen      total 5632K, used 864K [0x00000000d5580000, 0x00000000d5e80000, 0x0000000100000000)
  eden space 4608K, 0% used [0x00000000d5580000,0x00000000d5580000,0x00000000d5a00000)
  from space 1024K, 84% used [0x00000000d5a00000,0x00000000d5ad8000,0x00000000d5b00000)
  to   space 2048K, 0% used [0x00000000d5c80000,0x00000000d5c80000,0x00000000d5e80000)
 ParOldGen       total 132096K, used 131439K [0x0000000080000000, 0x0000000088100000, 0x00000000d5580000)
  object space 132096K, 99% used [0x0000000080000000,0x000000008805bc08,0x0000000088100000)
 Metaspace       used 75483K, committed 77184K, reserved 1179648K
  class space    used 7744K, committed 8448K, reserved 1048576K
}
Event: 583.434 GC heap before
{Heap before GC invocations=362 (full 4):
 PSYoungGen      total 5632K, used 5472K [0x00000000d5580000, 0x00000000d5e80000, 0x0000000100000000)
  eden space 4608K, 100% used [0x00000000d5580000,0x00000000d5a00000,0x00000000d5a00000)
  from space 1024K, 84% used [0x00000000d5a00000,0x00000000d5ad8000,0x00000000d5b00000)
  to   space 2048K, 0% used [0x00000000d5c80000,0x00000000d5c80000,0x00000000d5e80000)
 ParOldGen       total 132096K, used 131439K [0x0000000080000000, 0x0000000088100000, 0x00000000d5580000)
  object space 132096K, 99% used [0x0000000080000000,0x000000008805bc08,0x0000000088100000)
 Metaspace       used 75489K, committed 77184K, reserved 1179648K
  class space    used 7744K, committed 8448K, reserved 1048576K
}
Event: 583.437 GC heap after
{Heap after GC invocations=362 (full 4):
 PSYoungGen      total 5632K, used 548K [0x00000000d5580000, 0x00000000d5d80000, 0x0000000100000000)
  eden space 4608K, 0% used [0x00000000d5580000,0x00000000d5580000,0x00000000d5a00000)
  from space 1024K, 53% used [0x00000000d5c80000,0x00000000d5d09210,0x00000000d5d80000)
  to   space 1024K, 0% used [0x00000000d5a00000,0x00000000d5a00000,0x00000000d5b00000)
 ParOldGen       total 132096K, used 132035K [0x0000000080000000, 0x0000000088100000, 0x00000000d5580000)
  object space 132096K, 99% used [0x0000000080000000,0x00000000880f0e10,0x0000000088100000)
 Metaspace       used 75489K, committed 77184K, reserved 1179648K
  class space    used 7744K, committed 8448K, reserved 1048576K
}
Event: 583.460 GC heap before
{Heap before GC invocations=363 (full 4):
 PSYoungGen      total 5632K, used 5156K [0x00000000d5580000, 0x00000000d5d80000, 0x0000000100000000)
  eden space 4608K, 100% used [0x00000000d5580000,0x00000000d5a00000,0x00000000d5a00000)
  from space 1024K, 53% used [0x00000000d5c80000,0x00000000d5d09210,0x00000000d5d80000)
  to   space 1024K, 0% used [0x00000000d5a00000,0x00000000d5a00000,0x00000000d5b00000)
 ParOldGen       total 132096K, used 132035K [0x0000000080000000, 0x0000000088100000, 0x00000000d5580000)
  object space 132096K, 99% used [0x0000000080000000,0x00000000880f0e10,0x0000000088100000)
 Metaspace       used 75497K, committed 77184K, reserved 1179648K
  class space    used 7746K, committed 8448K, reserved 1048576K
}
Event: 583.461 GC heap after
{Heap after GC invocations=363 (full 4):
 PSYoungGen      total 5632K, used 608K [0x00000000d5580000, 0x00000000d5d00000, 0x0000000100000000)
  eden space 4608K, 0% used [0x00000000d5580000,0x00000000d5580000,0x00000000d5a00000)
  from space 1024K, 59% used [0x00000000d5a00000,0x00000000d5a98000,0x00000000d5b00000)
  to   space 1024K, 0% used [0x00000000d5c00000,0x00000000d5c00000,0x00000000d5d00000)
 ParOldGen       total 132608K, used 132424K [0x0000000080000000, 0x0000000088180000, 0x00000000d5580000)
  object space 132608K, 99% used [0x0000000080000000,0x0000000088152020,0x0000000088180000)
 Metaspace       used 75497K, committed 77184K, reserved 1179648K
  class space    used 7746K, committed 8448K, reserved 1048576K
}
Event: 600.662 GC heap before
{Heap before GC invocations=364 (full 4):
 PSYoungGen      total 5632K, used 5216K [0x00000000d5580000, 0x00000000d5d00000, 0x0000000100000000)
  eden space 4608K, 100% used [0x00000000d5580000,0x00000000d5a00000,0x00000000d5a00000)
  from space 1024K, 59% used [0x00000000d5a00000,0x00000000d5a98000,0x00000000d5b00000)
  to   space 1024K, 0% used [0x00000000d5c00000,0x00000000d5c00000,0x00000000d5d00000)
 ParOldGen       total 132608K, used 132424K [0x0000000080000000, 0x0000000088180000, 0x00000000d5580000)
  object space 132608K, 99% used [0x0000000080000000,0x0000000088152020,0x0000000088180000)
 Metaspace       used 75507K, committed 77184K, reserved 1179648K
  class space    used 7746K, committed 8448K, reserved 1048576K
}
Event: 600.664 GC heap after
{Heap after GC invocations=364 (full 4):
 PSYoungGen      total 5632K, used 762K [0x00000000d5580000, 0x00000000d5d00000, 0x0000000100000000)
  eden space 4608K, 0% used [0x00000000d5580000,0x00000000d5580000,0x00000000d5a00000)
  from space 1024K, 74% used [0x00000000d5c00000,0x00000000d5cbe900,0x00000000d5d00000)
  to   space 1024K, 0% used [0x00000000d5a00000,0x00000000d5a00000,0x00000000d5b00000)
 ParOldGen       total 133120K, used 132892K [0x0000000080000000, 0x0000000088200000, 0x00000000d5580000)
  object space 133120K, 99% used [0x0000000080000000,0x00000000881c7090,0x0000000088200000)
 Metaspace       used 75507K, committed 77184K, reserved 1179648K
  class space    used 7746K, committed 8448K, reserved 1048576K
}
Event: 600.759 GC heap before
{Heap before GC invocations=365 (full 4):
 PSYoungGen      total 5632K, used 5370K [0x00000000d5580000, 0x00000000d5d00000, 0x0000000100000000)
  eden space 4608K, 100% used [0x00000000d5580000,0x00000000d5a00000,0x00000000d5a00000)
  from space 1024K, 74% used [0x00000000d5c00000,0x00000000d5cbe900,0x00000000d5d00000)
  to   space 1024K, 0% used [0x00000000d5a00000,0x00000000d5a00000,0x00000000d5b00000)
 ParOldGen       total 133120K, used 132892K [0x0000000080000000, 0x0000000088200000, 0x00000000d5580000)
  object space 133120K, 99% used [0x0000000080000000,0x00000000881c7090,0x0000000088200000)
 Metaspace       used 75597K, committed 77312K, reserved 1179648K
  class space    used 7747K, committed 8448K, reserved 1048576K
}
Event: 600.760 GC heap after
{Heap after GC invocations=365 (full 4):
 PSYoungGen      total 5632K, used 640K [0x00000000d5580000, 0x00000000d5c80000, 0x0000000100000000)
  eden space 4608K, 0% used [0x00000000d5580000,0x00000000d5580000,0x00000000d5a00000)
  from space 1024K, 62% used [0x00000000d5a00000,0x00000000d5aa0000,0x00000000d5b00000)
  to   space 1024K, 0% used [0x00000000d5b80000,0x00000000d5b80000,0x00000000d5c80000)
 ParOldGen       total 133632K, used 133491K [0x0000000080000000, 0x0000000088280000, 0x00000000d5580000)
  object space 133632K, 99% used [0x0000000080000000,0x000000008825cc90,0x0000000088280000)
 Metaspace       used 75597K, committed 77312K, reserved 1179648K
  class space    used 7747K, committed 8448K, reserved 1048576K
}
Event: 601.595 GC heap before
{Heap before GC invocations=366 (full 4):
 PSYoungGen      total 5632K, used 5248K [0x00000000d5580000, 0x00000000d5c80000, 0x0000000100000000)
  eden space 4608K, 100% used [0x00000000d5580000,0x00000000d5a00000,0x00000000d5a00000)
  from space 1024K, 62% used [0x00000000d5a00000,0x00000000d5aa0000,0x00000000d5b00000)
  to   space 1024K, 0% used [0x00000000d5b80000,0x00000000d5b80000,0x00000000d5c80000)
 ParOldGen       total 133632K, used 133491K [0x0000000080000000, 0x0000000088280000, 0x00000000d5580000)
  object space 133632K, 99% used [0x0000000080000000,0x000000008825cc90,0x0000000088280000)
 Metaspace       used 75649K, committed 77376K, reserved 1179648K
  class space    used 7747K, committed 8448K, reserved 1048576K
}
Event: 601.596 GC heap after
{Heap after GC invocations=366 (full 4):
 PSYoungGen      total 5120K, used 448K [0x00000000d5580000, 0x00000000d5c00000, 0x0000000100000000)
  eden space 4608K, 0% used [0x00000000d5580000,0x00000000d5580000,0x00000000d5a00000)
  from space 512K, 87% used [0x00000000d5b80000,0x00000000d5bf0000,0x00000000d5c00000)
  to   space 1024K, 0% used [0x00000000d5a00000,0x00000000d5a00000,0x00000000d5b00000)
 ParOldGen       total 134144K, used 134005K [0x0000000080000000, 0x0000000088300000, 0x00000000d5580000)
  object space 134144K, 99% used [0x0000000080000000,0x00000000882dd420,0x0000000088300000)
 Metaspace       used 75649K, committed 77376K, reserved 1179648K
  class space    used 7747K, committed 8448K, reserved 1048576K
}
Event: 601.922 GC heap before
{Heap before GC invocations=367 (full 4):
 PSYoungGen      total 5120K, used 5056K [0x00000000d5580000, 0x00000000d5c00000, 0x0000000100000000)
  eden space 4608K, 100% used [0x00000000d5580000,0x00000000d5a00000,0x00000000d5a00000)
  from space 512K, 87% used [0x00000000d5b80000,0x00000000d5bf0000,0x00000000d5c00000)
  to   space 1024K, 0% used [0x00000000d5a00000,0x00000000d5a00000,0x00000000d5b00000)
 ParOldGen       total 134144K, used 134005K [0x0000000080000000, 0x0000000088300000, 0x00000000d5580000)
  object space 134144K, 99% used [0x0000000080000000,0x00000000882dd420,0x0000000088300000)
 Metaspace       used 75649K, committed 77376K, reserved 1179648K
  class space    used 7747K, committed 8448K, reserved 1048576K
}
Event: 601.925 GC heap after
{Heap after GC invocations=367 (full 4):
 PSYoungGen      total 5632K, used 852K [0x00000000d5580000, 0x00000000d5c00000, 0x0000000100000000)
  eden space 4608K, 0% used [0x00000000d5580000,0x00000000d5580000,0x00000000d5a00000)
  from space 1024K, 83% used [0x00000000d5a00000,0x00000000d5ad5200,0x00000000d5b00000)
  to   space 1024K, 0% used [0x00000000d5b00000,0x00000000d5b00000,0x00000000d5c00000)
 ParOldGen       total 134656K, used 134291K [0x0000000080000000, 0x0000000088380000, 0x00000000d5580000)
  object space 134656K, 99% used [0x0000000080000000,0x0000000088324e00,0x0000000088380000)
 Metaspace       used 75649K, committed 77376K, reserved 1179648K
  class space    used 7747K, committed 8448K, reserved 1048576K
}
Event: 601.944 GC heap before
{Heap before GC invocations=368 (full 4):
 PSYoungGen      total 5632K, used 5460K [0x00000000d5580000, 0x00000000d5c00000, 0x0000000100000000)
  eden space 4608K, 100% used [0x00000000d5580000,0x00000000d5a00000,0x00000000d5a00000)
  from space 1024K, 83% used [0x00000000d5a00000,0x00000000d5ad5200,0x00000000d5b00000)
  to   space 1024K, 0% used [0x00000000d5b00000,0x00000000d5b00000,0x00000000d5c00000)
 ParOldGen       total 134656K, used 134291K [0x0000000080000000, 0x0000000088380000, 0x00000000d5580000)
  object space 134656K, 99% used [0x0000000080000000,0x0000000088324e00,0x0000000088380000)
 Metaspace       used 75656K, committed 77376K, reserved 1179648K
  class space    used 7747K, committed 8448K, reserved 1048576K
}
Event: 601.946 GC heap after
{Heap after GC invocations=368 (full 4):
 PSYoungGen      total 5632K, used 640K [0x00000000d5580000, 0x00000000d5c00000, 0x0000000100000000)
  eden space 4608K, 0% used [0x00000000d5580000,0x00000000d5580000,0x00000000d5a00000)
  from space 1024K, 62% used [0x00000000d5b00000,0x00000000d5ba0000,0x00000000d5c00000)
  to   space 1024K, 0% used [0x00000000d5a00000,0x00000000d5a00000,0x00000000d5b00000)
 ParOldGen       total 134656K, used 134387K [0x0000000080000000, 0x0000000088380000, 0x00000000d5580000)
  object space 134656K, 99% used [0x0000000080000000,0x000000008833ce00,0x0000000088380000)
 Metaspace       used 75656K, committed 77376K, reserved 1179648K
  class space    used 7747K, committed 8448K, reserved 1048576K
}
Event: 602.314 GC heap before
{Heap before GC invocations=369 (full 4):
 PSYoungGen      total 5632K, used 5248K [0x00000000d5580000, 0x00000000d5c00000, 0x0000000100000000)
  eden space 4608K, 100% used [0x00000000d5580000,0x00000000d5a00000,0x00000000d5a00000)
  from space 1024K, 62% used [0x00000000d5b00000,0x00000000d5ba0000,0x00000000d5c00000)
  to   space 1024K, 0% used [0x00000000d5a00000,0x00000000d5a00000,0x00000000d5b00000)
 ParOldGen       total 134656K, used 134387K [0x0000000080000000, 0x0000000088380000, 0x00000000d5580000)
  object space 134656K, 99% used [0x0000000080000000,0x000000008833ce00,0x0000000088380000)
 Metaspace       used 75665K, committed 77376K, reserved 1179648K
  class space    used 7747K, committed 8448K, reserved 1048576K
}
Event: 602.317 GC heap after
{Heap after GC invocations=369 (full 4):
 PSYoungGen      total 5632K, used 448K [0x00000000d5580000, 0x00000000d5c00000, 0x0000000100000000)
  eden space 4608K, 0% used [0x00000000d5580000,0x00000000d5580000,0x00000000d5a00000)
  from space 1024K, 43% used [0x00000000d5a00000,0x00000000d5a70000,0x00000000d5b00000)
  to   space 1024K, 0% used [0x00000000d5b00000,0x00000000d5b00000,0x00000000d5c00000)
 ParOldGen       total 134656K, used 134395K [0x0000000080000000, 0x0000000088380000, 0x00000000d5580000)
  object space 134656K, 99% used [0x0000000080000000,0x000000008833ee00,0x0000000088380000)
 Metaspace       used 75665K, committed 77376K, reserved 1179648K
  class space    used 7747K, committed 8448K, reserved 1048576K
}

Dll operation events (10 events):
Event: 0.022 Loaded shared library c:\Users\ASUS\.antigravity\extensions\redhat.java-1.53.0-win32-x64\jre\21.0.10-win32-x86_64\bin\java.dll
Event: 0.138 Loaded shared library c:\Users\ASUS\.antigravity\extensions\redhat.java-1.53.0-win32-x64\jre\21.0.10-win32-x86_64\bin\zip.dll
Event: 0.172 Loaded shared library C:\Users\ASUS\.antigravity\extensions\redhat.java-1.53.0-win32-x64\jre\21.0.10-win32-x86_64\bin\instrument.dll
Event: 0.254 Loaded shared library C:\Users\ASUS\.antigravity\extensions\redhat.java-1.53.0-win32-x64\jre\21.0.10-win32-x86_64\bin\net.dll
Event: 0.340 Loaded shared library C:\Users\ASUS\.antigravity\extensions\redhat.java-1.53.0-win32-x64\jre\21.0.10-win32-x86_64\bin\nio.dll
Event: 0.347 Loaded shared library C:\Users\ASUS\.antigravity\extensions\redhat.java-1.53.0-win32-x64\jre\21.0.10-win32-x86_64\bin\zip.dll
Event: 0.377 Loaded shared library C:\Users\ASUS\.antigravity\extensions\redhat.java-1.53.0-win32-x64\jre\21.0.10-win32-x86_64\bin\jimage.dll
Event: 0.581 Loaded shared library c:\Users\ASUS\.antigravity\extensions\redhat.java-1.53.0-win32-x64\jre\21.0.10-win32-x86_64\bin\verify.dll
Event: 15.040 Loaded shared library C:\Users\ASUS\AppData\Roaming\Antigravity\User\globalStorage\redhat.java\1.53.0\config_win\org.eclipse.equinox.launcher\org.eclipse.equinox.launcher.win32.win32.x86_64_1.3.0.v20260203-2149\eclipse_11919.dll
Event: 31.512 Loaded shared library C:\Users\ASUS\AppData\Local\Temp\jna-2018896\jna9542381786765933547.dll

Deoptimization events (20 events):
Event: 572.778 Thread 0x000001c9fa185ca0 Uncommon trap: trap_request=0xffffff45 fr.pc=0x000001c9e37c9bb8 relative=0x0000000000001478
Event: 572.779 Thread 0x000001c9fa185ca0 Uncommon trap: reason=unstable_if action=reinterpret pc=0x000001c9e37c9bb8 method=java.util.TimSort.sort([Ljava/lang/Object;IILjava/util/Comparator;[Ljava/lang/Object;II)V @ 114 c2
Event: 572.779 Thread 0x000001c9fa185ca0 DEOPT PACKING pc=0x000001c9e37c9bb8 sp=0x00000047794fd570
Event: 572.779 Thread 0x000001c9fa185ca0 DEOPT UNPACKING pc=0x000001c9e24e3aa2 sp=0x00000047794fd518 mode 2
Event: 583.419 Thread 0x000001c9f9844b00 DEOPT PACKING pc=0x000001c9dd5e73da sp=0x000000477b2fddf0
Event: 583.419 Thread 0x000001c9f9844b00 DEOPT UNPACKING pc=0x000001c9e24e4242 sp=0x000000477b2fd368 mode 0
Event: 583.473 Thread 0x000001c9f9844b00 DEOPT PACKING pc=0x000001c9dd384633 sp=0x000000477b2fded0
Event: 583.473 Thread 0x000001c9f9844b00 DEOPT UNPACKING pc=0x000001c9e24e4242 sp=0x000000477b2fd348 mode 0
Event: 600.634 Thread 0x000001c9f9844b00 DEOPT PACKING pc=0x000001c9dd5e73da sp=0x000000477b2fda00
Event: 600.634 Thread 0x000001c9f9844b00 DEOPT UNPACKING pc=0x000001c9e24e4242 sp=0x000000477b2fcf78 mode 0
Event: 600.710 Thread 0x000001c9f9844b00 Uncommon trap: trap_request=0xffffff45 fr.pc=0x000001c9e3873e28 relative=0x0000000000000348
Event: 600.710 Thread 0x000001c9f9844b00 Uncommon trap: reason=unstable_if action=reinterpret pc=0x000001c9e3873e28 method=org.eclipse.jdt.internal.compiler.parser.Scanner.getNextToken0()Lorg/eclipse/jdt/internal/compiler/parser/TerminalToken; @ 258 c2
Event: 600.710 Thread 0x000001c9f9844b00 DEOPT PACKING pc=0x000001c9e3873e28 sp=0x000000477b2fda90
Event: 600.710 Thread 0x000001c9f9844b00 DEOPT UNPACKING pc=0x000001c9e24e3aa2 sp=0x000000477b2fd9d8 mode 2
Event: 601.463 Thread 0x000001c9f98423a0 Uncommon trap: trap_request=0xffffff45 fr.pc=0x000001c9e349bef8 relative=0x0000000000000138
Event: 601.463 Thread 0x000001c9f98423a0 Uncommon trap: reason=unstable_if action=reinterpret pc=0x000001c9e349bef8 method=org.eclipse.jdt.internal.compiler.parser.Scanner.addTokenToLookBack(Lorg/eclipse/jdt/internal/compiler/parser/TerminalToken;)V @ 8 c2
Event: 601.463 Thread 0x000001c9f98423a0 DEOPT PACKING pc=0x000001c9e349bef8 sp=0x000000477b1fefb0
Event: 601.464 Thread 0x000001c9f98423a0 DEOPT UNPACKING pc=0x000001c9e24e3aa2 sp=0x000000477b1fef50 mode 2
Event: 601.936 Thread 0x000001c9fa185ca0 DEOPT PACKING pc=0x000001c9dd5e73da sp=0x00000047794fe550
Event: 601.936 Thread 0x000001c9fa185ca0 DEOPT UNPACKING pc=0x000001c9e24e4242 sp=0x00000047794fdac8 mode 0

Classes loaded (20 events):
Event: 507.669 Loading class java/util/regex/Pattern$Bound
Event: 507.670 Loading class java/util/regex/Pattern$Bound done
Event: 518.038 Loading class jdk/internal/module/IllegalAccessLogger
Event: 518.039 Loading class jdk/internal/module/IllegalAccessLogger done
Event: 519.224 Loading class java/util/regex/Pattern$Behind
Event: 519.225 Loading class java/util/regex/Pattern$Behind done
Event: 519.227 Loading class java/util/regex/Pattern$Neg
Event: 519.228 Loading class java/util/regex/Pattern$Neg done
Event: 531.277 Loading class jdk/internal/module/IllegalAccessLogger
Event: 531.277 Loading class jdk/internal/module/IllegalAccessLogger done
Event: 538.213 Loading class jdk/internal/module/IllegalAccessLogger
Event: 538.213 Loading class jdk/internal/module/IllegalAccessLogger done
Event: 554.146 Loading class jdk/internal/module/IllegalAccessLogger
Event: 554.148 Loading class jdk/internal/module/IllegalAccessLogger done
Event: 555.784 Loading class jdk/internal/module/IllegalAccessLogger
Event: 555.784 Loading class jdk/internal/module/IllegalAccessLogger done
Event: 562.578 Loading class jdk/internal/module/IllegalAccessLogger
Event: 562.578 Loading class jdk/internal/module/IllegalAccessLogger done
Event: 572.811 Loading class jdk/internal/module/IllegalAccessLogger
Event: 572.815 Loading class jdk/internal/module/IllegalAccessLogger done

Classes unloaded (12 events):
Event: 32.312 Thread 0x000001c9ee8d28b0 Unloading class 0x000001c9811a4800 'java/lang/invoke/LambdaForm$MH+0x000001c9811a4800'
Event: 32.312 Thread 0x000001c9ee8d28b0 Unloading class 0x000001c9811a4400 'java/lang/invoke/LambdaForm$MH+0x000001c9811a4400'
Event: 32.312 Thread 0x000001c9ee8d28b0 Unloading class 0x000001c9811a4000 'java/lang/invoke/LambdaForm$MH+0x000001c9811a4000'
Event: 32.312 Thread 0x000001c9ee8d28b0 Unloading class 0x000001c9811a3c00 'java/lang/invoke/LambdaForm$MH+0x000001c9811a3c00'
Event: 32.312 Thread 0x000001c9ee8d28b0 Unloading class 0x000001c9811a3800 'java/lang/invoke/LambdaForm$BMH+0x000001c9811a3800'
Event: 32.312 Thread 0x000001c9ee8d28b0 Unloading class 0x000001c9811a3400 'java/lang/invoke/LambdaForm$DMH+0x000001c9811a3400'
Event: 32.312 Thread 0x000001c9ee8d28b0 Unloading class 0x000001c9811a2000 'java/lang/invoke/LambdaForm$DMH+0x000001c9811a2000'
Event: 570.636 Thread 0x000001c9ee8d28b0 Unloading class 0x000001c9817b0400 'java/lang/invoke/LambdaForm$DMH+0x000001c9817b0400'
Event: 570.637 Thread 0x000001c9ee8d28b0 Unloading class 0x000001c9816d9400 'java/lang/invoke/LambdaForm$DMH+0x000001c9816d9400'
Event: 570.637 Thread 0x000001c9ee8d28b0 Unloading class 0x000001c9816e0400 'java/lang/invoke/LambdaForm$DMH+0x000001c9816e0400'
Event: 570.637 Thread 0x000001c9ee8d28b0 Unloading class 0x000001c9816e0000 'java/lang/invoke/LambdaForm$DMH+0x000001c9816e0000'
Event: 570.637 Thread 0x000001c9ee8d28b0 Unloading class 0x000001c9816d9c00 'java/lang/invoke/LambdaForm$DMH+0x000001c9816d9c00'

Classes redefined (0 events):
No events

Internal exceptions (20 events):
Event: 470.391 Thread 0x000001c9f64d0230 Implicit null exception at 0x000001c9e33ddbcc to 0x000001c9e33e49ac
Event: 471.115 Thread 0x000001c9f64d0230 Exception <a 'sun/nio/fs/WindowsException'{0x00000000d55b09b0}> (0x00000000d55b09b0) 
thrown [s\src\hotspot\share\prims\jni.cpp, line 520]
Event: 476.995 Thread 0x000001c9f64d0230 Exception <a 'sun/nio/fs/WindowsException'{0x00000000d55d9cd8}> (0x00000000d55d9cd8) 
thrown [s\src\hotspot\share\prims\jni.cpp, line 520]
Event: 477.636 Thread 0x000001c9f64d0230 Exception <a 'sun/nio/fs/WindowsException'{0x00000000d5584b18}> (0x00000000d5584b18) 
thrown [s\src\hotspot\share\prims\jni.cpp, line 520]
Event: 507.619 Thread 0x000001c9f9845820 Exception <a 'java/lang/NoSuchMethodError'{0x00000000d5626d90}: 'int java.lang.invoke.DirectMethodHandle$Holder.invokeStaticInit(java.lang.Object, int)'> (0x00000000d5626d90) 
thrown [s\src\hotspot\share\interpreter\linkResolver.cpp, line 773]
Event: 517.853 Thread 0x000001c9f64d0230 Exception <a 'sun/nio/fs/WindowsException'{0x00000000d55b6ef0}> (0x00000000d55b6ef0) 
thrown [s\src\hotspot\share\prims\jni.cpp, line 520]
Event: 518.344 Thread 0x000001c9f64d0230 Exception <a 'sun/nio/fs/WindowsException'{0x00000000d56ea740}> (0x00000000d56ea740) 
thrown [s\src\hotspot\share\prims\jni.cpp, line 520]
Event: 518.384 Thread 0x000001c9f9845820 Implicit null exception at 0x000001c9e369a362 to 0x000001c9e369af08
Event: 519.106 Thread 0x000001c9f98423a0 Exception <a 'java/lang/NoSuchMethodError'{0x00000000d57e3ee0}: 'int java.lang.invoke.DirectMethodHandle$Holder.invokeVirtual(java.lang.Object, java.lang.Object, java.lang.Object, int)'> (0x00000000d57e3ee0) 
thrown [s\src\hotspot\share\interpreter\linkResolver.cpp, line 773]
Event: 519.121 Thread 0x000001c9f98423a0 Exception <a 'java/lang/NoSuchMethodError'{0x00000000d5809d60}: 'void java.lang.invoke.DirectMethodHandle$Holder.invokeSpecial(java.lang.Object, java.lang.Object, int)'> (0x00000000d5809d60) 
thrown [s\src\hotspot\share\interpreter\linkResolver.cpp, line 773]
Event: 530.932 Thread 0x000001c9f64d0230 Exception <a 'sun/nio/fs/WindowsException'{0x00000000d57ab5e8}> (0x00000000d57ab5e8) 
thrown [s\src\hotspot\share\prims\jni.cpp, line 520]
Event: 531.349 Thread 0x000001c9f64d0230 Exception <a 'sun/nio/fs/WindowsException'{0x00000000d55fd268}> (0x00000000d55fd268) 
thrown [s\src\hotspot\share\prims\jni.cpp, line 520]
Event: 538.002 Thread 0x000001c9f64d0230 Exception <a 'sun/nio/fs/WindowsException'{0x00000000d55f7f08}> (0x00000000d55f7f08) 
thrown [s\src\hotspot\share\prims\jni.cpp, line 520]
Event: 538.605 Thread 0x000001c9f64d0230 Exception <a 'sun/nio/fs/WindowsException'{0x00000000d56759e8}> (0x00000000d56759e8) 
thrown [s\src\hotspot\share\prims\jni.cpp, line 520]
Event: 553.883 Thread 0x000001c9f64d0230 Exception <a 'sun/nio/fs/WindowsException'{0x00000000d55c37c8}> (0x00000000d55c37c8) 
thrown [s\src\hotspot\share\prims\jni.cpp, line 520]
Event: 555.073 Thread 0x000001c9f64d0230 Exception <a 'sun/nio/fs/WindowsException'{0x00000000d5630ac8}> (0x00000000d5630ac8) 
thrown [s\src\hotspot\share\prims\jni.cpp, line 520]
Event: 562.365 Thread 0x000001c9f64d0230 Exception <a 'sun/nio/fs/WindowsException'{0x00000000d57953c0}> (0x00000000d57953c0) 
thrown [s\src\hotspot\share\prims\jni.cpp, line 520]
Event: 563.341 Thread 0x000001c9f64d0230 Exception <a 'sun/nio/fs/WindowsException'{0x00000000d5602eb0}> (0x00000000d5602eb0) 
thrown [s\src\hotspot\share\prims\jni.cpp, line 520]
Event: 566.429 Thread 0x000001c9f64d0230 Exception <a 'sun/nio/fs/WindowsException'{0x00000000d5625220}> (0x00000000d5625220) 
thrown [s\src\hotspot\share\prims\jni.cpp, line 520]
Event: 572.964 Thread 0x000001c9f64d0230 Exception <a 'sun/nio/fs/WindowsException'{0x00000000d55a8e10}> (0x00000000d55a8e10) 
thrown [s\src\hotspot\share\prims\jni.cpp, line 520]

ZGC Phase Switch (0 events):
No events

VM Operations (20 events):
Event: 584.474 Executing safepoint VM operation: Cleanup
Event: 584.474 Executing safepoint VM operation: Cleanup done
Event: 600.639 Executing safepoint VM operation: Cleanup
Event: 600.639 Executing safepoint VM operation: Cleanup done
Event: 600.661 Executing safepoint VM operation: ParallelGCFailedAllocation (Allocation Failure)
Event: 600.664 Executing safepoint VM operation: ParallelGCFailedAllocation (Allocation Failure) done
Event: 600.759 Executing safepoint VM operation: ParallelGCFailedAllocation (Allocation Failure)
Event: 600.760 Executing safepoint VM operation: ParallelGCFailedAllocation (Allocation Failure) done
Event: 601.298 Executing non-safepoint VM operation: HandshakeAllThreads (HandshakeForDeflation)
Event: 601.298 Executing non-safepoint VM operation: HandshakeAllThreads (HandshakeForDeflation) done
Event: 601.298 Executing non-safepoint VM operation: RendezvousGCThreads
Event: 601.298 Executing non-safepoint VM operation: RendezvousGCThreads done
Event: 601.595 Executing safepoint VM operation: ParallelGCFailedAllocation (Allocation Failure)
Event: 601.596 Executing safepoint VM operation: ParallelGCFailedAllocation (Allocation Failure) done
Event: 601.922 Executing safepoint VM operation: ParallelGCFailedAllocation (Allocation Failure)
Event: 601.925 Executing safepoint VM operation: ParallelGCFailedAllocation (Allocation Failure) done
Event: 601.944 Executing safepoint VM operation: ParallelGCFailedAllocation (Allocation Failure)
Event: 601.946 Executing safepoint VM operation: ParallelGCFailedAllocation (Allocation Failure) done
Event: 602.314 Executing safepoint VM operation: ParallelGCFailedAllocation (Allocation Failure)
Event: 602.317 Executing safepoint VM operation: ParallelGCFailedAllocation (Allocation Failure) done

Memory protections (0 events):
No events

Nmethod flushes (20 events):
Event: 571.508 Thread 0x000001c9ee8d28b0 flushing  nmethod 0x000001c9dc24e190
Event: 571.508 Thread 0x000001c9ee8d28b0 flushing  nmethod 0x000001c9dc267d90
Event: 571.508 Thread 0x000001c9ee8d28b0 flushing  nmethod 0x000001c9dc26c390
Event: 571.508 Thread 0x000001c9ee8d28b0 flushing  nmethod 0x000001c9dc26f710
Event: 571.508 Thread 0x000001c9ee8d28b0 flushing  nmethod 0x000001c9dc275490
Event: 571.508 Thread 0x000001c9ee8d28b0 flushing  nmethod 0x000001c9dc279590
Event: 571.508 Thread 0x000001c9ee8d28b0 flushing  nmethod 0x000001c9dc28a190
Event: 571.508 Thread 0x000001c9ee8d28b0 flushing  nmethod 0x000001c9dc28c010
Event: 571.508 Thread 0x000001c9ee8d28b0 flushing  nmethod 0x000001c9dc28fe10
Event: 571.508 Thread 0x000001c9ee8d28b0 flushing  nmethod 0x000001c9dc291410
Event: 571.508 Thread 0x000001c9ee8d28b0 flushing  nmethod 0x000001c9dc291910
Event: 571.508 Thread 0x000001c9ee8d28b0 flushing  nmethod 0x000001c9dc292510
Event: 571.509 Thread 0x000001c9ee8d28b0 flushing  nmethod 0x000001c9dc296a90
Event: 571.509 Thread 0x000001c9ee8d28b0 flushing  nmethod 0x000001c9dc298210
Event: 571.509 Thread 0x000001c9ee8d28b0 flushing  nmethod 0x000001c9dc29b890
Event: 571.509 Thread 0x000001c9ee8d28b0 flushing  nmethod 0x000001c9dc2b7290
Event: 571.509 Thread 0x000001c9ee8d28b0 flushing  nmethod 0x000001c9dc2c1e90
Event: 571.509 Thread 0x000001c9ee8d28b0 flushing  nmethod 0x000001c9dc2c6d10
Event: 571.509 Thread 0x000001c9ee8d28b0 flushing  nmethod 0x000001c9dc306d10
Event: 571.509 Thread 0x000001c9ee8d28b0 flushing  nmethod 0x000001c9dc332010

Events (20 events):
Event: 533.559 Thread 0x000001c9f9859740 Thread exited: 0x000001c9f9859740
Event: 533.609 Thread 0x000001c9efca8af0 Thread added: 0x000001c9f9b1aeb0
Event: 537.788 Thread 0x000001c9f9b1aeb0 Thread exited: 0x000001c9f9b1aeb0
Event: 538.142 Thread 0x000001c9f9847f80 Thread added: 0x000001c9f64d15e0
Event: 538.217 Thread 0x000001c9efca8af0 Thread added: 0x000001c9f694c250
Event: 538.992 Thread 0x000001c9efca8af0 Thread added: 0x000001c9f694c920
Event: 539.603 Thread 0x000001c9f694c920 Thread exited: 0x000001c9f694c920
Event: 539.603 Thread 0x000001c9f694c250 Thread exited: 0x000001c9f694c250
Event: 554.058 Thread 0x000001c9f9847f80 Thread added: 0x000001c9f64d3020
Event: 555.586 Thread 0x000001c9f9847f80 Thread added: 0x000001c9f9623790
Event: 555.588 Thread 0x000001c9f9847f80 Thread added: 0x000001c9fa1869c0
Event: 555.997 Thread 0x000001c9f64d0f50 Thread added: 0x000001c9fa185ca0
Event: 562.477 Thread 0x000001c9f9847f80 Thread added: 0x000001c9fa183bd0
Event: 562.623 Thread 0x000001c9f9847f80 Thread added: 0x000001c9fa184260
Event: 562.785 Thread 0x000001c9efca8af0 Thread added: 0x000001c9f7de2f20
Event: 563.617 Thread 0x000001c9f7de2f20 Thread exited: 0x000001c9f7de2f20
Event: 566.544 Thread 0x000001c9fa185ca0 Thread added: 0x000001c9fa187d70
Event: 600.715 Thread 0x000001c9efca8af0 Thread added: 0x000001c9f9859e10
Event: 600.778 Thread 0x000001c9efca8af0 Thread added: 0x000001c9f9859070
Event: 600.945 Thread 0x000001c9f9859e10 Thread exited: 0x000001c9f9859e10


Dynamic libraries:
0x00007ff6bcd60000 - 0x00007ff6bcd6e000 	c:\Users\ASUS\.antigravity\extensions\redhat.java-1.53.0-win32-x64\jre\21.0.10-win32-x86_64\bin\java.exe
0x00007fff14dc0000 - 0x00007fff15029000 	C:\WINDOWS\SYSTEM32\ntdll.dll
0x00007fff13800000 - 0x00007fff138c9000 	C:\WINDOWS\System32\KERNEL32.DLL
0x00007fff12390000 - 0x00007fff12783000 	C:\WINDOWS\System32\KERNELBASE.dll
0x00007fff12790000 - 0x00007fff128db000 	C:\WINDOWS\System32\ucrtbase.dll
0x00007ffe738d0000 - 0x00007ffe738ee000 	c:\Users\ASUS\.antigravity\extensions\redhat.java-1.53.0-win32-x64\jre\21.0.10-win32-x86_64\bin\VCRUNTIME140.dll
0x00007ffeea230000 - 0x00007ffeea248000 	c:\Users\ASUS\.antigravity\extensions\redhat.java-1.53.0-win32-x64\jre\21.0.10-win32-x86_64\bin\jli.dll
0x00007fff141e0000 - 0x00007fff143a4000 	C:\WINDOWS\System32\USER32.dll
0x00007fff12360000 - 0x00007fff12387000 	C:\WINDOWS\System32\win32u.dll
0x00007fff12cf0000 - 0x00007fff12d1b000 	C:\WINDOWS\System32\GDI32.dll
0x00007fff128e0000 - 0x00007fff12a0d000 	C:\WINDOWS\System32\gdi32full.dll
0x00007ffef7f50000 - 0x00007ffef81e3000 	C:\WINDOWS\WinSxS\amd64_microsoft.windows.common-controls_6595b64144ccf1df_6.0.26100.5074_none_3e0d6f78e32fd63f\COMCTL32.dll
0x00007fff12140000 - 0x00007fff121e3000 	C:\WINDOWS\System32\msvcp_win.dll
0x00007fff146b0000 - 0x00007fff14759000 	C:\WINDOWS\System32\msvcrt.dll
0x00007fff12d20000 - 0x00007fff12d4f000 	C:\WINDOWS\System32\IMM32.DLL
0x00007ffee8d90000 - 0x00007ffee8d9c000 	c:\Users\ASUS\.antigravity\extensions\redhat.java-1.53.0-win32-x64\jre\21.0.10-win32-x86_64\bin\vcruntime140_1.dll
0x00007ffe9cc80000 - 0x00007ffe9cd0d000 	c:\Users\ASUS\.antigravity\extensions\redhat.java-1.53.0-win32-x64\jre\21.0.10-win32-x86_64\bin\msvcp140.dll
0x00007ffe75180000 - 0x00007ffe75f21000 	c:\Users\ASUS\.antigravity\extensions\redhat.java-1.53.0-win32-x64\jre\21.0.10-win32-x86_64\bin\server\jvm.dll
0x00007fff14120000 - 0x00007fff141d4000 	C:\WINDOWS\System32\ADVAPI32.dll
0x00007fff14410000 - 0x00007fff144b6000 	C:\WINDOWS\System32\sechost.dll
0x00007fff12d60000 - 0x00007fff12e78000 	C:\WINDOWS\System32\RPCRT4.dll
0x00007fff136c0000 - 0x00007fff13734000 	C:\WINDOWS\System32\WS2_32.dll
0x00007fff0bc20000 - 0x00007fff0bc2b000 	C:\WINDOWS\SYSTEM32\VERSION.dll
0x00007fff05970000 - 0x00007fff059a5000 	C:\WINDOWS\SYSTEM32\WINMM.dll
0x00007fff11d80000 - 0x00007fff11dde000 	C:\WINDOWS\SYSTEM32\POWRPROF.dll
0x00007fff11d60000 - 0x00007fff11d74000 	C:\WINDOWS\SYSTEM32\UMPDC.dll
0x00007fff10cc0000 - 0x00007fff10cdb000 	C:\WINDOWS\SYSTEM32\kernel.appcore.dll
0x00007ffee8d80000 - 0x00007ffee8d8a000 	c:\Users\ASUS\.antigravity\extensions\redhat.java-1.53.0-win32-x64\jre\21.0.10-win32-x86_64\bin\jimage.dll
0x00007ffefe670000 - 0x00007ffefe8b2000 	C:\WINDOWS\SYSTEM32\DBGHELP.DLL
0x00007fff13340000 - 0x00007fff136bb000 	C:\WINDOWS\System32\combase.dll
0x00007fff13040000 - 0x00007fff13117000 	C:\WINDOWS\System32\OLEAUT32.dll
0x00007ffefb2a0000 - 0x00007ffefb2dd000 	C:\WINDOWS\SYSTEM32\dbgcore.DLL
0x00007fff120a0000 - 0x00007fff12139000 	C:\WINDOWS\System32\bcryptPrimitives.dll
0x00007ffee8d70000 - 0x00007ffee8d7f000 	c:\Users\ASUS\.antigravity\extensions\redhat.java-1.53.0-win32-x64\jre\21.0.10-win32-x86_64\bin\instrument.dll
0x00007ffee4640000 - 0x00007ffee4660000 	c:\Users\ASUS\.antigravity\extensions\redhat.java-1.53.0-win32-x64\jre\21.0.10-win32-x86_64\bin\java.dll
0x00007fff138d0000 - 0x00007fff1401d000 	C:\WINDOWS\System32\SHELL32.dll
0x00007fff121f0000 - 0x00007fff1235c000 	C:\WINDOWS\System32\wintypes.dll
0x00007fff0fb30000 - 0x00007fff10389000 	C:\WINDOWS\SYSTEM32\windows.storage.dll
0x00007fff12e80000 - 0x00007fff12f70000 	C:\WINDOWS\System32\SHCORE.dll
0x00007fff13130000 - 0x00007fff13192000 	C:\WINDOWS\System32\shlwapi.dll
0x00007fff11e40000 - 0x00007fff11e69000 	C:\WINDOWS\SYSTEM32\profapi.dll
0x00007ffedff40000 - 0x00007ffedff58000 	c:\Users\ASUS\.antigravity\extensions\redhat.java-1.53.0-win32-x64\jre\21.0.10-win32-x86_64\bin\zip.dll
0x00007ffee4670000 - 0x00007ffee4680000 	C:\Users\ASUS\.antigravity\extensions\redhat.java-1.53.0-win32-x64\jre\21.0.10-win32-x86_64\bin\net.dll
0x00007fff0c220000 - 0x00007fff0c33f000 	C:\WINDOWS\SYSTEM32\WINHTTP.dll
0x00007fff11220000 - 0x00007fff1128b000 	C:\WINDOWS\system32\mswsock.dll
0x00007ffee04a0000 - 0x00007ffee04b6000 	C:\Users\ASUS\.antigravity\extensions\redhat.java-1.53.0-win32-x64\jre\21.0.10-win32-x86_64\bin\nio.dll
0x00007ffee4660000 - 0x00007ffee4670000 	c:\Users\ASUS\.antigravity\extensions\redhat.java-1.53.0-win32-x64\jre\21.0.10-win32-x86_64\bin\verify.dll
0x00007ffe952b0000 - 0x00007ffe952f5000 	C:\Users\ASUS\AppData\Roaming\Antigravity\User\globalStorage\redhat.java\1.53.0\config_win\org.eclipse.equinox.launcher\org.eclipse.equinox.launcher.win32.win32.x86_64_1.3.0.v20260203-2149\eclipse_11919.dll
0x00007fff131a0000 - 0x00007fff13338000 	C:\WINDOWS\System32\ole32.dll
0x00007fff115f0000 - 0x00007fff1160b000 	C:\WINDOWS\SYSTEM32\CRYPTSP.dll
0x00007fff10c20000 - 0x00007fff10c5b000 	C:\WINDOWS\system32\rsaenh.dll
0x00007fff112c0000 - 0x00007fff112eb000 	C:\WINDOWS\SYSTEM32\USERENV.dll
0x00007fff11e10000 - 0x00007fff11e36000 	C:\WINDOWS\SYSTEM32\bcrypt.dll
0x00007fff11450000 - 0x00007fff1145c000 	C:\WINDOWS\SYSTEM32\CRYPTBASE.dll
0x00007fff10760000 - 0x00007fff10794000 	C:\WINDOWS\SYSTEM32\IPHLPAPI.DLL
0x00007fff13120000 - 0x00007fff1312a000 	C:\WINDOWS\System32\NSI.dll
0x00007ffe6a320000 - 0x00007ffe6a369000 	C:\Users\ASUS\AppData\Local\Temp\jna-2018896\jna9542381786765933547.dll
0x00007fff144c0000 - 0x00007fff144c8000 	C:\WINDOWS\System32\PSAPI.DLL
0x00007fff0c9e0000 - 0x00007fff0c9fe000 	C:\WINDOWS\SYSTEM32\dhcpcsvc6.DLL
0x00007fff0c8b0000 - 0x00007fff0c8d3000 	C:\WINDOWS\SYSTEM32\dhcpcsvc.DLL

JVMTI agents:
c:\Users\ASUS\.antigravity\extensions\redhat.java-1.53.0-win32-x64\lombok\lombok-1.18.39-4050.jar path:c:\Users\ASUS\.antigravity\extensions\redhat.java-1.53.0-win32-x64\jre\21.0.10-win32-x86_64\bin\instrument.dll, loaded, initialized, instrumentlib options:none

dbghelp: loaded successfully - version: 4.0.5 - missing functions: none
symbol engine: initialized successfully - sym options: 0x614 - pdb path: .;c:\Users\ASUS\.antigravity\extensions\redhat.java-1.53.0-win32-x64\jre\21.0.10-win32-x86_64\bin;C:\WINDOWS\SYSTEM32;C:\WINDOWS\WinSxS\amd64_microsoft.windows.common-controls_6595b64144ccf1df_6.0.26100.5074_none_3e0d6f78e32fd63f;c:\Users\ASUS\.antigravity\extensions\redhat.java-1.53.0-win32-x64\jre\21.0.10-win32-x86_64\bin\server;C:\Users\ASUS\AppData\Roaming\Antigravity\User\globalStorage\redhat.java\1.53.0\config_win\org.eclipse.equinox.launcher\org.eclipse.equinox.launcher.win32.win32.x86_64_1.3.0.v20260203-2149;C:\Users\ASUS\AppData\Local\Temp\jna-2018896

VM Arguments:
jvm_args: --add-modules=ALL-SYSTEM --add-opens=java.base/java.util=ALL-UNNAMED --add-opens=java.base/java.lang=ALL-UNNAMED --add-opens=java.base/sun.nio.fs=ALL-UNNAMED -Declipse.application=org.eclipse.jdt.ls.core.id1 -Dosgi.bundles.defaultStartLevel=4 -Declipse.product=org.eclipse.jdt.ls.core.product -Djava.import.generatesMetadataFilesAtProjectRoot=false -DDetectVMInstallationsJob.disabled=true -Dfile.encoding=utf8 -XX:+UseParallelGC -XX:GCTimeRatio=4 -XX:AdaptiveSizePolicyWeight=90 -Dsun.zip.disableMemoryMapping=true -Xmx2G -Xms100m -Xlog:disable -javaagent:c:\Users\ASUS\.antigravity\extensions\redhat.java-1.53.0-win32-x64\lombok\lombok-1.18.39-4050.jar -XX:+HeapDumpOnOutOfMemoryError -XX:HeapDumpPath=c:\Users\ASUS\AppData\Roaming\Antigravity\User\workspaceStorage\072664e477a3092332c4219defd89c4c\redhat.java -Daether.dependencyCollector.impl=bf 
java_command: c:\Users\ASUS\.antigravity\extensions\redhat.java-1.53.0-win32-x64\server\plugins\org.eclipse.equinox.launcher_1.7.100.v20251111-0406.jar -configuration c:\Users\ASUS\AppData\Roaming\Antigravity\User\globalStorage\redhat.java\1.53.0\config_win -data c:\Users\ASUS\AppData\Roaming\Antigravity\User\workspaceStorage\072664e477a3092332c4219defd89c4c\redhat.java\jdt_ws --pipe=\\.\pipe\lsp-bacd95174d9c0b92a34a02d942806aca-sock
java_class_path (initial): c:\Users\ASUS\.antigravity\extensions\redhat.java-1.53.0-win32-x64\server\plugins\org.eclipse.equinox.launcher_1.7.100.v20251111-0406.jar
Launcher Type: SUN_STANDARD

[Global flags]
    uintx AdaptiveSizePolicyWeight                 = 90                                        {product} {command line}
     intx CICompilerCount                          = 12                                        {product} {ergonomic}
    uintx GCTimeRatio                              = 4                                         {product} {command line}
     bool HeapDumpOnOutOfMemoryError               = true                                   {manageable} {command line}
    ccstr HeapDumpPath                             = c:\Users\ASUS\AppData\Roaming\Antigravity\User\workspaceStorage\072664e477a3092332c4219defd89c4c\redhat.java         {manageable} {command line}
   size_t InitialHeapSize                          = 104857600                                 {product} {command line}
   size_t MaxHeapSize                              = 2147483648                                {product} {command line}
   size_t MaxNewSize                               = 715653120                                 {product} {ergonomic}
   size_t MinHeapDeltaBytes                        = 524288                                    {product} {ergonomic}
   size_t MinHeapSize                              = 104857600                                 {product} {command line}
   size_t NewSize                                  = 34603008                                  {product} {ergonomic}
    uintx NonNMethodCodeHeapSize                   = 7602480                                {pd product} {ergonomic}
    uintx NonProfiledCodeHeapSize                  = 122027880                              {pd product} {ergonomic}
   size_t OldSize                                  = 70254592                                  {product} {ergonomic}
    uintx ProfiledCodeHeapSize                     = 122027880                              {pd product} {ergonomic}
    uintx ReservedCodeCacheSize                    = 251658240                              {pd product} {ergonomic}
     bool SegmentedCodeCache                       = true                                      {product} {ergonomic}
   size_t SoftMaxHeapSize                          = 2147483648                             {manageable} {ergonomic}
     bool UseCompressedOops                        = true                           {product lp64_product} {ergonomic}
     bool UseLargePagesIndividualAllocation        = false                                  {pd product} {ergonomic}
     bool UseParallelGC                            = true                                      {product} {command line}

Logging:
Log output configuration:
 #0: stdout all=off uptime,level,tags foldmultilines=false
 #1: stderr all=off uptime,level,tags foldmultilines=false

Release file:
JAVA_VERSION="21.0.10" 
MODULES="java.base java.compiler java.datatransfer java.xml java.prefs java.desktop java.instrument java.logging java.management java.security.sasl java.naming java.rmi java.management.rmi java.net.http java.scripting java.security.jgss java.transaction.xa java.sql java.sql.rowset java.xml.crypto java.se java.smartcardio jdk.accessibility jdk.internal.jvmstat jdk.attach jdk.charsets jdk.internal.opt jdk.zipfs jdk.compiler jdk.crypto.ec jdk.crypto.cryptoki jdk.crypto.mscapi jdk.dynalink jdk.internal.ed jdk.editpad jdk.hotspot.agent jdk.httpserver jdk.internal.le jdk.internal.vm.ci jdk.internal.vm.compiler jdk.internal.vm.compiler.management jdk.jartool jdk.javadoc jdk.jcmd jdk.management jdk.management.agent jdk.jconsole jdk.jdeps jdk.jdwp.agent jdk.jdi jdk.jfr jdk.jshell jdk.jsobject jdk.jstatd jdk.localedata jdk.management.jfr jdk.naming.dns jdk.naming.rmi jdk.net jdk.nio.mapmode jdk.random jdk.sctp jdk.security.auth jdk.security.jgss jdk.unsupported jdk.unsupported.desktop jdk.xml.dom" 

Environment Variables:
PATH=C:\Program Files\Java\jdk-25\bin;C:\Program Files\Python313\Scripts\;C:\Program Files\Python313\;C:\Program Files (x86)\VMware\VMware Workstation\bin\;C:\WINDOWS\system32;C:\WINDOWS;C:\WINDOWS\System32\Wbem;C:\WINDOWS\System32\WindowsPowerShell\v1.0\;C:\WINDOWS\System32\OpenSSH\;C:\Program Files\NVIDIA Corporation\NVIDIA App\NvDLISR;C:\Program Files (x86)\NVIDIA Corporation\PhysX\Common;C:\Program Files\dotnet\;C:\php-8.4.7;C:\ProgramData\ComposerSetup\bin;C:\Program Files\nodejs\;C:\Program Files\Git\cmd;C:\Program Files\MongoDB\Server\8.2\bin;C:\Program Files\Java\jdk-25\;;C:\ProgramData\chocolatey\bin;C:\Program Files\Microsoft SQL Server\150\Tools\Binn\;C:\Program Files\Microsoft SQL Server\Client SDK\ODBC\170\Tools\Binn\;C:\Program Files\Microsoft SQL Server\170\DTS\Binn\;C:\Program Files\Docker\Docker\resources\bin;c:\Users\ASUS\AppData\Local\Programs\cursor\resources\app\codeBin;C:\Program Files\Java\jdk-25\bin;C:\Users\ASUS\AppData\Local\Microsoft\WindowsApps;C:\Visaul Studio\Microsoft VS Code\bin;C:\Users\ASUS\AppData\Local\Programs\Azure Data Studio\bin;C:\Program Files\Azure Data Studio\bin;C:\Users\ASUS\AppData\Local\GitHubDesktop\bin;C:\Users\ASUS\AppData\Roaming\Composer\vendor\bin;C:\Users\ASUS\AppData\Roaming\npm;C:\Program Files\mongosh\;C:\Program Files\IntelliJ IDEA 2025.2.3\bin;C:\Program Files\JetBrains\WebStorm 2025.2.3\bin;C:\Program Files (x86)\Microsoft Visual Studio\Shared\NuGetPackages\microsoft.visualstudio.javascript.sdk;C:\Program Files\Java\jdk-25\;C:\Users\ASUS\.dotnet\tools;C:\Users\ASUS\AppData\Local\Microsoft\WinGet\Links;C:\Users\ASUS\AppData\Local\Programs\Antigravity\bin;C:\Users\ASUS\AppData\Local\Programs\cursor\resources\app\bin
USERNAME=ASUS
OS=Windows_NT
PROCESSOR_IDENTIFIER=AMD64 Family 25 Model 68 Stepping 1, AuthenticAMD
TMP=C:\Users\ASUS\AppData\Local\Temp
TEMP=C:\Users\ASUS\AppData\Local\Temp




Periodic native trim disabled

---------------  S Y S T E M  ---------------

OS:
 Windows 11 , 64 bit Build 26100 (10.0.26100.5074)
OS uptime: 0 days 0:12 hours
Hyper-V role detected

CPU: total 16 (initial active 16) (16 cores per cpu, 2 threads per core) family 25 model 68 stepping 1 microcode 0xa404107, cx8, cmov, fxsr, ht, mmx, 3dnowpref, sse, sse2, sse3, ssse3, sse4a, sse4.1, sse4.2, popcnt, lzcnt, tsc, tscinvbit, avx, avx2, aes, erms, clmul, bmi1, bmi2, adx, sha, fma, vzeroupper, clflush, clflushopt, hv, rdtscp, rdpid, fsrm, f16c, cet_ss
Processor Information for processor 0
  Max Mhz: 3100, Current Mhz: 2523, Mhz Limit: 3100
Processor Information for processor 1
  Max Mhz: 3100, Current Mhz: 2523, Mhz Limit: 3100
Processor Information for processor 2
  Max Mhz: 3100, Current Mhz: 3100, Mhz Limit: 3100
Processor Information for processor 3
  Max Mhz: 3100, Current Mhz: 2523, Mhz Limit: 3100
Processor Information for processor 4
  Max Mhz: 3100, Current Mhz: 3100, Mhz Limit: 3100
Processor Information for processor 5
  Max Mhz: 3100, Current Mhz: 2523, Mhz Limit: 3100
Processor Information for processor 6
  Max Mhz: 3100, Current Mhz: 3100, Mhz Limit: 3100
Processor Information for processor 7
  Max Mhz: 3100, Current Mhz: 2523, Mhz Limit: 3100
Processor Information for processor 8
  Max Mhz: 3100, Current Mhz: 3100, Mhz Limit: 3100
Processor Information for processor 9
  Max Mhz: 3100, Current Mhz: 2523, Mhz Limit: 3100
Processor Information for processor 10
  Max Mhz: 3100, Current Mhz: 3100, Mhz Limit: 3100
Processor Information for processor 11
  Max Mhz: 3100, Current Mhz: 2523, Mhz Limit: 3100
Processor Information for processor 12
  Max Mhz: 3100, Current Mhz: 2523, Mhz Limit: 3100
Processor Information for processor 13
  Max Mhz: 3100, Current Mhz: 2523, Mhz Limit: 3100
Processor Information for processor 14
  Max Mhz: 3100, Current Mhz: 2523, Mhz Limit: 3100
Processor Information for processor 15
  Max Mhz: 3100, Current Mhz: 3100, Mhz Limit: 3100

Memory: 4k page, system-wide physical 8010M (528M free)
TotalPageFile size 24394M (AvailPageFile size 12M)
current process WorkingSet (physical memory assigned to process): 140M, peak: 473M
current process commit charge ("private bytes"): 508M, peak: 1748M

vm_info: OpenJDK 64-Bit Server VM (21.0.10+7-LTS) for windows-amd64 JRE (21.0.10+7-LTS), built on 2026-01-20T00:00:00Z by "admin" with MS VC++ 17.12 (VS2022)

END.
