#
# There is insufficient memory for the Java Runtime Environment to continue.
# Native memory allocation (malloc) failed to allocate 622976 bytes. Error detail: Chunk::new
# Possible reasons:
#   The system is out of physical RAM or swap space
#   This process is running with CompressedOops enabled, and the Java Heap may be blocking the growth of the native heap
# Possible solutions:
#   Reduce memory load on the system
#   Increase physical memory or swap space
#   Check if swap backing store is full
#   Decrease Java heap size (-Xmx/-Xms)
#   Decrease number of Java threads
#   Decrease Java thread stack sizes (-Xss)
#   Set larger code cache with -XX:ReservedCodeCacheSize=
#   JVM is running with Unscaled Compressed Oops mode in which the Java heap is
#     placed in the first 4GB address space. The Java Heap base address is the
#     maximum limit for the native heap growth. Please use -XX:HeapBaseMinAddress
#     to set the Java Heap base and to place the Java Heap above 4GB virtual address.
# This output file may be truncated or incomplete.
#
#  Out of Memory Error (arena.cpp:168), pid=31136, tid=22548
#
# JRE version: OpenJDK Runtime Environment Temurin-21.0.10+7 (21.0.10+7) (build 21.0.10+7-LTS)
# Java VM: OpenJDK 64-Bit Server VM Temurin-21.0.10+7 (21.0.10+7-LTS, mixed mode, sharing, tiered, compressed oops, compressed class ptrs, parallel gc, windows-amd64)
# No core dump will be written. Minidumps are not enabled by default on client versions of Windows
#

---------------  S U M M A R Y ------------

Command Line: --add-modules=ALL-SYSTEM --add-opens=java.base/java.util=ALL-UNNAMED --add-opens=java.base/java.lang=ALL-UNNAMED --add-opens=java.base/sun.nio.fs=ALL-UNNAMED -Declipse.application=org.eclipse.jdt.ls.core.id1 -Dosgi.bundles.defaultStartLevel=4 -Declipse.product=org.eclipse.jdt.ls.core.product -Djava.import.generatesMetadataFilesAtProjectRoot=false -DDetectVMInstallationsJob.disabled=true -Dfile.encoding=utf8 -XX:+UseParallelGC -XX:GCTimeRatio=4 -XX:AdaptiveSizePolicyWeight=90 -Dsun.zip.disableMemoryMapping=true -Xmx2G -Xms100m -Xlog:disable -javaagent:c:\Users\ASUS\.antigravity\extensions\redhat.java-1.53.0-win32-x64\lombok\lombok-1.18.39-4050.jar -XX:+HeapDumpOnOutOfMemoryError -XX:HeapDumpPath=c:\Users\ASUS\AppData\Roaming\Antigravity\User\workspaceStorage\072664e477a3092332c4219defd89c4c\redhat.java -Daether.dependencyCollector.impl=bf c:\Users\ASUS\.antigravity\extensions\redhat.java-1.53.0-win32-x64\server\plugins\org.eclipse.equinox.launcher_1.7.100.v20251111-0406.jar -configuration c:\Users\ASUS\AppData\Roaming\Antigravity\User\globalStorage\redhat.java\1.53.0\config_win -data c:\Users\ASUS\AppData\Roaming\Antigravity\User\workspaceStorage\072664e477a3092332c4219defd89c4c\redhat.java\jdt_ws --pipe=\\.\pipe\lsp-51082989ba83964e77c4461f7b6930a7-sock

Host: AMD Ryzen 7 7435HS                             , 16 cores, 7G,  Windows 11 , 64 bit Build 26100 (10.0.26100.5074)
Time: Tue Mar 31 23:57:48 2026 SE Asia Standard Time elapsed time: 1548.766744 seconds (0d 0h 25m 48s)

---------------  T H R E A D  ---------------

Current thread (0x0000019066dbee00):  JavaThread "C2 CompilerThread0" daemon [_thread_in_native, id=22548, stack(0x0000004627f00000,0x0000004628000000) (1024K)]


Current CompileTask:
C2:1548766 15520   !   4       java.io.ObjectOutputStream::writeObject0 (620 bytes)

Stack: [0x0000004627f00000,0x0000004628000000]
Native frames: (J=compiled Java code, j=interpreted, Vv=VM code, C=native code)
V  [jvm.dll+0x6d7a39]
V  [jvm.dll+0x8b4b26]
V  [jvm.dll+0x8b70de]
V  [jvm.dll+0x8b77c3]
V  [jvm.dll+0x284346]
V  [jvm.dll+0xc66ed]
V  [jvm.dll+0xc6c31]
V  [jvm.dll+0x2fb29e]
V  [jvm.dll+0x5fe884]
V  [jvm.dll+0x255b17]
V  [jvm.dll+0x24dc0b]
V  [jvm.dll+0x24ba42]
V  [jvm.dll+0x1cb34e]
V  [jvm.dll+0x25b85d]
V  [jvm.dll+0x259dea]
V  [jvm.dll+0x3f857e]
V  [jvm.dll+0x85f59d]
V  [jvm.dll+0x6d626d]
C  [ucrtbase.dll+0x37b0]
C  [KERNEL32.DLL+0x2e8d7]
C  [ntdll.dll+0x8d9c]


---------------  P R O C E S S  ---------------

Threads class SMR info:
_java_thread_list=0x000001905a724a90, length=42, elements={
0x00000190649996c0, 0x0000019066cbdab0, 0x0000019066db42f0, 0x0000019066db81f0,
0x0000019066db8e50, 0x0000019066dc0030, 0x0000019066dbd840, 0x0000019066dbee00,
0x000001907ea81d90, 0x000001907ec4dce0, 0x00000190414fbf30, 0x000001904619aaa0,
0x00000190419f4f40, 0x0000019046342460, 0x0000019046198530, 0x00000190468e8cb0,
0x000001904662e2d0, 0x000001904666e2a0, 0x0000019046a17240, 0x0000019046a185f0,
0x0000019046a19310, 0x0000019046a178d0, 0x0000019048aaee60, 0x0000019048ab08a0,
0x0000019048ab0f30, 0x0000019048ab22e0, 0x0000019048aaf4f0, 0x0000019048ab15c0,
0x0000019048ab0210, 0x0000019048ab1c50, 0x0000019048aafb80, 0x0000019048ab43b0,
0x0000019048ab50d0, 0x0000019048ab2970, 0x0000019048ab3d20, 0x0000019048ab3690,
0x0000019048ab5df0, 0x0000019048ab6480, 0x0000019048ab5760, 0x00000190480bec00,
0x00000190415ff200, 0x0000019041603a30
}

Java Threads: ( => current thread )
  0x00000190649996c0 JavaThread "main"                              [_thread_blocked, id=38608, stack(0x0000004627500000,0x0000004627600000) (1024K)]
  0x0000019066cbdab0 JavaThread "Reference Handler"          daemon [_thread_blocked, id=20616, stack(0x0000004627900000,0x0000004627a00000) (1024K)]
  0x0000019066db42f0 JavaThread "Finalizer"                  daemon [_thread_blocked, id=25020, stack(0x0000004627a00000,0x0000004627b00000) (1024K)]
  0x0000019066db81f0 JavaThread "Signal Dispatcher"          daemon [_thread_blocked, id=32372, stack(0x0000004627b00000,0x0000004627c00000) (1024K)]
  0x0000019066db8e50 JavaThread "Attach Listener"            daemon [_thread_blocked, id=39232, stack(0x0000004627c00000,0x0000004627d00000) (1024K)]
  0x0000019066dc0030 JavaThread "Service Thread"             daemon [_thread_blocked, id=21152, stack(0x0000004627d00000,0x0000004627e00000) (1024K)]
  0x0000019066dbd840 JavaThread "Monitor Deflation Thread"   daemon [_thread_blocked, id=12768, stack(0x0000004627e00000,0x0000004627f00000) (1024K)]
=>0x0000019066dbee00 JavaThread "C2 CompilerThread0"         daemon [_thread_in_native, id=22548, stack(0x0000004627f00000,0x0000004628000000) (1024K)]
  0x000001907ea81d90 JavaThread "C1 CompilerThread0"         daemon [_thread_blocked, id=6352, stack(0x0000004628000000,0x0000004628100000) (1024K)]
  0x000001907ec4dce0 JavaThread "Common-Cleaner"             daemon [_thread_blocked, id=3844, stack(0x0000004628300000,0x0000004628400000) (1024K)]
  0x00000190414fbf30 JavaThread "Notification Thread"        daemon [_thread_blocked, id=32084, stack(0x0000004628500000,0x0000004628600000) (1024K)]
  0x000001904619aaa0 JavaThread "Active Thread: Equinox Container: f129ee4a-1061-4690-9f7c-3d7bb1ff9acc"        [_thread_blocked, id=6508, stack(0x0000004628600000,0x0000004628700000) (1024K)]
  0x00000190419f4f40 JavaThread "Refresh Thread: Equinox Container: f129ee4a-1061-4690-9f7c-3d7bb1ff9acc" daemon [_thread_blocked, id=30988, stack(0x0000004628e00000,0x0000004628f00000) (1024K)]
  0x0000019046342460 JavaThread "Framework Event Dispatcher: Equinox Container: f129ee4a-1061-4690-9f7c-3d7bb1ff9acc" daemon [_thread_blocked, id=35676, stack(0x0000004628f00000,0x0000004629000000) (1024K)]
  0x0000019046198530 JavaThread "Start Level: Equinox Container: f129ee4a-1061-4690-9f7c-3d7bb1ff9acc" daemon [_thread_blocked, id=31996, stack(0x0000004629000000,0x0000004629100000) (1024K)]
  0x00000190468e8cb0 JavaThread "Bundle File Closer"         daemon [_thread_blocked, id=9044, stack(0x0000004629400000,0x0000004629500000) (1024K)]
  0x000001904662e2d0 JavaThread "SCR Component Actor"        daemon [_thread_blocked, id=28364, stack(0x0000004628400000,0x0000004628500000) (1024K)]
  0x000001904666e2a0 JavaThread "Worker-JM"                         [_thread_blocked, id=3052, stack(0x0000004629500000,0x0000004629600000) (1024K)]
  0x0000019046a17240 JavaThread "JNA Cleaner"                daemon [_thread_blocked, id=28840, stack(0x0000004629800000,0x0000004629900000) (1024K)]
  0x0000019046a185f0 JavaThread "Java indexing"              daemon [_thread_blocked, id=11956, stack(0x0000004629e00000,0x0000004629f00000) (1024K)]
  0x0000019046a19310 JavaThread "Thread-1"                   daemon [_thread_in_native, id=8480, stack(0x000000462a500000,0x000000462a600000) (1024K)]
  0x0000019046a178d0 JavaThread "Thread-2"                   daemon [_thread_in_native, id=30040, stack(0x000000462a600000,0x000000462a700000) (1024K)]
  0x0000019048aaee60 JavaThread "Thread-3"                   daemon [_thread_in_native, id=12640, stack(0x000000462a700000,0x000000462a800000) (1024K)]
  0x0000019048ab08a0 JavaThread "Thread-4"                   daemon [_thread_in_native, id=28120, stack(0x000000462a800000,0x000000462a900000) (1024K)]
  0x0000019048ab0f30 JavaThread "Thread-5"                   daemon [_thread_in_native, id=10128, stack(0x000000462a900000,0x000000462aa00000) (1024K)]
  0x0000019048ab22e0 JavaThread "Thread-6"                   daemon [_thread_in_native, id=37532, stack(0x000000462aa00000,0x000000462ab00000) (1024K)]
  0x0000019048aaf4f0 JavaThread "Thread-7"                   daemon [_thread_in_native, id=26880, stack(0x000000462ab00000,0x000000462ac00000) (1024K)]
  0x0000019048ab15c0 JavaThread "Thread-8"                   daemon [_thread_in_native, id=5936, stack(0x000000462ac00000,0x000000462ad00000) (1024K)]
  0x0000019048ab0210 JavaThread "Thread-9"                   daemon [_thread_in_native, id=16932, stack(0x000000462ad00000,0x000000462ae00000) (1024K)]
  0x0000019048ab1c50 JavaThread "Thread-10"                  daemon [_thread_in_native, id=37268, stack(0x000000462ae00000,0x000000462af00000) (1024K)]
  0x0000019048aafb80 JavaThread "Thread-11"                  daemon [_thread_in_native, id=29516, stack(0x000000462af00000,0x000000462b000000) (1024K)]
  0x0000019048ab43b0 JavaThread "Thread-12"                  daemon [_thread_in_native, id=26924, stack(0x000000462b000000,0x000000462b100000) (1024K)]
  0x0000019048ab50d0 JavaThread "Thread-13"                  daemon [_thread_in_native, id=26708, stack(0x000000462b100000,0x000000462b200000) (1024K)]
  0x0000019048ab2970 JavaThread "Thread-14"                  daemon [_thread_in_native, id=33056, stack(0x000000462b200000,0x000000462b300000) (1024K)]
  0x0000019048ab3d20 JavaThread "Thread-15"                  daemon [_thread_in_native, id=31976, stack(0x000000462b300000,0x000000462b400000) (1024K)]
  0x0000019048ab3690 JavaThread "Thread-16"                  daemon [_thread_in_native, id=25356, stack(0x000000462b400000,0x000000462b500000) (1024K)]
  0x0000019048ab5df0 JavaThread "Thread-17"                  daemon [_thread_in_native, id=28372, stack(0x000000462b500000,0x000000462b600000) (1024K)]
  0x0000019048ab6480 JavaThread "pool-2-thread-1"                   [_thread_blocked, id=19712, stack(0x000000462b600000,0x000000462b700000) (1024K)]
  0x0000019048ab5760 JavaThread "WorkspaceEventsHandler"            [_thread_blocked, id=34404, stack(0x000000462b700000,0x000000462b800000) (1024K)]
  0x00000190480bec00 JavaThread "pool-1-thread-1"                   [_thread_blocked, id=30520, stack(0x000000462b800000,0x000000462b900000) (1024K)]
  0x00000190415ff200 JavaThread "Worker-5"                          [_thread_blocked, id=36208, stack(0x0000004627400000,0x0000004627500000) (1024K)]
  0x0000019041603a30 JavaThread "Worker-6"                          [_thread_blocked, id=39912, stack(0x0000004627200000,0x0000004627300000) (1024K)]
Total: 42

Other Threads:
  0x0000019066db1990 VMThread "VM Thread"                           [id=30788, stack(0x0000004627800000,0x0000004627900000) (1024K)]
  0x0000019066b9ca00 WatcherThread "VM Periodic Task Thread"        [id=26860, stack(0x0000004627700000,0x0000004627800000) (1024K)]
  0x0000019066d2d990 WorkerThread "GC Thread#0"                     [id=14528, stack(0x0000004627600000,0x0000004627700000) (1024K)]
  0x00000190418e0b30 WorkerThread "GC Thread#1"                     [id=27108, stack(0x0000004628700000,0x0000004628800000) (1024K)]
  0x000001907edc9f60 WorkerThread "GC Thread#2"                     [id=26036, stack(0x0000004628800000,0x0000004628900000) (1024K)]
  0x000001907edca310 WorkerThread "GC Thread#3"                     [id=39332, stack(0x0000004628900000,0x0000004628a00000) (1024K)]
  0x0000019041a2e5a0 WorkerThread "GC Thread#4"                     [id=32404, stack(0x0000004628a00000,0x0000004628b00000) (1024K)]
  0x0000019041a2e950 WorkerThread "GC Thread#5"                     [id=26960, stack(0x0000004628b00000,0x0000004628c00000) (1024K)]
  0x0000019041a2ed00 WorkerThread "GC Thread#6"                     [id=6940, stack(0x0000004628c00000,0x0000004628d00000) (1024K)]
  0x00000190418b53b0 WorkerThread "GC Thread#7"                     [id=29568, stack(0x0000004628d00000,0x0000004628e00000) (1024K)]
  0x0000019041bcc110 WorkerThread "GC Thread#8"                     [id=39308, stack(0x0000004629100000,0x0000004629200000) (1024K)]
  0x0000019041bcc4c0 WorkerThread "GC Thread#9"                     [id=28164, stack(0x0000004629200000,0x0000004629300000) (1024K)]
  0x0000019041bcc870 WorkerThread "GC Thread#10"                    [id=4336, stack(0x0000004629300000,0x0000004629400000) (1024K)]
  0x0000019046679210 WorkerThread "GC Thread#11"                    [id=4160, stack(0x0000004629600000,0x0000004629700000) (1024K)]
  0x00000190469a0f80 WorkerThread "GC Thread#12"                    [id=24840, stack(0x0000004629700000,0x0000004629800000) (1024K)]
Total: 15

Threads with active compile tasks:
C2 CompilerThread0  1548793 15520   !   4       java.io.ObjectOutputStream::writeObject0 (620 bytes)
Total: 1

VM state: not at safepoint (normal execution)

VM Mutex/Monitor currently owned by a thread: None

Heap address: 0x0000000080000000, size: 2048 MB, Compressed Oops mode: 32-bit

CDS archive(s) mapped at: [0x0000019000000000-0x0000019000ba0000-0x0000019000ba0000), size 12189696, SharedBaseAddress: 0x0000019000000000, ArchiveRelocationMode: 1.
Compressed class space mapped at: 0x0000019001000000-0x0000019041000000, reserved size: 1073741824
Narrow klass base: 0x0000019000000000, Narrow klass shift: 0, Narrow klass range: 0x100000000

GC Precious Log:
 CardTable entry size: 512
 CPUs: 16 total, 16 available
 Memory: 8010M
 Large Page Support: Disabled
 NUMA Support: Disabled
 Compressed Oops: Enabled (32-bit)
 Alignments: Space 512K, Generation 512K, Heap 2M
 Heap Min Capacity: 100M
 Heap Initial Capacity: 100M
 Heap Max Capacity: 2G
 Pre-touch: Disabled
 Parallel Workers: 13

Heap:
 PSYoungGen      total 11264K, used 9030K [0x00000000d5580000, 0x00000000d6380000, 0x0000000100000000)
  eden space 10752K, 80% used [0x00000000d5580000,0x00000000d5de9a00,0x00000000d6000000)
  from space 512K, 81% used [0x00000000d6300000,0x00000000d6368000,0x00000000d6380000)
  to   space 512K, 0% used [0x00000000d6280000,0x00000000d6280000,0x00000000d6300000)
 ParOldGen       total 143872K, used 143782K [0x0000000080000000, 0x0000000088c80000, 0x00000000d5580000)
  object space 143872K, 99% used [0x0000000080000000,0x0000000088c69850,0x0000000088c80000)
 Metaspace       used 68621K, committed 70336K, reserved 1114112K
  class space    used 7033K, committed 7744K, reserved 1048576K

Card table byte_map: [0x00000190666b0000,0x0000019066ac0000] _byte_map_base: 0x00000190662b0000

Marking Bits: (ParMarkBitMap*) 0x00007ff911d83450
 Begin Bits: [0x00000190791c0000, 0x000001907b1c0000)
 End Bits:   [0x000001907b1c0000, 0x000001907d1c0000)

Polling page: 0x0000019064b40000

Metaspace:

Usage:
  Non-class:     60.15 MB used.
      Class:      6.87 MB used.
       Both:     67.01 MB used.

Virtual space:
  Non-class space:       64.00 MB reserved,      61.12 MB ( 96%) committed,  1 nodes.
      Class space:        1.00 GB reserved,       7.56 MB ( <1%) committed,  1 nodes.
             Both:        1.06 GB reserved,      68.69 MB (  6%) committed. 

Chunk freelists:
   Non-Class:  2.12 MB
       Class:  8.28 MB
        Both:  10.40 MB

MaxMetaspaceSize: unlimited
CompressedClassSpaceSize: 1.00 GB
Initial GC threshold: 21.00 MB
Current GC threshold: 97.31 MB
CDS: on
 - commit_granule_bytes: 65536.
 - commit_granule_words: 8192.
 - virtual_space_node_default_size: 8388608.
 - enlarge_chunks_in_place: 1.
 - use_allocation_guard: 0.


Internal statistics:

num_allocs_failed_limit: 11.
num_arena_births: 1350.
num_arena_deaths: 14.
num_vsnodes_births: 2.
num_vsnodes_deaths: 0.
num_space_committed: 1099.
num_space_uncommitted: 0.
num_chunks_returned_to_freelist: 25.
num_chunks_taken_from_freelist: 4692.
num_chunk_merges: 17.
num_chunk_splits: 2866.
num_chunks_enlarged: 1571.
num_inconsistent_stats: 0.

CodeHeap 'non-profiled nmethods': size=119168Kb used=11828Kb max_used=11828Kb free=107339Kb
 bounds [0x0000019071ab0000, 0x0000019072640000, 0x0000019078f10000]
CodeHeap 'profiled nmethods': size=119104Kb used=36144Kb max_used=36144Kb free=82959Kb
 bounds [0x0000019069f10000, 0x000001906c260000, 0x0000019071360000]
CodeHeap 'non-nmethods': size=7488Kb used=1435Kb max_used=3320Kb free=6052Kb
 bounds [0x0000019071360000, 0x00000190716b0000, 0x0000019071ab0000]
CodeCache: size=245760Kb, used=49407Kb, max_used=51292Kb, free=196350Kb
 total_blobs=15483, nmethods=14737, adapters=649, full_count=0
Compilation: enabled, stopped_count=0, restarted_count=0

Compilation events (20 events):
Event: 1546.685 Thread 0x000001907ea81d90 nmethod 15515 0x000001906c256d10 code [0x000001906c256fa0, 0x000001906c257bd8]
Event: 1546.686 Thread 0x0000019066dbee00 15518       4       java.io.ObjectOutputStream$BlockDataOutputStream::writeInt (46 bytes)
Event: 1546.688 Thread 0x0000019066dbee00 nmethod 15518 0x000001907263c810 code [0x000001907263c9a0, 0x000001907263cad0]
Event: 1546.688 Thread 0x0000019066dbee00 15520   !   4       java.io.ObjectOutputStream::writeObject0 (620 bytes)
Event: 1546.689 Thread 0x000001907ea81d90 15521       3       java.lang.invoke.LambdaForm$MH/0x0000019001782400::invoke (64 bytes)
Event: 1546.691 Thread 0x000001907ea81d90 nmethod 15521 0x000001906c258190 code [0x000001906c258480, 0x000001906c2595d0]
Event: 1546.691 Thread 0x000001907ea81d90 15522       3       java.lang.invoke.LambdaForm$MH/0x0000019001782800::invoke (64 bytes)
Event: 1546.691 Thread 0x000001907ea81d90 nmethod 15522 0x000001906c259b90 code [0x000001906c259e20, 0x000001906c25abf0]
Event: 1546.692 Thread 0x000001907ea81d90 15523       3       java.io.ObjectOutputStream::writeByte (9 bytes)
Event: 1546.692 Thread 0x000001907ea81d90 nmethod 15523 0x000001906c25b010 code [0x000001906c25b1c0, 0x000001906c25b300]
Event: 1546.692 Thread 0x000001907ea81d90 15524       3       java.io.ObjectOutputStream::writeUTF (9 bytes)
Event: 1546.692 Thread 0x000001907ea81d90 nmethod 15524 0x000001906c25b410 code [0x000001906c25b5e0, 0x000001906c25b7e0]
Event: 1546.692 Thread 0x000001907ea81d90 15525       3       java.io.ObjectOutputStream$BlockDataOutputStream::writeUTF (11 bytes)
Event: 1546.692 Thread 0x000001907ea81d90 nmethod 15525 0x000001906c25b910 code [0x000001906c25bac0, 0x000001906c25bc58]
Event: 1546.697 Thread 0x000001907ea81d90 15526       1       org.eclipse.core.internal.dtree.DeletedNode::isDeleted (2 bytes)
Event: 1546.698 Thread 0x000001907ea81d90 nmethod 15526 0x000001907263cc90 code [0x000001907263ce20, 0x000001907263cee8]
Event: 1546.698 Thread 0x000001907ea81d90 15527       3       org.eclipse.core.internal.localstore.SafeChunkyOutputStream::write (22 bytes)
Event: 1546.698 Thread 0x000001907ea81d90 nmethod 15527 0x000001906c25bd10 code [0x000001906c25bee0, 0x000001906c25c160]
Event: 1546.698 Thread 0x000001907ea81d90 15528       1       org.eclipse.core.internal.resources.WorkspaceRoot::exists (2 bytes)
Event: 1546.698 Thread 0x000001907ea81d90 nmethod 15528 0x000001907263cf90 code [0x000001907263d120, 0x000001907263d1e8]

GC Heap History (20 events):
Event: 1042.198 GC heap before
{Heap before GC invocations=132 (full 3):
 PSYoungGen      total 13312K, used 13024K [0x00000000d5580000, 0x00000000d6480000, 0x0000000100000000)
  eden space 12800K, 100% used [0x00000000d5580000,0x00000000d6200000,0x00000000d6200000)
  from space 512K, 43% used [0x00000000d6400000,0x00000000d6438000,0x00000000d6480000)
  to   space 512K, 0% used [0x00000000d6380000,0x00000000d6380000,0x00000000d6400000)
 ParOldGen       total 134656K, used 134427K [0x0000000080000000, 0x0000000088380000, 0x00000000d5580000)
  object space 134656K, 99% used [0x0000000080000000,0x0000000088346ff8,0x0000000088380000)
 Metaspace       used 67744K, committed 69376K, reserved 1114112K
  class space    used 6950K, committed 7616K, reserved 1048576K
}
Event: 1042.199 GC heap after
{Heap after GC invocations=132 (full 3):
 PSYoungGen      total 13312K, used 160K [0x00000000d5580000, 0x00000000d6480000, 0x0000000100000000)
  eden space 12800K, 0% used [0x00000000d5580000,0x00000000d5580000,0x00000000d6200000)
  from space 512K, 31% used [0x00000000d6380000,0x00000000d63a8000,0x00000000d6400000)
  to   space 512K, 0% used [0x00000000d6400000,0x00000000d6400000,0x00000000d6480000)
 ParOldGen       total 134656K, used 134523K [0x0000000080000000, 0x0000000088380000, 0x00000000d5580000)
  object space 134656K, 99% used [0x0000000080000000,0x000000008835eff8,0x0000000088380000)
 Metaspace       used 67744K, committed 69376K, reserved 1114112K
  class space    used 6950K, committed 7616K, reserved 1048576K
}
Event: 1042.597 GC heap before
{Heap before GC invocations=133 (full 3):
 PSYoungGen      total 13312K, used 12960K [0x00000000d5580000, 0x00000000d6480000, 0x0000000100000000)
  eden space 12800K, 100% used [0x00000000d5580000,0x00000000d6200000,0x00000000d6200000)
  from space 512K, 31% used [0x00000000d6380000,0x00000000d63a8000,0x00000000d6400000)
  to   space 512K, 0% used [0x00000000d6400000,0x00000000d6400000,0x00000000d6480000)
 ParOldGen       total 134656K, used 134523K [0x0000000080000000, 0x0000000088380000, 0x00000000d5580000)
  object space 134656K, 99% used [0x0000000080000000,0x000000008835eff8,0x0000000088380000)
 Metaspace       used 67744K, committed 69376K, reserved 1114112K
  class space    used 6950K, committed 7616K, reserved 1048576K
}
Event: 1042.598 GC heap after
{Heap after GC invocations=133 (full 3):
 PSYoungGen      total 13312K, used 192K [0x00000000d5580000, 0x00000000d6480000, 0x0000000100000000)
  eden space 12800K, 0% used [0x00000000d5580000,0x00000000d5580000,0x00000000d6200000)
  from space 512K, 37% used [0x00000000d6400000,0x00000000d6430000,0x00000000d6480000)
  to   space 512K, 0% used [0x00000000d6380000,0x00000000d6380000,0x00000000d6400000)
 ParOldGen       total 134656K, used 134523K [0x0000000080000000, 0x0000000088380000, 0x00000000d5580000)
  object space 134656K, 99% used [0x0000000080000000,0x000000008835eff8,0x0000000088380000)
 Metaspace       used 67744K, committed 69376K, reserved 1114112K
  class space    used 6950K, committed 7616K, reserved 1048576K
}
Event: 1088.279 GC heap before
{Heap before GC invocations=134 (full 3):
 PSYoungGen      total 13312K, used 12992K [0x00000000d5580000, 0x00000000d6480000, 0x0000000100000000)
  eden space 12800K, 100% used [0x00000000d5580000,0x00000000d6200000,0x00000000d6200000)
  from space 512K, 37% used [0x00000000d6400000,0x00000000d6430000,0x00000000d6480000)
  to   space 512K, 0% used [0x00000000d6380000,0x00000000d6380000,0x00000000d6400000)
 ParOldGen       total 134656K, used 134523K [0x0000000080000000, 0x0000000088380000, 0x00000000d5580000)
  object space 134656K, 99% used [0x0000000080000000,0x000000008835eff8,0x0000000088380000)
 Metaspace       used 67759K, committed 69376K, reserved 1114112K
  class space    used 6954K, committed 7616K, reserved 1048576K
}
Event: 1088.286 GC heap after
{Heap after GC invocations=134 (full 3):
 PSYoungGen      total 13312K, used 448K [0x00000000d5580000, 0x00000000d6480000, 0x0000000100000000)
  eden space 12800K, 0% used [0x00000000d5580000,0x00000000d5580000,0x00000000d6200000)
  from space 512K, 87% used [0x00000000d6380000,0x00000000d63f0020,0x00000000d6400000)
  to   space 512K, 0% used [0x00000000d6400000,0x00000000d6400000,0x00000000d6480000)
 ParOldGen       total 134656K, used 134523K [0x0000000080000000, 0x0000000088380000, 0x00000000d5580000)
  object space 134656K, 99% used [0x0000000080000000,0x000000008835eff8,0x0000000088380000)
 Metaspace       used 67759K, committed 69376K, reserved 1114112K
  class space    used 6954K, committed 7616K, reserved 1048576K
}
Event: 1088.801 GC heap before
{Heap before GC invocations=135 (full 3):
 PSYoungGen      total 13312K, used 13248K [0x00000000d5580000, 0x00000000d6480000, 0x0000000100000000)
  eden space 12800K, 100% used [0x00000000d5580000,0x00000000d6200000,0x00000000d6200000)
  from space 512K, 87% used [0x00000000d6380000,0x00000000d63f0020,0x00000000d6400000)
  to   space 512K, 0% used [0x00000000d6400000,0x00000000d6400000,0x00000000d6480000)
 ParOldGen       total 134656K, used 134523K [0x0000000080000000, 0x0000000088380000, 0x00000000d5580000)
  object space 134656K, 99% used [0x0000000080000000,0x000000008835eff8,0x0000000088380000)
 Metaspace       used 68089K, committed 69696K, reserved 1114112K
  class space    used 6987K, committed 7680K, reserved 1048576K
}
Event: 1088.803 GC heap after
{Heap after GC invocations=135 (full 3):
 PSYoungGen      total 11264K, used 505K [0x00000000d5580000, 0x00000000d6a00000, 0x0000000100000000)
  eden space 10752K, 0% used [0x00000000d5580000,0x00000000d5580000,0x00000000d6000000)
  from space 512K, 98% used [0x00000000d6400000,0x00000000d647e460,0x00000000d6480000)
  to   space 4096K, 0% used [0x00000000d6000000,0x00000000d6000000,0x00000000d6400000)
 ParOldGen       total 137728K, used 137379K [0x0000000080000000, 0x0000000088680000, 0x00000000d5580000)
  object space 137728K, 99% used [0x0000000080000000,0x0000000088628c18,0x0000000088680000)
 Metaspace       used 68089K, committed 69696K, reserved 1114112K
  class space    used 6987K, committed 7680K, reserved 1048576K
}
Event: 1088.995 GC heap before
{Heap before GC invocations=136 (full 3):
 PSYoungGen      total 11264K, used 11215K [0x00000000d5580000, 0x00000000d6a00000, 0x0000000100000000)
  eden space 10752K, 99% used [0x00000000d5580000,0x00000000d5ff57f0,0x00000000d6000000)
  from space 512K, 98% used [0x00000000d6400000,0x00000000d647e460,0x00000000d6480000)
  to   space 4096K, 0% used [0x00000000d6000000,0x00000000d6000000,0x00000000d6400000)
 ParOldGen       total 137728K, used 137379K [0x0000000080000000, 0x0000000088680000, 0x00000000d5580000)
  object space 137728K, 99% used [0x0000000080000000,0x0000000088628c18,0x0000000088680000)
 Metaspace       used 68093K, committed 69760K, reserved 1114112K
  class space    used 6987K, committed 7680K, reserved 1048576K
}
Event: 1088.997 GC heap after
{Heap after GC invocations=136 (full 3):
 PSYoungGen      total 14848K, used 3716K [0x00000000d5580000, 0x00000000d6800000, 0x0000000100000000)
  eden space 10752K, 0% used [0x00000000d5580000,0x00000000d5580000,0x00000000d6000000)
  from space 4096K, 90% used [0x00000000d6000000,0x00000000d63a1168,0x00000000d6400000)
  to   space 4096K, 0% used [0x00000000d6400000,0x00000000d6400000,0x00000000d6800000)
 ParOldGen       total 138240K, used 137846K [0x0000000080000000, 0x0000000088700000, 0x00000000d5580000)
  object space 138240K, 99% used [0x0000000080000000,0x000000008869d970,0x0000000088700000)
 Metaspace       used 68093K, committed 69760K, reserved 1114112K
  class space    used 6987K, committed 7680K, reserved 1048576K
}
Event: 1089.313 GC heap before
{Heap before GC invocations=137 (full 3):
 PSYoungGen      total 14848K, used 14468K [0x00000000d5580000, 0x00000000d6800000, 0x0000000100000000)
  eden space 10752K, 99% used [0x00000000d5580000,0x00000000d5fffff0,0x00000000d6000000)
  from space 4096K, 90% used [0x00000000d6000000,0x00000000d63a1168,0x00000000d6400000)
  to   space 4096K, 0% used [0x00000000d6400000,0x00000000d6400000,0x00000000d6800000)
 ParOldGen       total 138240K, used 137846K [0x0000000080000000, 0x0000000088700000, 0x00000000d5580000)
  object space 138240K, 99% used [0x0000000080000000,0x000000008869d970,0x0000000088700000)
 Metaspace       used 68284K, committed 69952K, reserved 1114112K
  class space    used 7030K, committed 7744K, reserved 1048576K
}
Event: 1089.316 GC heap after
{Heap after GC invocations=137 (full 3):
 PSYoungGen      total 13312K, used 2351K [0x00000000d5580000, 0x00000000d6680000, 0x0000000100000000)
  eden space 10752K, 0% used [0x00000000d5580000,0x00000000d5580000,0x00000000d6000000)
  from space 2560K, 91% used [0x00000000d6400000,0x00000000d664bd30,0x00000000d6680000)
  to   space 3072K, 0% used [0x00000000d6080000,0x00000000d6080000,0x00000000d6380000)
 ParOldGen       total 141824K, used 141350K [0x0000000080000000, 0x0000000088a80000, 0x00000000d5580000)
  object space 141824K, 99% used [0x0000000080000000,0x0000000088a09900,0x0000000088a80000)
 Metaspace       used 68284K, committed 69952K, reserved 1114112K
  class space    used 7030K, committed 7744K, reserved 1048576K
}
Event: 1227.443 GC heap before
{Heap before GC invocations=138 (full 3):
 PSYoungGen      total 13312K, used 13103K [0x00000000d5580000, 0x00000000d6680000, 0x0000000100000000)
  eden space 10752K, 100% used [0x00000000d5580000,0x00000000d6000000,0x00000000d6000000)
  from space 2560K, 91% used [0x00000000d6400000,0x00000000d664bd30,0x00000000d6680000)
  to   space 3072K, 0% used [0x00000000d6080000,0x00000000d6080000,0x00000000d6380000)
 ParOldGen       total 141824K, used 141350K [0x0000000080000000, 0x0000000088a80000, 0x00000000d5580000)
  object space 141824K, 99% used [0x0000000080000000,0x0000000088a09900,0x0000000088a80000)
 Metaspace       used 68383K, committed 70080K, reserved 1114112K
  class space    used 7033K, committed 7744K, reserved 1048576K
}
Event: 1227.449 GC heap after
{Heap after GC invocations=138 (full 3):
 PSYoungGen      total 11776K, used 800K [0x00000000d5580000, 0x00000000d6480000, 0x0000000100000000)
  eden space 10752K, 0% used [0x00000000d5580000,0x00000000d5580000,0x00000000d6000000)
  from space 1024K, 78% used [0x00000000d6080000,0x00000000d6148020,0x00000000d6180000)
  to   space 1536K, 0% used [0x00000000d6300000,0x00000000d6300000,0x00000000d6480000)
 ParOldGen       total 143360K, used 143013K [0x0000000080000000, 0x0000000088c00000, 0x00000000d5580000)
  object space 143360K, 99% used [0x0000000080000000,0x0000000088ba97f0,0x0000000088c00000)
 Metaspace       used 68383K, committed 70080K, reserved 1114112K
  class space    used 7033K, committed 7744K, reserved 1048576K
}
Event: 1263.204 GC heap before
{Heap before GC invocations=139 (full 3):
 PSYoungGen      total 11776K, used 11552K [0x00000000d5580000, 0x00000000d6480000, 0x0000000100000000)
  eden space 10752K, 100% used [0x00000000d5580000,0x00000000d6000000,0x00000000d6000000)
  from space 1024K, 78% used [0x00000000d6080000,0x00000000d6148020,0x00000000d6180000)
  to   space 1536K, 0% used [0x00000000d6300000,0x00000000d6300000,0x00000000d6480000)
 ParOldGen       total 143360K, used 143013K [0x0000000080000000, 0x0000000088c00000, 0x00000000d5580000)
  object space 143360K, 99% used [0x0000000080000000,0x0000000088ba97f0,0x0000000088c00000)
 Metaspace       used 68457K, committed 70144K, reserved 1114112K
  class space    used 7033K, committed 7744K, reserved 1048576K
}
Event: 1263.206 GC heap after
{Heap after GC invocations=139 (full 3):
 PSYoungGen      total 11264K, used 480K [0x00000000d5580000, 0x00000000d6380000, 0x0000000100000000)
  eden space 10752K, 0% used [0x00000000d5580000,0x00000000d5580000,0x00000000d6000000)
  from space 512K, 93% used [0x00000000d6300000,0x00000000d6378020,0x00000000d6380000)
  to   space 1024K, 0% used [0x00000000d6180000,0x00000000d6180000,0x00000000d6280000)
 ParOldGen       total 143872K, used 143558K [0x0000000080000000, 0x0000000088c80000, 0x00000000d5580000)
  object space 143872K, 99% used [0x0000000080000000,0x0000000088c31820,0x0000000088c80000)
 Metaspace       used 68457K, committed 70144K, reserved 1114112K
  class space    used 7033K, committed 7744K, reserved 1048576K
}
Event: 1289.626 GC heap before
{Heap before GC invocations=140 (full 3):
 PSYoungGen      total 11264K, used 11232K [0x00000000d5580000, 0x00000000d6380000, 0x0000000100000000)
  eden space 10752K, 100% used [0x00000000d5580000,0x00000000d6000000,0x00000000d6000000)
  from space 512K, 93% used [0x00000000d6300000,0x00000000d6378020,0x00000000d6380000)
  to   space 1024K, 0% used [0x00000000d6180000,0x00000000d6180000,0x00000000d6280000)
 ParOldGen       total 143872K, used 143558K [0x0000000080000000, 0x0000000088c80000, 0x00000000d5580000)
  object space 143872K, 99% used [0x0000000080000000,0x0000000088c31820,0x0000000088c80000)
 Metaspace       used 68525K, committed 70208K, reserved 1114112K
  class space    used 7033K, committed 7744K, reserved 1048576K
}
Event: 1289.628 GC heap after
{Heap after GC invocations=140 (full 3):
 PSYoungGen      total 11776K, used 416K [0x00000000d5580000, 0x00000000d6380000, 0x0000000100000000)
  eden space 10752K, 0% used [0x00000000d5580000,0x00000000d5580000,0x00000000d6000000)
  from space 1024K, 40% used [0x00000000d6180000,0x00000000d61e8000,0x00000000d6280000)
  to   space 512K, 0% used [0x00000000d6300000,0x00000000d6300000,0x00000000d6380000)
 ParOldGen       total 143872K, used 143718K [0x0000000080000000, 0x0000000088c80000, 0x00000000d5580000)
  object space 143872K, 99% used [0x0000000080000000,0x0000000088c59850,0x0000000088c80000)
 Metaspace       used 68525K, committed 70208K, reserved 1114112K
  class space    used 7033K, committed 7744K, reserved 1048576K
}
Event: 1342.394 GC heap before
{Heap before GC invocations=141 (full 3):
 PSYoungGen      total 11776K, used 11168K [0x00000000d5580000, 0x00000000d6380000, 0x0000000100000000)
  eden space 10752K, 100% used [0x00000000d5580000,0x00000000d6000000,0x00000000d6000000)
  from space 1024K, 40% used [0x00000000d6180000,0x00000000d61e8000,0x00000000d6280000)
  to   space 512K, 0% used [0x00000000d6300000,0x00000000d6300000,0x00000000d6380000)
 ParOldGen       total 143872K, used 143718K [0x0000000080000000, 0x0000000088c80000, 0x00000000d5580000)
  object space 143872K, 99% used [0x0000000080000000,0x0000000088c59850,0x0000000088c80000)
 Metaspace       used 68590K, committed 70272K, reserved 1114112K
  class space    used 7033K, committed 7744K, reserved 1048576K
}
Event: 1342.396 GC heap after
{Heap after GC invocations=141 (full 3):
 PSYoungGen      total 11264K, used 416K [0x00000000d5580000, 0x00000000d6380000, 0x0000000100000000)
  eden space 10752K, 0% used [0x00000000d5580000,0x00000000d5580000,0x00000000d6000000)
  from space 512K, 81% used [0x00000000d6300000,0x00000000d6368000,0x00000000d6380000)
  to   space 512K, 0% used [0x00000000d6280000,0x00000000d6280000,0x00000000d6300000)
 ParOldGen       total 143872K, used 143782K [0x0000000080000000, 0x0000000088c80000, 0x00000000d5580000)
  object space 143872K, 99% used [0x0000000080000000,0x0000000088c69850,0x0000000088c80000)
 Metaspace       used 68590K, committed 70272K, reserved 1114112K
  class space    used 7033K, committed 7744K, reserved 1048576K
}

Dll operation events (10 events):
Event: 0.021 Loaded shared library c:\Users\ASUS\.antigravity\extensions\redhat.java-1.53.0-win32-x64\jre\21.0.10-win32-x86_64\bin\java.dll
Event: 0.162 Loaded shared library c:\Users\ASUS\.antigravity\extensions\redhat.java-1.53.0-win32-x64\jre\21.0.10-win32-x86_64\bin\zip.dll
Event: 0.202 Loaded shared library C:\Users\ASUS\.antigravity\extensions\redhat.java-1.53.0-win32-x64\jre\21.0.10-win32-x86_64\bin\instrument.dll
Event: 0.212 Loaded shared library C:\Users\ASUS\.antigravity\extensions\redhat.java-1.53.0-win32-x64\jre\21.0.10-win32-x86_64\bin\net.dll
Event: 0.216 Loaded shared library C:\Users\ASUS\.antigravity\extensions\redhat.java-1.53.0-win32-x64\jre\21.0.10-win32-x86_64\bin\nio.dll
Event: 0.222 Loaded shared library C:\Users\ASUS\.antigravity\extensions\redhat.java-1.53.0-win32-x64\jre\21.0.10-win32-x86_64\bin\zip.dll
Event: 0.251 Loaded shared library C:\Users\ASUS\.antigravity\extensions\redhat.java-1.53.0-win32-x64\jre\21.0.10-win32-x86_64\bin\jimage.dll
Event: 0.418 Loaded shared library c:\Users\ASUS\.antigravity\extensions\redhat.java-1.53.0-win32-x64\jre\21.0.10-win32-x86_64\bin\verify.dll
Event: 1.978 Loaded shared library C:\Users\ASUS\AppData\Roaming\Antigravity\User\globalStorage\redhat.java\1.53.0\config_win\org.eclipse.equinox.launcher\org.eclipse.equinox.launcher.win32.win32.x86_64_1.3.0.v20260203-2149\eclipse_11919.dll
Event: 4.368 Loaded shared library C:\Users\ASUS\AppData\Local\Temp\jna-2018896\jna237374225516658153.dll

Deoptimization events (20 events):
Event: 1289.572 Thread 0x0000019041603a30 Uncommon trap: trap_request=0xffffffbe fr.pc=0x00000190726151a8 relative=0x0000000000000108
Event: 1289.572 Thread 0x0000019041603a30 Uncommon trap: reason=profile_predicate action=maybe_recompile pc=0x00000190726151a8 method=org.eclipse.jdt.core.compiler.CharOperation.splitAndTrimOn(C[C)[[C @ 175 c2
Event: 1289.572 Thread 0x0000019041603a30 DEOPT PACKING pc=0x00000190726151a8 sp=0x00000046272fe840
Event: 1289.572 Thread 0x0000019041603a30 DEOPT UNPACKING pc=0x00000190713b3aa2 sp=0x00000046272fe7a8 mode 2
Event: 1317.011 Thread 0x0000019041603a30 Uncommon trap: trap_request=0xffffff54 fr.pc=0x000001907261e510 relative=0x0000000000001310
Event: 1317.011 Thread 0x0000019041603a30 Uncommon trap: reason=speculate_null_assert action=make_not_entrant pc=0x000001907261e510 method=com.google.common.cache.LocalCache$Segment.drainRecencyQueue()V @ 14 c2
Event: 1317.012 Thread 0x0000019041603a30 DEOPT PACKING pc=0x000001907261e510 sp=0x00000046272fe330
Event: 1317.012 Thread 0x0000019041603a30 DEOPT UNPACKING pc=0x00000190713b3aa2 sp=0x00000046272fdef8 mode 2
Event: 1355.165 Thread 0x0000019048ab5760 Uncommon trap: trap_request=0xffffffd6 fr.pc=0x0000019072632cf8 relative=0x0000000000000438
Event: 1355.165 Thread 0x0000019048ab5760 Uncommon trap: reason=array_check action=maybe_recompile pc=0x0000019072632cf8 method=java.util.TimSort.reverseRange([Ljava/lang/Object;II)V @ 20 c2
Event: 1355.165 Thread 0x0000019048ab5760 DEOPT PACKING pc=0x0000019072632cf8 sp=0x000000462b7fe320
Event: 1355.165 Thread 0x0000019048ab5760 DEOPT UNPACKING pc=0x00000190713b3aa2 sp=0x000000462b7fe230 mode 2
Event: 1355.166 Thread 0x0000019048ab5760 Uncommon trap: trap_request=0xffffffd6 fr.pc=0x0000019072632cf8 relative=0x0000000000000438
Event: 1355.166 Thread 0x0000019048ab5760 Uncommon trap: reason=array_check action=maybe_recompile pc=0x0000019072632cf8 method=java.util.TimSort.reverseRange([Ljava/lang/Object;II)V @ 20 c2
Event: 1355.166 Thread 0x0000019048ab5760 DEOPT PACKING pc=0x0000019072632cf8 sp=0x000000462b7fe1c0
Event: 1355.166 Thread 0x0000019048ab5760 DEOPT UNPACKING pc=0x00000190713b3aa2 sp=0x000000462b7fe0d0 mode 2
Event: 1355.166 Thread 0x0000019048ab5760 Uncommon trap: trap_request=0xffffffd6 fr.pc=0x0000019072632cf8 relative=0x0000000000000438
Event: 1355.166 Thread 0x0000019048ab5760 Uncommon trap: reason=array_check action=maybe_recompile pc=0x0000019072632cf8 method=java.util.TimSort.reverseRange([Ljava/lang/Object;II)V @ 20 c2
Event: 1355.166 Thread 0x0000019048ab5760 DEOPT PACKING pc=0x0000019072632cf8 sp=0x000000462b7fe230
Event: 1355.166 Thread 0x0000019048ab5760 DEOPT UNPACKING pc=0x00000190713b3aa2 sp=0x000000462b7fe140 mode 2

Classes loaded (20 events):
Event: 315.162 Loading class java/util/stream/Nodes$CollectorTask done
Event: 315.162 Loading class java/util/stream/Nodes$CollectorTask$OfRef done
Event: 315.163 Loading class java/util/function/LongFunction
Event: 315.163 Loading class java/util/function/LongFunction done
Event: 315.166 Loading class java/util/stream/Nodes$ConcNode
Event: 315.171 Loading class java/util/stream/Nodes$AbstractConcNode
Event: 315.173 Loading class java/util/stream/Nodes$AbstractConcNode done
Event: 315.173 Loading class java/util/stream/Nodes$ConcNode done
Event: 315.301 Loading class java/io/ObjectOutputStream$BlockDataOutputStream
Event: 315.303 Loading class java/io/ObjectOutputStream$BlockDataOutputStream done
Event: 315.303 Loading class java/io/ObjectOutputStream$HandleTable
Event: 315.304 Loading class java/io/ObjectOutputStream$HandleTable done
Event: 315.304 Loading class java/io/ObjectOutputStream$ReplaceTable
Event: 315.305 Loading class java/io/ObjectOutputStream$ReplaceTable done
Event: 935.426 Loading class java/nio/BufferMismatch
Event: 935.427 Loading class java/nio/BufferMismatch done
Event: 935.429 Loading class java/nio/file/attribute/PosixFileAttributes
Event: 935.430 Loading class java/nio/file/attribute/PosixFileAttributes done
Event: 1089.145 Loading class java/nio/file/Files$2
Event: 1089.148 Loading class java/nio/file/Files$2 done

Classes unloaded (7 events):
Event: 5.147 Thread 0x0000019066db1990 Unloading class 0x00000190011a4c00 'java/lang/invoke/LambdaForm$MH+0x00000190011a4c00'
Event: 5.147 Thread 0x0000019066db1990 Unloading class 0x00000190011a4800 'java/lang/invoke/LambdaForm$MH+0x00000190011a4800'
Event: 5.147 Thread 0x0000019066db1990 Unloading class 0x00000190011a4400 'java/lang/invoke/LambdaForm$MH+0x00000190011a4400'
Event: 5.147 Thread 0x0000019066db1990 Unloading class 0x00000190011a4000 'java/lang/invoke/LambdaForm$MH+0x00000190011a4000'
Event: 5.147 Thread 0x0000019066db1990 Unloading class 0x00000190011a3c00 'java/lang/invoke/LambdaForm$BMH+0x00000190011a3c00'
Event: 5.147 Thread 0x0000019066db1990 Unloading class 0x00000190011a3800 'java/lang/invoke/LambdaForm$DMH+0x00000190011a3800'
Event: 5.147 Thread 0x0000019066db1990 Unloading class 0x00000190011a2400 'java/lang/invoke/LambdaForm$DMH+0x00000190011a2400'

Classes redefined (0 events):
No events

Internal exceptions (20 events):
Event: 15.260 Thread 0x0000019046a199a0 Exception <a 'java/lang/NoSuchMethodError'{0x00000000d5fbdf40}: 'java.lang.Object java.lang.invoke.DirectMethodHandle$Holder.newInvokeSpecial(java.lang.Object, java.lang.Object, int)'> (0x00000000d5fbdf40) 
thrown [s\src\hotspot\share\interpreter\linkResolver.cpp, line 773]
Event: 15.282 Thread 0x0000019046a199a0 Exception <a 'java/lang/NoSuchMethodError'{0x00000000d6278540}: 'void java.lang.invoke.DirectMethodHandle$Holder.invokeStatic(java.lang.Object, int)'> (0x00000000d6278540) 
thrown [s\src\hotspot\share\interpreter\linkResolver.cpp, line 773]
Event: 15.433 Thread 0x0000019046a199a0 Exception <a 'java/io/FileNotFoundException'{0x00000000d5708620}> (0x00000000d5708620) 
thrown [s\src\hotspot\share\prims\jni.cpp, line 520]
Event: 15.434 Thread 0x0000019046a199a0 Exception <a 'java/io/FileNotFoundException'{0x00000000d57098e8}> (0x00000000d57098e8) 
thrown [s\src\hotspot\share\prims\jni.cpp, line 520]
Event: 15.434 Thread 0x0000019046a199a0 Exception <a 'java/io/FileNotFoundException'{0x00000000d570a8f0}> (0x00000000d570a8f0) 
thrown [s\src\hotspot\share\prims\jni.cpp, line 520]
Event: 15.492 Thread 0x0000019046a16bb0 Exception <a 'java/lang/NoSuchMethodError'{0x00000000d5b99a90}: 'java.lang.Object java.lang.invoke.DirectMethodHandle$Holder.invokeStatic(java.lang.Object, java.lang.Object, int, java.lang.Object)'> (0x00000000d5b99a90) 
thrown [s\src\hotspot\share\interpreter\linkResolver.cpp, line 773]
Event: 17.014 Thread 0x0000019046a1a030 Implicit null exception at 0x000001907230f5e2 to 0x00000190723119c8
Event: 17.014 Thread 0x0000019046a1a030 Implicit null exception at 0x00000190722a3069 to 0x00000190722a314c
Event: 17.090 Thread 0x0000019046a1a030 Exception <a 'java/lang/NoSuchMethodError'{0x00000000d55b31c8}: 'void java.lang.invoke.DirectMethodHandle$Holder.invokeStatic(java.lang.Object, int, java.lang.Object)'> (0x00000000d55b31c8) 
thrown [s\src\hotspot\share\interpreter\linkResolver.cpp, line 773]
Event: 315.264 Thread 0x0000019046a1a030 Exception <a 'sun/nio/fs/WindowsException'{0x00000000d580abe0}> (0x00000000d580abe0) 
thrown [s\src\hotspot\share\prims\jni.cpp, line 520]
Event: 315.265 Thread 0x0000019046a1a030 Exception <a 'sun/nio/fs/WindowsException'{0x00000000d580b720}> (0x00000000d580b720) 
thrown [s\src\hotspot\share\prims\jni.cpp, line 520]
Event: 315.272 Thread 0x0000019046a1a030 Implicit null exception at 0x00000190721a0f86 to 0x00000190721a1224
Event: 315.364 Thread 0x0000019046a1a030 Exception <a 'java/lang/NoSuchMethodError'{0x00000000d58b5cc0}: static [J.<clinit>()V> (0x00000000d58b5cc0) 
thrown [s\src\hotspot\share\prims\jni.cpp, line 1111]
Event: 315.476 Thread 0x0000019046a1a030 Exception <a 'java/lang/NoSuchMethodError'{0x00000000d58e0910}: 'java.lang.Object java.lang.invoke.DirectMethodHandle$Holder.newInvokeSpecial(java.lang.Object, java.lang.Object, java.lang.Object, java.lang.Object, java.lang.Object, java.lang.Object, java.lang.Object, java.lang.Object)'> (0x00000000d58e0910) 
thrown [s\src\hotspot\share\interpreter\linkResolver.cpp, line 773]
Event: 934.732 Thread 0x0000019046a17f60 Implicit null exception at 0x0000019071dd2c1f to 0x0000019071dd38cc
Event: 1088.635 Thread 0x0000019041603a30 Exception <a 'java/lang/IncompatibleClassChangeError'{0x00000000d5792f60}: Found class java.lang.Object, but interface was expected> (0x00000000d5792f60) 
thrown [s\src\hotspot\share\interpreter\linkResolver.cpp, line 840]
Event: 1233.725 Thread 0x0000019041603a30 Exception <a 'sun/nio/fs/WindowsException'{0x00000000d59c6cf0}> (0x00000000d59c6cf0) 
thrown [s\src\hotspot\share\prims\jni.cpp, line 520]
Event: 1233.725 Thread 0x0000019041603a30 Exception <a 'sun/nio/fs/WindowsException'{0x00000000d59c7ab8}> (0x00000000d59c7ab8) 
thrown [s\src\hotspot\share\prims\jni.cpp, line 520]
Event: 1546.673 Thread 0x00000190415ff200 Exception <a 'sun/nio/fs/WindowsException'{0x00000000d5da4688}> (0x00000000d5da4688) 
thrown [s\src\hotspot\share\prims\jni.cpp, line 520]
Event: 1546.674 Thread 0x00000190415ff200 Exception <a 'sun/nio/fs/WindowsException'{0x00000000d5da51c8}> (0x00000000d5da51c8) 
thrown [s\src\hotspot\share\prims\jni.cpp, line 520]

ZGC Phase Switch (0 events):
No events

VM Operations (20 events):
Event: 1279.310 Executing safepoint VM operation: Cleanup
Event: 1279.310 Executing safepoint VM operation: Cleanup done
Event: 1289.626 Executing safepoint VM operation: ParallelGCFailedAllocation (Allocation Failure)
Event: 1289.628 Executing safepoint VM operation: ParallelGCFailedAllocation (Allocation Failure) done
Event: 1290.629 Executing safepoint VM operation: Cleanup
Event: 1290.629 Executing safepoint VM operation: Cleanup done
Event: 1302.713 Executing safepoint VM operation: Cleanup
Event: 1302.713 Executing safepoint VM operation: Cleanup done
Event: 1317.808 Executing safepoint VM operation: Cleanup
Event: 1317.808 Executing safepoint VM operation: Cleanup done
Event: 1342.394 Executing safepoint VM operation: ParallelGCFailedAllocation (Allocation Failure)
Event: 1342.396 Executing safepoint VM operation: ParallelGCFailedAllocation (Allocation Failure) done
Event: 1343.407 Executing safepoint VM operation: Cleanup
Event: 1343.407 Executing safepoint VM operation: Cleanup done
Event: 1355.494 Executing safepoint VM operation: Cleanup
Event: 1355.494 Executing safepoint VM operation: Cleanup done
Event: 1546.747 Executing safepoint VM operation: Cleanup
Event: 1546.747 Executing safepoint VM operation: Cleanup done
Event: 1547.754 Executing safepoint VM operation: Cleanup
Event: 1547.754 Executing safepoint VM operation: Cleanup done

Memory protections (0 events):
No events

Nmethod flushes (20 events):
Event: 13.151 Thread 0x0000019066db1990 flushing  nmethod 0x000001906a820d10
Event: 13.151 Thread 0x0000019066db1990 flushing  nmethod 0x000001906a84a610
Event: 13.151 Thread 0x0000019066db1990 flushing osr nmethod 0x000001906a854790
Event: 13.151 Thread 0x0000019066db1990 flushing osr nmethod 0x000001906a857110
Event: 13.151 Thread 0x0000019066db1990 flushing osr nmethod 0x000001906a889690
Event: 13.151 Thread 0x0000019066db1990 flushing  nmethod 0x000001906a8b2090
Event: 13.151 Thread 0x0000019066db1990 flushing  nmethod 0x000001906a8c3f90
Event: 13.151 Thread 0x0000019066db1990 flushing  nmethod 0x000001906a8c6810
Event: 13.151 Thread 0x0000019066db1990 flushing  nmethod 0x000001906a8e3610
Event: 13.151 Thread 0x0000019066db1990 flushing  nmethod 0x000001906a8e3c10
Event: 13.151 Thread 0x0000019066db1990 flushing  nmethod 0x000001906a8e4310
Event: 13.151 Thread 0x0000019066db1990 flushing  nmethod 0x000001906a8e4b90
Event: 13.151 Thread 0x0000019066db1990 flushing  nmethod 0x000001906a8e7290
Event: 13.151 Thread 0x0000019066db1990 flushing  nmethod 0x000001906a8fa390
Event: 13.151 Thread 0x0000019066db1990 flushing  nmethod 0x000001906a901190
Event: 13.151 Thread 0x0000019066db1990 flushing  nmethod 0x000001906a91e010
Event: 13.151 Thread 0x0000019066db1990 flushing osr nmethod 0x000001906a994f90
Event: 13.151 Thread 0x0000019066db1990 flushing  nmethod 0x000001906a9a5510
Event: 13.151 Thread 0x0000019066db1990 flushing  nmethod 0x000001906a9a6e10
Event: 13.151 Thread 0x0000019066db1990 flushing  nmethod 0x000001906a9b5410

Events (20 events):
Event: 1215.075 Thread 0x0000019046a17f60 Thread exited: 0x0000019046a17f60
Event: 1233.715 Thread 0x0000019041603a30 Thread added: 0x0000019041605b00
Event: 1233.716 Thread 0x0000019041605b00 Thread exited: 0x0000019041605b00
Event: 1233.728 Thread 0x0000019041603a30 Thread added: 0x0000019041605b00
Event: 1233.729 Thread 0x0000019041605b00 Thread exited: 0x0000019041605b00
Event: 1233.740 Thread 0x000001907ea81d90 Thread added: 0x0000019047cfaf70
Event: 1233.743 Thread 0x000001907ea81d90 Thread added: 0x0000019047cf78f0
Event: 1233.750 Thread 0x0000019066dbee00 Thread added: 0x0000019047cf8690
Event: 1233.867 Thread 0x0000019047cf8690 Thread exited: 0x0000019047cf8690
Event: 1233.868 Thread 0x0000019047cf78f0 Thread exited: 0x0000019047cf78f0
Event: 1233.868 Thread 0x0000019047cfaf70 Thread exited: 0x0000019047cfaf70
Event: 1263.214 Thread 0x000001907ea81d90 Thread added: 0x0000019047cfaf70
Event: 1268.479 Thread 0x0000019047cfaf70 Thread exited: 0x0000019047cfaf70
Event: 1269.377 Thread 0x0000019041604de0 Thread exited: 0x0000019041604de0
Event: 1289.575 Thread 0x000001907ea81d90 Thread added: 0x0000019047cfaf70
Event: 1294.669 Thread 0x0000019047cfaf70 Thread exited: 0x0000019047cfaf70
Event: 1546.662 Thread 0x00000190415ff200 Thread added: 0x0000019041604de0
Event: 1546.664 Thread 0x0000019041604de0 Thread exited: 0x0000019041604de0
Event: 1546.678 Thread 0x00000190415ff200 Thread added: 0x0000019041604de0
Event: 1546.678 Thread 0x0000019041604de0 Thread exited: 0x0000019041604de0


Dynamic libraries:
0x00007ff6fd4b0000 - 0x00007ff6fd4be000 	c:\Users\ASUS\.antigravity\extensions\redhat.java-1.53.0-win32-x64\jre\21.0.10-win32-x86_64\bin\java.exe
0x00007ff9e8e60000 - 0x00007ff9e90c9000 	C:\WINDOWS\SYSTEM32\ntdll.dll
0x00007ff9e7fd0000 - 0x00007ff9e8099000 	C:\WINDOWS\System32\KERNEL32.DLL
0x00007ff9e63e0000 - 0x00007ff9e67d3000 	C:\WINDOWS\System32\KERNELBASE.dll
0x00007ff9e6290000 - 0x00007ff9e63db000 	C:\WINDOWS\System32\ucrtbase.dll
0x00007ff9bd780000 - 0x00007ff9bd79e000 	c:\Users\ASUS\.antigravity\extensions\redhat.java-1.53.0-win32-x64\jre\21.0.10-win32-x86_64\bin\VCRUNTIME140.dll
0x00007ff9c5300000 - 0x00007ff9c5318000 	c:\Users\ASUS\.antigravity\extensions\redhat.java-1.53.0-win32-x64\jre\21.0.10-win32-x86_64\bin\jli.dll
0x00007ff9e7020000 - 0x00007ff9e71e4000 	C:\WINDOWS\System32\USER32.dll
0x00007ff9e6060000 - 0x00007ff9e6087000 	C:\WINDOWS\System32\win32u.dll
0x00007ff9cbc60000 - 0x00007ff9cbef3000 	C:\WINDOWS\WinSxS\amd64_microsoft.windows.common-controls_6595b64144ccf1df_6.0.26100.5074_none_3e0d6f78e32fd63f\COMCTL32.dll
0x00007ff9e72b0000 - 0x00007ff9e7359000 	C:\WINDOWS\System32\msvcrt.dll
0x00007ff9e7db0000 - 0x00007ff9e7ddb000 	C:\WINDOWS\System32\GDI32.dll
0x00007ff9e6950000 - 0x00007ff9e6a7d000 	C:\WINDOWS\System32\gdi32full.dll
0x00007ff9e67e0000 - 0x00007ff9e6883000 	C:\WINDOWS\System32\msvcp_win.dll
0x00007ff9e83e0000 - 0x00007ff9e840f000 	C:\WINDOWS\System32\IMM32.DLL
0x00007ff9ced90000 - 0x00007ff9ced9c000 	c:\Users\ASUS\.antigravity\extensions\redhat.java-1.53.0-win32-x64\jre\21.0.10-win32-x86_64\bin\vcruntime140_1.dll
0x00007ff96b340000 - 0x00007ff96b3cd000 	c:\Users\ASUS\.antigravity\extensions\redhat.java-1.53.0-win32-x64\jre\21.0.10-win32-x86_64\bin\msvcp140.dll
0x00007ff9110c0000 - 0x00007ff911e61000 	c:\Users\ASUS\.antigravity\extensions\redhat.java-1.53.0-win32-x64\jre\21.0.10-win32-x86_64\bin\server\jvm.dll
0x00007ff9e8200000 - 0x00007ff9e82b4000 	C:\WINDOWS\System32\ADVAPI32.dll
0x00007ff9e7c80000 - 0x00007ff9e7d26000 	C:\WINDOWS\System32\sechost.dll
0x00007ff9e82c0000 - 0x00007ff9e83d8000 	C:\WINDOWS\System32\RPCRT4.dll
0x00007ff9e6c10000 - 0x00007ff9e6c84000 	C:\WINDOWS\System32\WS2_32.dll
0x00007ff9e5e20000 - 0x00007ff9e5e7e000 	C:\WINDOWS\SYSTEM32\POWRPROF.dll
0x00007ff9d9500000 - 0x00007ff9d9535000 	C:\WINDOWS\SYSTEM32\WINMM.dll
0x00007ff9deea0000 - 0x00007ff9deeab000 	C:\WINDOWS\SYSTEM32\VERSION.dll
0x00007ff9e5e00000 - 0x00007ff9e5e14000 	C:\WINDOWS\SYSTEM32\UMPDC.dll
0x00007ff9e4d60000 - 0x00007ff9e4d7b000 	C:\WINDOWS\SYSTEM32\kernel.appcore.dll
0x00007ff9cd580000 - 0x00007ff9cd58a000 	c:\Users\ASUS\.antigravity\extensions\redhat.java-1.53.0-win32-x64\jre\21.0.10-win32-x86_64\bin\jimage.dll
0x00007ff9d7bc0000 - 0x00007ff9d7e02000 	C:\WINDOWS\SYSTEM32\DBGHELP.DLL
0x00007ff9e7460000 - 0x00007ff9e77db000 	C:\WINDOWS\System32\combase.dll
0x00007ff9e85c0000 - 0x00007ff9e8697000 	C:\WINDOWS\System32\OLEAUT32.dll
0x00007ff9cc330000 - 0x00007ff9cc36d000 	C:\WINDOWS\SYSTEM32\dbgcore.DLL
0x00007ff9e5fc0000 - 0x00007ff9e6059000 	C:\WINDOWS\System32\bcryptPrimitives.dll
0x00007ff9cd350000 - 0x00007ff9cd35f000 	c:\Users\ASUS\.antigravity\extensions\redhat.java-1.53.0-win32-x64\jre\21.0.10-win32-x86_64\bin\instrument.dll
0x00007ff9bc370000 - 0x00007ff9bc390000 	c:\Users\ASUS\.antigravity\extensions\redhat.java-1.53.0-win32-x64\jre\21.0.10-win32-x86_64\bin\java.dll
0x00007ff9e86a0000 - 0x00007ff9e8ded000 	C:\WINDOWS\System32\SHELL32.dll
0x00007ff9e6090000 - 0x00007ff9e61fc000 	C:\WINDOWS\System32\wintypes.dll
0x00007ff9e3bd0000 - 0x00007ff9e4429000 	C:\WINDOWS\SYSTEM32\windows.storage.dll
0x00007ff9e84c0000 - 0x00007ff9e85b0000 	C:\WINDOWS\System32\SHCORE.dll
0x00007ff9e8190000 - 0x00007ff9e81f2000 	C:\WINDOWS\System32\shlwapi.dll
0x00007ff9e5ee0000 - 0x00007ff9e5f09000 	C:\WINDOWS\SYSTEM32\profapi.dll
0x00007ff9b3550000 - 0x00007ff9b3568000 	c:\Users\ASUS\.antigravity\extensions\redhat.java-1.53.0-win32-x64\jre\21.0.10-win32-x86_64\bin\zip.dll
0x00007ff9cd300000 - 0x00007ff9cd310000 	C:\Users\ASUS\.antigravity\extensions\redhat.java-1.53.0-win32-x64\jre\21.0.10-win32-x86_64\bin\net.dll
0x00007ff9df300000 - 0x00007ff9df41f000 	C:\WINDOWS\SYSTEM32\WINHTTP.dll
0x00007ff9e52c0000 - 0x00007ff9e532b000 	C:\WINDOWS\system32\mswsock.dll
0x00007ff96fe50000 - 0x00007ff96fe66000 	C:\Users\ASUS\.antigravity\extensions\redhat.java-1.53.0-win32-x64\jre\21.0.10-win32-x86_64\bin\nio.dll
0x00007ff9cb2b0000 - 0x00007ff9cb2c0000 	c:\Users\ASUS\.antigravity\extensions\redhat.java-1.53.0-win32-x64\jre\21.0.10-win32-x86_64\bin\verify.dll
0x00007ff969400000 - 0x00007ff969445000 	C:\Users\ASUS\AppData\Roaming\Antigravity\User\globalStorage\redhat.java\1.53.0\config_win\org.eclipse.equinox.launcher\org.eclipse.equinox.launcher.win32.win32.x86_64_1.3.0.v20260203-2149\eclipse_11919.dll
0x00007ff9e7e30000 - 0x00007ff9e7fc8000 	C:\WINDOWS\System32\ole32.dll
0x00007ff9e5690000 - 0x00007ff9e56ab000 	C:\WINDOWS\SYSTEM32\CRYPTSP.dll
0x00007ff9e4cc0000 - 0x00007ff9e4cfb000 	C:\WINDOWS\system32\rsaenh.dll
0x00007ff9e5360000 - 0x00007ff9e538b000 	C:\WINDOWS\SYSTEM32\USERENV.dll
0x00007ff9e5eb0000 - 0x00007ff9e5ed6000 	C:\WINDOWS\SYSTEM32\bcrypt.dll
0x00007ff9e54f0000 - 0x00007ff9e54fc000 	C:\WINDOWS\SYSTEM32\CRYPTBASE.dll
0x00007ff9e4800000 - 0x00007ff9e4834000 	C:\WINDOWS\SYSTEM32\IPHLPAPI.DLL
0x00007ff9e6ea0000 - 0x00007ff9e6eaa000 	C:\WINDOWS\System32\NSI.dll
0x00007ff952780000 - 0x00007ff9527c9000 	C:\Users\ASUS\AppData\Local\Temp\jna-2018896\jna237374225516658153.dll
0x00007ff9e77e0000 - 0x00007ff9e77e8000 	C:\WINDOWS\System32\PSAPI.DLL
0x00007ff9dfd30000 - 0x00007ff9dfd4e000 	C:\WINDOWS\SYSTEM32\dhcpcsvc6.DLL
0x00007ff9dfc20000 - 0x00007ff9dfc43000 	C:\WINDOWS\SYSTEM32\dhcpcsvc.DLL

JVMTI agents:
c:\Users\ASUS\.antigravity\extensions\redhat.java-1.53.0-win32-x64\lombok\lombok-1.18.39-4050.jar path:c:\Users\ASUS\.antigravity\extensions\redhat.java-1.53.0-win32-x64\jre\21.0.10-win32-x86_64\bin\instrument.dll, loaded, initialized, instrumentlib options:none

dbghelp: loaded successfully - version: 4.0.5 - missing functions: none
symbol engine: initialized successfully - sym options: 0x614 - pdb path: .;c:\Users\ASUS\.antigravity\extensions\redhat.java-1.53.0-win32-x64\jre\21.0.10-win32-x86_64\bin;C:\WINDOWS\SYSTEM32;C:\WINDOWS\WinSxS\amd64_microsoft.windows.common-controls_6595b64144ccf1df_6.0.26100.5074_none_3e0d6f78e32fd63f;c:\Users\ASUS\.antigravity\extensions\redhat.java-1.53.0-win32-x64\jre\21.0.10-win32-x86_64\bin\server;C:\Users\ASUS\AppData\Roaming\Antigravity\User\globalStorage\redhat.java\1.53.0\config_win\org.eclipse.equinox.launcher\org.eclipse.equinox.launcher.win32.win32.x86_64_1.3.0.v20260203-2149;C:\Users\ASUS\AppData\Local\Temp\jna-2018896

VM Arguments:
jvm_args: --add-modules=ALL-SYSTEM --add-opens=java.base/java.util=ALL-UNNAMED --add-opens=java.base/java.lang=ALL-UNNAMED --add-opens=java.base/sun.nio.fs=ALL-UNNAMED -Declipse.application=org.eclipse.jdt.ls.core.id1 -Dosgi.bundles.defaultStartLevel=4 -Declipse.product=org.eclipse.jdt.ls.core.product -Djava.import.generatesMetadataFilesAtProjectRoot=false -DDetectVMInstallationsJob.disabled=true -Dfile.encoding=utf8 -XX:+UseParallelGC -XX:GCTimeRatio=4 -XX:AdaptiveSizePolicyWeight=90 -Dsun.zip.disableMemoryMapping=true -Xmx2G -Xms100m -Xlog:disable -javaagent:c:\Users\ASUS\.antigravity\extensions\redhat.java-1.53.0-win32-x64\lombok\lombok-1.18.39-4050.jar -XX:+HeapDumpOnOutOfMemoryError -XX:HeapDumpPath=c:\Users\ASUS\AppData\Roaming\Antigravity\User\workspaceStorage\072664e477a3092332c4219defd89c4c\redhat.java -Daether.dependencyCollector.impl=bf 
java_command: c:\Users\ASUS\.antigravity\extensions\redhat.java-1.53.0-win32-x64\server\plugins\org.eclipse.equinox.launcher_1.7.100.v20251111-0406.jar -configuration c:\Users\ASUS\AppData\Roaming\Antigravity\User\globalStorage\redhat.java\1.53.0\config_win -data c:\Users\ASUS\AppData\Roaming\Antigravity\User\workspaceStorage\072664e477a3092332c4219defd89c4c\redhat.java\jdt_ws --pipe=\\.\pipe\lsp-51082989ba83964e77c4461f7b6930a7-sock
java_class_path (initial): c:\Users\ASUS\.antigravity\extensions\redhat.java-1.53.0-win32-x64\server\plugins\org.eclipse.equinox.launcher_1.7.100.v20251111-0406.jar
Launcher Type: SUN_STANDARD

[Global flags]
    uintx AdaptiveSizePolicyWeight                 = 90                                        {product} {command line}
     intx CICompilerCount                          = 12                                        {product} {ergonomic}
    uintx GCTimeRatio                              = 4                                         {product} {command line}
     bool HeapDumpOnOutOfMemoryError               = true                                   {manageable} {command line}
    ccstr HeapDumpPath                             = c:\Users\ASUS\AppData\Roaming\Antigravity\User\workspaceStorage\072664e477a3092332c4219defd89c4c\redhat.java         {manageable} {command line}
   size_t InitialHeapSize                          = 104857600                                 {product} {command line}
   size_t MaxHeapSize                              = 2147483648                                {product} {command line}
   size_t MaxNewSize                               = 715653120                                 {product} {ergonomic}
   size_t MinHeapDeltaBytes                        = 524288                                    {product} {ergonomic}
   size_t MinHeapSize                              = 104857600                                 {product} {command line}
   size_t NewSize                                  = 34603008                                  {product} {ergonomic}
    uintx NonNMethodCodeHeapSize                   = 7602480                                {pd product} {ergonomic}
    uintx NonProfiledCodeHeapSize                  = 122027880                              {pd product} {ergonomic}
   size_t OldSize                                  = 70254592                                  {product} {ergonomic}
    uintx ProfiledCodeHeapSize                     = 122027880                              {pd product} {ergonomic}
    uintx ReservedCodeCacheSize                    = 251658240                              {pd product} {ergonomic}
     bool SegmentedCodeCache                       = true                                      {product} {ergonomic}
   size_t SoftMaxHeapSize                          = 2147483648                             {manageable} {ergonomic}
     bool UseCompressedOops                        = true                           {product lp64_product} {ergonomic}
     bool UseLargePagesIndividualAllocation        = false                                  {pd product} {ergonomic}
     bool UseParallelGC                            = true                                      {product} {command line}

Logging:
Log output configuration:
 #0: stdout all=off uptime,level,tags foldmultilines=false
 #1: stderr all=off uptime,level,tags foldmultilines=false

Release file:
JAVA_VERSION="21.0.10" 
MODULES="java.base java.compiler java.datatransfer java.xml java.prefs java.desktop java.instrument java.logging java.management java.security.sasl java.naming java.rmi java.management.rmi java.net.http java.scripting java.security.jgss java.transaction.xa java.sql java.sql.rowset java.xml.crypto java.se java.smartcardio jdk.accessibility jdk.internal.jvmstat jdk.attach jdk.charsets jdk.internal.opt jdk.zipfs jdk.compiler jdk.crypto.ec jdk.crypto.cryptoki jdk.crypto.mscapi jdk.dynalink jdk.internal.ed jdk.editpad jdk.hotspot.agent jdk.httpserver jdk.internal.le jdk.internal.vm.ci jdk.internal.vm.compiler jdk.internal.vm.compiler.management jdk.jartool jdk.javadoc jdk.jcmd jdk.management jdk.management.agent jdk.jconsole jdk.jdeps jdk.jdwp.agent jdk.jdi jdk.jfr jdk.jshell jdk.jsobject jdk.jstatd jdk.localedata jdk.management.jfr jdk.naming.dns jdk.naming.rmi jdk.net jdk.nio.mapmode jdk.random jdk.sctp jdk.security.auth jdk.security.jgss jdk.unsupported jdk.unsupported.desktop jdk.xml.dom" 

Environment Variables:
PATH=C:\Program Files\Java\jdk-25\bin;C:\Program Files\Python313\Scripts\;C:\Program Files\Python313\;C:\Program Files (x86)\VMware\VMware Workstation\bin\;C:\WINDOWS\system32;C:\WINDOWS;C:\WINDOWS\System32\Wbem;C:\WINDOWS\System32\WindowsPowerShell\v1.0\;C:\WINDOWS\System32\OpenSSH\;C:\Program Files\NVIDIA Corporation\NVIDIA App\NvDLISR;C:\Program Files (x86)\NVIDIA Corporation\PhysX\Common;C:\Program Files\dotnet\;C:\php-8.4.7;C:\ProgramData\ComposerSetup\bin;C:\Program Files\nodejs\;C:\Program Files\Git\cmd;C:\Program Files\MongoDB\Server\8.2\bin;C:\Program Files\Java\jdk-25\;;C:\ProgramData\chocolatey\bin;C:\Program Files\Microsoft SQL Server\150\Tools\Binn\;C:\Program Files\Microsoft SQL Server\Client SDK\ODBC\170\Tools\Binn\;C:\Program Files\Microsoft SQL Server\170\DTS\Binn\;C:\Program Files\Docker\Docker\resources\bin;c:\Users\ASUS\AppData\Local\Programs\cursor\resources\app\codeBin;C:\Program Files\Java\jdk-25\bin;C:\Users\ASUS\AppData\Local\Microsoft\WindowsApps;C:\Visaul Studio\Microsoft VS Code\bin;C:\Users\ASUS\AppData\Local\Programs\Azure Data Studio\bin;C:\Program Files\Azure Data Studio\bin;C:\Users\ASUS\AppData\Local\GitHubDesktop\bin;C:\Users\ASUS\AppData\Roaming\Composer\vendor\bin;C:\Users\ASUS\AppData\Roaming\npm;C:\Program Files\mongosh\;C:\Program Files\IntelliJ IDEA 2025.2.3\bin;C:\Program Files\JetBrains\WebStorm 2025.2.3\bin;C:\Program Files (x86)\Microsoft Visual Studio\Shared\NuGetPackages\microsoft.visualstudio.javascript.sdk;C:\Program Files\Java\jdk-25\;C:\Users\ASUS\.dotnet\tools;C:\Users\ASUS\AppData\Local\Microsoft\WinGet\Links;C:\Users\ASUS\AppData\Local\Programs\Antigravity\bin;C:\Users\ASUS\AppData\Local\Programs\cursor\resources\app\bin
USERNAME=ASUS
OS=Windows_NT
PROCESSOR_IDENTIFIER=AMD64 Family 25 Model 68 Stepping 1, AuthenticAMD
TMP=C:\Users\ASUS\AppData\Local\Temp
TEMP=C:\Users\ASUS\AppData\Local\Temp




Periodic native trim disabled

---------------  S Y S T E M  ---------------

OS:
 Windows 11 , 64 bit Build 26100 (10.0.26100.5074)
OS uptime: 0 days 1:37 hours
Hyper-V role detected

CPU: total 16 (initial active 16) (16 cores per cpu, 2 threads per core) family 25 model 68 stepping 1 microcode 0xa404107, cx8, cmov, fxsr, ht, mmx, 3dnowpref, sse, sse2, sse3, ssse3, sse4a, sse4.1, sse4.2, popcnt, lzcnt, tsc, tscinvbit, avx, avx2, aes, erms, clmul, bmi1, bmi2, adx, sha, fma, vzeroupper, clflush, clflushopt, hv, rdtscp, rdpid, fsrm, f16c, cet_ss
Processor Information for the first 16 processors :
  Max Mhz: 3100, Current Mhz: 3100, Mhz Limit: 3100

Memory: 4k page, system-wide physical 8010M (534M free)
TotalPageFile size 24394M (AvailPageFile size 0M)
current process WorkingSet (physical memory assigned to process): 48M, peak: 544M
current process commit charge ("private bytes"): 472M, peak: 633M

vm_info: OpenJDK 64-Bit Server VM (21.0.10+7-LTS) for windows-amd64 JRE (21.0.10+7-LTS), built on 2026-01-20T00:00:00Z by "admin" with MS VC++ 17.12 (VS2022)

END.
