#
# There is insufficient memory for the Java Runtime Environment to continue.
# Native memory allocation (malloc) failed to allocate 651392 bytes. Error detail: Chunk::new
# Possible reasons:
#   The system is out of physical RAM or swap space
#   This process is running with CompressedOops enabled, and the Java Heap may be blocking the growth of the native heap
# Possible solutions:
#   Reduce memory load on the system
#   Increase physical memory or swap space
#   Check if swap backing store is full
#   Decrease Java heap size (-Xmx/-Xms)
#   Decrease number of Java threads
#   Decrease Java thread stack sizes (-Xss)
#   Set larger code cache with -XX:ReservedCodeCacheSize=
#   JVM is running with Unscaled Compressed Oops mode in which the Java heap is
#     placed in the first 4GB address space. The Java Heap base address is the
#     maximum limit for the native heap growth. Please use -XX:HeapBaseMinAddress
#     to set the Java Heap base and to place the Java Heap above 4GB virtual address.
# This output file may be truncated or incomplete.
#
#  Out of Memory Error (arena.cpp:168), pid=21592, tid=16640
#
# JRE version: OpenJDK Runtime Environment Temurin-21.0.10+7 (21.0.10+7) (build 21.0.10+7-LTS)
# Java VM: OpenJDK 64-Bit Server VM Temurin-21.0.10+7 (21.0.10+7-LTS, mixed mode, sharing, tiered, compressed oops, compressed class ptrs, parallel gc, windows-amd64)
# No core dump will be written. Minidumps are not enabled by default on client versions of Windows
#

---------------  S U M M A R Y ------------

Command Line: --add-modules=ALL-SYSTEM --add-opens=java.base/java.util=ALL-UNNAMED --add-opens=java.base/java.lang=ALL-UNNAMED --add-opens=java.base/sun.nio.fs=ALL-UNNAMED -Declipse.application=org.eclipse.jdt.ls.core.id1 -Dosgi.bundles.defaultStartLevel=4 -Declipse.product=org.eclipse.jdt.ls.core.product -Djava.import.generatesMetadataFilesAtProjectRoot=false -DDetectVMInstallationsJob.disabled=true -Dfile.encoding=utf8 -XX:+UseParallelGC -XX:GCTimeRatio=4 -XX:AdaptiveSizePolicyWeight=90 -Dsun.zip.disableMemoryMapping=true -Xmx2G -Xms100m -Xlog:disable -javaagent:c:\Users\ASUS\.antigravity\extensions\redhat.java-1.53.0-win32-x64\lombok\lombok-1.18.39-4050.jar -XX:+HeapDumpOnOutOfMemoryError -XX:HeapDumpPath=c:\Users\ASUS\AppData\Roaming\Antigravity\User\workspaceStorage\072664e477a3092332c4219defd89c4c\redhat.java -Daether.dependencyCollector.impl=bf c:\Users\ASUS\.antigravity\extensions\redhat.java-1.53.0-win32-x64\server\plugins\org.eclipse.equinox.launcher_1.7.100.v20251111-0406.jar -configuration c:\Users\ASUS\AppData\Roaming\Antigravity\User\globalStorage\redhat.java\1.53.0\config_win -data c:\Users\ASUS\AppData\Roaming\Antigravity\User\workspaceStorage\072664e477a3092332c4219defd89c4c\redhat.java\jdt_ws --pipe=\\.\pipe\lsp-303ceeaf67aecdd1166efaff37525312-sock

Host: AMD Ryzen 7 7435HS                             , 16 cores, 7G,  Windows 11 , 64 bit Build 26100 (10.0.26100.5074)
Time: Tue Mar 31 09:48:26 2026 SE Asia Standard Time elapsed time: 61.122942 seconds (0d 0h 1m 1s)

---------------  T H R E A D  ---------------

Current thread (0x0000029e7bce2470):  JavaThread "C2 CompilerThread2" daemon [_thread_in_native, id=16640, stack(0x000000f837600000,0x000000f837700000) (1024K)]


Current CompileTask:
C2:61122 17935   !   4       jdk.internal.jrtfs.JrtPath::toUri (169 bytes)

Stack: [0x000000f837600000,0x000000f837700000]
Native frames: (J=compiled Java code, j=interpreted, Vv=VM code, C=native code)
V  [jvm.dll+0x6d7a39]
V  [jvm.dll+0x8b4b26]
V  [jvm.dll+0x8b70de]
V  [jvm.dll+0x8b77c3]
V  [jvm.dll+0x284346]
V  [jvm.dll+0xc66ed]
V  [jvm.dll+0xc6c31]
V  [jvm.dll+0x3bec3b]
V  [jvm.dll+0x1e3d62]
V  [jvm.dll+0x24c6b3]
V  [jvm.dll+0x24bb40]
V  [jvm.dll+0x1cb34e]
V  [jvm.dll+0x25b85d]
V  [jvm.dll+0x259dea]
V  [jvm.dll+0x3f857e]
V  [jvm.dll+0x85f59d]
V  [jvm.dll+0x6d626d]
C  [ucrtbase.dll+0x37b0]
C  [KERNEL32.DLL+0x2e8d7]
C  [ntdll.dll+0x8d9c]


---------------  P R O C E S S  ---------------

Threads class SMR info:
_java_thread_list=0x0000029e7e325380, length=111, elements={
0x0000029e1a8cf990, 0x0000029e1a9733b0, 0x0000029e1a87e730, 0x0000029e1a977dc0,
0x0000029e1a978a20, 0x0000029e1a984290, 0x0000029e1a98b7d0, 0x0000029e736e5700,
0x0000029e736e7950, 0x0000029e7391be90, 0x0000029e790c53f0, 0x0000029e798718a0,
0x0000029e79864d30, 0x0000029e79a756f0, 0x0000029e79c5c2a0, 0x0000029e7a174980,
0x0000029e79f7c2d0, 0x0000029e7a1fd9a0, 0x0000029e7a0deb80, 0x0000029e7a0dd7d0,
0x0000029e7a0dde60, 0x0000029e7a0de4f0, 0x0000029e7a0df210, 0x0000029e7a0e05c0,
0x0000029e7a0df8a0, 0x0000029e7a0dff30, 0x0000029e7b55ae80, 0x0000029e7b55c8c0,
0x0000029e7b55dc70, 0x0000029e7b55b510, 0x0000029e7b55bba0, 0x0000029e7b55d5e0,
0x0000029e7b55cf50, 0x0000029e7b55c230, 0x0000029e7b55a7f0, 0x0000029e7b5603d0,
0x0000029e7b55e990, 0x0000029e7b55e300, 0x0000029e7b5610f0, 0x0000029e7b55fd40,
0x0000029e7b560a60, 0x0000029e7b561780, 0x0000029e7b55f6b0, 0x0000029e7b561e10,
0x0000029e7b55f020, 0x0000029e7c8ee770, 0x0000029e7c8eee00, 0x0000029e7c8ee0e0,
0x0000029e7c8f1560, 0x0000029e7c8f2280, 0x0000029e7c8f0840, 0x0000029e7c8f1bf0,
0x0000029e7c8f2910, 0x0000029e7c8efb20, 0x0000029e7c8f01b0, 0x0000029e7c8ef490,
0x0000029e7c8f2fa0, 0x0000029e7c8f3630, 0x0000029e7c8f3cc0, 0x0000029e7c8f4350,
0x0000029e7c8f49e0, 0x0000029e7c8f5700, 0x0000029e7c8f5070, 0x0000029e7a27f470,
0x0000029e7a27e0c0, 0x0000029e7a27e750, 0x0000029e7a27cd10, 0x0000029e7a27ede0,
0x0000029e7a27bff0, 0x0000029e7a27d3a0, 0x0000029e7a27da30, 0x0000029e7a27c680,
0x0000029e7d30df50, 0x0000029e7d30cba0, 0x0000029e7d30b160, 0x0000029e7d30d8c0,
0x0000029e7d30aad0, 0x0000029e7d30b7f0, 0x0000029e7d30d230, 0x0000029e7d30e5e0,
0x0000029e7d30ec70, 0x0000029e7d30f300, 0x0000029e7d30be80, 0x0000029e7d30f990,
0x0000029e7d30c510, 0x0000029e7d310020, 0x0000029e7d311a60, 0x0000029e7d3120f0,
0x0000029e7d3113d0, 0x0000029e7d3106b0, 0x0000029e7ea5e790, 0x0000029e7ea5cd50,
0x0000029e7ea5d3e0, 0x0000029e7ea5da70, 0x0000029e7ea5e100, 0x0000029e7ea5b310,
0x0000029e7ea5ee20, 0x0000029e7ea5b9a0, 0x0000029e7ea60ef0, 0x0000029e7ea5f4b0,
0x0000029e7ea61c10, 0x0000029e7ea60860, 0x0000029e7ea61580, 0x0000029e7ea622a0,
0x0000029e7ea601d0, 0x0000029e798fb330, 0x0000029e7bce2b40, 0x0000029e7bce2470,
0x0000029e7ddeaca0, 0x0000029e7ddeb370, 0x0000029e7dde7cf0
}

Java Threads: ( => current thread )
  0x0000029e1a8cf990 JavaThread "main"                              [_thread_blocked, id=16164, stack(0x000000f834e00000,0x000000f834f00000) (1024K)]
  0x0000029e1a9733b0 JavaThread "Reference Handler"          daemon [_thread_blocked, id=38708, stack(0x000000f835200000,0x000000f835300000) (1024K)]
  0x0000029e1a87e730 JavaThread "Finalizer"                  daemon [_thread_blocked, id=38052, stack(0x000000f835300000,0x000000f835400000) (1024K)]
  0x0000029e1a977dc0 JavaThread "Signal Dispatcher"          daemon [_thread_blocked, id=8016, stack(0x000000f835400000,0x000000f835500000) (1024K)]
  0x0000029e1a978a20 JavaThread "Attach Listener"            daemon [_thread_blocked, id=38128, stack(0x000000f835500000,0x000000f835600000) (1024K)]
  0x0000029e1a984290 JavaThread "Service Thread"             daemon [_thread_blocked, id=38328, stack(0x000000f835600000,0x000000f835700000) (1024K)]
  0x0000029e1a98b7d0 JavaThread "Monitor Deflation Thread"   daemon [_thread_blocked, id=34992, stack(0x000000f835700000,0x000000f835800000) (1024K)]
  0x0000029e736e5700 JavaThread "C2 CompilerThread0"         daemon [_thread_in_native, id=33768, stack(0x000000f835800000,0x000000f835900000) (1024K)]
  0x0000029e736e7950 JavaThread "C1 CompilerThread0"         daemon [_thread_blocked, id=34024, stack(0x000000f835900000,0x000000f835a00000) (1024K)]
  0x0000029e7391be90 JavaThread "Common-Cleaner"             daemon [_thread_blocked, id=10632, stack(0x000000f835c00000,0x000000f835d00000) (1024K)]
  0x0000029e790c53f0 JavaThread "Notification Thread"        daemon [_thread_blocked, id=30980, stack(0x000000f835f00000,0x000000f836000000) (1024K)]
  0x0000029e798718a0 JavaThread "Active Thread: Equinox Container: 920adcef-a623-405f-8723-586ceb3d6103"        [_thread_blocked, id=25264, stack(0x000000f836700000,0x000000f836800000) (1024K)]
  0x0000029e79864d30 JavaThread "Refresh Thread: Equinox Container: 920adcef-a623-405f-8723-586ceb3d6103" daemon [_thread_blocked, id=11776, stack(0x000000f836900000,0x000000f836a00000) (1024K)]
  0x0000029e79a756f0 JavaThread "Framework Event Dispatcher: Equinox Container: 920adcef-a623-405f-8723-586ceb3d6103" daemon [_thread_blocked, id=3720, stack(0x000000f836a00000,0x000000f836b00000) (1024K)]
  0x0000029e79c5c2a0 JavaThread "Start Level: Equinox Container: 920adcef-a623-405f-8723-586ceb3d6103" daemon [_thread_blocked, id=26948, stack(0x000000f836b00000,0x000000f836c00000) (1024K)]
  0x0000029e7a174980 JavaThread "Bundle File Closer"         daemon [_thread_blocked, id=33788, stack(0x000000f836f00000,0x000000f837000000) (1024K)]
  0x0000029e79f7c2d0 JavaThread "SCR Component Actor"        daemon [_thread_blocked, id=7548, stack(0x000000f836000000,0x000000f836100000) (1024K)]
  0x0000029e7a1fd9a0 JavaThread "Worker-JM"                         [_thread_blocked, id=38532, stack(0x000000f837000000,0x000000f837100000) (1024K)]
  0x0000029e7a0deb80 JavaThread "JNA Cleaner"                daemon [_thread_blocked, id=35752, stack(0x000000f837200000,0x000000f837300000) (1024K)]
  0x0000029e7a0dd7d0 JavaThread "Worker-0"                          [_thread_blocked, id=20616, stack(0x000000f837300000,0x000000f837400000) (1024K)]
  0x0000029e7a0dde60 JavaThread "Worker-1"                          [_thread_blocked, id=28472, stack(0x000000f837400000,0x000000f837500000) (1024K)]
  0x0000029e7a0de4f0 JavaThread "Worker-2"                          [_thread_blocked, id=12952, stack(0x000000f837500000,0x000000f837600000) (1024K)]
  0x0000029e7a0df210 JavaThread "Java indexing"              daemon [_thread_blocked, id=17828, stack(0x000000f837700000,0x000000f837800000) (1024K)]
  0x0000029e7a0e05c0 JavaThread "Worker-3"                          [_thread_blocked, id=20376, stack(0x000000f837800000,0x000000f837900000) (1024K)]
  0x0000029e7a0df8a0 JavaThread "Thread-1"                   daemon [_thread_in_native, id=19816, stack(0x000000f837c00000,0x000000f837d00000) (1024K)]
  0x0000029e7a0dff30 JavaThread "Thread-2"                   daemon [_thread_in_native, id=37488, stack(0x000000f837d00000,0x000000f837e00000) (1024K)]
  0x0000029e7b55ae80 JavaThread "Thread-3"                   daemon [_thread_in_native, id=3192, stack(0x000000f837e00000,0x000000f837f00000) (1024K)]
  0x0000029e7b55c8c0 JavaThread "Thread-4"                   daemon [_thread_in_native, id=31180, stack(0x000000f837f00000,0x000000f838000000) (1024K)]
  0x0000029e7b55dc70 JavaThread "Thread-5"                   daemon [_thread_in_native, id=31176, stack(0x000000f838000000,0x000000f838100000) (1024K)]
  0x0000029e7b55b510 JavaThread "Thread-6"                   daemon [_thread_in_native, id=31168, stack(0x000000f838100000,0x000000f838200000) (1024K)]
  0x0000029e7b55bba0 JavaThread "Thread-7"                   daemon [_thread_in_native, id=33696, stack(0x000000f838200000,0x000000f838300000) (1024K)]
  0x0000029e7b55d5e0 JavaThread "Thread-8"                   daemon [_thread_in_native, id=35216, stack(0x000000f838300000,0x000000f838400000) (1024K)]
  0x0000029e7b55cf50 JavaThread "Thread-9"                   daemon [_thread_in_native, id=24384, stack(0x000000f838400000,0x000000f838500000) (1024K)]
  0x0000029e7b55c230 JavaThread "Thread-10"                  daemon [_thread_in_native, id=19284, stack(0x000000f838500000,0x000000f838600000) (1024K)]
  0x0000029e7b55a7f0 JavaThread "Thread-11"                  daemon [_thread_in_native, id=35892, stack(0x000000f838600000,0x000000f838700000) (1024K)]
  0x0000029e7b5603d0 JavaThread "Thread-12"                  daemon [_thread_in_native, id=34340, stack(0x000000f838700000,0x000000f838800000) (1024K)]
  0x0000029e7b55e990 JavaThread "Thread-13"                  daemon [_thread_in_native, id=3004, stack(0x000000f838800000,0x000000f838900000) (1024K)]
  0x0000029e7b55e300 JavaThread "Thread-14"                  daemon [_thread_in_native, id=28492, stack(0x000000f838900000,0x000000f838a00000) (1024K)]
  0x0000029e7b5610f0 JavaThread "Thread-15"                  daemon [_thread_in_native, id=12284, stack(0x000000f838a00000,0x000000f838b00000) (1024K)]
  0x0000029e7b55fd40 JavaThread "Thread-16"                  daemon [_thread_in_native, id=11488, stack(0x000000f838b00000,0x000000f838c00000) (1024K)]
  0x0000029e7b560a60 JavaThread "Thread-17"                  daemon [_thread_in_native, id=2200, stack(0x000000f838c00000,0x000000f838d00000) (1024K)]
  0x0000029e7b561780 JavaThread "Worker-4"                          [_thread_blocked, id=31704, stack(0x000000f838d00000,0x000000f838e00000) (1024K)]
  0x0000029e7b55f6b0 JavaThread "pool-2-thread-1"                   [_thread_blocked, id=17076, stack(0x000000f838e00000,0x000000f838f00000) (1024K)]
  0x0000029e7b561e10 JavaThread "WorkspaceEventsHandler"            [_thread_blocked, id=33092, stack(0x000000f838f00000,0x000000f839000000) (1024K)]
  0x0000029e7b55f020 JavaThread "pool-1-thread-1"                   [_thread_blocked, id=17804, stack(0x000000f839000000,0x000000f839100000) (1024K)]
  0x0000029e7c8ee770 JavaThread "ForkJoinPool.commonPool-worker-1" daemon [_thread_blocked, id=33840, stack(0x000000f839100000,0x000000f839200000) (1024K)]
  0x0000029e7c8eee00 JavaThread "ForkJoinPool.commonPool-worker-2" daemon [_thread_blocked, id=12692, stack(0x000000f839200000,0x000000f839300000) (1024K)]
  0x0000029e7c8ee0e0 JavaThread "ForkJoinPool.commonPool-worker-3" daemon [_thread_blocked, id=34856, stack(0x000000f839300000,0x000000f839400000) (1024K)]
  0x0000029e7c8f1560 JavaThread "ForkJoinPool.commonPool-worker-4" daemon [_thread_blocked, id=7600, stack(0x000000f839400000,0x000000f839500000) (1024K)]
  0x0000029e7c8f2280 JavaThread "ForkJoinPool.commonPool-worker-5" daemon [_thread_blocked, id=6064, stack(0x000000f839500000,0x000000f839600000) (1024K)]
  0x0000029e7c8f0840 JavaThread "ForkJoinPool.commonPool-worker-6" daemon [_thread_blocked, id=16608, stack(0x000000f839600000,0x000000f839700000) (1024K)]
  0x0000029e7c8f1bf0 JavaThread "ForkJoinPool.commonPool-worker-7" daemon [_thread_blocked, id=35296, stack(0x000000f839700000,0x000000f839800000) (1024K)]
  0x0000029e7c8f2910 JavaThread "ForkJoinPool.commonPool-worker-8" daemon [_thread_blocked, id=19780, stack(0x000000f839800000,0x000000f839900000) (1024K)]
  0x0000029e7c8efb20 JavaThread "ForkJoinPool.commonPool-worker-9" daemon [_thread_blocked, id=23360, stack(0x000000f839900000,0x000000f839a00000) (1024K)]
  0x0000029e7c8f01b0 JavaThread "ForkJoinPool.commonPool-worker-10" daemon [_thread_blocked, id=38740, stack(0x000000f839a00000,0x000000f839b00000) (1024K)]
  0x0000029e7c8ef490 JavaThread "ForkJoinPool.commonPool-worker-11" daemon [_thread_blocked, id=29024, stack(0x000000f839b00000,0x000000f839c00000) (1024K)]
  0x0000029e7c8f2fa0 JavaThread "ForkJoinPool.commonPool-worker-12" daemon [_thread_blocked, id=13672, stack(0x000000f839c00000,0x000000f839d00000) (1024K)]
  0x0000029e7c8f3630 JavaThread "ForkJoinPool.commonPool-worker-13" daemon [_thread_blocked, id=31452, stack(0x000000f839d00000,0x000000f839e00000) (1024K)]
  0x0000029e7c8f3cc0 JavaThread "ForkJoinPool.commonPool-worker-14" daemon [_thread_blocked, id=21120, stack(0x000000f839e00000,0x000000f839f00000) (1024K)]
  0x0000029e7c8f4350 JavaThread "ForkJoinPool.commonPool-worker-15" daemon [_thread_blocked, id=26968, stack(0x000000f839f00000,0x000000f83a000000) (1024K)]
  0x0000029e7c8f49e0 JavaThread "LocalFile Deleter"          daemon [_thread_blocked, id=30544, stack(0x000000f83a000000,0x000000f83a100000) (1024K)]
  0x0000029e7c8f5700 JavaThread "LocalFile Deleter"          daemon [_thread_blocked, id=36412, stack(0x000000f83a100000,0x000000f83a200000) (1024K)]
  0x0000029e7c8f5070 JavaThread "LocalFile Deleter"          daemon [_thread_blocked, id=31088, stack(0x000000f83a200000,0x000000f83a300000) (1024K)]
  0x0000029e7a27f470 JavaThread "LocalFile Deleter"          daemon [_thread_blocked, id=30312, stack(0x000000f83a300000,0x000000f83a400000) (1024K)]
  0x0000029e7a27e0c0 JavaThread "LocalFile Deleter"          daemon [_thread_blocked, id=32024, stack(0x000000f83a400000,0x000000f83a500000) (1024K)]
  0x0000029e7a27e750 JavaThread "LocalFile Deleter"          daemon [_thread_blocked, id=13820, stack(0x000000f83a500000,0x000000f83a600000) (1024K)]
  0x0000029e7a27cd10 JavaThread "LocalFile Deleter"          daemon [_thread_blocked, id=6436, stack(0x000000f83a600000,0x000000f83a700000) (1024K)]
  0x0000029e7a27ede0 JavaThread "LocalFile Deleter"          daemon [_thread_blocked, id=38292, stack(0x000000f83a700000,0x000000f83a800000) (1024K)]
  0x0000029e7a27bff0 JavaThread "LocalFile Deleter"          daemon [_thread_blocked, id=11368, stack(0x000000f83a800000,0x000000f83a900000) (1024K)]
  0x0000029e7a27d3a0 JavaThread "LocalFile Deleter"          daemon [_thread_blocked, id=16332, stack(0x000000f83a900000,0x000000f83aa00000) (1024K)]
  0x0000029e7a27da30 JavaThread "LocalFile Deleter"          daemon [_thread_blocked, id=21296, stack(0x000000f83aa00000,0x000000f83ab00000) (1024K)]
  0x0000029e7a27c680 JavaThread "LocalFile Deleter"          daemon [_thread_blocked, id=37152, stack(0x000000f83ab00000,0x000000f83ac00000) (1024K)]
  0x0000029e7d30df50 JavaThread "LocalFile Deleter"          daemon [_thread_blocked, id=36644, stack(0x000000f83ac00000,0x000000f83ad00000) (1024K)]
  0x0000029e7d30cba0 JavaThread "LocalFile Deleter"          daemon [_thread_blocked, id=36904, stack(0x000000f83ad00000,0x000000f83ae00000) (1024K)]
  0x0000029e7d30b160 JavaThread "LocalFile Deleter"          daemon [_thread_blocked, id=25104, stack(0x000000f83ae00000,0x000000f83af00000) (1024K)]
  0x0000029e7d30d8c0 JavaThread "LocalFile Deleter"          daemon [_thread_blocked, id=36880, stack(0x000000f83af00000,0x000000f83b000000) (1024K)]
  0x0000029e7d30aad0 JavaThread "Compiler Source File Reader" daemon [_thread_blocked, id=9252, stack(0x000000f83b000000,0x000000f83b100000) (1024K)]
  0x0000029e7d30b7f0 JavaThread "Compiler Source File Reader" daemon [_thread_blocked, id=30888, stack(0x000000f83b100000,0x000000f83b200000) (1024K)]
  0x0000029e7d30d230 JavaThread "Compiler Source File Reader" daemon [_thread_blocked, id=34936, stack(0x000000f83b200000,0x000000f83b300000) (1024K)]
  0x0000029e7d30e5e0 JavaThread "Compiler Source File Reader" daemon [_thread_blocked, id=36356, stack(0x000000f83b300000,0x000000f83b400000) (1024K)]
  0x0000029e7d30ec70 JavaThread "Compiler Source File Reader" daemon [_thread_blocked, id=30860, stack(0x000000f83b400000,0x000000f83b500000) (1024K)]
  0x0000029e7d30f300 JavaThread "Compiler Source File Reader" daemon [_thread_blocked, id=15112, stack(0x000000f83b500000,0x000000f83b600000) (1024K)]
  0x0000029e7d30be80 JavaThread "Compiler Source File Reader" daemon [_thread_blocked, id=33712, stack(0x000000f83b600000,0x000000f83b700000) (1024K)]
  0x0000029e7d30f990 JavaThread "Compiler Source File Reader" daemon [_thread_blocked, id=6140, stack(0x000000f83b700000,0x000000f83b800000) (1024K)]
  0x0000029e7d30c510 JavaThread "Compiler Source File Reader" daemon [_thread_blocked, id=24088, stack(0x000000f83b800000,0x000000f83b900000) (1024K)]
  0x0000029e7d310020 JavaThread "Compiler Source File Reader" daemon [_thread_blocked, id=34744, stack(0x000000f83b900000,0x000000f83ba00000) (1024K)]
  0x0000029e7d311a60 JavaThread "Compiler Source File Reader" daemon [_thread_blocked, id=20108, stack(0x000000f83ba00000,0x000000f83bb00000) (1024K)]
  0x0000029e7d3120f0 JavaThread "Compiler Source File Reader" daemon [_thread_blocked, id=19876, stack(0x000000f83bb00000,0x000000f83bc00000) (1024K)]
  0x0000029e7d3113d0 JavaThread "Compiler Source File Reader" daemon [_thread_blocked, id=38688, stack(0x000000f83bc00000,0x000000f83bd00000) (1024K)]
  0x0000029e7d3106b0 JavaThread "Compiler Source File Reader" daemon [_thread_blocked, id=38900, stack(0x000000f83bd00000,0x000000f83be00000) (1024K)]
  0x0000029e7ea5e790 JavaThread "Compiler Processing Task"   daemon [_thread_blocked, id=24328, stack(0x000000f83bf00000,0x000000f83c000000) (1024K)]
  0x0000029e7ea5cd50 JavaThread "Compiler Class File Writer" daemon [_thread_blocked, id=18088, stack(0x000000f83c000000,0x000000f83c100000) (1024K)]
  0x0000029e7ea5d3e0 JavaThread "Compiler Class File Writer" daemon [_thread_blocked, id=38340, stack(0x000000f83c100000,0x000000f83c200000) (1024K)]
  0x0000029e7ea5da70 JavaThread "Compiler Class File Writer" daemon [_thread_blocked, id=17084, stack(0x000000f83c200000,0x000000f83c300000) (1024K)]
  0x0000029e7ea5e100 JavaThread "Compiler Class File Writer" daemon [_thread_blocked, id=32172, stack(0x000000f83c300000,0x000000f83c400000) (1024K)]
  0x0000029e7ea5b310 JavaThread "Compiler Class File Writer" daemon [_thread_blocked, id=32416, stack(0x000000f83c400000,0x000000f83c500000) (1024K)]
  0x0000029e7ea5ee20 JavaThread "Compiler Class File Writer" daemon [_thread_blocked, id=8504, stack(0x000000f83c500000,0x000000f83c600000) (1024K)]
  0x0000029e7ea5b9a0 JavaThread "Compiler Class File Writer" daemon [_thread_blocked, id=18932, stack(0x000000f83c600000,0x000000f83c700000) (1024K)]
  0x0000029e7ea60ef0 JavaThread "Compiler Class File Writer" daemon [_thread_blocked, id=13572, stack(0x000000f83c700000,0x000000f83c800000) (1024K)]
  0x0000029e7ea5f4b0 JavaThread "Compiler Class File Writer" daemon [_thread_blocked, id=4196, stack(0x000000f83c800000,0x000000f83c900000) (1024K)]
  0x0000029e7ea61c10 JavaThread "Compiler Class File Writer" daemon [_thread_blocked, id=35304, stack(0x000000f83c900000,0x000000f83ca00000) (1024K)]
  0x0000029e7ea60860 JavaThread "Compiler Class File Writer" daemon [_thread_blocked, id=37684, stack(0x000000f83ca00000,0x000000f83cb00000) (1024K)]
  0x0000029e7ea61580 JavaThread "Compiler Class File Writer" daemon [_thread_blocked, id=36384, stack(0x000000f83cb00000,0x000000f83cc00000) (1024K)]
  0x0000029e7ea622a0 JavaThread "Compiler Class File Writer" daemon [_thread_blocked, id=34860, stack(0x000000f83cc00000,0x000000f83cd00000) (1024K)]
  0x0000029e7ea601d0 JavaThread "Compiler Class File Writer" daemon [_thread_blocked, id=3628, stack(0x000000f83cd00000,0x000000f83ce00000) (1024K)]
  0x0000029e798fb330 JavaThread "Cleaner-0"                  daemon [_thread_blocked, id=35672, stack(0x000000f83ce00000,0x000000f83cf00000) (1024K)]
  0x0000029e7bce2b40 JavaThread "C2 CompilerThread1"         daemon [_thread_blocked, id=36188, stack(0x000000f835a00000,0x000000f835b00000) (1024K)]
=>0x0000029e7bce2470 JavaThread "C2 CompilerThread2"         daemon [_thread_in_native, id=16640, stack(0x000000f837600000,0x000000f837700000) (1024K)]
  0x0000029e7ddeaca0 JavaThread "C1 CompilerThread1"         daemon [_thread_blocked, id=7484, stack(0x000000f835b00000,0x000000f835c00000) (1024K)]
  0x0000029e7ddeb370 JavaThread "C1 CompilerThread2"         daemon [_thread_blocked, id=24216, stack(0x000000f835d00000,0x000000f835e00000) (1024K)]
  0x0000029e7dde7cf0 JavaThread "C1 CompilerThread3"         daemon [_thread_blocked, id=31024, stack(0x000000f83be00000,0x000000f83bf00000) (1024K)]
Total: 111

Other Threads:
  0x0000029e1a96e810 VMThread "VM Thread"                           [id=30408, stack(0x000000f835100000,0x000000f835200000) (1024K)]
  0x0000029e1a75ba00 WatcherThread "VM Periodic Task Thread"        [id=27808, stack(0x000000f835000000,0x000000f835100000) (1024K)]
  0x0000029e1a8edde0 WorkerThread "GC Thread#0"                     [id=13964, stack(0x000000f834f00000,0x000000f835000000) (1024K)]
  0x0000029e79664780 WorkerThread "GC Thread#1"                     [id=38584, stack(0x000000f836100000,0x000000f836200000) (1024K)]
  0x0000029e7992da10 WorkerThread "GC Thread#2"                     [id=37808, stack(0x000000f836200000,0x000000f836300000) (1024K)]
  0x0000029e796c2c30 WorkerThread "GC Thread#3"                     [id=32240, stack(0x000000f836300000,0x000000f836400000) (1024K)]
  0x0000029e796c2fe0 WorkerThread "GC Thread#4"                     [id=37728, stack(0x000000f836400000,0x000000f836500000) (1024K)]
  0x0000029e796c3390 WorkerThread "GC Thread#5"                     [id=38664, stack(0x000000f836500000,0x000000f836600000) (1024K)]
  0x0000029e79877c10 WorkerThread "GC Thread#6"                     [id=20592, stack(0x000000f836600000,0x000000f836700000) (1024K)]
  0x0000029e797d7440 WorkerThread "GC Thread#7"                     [id=34452, stack(0x000000f836800000,0x000000f836900000) (1024K)]
  0x0000029e799c7850 WorkerThread "GC Thread#8"                     [id=23804, stack(0x000000f836c00000,0x000000f836d00000) (1024K)]
  0x0000029e799c7c00 WorkerThread "GC Thread#9"                     [id=26020, stack(0x000000f836d00000,0x000000f836e00000) (1024K)]
  0x0000029e79b32ad0 WorkerThread "GC Thread#10"                    [id=33672, stack(0x000000f836e00000,0x000000f836f00000) (1024K)]
  0x0000029e79dee700 WorkerThread "GC Thread#11"                    [id=20388, stack(0x000000f835e00000,0x000000f835f00000) (1024K)]
  0x0000029e79dedbf0 WorkerThread "GC Thread#12"                    [id=23316, stack(0x000000f837100000,0x000000f837200000) (1024K)]
Total: 15

Threads with active compile tasks:
C2 CompilerThread0  61153 17815       4       org.eclipse.jdt.internal.compiler.lookup.BoundSet::incorporate (1350 bytes)
C2 CompilerThread1  61153 17986  s    4       java.util.Hashtable::putAll (52 bytes)
C2 CompilerThread2  61153 17935   !   4       jdk.internal.jrtfs.JrtPath::toUri (169 bytes)
Total: 3

VM state: at safepoint (normal execution)

VM Mutex/Monitor currently owned by a thread:  ([mutex/lock_event])
[0x00007ffe9a29e560] Threads_lock - owner thread: 0x0000029e1a96e810
[0x00007ffe9a29e660] Heap_lock - owner thread: 0x0000029e7c8eee00

Heap address: 0x0000000080000000, size: 2048 MB, Compressed Oops mode: 32-bit

CDS archive(s) mapped at: [0x0000029e32000000-0x0000029e32ba0000-0x0000029e32ba0000), size 12189696, SharedBaseAddress: 0x0000029e32000000, ArchiveRelocationMode: 1.
Compressed class space mapped at: 0x0000029e33000000-0x0000029e73000000, reserved size: 1073741824
Narrow klass base: 0x0000029e32000000, Narrow klass shift: 0, Narrow klass range: 0x100000000

GC Precious Log:
 CardTable entry size: 512
 CPUs: 16 total, 16 available
 Memory: 8010M
 Large Page Support: Disabled
 NUMA Support: Disabled
 Compressed Oops: Enabled (32-bit)
 Alignments: Space 512K, Generation 512K, Heap 2M
 Heap Min Capacity: 100M
 Heap Initial Capacity: 100M
 Heap Max Capacity: 2G
 Pre-touch: Disabled
 Parallel Workers: 13

Heap:
 PSYoungGen      total 4096K, used 528K [0x00000000d5580000, 0x00000000d5a80000, 0x0000000100000000)
  eden space 3072K, 0% used [0x00000000d5580000,0x00000000d5580000,0x00000000d5880000)
  from space 1024K, 51% used [0x00000000d5980000,0x00000000d5a04010,0x00000000d5a80000)
  to   space 1024K, 0% used [0x00000000d5880000,0x00000000d5880000,0x00000000d5980000)
 ParOldGen       total 275456K, used 275421K [0x0000000080000000, 0x0000000090d00000, 0x00000000d5580000)
  object space 275456K, 99% used [0x0000000080000000,0x0000000090cf75e8,0x0000000090d00000)
 Metaspace       used 75575K, committed 77184K, reserved 1179648K
  class space    used 7598K, committed 8320K, reserved 1048576K

Card table byte_map: [0x0000029e1a270000,0x0000029e1a680000] _byte_map_base: 0x0000029e19e70000

Marking Bits: (ParMarkBitMap*) 0x00007ffe9a2a3450
 Begin Bits: [0x0000029e2cd80000, 0x0000029e2ed80000)
 End Bits:   [0x0000029e2ed80000, 0x0000029e30d80000)

Polling page: 0x0000029e18740000

Metaspace:

Usage:
  Non-class:     66.38 MB used.
      Class:      7.42 MB used.
       Both:     73.80 MB used.

Virtual space:
  Non-class space:      128.00 MB reserved,      67.25 MB ( 53%) committed,  2 nodes.
      Class space:        1.00 GB reserved,       8.12 MB ( <1%) committed,  1 nodes.
             Both:        1.12 GB reserved,      75.38 MB (  7%) committed. 

Chunk freelists:
   Non-Class:  12.02 MB
       Class:  7.73 MB
        Both:  19.75 MB

MaxMetaspaceSize: unlimited
CompressedClassSpaceSize: 1.00 GB
Initial GC threshold: 21.00 MB
Current GC threshold: 97.31 MB
CDS: on
 - commit_granule_bytes: 65536.
 - commit_granule_words: 8192.
 - virtual_space_node_default_size: 8388608.
 - enlarge_chunks_in_place: 1.
 - use_allocation_guard: 0.


Internal statistics:

num_allocs_failed_limit: 13.
num_arena_births: 1488.
num_arena_deaths: 14.
num_vsnodes_births: 3.
num_vsnodes_deaths: 0.
num_space_committed: 1206.
num_space_uncommitted: 0.
num_chunks_returned_to_freelist: 27.
num_chunks_taken_from_freelist: 5251.
num_chunk_merges: 14.
num_chunk_splits: 3203.
num_chunks_enlarged: 1712.
num_inconsistent_stats: 0.

CodeHeap 'non-profiled nmethods': size=119168Kb used=11650Kb max_used=11650Kb free=107517Kb
 bounds [0x0000029e25670000, 0x0000029e261e0000, 0x0000029e2cad0000]
CodeHeap 'profiled nmethods': size=119104Kb used=41578Kb max_used=41578Kb free=77525Kb
 bounds [0x0000029e1dad0000, 0x0000029e20370000, 0x0000029e24f20000]
CodeHeap 'non-nmethods': size=7488Kb used=3166Kb max_used=3229Kb free=4321Kb
 bounds [0x0000029e24f20000, 0x0000029e25270000, 0x0000029e25670000]
CodeCache: size=245760Kb, used=56394Kb, max_used=56457Kb, free=189363Kb
 total_blobs=17938, nmethods=17142, adapters=696, full_count=0
Compilation: enabled, stopped_count=0, restarted_count=0

Compilation events (20 events):
Event: 59.104 Thread 0x0000029e7ddeaca0 18006       2       java.lang.invoke.LambdaForm$MH/0x0000029e3380c400::invoke (42 bytes)
Event: 59.105 Thread 0x0000029e736e7950 18007       2       com.google.gson.stream.JsonWriter::alwaysCreatesValidJsonNumber (61 bytes)
Event: 59.105 Thread 0x0000029e736e7950 nmethod 18007 0x0000029e20363d10 code [0x0000029e20363ec0, 0x0000029e20364050]
Event: 59.105 Thread 0x0000029e7ddeaca0 nmethod 18006 0x0000029e20364110 code [0x0000029e20364300, 0x0000029e203646d8]
Event: 59.105 Thread 0x0000029e7ddeb370 nmethod 18005 0x0000029e20364990 code [0x0000029e20364b80, 0x0000029e20364f58]
Event: 59.106 Thread 0x0000029e7dde7cf0 nmethod 18004 0x0000029e20365210 code [0x0000029e203656c0, 0x0000029e20368168]
Event: 59.106 Thread 0x0000029e7dde7cf0 18008       2       org.eclipse.jdt.internal.compiler.ast.CastExpression::<init> (26 bytes)
Event: 59.107 Thread 0x0000029e7dde7cf0 nmethod 18008 0x0000029e20368790 code [0x0000029e20368920, 0x0000029e20368a78]
Event: 59.108 Thread 0x0000029e7dde7cf0 18009       3       org.eclipse.jdt.internal.compiler.ast.BinaryExpression::traverse (34 bytes)
Event: 59.108 Thread 0x0000029e7ddeb370 18010       3       org.eclipse.jdt.internal.compiler.ast.ConditionalExpression::traverse (43 bytes)
Event: 59.109 Thread 0x0000029e7dde7cf0 nmethod 18009 0x0000029e20368b90 code [0x0000029e20368d80, 0x0000029e20369238]
Event: 59.109 Thread 0x0000029e7ddeb370 nmethod 18010 0x0000029e20369390 code [0x0000029e20369580, 0x0000029e20369b18]
Event: 59.109 Thread 0x0000029e7ddeb370 18011       2       org.eclipse.jdt.internal.compiler.ast.TrueLiteral::traverse (14 bytes)
Event: 59.109 Thread 0x0000029e7dde7cf0 18012       2       org.eclipse.jdt.internal.compiler.ASTVisitor::endVisit (1 bytes)
Event: 59.109 Thread 0x0000029e7ddeaca0 18013       2       org.eclipse.jdt.internal.compiler.ast.CastExpression::traverse (34 bytes)
Event: 59.109 Thread 0x0000029e736e7950 18014       2       org.eclipse.jdt.internal.compiler.ASTVisitor::endVisit (1 bytes)
Event: 59.110 Thread 0x0000029e7dde7cf0 nmethod 18012 0x0000029e20369d10 code [0x0000029e20369ea0, 0x0000029e20369fa8]
Event: 59.110 Thread 0x0000029e7ddeb370 nmethod 18011 0x0000029e2036a010 code [0x0000029e2036a1c0, 0x0000029e2036a310]
Event: 59.110 Thread 0x0000029e736e7950 nmethod 18014 0x0000029e2036a410 code [0x0000029e2036a5a0, 0x0000029e2036a6a8]
Event: 59.110 Thread 0x0000029e7ddeaca0 nmethod 18013 0x0000029e2036a710 code [0x0000029e2036a8e0, 0x0000029e2036aac0]

GC Heap History (20 events):
Event: 57.929 GC heap after
{Heap after GC invocations=263 (full 3):
 PSYoungGen      total 4096K, used 676K [0x00000000d5580000, 0x00000000d5a80000, 0x0000000100000000)
  eden space 3072K, 0% used [0x00000000d5580000,0x00000000d5580000,0x00000000d5880000)
  from space 1024K, 66% used [0x00000000d5980000,0x00000000d5a29210,0x00000000d5a80000)
  to   space 1024K, 0% used [0x00000000d5880000,0x00000000d5880000,0x00000000d5980000)
 ParOldGen       total 271872K, used 271616K [0x0000000080000000, 0x0000000090980000, 0x00000000d5580000)
  object space 271872K, 99% used [0x0000000080000000,0x0000000090940058,0x0000000090980000)
 Metaspace       used 75554K, committed 77184K, reserved 1179648K
  class space    used 7596K, committed 8320K, reserved 1048576K
}
Event: 57.936 GC heap before
{Heap before GC invocations=264 (full 3):
 PSYoungGen      total 4096K, used 3748K [0x00000000d5580000, 0x00000000d5a80000, 0x0000000100000000)
  eden space 3072K, 100% used [0x00000000d5580000,0x00000000d5880000,0x00000000d5880000)
  from space 1024K, 66% used [0x00000000d5980000,0x00000000d5a29210,0x00000000d5a80000)
  to   space 1024K, 0% used [0x00000000d5880000,0x00000000d5880000,0x00000000d5980000)
 ParOldGen       total 271872K, used 271616K [0x0000000080000000, 0x0000000090980000, 0x00000000d5580000)
  object space 271872K, 99% used [0x0000000080000000,0x0000000090940058,0x0000000090980000)
 Metaspace       used 75554K, committed 77184K, reserved 1179648K
  class space    used 7596K, committed 8320K, reserved 1048576K
}
Event: 57.938 GC heap after
{Heap after GC invocations=264 (full 3):
 PSYoungGen      total 4096K, used 544K [0x00000000d5580000, 0x00000000d5a80000, 0x0000000100000000)
  eden space 3072K, 0% used [0x00000000d5580000,0x00000000d5580000,0x00000000d5880000)
  from space 1024K, 53% used [0x00000000d5880000,0x00000000d5908020,0x00000000d5980000)
  to   space 1024K, 0% used [0x00000000d5980000,0x00000000d5980000,0x00000000d5a80000)
 ParOldGen       total 272384K, used 272012K [0x0000000080000000, 0x0000000090a00000, 0x00000000d5580000)
  object space 272384K, 99% used [0x0000000080000000,0x00000000909a3268,0x0000000090a00000)
 Metaspace       used 75554K, committed 77184K, reserved 1179648K
  class space    used 7596K, committed 8320K, reserved 1048576K
}
Event: 57.952 GC heap before
{Heap before GC invocations=265 (full 3):
 PSYoungGen      total 4096K, used 3616K [0x00000000d5580000, 0x00000000d5a80000, 0x0000000100000000)
  eden space 3072K, 100% used [0x00000000d5580000,0x00000000d5880000,0x00000000d5880000)
  from space 1024K, 53% used [0x00000000d5880000,0x00000000d5908020,0x00000000d5980000)
  to   space 1024K, 0% used [0x00000000d5980000,0x00000000d5980000,0x00000000d5a80000)
 ParOldGen       total 272384K, used 272012K [0x0000000080000000, 0x0000000090a00000, 0x00000000d5580000)
  object space 272384K, 99% used [0x0000000080000000,0x00000000909a3268,0x0000000090a00000)
 Metaspace       used 75554K, committed 77184K, reserved 1179648K
  class space    used 7596K, committed 8320K, reserved 1048576K
}
Event: 57.954 GC heap after
{Heap after GC invocations=265 (full 3):
 PSYoungGen      total 4096K, used 768K [0x00000000d5580000, 0x00000000d5a80000, 0x0000000100000000)
  eden space 3072K, 0% used [0x00000000d5580000,0x00000000d5580000,0x00000000d5880000)
  from space 1024K, 75% used [0x00000000d5980000,0x00000000d5a40000,0x00000000d5a80000)
  to   space 1024K, 0% used [0x00000000d5880000,0x00000000d5880000,0x00000000d5980000)
 ParOldGen       total 272384K, used 272356K [0x0000000080000000, 0x0000000090a00000, 0x00000000d5580000)
  object space 272384K, 99% used [0x0000000080000000,0x00000000909f9288,0x0000000090a00000)
 Metaspace       used 75554K, committed 77184K, reserved 1179648K
  class space    used 7596K, committed 8320K, reserved 1048576K
}
Event: 58.163 GC heap before
{Heap before GC invocations=266 (full 3):
 PSYoungGen      total 4096K, used 3840K [0x00000000d5580000, 0x00000000d5a80000, 0x0000000100000000)
  eden space 3072K, 100% used [0x00000000d5580000,0x00000000d5880000,0x00000000d5880000)
  from space 1024K, 75% used [0x00000000d5980000,0x00000000d5a40000,0x00000000d5a80000)
  to   space 1024K, 0% used [0x00000000d5880000,0x00000000d5880000,0x00000000d5980000)
 ParOldGen       total 272384K, used 272356K [0x0000000080000000, 0x0000000090a00000, 0x00000000d5580000)
  object space 272384K, 99% used [0x0000000080000000,0x00000000909f9288,0x0000000090a00000)
 Metaspace       used 75554K, committed 77184K, reserved 1179648K
  class space    used 7596K, committed 8320K, reserved 1048576K
}
Event: 58.164 GC heap after
{Heap after GC invocations=266 (full 3):
 PSYoungGen      total 4096K, used 608K [0x00000000d5580000, 0x00000000d5a80000, 0x0000000100000000)
  eden space 3072K, 0% used [0x00000000d5580000,0x00000000d5580000,0x00000000d5880000)
  from space 1024K, 59% used [0x00000000d5880000,0x00000000d5918020,0x00000000d5980000)
  to   space 1024K, 0% used [0x00000000d5980000,0x00000000d5980000,0x00000000d5a80000)
 ParOldGen       total 273408K, used 272916K [0x0000000080000000, 0x0000000090b00000, 0x00000000d5580000)
  object space 273408K, 99% used [0x0000000080000000,0x0000000090a85288,0x0000000090b00000)
 Metaspace       used 75554K, committed 77184K, reserved 1179648K
  class space    used 7596K, committed 8320K, reserved 1048576K
}
Event: 59.094 GC heap before
{Heap before GC invocations=267 (full 3):
 PSYoungGen      total 4096K, used 3680K [0x00000000d5580000, 0x00000000d5a80000, 0x0000000100000000)
  eden space 3072K, 100% used [0x00000000d5580000,0x00000000d5880000,0x00000000d5880000)
  from space 1024K, 59% used [0x00000000d5880000,0x00000000d5918020,0x00000000d5980000)
  to   space 1024K, 0% used [0x00000000d5980000,0x00000000d5980000,0x00000000d5a80000)
 ParOldGen       total 273408K, used 272916K [0x0000000080000000, 0x0000000090b00000, 0x00000000d5580000)
  object space 273408K, 99% used [0x0000000080000000,0x0000000090a85288,0x0000000090b00000)
 Metaspace       used 75556K, committed 77184K, reserved 1179648K
  class space    used 7596K, committed 8320K, reserved 1048576K
}
Event: 59.095 GC heap after
{Heap after GC invocations=267 (full 3):
 PSYoungGen      total 4096K, used 634K [0x00000000d5580000, 0x00000000d5a80000, 0x0000000100000000)
  eden space 3072K, 0% used [0x00000000d5580000,0x00000000d5580000,0x00000000d5880000)
  from space 1024K, 61% used [0x00000000d5980000,0x00000000d5a1e920,0x00000000d5a80000)
  to   space 1024K, 0% used [0x00000000d5880000,0x00000000d5880000,0x00000000d5980000)
 ParOldGen       total 273408K, used 273260K [0x0000000080000000, 0x0000000090b00000, 0x00000000d5580000)
  object space 273408K, 99% used [0x0000000080000000,0x0000000090adb158,0x0000000090b00000)
 Metaspace       used 75556K, committed 77184K, reserved 1179648K
  class space    used 7596K, committed 8320K, reserved 1048576K
}
Event: 59.099 GC heap before
{Heap before GC invocations=268 (full 3):
 PSYoungGen      total 4096K, used 3706K [0x00000000d5580000, 0x00000000d5a80000, 0x0000000100000000)
  eden space 3072K, 100% used [0x00000000d5580000,0x00000000d5880000,0x00000000d5880000)
  from space 1024K, 61% used [0x00000000d5980000,0x00000000d5a1e920,0x00000000d5a80000)
  to   space 1024K, 0% used [0x00000000d5880000,0x00000000d5880000,0x00000000d5980000)
 ParOldGen       total 273408K, used 273260K [0x0000000080000000, 0x0000000090b00000, 0x00000000d5580000)
  object space 273408K, 99% used [0x0000000080000000,0x0000000090adb158,0x0000000090b00000)
 Metaspace       used 75565K, committed 77184K, reserved 1179648K
  class space    used 7598K, committed 8320K, reserved 1048576K
}
Event: 59.100 GC heap after
{Heap after GC invocations=268 (full 3):
 PSYoungGen      total 4096K, used 596K [0x00000000d5580000, 0x00000000d5a80000, 0x0000000100000000)
  eden space 3072K, 0% used [0x00000000d5580000,0x00000000d5580000,0x00000000d5880000)
  from space 1024K, 58% used [0x00000000d5880000,0x00000000d5915200,0x00000000d5980000)
  to   space 1024K, 0% used [0x00000000d5980000,0x00000000d5980000,0x00000000d5a80000)
 ParOldGen       total 273920K, used 273688K [0x0000000080000000, 0x0000000090b80000, 0x00000000d5580000)
  object space 273920K, 99% used [0x0000000080000000,0x0000000090b46368,0x0000000090b80000)
 Metaspace       used 75565K, committed 77184K, reserved 1179648K
  class space    used 7598K, committed 8320K, reserved 1048576K
}
Event: 59.104 GC heap before
{Heap before GC invocations=269 (full 3):
 PSYoungGen      total 4096K, used 3668K [0x00000000d5580000, 0x00000000d5a80000, 0x0000000100000000)
  eden space 3072K, 100% used [0x00000000d5580000,0x00000000d5880000,0x00000000d5880000)
  from space 1024K, 58% used [0x00000000d5880000,0x00000000d5915200,0x00000000d5980000)
  to   space 1024K, 0% used [0x00000000d5980000,0x00000000d5980000,0x00000000d5a80000)
 ParOldGen       total 273920K, used 273688K [0x0000000080000000, 0x0000000090b80000, 0x00000000d5580000)
  object space 273920K, 99% used [0x0000000080000000,0x0000000090b46368,0x0000000090b80000)
 Metaspace       used 75571K, committed 77184K, reserved 1179648K
  class space    used 7598K, committed 8320K, reserved 1048576K
}
Event: 59.105 GC heap after
{Heap after GC invocations=269 (full 3):
 PSYoungGen      total 3584K, used 448K [0x00000000d5580000, 0x00000000d5a00000, 0x0000000100000000)
  eden space 3072K, 0% used [0x00000000d5580000,0x00000000d5580000,0x00000000d5880000)
  from space 512K, 87% used [0x00000000d5980000,0x00000000d59f0000,0x00000000d5a00000)
  to   space 512K, 0% used [0x00000000d5900000,0x00000000d5900000,0x00000000d5980000)
 ParOldGen       total 274432K, used 274077K [0x0000000080000000, 0x0000000090c00000, 0x00000000d5580000)
  object space 274432K, 99% used [0x0000000080000000,0x0000000090ba7588,0x0000000090c00000)
 Metaspace       used 75571K, committed 77184K, reserved 1179648K
  class space    used 7598K, committed 8320K, reserved 1048576K
}
Event: 59.107 GC heap before
{Heap before GC invocations=270 (full 3):
 PSYoungGen      total 3584K, used 3520K [0x00000000d5580000, 0x00000000d5a00000, 0x0000000100000000)
  eden space 3072K, 100% used [0x00000000d5580000,0x00000000d5880000,0x00000000d5880000)
  from space 512K, 87% used [0x00000000d5980000,0x00000000d59f0000,0x00000000d5a00000)
  to   space 512K, 0% used [0x00000000d5900000,0x00000000d5900000,0x00000000d5980000)
 ParOldGen       total 274432K, used 274077K [0x0000000080000000, 0x0000000090c00000, 0x00000000d5580000)
  object space 274432K, 99% used [0x0000000080000000,0x0000000090ba7588,0x0000000090c00000)
 Metaspace       used 75572K, committed 77184K, reserved 1179648K
  class space    used 7598K, committed 8320K, reserved 1048576K
}
Event: 59.108 GC heap after
{Heap after GC invocations=270 (full 3):
 PSYoungGen      total 3584K, used 496K [0x00000000d5580000, 0x00000000d5a80000, 0x0000000100000000)
  eden space 3072K, 0% used [0x00000000d5580000,0x00000000d5580000,0x00000000d5880000)
  from space 512K, 96% used [0x00000000d5900000,0x00000000d597c010,0x00000000d5980000)
  to   space 1024K, 0% used [0x00000000d5980000,0x00000000d5980000,0x00000000d5a80000)
 ParOldGen       total 274432K, used 274317K [0x0000000080000000, 0x0000000090c00000, 0x00000000d5580000)
  object space 274432K, 99% used [0x0000000080000000,0x0000000090be3598,0x0000000090c00000)
 Metaspace       used 75572K, committed 77184K, reserved 1179648K
  class space    used 7598K, committed 8320K, reserved 1048576K
}
Event: 59.110 GC heap before
{Heap before GC invocations=271 (full 3):
 PSYoungGen      total 3584K, used 3568K [0x00000000d5580000, 0x00000000d5a80000, 0x0000000100000000)
  eden space 3072K, 100% used [0x00000000d5580000,0x00000000d5880000,0x00000000d5880000)
  from space 512K, 96% used [0x00000000d5900000,0x00000000d597c010,0x00000000d5980000)
  to   space 1024K, 0% used [0x00000000d5980000,0x00000000d5980000,0x00000000d5a80000)
 ParOldGen       total 274432K, used 274317K [0x0000000080000000, 0x0000000090c00000, 0x00000000d5580000)
  object space 274432K, 99% used [0x0000000080000000,0x0000000090be3598,0x0000000090c00000)
 Metaspace       used 75573K, committed 77184K, reserved 1179648K
  class space    used 7598K, committed 8320K, reserved 1048576K
}
Event: 59.111 GC heap after
{Heap after GC invocations=271 (full 3):
 PSYoungGen      total 4096K, used 496K [0x00000000d5580000, 0x00000000d5a80000, 0x0000000100000000)
  eden space 3072K, 0% used [0x00000000d5580000,0x00000000d5580000,0x00000000d5880000)
  from space 1024K, 48% used [0x00000000d5980000,0x00000000d59fc030,0x00000000d5a80000)
  to   space 1024K, 0% used [0x00000000d5880000,0x00000000d5880000,0x00000000d5980000)
 ParOldGen       total 274944K, used 274549K [0x0000000080000000, 0x0000000090c80000, 0x00000000d5580000)
  object space 274944K, 99% used [0x0000000080000000,0x0000000090c1d5a8,0x0000000090c80000)
 Metaspace       used 75573K, committed 77184K, reserved 1179648K
  class space    used 7598K, committed 8320K, reserved 1048576K
}
Event: 59.116 GC heap before
{Heap before GC invocations=272 (full 3):
 PSYoungGen      total 4096K, used 3568K [0x00000000d5580000, 0x00000000d5a80000, 0x0000000100000000)
  eden space 3072K, 100% used [0x00000000d5580000,0x00000000d5880000,0x00000000d5880000)
  from space 1024K, 48% used [0x00000000d5980000,0x00000000d59fc030,0x00000000d5a80000)
  to   space 1024K, 0% used [0x00000000d5880000,0x00000000d5880000,0x00000000d5980000)
 ParOldGen       total 274944K, used 274549K [0x0000000080000000, 0x0000000090c80000, 0x00000000d5580000)
  object space 274944K, 99% used [0x0000000080000000,0x0000000090c1d5a8,0x0000000090c80000)
 Metaspace       used 75573K, committed 77184K, reserved 1179648K
  class space    used 7598K, committed 8320K, reserved 1048576K
}
Event: 59.117 GC heap after
{Heap after GC invocations=272 (full 3):
 PSYoungGen      total 4096K, used 672K [0x00000000d5580000, 0x00000000d5a80000, 0x0000000100000000)
  eden space 3072K, 0% used [0x00000000d5580000,0x00000000d5580000,0x00000000d5880000)
  from space 1024K, 65% used [0x00000000d5880000,0x00000000d5928020,0x00000000d5980000)
  to   space 1024K, 0% used [0x00000000d5980000,0x00000000d5980000,0x00000000d5a80000)
 ParOldGen       total 274944K, used 274909K [0x0000000080000000, 0x0000000090c80000, 0x00000000d5580000)
  object space 274944K, 99% used [0x0000000080000000,0x0000000090c775c8,0x0000000090c80000)
 Metaspace       used 75573K, committed 77184K, reserved 1179648K
  class space    used 7598K, committed 8320K, reserved 1048576K
}
Event: 59.120 GC heap before
{Heap before GC invocations=273 (full 3):
 PSYoungGen      total 4096K, used 3744K [0x00000000d5580000, 0x00000000d5a80000, 0x0000000100000000)
  eden space 3072K, 100% used [0x00000000d5580000,0x00000000d5880000,0x00000000d5880000)
  from space 1024K, 65% used [0x00000000d5880000,0x00000000d5928020,0x00000000d5980000)
  to   space 1024K, 0% used [0x00000000d5980000,0x00000000d5980000,0x00000000d5a80000)
 ParOldGen       total 274944K, used 274909K [0x0000000080000000, 0x0000000090c80000, 0x00000000d5580000)
  object space 274944K, 99% used [0x0000000080000000,0x0000000090c775c8,0x0000000090c80000)
 Metaspace       used 75575K, committed 77184K, reserved 1179648K
  class space    used 7598K, committed 8320K, reserved 1048576K
}

Dll operation events (10 events):
Event: 0.112 Loaded shared library c:\Users\ASUS\.antigravity\extensions\redhat.java-1.53.0-win32-x64\jre\21.0.10-win32-x86_64\bin\java.dll
Event: 0.206 Loaded shared library c:\Users\ASUS\.antigravity\extensions\redhat.java-1.53.0-win32-x64\jre\21.0.10-win32-x86_64\bin\zip.dll
Event: 0.231 Loaded shared library C:\Users\ASUS\.antigravity\extensions\redhat.java-1.53.0-win32-x64\jre\21.0.10-win32-x86_64\bin\instrument.dll
Event: 0.325 Loaded shared library C:\Users\ASUS\.antigravity\extensions\redhat.java-1.53.0-win32-x64\jre\21.0.10-win32-x86_64\bin\net.dll
Event: 0.420 Loaded shared library C:\Users\ASUS\.antigravity\extensions\redhat.java-1.53.0-win32-x64\jre\21.0.10-win32-x86_64\bin\nio.dll
Event: 0.426 Loaded shared library C:\Users\ASUS\.antigravity\extensions\redhat.java-1.53.0-win32-x64\jre\21.0.10-win32-x86_64\bin\zip.dll
Event: 0.448 Loaded shared library C:\Users\ASUS\.antigravity\extensions\redhat.java-1.53.0-win32-x64\jre\21.0.10-win32-x86_64\bin\jimage.dll
Event: 0.608 Loaded shared library c:\Users\ASUS\.antigravity\extensions\redhat.java-1.53.0-win32-x64\jre\21.0.10-win32-x86_64\bin\verify.dll
Event: 2.261 Loaded shared library C:\Users\ASUS\AppData\Roaming\Antigravity\User\globalStorage\redhat.java\1.53.0\config_win\org.eclipse.equinox.launcher\org.eclipse.equinox.launcher.win32.win32.x86_64_1.3.0.v20260203-2149\eclipse_11919.dll
Event: 4.152 Loaded shared library C:\Users\ASUS\AppData\Local\Temp\jna-2018896\jna11055317599641058831.dll

Deoptimization events (20 events):
Event: 57.912 Thread 0x0000029e7a0dde60 DEOPT PACKING pc=0x0000029e25f4b9b4 sp=0x000000f8374feb30
Event: 57.912 Thread 0x0000029e7a0dde60 DEOPT UNPACKING pc=0x0000029e24f73aa2 sp=0x000000f8374feac8 mode 2
Event: 57.912 Thread 0x0000029e7a0dde60 Uncommon trap: trap_request=0xffffffde fr.pc=0x0000029e25f4b9b4 relative=0x00000000000001f4
Event: 57.912 Thread 0x0000029e7a0dde60 Uncommon trap: reason=class_check action=maybe_recompile pc=0x0000029e25f4b9b4 method=org.eclipse.jdt.internal.core.util.Util.equalArraysOrNull([Ljava/lang/Object;[Ljava/lang/Object;)Z @ 55 c2
Event: 57.912 Thread 0x0000029e7a0dde60 DEOPT PACKING pc=0x0000029e25f4b9b4 sp=0x000000f8374feb30
Event: 57.912 Thread 0x0000029e7a0dde60 DEOPT UNPACKING pc=0x0000029e24f73aa2 sp=0x000000f8374feac8 mode 2
Event: 57.912 Thread 0x0000029e7a0dde60 Uncommon trap: trap_request=0xffffffde fr.pc=0x0000029e25f4b9b4 relative=0x00000000000001f4
Event: 57.912 Thread 0x0000029e7a0dde60 Uncommon trap: reason=class_check action=maybe_recompile pc=0x0000029e25f4b9b4 method=org.eclipse.jdt.internal.core.util.Util.equalArraysOrNull([Ljava/lang/Object;[Ljava/lang/Object;)Z @ 55 c2
Event: 57.912 Thread 0x0000029e7a0dde60 DEOPT PACKING pc=0x0000029e25f4b9b4 sp=0x000000f8374feb30
Event: 57.912 Thread 0x0000029e7a0dde60 DEOPT UNPACKING pc=0x0000029e24f73aa2 sp=0x000000f8374feac8 mode 2
Event: 57.912 Thread 0x0000029e7a0dde60 Uncommon trap: trap_request=0xffffffde fr.pc=0x0000029e25f4b9b4 relative=0x00000000000001f4
Event: 57.912 Thread 0x0000029e7a0dde60 Uncommon trap: reason=class_check action=maybe_recompile pc=0x0000029e25f4b9b4 method=org.eclipse.jdt.internal.core.util.Util.equalArraysOrNull([Ljava/lang/Object;[Ljava/lang/Object;)Z @ 55 c2
Event: 57.912 Thread 0x0000029e7a0dde60 DEOPT PACKING pc=0x0000029e25f4b9b4 sp=0x000000f8374feb30
Event: 57.912 Thread 0x0000029e7a0dde60 DEOPT UNPACKING pc=0x0000029e24f73aa2 sp=0x000000f8374feac8 mode 2
Event: 59.090 Thread 0x0000029e7c8f0840 DEOPT PACKING pc=0x0000029e1fe6bfe9 sp=0x000000f8396fd780
Event: 59.090 Thread 0x0000029e7c8f0840 DEOPT UNPACKING pc=0x0000029e24f74242 sp=0x000000f8396fccb0 mode 0
Event: 59.097 Thread 0x0000029e7c8eee00 DEOPT PACKING pc=0x0000029e1e2d2a04 sp=0x000000f8392fed60
Event: 59.097 Thread 0x0000029e7c8eee00 DEOPT UNPACKING pc=0x0000029e24f74242 sp=0x000000f8392fe208 mode 0
Event: 59.114 Thread 0x0000029e7c8eee00 DEOPT PACKING pc=0x0000029e1fe6bfe9 sp=0x000000f8392fe090
Event: 59.115 Thread 0x0000029e7c8eee00 DEOPT UNPACKING pc=0x0000029e24f74242 sp=0x000000f8392fd5c0 mode 0

Classes loaded (20 events):
Event: 31.980 Loading class sun/util/resources/cldr/TimeZoneNames_en_US
Event: 31.980 Loading class sun/util/resources/cldr/TimeZoneNames_en_US done
Event: 31.981 Loading class sun/util/cldr/CLDRBaseLocaleDataMetaInfo$TZCanonicalIDMapHolder
Event: 31.983 Loading class sun/util/cldr/CLDRBaseLocaleDataMetaInfo$TZCanonicalIDMapHolder done
Event: 31.984 Loading class sun/util/resources/TimeZoneNames
Event: 31.985 Loading class sun/util/resources/TimeZoneNames done
Event: 31.985 Loading class sun/util/resources/TimeZoneNames_en
Event: 31.985 Loading class sun/util/resources/TimeZoneNames_en done
Event: 45.270 Loading class jdk/internal/module/IllegalAccessLogger
Event: 45.270 Loading class jdk/internal/module/IllegalAccessLogger done
Event: 45.563 Loading class java/nio/BufferMismatch
Event: 45.563 Loading class java/nio/BufferMismatch done
Event: 48.498 Loading class java/util/regex/Pattern$Behind
Event: 48.503 Loading class java/util/regex/Pattern$Behind done
Event: 48.504 Loading class java/util/regex/Pattern$Neg
Event: 48.504 Loading class java/util/regex/Pattern$Neg done
Event: 55.157 Loading class sun/nio/fs/WindowsFileCopy
Event: 55.158 Loading class sun/nio/fs/WindowsFileCopy done
Event: 55.487 Loading class jdk/internal/module/IllegalAccessLogger
Event: 55.487 Loading class jdk/internal/module/IllegalAccessLogger done

Classes unloaded (7 events):
Event: 4.832 Thread 0x0000029e1a96e810 Unloading class 0x0000029e331aac00 'java/lang/invoke/LambdaForm$MH+0x0000029e331aac00'
Event: 4.832 Thread 0x0000029e1a96e810 Unloading class 0x0000029e331aa800 'java/lang/invoke/LambdaForm$MH+0x0000029e331aa800'
Event: 4.832 Thread 0x0000029e1a96e810 Unloading class 0x0000029e331aa400 'java/lang/invoke/LambdaForm$MH+0x0000029e331aa400'
Event: 4.832 Thread 0x0000029e1a96e810 Unloading class 0x0000029e331aa000 'java/lang/invoke/LambdaForm$MH+0x0000029e331aa000'
Event: 4.832 Thread 0x0000029e1a96e810 Unloading class 0x0000029e331a9c00 'java/lang/invoke/LambdaForm$BMH+0x0000029e331a9c00'
Event: 4.832 Thread 0x0000029e1a96e810 Unloading class 0x0000029e331a9800 'java/lang/invoke/LambdaForm$DMH+0x0000029e331a9800'
Event: 4.832 Thread 0x0000029e1a96e810 Unloading class 0x0000029e331a8400 'java/lang/invoke/LambdaForm$DMH+0x0000029e331a8400'

Classes redefined (0 events):
No events

Internal exceptions (20 events):
Event: 16.090 Thread 0x0000029e7a0de4f0 Exception <a 'sun/nio/fs/WindowsException'{0x00000000d582aac8}> (0x00000000d582aac8) 
thrown [s\src\hotspot\share\prims\jni.cpp, line 520]
Event: 16.110 Thread 0x0000029e7c8f2910 Implicit null exception at 0x0000029e25787de3 to 0x0000029e25788a28
Event: 16.124 Thread 0x0000029e7c8ee0e0 Exception <a 'java/lang/NoSuchMethodError'{0x00000000d5889018}: 'int java.lang.invoke.Invokers$Holder.invokeExact_MT(java.lang.Object, java.lang.Object)'> (0x00000000d5889018) 
thrown [s\src\hotspot\share\interpreter\linkResolver.cpp, line 773]
Event: 16.151 Thread 0x0000029e7b55f020 Exception <a 'java/lang/IncompatibleClassChangeError'{0x00000000d5ae02f8}: Found class java.lang.Object, but interface was expected> (0x00000000d5ae02f8) 
thrown [s\src\hotspot\share\interpreter\linkResolver.cpp, line 840]
Event: 16.647 Thread 0x0000029e7c8f4350 Exception <a 'sun/nio/fs/WindowsException'{0x00000000d58ad9d8}> (0x00000000d58ad9d8) 
thrown [s\src\hotspot\share\prims\jni.cpp, line 520]
Event: 16.647 Thread 0x0000029e7c8f4350 Exception <a 'sun/nio/fs/WindowsException'{0x00000000d58b1d30}> (0x00000000d58b1d30) 
thrown [s\src\hotspot\share\prims\jni.cpp, line 520]
Event: 16.648 Thread 0x0000029e7c8f4350 Exception <a 'sun/nio/fs/WindowsException'{0x00000000d5901f70}> (0x00000000d5901f70) 
thrown [s\src\hotspot\share\prims\jni.cpp, line 520]
Event: 16.648 Thread 0x0000029e7c8f4350 Exception <a 'sun/nio/fs/WindowsException'{0x00000000d5909328}> (0x00000000d5909328) 
thrown [s\src\hotspot\share\prims\jni.cpp, line 520]
Event: 16.650 Thread 0x0000029e7c8f4350 Exception <a 'sun/nio/fs/WindowsException'{0x00000000d595a158}> (0x00000000d595a158) 
thrown [s\src\hotspot\share\prims\jni.cpp, line 520]
Event: 16.650 Thread 0x0000029e7c8f4350 Exception <a 'sun/nio/fs/WindowsException'{0x00000000d595d0e8}> (0x00000000d595d0e8) 
thrown [s\src\hotspot\share\prims\jni.cpp, line 520]
Event: 16.657 Thread 0x0000029e7c8f4350 Exception <a 'sun/nio/fs/WindowsException'{0x00000000d5adfc10}> (0x00000000d5adfc10) 
thrown [s\src\hotspot\share\prims\jni.cpp, line 520]
Event: 16.657 Thread 0x0000029e7c8f4350 Exception <a 'sun/nio/fs/WindowsException'{0x00000000d5aff810}> (0x00000000d5aff810) 
thrown [s\src\hotspot\share\prims\jni.cpp, line 520]
Event: 17.093 Thread 0x0000029e7c8f0840 Exception <a 'java/lang/NoSuchMethodError'{0x00000000d5e2e1f0}: 'java.lang.Object java.lang.invoke.DirectMethodHandle$Holder.newInvokeSpecial(java.lang.Object, java.lang.Object, int, java.lang.Object, java.lang.Object, java.lang.Object, java.lang.Object)'> (0x00000000d5e2e1f0) 
thrown [s\src\hotspot\share\interpreter\linkResolver.cpp, line 773]
Event: 17.301 Thread 0x0000029e7a0de4f0 Exception <a 'java/lang/NoSuchMethodError'{0x00000000d5c92910}: 'java.lang.Object java.lang.invoke.DirectMethodHandle$Holder.invokeStatic(java.lang.Object, java.lang.Object, int, java.lang.Object)'> (0x00000000d5c92910) 
thrown [s\src\hotspot\share\interpreter\linkResolver.cpp, line 773]
Event: 45.066 Thread 0x0000029e7a0df210 Implicit null exception at 0x0000029e25a511e2 to 0x0000029e25a51618
Event: 48.368 Thread 0x0000029e7c8f4350 Exception <a 'java/lang/NoSuchMethodError'{0x00000000d55ca2e8}: 'int java.lang.invoke.DirectMethodHandle$Holder.invokeVirtual(java.lang.Object, java.lang.Object, java.lang.Object, int)'> (0x00000000d55ca2e8) 
thrown [s\src\hotspot\share\interpreter\linkResolver.cpp, line 773]
Event: 48.389 Thread 0x0000029e7c8f4350 Exception <a 'java/lang/NoSuchMethodError'{0x00000000d5625e58}: 'void java.lang.invoke.DirectMethodHandle$Holder.invokeSpecial(java.lang.Object, java.lang.Object, int)'> (0x00000000d5625e58) 
thrown [s\src\hotspot\share\interpreter\linkResolver.cpp, line 773]
Event: 55.159 Thread 0x0000029e7a0df210 Exception <a 'sun/nio/fs/WindowsException'{0x00000000d579c400}> (0x00000000d579c400) 
thrown [s\src\hotspot\share\prims\jni.cpp, line 520]
Event: 55.754 Thread 0x0000029e7a0df210 Exception <a 'sun/nio/fs/WindowsException'{0x00000000d5595b58}> (0x00000000d5595b58) 
thrown [s\src\hotspot\share\prims\jni.cpp, line 520]
Event: 55.759 Thread 0x0000029e7a0df210 Implicit null exception at 0x0000029e26118169 to 0x0000029e2611bd48

ZGC Phase Switch (0 events):
No events

VM Operations (20 events):
Event: 57.929 Executing safepoint VM operation: ParallelGCFailedAllocation (Allocation Failure) done
Event: 57.936 Executing safepoint VM operation: ParallelGCFailedAllocation (Allocation Failure)
Event: 57.938 Executing safepoint VM operation: ParallelGCFailedAllocation (Allocation Failure) done
Event: 57.952 Executing safepoint VM operation: ParallelGCFailedAllocation (Allocation Failure)
Event: 57.954 Executing safepoint VM operation: ParallelGCFailedAllocation (Allocation Failure) done
Event: 58.162 Executing safepoint VM operation: ParallelGCFailedAllocation (Allocation Failure)
Event: 58.164 Executing safepoint VM operation: ParallelGCFailedAllocation (Allocation Failure) done
Event: 59.094 Executing safepoint VM operation: ParallelGCFailedAllocation (Allocation Failure)
Event: 59.095 Executing safepoint VM operation: ParallelGCFailedAllocation (Allocation Failure) done
Event: 59.099 Executing safepoint VM operation: ParallelGCFailedAllocation (Allocation Failure)
Event: 59.100 Executing safepoint VM operation: ParallelGCFailedAllocation (Allocation Failure) done
Event: 59.104 Executing safepoint VM operation: ParallelGCFailedAllocation (Allocation Failure)
Event: 59.105 Executing safepoint VM operation: ParallelGCFailedAllocation (Allocation Failure) done
Event: 59.107 Executing safepoint VM operation: ParallelGCFailedAllocation (Allocation Failure)
Event: 59.108 Executing safepoint VM operation: ParallelGCFailedAllocation (Allocation Failure) done
Event: 59.110 Executing safepoint VM operation: ParallelGCFailedAllocation (Allocation Failure)
Event: 59.111 Executing safepoint VM operation: ParallelGCFailedAllocation (Allocation Failure) done
Event: 59.116 Executing safepoint VM operation: ParallelGCFailedAllocation (Allocation Failure)
Event: 59.117 Executing safepoint VM operation: ParallelGCFailedAllocation (Allocation Failure) done
Event: 59.120 Executing safepoint VM operation: ParallelGCFailedAllocation (Allocation Failure)

Memory protections (0 events):
No events

Nmethod flushes (20 events):
Event: 10.747 Thread 0x0000029e1a96e810 flushing osr nmethod 0x0000029e1e4bb390
Event: 10.747 Thread 0x0000029e1a96e810 flushing  nmethod 0x0000029e1e4e1510
Event: 10.747 Thread 0x0000029e1a96e810 flushing  nmethod 0x0000029e1e4eef90
Event: 10.747 Thread 0x0000029e1a96e810 flushing  nmethod 0x0000029e1e4f5590
Event: 10.747 Thread 0x0000029e1a96e810 flushing  nmethod 0x0000029e1e4f6f10
Event: 10.747 Thread 0x0000029e1a96e810 flushing  nmethod 0x0000029e1e4f7a10
Event: 10.747 Thread 0x0000029e1a96e810 flushing  nmethod 0x0000029e1e4fa710
Event: 10.747 Thread 0x0000029e1a96e810 flushing  nmethod 0x0000029e1e500310
Event: 10.747 Thread 0x0000029e1a96e810 flushing  nmethod 0x0000029e1e507c90
Event: 10.747 Thread 0x0000029e1a96e810 flushing  nmethod 0x0000029e1e508990
Event: 10.747 Thread 0x0000029e1a96e810 flushing  nmethod 0x0000029e1e51af10
Event: 10.747 Thread 0x0000029e1a96e810 flushing osr nmethod 0x0000029e1e521810
Event: 10.747 Thread 0x0000029e1a96e810 flushing  nmethod 0x0000029e1e547810
Event: 10.747 Thread 0x0000029e1a96e810 flushing  nmethod 0x0000029e1e54bd90
Event: 10.747 Thread 0x0000029e1a96e810 flushing  nmethod 0x0000029e1e54c390
Event: 10.747 Thread 0x0000029e1a96e810 flushing  nmethod 0x0000029e1e54cc10
Event: 10.747 Thread 0x0000029e1a96e810 flushing  nmethod 0x0000029e1e54cf90
Event: 10.747 Thread 0x0000029e1a96e810 flushing  nmethod 0x0000029e1e54e710
Event: 10.747 Thread 0x0000029e1a96e810 flushing  nmethod 0x0000029e1e5b3e90
Event: 10.747 Thread 0x0000029e1a96e810 flushing osr nmethod 0x0000029e1e5e1710

Events (20 events):
Event: 41.985 Thread 0x0000029e7e0f8610 Thread exited: 0x0000029e7e0f8610
Event: 45.226 Thread 0x0000029e736e7950 Thread added: 0x0000029e792cce70
Event: 45.226 Thread 0x0000029e736e7950 Thread added: 0x0000029e792cc7a0
Event: 47.155 Thread 0x0000029e792cc7a0 Thread exited: 0x0000029e792cc7a0
Event: 47.155 Thread 0x0000029e792cce70 Thread exited: 0x0000029e792cce70
Event: 47.242 Thread 0x0000029e736e7950 Thread added: 0x0000029e739e0af0
Event: 48.234 Thread 0x0000029e736e7950 Thread added: 0x0000029e7e0f8610
Event: 48.376 Thread 0x0000029e736e7950 Thread added: 0x0000029e7e0f8ce0
Event: 48.762 Thread 0x0000029e7e0f8ce0 Thread added: 0x0000029e792cce70
Event: 54.892 Thread 0x0000029e792cce70 Thread exited: 0x0000029e792cce70
Event: 54.892 Thread 0x0000029e739e0af0 Thread exited: 0x0000029e739e0af0
Event: 54.922 Thread 0x0000029e736e7950 Thread added: 0x0000029e7bce2b40
Event: 54.935 Thread 0x0000029e736e7950 Thread added: 0x0000029e7bce2470
Event: 54.935 Thread 0x0000029e736e7950 Thread added: 0x0000029e7bce16d0
Event: 57.316 Thread 0x0000029e7bce16d0 Thread exited: 0x0000029e7bce16d0
Event: 57.316 Thread 0x0000029e7e0f8ce0 Thread exited: 0x0000029e7e0f8ce0
Event: 57.316 Thread 0x0000029e7e0f8610 Thread exited: 0x0000029e7e0f8610
Event: 57.999 Thread 0x0000029e736e7950 Thread added: 0x0000029e7ddeaca0
Event: 57.999 Thread 0x0000029e736e7950 Thread added: 0x0000029e7ddeb370
Event: 58.000 Thread 0x0000029e736e7950 Thread added: 0x0000029e7dde7cf0


Dynamic libraries:
0x00007ff6611e0000 - 0x00007ff6611ee000 	c:\Users\ASUS\.antigravity\extensions\redhat.java-1.53.0-win32-x64\jre\21.0.10-win32-x86_64\bin\java.exe
0x00007fff14dc0000 - 0x00007fff15029000 	C:\WINDOWS\SYSTEM32\ntdll.dll
0x00007fff13800000 - 0x00007fff138c9000 	C:\WINDOWS\System32\KERNEL32.DLL
0x00007fff12390000 - 0x00007fff12783000 	C:\WINDOWS\System32\KERNELBASE.dll
0x00007fff12790000 - 0x00007fff128db000 	C:\WINDOWS\System32\ucrtbase.dll
0x00007ffefc630000 - 0x00007ffefc648000 	c:\Users\ASUS\.antigravity\extensions\redhat.java-1.53.0-win32-x64\jre\21.0.10-win32-x86_64\bin\jli.dll
0x00007fff0d030000 - 0x00007fff0d04e000 	c:\Users\ASUS\.antigravity\extensions\redhat.java-1.53.0-win32-x64\jre\21.0.10-win32-x86_64\bin\VCRUNTIME140.dll
0x00007fff141e0000 - 0x00007fff143a4000 	C:\WINDOWS\System32\USER32.dll
0x00007ffef7f50000 - 0x00007ffef81e3000 	C:\WINDOWS\WinSxS\amd64_microsoft.windows.common-controls_6595b64144ccf1df_6.0.26100.5074_none_3e0d6f78e32fd63f\COMCTL32.dll
0x00007fff12360000 - 0x00007fff12387000 	C:\WINDOWS\System32\win32u.dll
0x00007fff12cf0000 - 0x00007fff12d1b000 	C:\WINDOWS\System32\GDI32.dll
0x00007fff146b0000 - 0x00007fff14759000 	C:\WINDOWS\System32\msvcrt.dll
0x00007fff128e0000 - 0x00007fff12a0d000 	C:\WINDOWS\System32\gdi32full.dll
0x00007fff12140000 - 0x00007fff121e3000 	C:\WINDOWS\System32\msvcp_win.dll
0x00007fff12d20000 - 0x00007fff12d4f000 	C:\WINDOWS\System32\IMM32.DLL
0x00007ffefc620000 - 0x00007ffefc62c000 	c:\Users\ASUS\.antigravity\extensions\redhat.java-1.53.0-win32-x64\jre\21.0.10-win32-x86_64\bin\vcruntime140_1.dll
0x00007ffefa960000 - 0x00007ffefa9ed000 	c:\Users\ASUS\.antigravity\extensions\redhat.java-1.53.0-win32-x64\jre\21.0.10-win32-x86_64\bin\msvcp140.dll
0x00007ffe995e0000 - 0x00007ffe9a381000 	c:\Users\ASUS\.antigravity\extensions\redhat.java-1.53.0-win32-x64\jre\21.0.10-win32-x86_64\bin\server\jvm.dll
0x00007fff14120000 - 0x00007fff141d4000 	C:\WINDOWS\System32\ADVAPI32.dll
0x00007fff14410000 - 0x00007fff144b6000 	C:\WINDOWS\System32\sechost.dll
0x00007fff12d60000 - 0x00007fff12e78000 	C:\WINDOWS\System32\RPCRT4.dll
0x00007fff136c0000 - 0x00007fff13734000 	C:\WINDOWS\System32\WS2_32.dll
0x00007fff11d80000 - 0x00007fff11dde000 	C:\WINDOWS\SYSTEM32\POWRPROF.dll
0x00007fff05970000 - 0x00007fff059a5000 	C:\WINDOWS\SYSTEM32\WINMM.dll
0x00007fff0bc20000 - 0x00007fff0bc2b000 	C:\WINDOWS\SYSTEM32\VERSION.dll
0x00007fff11d60000 - 0x00007fff11d74000 	C:\WINDOWS\SYSTEM32\UMPDC.dll
0x00007fff10cc0000 - 0x00007fff10cdb000 	C:\WINDOWS\SYSTEM32\kernel.appcore.dll
0x00007ffefc610000 - 0x00007ffefc61a000 	c:\Users\ASUS\.antigravity\extensions\redhat.java-1.53.0-win32-x64\jre\21.0.10-win32-x86_64\bin\jimage.dll
0x00007ffefe670000 - 0x00007ffefe8b2000 	C:\WINDOWS\SYSTEM32\DBGHELP.DLL
0x00007fff13340000 - 0x00007fff136bb000 	C:\WINDOWS\System32\combase.dll
0x00007fff13040000 - 0x00007fff13117000 	C:\WINDOWS\System32\OLEAUT32.dll
0x00007ffefb2a0000 - 0x00007ffefb2dd000 	C:\WINDOWS\SYSTEM32\dbgcore.DLL
0x00007fff120a0000 - 0x00007fff12139000 	C:\WINDOWS\System32\bcryptPrimitives.dll
0x00007ffefc600000 - 0x00007ffefc60f000 	c:\Users\ASUS\.antigravity\extensions\redhat.java-1.53.0-win32-x64\jre\21.0.10-win32-x86_64\bin\instrument.dll
0x00007ffefc5e0000 - 0x00007ffefc600000 	c:\Users\ASUS\.antigravity\extensions\redhat.java-1.53.0-win32-x64\jre\21.0.10-win32-x86_64\bin\java.dll
0x00007fff138d0000 - 0x00007fff1401d000 	C:\WINDOWS\System32\SHELL32.dll
0x00007fff121f0000 - 0x00007fff1235c000 	C:\WINDOWS\System32\wintypes.dll
0x00007fff0fb30000 - 0x00007fff10389000 	C:\WINDOWS\SYSTEM32\windows.storage.dll
0x00007fff12e80000 - 0x00007fff12f70000 	C:\WINDOWS\System32\SHCORE.dll
0x00007fff13130000 - 0x00007fff13192000 	C:\WINDOWS\System32\shlwapi.dll
0x00007fff11e40000 - 0x00007fff11e69000 	C:\WINDOWS\SYSTEM32\profapi.dll
0x00007ffefc5c0000 - 0x00007ffefc5d8000 	c:\Users\ASUS\.antigravity\extensions\redhat.java-1.53.0-win32-x64\jre\21.0.10-win32-x86_64\bin\zip.dll
0x00007ffefc5b0000 - 0x00007ffefc5c0000 	C:\Users\ASUS\.antigravity\extensions\redhat.java-1.53.0-win32-x64\jre\21.0.10-win32-x86_64\bin\net.dll
0x00007fff0c220000 - 0x00007fff0c33f000 	C:\WINDOWS\SYSTEM32\WINHTTP.dll
0x00007fff11220000 - 0x00007fff1128b000 	C:\WINDOWS\system32\mswsock.dll
0x00007ffefc570000 - 0x00007ffefc586000 	C:\Users\ASUS\.antigravity\extensions\redhat.java-1.53.0-win32-x64\jre\21.0.10-win32-x86_64\bin\nio.dll
0x00007ffefc5a0000 - 0x00007ffefc5b0000 	c:\Users\ASUS\.antigravity\extensions\redhat.java-1.53.0-win32-x64\jre\21.0.10-win32-x86_64\bin\verify.dll
0x00007ffefaba0000 - 0x00007ffefabe5000 	C:\Users\ASUS\AppData\Roaming\Antigravity\User\globalStorage\redhat.java\1.53.0\config_win\org.eclipse.equinox.launcher\org.eclipse.equinox.launcher.win32.win32.x86_64_1.3.0.v20260203-2149\eclipse_11919.dll
0x00007fff131a0000 - 0x00007fff13338000 	C:\WINDOWS\System32\ole32.dll
0x00007fff115f0000 - 0x00007fff1160b000 	C:\WINDOWS\SYSTEM32\CRYPTSP.dll
0x00007fff10c20000 - 0x00007fff10c5b000 	C:\WINDOWS\system32\rsaenh.dll
0x00007fff112c0000 - 0x00007fff112eb000 	C:\WINDOWS\SYSTEM32\USERENV.dll
0x00007fff11e10000 - 0x00007fff11e36000 	C:\WINDOWS\SYSTEM32\bcrypt.dll
0x00007fff11450000 - 0x00007fff1145c000 	C:\WINDOWS\SYSTEM32\CRYPTBASE.dll
0x00007fff10760000 - 0x00007fff10794000 	C:\WINDOWS\SYSTEM32\IPHLPAPI.DLL
0x00007fff13120000 - 0x00007fff1312a000 	C:\WINDOWS\System32\NSI.dll
0x00007ffef1eb0000 - 0x00007ffef1ef9000 	C:\Users\ASUS\AppData\Local\Temp\jna-2018896\jna11055317599641058831.dll
0x00007fff144c0000 - 0x00007fff144c8000 	C:\WINDOWS\System32\PSAPI.DLL
0x00007fff0c9e0000 - 0x00007fff0c9fe000 	C:\WINDOWS\SYSTEM32\dhcpcsvc6.DLL
0x00007fff0c8b0000 - 0x00007fff0c8d3000 	C:\WINDOWS\SYSTEM32\dhcpcsvc.DLL

JVMTI agents:
c:\Users\ASUS\.antigravity\extensions\redhat.java-1.53.0-win32-x64\lombok\lombok-1.18.39-4050.jar path:c:\Users\ASUS\.antigravity\extensions\redhat.java-1.53.0-win32-x64\jre\21.0.10-win32-x86_64\bin\instrument.dll, loaded, initialized, instrumentlib options:none

dbghelp: loaded successfully - version: 4.0.5 - missing functions: none
symbol engine: initialized successfully - sym options: 0x614 - pdb path: .;c:\Users\ASUS\.antigravity\extensions\redhat.java-1.53.0-win32-x64\jre\21.0.10-win32-x86_64\bin;C:\WINDOWS\SYSTEM32;C:\WINDOWS\WinSxS\amd64_microsoft.windows.common-controls_6595b64144ccf1df_6.0.26100.5074_none_3e0d6f78e32fd63f;c:\Users\ASUS\.antigravity\extensions\redhat.java-1.53.0-win32-x64\jre\21.0.10-win32-x86_64\bin\server;C:\Users\ASUS\AppData\Roaming\Antigravity\User\globalStorage\redhat.java\1.53.0\config_win\org.eclipse.equinox.launcher\org.eclipse.equinox.launcher.win32.win32.x86_64_1.3.0.v20260203-2149;C:\Users\ASUS\AppData\Local\Temp\jna-2018896

VM Arguments:
jvm_args: --add-modules=ALL-SYSTEM --add-opens=java.base/java.util=ALL-UNNAMED --add-opens=java.base/java.lang=ALL-UNNAMED --add-opens=java.base/sun.nio.fs=ALL-UNNAMED -Declipse.application=org.eclipse.jdt.ls.core.id1 -Dosgi.bundles.defaultStartLevel=4 -Declipse.product=org.eclipse.jdt.ls.core.product -Djava.import.generatesMetadataFilesAtProjectRoot=false -DDetectVMInstallationsJob.disabled=true -Dfile.encoding=utf8 -XX:+UseParallelGC -XX:GCTimeRatio=4 -XX:AdaptiveSizePolicyWeight=90 -Dsun.zip.disableMemoryMapping=true -Xmx2G -Xms100m -Xlog:disable -javaagent:c:\Users\ASUS\.antigravity\extensions\redhat.java-1.53.0-win32-x64\lombok\lombok-1.18.39-4050.jar -XX:+HeapDumpOnOutOfMemoryError -XX:HeapDumpPath=c:\Users\ASUS\AppData\Roaming\Antigravity\User\workspaceStorage\072664e477a3092332c4219defd89c4c\redhat.java -Daether.dependencyCollector.impl=bf 
java_command: c:\Users\ASUS\.antigravity\extensions\redhat.java-1.53.0-win32-x64\server\plugins\org.eclipse.equinox.launcher_1.7.100.v20251111-0406.jar -configuration c:\Users\ASUS\AppData\Roaming\Antigravity\User\globalStorage\redhat.java\1.53.0\config_win -data c:\Users\ASUS\AppData\Roaming\Antigravity\User\workspaceStorage\072664e477a3092332c4219defd89c4c\redhat.java\jdt_ws --pipe=\\.\pipe\lsp-303ceeaf67aecdd1166efaff37525312-sock
java_class_path (initial): c:\Users\ASUS\.antigravity\extensions\redhat.java-1.53.0-win32-x64\server\plugins\org.eclipse.equinox.launcher_1.7.100.v20251111-0406.jar
Launcher Type: SUN_STANDARD

[Global flags]
    uintx AdaptiveSizePolicyWeight                 = 90                                        {product} {command line}
     intx CICompilerCount                          = 12                                        {product} {ergonomic}
    uintx GCTimeRatio                              = 4                                         {product} {command line}
     bool HeapDumpOnOutOfMemoryError               = true                                   {manageable} {command line}
    ccstr HeapDumpPath                             = c:\Users\ASUS\AppData\Roaming\Antigravity\User\workspaceStorage\072664e477a3092332c4219defd89c4c\redhat.java         {manageable} {command line}
   size_t InitialHeapSize                          = 104857600                                 {product} {command line}
   size_t MaxHeapSize                              = 2147483648                                {product} {command line}
   size_t MaxNewSize                               = 715653120                                 {product} {ergonomic}
   size_t MinHeapDeltaBytes                        = 524288                                    {product} {ergonomic}
   size_t MinHeapSize                              = 104857600                                 {product} {command line}
   size_t NewSize                                  = 34603008                                  {product} {ergonomic}
    uintx NonNMethodCodeHeapSize                   = 7602480                                {pd product} {ergonomic}
    uintx NonProfiledCodeHeapSize                  = 122027880                              {pd product} {ergonomic}
   size_t OldSize                                  = 70254592                                  {product} {ergonomic}
    uintx ProfiledCodeHeapSize                     = 122027880                              {pd product} {ergonomic}
    uintx ReservedCodeCacheSize                    = 251658240                              {pd product} {ergonomic}
     bool SegmentedCodeCache                       = true                                      {product} {ergonomic}
   size_t SoftMaxHeapSize                          = 2147483648                             {manageable} {ergonomic}
     bool UseCompressedOops                        = true                           {product lp64_product} {ergonomic}
     bool UseLargePagesIndividualAllocation        = false                                  {pd product} {ergonomic}
     bool UseParallelGC                            = true                                      {product} {command line}

Logging:
Log output configuration:
 #0: stdout all=off uptime,level,tags foldmultilines=false
 #1: stderr all=off uptime,level,tags foldmultilines=false

Release file:
JAVA_VERSION="21.0.10" 
MODULES="java.base java.compiler java.datatransfer java.xml java.prefs java.desktop java.instrument java.logging java.management java.security.sasl java.naming java.rmi java.management.rmi java.net.http java.scripting java.security.jgss java.transaction.xa java.sql java.sql.rowset java.xml.crypto java.se java.smartcardio jdk.accessibility jdk.internal.jvmstat jdk.attach jdk.charsets jdk.internal.opt jdk.zipfs jdk.compiler jdk.crypto.ec jdk.crypto.cryptoki jdk.crypto.mscapi jdk.dynalink jdk.internal.ed jdk.editpad jdk.hotspot.agent jdk.httpserver jdk.internal.le jdk.internal.vm.ci jdk.internal.vm.compiler jdk.internal.vm.compiler.management jdk.jartool jdk.javadoc jdk.jcmd jdk.management jdk.management.agent jdk.jconsole jdk.jdeps jdk.jdwp.agent jdk.jdi jdk.jfr jdk.jshell jdk.jsobject jdk.jstatd jdk.localedata jdk.management.jfr jdk.naming.dns jdk.naming.rmi jdk.net jdk.nio.mapmode jdk.random jdk.sctp jdk.security.auth jdk.security.jgss jdk.unsupported jdk.unsupported.desktop jdk.xml.dom" 

Environment Variables:
PATH=C:\Program Files\Java\jdk-25\bin;C:\Program Files\Python313\Scripts\;C:\Program Files\Python313\;C:\Program Files (x86)\VMware\VMware Workstation\bin\;C:\WINDOWS\system32;C:\WINDOWS;C:\WINDOWS\System32\Wbem;C:\WINDOWS\System32\WindowsPowerShell\v1.0\;C:\WINDOWS\System32\OpenSSH\;C:\Program Files\NVIDIA Corporation\NVIDIA App\NvDLISR;C:\Program Files (x86)\NVIDIA Corporation\PhysX\Common;C:\Program Files\dotnet\;C:\php-8.4.7;C:\ProgramData\ComposerSetup\bin;C:\Program Files\nodejs\;C:\Program Files\Git\cmd;C:\Program Files\MongoDB\Server\8.2\bin;C:\Program Files\Java\jdk-25\;;C:\ProgramData\chocolatey\bin;C:\Program Files\Microsoft SQL Server\150\Tools\Binn\;C:\Program Files\Microsoft SQL Server\Client SDK\ODBC\170\Tools\Binn\;C:\Program Files\Microsoft SQL Server\170\DTS\Binn\;C:\Program Files\Docker\Docker\resources\bin;c:\Users\ASUS\AppData\Local\Programs\cursor\resources\app\codeBin;C:\Program Files\Java\jdk-25\bin;C:\Users\ASUS\AppData\Local\Microsoft\WindowsApps;C:\Visaul Studio\Microsoft VS Code\bin;C:\Users\ASUS\AppData\Local\Programs\Azure Data Studio\bin;C:\Program Files\Azure Data Studio\bin;C:\Users\ASUS\AppData\Local\GitHubDesktop\bin;C:\Users\ASUS\AppData\Roaming\Composer\vendor\bin;C:\Users\ASUS\AppData\Roaming\npm;C:\Program Files\mongosh\;C:\Program Files\IntelliJ IDEA 2025.2.3\bin;C:\Program Files\JetBrains\WebStorm 2025.2.3\bin;C:\Program Files (x86)\Microsoft Visual Studio\Shared\NuGetPackages\microsoft.visualstudio.javascript.sdk;C:\Program Files\Java\jdk-25\;C:\Users\ASUS\.dotnet\tools;C:\Users\ASUS\AppData\Local\Microsoft\WinGet\Links;C:\Users\ASUS\AppData\Local\Programs\Antigravity\bin;C:\Users\ASUS\AppData\Local\Programs\cursor\resources\app\bin
USERNAME=ASUS
OS=Windows_NT
PROCESSOR_IDENTIFIER=AMD64 Family 25 Model 68 Stepping 1, AuthenticAMD
TMP=C:\Users\ASUS\AppData\Local\Temp
TEMP=C:\Users\ASUS\AppData\Local\Temp




Periodic native trim disabled

---------------  S Y S T E M  ---------------

OS:
 Windows 11 , 64 bit Build 26100 (10.0.26100.5074)
OS uptime: 0 days 0:21 hours
Hyper-V role detected

CPU: total 16 (initial active 16) (16 cores per cpu, 2 threads per core) family 25 model 68 stepping 1 microcode 0xa404107, cx8, cmov, fxsr, ht, mmx, 3dnowpref, sse, sse2, sse3, ssse3, sse4a, sse4.1, sse4.2, popcnt, lzcnt, tsc, tscinvbit, avx, avx2, aes, erms, clmul, bmi1, bmi2, adx, sha, fma, vzeroupper, clflush, clflushopt, hv, rdtscp, rdpid, fsrm, f16c, cet_ss
Processor Information for processor 0
  Max Mhz: 3100, Current Mhz: 2523, Mhz Limit: 3100
Processor Information for processor 1
  Max Mhz: 3100, Current Mhz: 2523, Mhz Limit: 3100
Processor Information for processor 2
  Max Mhz: 3100, Current Mhz: 2523, Mhz Limit: 3100
Processor Information for processor 3
  Max Mhz: 3100, Current Mhz: 3100, Mhz Limit: 3100
Processor Information for processor 4
  Max Mhz: 3100, Current Mhz: 2523, Mhz Limit: 3100
Processor Information for processor 5
  Max Mhz: 3100, Current Mhz: 2523, Mhz Limit: 3100
Processor Information for processor 6
  Max Mhz: 3100, Current Mhz: 2523, Mhz Limit: 3100
Processor Information for processor 7
  Max Mhz: 3100, Current Mhz: 2523, Mhz Limit: 3100
Processor Information for processor 8
  Max Mhz: 3100, Current Mhz: 2523, Mhz Limit: 3100
Processor Information for processor 9
  Max Mhz: 3100, Current Mhz: 2523, Mhz Limit: 3100
Processor Information for processor 10
  Max Mhz: 3100, Current Mhz: 2523, Mhz Limit: 3100
Processor Information for processor 11
  Max Mhz: 3100, Current Mhz: 2523, Mhz Limit: 3100
Processor Information for processor 12
  Max Mhz: 3100, Current Mhz: 2523, Mhz Limit: 3100
Processor Information for processor 13
  Max Mhz: 3100, Current Mhz: 2523, Mhz Limit: 3100
Processor Information for processor 14
  Max Mhz: 3100, Current Mhz: 2523, Mhz Limit: 3100
Processor Information for processor 15
  Max Mhz: 3100, Current Mhz: 2523, Mhz Limit: 3100

Memory: 4k page, system-wide physical 8010M (972M free)
TotalPageFile size 24394M (AvailPageFile size 13M)
current process WorkingSet (physical memory assigned to process): 330M, peak: 436M
current process commit charge ("private bytes"): 633M, peak: 650M

vm_info: OpenJDK 64-Bit Server VM (21.0.10+7-LTS) for windows-amd64 JRE (21.0.10+7-LTS), built on 2026-01-20T00:00:00Z by "admin" with MS VC++ 17.12 (VS2022)

END.
