#
# There is insufficient memory for the Java Runtime Environment to continue.
# Native memory allocation (malloc) failed to allocate 1576976 bytes. Error detail: Chunk::new
# Possible reasons:
#   The system is out of physical RAM or swap space
#   This process is running with CompressedOops enabled, and the Java Heap may be blocking the growth of the native heap
# Possible solutions:
#   Reduce memory load on the system
#   Increase physical memory or swap space
#   Check if swap backing store is full
#   Decrease Java heap size (-Xmx/-Xms)
#   Decrease number of Java threads
#   Decrease Java thread stack sizes (-Xss)
#   Set larger code cache with -XX:ReservedCodeCacheSize=
#   JVM is running with Unscaled Compressed Oops mode in which the Java heap is
#     placed in the first 4GB address space. The Java Heap base address is the
#     maximum limit for the native heap growth. Please use -XX:HeapBaseMinAddress
#     to set the Java Heap base and to place the Java Heap above 4GB virtual address.
# This output file may be truncated or incomplete.
#
#  Out of Memory Error (arena.cpp:168), pid=28276, tid=2648
#
# JRE version: OpenJDK Runtime Environment Temurin-21.0.10+7 (21.0.10+7) (build 21.0.10+7-LTS)
# Java VM: OpenJDK 64-Bit Server VM Temurin-21.0.10+7 (21.0.10+7-LTS, mixed mode, sharing, tiered, compressed oops, compressed class ptrs, parallel gc, windows-amd64)
# No core dump will be written. Minidumps are not enabled by default on client versions of Windows
#

---------------  S U M M A R Y ------------

Command Line: --add-modules=ALL-SYSTEM --add-opens=java.base/java.util=ALL-UNNAMED --add-opens=java.base/java.lang=ALL-UNNAMED --add-opens=java.base/sun.nio.fs=ALL-UNNAMED -Declipse.application=org.eclipse.jdt.ls.core.id1 -Dosgi.bundles.defaultStartLevel=4 -Declipse.product=org.eclipse.jdt.ls.core.product -Djava.import.generatesMetadataFilesAtProjectRoot=false -DDetectVMInstallationsJob.disabled=true -Dfile.encoding=utf8 -XX:+UseParallelGC -XX:GCTimeRatio=4 -XX:AdaptiveSizePolicyWeight=90 -Dsun.zip.disableMemoryMapping=true -Xmx2G -Xms100m -Xlog:disable -javaagent:c:\Users\ASUS\.vscode\extensions\redhat.java-1.53.0-win32-x64\lombok\lombok-1.18.39-4050.jar -XX:+HeapDumpOnOutOfMemoryError -XX:HeapDumpPath=c:\Users\ASUS\AppData\Roaming\Code\User\workspaceStorage\072664e477a3092332c4219defd89c4c\redhat.java -Daether.dependencyCollector.impl=bf c:\Users\ASUS\.vscode\extensions\redhat.java-1.53.0-win32-x64\server\plugins\org.eclipse.equinox.launcher_1.7.100.v20251111-0406.jar -configuration c:\Users\ASUS\AppData\Roaming\Code\User\globalStorage\redhat.java\1.53.0\config_win -data c:\Users\ASUS\AppData\Roaming\Code\User\workspaceStorage\072664e477a3092332c4219defd89c4c\redhat.java\jdt_ws --pipe=\\.\pipe\lsp-9793fa634e075b60e97373d575ac2669-sock

Host: AMD Ryzen 7 7435HS                             , 16 cores, 7G,  Windows 11 , 64 bit Build 26100 (10.0.26100.5074)
Time: Tue Mar 31 23:57:47 2026 SE Asia Standard Time elapsed time: 2099.474638 seconds (0d 0h 34m 59s)

---------------  T H R E A D  ---------------

Current thread (0x0000018e7b59d3d0):  JavaThread "C2 CompilerThread0" daemon [_thread_in_native, id=2648, stack(0x000000068c900000,0x000000068ca00000) (1024K)]


Current CompileTask:
C2:2099474 13003   !   4       java.io.ObjectOutputStream::writeObject0 (620 bytes)

Stack: [0x000000068c900000,0x000000068ca00000]
Native frames: (J=compiled Java code, j=interpreted, Vv=VM code, C=native code)
V  [jvm.dll+0x6d7a39]
V  [jvm.dll+0x8b4b26]
V  [jvm.dll+0x8b70de]
V  [jvm.dll+0x8b77c3]
V  [jvm.dll+0x284346]
V  [jvm.dll+0xc66ed]
V  [jvm.dll+0xc6c31]
V  [jvm.dll+0x3bec01]
V  [jvm.dll+0x38b162]
V  [jvm.dll+0x38a5aa]
V  [jvm.dll+0x24c560]
V  [jvm.dll+0x24bb40]
V  [jvm.dll+0x1cb34e]
V  [jvm.dll+0x25b85d]
V  [jvm.dll+0x259dea]
V  [jvm.dll+0x3f857e]
V  [jvm.dll+0x85f59d]
V  [jvm.dll+0x6d626d]
C  [ucrtbase.dll+0x37b0]
C  [KERNEL32.DLL+0x2e8d7]
C  [ntdll.dll+0x8d9c]


---------------  P R O C E S S  ---------------

Threads class SMR info:
_java_thread_list=0x0000018e5e51e400, length=43, elements={
0x0000018e7b4df180, 0x0000018e7b57ffd0, 0x0000018e7b5817f0, 0x0000018e7b586670,
0x0000018e7b587370, 0x0000018e7b58a7c0, 0x0000018e7b58f740, 0x0000018e7b59d3d0,
0x0000018e7b59e760, 0x0000018e545e0e10, 0x0000018e546aef10, 0x0000018e5a6ec000,
0x0000018e7b54b3a0, 0x0000018e5a925c60, 0x0000018e5a8abb80, 0x0000018e54456950,
0x0000018e5a9d6350, 0x0000018e5aca3e50, 0x0000018e5a506280, 0x0000018e5b5ac5e0,
0x0000018e5b5aaba0, 0x0000018e5b5acc70, 0x0000018e5b5ad300, 0x0000018e5b5ab230,
0x0000018e5b5abf50, 0x0000018e5b5ae020, 0x0000018e5b5ae6b0, 0x0000018e5b5aed40,
0x0000018e5b5ab8c0, 0x0000018e5b5b1b30, 0x0000018e5b5b0780, 0x0000018e5b5b00f0,
0x0000018e5b5af3d0, 0x0000018e5b5b0e10, 0x0000018e5b5b14a0, 0x0000018e5b5afa60,
0x0000018e5d386a60, 0x0000018e5d3891c0, 0x0000018e5d3870f0, 0x0000018e5d3884a0,
0x0000018e5ed73d20, 0x0000018e5ed79270, 0x0000018e5c4edf80
}

Java Threads: ( => current thread )
  0x0000018e7b4df180 JavaThread "main"                              [_thread_blocked, id=6348, stack(0x000000068bf00000,0x000000068c000000) (1024K)]
  0x0000018e7b57ffd0 JavaThread "Reference Handler"          daemon [_thread_blocked, id=37608, stack(0x000000068c300000,0x000000068c400000) (1024K)]
  0x0000018e7b5817f0 JavaThread "Finalizer"                  daemon [_thread_blocked, id=33144, stack(0x000000068c400000,0x000000068c500000) (1024K)]
  0x0000018e7b586670 JavaThread "Signal Dispatcher"          daemon [_thread_blocked, id=38384, stack(0x000000068c500000,0x000000068c600000) (1024K)]
  0x0000018e7b587370 JavaThread "Attach Listener"            daemon [_thread_blocked, id=28932, stack(0x000000068c600000,0x000000068c700000) (1024K)]
  0x0000018e7b58a7c0 JavaThread "Service Thread"             daemon [_thread_blocked, id=28928, stack(0x000000068c700000,0x000000068c800000) (1024K)]
  0x0000018e7b58f740 JavaThread "Monitor Deflation Thread"   daemon [_thread_blocked, id=30236, stack(0x000000068c800000,0x000000068c900000) (1024K)]
=>0x0000018e7b59d3d0 JavaThread "C2 CompilerThread0"         daemon [_thread_in_native, id=2648, stack(0x000000068c900000,0x000000068ca00000) (1024K)]
  0x0000018e7b59e760 JavaThread "C1 CompilerThread0"         daemon [_thread_blocked, id=10364, stack(0x000000068ca00000,0x000000068cb00000) (1024K)]
  0x0000018e545e0e10 JavaThread "Common-Cleaner"             daemon [_thread_blocked, id=6208, stack(0x000000068cd00000,0x000000068ce00000) (1024K)]
  0x0000018e546aef10 JavaThread "Notification Thread"        daemon [_thread_blocked, id=23056, stack(0x000000068d000000,0x000000068d100000) (1024K)]
  0x0000018e5a6ec000 JavaThread "Active Thread: Equinox Container: 77b11bc7-b5eb-48b3-85b2-2e761e002b03"        [_thread_blocked, id=3044, stack(0x000000068d700000,0x000000068d800000) (1024K)]
  0x0000018e7b54b3a0 JavaThread "Refresh Thread: Equinox Container: 77b11bc7-b5eb-48b3-85b2-2e761e002b03" daemon [_thread_blocked, id=2096, stack(0x000000068cb00000,0x000000068cc00000) (1024K)]
  0x0000018e5a925c60 JavaThread "Framework Event Dispatcher: Equinox Container: 77b11bc7-b5eb-48b3-85b2-2e761e002b03" daemon [_thread_blocked, id=25140, stack(0x000000068cc00000,0x000000068cd00000) (1024K)]
  0x0000018e5a8abb80 JavaThread "Start Level: Equinox Container: 77b11bc7-b5eb-48b3-85b2-2e761e002b03" daemon [_thread_blocked, id=30556, stack(0x000000068ce00000,0x000000068cf00000) (1024K)]
  0x0000018e54456950 JavaThread "Bundle File Closer"         daemon [_thread_blocked, id=32260, stack(0x000000068dd00000,0x000000068de00000) (1024K)]
  0x0000018e5a9d6350 JavaThread "SCR Component Actor"        daemon [_thread_blocked, id=11920, stack(0x000000068cf00000,0x000000068d000000) (1024K)]
  0x0000018e5aca3e50 JavaThread "Worker-JM"                         [_thread_blocked, id=15488, stack(0x000000068e000000,0x000000068e100000) (1024K)]
  0x0000018e5a506280 JavaThread "JNA Cleaner"                daemon [_thread_blocked, id=23924, stack(0x000000068e400000,0x000000068e500000) (1024K)]
  0x0000018e5b5ac5e0 JavaThread "Java indexing"              daemon [_thread_blocked, id=31124, stack(0x000000068e800000,0x000000068e900000) (1024K)]
  0x0000018e5b5aaba0 JavaThread "Thread-1"                   daemon [_thread_in_native, id=39080, stack(0x000000068f000000,0x000000068f100000) (1024K)]
  0x0000018e5b5acc70 JavaThread "Thread-2"                   daemon [_thread_in_native, id=29256, stack(0x000000068f100000,0x000000068f200000) (1024K)]
  0x0000018e5b5ad300 JavaThread "Thread-3"                   daemon [_thread_in_native, id=27172, stack(0x000000068f200000,0x000000068f300000) (1024K)]
  0x0000018e5b5ab230 JavaThread "Thread-4"                   daemon [_thread_in_native, id=14876, stack(0x000000068f300000,0x000000068f400000) (1024K)]
  0x0000018e5b5abf50 JavaThread "Thread-5"                   daemon [_thread_in_native, id=15232, stack(0x000000068f400000,0x000000068f500000) (1024K)]
  0x0000018e5b5ae020 JavaThread "Thread-6"                   daemon [_thread_in_native, id=12968, stack(0x000000068f500000,0x000000068f600000) (1024K)]
  0x0000018e5b5ae6b0 JavaThread "Thread-7"                   daemon [_thread_in_native, id=28424, stack(0x000000068f600000,0x000000068f700000) (1024K)]
  0x0000018e5b5aed40 JavaThread "Thread-8"                   daemon [_thread_in_native, id=11340, stack(0x000000068f700000,0x000000068f800000) (1024K)]
  0x0000018e5b5ab8c0 JavaThread "Thread-9"                   daemon [_thread_in_native, id=688, stack(0x000000068f800000,0x000000068f900000) (1024K)]
  0x0000018e5b5b1b30 JavaThread "Thread-10"                  daemon [_thread_in_native, id=8164, stack(0x000000068f900000,0x000000068fa00000) (1024K)]
  0x0000018e5b5b0780 JavaThread "Thread-11"                  daemon [_thread_in_native, id=22772, stack(0x000000068fa00000,0x000000068fb00000) (1024K)]
  0x0000018e5b5b00f0 JavaThread "Thread-12"                  daemon [_thread_in_native, id=14216, stack(0x000000068fb00000,0x000000068fc00000) (1024K)]
  0x0000018e5b5af3d0 JavaThread "Thread-13"                  daemon [_thread_in_native, id=38492, stack(0x000000068fc00000,0x000000068fd00000) (1024K)]
  0x0000018e5b5b0e10 JavaThread "Thread-14"                  daemon [_thread_in_native, id=17032, stack(0x000000068fd00000,0x000000068fe00000) (1024K)]
  0x0000018e5b5b14a0 JavaThread "Thread-15"                  daemon [_thread_in_native, id=29772, stack(0x000000068fe00000,0x000000068ff00000) (1024K)]
  0x0000018e5b5afa60 JavaThread "Thread-16"                  daemon [_thread_in_native, id=20188, stack(0x000000068ff00000,0x0000000690000000) (1024K)]
  0x0000018e5d386a60 JavaThread "Thread-17"                  daemon [_thread_in_native, id=11976, stack(0x0000000690000000,0x0000000690100000) (1024K)]
  0x0000018e5d3891c0 JavaThread "pool-2-thread-1"                   [_thread_blocked, id=27336, stack(0x0000000690100000,0x0000000690200000) (1024K)]
  0x0000018e5d3870f0 JavaThread "WorkspaceEventsHandler"            [_thread_blocked, id=18716, stack(0x0000000690300000,0x0000000690400000) (1024K)]
  0x0000018e5d3884a0 JavaThread "pool-1-thread-1"                   [_thread_blocked, id=36980, stack(0x0000000690400000,0x0000000690500000) (1024K)]
  0x0000018e5ed73d20 JavaThread "Worker-9"                          [_thread_blocked, id=10756, stack(0x000000068bd00000,0x000000068be00000) (1024K)]
  0x0000018e5ed79270 JavaThread "Worker-11"                         [_thread_blocked, id=23892, stack(0x000000068de00000,0x000000068df00000) (1024K)]
  0x0000018e5c4edf80 JavaThread "C2 CompilerThread1"         daemon [_thread_blocked, id=17720, stack(0x000000068bc00000,0x000000068bd00000) (1024K)]
Total: 43

Other Threads:
  0x0000018e7b57f820 VMThread "VM Thread"                           [id=33060, stack(0x000000068c200000,0x000000068c300000) (1024K)]
  0x0000018e7ee6ca00 WatcherThread "VM Periodic Task Thread"        [id=18732, stack(0x000000068c100000,0x000000068c200000) (1024K)]
  0x0000018e7b4fe500 WorkerThread "GC Thread#0"                     [id=36288, stack(0x000000068c000000,0x000000068c100000) (1024K)]
  0x0000018e5a32fde0 WorkerThread "GC Thread#1"                     [id=1744, stack(0x000000068d100000,0x000000068d200000) (1024K)]
  0x0000018e5a330190 WorkerThread "GC Thread#2"                     [id=28756, stack(0x000000068d200000,0x000000068d300000) (1024K)]
  0x0000018e5a330540 WorkerThread "GC Thread#3"                     [id=14532, stack(0x000000068d300000,0x000000068d400000) (1024K)]
  0x0000018e5a4ae0b0 WorkerThread "GC Thread#4"                     [id=26160, stack(0x000000068d400000,0x000000068d500000) (1024K)]
  0x0000018e5a4ae870 WorkerThread "GC Thread#5"                     [id=26044, stack(0x000000068d500000,0x000000068d600000) (1024K)]
  0x0000018e5a3bd8a0 WorkerThread "GC Thread#6"                     [id=27076, stack(0x000000068d600000,0x000000068d700000) (1024K)]
  0x0000018e5a616660 WorkerThread "GC Thread#7"                     [id=36960, stack(0x000000068d800000,0x000000068d900000) (1024K)]
  0x0000018e5a13dc50 WorkerThread "GC Thread#8"                     [id=9004, stack(0x000000068d900000,0x000000068da00000) (1024K)]
  0x0000018e5a13e000 WorkerThread "GC Thread#9"                     [id=8816, stack(0x000000068da00000,0x000000068db00000) (1024K)]
  0x0000018e5a13e7b0 WorkerThread "GC Thread#10"                    [id=30240, stack(0x000000068db00000,0x000000068dc00000) (1024K)]
  0x0000018e5a4f07d0 WorkerThread "GC Thread#11"                    [id=13428, stack(0x000000068e200000,0x000000068e300000) (1024K)]
  0x0000018e5a4f0420 WorkerThread "GC Thread#12"                    [id=39488, stack(0x000000068e300000,0x000000068e400000) (1024K)]
Total: 15

Threads with active compile tasks:
C2 CompilerThread0  2101247 13003   !   4       java.io.ObjectOutputStream::writeObject0 (620 bytes)
Total: 1

VM state: not at safepoint (normal execution)

VM Mutex/Monitor currently owned by a thread: None

Heap address: 0x0000000080000000, size: 2048 MB, Compressed Oops mode: 32-bit

CDS archive(s) mapped at: [0x0000018e13000000-0x0000018e13ba0000-0x0000018e13ba0000), size 12189696, SharedBaseAddress: 0x0000018e13000000, ArchiveRelocationMode: 1.
Compressed class space mapped at: 0x0000018e14000000-0x0000018e54000000, reserved size: 1073741824
Narrow klass base: 0x0000018e13000000, Narrow klass shift: 0, Narrow klass range: 0x100000000

GC Precious Log:
 CardTable entry size: 512
 CPUs: 16 total, 16 available
 Memory: 8010M
 Large Page Support: Disabled
 NUMA Support: Disabled
 Compressed Oops: Enabled (32-bit)
 Alignments: Space 512K, Generation 512K, Heap 2M
 Heap Min Capacity: 100M
 Heap Initial Capacity: 100M
 Heap Max Capacity: 2G
 Pre-touch: Disabled
 Parallel Workers: 13

Heap:
 PSYoungGen      total 13312K, used 3082K [0x00000000d5580000, 0x00000000d6380000, 0x0000000100000000)
  eden space 12800K, 20% used [0x00000000d5580000,0x00000000d580aa70,0x00000000d6200000)
  from space 512K, 93% used [0x00000000d6280000,0x00000000d62f8000,0x00000000d6300000)
  to   space 512K, 0% used [0x00000000d6300000,0x00000000d6300000,0x00000000d6380000)
 ParOldGen       total 101888K, used 93731K [0x0000000080000000, 0x0000000086380000, 0x00000000d5580000)
  object space 101888K, 91% used [0x0000000080000000,0x0000000085b88f50,0x0000000086380000)
 Metaspace       used 65512K, committed 67136K, reserved 1114112K
  class space    used 6920K, committed 7616K, reserved 1048576K

Card table byte_map: [0x0000018e7aeb0000,0x0000018e7b2c0000] _byte_map_base: 0x0000018e7aab0000

Marking Bits: (ParMarkBitMap*) 0x00007ff92f4f3450
 Begin Bits: [0x0000018e0f000000, 0x0000018e11000000)
 End Bits:   [0x0000018e11000000, 0x0000018e13000000)

Polling page: 0x0000018e7aca0000

Metaspace:

Usage:
  Non-class:     57.22 MB used.
      Class:      6.76 MB used.
       Both:     63.98 MB used.

Virtual space:
  Non-class space:       64.00 MB reserved,      58.12 MB ( 91%) committed,  1 nodes.
      Class space:        1.00 GB reserved,       7.44 MB ( <1%) committed,  1 nodes.
             Both:        1.06 GB reserved,      65.56 MB (  6%) committed. 

Chunk freelists:
   Non-Class:  5.78 MB
       Class:  8.56 MB
        Both:  14.34 MB

MaxMetaspaceSize: unlimited
CompressedClassSpaceSize: 1.00 GB
Initial GC threshold: 21.00 MB
Current GC threshold: 97.31 MB
CDS: on
 - commit_granule_bytes: 65536.
 - commit_granule_words: 8192.
 - virtual_space_node_default_size: 8388608.
 - enlarge_chunks_in_place: 1.
 - use_allocation_guard: 0.


Internal statistics:

num_allocs_failed_limit: 13.
num_arena_births: 1314.
num_arena_deaths: 20.
num_vsnodes_births: 2.
num_vsnodes_deaths: 0.
num_space_committed: 1049.
num_space_uncommitted: 0.
num_chunks_returned_to_freelist: 36.
num_chunks_taken_from_freelist: 4445.
num_chunk_merges: 14.
num_chunk_splits: 2733.
num_chunks_enlarged: 1534.
num_inconsistent_stats: 0.

CodeHeap 'non-profiled nmethods': size=119168Kb used=9092Kb max_used=9092Kb free=110075Kb
 bounds [0x0000018e07ba0000, 0x0000018e08490000, 0x0000018e0f000000]
CodeHeap 'profiled nmethods': size=119104Kb used=28049Kb max_used=28049Kb free=91054Kb
 bounds [0x0000018e00000000, 0x0000018e01b70000, 0x0000018e07450000]
CodeHeap 'non-nmethods': size=7488Kb used=1426Kb max_used=3195Kb free=6061Kb
 bounds [0x0000018e07450000, 0x0000018e077c0000, 0x0000018e07ba0000]
CodeCache: size=245760Kb, used=38567Kb, max_used=40336Kb, free=207190Kb
 total_blobs=12943, nmethods=12201, adapters=647, full_count=0
Compilation: enabled, stopped_count=0, restarted_count=0

Compilation events (20 events):
Event: 2098.340 Thread 0x0000018e7b59e760 nmethod 13001 0x0000018e01b5b910 code [0x0000018e01b5bba0, 0x0000018e01b5c7d8]
Event: 2098.343 Thread 0x0000018e7b59d3d0 13002       4       java.io.ObjectOutputStream$HandleTable::lookup (56 bytes)
Event: 2098.345 Thread 0x0000018e7b59e760 13005       3       java.lang.invoke.LambdaForm$MH/0x0000018e14742400::invoke (64 bytes)
Event: 2098.347 Thread 0x0000018e7b59d3d0 nmethod 13002 0x0000018e0847dd90 code [0x0000018e0847df40, 0x0000018e0847e168]
Event: 2098.347 Thread 0x0000018e7b59d3d0 13003   !   4       java.io.ObjectOutputStream::writeObject0 (620 bytes)
Event: 2098.347 Thread 0x0000018e7b59e760 nmethod 13005 0x0000018e01b5cd90 code [0x0000018e01b5d080, 0x0000018e01b5e2a0]
Event: 2098.347 Thread 0x0000018e7b59e760 13006       3       java.lang.invoke.LambdaForm$MH/0x0000018e14742800::invoke (64 bytes)
Event: 2098.348 Thread 0x0000018e7b59e760 nmethod 13006 0x0000018e01b5e890 code [0x0000018e01b5eb20, 0x0000018e01b5f8f0]
Event: 2098.348 Thread 0x0000018e7b59e760 13007       3       java.io.ObjectOutputStream::writeByte (9 bytes)
Event: 2098.348 Thread 0x0000018e7b59e760 nmethod 13007 0x0000018e01b5fd10 code [0x0000018e01b5fec0, 0x0000018e01b60000]
Event: 2098.348 Thread 0x0000018e7b59e760 13008       3       java.io.ObjectOutputStream::writeUTF (9 bytes)
Event: 2098.348 Thread 0x0000018e7b59e760 nmethod 13008 0x0000018e01b60110 code [0x0000018e01b602e0, 0x0000018e01b604e0]
Event: 2098.348 Thread 0x0000018e7b59e760 13009       3       java.io.ObjectOutputStream$BlockDataOutputStream::writeUTF (11 bytes)
Event: 2098.348 Thread 0x0000018e7b59e760 nmethod 13009 0x0000018e01b60610 code [0x0000018e01b607c0, 0x0000018e01b60958]
Event: 2098.351 Thread 0x0000018e7b59e760 13010  s    3       org.eclipse.core.internal.watson.ElementTree::immutable (36 bytes)
Event: 2098.353 Thread 0x0000018e7b59e760 nmethod 13010 0x0000018e01b60a10 code [0x0000018e01b60c00, 0x0000018e01b61130]
Event: 2098.353 Thread 0x0000018e7b59e760 13011       3       org.eclipse.core.internal.localstore.SafeChunkyOutputStream::write (22 bytes)
Event: 2098.354 Thread 0x0000018e7b59e760 nmethod 13011 0x0000018e01b61310 code [0x0000018e01b614e0, 0x0000018e01b61760]
Event: 2098.482 Thread 0x0000018e7b59e760 13013       3       org.eclipse.core.internal.jobs.DeadlockDetector::reduceGraph (509 bytes)
Event: 2098.489 Thread 0x0000018e7b59e760 nmethod 13013 0x0000018e01b61890 code [0x0000018e01b61c20, 0x0000018e01b63af8]

GC Heap History (20 events):
Event: 1587.534 GC heap before
{Heap before GC invocations=97 (full 3):
 PSYoungGen      total 13312K, used 12960K [0x00000000d5580000, 0x00000000d6380000, 0x0000000100000000)
  eden space 12800K, 100% used [0x00000000d5580000,0x00000000d6200000,0x00000000d6200000)
  from space 512K, 31% used [0x00000000d6280000,0x00000000d62a8000,0x00000000d6300000)
  to   space 512K, 0% used [0x00000000d6300000,0x00000000d6300000,0x00000000d6380000)
 ParOldGen       total 101888K, used 92787K [0x0000000080000000, 0x0000000086380000, 0x00000000d5580000)
  object space 101888K, 91% used [0x0000000080000000,0x0000000085a9ce30,0x0000000086380000)
 Metaspace       used 65208K, committed 66816K, reserved 1114112K
  class space    used 6917K, committed 7616K, reserved 1048576K
}
Event: 1587.535 GC heap after
{Heap after GC invocations=97 (full 3):
 PSYoungGen      total 13312K, used 320K [0x00000000d5580000, 0x00000000d6380000, 0x0000000100000000)
  eden space 12800K, 0% used [0x00000000d5580000,0x00000000d5580000,0x00000000d6200000)
  from space 512K, 62% used [0x00000000d6300000,0x00000000d6350000,0x00000000d6380000)
  to   space 512K, 0% used [0x00000000d6280000,0x00000000d6280000,0x00000000d6300000)
 ParOldGen       total 101888K, used 92787K [0x0000000080000000, 0x0000000086380000, 0x00000000d5580000)
  object space 101888K, 91% used [0x0000000080000000,0x0000000085a9ce30,0x0000000086380000)
 Metaspace       used 65208K, committed 66816K, reserved 1114112K
  class space    used 6917K, committed 7616K, reserved 1048576K
}
Event: 1587.930 GC heap before
{Heap before GC invocations=98 (full 3):
 PSYoungGen      total 13312K, used 13120K [0x00000000d5580000, 0x00000000d6380000, 0x0000000100000000)
  eden space 12800K, 100% used [0x00000000d5580000,0x00000000d6200000,0x00000000d6200000)
  from space 512K, 62% used [0x00000000d6300000,0x00000000d6350000,0x00000000d6380000)
  to   space 512K, 0% used [0x00000000d6280000,0x00000000d6280000,0x00000000d6300000)
 ParOldGen       total 101888K, used 92787K [0x0000000080000000, 0x0000000086380000, 0x00000000d5580000)
  object space 101888K, 91% used [0x0000000080000000,0x0000000085a9ce30,0x0000000086380000)
 Metaspace       used 65208K, committed 66816K, reserved 1114112K
  class space    used 6917K, committed 7616K, reserved 1048576K
}
Event: 1587.931 GC heap after
{Heap after GC invocations=98 (full 3):
 PSYoungGen      total 13312K, used 192K [0x00000000d5580000, 0x00000000d6380000, 0x0000000100000000)
  eden space 12800K, 0% used [0x00000000d5580000,0x00000000d5580000,0x00000000d6200000)
  from space 512K, 37% used [0x00000000d6280000,0x00000000d62b0000,0x00000000d6300000)
  to   space 512K, 0% used [0x00000000d6300000,0x00000000d6300000,0x00000000d6380000)
 ParOldGen       total 101888K, used 92867K [0x0000000080000000, 0x0000000086380000, 0x00000000d5580000)
  object space 101888K, 91% used [0x0000000080000000,0x0000000085ab0e30,0x0000000086380000)
 Metaspace       used 65208K, committed 66816K, reserved 1114112K
  class space    used 6917K, committed 7616K, reserved 1048576K
}
Event: 1588.299 GC heap before
{Heap before GC invocations=99 (full 3):
 PSYoungGen      total 13312K, used 12992K [0x00000000d5580000, 0x00000000d6380000, 0x0000000100000000)
  eden space 12800K, 100% used [0x00000000d5580000,0x00000000d6200000,0x00000000d6200000)
  from space 512K, 37% used [0x00000000d6280000,0x00000000d62b0000,0x00000000d6300000)
  to   space 512K, 0% used [0x00000000d6300000,0x00000000d6300000,0x00000000d6380000)
 ParOldGen       total 101888K, used 92867K [0x0000000080000000, 0x0000000086380000, 0x00000000d5580000)
  object space 101888K, 91% used [0x0000000080000000,0x0000000085ab0e30,0x0000000086380000)
 Metaspace       used 65208K, committed 66816K, reserved 1114112K
  class space    used 6917K, committed 7616K, reserved 1048576K
}
Event: 1588.299 GC heap after
{Heap after GC invocations=99 (full 3):
 PSYoungGen      total 13312K, used 160K [0x00000000d5580000, 0x00000000d6380000, 0x0000000100000000)
  eden space 12800K, 0% used [0x00000000d5580000,0x00000000d5580000,0x00000000d6200000)
  from space 512K, 31% used [0x00000000d6300000,0x00000000d6328000,0x00000000d6380000)
  to   space 512K, 0% used [0x00000000d6280000,0x00000000d6280000,0x00000000d6300000)
 ParOldGen       total 101888K, used 92867K [0x0000000080000000, 0x0000000086380000, 0x00000000d5580000)
  object space 101888K, 91% used [0x0000000080000000,0x0000000085ab0e30,0x0000000086380000)
 Metaspace       used 65208K, committed 66816K, reserved 1114112K
  class space    used 6917K, committed 7616K, reserved 1048576K
}
Event: 1588.807 GC heap before
{Heap before GC invocations=100 (full 3):
 PSYoungGen      total 13312K, used 12960K [0x00000000d5580000, 0x00000000d6380000, 0x0000000100000000)
  eden space 12800K, 100% used [0x00000000d5580000,0x00000000d6200000,0x00000000d6200000)
  from space 512K, 31% used [0x00000000d6300000,0x00000000d6328000,0x00000000d6380000)
  to   space 512K, 0% used [0x00000000d6280000,0x00000000d6280000,0x00000000d6300000)
 ParOldGen       total 101888K, used 92867K [0x0000000080000000, 0x0000000086380000, 0x00000000d5580000)
  object space 101888K, 91% used [0x0000000080000000,0x0000000085ab0e30,0x0000000086380000)
 Metaspace       used 65214K, committed 66880K, reserved 1114112K
  class space    used 6917K, committed 7616K, reserved 1048576K
}
Event: 1588.808 GC heap after
{Heap after GC invocations=100 (full 3):
 PSYoungGen      total 13312K, used 288K [0x00000000d5580000, 0x00000000d6380000, 0x0000000100000000)
  eden space 12800K, 0% used [0x00000000d5580000,0x00000000d5580000,0x00000000d6200000)
  from space 512K, 56% used [0x00000000d6280000,0x00000000d62c8000,0x00000000d6300000)
  to   space 512K, 0% used [0x00000000d6300000,0x00000000d6300000,0x00000000d6380000)
 ParOldGen       total 101888K, used 92891K [0x0000000080000000, 0x0000000086380000, 0x00000000d5580000)
  object space 101888K, 91% used [0x0000000080000000,0x0000000085ab6e30,0x0000000086380000)
 Metaspace       used 65214K, committed 66880K, reserved 1114112K
  class space    used 6917K, committed 7616K, reserved 1048576K
}
Event: 1589.262 GC heap before
{Heap before GC invocations=101 (full 3):
 PSYoungGen      total 13312K, used 13088K [0x00000000d5580000, 0x00000000d6380000, 0x0000000100000000)
  eden space 12800K, 100% used [0x00000000d5580000,0x00000000d6200000,0x00000000d6200000)
  from space 512K, 56% used [0x00000000d6280000,0x00000000d62c8000,0x00000000d6300000)
  to   space 512K, 0% used [0x00000000d6300000,0x00000000d6300000,0x00000000d6380000)
 ParOldGen       total 101888K, used 92891K [0x0000000080000000, 0x0000000086380000, 0x00000000d5580000)
  object space 101888K, 91% used [0x0000000080000000,0x0000000085ab6e30,0x0000000086380000)
 Metaspace       used 65214K, committed 66880K, reserved 1114112K
  class space    used 6917K, committed 7616K, reserved 1048576K
}
Event: 1589.263 GC heap after
{Heap after GC invocations=101 (full 3):
 PSYoungGen      total 13312K, used 224K [0x00000000d5580000, 0x00000000d6380000, 0x0000000100000000)
  eden space 12800K, 0% used [0x00000000d5580000,0x00000000d5580000,0x00000000d6200000)
  from space 512K, 43% used [0x00000000d6300000,0x00000000d6338000,0x00000000d6380000)
  to   space 512K, 0% used [0x00000000d6280000,0x00000000d6280000,0x00000000d6300000)
 ParOldGen       total 101888K, used 92899K [0x0000000080000000, 0x0000000086380000, 0x00000000d5580000)
  object space 101888K, 91% used [0x0000000080000000,0x0000000085ab8e30,0x0000000086380000)
 Metaspace       used 65214K, committed 66880K, reserved 1114112K
  class space    used 6917K, committed 7616K, reserved 1048576K
}
Event: 1590.777 GC heap before
{Heap before GC invocations=102 (full 3):
 PSYoungGen      total 13312K, used 13024K [0x00000000d5580000, 0x00000000d6380000, 0x0000000100000000)
  eden space 12800K, 100% used [0x00000000d5580000,0x00000000d6200000,0x00000000d6200000)
  from space 512K, 43% used [0x00000000d6300000,0x00000000d6338000,0x00000000d6380000)
  to   space 512K, 0% used [0x00000000d6280000,0x00000000d6280000,0x00000000d6300000)
 ParOldGen       total 101888K, used 92899K [0x0000000080000000, 0x0000000086380000, 0x00000000d5580000)
  object space 101888K, 91% used [0x0000000080000000,0x0000000085ab8e30,0x0000000086380000)
 Metaspace       used 65214K, committed 66880K, reserved 1114112K
  class space    used 6917K, committed 7616K, reserved 1048576K
}
Event: 1590.778 GC heap after
{Heap after GC invocations=102 (full 3):
 PSYoungGen      total 13312K, used 256K [0x00000000d5580000, 0x00000000d6380000, 0x0000000100000000)
  eden space 12800K, 0% used [0x00000000d5580000,0x00000000d5580000,0x00000000d6200000)
  from space 512K, 50% used [0x00000000d6280000,0x00000000d62c0000,0x00000000d6300000)
  to   space 512K, 0% used [0x00000000d6300000,0x00000000d6300000,0x00000000d6380000)
 ParOldGen       total 101888K, used 92899K [0x0000000080000000, 0x0000000086380000, 0x00000000d5580000)
  object space 101888K, 91% used [0x0000000080000000,0x0000000085ab8e30,0x0000000086380000)
 Metaspace       used 65214K, committed 66880K, reserved 1114112K
  class space    used 6917K, committed 7616K, reserved 1048576K
}
Event: 1779.065 GC heap before
{Heap before GC invocations=103 (full 3):
 PSYoungGen      total 13312K, used 13055K [0x00000000d5580000, 0x00000000d6380000, 0x0000000100000000)
  eden space 12800K, 99% used [0x00000000d5580000,0x00000000d61fffc8,0x00000000d6200000)
  from space 512K, 50% used [0x00000000d6280000,0x00000000d62c0000,0x00000000d6300000)
  to   space 512K, 0% used [0x00000000d6300000,0x00000000d6300000,0x00000000d6380000)
 ParOldGen       total 101888K, used 92899K [0x0000000080000000, 0x0000000086380000, 0x00000000d5580000)
  object space 101888K, 91% used [0x0000000080000000,0x0000000085ab8e30,0x0000000086380000)
 Metaspace       used 65306K, committed 66944K, reserved 1114112K
  class space    used 6920K, committed 7616K, reserved 1048576K
}
Event: 1779.074 GC heap after
{Heap after GC invocations=103 (full 3):
 PSYoungGen      total 13312K, used 496K [0x00000000d5580000, 0x00000000d6400000, 0x0000000100000000)
  eden space 12800K, 0% used [0x00000000d5580000,0x00000000d5580000,0x00000000d6200000)
  from space 512K, 96% used [0x00000000d6300000,0x00000000d637c030,0x00000000d6380000)
  to   space 1024K, 0% used [0x00000000d6200000,0x00000000d6200000,0x00000000d6300000)
 ParOldGen       total 101888K, used 93091K [0x0000000080000000, 0x0000000086380000, 0x00000000d5580000)
  object space 101888K, 91% used [0x0000000080000000,0x0000000085ae8e90,0x0000000086380000)
 Metaspace       used 65306K, committed 66944K, reserved 1114112K
  class space    used 6920K, committed 7616K, reserved 1048576K
}
Event: 1814.876 GC heap before
{Heap before GC invocations=104 (full 3):
 PSYoungGen      total 13312K, used 13296K [0x00000000d5580000, 0x00000000d6400000, 0x0000000100000000)
  eden space 12800K, 99% used [0x00000000d5580000,0x00000000d61fffe8,0x00000000d6200000)
  from space 512K, 96% used [0x00000000d6300000,0x00000000d637c030,0x00000000d6380000)
  to   space 1024K, 0% used [0x00000000d6200000,0x00000000d6200000,0x00000000d6300000)
 ParOldGen       total 101888K, used 93091K [0x0000000080000000, 0x0000000086380000, 0x00000000d5580000)
  object space 101888K, 91% used [0x0000000080000000,0x0000000085ae8e90,0x0000000086380000)
 Metaspace       used 65408K, committed 67008K, reserved 1114112K
  class space    used 6920K, committed 7616K, reserved 1048576K
}
Event: 1814.878 GC heap after
{Heap after GC invocations=104 (full 3):
 PSYoungGen      total 13824K, used 640K [0x00000000d5580000, 0x00000000d6400000, 0x0000000100000000)
  eden space 12800K, 0% used [0x00000000d5580000,0x00000000d5580000,0x00000000d6200000)
  from space 1024K, 62% used [0x00000000d6200000,0x00000000d62a0040,0x00000000d6300000)
  to   space 1024K, 0% used [0x00000000d6300000,0x00000000d6300000,0x00000000d6400000)
 ParOldGen       total 101888K, used 93371K [0x0000000080000000, 0x0000000086380000, 0x00000000d5580000)
  object space 101888K, 91% used [0x0000000080000000,0x0000000085b2eef0,0x0000000086380000)
 Metaspace       used 65408K, committed 67008K, reserved 1114112K
  class space    used 6920K, committed 7616K, reserved 1048576K
}
Event: 1853.602 GC heap before
{Heap before GC invocations=105 (full 3):
 PSYoungGen      total 13824K, used 13440K [0x00000000d5580000, 0x00000000d6400000, 0x0000000100000000)
  eden space 12800K, 100% used [0x00000000d5580000,0x00000000d6200000,0x00000000d6200000)
  from space 1024K, 62% used [0x00000000d6200000,0x00000000d62a0040,0x00000000d6300000)
  to   space 1024K, 0% used [0x00000000d6300000,0x00000000d6300000,0x00000000d6400000)
 ParOldGen       total 101888K, used 93371K [0x0000000080000000, 0x0000000086380000, 0x00000000d5580000)
  object space 101888K, 91% used [0x0000000080000000,0x0000000085b2eef0,0x0000000086380000)
 Metaspace       used 65445K, committed 67072K, reserved 1114112K
  class space    used 6920K, committed 7616K, reserved 1048576K
}
Event: 1853.603 GC heap after
{Heap after GC invocations=105 (full 3):
 PSYoungGen      total 13312K, used 416K [0x00000000d5580000, 0x00000000d6380000, 0x0000000100000000)
  eden space 12800K, 0% used [0x00000000d5580000,0x00000000d5580000,0x00000000d6200000)
  from space 512K, 81% used [0x00000000d6300000,0x00000000d6368000,0x00000000d6380000)
  to   space 512K, 0% used [0x00000000d6280000,0x00000000d6280000,0x00000000d6300000)
 ParOldGen       total 101888K, used 93659K [0x0000000080000000, 0x0000000086380000, 0x00000000d5580000)
  object space 101888K, 91% used [0x0000000080000000,0x0000000085b76f50,0x0000000086380000)
 Metaspace       used 65445K, committed 67072K, reserved 1114112K
  class space    used 6920K, committed 7616K, reserved 1048576K
}
Event: 1906.950 GC heap before
{Heap before GC invocations=106 (full 3):
 PSYoungGen      total 13312K, used 13216K [0x00000000d5580000, 0x00000000d6380000, 0x0000000100000000)
  eden space 12800K, 100% used [0x00000000d5580000,0x00000000d6200000,0x00000000d6200000)
  from space 512K, 81% used [0x00000000d6300000,0x00000000d6368000,0x00000000d6380000)
  to   space 512K, 0% used [0x00000000d6280000,0x00000000d6280000,0x00000000d6300000)
 ParOldGen       total 101888K, used 93659K [0x0000000080000000, 0x0000000086380000, 0x00000000d5580000)
  object space 101888K, 91% used [0x0000000080000000,0x0000000085b76f50,0x0000000086380000)
 Metaspace       used 65495K, committed 67136K, reserved 1114112K
  class space    used 6920K, committed 7616K, reserved 1048576K
}
Event: 1906.953 GC heap after
{Heap after GC invocations=106 (full 3):
 PSYoungGen      total 13312K, used 480K [0x00000000d5580000, 0x00000000d6380000, 0x0000000100000000)
  eden space 12800K, 0% used [0x00000000d5580000,0x00000000d5580000,0x00000000d6200000)
  from space 512K, 93% used [0x00000000d6280000,0x00000000d62f8000,0x00000000d6300000)
  to   space 512K, 0% used [0x00000000d6300000,0x00000000d6300000,0x00000000d6380000)
 ParOldGen       total 101888K, used 93731K [0x0000000080000000, 0x0000000086380000, 0x00000000d5580000)
  object space 101888K, 91% used [0x0000000080000000,0x0000000085b88f50,0x0000000086380000)
 Metaspace       used 65495K, committed 67136K, reserved 1114112K
  class space    used 6920K, committed 7616K, reserved 1048576K
}

Dll operation events (10 events):
Event: 0.021 Loaded shared library c:\Users\ASUS\.vscode\extensions\redhat.java-1.53.0-win32-x64\jre\21.0.10-win32-x86_64\bin\java.dll
Event: 0.122 Loaded shared library c:\Users\ASUS\.vscode\extensions\redhat.java-1.53.0-win32-x64\jre\21.0.10-win32-x86_64\bin\zip.dll
Event: 0.154 Loaded shared library C:\Users\ASUS\.vscode\extensions\redhat.java-1.53.0-win32-x64\jre\21.0.10-win32-x86_64\bin\instrument.dll
Event: 0.163 Loaded shared library C:\Users\ASUS\.vscode\extensions\redhat.java-1.53.0-win32-x64\jre\21.0.10-win32-x86_64\bin\net.dll
Event: 0.168 Loaded shared library C:\Users\ASUS\.vscode\extensions\redhat.java-1.53.0-win32-x64\jre\21.0.10-win32-x86_64\bin\nio.dll
Event: 0.175 Loaded shared library C:\Users\ASUS\.vscode\extensions\redhat.java-1.53.0-win32-x64\jre\21.0.10-win32-x86_64\bin\zip.dll
Event: 0.213 Loaded shared library C:\Users\ASUS\.vscode\extensions\redhat.java-1.53.0-win32-x64\jre\21.0.10-win32-x86_64\bin\jimage.dll
Event: 0.366 Loaded shared library c:\Users\ASUS\.vscode\extensions\redhat.java-1.53.0-win32-x64\jre\21.0.10-win32-x86_64\bin\verify.dll
Event: 13.721 Loaded shared library C:\Users\ASUS\AppData\Roaming\Code\User\globalStorage\redhat.java\1.53.0\config_win\org.eclipse.equinox.launcher\org.eclipse.equinox.launcher.win32.win32.x86_64_1.3.0.v20260203-2149\eclipse_11919.dll
Event: 27.694 Loaded shared library C:\Users\ASUS\AppData\Local\Temp\jna-2018896\jna6009733925938465329.dll

Deoptimization events (20 events):
Event: 1786.202 Thread 0x0000018e5ed77830 Uncommon trap: trap_request=0xffffff45 fr.pc=0x0000018e0831f04c relative=0x000000000000018c
Event: 1786.202 Thread 0x0000018e5ed77830 Uncommon trap: reason=unstable_if action=reinterpret pc=0x0000018e0831f04c method=java.io.ObjectOutputStream$HandleTable.lookup(Ljava/lang/Object;)I @ 4 c2
Event: 1786.202 Thread 0x0000018e5ed77830 DEOPT PACKING pc=0x0000018e0831f04c sp=0x000000068befec10
Event: 1786.202 Thread 0x0000018e5ed77830 DEOPT UNPACKING pc=0x0000018e074a3aa2 sp=0x000000068befeba0 mode 2
Event: 1786.225 Thread 0x0000018e5ed77830 Uncommon trap: trap_request=0xffffffde fr.pc=0x0000018e07f232e4 relative=0x0000000000000424
Event: 1786.225 Thread 0x0000018e5ed77830 Uncommon trap: reason=class_check action=maybe_recompile pc=0x0000018e07f232e4 method=java.io.DataOutputStream.writeInt(I)V @ 19 c2
Event: 1786.225 Thread 0x0000018e5ed77830 DEOPT PACKING pc=0x0000018e07f232e4 sp=0x000000068beff090
Event: 1786.225 Thread 0x0000018e5ed77830 DEOPT UNPACKING pc=0x0000018e074a3aa2 sp=0x000000068beff038 mode 2
Event: 1786.225 Thread 0x0000018e5ed77830 Uncommon trap: trap_request=0xffffffde fr.pc=0x0000018e07f20200 relative=0x0000000000000d20
Event: 1786.225 Thread 0x0000018e5ed77830 Uncommon trap: reason=class_check action=maybe_recompile pc=0x0000018e07f20200 method=java.io.DataOutputStream.write([BII)V @ 7 c2
Event: 1786.225 Thread 0x0000018e5ed77830 DEOPT PACKING pc=0x0000018e07f20200 sp=0x000000068befebe0
Event: 1786.226 Thread 0x0000018e5ed77830 DEOPT UNPACKING pc=0x0000018e074a3aa2 sp=0x000000068befeb00 mode 2
Event: 1868.627 Thread 0x0000018e5ed743b0 Uncommon trap: trap_request=0xffffff54 fr.pc=0x0000018e08452f30 relative=0x0000000000001230
Event: 1868.627 Thread 0x0000018e5ed743b0 Uncommon trap: reason=speculate_null_assert action=make_not_entrant pc=0x0000018e08452f30 method=com.google.common.cache.LocalCache$Segment.drainRecencyQueue()V @ 14 c2
Event: 1868.627 Thread 0x0000018e5ed743b0 DEOPT PACKING pc=0x0000018e08452f30 sp=0x000000068dcfe0e0
Event: 1868.627 Thread 0x0000018e5ed743b0 DEOPT UNPACKING pc=0x0000018e074a3aa2 sp=0x000000068dcfdca8 mode 2
Event: 1906.998 Thread 0x0000018e5ed73d20 Uncommon trap: trap_request=0xffffffcc fr.pc=0x0000018e0847aa54 relative=0x0000000000000194
Event: 1906.998 Thread 0x0000018e5ed73d20 Uncommon trap: reason=intrinsic_or_type_checked_inlining action=make_not_entrant pc=0x0000018e0847aa54 method=org.eclipse.core.internal.resources.WorkspaceRoot.getProjects(I)[Lorg/eclipse/core/resources/IProject; @ 8 c2
Event: 1906.998 Thread 0x0000018e5ed73d20 DEOPT PACKING pc=0x0000018e0847aa54 sp=0x000000068bdfdba0
Event: 1906.998 Thread 0x0000018e5ed73d20 DEOPT UNPACKING pc=0x0000018e074a3aa2 sp=0x000000068bdfdb18 mode 2

Classes loaded (20 events):
Event: 335.559 Loading class java/util/function/LongFunction
Event: 335.559 Loading class java/util/function/LongFunction done
Event: 335.561 Loading class java/util/stream/Nodes$ConcNode
Event: 335.562 Loading class java/util/stream/Nodes$AbstractConcNode
Event: 335.564 Loading class java/util/stream/Nodes$AbstractConcNode done
Event: 335.564 Loading class java/util/stream/Nodes$ConcNode done
Event: 335.640 Loading class java/io/ObjectOutputStream$BlockDataOutputStream
Event: 335.642 Loading class java/io/ObjectOutputStream$BlockDataOutputStream done
Event: 335.642 Loading class java/io/ObjectOutputStream$HandleTable
Event: 335.643 Loading class java/io/ObjectOutputStream$HandleTable done
Event: 335.643 Loading class java/io/ObjectOutputStream$ReplaceTable
Event: 335.643 Loading class java/io/ObjectOutputStream$ReplaceTable done
Event: 335.659 Loading class java/nio/charset/CharacterCodingException
Event: 335.659 Loading class java/nio/charset/CharacterCodingException done
Event: 1486.025 Loading class java/io/SequenceInputStream
Event: 1486.030 Loading class java/io/SequenceInputStream done
Event: 1487.515 Loading class java/nio/BufferMismatch
Event: 1487.515 Loading class java/nio/BufferMismatch done
Event: 1487.516 Loading class java/nio/file/attribute/PosixFileAttributes
Event: 1487.516 Loading class java/nio/file/attribute/PosixFileAttributes done

Classes unloaded (10 events):
Event: 28.094 Thread 0x0000018e7b57f820 Unloading class 0x0000018e141ab400 'java/lang/invoke/LambdaForm$MH+0x0000018e141ab400'
Event: 28.094 Thread 0x0000018e7b57f820 Unloading class 0x0000018e141ab000 'java/lang/invoke/LambdaForm$MH+0x0000018e141ab000'
Event: 28.094 Thread 0x0000018e7b57f820 Unloading class 0x0000018e141aac00 'java/lang/invoke/LambdaForm$MH+0x0000018e141aac00'
Event: 28.094 Thread 0x0000018e7b57f820 Unloading class 0x0000018e141aa800 'java/lang/invoke/LambdaForm$MH+0x0000018e141aa800'
Event: 28.094 Thread 0x0000018e7b57f820 Unloading class 0x0000018e141aa400 'java/lang/invoke/LambdaForm$BMH+0x0000018e141aa400'
Event: 28.094 Thread 0x0000018e7b57f820 Unloading class 0x0000018e141aa000 'java/lang/invoke/LambdaForm$DMH+0x0000018e141aa000'
Event: 28.094 Thread 0x0000018e7b57f820 Unloading class 0x0000018e141a8c00 'java/lang/invoke/LambdaForm$DMH+0x0000018e141a8c00'
Event: 36.026 Thread 0x0000018e7b57f820 Unloading class 0x0000018e14634400 'java/lang/invoke/LambdaForm$DMH+0x0000018e14634400'
Event: 36.026 Thread 0x0000018e7b57f820 Unloading class 0x0000018e14634c00 'java/lang/invoke/LambdaForm$DMH+0x0000018e14634c00'
Event: 36.026 Thread 0x0000018e7b57f820 Unloading class 0x0000018e14635000 'java/lang/invoke/LambdaForm$DMH+0x0000018e14635000'

Classes redefined (0 events):
No events

Internal exceptions (20 events):
Event: 37.367 Thread 0x0000018e5d389ee0 Implicit null exception at 0x0000018e07d7b410 to 0x0000018e07d7d224
Event: 37.374 Thread 0x0000018e5d389ee0 Implicit null exception at 0x0000018e0810d727 to 0x0000018e0810dabc
Event: 37.375 Thread 0x0000018e5d389ee0 Implicit null exception at 0x0000018e082b5ac7 to 0x0000018e082b6184
Event: 41.738 Thread 0x0000018e5a505bf0 Exception <a 'sun/nio/fs/WindowsException'{0x00000000d575a218}> (0x00000000d575a218) 
thrown [s\src\hotspot\share\prims\jni.cpp, line 520]
Event: 41.738 Thread 0x0000018e5a505bf0 Exception <a 'sun/nio/fs/WindowsException'{0x00000000d575aab8}> (0x00000000d575aab8) 
thrown [s\src\hotspot\share\prims\jni.cpp, line 520]
Event: 41.740 Thread 0x0000018e5a505bf0 Exception <a 'sun/nio/fs/WindowsException'{0x00000000d577cf88}> (0x00000000d577cf88) 
thrown [s\src\hotspot\share\prims\jni.cpp, line 520]
Event: 41.740 Thread 0x0000018e5a505bf0 Exception <a 'sun/nio/fs/WindowsException'{0x00000000d577d828}> (0x00000000d577d828) 
thrown [s\src\hotspot\share\prims\jni.cpp, line 520]
Event: 335.623 Thread 0x0000018e5b5aa510 Exception <a 'sun/nio/fs/WindowsException'{0x00000000d59405c0}> (0x00000000d59405c0) 
thrown [s\src\hotspot\share\prims\jni.cpp, line 520]
Event: 335.624 Thread 0x0000018e5b5aa510 Exception <a 'sun/nio/fs/WindowsException'{0x00000000d5941110}> (0x00000000d5941110) 
thrown [s\src\hotspot\share\prims\jni.cpp, line 520]
Event: 335.626 Thread 0x0000018e5b5aa510 Implicit null exception at 0x0000018e08272706 to 0x0000018e08272a94
Event: 335.697 Thread 0x0000018e5b5aa510 Exception <a 'java/lang/NoSuchMethodError'{0x00000000d59fe3a0}: static [J.<clinit>()V> (0x00000000d59fe3a0) 
thrown [s\src\hotspot\share\prims\jni.cpp, line 1111]
Event: 335.756 Thread 0x0000018e5b5aa510 Exception <a 'java/lang/NoSuchMethodError'{0x00000000d5a283b8}: 'java.lang.Object java.lang.invoke.DirectMethodHandle$Holder.newInvokeSpecial(java.lang.Object, java.lang.Object, java.lang.Object, java.lang.Object, java.lang.Object, java.lang.Object, java.lang.Object, java.lang.Object)'> (0x00000000d5a283b8) 
thrown [s\src\hotspot\share\interpreter\linkResolver.cpp, line 773]
Event: 1486.098 Thread 0x0000018e5d3870f0 Exception <a 'java/io/FileNotFoundException'{0x00000000d5c3ae18}> (0x00000000d5c3ae18) 
thrown [s\src\hotspot\share\prims\jni.cpp, line 520]
Event: 1486.099 Thread 0x0000018e5d3870f0 Exception <a 'java/io/FileNotFoundException'{0x00000000d5c3be28}> (0x00000000d5c3be28) 
thrown [s\src\hotspot\share\prims\jni.cpp, line 520]
Event: 1487.112 Thread 0x0000018e5b5aa510 Implicit null exception at 0x0000018e080ebf15 to 0x0000018e080ec4f4
Event: 1487.308 Thread 0x0000018e5b5aa510 Implicit null exception at 0x0000018e07f24c9f to 0x0000018e07f2594c
Event: 1786.192 Thread 0x0000018e5ed77830 Exception <a 'sun/nio/fs/WindowsException'{0x00000000d592f850}> (0x00000000d592f850) 
thrown [s\src\hotspot\share\prims\jni.cpp, line 520]
Event: 1786.193 Thread 0x0000018e5ed77830 Exception <a 'sun/nio/fs/WindowsException'{0x00000000d59303a0}> (0x00000000d59303a0) 
thrown [s\src\hotspot\share\prims\jni.cpp, line 520]
Event: 2098.331 Thread 0x0000018e5ed73d20 Exception <a 'sun/nio/fs/WindowsException'{0x00000000d57c12d8}> (0x00000000d57c12d8) 
thrown [s\src\hotspot\share\prims\jni.cpp, line 520]
Event: 2098.332 Thread 0x0000018e5ed73d20 Exception <a 'sun/nio/fs/WindowsException'{0x00000000d57c1e28}> (0x00000000d57c1e28) 
thrown [s\src\hotspot\share\prims\jni.cpp, line 520]

ZGC Phase Switch (0 events):
No events

VM Operations (20 events):
Event: 1864.451 Executing non-safepoint VM operation: RendezvousGCThreads
Event: 1864.451 Executing non-safepoint VM operation: RendezvousGCThreads done
Event: 1869.489 Executing safepoint VM operation: Cleanup
Event: 1869.489 Executing safepoint VM operation: Cleanup done
Event: 1894.636 Executing safepoint VM operation: Cleanup
Event: 1894.636 Executing safepoint VM operation: Cleanup done
Event: 1906.950 Executing safepoint VM operation: ParallelGCFailedAllocation (Allocation Failure)
Event: 1906.953 Executing safepoint VM operation: ParallelGCFailedAllocation (Allocation Failure) done
Event: 1907.954 Executing safepoint VM operation: Cleanup
Event: 1907.954 Executing safepoint VM operation: Cleanup done
Event: 1924.501 Executing non-safepoint VM operation: HandshakeAllThreads (HandshakeForDeflation)
Event: 1924.502 Executing non-safepoint VM operation: HandshakeAllThreads (HandshakeForDeflation) done
Event: 1924.502 Executing non-safepoint VM operation: RendezvousGCThreads
Event: 1924.502 Executing non-safepoint VM operation: RendezvousGCThreads done
Event: 1984.672 Executing non-safepoint VM operation: HandshakeAllThreads (HandshakeForDeflation)
Event: 1984.672 Executing non-safepoint VM operation: HandshakeAllThreads (HandshakeForDeflation) done
Event: 1984.672 Executing non-safepoint VM operation: RendezvousGCThreads
Event: 1984.672 Executing non-safepoint VM operation: RendezvousGCThreads done
Event: 2098.400 Executing safepoint VM operation: Cleanup
Event: 2098.400 Executing safepoint VM operation: Cleanup done

Memory protections (0 events):
No events

Nmethod flushes (20 events):
Event: 36.049 Thread 0x0000018e7b57f820 flushing  nmethod 0x0000018e009c2190
Event: 36.049 Thread 0x0000018e7b57f820 flushing  nmethod 0x0000018e009eda10
Event: 36.049 Thread 0x0000018e7b57f820 flushing  nmethod 0x0000018e009fa110
Event: 36.049 Thread 0x0000018e7b57f820 flushing osr nmethod 0x0000018e00a2e190
Event: 36.049 Thread 0x0000018e7b57f820 flushing osr nmethod 0x0000018e00a30390
Event: 36.049 Thread 0x0000018e7b57f820 flushing  nmethod 0x0000018e00a40e10
Event: 36.049 Thread 0x0000018e7b57f820 flushing  nmethod 0x0000018e00a88510
Event: 36.049 Thread 0x0000018e7b57f820 flushing  nmethod 0x0000018e00a88f10
Event: 36.049 Thread 0x0000018e7b57f820 flushing  nmethod 0x0000018e00a8aa10
Event: 36.049 Thread 0x0000018e7b57f820 flushing  nmethod 0x0000018e00a8c310
Event: 36.049 Thread 0x0000018e7b57f820 flushing  nmethod 0x0000018e00a8c790
Event: 36.049 Thread 0x0000018e7b57f820 flushing  nmethod 0x0000018e00a8cb10
Event: 36.049 Thread 0x0000018e7b57f820 flushing  nmethod 0x0000018e00a8d510
Event: 36.049 Thread 0x0000018e7b57f820 flushing  nmethod 0x0000018e00a8fc90
Event: 36.049 Thread 0x0000018e7b57f820 flushing  nmethod 0x0000018e00a93010
Event: 36.049 Thread 0x0000018e7b57f820 flushing  nmethod 0x0000018e00a93510
Event: 36.049 Thread 0x0000018e7b57f820 flushing  nmethod 0x0000018e00a9a010
Event: 36.049 Thread 0x0000018e7b57f820 flushing  nmethod 0x0000018e00a9ac90
Event: 36.049 Thread 0x0000018e7b57f820 flushing  nmethod 0x0000018e00aa7c10
Event: 36.049 Thread 0x0000018e7b57f820 flushing  nmethod 0x0000018e00aa9190

Events (20 events):
Event: 1796.351 Thread 0x0000018e5e567f80 Thread exited: 0x0000018e5e567f80
Event: 1798.384 Thread 0x0000018e7b59d3d0 Thread added: 0x0000018e5aed1420
Event: 1803.467 Thread 0x0000018e5aed1420 Thread exited: 0x0000018e5aed1420
Event: 1830.085 Thread 0x0000018e7b59d3d0 Thread added: 0x0000018e5aed1420
Event: 1835.111 Thread 0x0000018e5aed1420 Thread exited: 0x0000018e5aed1420
Event: 1853.586 Thread 0x0000018e7b59e760 Thread added: 0x0000018e5acd14d0
Event: 1853.586 Thread 0x0000018e7b59e760 Thread added: 0x0000018e5acd0730
Event: 1858.640 Thread 0x0000018e5acd0730 Thread exited: 0x0000018e5acd0730
Event: 1863.653 Thread 0x0000018e5acd14d0 Thread exited: 0x0000018e5acd14d0
Event: 1868.641 Thread 0x0000018e7b59e760 Thread added: 0x0000018e5acd14d0
Event: 1873.743 Thread 0x0000018e5acd14d0 Thread exited: 0x0000018e5acd14d0
Event: 1893.796 Thread 0x0000018e5ed79270 Thread added: 0x0000018e5ed79900
Event: 1966.806 Thread 0x0000018e5ed79900 Thread exited: 0x0000018e5ed79900
Event: 1966.806 Thread 0x0000018e5ed743b0 Thread exited: 0x0000018e5ed743b0
Event: 1966.806 Thread 0x0000018e5ed75760 Thread exited: 0x0000018e5ed75760
Event: 1966.920 Thread 0x0000018e5ed77830 Thread exited: 0x0000018e5ed77830
Event: 2098.319 Thread 0x0000018e5ed73d20 Thread added: 0x0000018e5ed75760
Event: 2098.322 Thread 0x0000018e5ed75760 Thread exited: 0x0000018e5ed75760
Event: 2098.335 Thread 0x0000018e5ed73d20 Thread added: 0x0000018e5ed75760
Event: 2098.336 Thread 0x0000018e5ed75760 Thread exited: 0x0000018e5ed75760


Dynamic libraries:
0x00007ff73b560000 - 0x00007ff73b56e000 	c:\Users\ASUS\.vscode\extensions\redhat.java-1.53.0-win32-x64\jre\21.0.10-win32-x86_64\bin\java.exe
0x00007ff9e8e60000 - 0x00007ff9e90c9000 	C:\WINDOWS\SYSTEM32\ntdll.dll
0x00007ff9e7fd0000 - 0x00007ff9e8099000 	C:\WINDOWS\System32\KERNEL32.DLL
0x00007ff9e63e0000 - 0x00007ff9e67d3000 	C:\WINDOWS\System32\KERNELBASE.dll
0x00007ff9e6290000 - 0x00007ff9e63db000 	C:\WINDOWS\System32\ucrtbase.dll
0x00007ff9de650000 - 0x00007ff9de668000 	c:\Users\ASUS\.vscode\extensions\redhat.java-1.53.0-win32-x64\jre\21.0.10-win32-x86_64\bin\jli.dll
0x00007ff9df550000 - 0x00007ff9df56e000 	c:\Users\ASUS\.vscode\extensions\redhat.java-1.53.0-win32-x64\jre\21.0.10-win32-x86_64\bin\VCRUNTIME140.dll
0x00007ff9e7020000 - 0x00007ff9e71e4000 	C:\WINDOWS\System32\USER32.dll
0x00007ff9e6060000 - 0x00007ff9e6087000 	C:\WINDOWS\System32\win32u.dll
0x00007ff9cbc60000 - 0x00007ff9cbef3000 	C:\WINDOWS\WinSxS\amd64_microsoft.windows.common-controls_6595b64144ccf1df_6.0.26100.5074_none_3e0d6f78e32fd63f\COMCTL32.dll
0x00007ff9e7db0000 - 0x00007ff9e7ddb000 	C:\WINDOWS\System32\GDI32.dll
0x00007ff9e72b0000 - 0x00007ff9e7359000 	C:\WINDOWS\System32\msvcrt.dll
0x00007ff9e6950000 - 0x00007ff9e6a7d000 	C:\WINDOWS\System32\gdi32full.dll
0x00007ff9e67e0000 - 0x00007ff9e6883000 	C:\WINDOWS\System32\msvcp_win.dll
0x00007ff9e83e0000 - 0x00007ff9e840f000 	C:\WINDOWS\System32\IMM32.DLL
0x00007ff9e1190000 - 0x00007ff9e119c000 	c:\Users\ASUS\.vscode\extensions\redhat.java-1.53.0-win32-x64\jre\21.0.10-win32-x86_64\bin\vcruntime140_1.dll
0x00007ff96a310000 - 0x00007ff96a39d000 	c:\Users\ASUS\.vscode\extensions\redhat.java-1.53.0-win32-x64\jre\21.0.10-win32-x86_64\bin\msvcp140.dll
0x00007ff92e830000 - 0x00007ff92f5d1000 	c:\Users\ASUS\.vscode\extensions\redhat.java-1.53.0-win32-x64\jre\21.0.10-win32-x86_64\bin\server\jvm.dll
0x00007ff9e8200000 - 0x00007ff9e82b4000 	C:\WINDOWS\System32\ADVAPI32.dll
0x00007ff9e7c80000 - 0x00007ff9e7d26000 	C:\WINDOWS\System32\sechost.dll
0x00007ff9e82c0000 - 0x00007ff9e83d8000 	C:\WINDOWS\System32\RPCRT4.dll
0x00007ff9e6c10000 - 0x00007ff9e6c84000 	C:\WINDOWS\System32\WS2_32.dll
0x00007ff9deea0000 - 0x00007ff9deeab000 	C:\WINDOWS\SYSTEM32\VERSION.dll
0x00007ff9d9500000 - 0x00007ff9d9535000 	C:\WINDOWS\SYSTEM32\WINMM.dll
0x00007ff9e5e20000 - 0x00007ff9e5e7e000 	C:\WINDOWS\SYSTEM32\POWRPROF.dll
0x00007ff9e5e00000 - 0x00007ff9e5e14000 	C:\WINDOWS\SYSTEM32\UMPDC.dll
0x00007ff9e4d60000 - 0x00007ff9e4d7b000 	C:\WINDOWS\SYSTEM32\kernel.appcore.dll
0x00007ff9e0fa0000 - 0x00007ff9e0faa000 	c:\Users\ASUS\.vscode\extensions\redhat.java-1.53.0-win32-x64\jre\21.0.10-win32-x86_64\bin\jimage.dll
0x00007ff9d7bc0000 - 0x00007ff9d7e02000 	C:\WINDOWS\SYSTEM32\DBGHELP.DLL
0x00007ff9e7460000 - 0x00007ff9e77db000 	C:\WINDOWS\System32\combase.dll
0x00007ff9e85c0000 - 0x00007ff9e8697000 	C:\WINDOWS\System32\OLEAUT32.dll
0x00007ff9cc330000 - 0x00007ff9cc36d000 	C:\WINDOWS\SYSTEM32\dbgcore.DLL
0x00007ff9e5fc0000 - 0x00007ff9e6059000 	C:\WINDOWS\System32\bcryptPrimitives.dll
0x00007ff9de3d0000 - 0x00007ff9de3df000 	c:\Users\ASUS\.vscode\extensions\redhat.java-1.53.0-win32-x64\jre\21.0.10-win32-x86_64\bin\instrument.dll
0x00007ff9de2d0000 - 0x00007ff9de2f0000 	c:\Users\ASUS\.vscode\extensions\redhat.java-1.53.0-win32-x64\jre\21.0.10-win32-x86_64\bin\java.dll
0x00007ff9e86a0000 - 0x00007ff9e8ded000 	C:\WINDOWS\System32\SHELL32.dll
0x00007ff9e6090000 - 0x00007ff9e61fc000 	C:\WINDOWS\System32\wintypes.dll
0x00007ff9e3bd0000 - 0x00007ff9e4429000 	C:\WINDOWS\SYSTEM32\windows.storage.dll
0x00007ff9e84c0000 - 0x00007ff9e85b0000 	C:\WINDOWS\System32\SHCORE.dll
0x00007ff9e8190000 - 0x00007ff9e81f2000 	C:\WINDOWS\System32\shlwapi.dll
0x00007ff9e5ee0000 - 0x00007ff9e5f09000 	C:\WINDOWS\SYSTEM32\profapi.dll
0x00007ff9de2b0000 - 0x00007ff9de2c8000 	c:\Users\ASUS\.vscode\extensions\redhat.java-1.53.0-win32-x64\jre\21.0.10-win32-x86_64\bin\zip.dll
0x00007ff9df540000 - 0x00007ff9df550000 	C:\Users\ASUS\.vscode\extensions\redhat.java-1.53.0-win32-x64\jre\21.0.10-win32-x86_64\bin\net.dll
0x00007ff9df300000 - 0x00007ff9df41f000 	C:\WINDOWS\SYSTEM32\WINHTTP.dll
0x00007ff9e52c0000 - 0x00007ff9e532b000 	C:\WINDOWS\system32\mswsock.dll
0x00007ff9cf4d0000 - 0x00007ff9cf4e6000 	C:\Users\ASUS\.vscode\extensions\redhat.java-1.53.0-win32-x64\jre\21.0.10-win32-x86_64\bin\nio.dll
0x00007ff9de3c0000 - 0x00007ff9de3d0000 	c:\Users\ASUS\.vscode\extensions\redhat.java-1.53.0-win32-x64\jre\21.0.10-win32-x86_64\bin\verify.dll
0x00007ff96b260000 - 0x00007ff96b2a5000 	C:\Users\ASUS\AppData\Roaming\Code\User\globalStorage\redhat.java\1.53.0\config_win\org.eclipse.equinox.launcher\org.eclipse.equinox.launcher.win32.win32.x86_64_1.3.0.v20260203-2149\eclipse_11919.dll
0x00007ff9e7e30000 - 0x00007ff9e7fc8000 	C:\WINDOWS\System32\ole32.dll
0x00007ff9e5690000 - 0x00007ff9e56ab000 	C:\WINDOWS\SYSTEM32\CRYPTSP.dll
0x00007ff9e4cc0000 - 0x00007ff9e4cfb000 	C:\WINDOWS\system32\rsaenh.dll
0x00007ff9e5360000 - 0x00007ff9e538b000 	C:\WINDOWS\SYSTEM32\USERENV.dll
0x00007ff9e5eb0000 - 0x00007ff9e5ed6000 	C:\WINDOWS\SYSTEM32\bcrypt.dll
0x00007ff9e54f0000 - 0x00007ff9e54fc000 	C:\WINDOWS\SYSTEM32\CRYPTBASE.dll
0x00007ff9e4800000 - 0x00007ff9e4834000 	C:\WINDOWS\SYSTEM32\IPHLPAPI.DLL
0x00007ff9e6ea0000 - 0x00007ff9e6eaa000 	C:\WINDOWS\System32\NSI.dll
0x00007ff9693b0000 - 0x00007ff9693f9000 	C:\Users\ASUS\AppData\Local\Temp\jna-2018896\jna6009733925938465329.dll
0x00007ff9e77e0000 - 0x00007ff9e77e8000 	C:\WINDOWS\System32\PSAPI.DLL
0x00007ff9dfd30000 - 0x00007ff9dfd4e000 	C:\WINDOWS\SYSTEM32\dhcpcsvc6.DLL
0x00007ff9dfc20000 - 0x00007ff9dfc43000 	C:\WINDOWS\SYSTEM32\dhcpcsvc.DLL

JVMTI agents:
c:\Users\ASUS\.vscode\extensions\redhat.java-1.53.0-win32-x64\lombok\lombok-1.18.39-4050.jar path:c:\Users\ASUS\.vscode\extensions\redhat.java-1.53.0-win32-x64\jre\21.0.10-win32-x86_64\bin\instrument.dll, loaded, initialized, instrumentlib options:none

dbghelp: loaded successfully - version: 4.0.5 - missing functions: none
symbol engine: initialized successfully - sym options: 0x614 - pdb path: .;c:\Users\ASUS\.vscode\extensions\redhat.java-1.53.0-win32-x64\jre\21.0.10-win32-x86_64\bin;C:\WINDOWS\SYSTEM32;C:\WINDOWS\WinSxS\amd64_microsoft.windows.common-controls_6595b64144ccf1df_6.0.26100.5074_none_3e0d6f78e32fd63f;c:\Users\ASUS\.vscode\extensions\redhat.java-1.53.0-win32-x64\jre\21.0.10-win32-x86_64\bin\server;C:\Users\ASUS\AppData\Roaming\Code\User\globalStorage\redhat.java\1.53.0\config_win\org.eclipse.equinox.launcher\org.eclipse.equinox.launcher.win32.win32.x86_64_1.3.0.v20260203-2149;C:\Users\ASUS\AppData\Local\Temp\jna-2018896

VM Arguments:
jvm_args: --add-modules=ALL-SYSTEM --add-opens=java.base/java.util=ALL-UNNAMED --add-opens=java.base/java.lang=ALL-UNNAMED --add-opens=java.base/sun.nio.fs=ALL-UNNAMED -Declipse.application=org.eclipse.jdt.ls.core.id1 -Dosgi.bundles.defaultStartLevel=4 -Declipse.product=org.eclipse.jdt.ls.core.product -Djava.import.generatesMetadataFilesAtProjectRoot=false -DDetectVMInstallationsJob.disabled=true -Dfile.encoding=utf8 -XX:+UseParallelGC -XX:GCTimeRatio=4 -XX:AdaptiveSizePolicyWeight=90 -Dsun.zip.disableMemoryMapping=true -Xmx2G -Xms100m -Xlog:disable -javaagent:c:\Users\ASUS\.vscode\extensions\redhat.java-1.53.0-win32-x64\lombok\lombok-1.18.39-4050.jar -XX:+HeapDumpOnOutOfMemoryError -XX:HeapDumpPath=c:\Users\ASUS\AppData\Roaming\Code\User\workspaceStorage\072664e477a3092332c4219defd89c4c\redhat.java -Daether.dependencyCollector.impl=bf 
java_command: c:\Users\ASUS\.vscode\extensions\redhat.java-1.53.0-win32-x64\server\plugins\org.eclipse.equinox.launcher_1.7.100.v20251111-0406.jar -configuration c:\Users\ASUS\AppData\Roaming\Code\User\globalStorage\redhat.java\1.53.0\config_win -data c:\Users\ASUS\AppData\Roaming\Code\User\workspaceStorage\072664e477a3092332c4219defd89c4c\redhat.java\jdt_ws --pipe=\\.\pipe\lsp-9793fa634e075b60e97373d575ac2669-sock
java_class_path (initial): c:\Users\ASUS\.vscode\extensions\redhat.java-1.53.0-win32-x64\server\plugins\org.eclipse.equinox.launcher_1.7.100.v20251111-0406.jar
Launcher Type: SUN_STANDARD

[Global flags]
    uintx AdaptiveSizePolicyWeight                 = 90                                        {product} {command line}
     intx CICompilerCount                          = 12                                        {product} {ergonomic}
    uintx GCTimeRatio                              = 4                                         {product} {command line}
     bool HeapDumpOnOutOfMemoryError               = true                                   {manageable} {command line}
    ccstr HeapDumpPath                             = c:\Users\ASUS\AppData\Roaming\Code\User\workspaceStorage\072664e477a3092332c4219defd89c4c\redhat.java         {manageable} {command line}
   size_t InitialHeapSize                          = 104857600                                 {product} {command line}
   size_t MaxHeapSize                              = 2147483648                                {product} {command line}
   size_t MaxNewSize                               = 715653120                                 {product} {ergonomic}
   size_t MinHeapDeltaBytes                        = 524288                                    {product} {ergonomic}
   size_t MinHeapSize                              = 104857600                                 {product} {command line}
   size_t NewSize                                  = 34603008                                  {product} {ergonomic}
    uintx NonNMethodCodeHeapSize                   = 7602480                                {pd product} {ergonomic}
    uintx NonProfiledCodeHeapSize                  = 122027880                              {pd product} {ergonomic}
   size_t OldSize                                  = 70254592                                  {product} {ergonomic}
    uintx ProfiledCodeHeapSize                     = 122027880                              {pd product} {ergonomic}
    uintx ReservedCodeCacheSize                    = 251658240                              {pd product} {ergonomic}
     bool SegmentedCodeCache                       = true                                      {product} {ergonomic}
   size_t SoftMaxHeapSize                          = 2147483648                             {manageable} {ergonomic}
     bool UseCompressedOops                        = true                           {product lp64_product} {ergonomic}
     bool UseLargePagesIndividualAllocation        = false                                  {pd product} {ergonomic}
     bool UseParallelGC                            = true                                      {product} {command line}

Logging:
Log output configuration:
 #0: stdout all=off uptime,level,tags foldmultilines=false
 #1: stderr all=off uptime,level,tags foldmultilines=false

Release file:
JAVA_VERSION="21.0.10" 
MODULES="java.base java.compiler java.datatransfer java.xml java.prefs java.desktop java.instrument java.logging java.management java.security.sasl java.naming java.rmi java.management.rmi java.net.http java.scripting java.security.jgss java.transaction.xa java.sql java.sql.rowset java.xml.crypto java.se java.smartcardio jdk.accessibility jdk.internal.jvmstat jdk.attach jdk.charsets jdk.internal.opt jdk.zipfs jdk.compiler jdk.crypto.ec jdk.crypto.cryptoki jdk.crypto.mscapi jdk.dynalink jdk.internal.ed jdk.editpad jdk.hotspot.agent jdk.httpserver jdk.internal.le jdk.internal.vm.ci jdk.internal.vm.compiler jdk.internal.vm.compiler.management jdk.jartool jdk.javadoc jdk.jcmd jdk.management jdk.management.agent jdk.jconsole jdk.jdeps jdk.jdwp.agent jdk.jdi jdk.jfr jdk.jshell jdk.jsobject jdk.jstatd jdk.localedata jdk.management.jfr jdk.naming.dns jdk.naming.rmi jdk.net jdk.nio.mapmode jdk.random jdk.sctp jdk.security.auth jdk.security.jgss jdk.unsupported jdk.unsupported.desktop jdk.xml.dom" 

Environment Variables:
PATH=C:\Visaul Studio\Microsoft VS Code;C:\Program Files\Java\jdk-25\bin;C:\Program Files\Python313\Scripts\;C:\Program Files\Python313\;C:\Program Files (x86)\VMware\VMware Workstation\bin\;C:\WINDOWS\system32;C:\WINDOWS;C:\WINDOWS\System32\Wbem;C:\WINDOWS\System32\WindowsPowerShell\v1.0\;C:\WINDOWS\System32\OpenSSH\;C:\Program Files\NVIDIA Corporation\NVIDIA App\NvDLISR;C:\Program Files (x86)\NVIDIA Corporation\PhysX\Common;C:\Program Files\dotnet\;C:\php-8.4.7;C:\ProgramData\ComposerSetup\bin;C:\Program Files\nodejs\;C:\Program Files\Git\cmd;C:\Program Files\MongoDB\Server\8.2\bin;C:\Program Files\Java\jdk-25\;;C:\ProgramData\chocolatey\bin;C:\Program Files\Microsoft SQL Server\150\Tools\Binn\;C:\Program Files\Microsoft SQL Server\Client SDK\ODBC\170\Tools\Binn\;C:\Program Files\Microsoft SQL Server\170\DTS\Binn\;C:\Program Files\Docker\Docker\resources\bin;c:\Users\ASUS\AppData\Local\Programs\cursor\resources\app\codeBin;C:\Program Files\Java\jdk-25\bin;C:\Users\ASUS\AppData\Local\Microsoft\WindowsApps;C:\Visaul Studio\Microsoft VS Code\bin;C:\Users\ASUS\AppData\Local\Programs\Azure Data Studio\bin;C:\Program Files\Azure Data Studio\bin;C:\Users\ASUS\AppData\Local\GitHubDesktop\bin;C:\Users\ASUS\AppData\Roaming\Composer\vendor\bin;C:\Users\ASUS\AppData\Roaming\npm;C:\Program Files\mongosh\;C:\Program Files\IntelliJ IDEA 2025.2.3\bin;C:\Program Files\JetBrains\WebStorm 2025.2.3\bin;C:\Program Files (x86)\Microsoft Visual Studio\Shared\NuGetPackages\microsoft.visualstudio.javascript.sdk;C:\Program Files\Java\jdk-25\;C:\Users\ASUS\.dotnet\tools;C:\Users\ASUS\AppData\Local\Microsoft\WinGet\Links;C:\Users\ASUS\AppData\Local\Programs\Antigravity\bin;C:\Users\ASUS\AppData\Local\Programs\cursor\resources\app\bin
USERNAME=ASUS
OS=Windows_NT
PROCESSOR_IDENTIFIER=AMD64 Family 25 Model 68 Stepping 1, AuthenticAMD
TMP=C:\Users\ASUS\AppData\Local\Temp
TEMP=C:\Users\ASUS\AppData\Local\Temp




Periodic native trim disabled

---------------  S Y S T E M  ---------------

OS:
 Windows 11 , 64 bit Build 26100 (10.0.26100.5074)
OS uptime: 0 days 1:37 hours
Hyper-V role detected

CPU: total 16 (initial active 16) (16 cores per cpu, 2 threads per core) family 25 model 68 stepping 1 microcode 0xa404107, cx8, cmov, fxsr, ht, mmx, 3dnowpref, sse, sse2, sse3, ssse3, sse4a, sse4.1, sse4.2, popcnt, lzcnt, tsc, tscinvbit, avx, avx2, aes, erms, clmul, bmi1, bmi2, adx, sha, fma, vzeroupper, clflush, clflushopt, hv, rdtscp, rdpid, fsrm, f16c, cet_ss
Processor Information for the first 16 processors :
  Max Mhz: 3100, Current Mhz: 3100, Mhz Limit: 3100

Memory: 4k page, system-wide physical 8010M (539M free)
TotalPageFile size 24394M (AvailPageFile size 517M)
current process WorkingSet (physical memory assigned to process): 60M, peak: 345M
current process commit charge ("private bytes"): 419M, peak: 444M

vm_info: OpenJDK 64-Bit Server VM (21.0.10+7-LTS) for windows-amd64 JRE (21.0.10+7-LTS), built on 2026-01-20T00:00:00Z by "admin" with MS VC++ 17.12 (VS2022)

END.
