#
# There is insufficient memory for the Java Runtime Environment to continue.
# Native memory allocation (malloc) failed to allocate 513056 bytes. Error detail: Chunk::new
# Possible reasons:
#   The system is out of physical RAM or swap space
#   This process is running with CompressedOops enabled, and the Java Heap may be blocking the growth of the native heap
# Possible solutions:
#   Reduce memory load on the system
#   Increase physical memory or swap space
#   Check if swap backing store is full
#   Decrease Java heap size (-Xmx/-Xms)
#   Decrease number of Java threads
#   Decrease Java thread stack sizes (-Xss)
#   Set larger code cache with -XX:ReservedCodeCacheSize=
#   JVM is running with Unscaled Compressed Oops mode in which the Java heap is
#     placed in the first 4GB address space. The Java Heap base address is the
#     maximum limit for the native heap growth. Please use -XX:HeapBaseMinAddress
#     to set the Java Heap base and to place the Java Heap above 4GB virtual address.
# This output file may be truncated or incomplete.
#
#  Out of Memory Error (arena.cpp:168), pid=20772, tid=31740
#
# JRE version: OpenJDK Runtime Environment Temurin-21.0.10+7 (21.0.10+7) (build 21.0.10+7-LTS)
# Java VM: OpenJDK 64-Bit Server VM Temurin-21.0.10+7 (21.0.10+7-LTS, mixed mode, sharing, tiered, compressed oops, compressed class ptrs, parallel gc, windows-amd64)
# No core dump will be written. Minidumps are not enabled by default on client versions of Windows
#

---------------  S U M M A R Y ------------

Command Line: --add-modules=ALL-SYSTEM --add-opens=java.base/java.util=ALL-UNNAMED --add-opens=java.base/java.lang=ALL-UNNAMED --add-opens=java.base/sun.nio.fs=ALL-UNNAMED -Declipse.application=org.eclipse.jdt.ls.core.id1 -Dosgi.bundles.defaultStartLevel=4 -Declipse.product=org.eclipse.jdt.ls.core.product -Djava.import.generatesMetadataFilesAtProjectRoot=false -DDetectVMInstallationsJob.disabled=true -Dfile.encoding=utf8 -XX:+UseParallelGC -XX:GCTimeRatio=4 -XX:AdaptiveSizePolicyWeight=90 -Dsun.zip.disableMemoryMapping=true -Xmx2G -Xms100m -Xlog:disable -javaagent:c:\Users\ASUS\.vscode\extensions\redhat.java-1.53.0-win32-x64\lombok\lombok-1.18.39-4050.jar -XX:+HeapDumpOnOutOfMemoryError -XX:HeapDumpPath=c:\Users\ASUS\AppData\Roaming\Code\User\workspaceStorage\072664e477a3092332c4219defd89c4c\redhat.java -Daether.dependencyCollector.impl=bf c:\Users\ASUS\.vscode\extensions\redhat.java-1.53.0-win32-x64\server\plugins\org.eclipse.equinox.launcher_1.7.100.v20251111-0406.jar -configuration c:\Users\ASUS\AppData\Roaming\Code\User\globalStorage\redhat.java\1.53.0\config_win -data c:\Users\ASUS\AppData\Roaming\Code\User\workspaceStorage\072664e477a3092332c4219defd89c4c\redhat.java\jdt_ws --pipe=\\.\pipe\lsp-e27f7b490c0921797a152197815b9d76-sock

Host: AMD Ryzen 7 7435HS                             , 16 cores, 7G,  Windows 11 , 64 bit Build 26100 (10.0.26100.5074)
Time: Tue Mar 31 14:49:00 2026 SE Asia Standard Time elapsed time: 472.072273 seconds (0d 0h 7m 52s)

---------------  T H R E A D  ---------------

Current thread (0x00000258a817bd40):  JavaThread "C2 CompilerThread0" daemon [_thread_in_native, id=31740, stack(0x00000063f8300000,0x00000063f8400000) (1024K)]


Current CompileTask:
C2:472072 13413       4       com.google.gson.stream.JsonReader::nextQuotedValue (296 bytes)

Stack: [0x00000063f8300000,0x00000063f8400000]
Native frames: (J=compiled Java code, j=interpreted, Vv=VM code, C=native code)
V  [jvm.dll+0x6d7a39]
V  [jvm.dll+0x8b4b26]
V  [jvm.dll+0x8b70de]
V  [jvm.dll+0x8b77c3]
V  [jvm.dll+0x284346]
V  [jvm.dll+0xc66ed]
V  [jvm.dll+0xc6c31]
V  [jvm.dll+0x3bec3b]
V  [jvm.dll+0x38b162]
V  [jvm.dll+0x38a5aa]
V  [jvm.dll+0x24c560]
V  [jvm.dll+0x24bb40]
V  [jvm.dll+0x1cb34e]
V  [jvm.dll+0x25b85d]
V  [jvm.dll+0x259dea]
V  [jvm.dll+0x3f857e]
V  [jvm.dll+0x85f59d]
V  [jvm.dll+0x6d626d]
C  [ucrtbase.dll+0x37b0]
C  [KERNEL32.DLL+0x2e8d7]
C  [ntdll.dll+0x8d9c]


---------------  P R O C E S S  ---------------

Threads class SMR info:
_java_thread_list=0x000002590ab2c8d0, length=54, elements={
0x00000258a80be770, 0x00000258beb6e360, 0x00000258a8161140, 0x00000258a8164640,
0x00000258a8165f00, 0x00000258a816ad80, 0x00000258a8171c00, 0x00000258a817bd40,
0x00000258a817d780, 0x00000259011976f0, 0x00000259012e75d0, 0x00000259072970f0,
0x00000259072991c0, 0x0000025907298b30, 0x0000025907297780, 0x0000025907299850,
0x0000025907299ee0, 0x000002590729a570, 0x0000025907297e10, 0x0000025907dec450,
0x0000025907deaa10, 0x0000025907de9660, 0x0000025907debdc0, 0x0000025907decae0,
0x0000025907ded170, 0x0000025907ded800, 0x0000025907dea380, 0x0000025907deebb0,
0x0000025907def8d0, 0x0000025907def240, 0x0000025907deff60, 0x0000025907dede90,
0x0000025907df05f0, 0x0000025907dee520, 0x00000259075e0360, 0x00000259075e3150,
0x00000259075dfcd0, 0x00000259075e37e0, 0x00000259075e1710, 0x00000259075e1080,
0x00000259075e1da0, 0x00000259075e2ac0, 0x00000259075e4500, 0x00000259075e4b90,
0x00000259075e5220, 0x00000259075e58b0, 0x00000259075e2430, 0x00000259075e5f40,
0x00000259075e65d0, 0x00000259075e6c60, 0x0000025909cd17c0, 0x0000025909cd24e0,
0x0000025909cd2b70, 0x0000025909cd3200
}

Java Threads: ( => current thread )
  0x00000258a80be770 JavaThread "main"                              [_thread_blocked, id=35276, stack(0x00000063f7900000,0x00000063f7a00000) (1024K)]
  0x00000258beb6e360 JavaThread "Reference Handler"          daemon [_thread_blocked, id=17768, stack(0x00000063f7d00000,0x00000063f7e00000) (1024K)]
  0x00000258a8161140 JavaThread "Finalizer"                  daemon [_thread_blocked, id=13940, stack(0x00000063f7e00000,0x00000063f7f00000) (1024K)]
  0x00000258a8164640 JavaThread "Signal Dispatcher"          daemon [_thread_blocked, id=32060, stack(0x00000063f7f00000,0x00000063f8000000) (1024K)]
  0x00000258a8165f00 JavaThread "Attach Listener"            daemon [_thread_blocked, id=38412, stack(0x00000063f8000000,0x00000063f8100000) (1024K)]
  0x00000258a816ad80 JavaThread "Service Thread"             daemon [_thread_blocked, id=36660, stack(0x00000063f8100000,0x00000063f8200000) (1024K)]
  0x00000258a8171c00 JavaThread "Monitor Deflation Thread"   daemon [_thread_blocked, id=36732, stack(0x00000063f8200000,0x00000063f8300000) (1024K)]
=>0x00000258a817bd40 JavaThread "C2 CompilerThread0"         daemon [_thread_in_native, id=31740, stack(0x00000063f8300000,0x00000063f8400000) (1024K)]
  0x00000258a817d780 JavaThread "C1 CompilerThread0"         daemon [_thread_in_vm, id=32188, stack(0x00000063f8400000,0x00000063f8500000) (1024K)]
  0x00000259011976f0 JavaThread "Common-Cleaner"             daemon [_thread_blocked, id=35488, stack(0x00000063f8600000,0x00000063f8700000) (1024K)]
  0x00000259012e75d0 JavaThread "Notification Thread"        daemon [_thread_blocked, id=13528, stack(0x00000063f8a00000,0x00000063f8b00000) (1024K)]
  0x00000259072970f0 JavaThread "Active Thread: Equinox Container: 81b3d4c5-d418-40b4-b308-4fddc3e24884"        [_thread_blocked, id=5708, stack(0x00000063f9100000,0x00000063f9200000) (1024K)]
  0x00000259072991c0 JavaThread "Refresh Thread: Equinox Container: 81b3d4c5-d418-40b4-b308-4fddc3e24884" daemon [_thread_blocked, id=7992, stack(0x00000063f8500000,0x00000063f8600000) (1024K)]
  0x0000025907298b30 JavaThread "Framework Event Dispatcher: Equinox Container: 81b3d4c5-d418-40b4-b308-4fddc3e24884" daemon [_thread_blocked, id=1896, stack(0x00000063f8700000,0x00000063f8800000) (1024K)]
  0x0000025907297780 JavaThread "Start Level: Equinox Container: 81b3d4c5-d418-40b4-b308-4fddc3e24884" daemon [_thread_blocked, id=37960, stack(0x00000063f8800000,0x00000063f8900000) (1024K)]
  0x0000025907299850 JavaThread "Bundle File Closer"         daemon [_thread_blocked, id=22768, stack(0x00000063f9500000,0x00000063f9600000) (1024K)]
  0x0000025907299ee0 JavaThread "SCR Component Actor"        daemon [_thread_blocked, id=34080, stack(0x00000063f9800000,0x00000063f9900000) (1024K)]
  0x000002590729a570 JavaThread "Worker-JM"                         [_thread_blocked, id=30680, stack(0x00000063f9a00000,0x00000063f9b00000) (1024K)]
  0x0000025907297e10 JavaThread "JNA Cleaner"                daemon [_thread_blocked, id=37876, stack(0x00000063f9900000,0x00000063f9a00000) (1024K)]
  0x0000025907dec450 JavaThread "Worker-0"                          [_thread_blocked, id=39220, stack(0x00000063f9b00000,0x00000063f9c00000) (1024K)]
  0x0000025907deaa10 JavaThread "Java indexing"              daemon [_thread_blocked, id=23672, stack(0x00000063fa000000,0x00000063fa100000) (1024K)]
  0x0000025907de9660 JavaThread "Worker-3"                          [_thread_blocked, id=9668, stack(0x00000063fa500000,0x00000063fa600000) (1024K)]
  0x0000025907debdc0 JavaThread "Thread-1"                   daemon [_thread_in_native, id=12372, stack(0x00000063fa700000,0x00000063fa800000) (1024K)]
  0x0000025907decae0 JavaThread "Thread-2"                   daemon [_thread_in_native, id=34592, stack(0x00000063fa800000,0x00000063fa900000) (1024K)]
  0x0000025907ded170 JavaThread "Thread-3"                   daemon [_thread_in_native, id=8784, stack(0x00000063fa900000,0x00000063faa00000) (1024K)]
  0x0000025907ded800 JavaThread "Thread-4"                   daemon [_thread_in_native, id=38268, stack(0x00000063faa00000,0x00000063fab00000) (1024K)]
  0x0000025907dea380 JavaThread "Thread-5"                   daemon [_thread_in_native, id=34572, stack(0x00000063fab00000,0x00000063fac00000) (1024K)]
  0x0000025907deebb0 JavaThread "Thread-6"                   daemon [_thread_in_native, id=36068, stack(0x00000063fac00000,0x00000063fad00000) (1024K)]
  0x0000025907def8d0 JavaThread "Thread-7"                   daemon [_thread_in_native, id=34028, stack(0x00000063fad00000,0x00000063fae00000) (1024K)]
  0x0000025907def240 JavaThread "Thread-8"                   daemon [_thread_in_native, id=34056, stack(0x00000063fae00000,0x00000063faf00000) (1024K)]
  0x0000025907deff60 JavaThread "Thread-9"                   daemon [_thread_in_native, id=13700, stack(0x00000063faf00000,0x00000063fb000000) (1024K)]
  0x0000025907dede90 JavaThread "Thread-10"                  daemon [_thread_in_native, id=33436, stack(0x00000063fb000000,0x00000063fb100000) (1024K)]
  0x0000025907df05f0 JavaThread "Thread-11"                  daemon [_thread_in_native, id=37344, stack(0x00000063fb100000,0x00000063fb200000) (1024K)]
  0x0000025907dee520 JavaThread "Thread-12"                  daemon [_thread_in_native, id=13768, stack(0x00000063fb200000,0x00000063fb300000) (1024K)]
  0x00000259075e0360 JavaThread "Thread-13"                  daemon [_thread_in_native, id=4748, stack(0x00000063fb300000,0x00000063fb400000) (1024K)]
  0x00000259075e3150 JavaThread "Thread-14"                  daemon [_thread_in_native, id=25896, stack(0x00000063fb400000,0x00000063fb500000) (1024K)]
  0x00000259075dfcd0 JavaThread "Thread-15"                  daemon [_thread_in_native, id=16552, stack(0x00000063fb500000,0x00000063fb600000) (1024K)]
  0x00000259075e37e0 JavaThread "Thread-16"                  daemon [_thread_in_native, id=30064, stack(0x00000063fb600000,0x00000063fb700000) (1024K)]
  0x00000259075e1710 JavaThread "Thread-17"                  daemon [_thread_in_native, id=3792, stack(0x00000063fb700000,0x00000063fb800000) (1024K)]
  0x00000259075e1080 JavaThread "pool-2-thread-1"                   [_thread_blocked, id=32392, stack(0x00000063fb900000,0x00000063fba00000) (1024K)]
  0x00000259075e1da0 JavaThread "WorkspaceEventsHandler"            [_thread_blocked, id=30728, stack(0x00000063fba00000,0x00000063fbb00000) (1024K)]
  0x00000259075e2ac0 JavaThread "pool-1-thread-1"                   [_thread_blocked, id=32624, stack(0x00000063fbb00000,0x00000063fbc00000) (1024K)]
  0x00000259075e4500 JavaThread "ForkJoinPool.commonPool-worker-1" daemon [_thread_blocked, id=35072, stack(0x00000063fbc00000,0x00000063fbd00000) (1024K)]
  0x00000259075e4b90 JavaThread "ForkJoinPool.commonPool-worker-2" daemon [_thread_blocked, id=22208, stack(0x00000063fbd00000,0x00000063fbe00000) (1024K)]
  0x00000259075e5220 JavaThread "ForkJoinPool.commonPool-worker-3" daemon [_thread_blocked, id=36624, stack(0x00000063fbe00000,0x00000063fbf00000) (1024K)]
  0x00000259075e58b0 JavaThread "ForkJoinPool.commonPool-worker-4" daemon [_thread_blocked, id=36284, stack(0x00000063fbf00000,0x00000063fc000000) (1024K)]
  0x00000259075e2430 JavaThread "ForkJoinPool.commonPool-worker-5" daemon [_thread_blocked, id=32880, stack(0x00000063fc000000,0x00000063fc100000) (1024K)]
  0x00000259075e5f40 JavaThread "ForkJoinPool.commonPool-worker-6" daemon [_thread_blocked, id=38016, stack(0x00000063fc100000,0x00000063fc200000) (1024K)]
  0x00000259075e65d0 JavaThread "ForkJoinPool.commonPool-worker-7" daemon [_thread_blocked, id=38504, stack(0x00000063fc200000,0x00000063fc300000) (1024K)]
  0x00000259075e6c60 JavaThread "ForkJoinPool.commonPool-worker-8" daemon [_thread_in_Java, id=21568, stack(0x00000063fc300000,0x00000063fc400000) (1024K)]
  0x0000025909cd17c0 JavaThread "ForkJoinPool.commonPool-worker-10" daemon [_thread_blocked, id=21436, stack(0x00000063fc500000,0x00000063fc600000) (1024K)]
  0x0000025909cd24e0 JavaThread "ForkJoinPool.commonPool-worker-15" daemon [_thread_blocked, id=33900, stack(0x00000063fc900000,0x00000063fca00000) (1024K)]
  0x0000025909cd2b70 JavaThread "ForkJoinPool.commonPool-worker-11" daemon [_thread_blocked, id=4704, stack(0x00000063fca00000,0x00000063fcb00000) (1024K)]
  0x0000025909cd3200 JavaThread "Cleaner-0"                  daemon [_thread_blocked, id=31356, stack(0x00000063fb800000,0x00000063fb900000) (1024K)]
Total: 54

Other Threads:
  0x00000258beb54130 VMThread "VM Thread"                           [id=25136, stack(0x00000063f7c00000,0x00000063f7d00000) (1024K)]
  0x00000258bea4ca00 WatcherThread "VM Periodic Task Thread"        [id=36992, stack(0x00000063f7b00000,0x00000063f7c00000) (1024K)]
  0x00000258a80ddbc0 WorkerThread "GC Thread#0"                     [id=24552, stack(0x00000063f7a00000,0x00000063f7b00000) (1024K)]
  0x00000259076568e0 WorkerThread "GC Thread#1"                     [id=33324, stack(0x00000063f8b00000,0x00000063f8c00000) (1024K)]
  0x00000259077e67a0 WorkerThread "GC Thread#2"                     [id=35536, stack(0x00000063f8c00000,0x00000063f8d00000) (1024K)]
  0x00000259077e6b50 WorkerThread "GC Thread#3"                     [id=24284, stack(0x00000063f8d00000,0x00000063f8e00000) (1024K)]
  0x000002590710f420 WorkerThread "GC Thread#4"                     [id=11392, stack(0x00000063f8e00000,0x00000063f8f00000) (1024K)]
  0x0000025907110200 WorkerThread "GC Thread#5"                     [id=6132, stack(0x00000063f8f00000,0x00000063f9000000) (1024K)]
  0x00000259077dd0e0 WorkerThread "GC Thread#6"                     [id=4144, stack(0x00000063f9000000,0x00000063f9100000) (1024K)]
  0x0000025907525940 WorkerThread "GC Thread#7"                     [id=23436, stack(0x00000063f9200000,0x00000063f9300000) (1024K)]
  0x0000025900ff8d30 WorkerThread "GC Thread#8"                     [id=34924, stack(0x00000063f8900000,0x00000063f8a00000) (1024K)]
  0x0000025900ff90e0 WorkerThread "GC Thread#9"                     [id=35848, stack(0x00000063f9300000,0x00000063f9400000) (1024K)]
  0x0000025907b33810 WorkerThread "GC Thread#10"                    [id=36976, stack(0x00000063f7700000,0x00000063f7800000) (1024K)]
  0x0000025907b33bc0 WorkerThread "GC Thread#11"                    [id=31268, stack(0x00000063f9400000,0x00000063f9500000) (1024K)]
  0x0000025907aebb10 WorkerThread "GC Thread#12"                    [id=38600, stack(0x00000063f9600000,0x00000063f9700000) (1024K)]
Total: 15

Threads with active compile tasks:
C2 CompilerThread0  472151 13413       4       com.google.gson.stream.JsonReader::nextQuotedValue (296 bytes)
Total: 1

VM state: not at safepoint (normal execution)

VM Mutex/Monitor currently owned by a thread: None

Heap address: 0x0000000080000000, size: 2048 MB, Compressed Oops mode: 32-bit

CDS archive(s) mapped at: [0x00000258bf000000-0x00000258bfba0000-0x00000258bfba0000), size 12189696, SharedBaseAddress: 0x00000258bf000000, ArchiveRelocationMode: 1.
Compressed class space mapped at: 0x00000258c0000000-0x0000025900000000, reserved size: 1073741824
Narrow klass base: 0x00000258bf000000, Narrow klass shift: 0, Narrow klass range: 0x100000000

GC Precious Log:
 CardTable entry size: 512
 CPUs: 16 total, 16 available
 Memory: 8010M
 Large Page Support: Disabled
 NUMA Support: Disabled
 Compressed Oops: Enabled (32-bit)
 Alignments: Space 512K, Generation 512K, Heap 2M
 Heap Min Capacity: 100M
 Heap Initial Capacity: 100M
 Heap Max Capacity: 2G
 Pre-touch: Disabled
 Parallel Workers: 13

Heap:
 PSYoungGen      total 16384K, used 1850K [0x00000000d5580000, 0x00000000d6680000, 0x0000000100000000)
  eden space 14848K, 7% used [0x00000000d5580000,0x00000000d569e8e0,0x00000000d6400000)
  from space 1536K, 45% used [0x00000000d6400000,0x00000000d64b0000,0x00000000d6580000)
  to   space 1024K, 0% used [0x00000000d6580000,0x00000000d6580000,0x00000000d6680000)
 ParOldGen       total 100352K, used 99862K [0x0000000080000000, 0x0000000086200000, 0x00000000d5580000)
  object space 100352K, 99% used [0x0000000080000000,0x0000000086185a48,0x0000000086200000)
 Metaspace       used 70928K, committed 72640K, reserved 1114112K
  class space    used 7493K, committed 8256K, reserved 1048576K

Card table byte_map: [0x00000258a7a80000,0x00000258a7e90000] _byte_map_base: 0x00000258a7680000

Marking Bits: (ParMarkBitMap*) 0x00007ffc2c213450
 Begin Bits: [0x00000258ba570000, 0x00000258bc570000)
 End Bits:   [0x00000258bc570000, 0x00000258be570000)

Polling page: 0x00000258a6340000

Metaspace:

Usage:
  Non-class:     61.95 MB used.
      Class:      7.32 MB used.
       Both:     69.27 MB used.

Virtual space:
  Non-class space:       64.00 MB reserved,      62.88 MB ( 98%) committed,  1 nodes.
      Class space:        1.00 GB reserved,       8.06 MB ( <1%) committed,  1 nodes.
             Both:        1.06 GB reserved,      70.94 MB (  7%) committed. 

Chunk freelists:
   Non-Class:  352.00 KB
       Class:  7.91 MB
        Both:  8.25 MB

MaxMetaspaceSize: unlimited
CompressedClassSpaceSize: 1.00 GB
Initial GC threshold: 21.00 MB
Current GC threshold: 97.31 MB
CDS: on
 - commit_granule_bytes: 65536.
 - commit_granule_words: 8192.
 - virtual_space_node_default_size: 8388608.
 - enlarge_chunks_in_place: 1.
 - use_allocation_guard: 0.


Internal statistics:

num_allocs_failed_limit: 9.
num_arena_births: 1392.
num_arena_deaths: 14.
num_vsnodes_births: 2.
num_vsnodes_deaths: 0.
num_space_committed: 1135.
num_space_uncommitted: 0.
num_chunks_returned_to_freelist: 23.
num_chunks_taken_from_freelist: 4886.
num_chunk_merges: 9.
num_chunk_splits: 2952.
num_chunks_enlarged: 1553.
num_inconsistent_stats: 0.

CodeHeap 'non-profiled nmethods': size=119168Kb used=8249Kb max_used=8249Kb free=110918Kb
 bounds [0x00000258b2e60000, 0x00000258b3670000, 0x00000258ba2c0000]
CodeHeap 'profiled nmethods': size=119104Kb used=29303Kb max_used=29303Kb free=89800Kb
 bounds [0x00000258ab2c0000, 0x00000258acf60000, 0x00000258b2710000]
CodeHeap 'non-nmethods': size=7488Kb used=1459Kb max_used=3217Kb free=6028Kb
 bounds [0x00000258b2710000, 0x00000258b2a80000, 0x00000258b2e60000]
CodeCache: size=245760Kb, used=39011Kb, max_used=40769Kb, free=206746Kb
 total_blobs=13401, nmethods=12624, adapters=682, full_count=0
Compilation: enabled, stopped_count=0, restarted_count=0

Compilation events (20 events):
Event: 469.077 Thread 0x00000258a817d780 13424   !   3       org.eclipse.core.internal.localstore.FileStoreRoot::computeURI (75 bytes)
Event: 469.095 Thread 0x00000258a817d780 nmethod 13424 0x00000258acf58e10 code [0x00000258acf590c0, 0x00000258acf59c88]
Event: 469.095 Thread 0x00000258a817d780 13426       3       org.eclipse.core.internal.localstore.FileSystemResourceManager::locationURIFor (16 bytes)
Event: 469.099 Thread 0x00000258a817d780 nmethod 13426 0x00000258acf5a210 code [0x00000258acf5a3e0, 0x00000258acf5a658]
Event: 469.099 Thread 0x00000258a817d780 13427       1       org.eclipse.jdt.internal.core.AnnotatableInfo::getNameSourceStart (5 bytes)
Event: 469.100 Thread 0x00000258a817d780 nmethod 13427 0x00000258b366e010 code [0x00000258b366e1a0, 0x00000258b366e268]
Event: 469.100 Thread 0x00000258a817d780 13425       1       org.eclipse.jdt.internal.core.PackageDeclaration::getElementType (3 bytes)
Event: 469.100 Thread 0x00000258a817d780 nmethod 13425 0x00000258b366e310 code [0x00000258b366e4a0, 0x00000258b366e568]
Event: 469.101 Thread 0x00000258a817d780 13428       3       org.eclipse.core.runtime.URIUtil::isFileURI (10 bytes)
Event: 469.103 Thread 0x00000258a817d780 nmethod 13428 0x00000258acf5a790 code [0x00000258acf5a940, 0x00000258acf5aa88]
Event: 469.103 Thread 0x00000258a817d780 13429       3       org.eclipse.jface.text.AbstractLineTracker::checkRewriteSession (12 bytes)
Event: 469.105 Thread 0x00000258a817d780 nmethod 13429 0x00000258acf5ab90 code [0x00000258acf5ad60, 0x00000258acf5afe8]
Event: 469.105 Thread 0x00000258a817d780 13430       3       org.eclipse.jface.text.AbstractLineTracker::hasActiveRewriteSession (8 bytes)
Event: 469.106 Thread 0x00000258a817d780 nmethod 13430 0x00000258acf5b110 code [0x00000258acf5b2c0, 0x00000258acf5b488]
Event: 469.106 Thread 0x00000258a817d780 13431       3       org.eclipse.lsp4j.jsonrpc.json.adapters.EnumTypeAdapter::write (35 bytes)
Event: 469.113 Thread 0x00000258a817d780 nmethod 13431 0x00000258acf5b590 code [0x00000258acf5b780, 0x00000258acf5bd28]
Event: 469.113 Thread 0x00000258a817d780 13432       3       org.eclipse.lsp4j.jsonrpc.json.adapters.EnumTypeAdapter::write (10 bytes)
Event: 469.114 Thread 0x00000258a817d780 nmethod 13432 0x00000258acf5bf10 code [0x00000258acf5c120, 0x00000258acf5c828]
Event: 469.162 Thread 0x00000258a817d780 13433       3       org.eclipse.jdt.internal.core.CompilationUnit::isPrimary (14 bytes)
Event: 469.164 Thread 0x00000258a817d780 nmethod 13433 0x00000258acf5ca10 code [0x00000258acf5cbc0, 0x00000258acf5cd40]

GC Heap History (20 events):
Event: 61.628 GC heap before
{Heap before GC invocations=99 (full 3):
 PSYoungGen      total 16384K, used 16192K [0x00000000d5580000, 0x00000000d6900000, 0x0000000100000000)
  eden space 14848K, 100% used [0x00000000d5580000,0x00000000d6400000,0x00000000d6400000)
  from space 1536K, 87% used [0x00000000d6580000,0x00000000d66d0000,0x00000000d6700000)
  to   space 2048K, 0% used [0x00000000d6700000,0x00000000d6700000,0x00000000d6900000)
 ParOldGen       total 95744K, used 95609K [0x0000000080000000, 0x0000000085d80000, 0x00000000d5580000)
  object space 95744K, 99% used [0x0000000080000000,0x0000000085d5e6f8,0x0000000085d80000)
 Metaspace       used 67655K, committed 69184K, reserved 1114112K
  class space    used 7156K, committed 7808K, reserved 1048576K
}
Event: 61.630 GC heap after
{Heap after GC invocations=99 (full 3):
 PSYoungGen      total 15872K, used 768K [0x00000000d5580000, 0x00000000d6800000, 0x0000000100000000)
  eden space 14848K, 0% used [0x00000000d5580000,0x00000000d5580000,0x00000000d6400000)
  from space 1024K, 75% used [0x00000000d6700000,0x00000000d67c0020,0x00000000d6800000)
  to   space 1024K, 0% used [0x00000000d6600000,0x00000000d6600000,0x00000000d6700000)
 ParOldGen       total 97280K, used 96772K [0x0000000080000000, 0x0000000085f00000, 0x00000000d5580000)
  object space 97280K, 99% used [0x0000000080000000,0x0000000085e813c0,0x0000000085f00000)
 Metaspace       used 67655K, committed 69184K, reserved 1114112K
  class space    used 7156K, committed 7808K, reserved 1048576K
}
Event: 61.926 GC heap before
{Heap before GC invocations=100 (full 3):
 PSYoungGen      total 15872K, used 15616K [0x00000000d5580000, 0x00000000d6800000, 0x0000000100000000)
  eden space 14848K, 100% used [0x00000000d5580000,0x00000000d6400000,0x00000000d6400000)
  from space 1024K, 75% used [0x00000000d6700000,0x00000000d67c0020,0x00000000d6800000)
  to   space 1024K, 0% used [0x00000000d6600000,0x00000000d6600000,0x00000000d6700000)
 ParOldGen       total 97280K, used 96772K [0x0000000080000000, 0x0000000085f00000, 0x00000000d5580000)
  object space 97280K, 99% used [0x0000000080000000,0x0000000085e813c0,0x0000000085f00000)
 Metaspace       used 68627K, committed 70336K, reserved 1114112K
  class space    used 7308K, committed 8064K, reserved 1048576K
}
Event: 61.932 GC heap after
{Heap after GC invocations=100 (full 3):
 PSYoungGen      total 15872K, used 576K [0x00000000d5580000, 0x00000000d6780000, 0x0000000100000000)
  eden space 14848K, 0% used [0x00000000d5580000,0x00000000d5580000,0x00000000d6400000)
  from space 1024K, 56% used [0x00000000d6600000,0x00000000d6690000,0x00000000d6700000)
  to   space 512K, 0% used [0x00000000d6700000,0x00000000d6700000,0x00000000d6780000)
 ParOldGen       total 97792K, used 97372K [0x0000000080000000, 0x0000000085f80000, 0x00000000d5580000)
  object space 97792K, 99% used [0x0000000080000000,0x0000000085f173e0,0x0000000085f80000)
 Metaspace       used 68627K, committed 70336K, reserved 1114112K
  class space    used 7308K, committed 8064K, reserved 1048576K
}
Event: 62.201 GC heap before
{Heap before GC invocations=101 (full 3):
 PSYoungGen      total 15872K, used 15424K [0x00000000d5580000, 0x00000000d6780000, 0x0000000100000000)
  eden space 14848K, 100% used [0x00000000d5580000,0x00000000d6400000,0x00000000d6400000)
  from space 1024K, 56% used [0x00000000d6600000,0x00000000d6690000,0x00000000d6700000)
  to   space 512K, 0% used [0x00000000d6700000,0x00000000d6700000,0x00000000d6780000)
 ParOldGen       total 97792K, used 97372K [0x0000000080000000, 0x0000000085f80000, 0x00000000d5580000)
  object space 97792K, 99% used [0x0000000080000000,0x0000000085f173e0,0x0000000085f80000)
 Metaspace       used 69217K, committed 70912K, reserved 1114112K
  class space    used 7360K, committed 8128K, reserved 1048576K
}
Event: 62.203 GC heap after
{Heap after GC invocations=101 (full 3):
 PSYoungGen      total 15360K, used 384K [0x00000000d5580000, 0x00000000d6780000, 0x0000000100000000)
  eden space 14848K, 0% used [0x00000000d5580000,0x00000000d5580000,0x00000000d6400000)
  from space 512K, 75% used [0x00000000d6700000,0x00000000d6760000,0x00000000d6780000)
  to   space 512K, 0% used [0x00000000d6680000,0x00000000d6680000,0x00000000d6700000)
 ParOldGen       total 97792K, used 97660K [0x0000000080000000, 0x0000000085f80000, 0x00000000d5580000)
  object space 97792K, 99% used [0x0000000080000000,0x0000000085f5f3e0,0x0000000085f80000)
 Metaspace       used 69217K, committed 70912K, reserved 1114112K
  class space    used 7360K, committed 8128K, reserved 1048576K
}
Event: 62.327 GC heap before
{Heap before GC invocations=102 (full 3):
 PSYoungGen      total 15360K, used 15232K [0x00000000d5580000, 0x00000000d6780000, 0x0000000100000000)
  eden space 14848K, 100% used [0x00000000d5580000,0x00000000d6400000,0x00000000d6400000)
  from space 512K, 75% used [0x00000000d6700000,0x00000000d6760000,0x00000000d6780000)
  to   space 512K, 0% used [0x00000000d6680000,0x00000000d6680000,0x00000000d6700000)
 ParOldGen       total 97792K, used 97660K [0x0000000080000000, 0x0000000085f80000, 0x00000000d5580000)
  object space 97792K, 99% used [0x0000000080000000,0x0000000085f5f3e0,0x0000000085f80000)
 Metaspace       used 69704K, committed 71360K, reserved 1114112K
  class space    used 7432K, committed 8192K, reserved 1048576K
}
Event: 62.329 GC heap after
{Heap after GC invocations=102 (full 3):
 PSYoungGen      total 15360K, used 512K [0x00000000d5580000, 0x00000000d6780000, 0x0000000100000000)
  eden space 14848K, 0% used [0x00000000d5580000,0x00000000d5580000,0x00000000d6400000)
  from space 512K, 100% used [0x00000000d6680000,0x00000000d6700000,0x00000000d6700000)
  to   space 512K, 0% used [0x00000000d6700000,0x00000000d6700000,0x00000000d6780000)
 ParOldGen       total 98304K, used 97921K [0x0000000080000000, 0x0000000086000000, 0x00000000d5580000)
  object space 98304K, 99% used [0x0000000080000000,0x0000000085fa0600,0x0000000086000000)
 Metaspace       used 69704K, committed 71360K, reserved 1114112K
  class space    used 7432K, committed 8192K, reserved 1048576K
}
Event: 62.813 GC heap before
{Heap before GC invocations=103 (full 3):
 PSYoungGen      total 15360K, used 15360K [0x00000000d5580000, 0x00000000d6780000, 0x0000000100000000)
  eden space 14848K, 100% used [0x00000000d5580000,0x00000000d6400000,0x00000000d6400000)
  from space 512K, 100% used [0x00000000d6680000,0x00000000d6700000,0x00000000d6700000)
  to   space 512K, 0% used [0x00000000d6700000,0x00000000d6700000,0x00000000d6780000)
 ParOldGen       total 98304K, used 97921K [0x0000000080000000, 0x0000000086000000, 0x00000000d5580000)
  object space 98304K, 99% used [0x0000000080000000,0x0000000085fa0600,0x0000000086000000)
 Metaspace       used 69778K, committed 71424K, reserved 1114112K
  class space    used 7434K, committed 8192K, reserved 1048576K
}
Event: 62.815 GC heap after
{Heap after GC invocations=103 (full 3):
 PSYoungGen      total 15360K, used 384K [0x00000000d5580000, 0x00000000d6780000, 0x0000000100000000)
  eden space 14848K, 0% used [0x00000000d5580000,0x00000000d5580000,0x00000000d6400000)
  from space 512K, 75% used [0x00000000d6700000,0x00000000d6760000,0x00000000d6780000)
  to   space 1024K, 0% used [0x00000000d6580000,0x00000000d6580000,0x00000000d6680000)
 ParOldGen       total 98816K, used 98333K [0x0000000080000000, 0x0000000086080000, 0x00000000d5580000)
  object space 98816K, 99% used [0x0000000080000000,0x0000000086007610,0x0000000086080000)
 Metaspace       used 69778K, committed 71424K, reserved 1114112K
  class space    used 7434K, committed 8192K, reserved 1048576K
}
Event: 81.920 GC heap before
{Heap before GC invocations=104 (full 3):
 PSYoungGen      total 15360K, used 15232K [0x00000000d5580000, 0x00000000d6780000, 0x0000000100000000)
  eden space 14848K, 100% used [0x00000000d5580000,0x00000000d6400000,0x00000000d6400000)
  from space 512K, 75% used [0x00000000d6700000,0x00000000d6760000,0x00000000d6780000)
  to   space 1024K, 0% used [0x00000000d6580000,0x00000000d6580000,0x00000000d6680000)
 ParOldGen       total 98816K, used 98333K [0x0000000080000000, 0x0000000086080000, 0x00000000d5580000)
  object space 98816K, 99% used [0x0000000080000000,0x0000000086007610,0x0000000086080000)
 Metaspace       used 70369K, committed 72064K, reserved 1114112K
  class space    used 7484K, committed 8256K, reserved 1048576K
}
Event: 81.923 GC heap after
{Heap after GC invocations=104 (full 3):
 PSYoungGen      total 15872K, used 752K [0x00000000d5580000, 0x00000000d6780000, 0x0000000100000000)
  eden space 14848K, 0% used [0x00000000d5580000,0x00000000d5580000,0x00000000d6400000)
  from space 1024K, 73% used [0x00000000d6580000,0x00000000d663c280,0x00000000d6680000)
  to   space 1024K, 0% used [0x00000000d6680000,0x00000000d6680000,0x00000000d6780000)
 ParOldGen       total 98816K, used 98437K [0x0000000080000000, 0x0000000086080000, 0x00000000d5580000)
  object space 98816K, 99% used [0x0000000080000000,0x0000000086021610,0x0000000086080000)
 Metaspace       used 70369K, committed 72064K, reserved 1114112K
  class space    used 7484K, committed 8256K, reserved 1048576K
}
Event: 113.220 GC heap before
{Heap before GC invocations=105 (full 3):
 PSYoungGen      total 15872K, used 15600K [0x00000000d5580000, 0x00000000d6780000, 0x0000000100000000)
  eden space 14848K, 100% used [0x00000000d5580000,0x00000000d6400000,0x00000000d6400000)
  from space 1024K, 73% used [0x00000000d6580000,0x00000000d663c280,0x00000000d6680000)
  to   space 1024K, 0% used [0x00000000d6680000,0x00000000d6680000,0x00000000d6780000)
 ParOldGen       total 98816K, used 98437K [0x0000000080000000, 0x0000000086080000, 0x00000000d5580000)
  object space 98816K, 99% used [0x0000000080000000,0x0000000086021610,0x0000000086080000)
 Metaspace       used 70509K, committed 72192K, reserved 1114112K
  class space    used 7492K, committed 8256K, reserved 1048576K
}
Event: 113.230 GC heap after
{Heap after GC invocations=105 (full 3):
 PSYoungGen      total 15360K, used 474K [0x00000000d5580000, 0x00000000d6700000, 0x0000000100000000)
  eden space 14848K, 0% used [0x00000000d5580000,0x00000000d5580000,0x00000000d6400000)
  from space 512K, 92% used [0x00000000d6680000,0x00000000d66f6900,0x00000000d6700000)
  to   space 1024K, 0% used [0x00000000d6500000,0x00000000d6500000,0x00000000d6600000)
 ParOldGen       total 99328K, used 99002K [0x0000000080000000, 0x0000000086100000, 0x00000000d5580000)
  object space 99328K, 99% used [0x0000000080000000,0x00000000860ae818,0x0000000086100000)
 Metaspace       used 70509K, committed 72192K, reserved 1114112K
  class space    used 7492K, committed 8256K, reserved 1048576K
}
Event: 207.618 GC heap before
{Heap before GC invocations=106 (full 3):
 PSYoungGen      total 15360K, used 15322K [0x00000000d5580000, 0x00000000d6700000, 0x0000000100000000)
  eden space 14848K, 100% used [0x00000000d5580000,0x00000000d6400000,0x00000000d6400000)
  from space 512K, 92% used [0x00000000d6680000,0x00000000d66f6900,0x00000000d6700000)
  to   space 1024K, 0% used [0x00000000d6500000,0x00000000d6500000,0x00000000d6600000)
 ParOldGen       total 99328K, used 99002K [0x0000000080000000, 0x0000000086100000, 0x00000000d5580000)
  object space 99328K, 99% used [0x0000000080000000,0x00000000860ae818,0x0000000086100000)
 Metaspace       used 70631K, committed 72320K, reserved 1114112K
  class space    used 7492K, committed 8256K, reserved 1048576K
}
Event: 207.627 GC heap after
{Heap after GC invocations=106 (full 3):
 PSYoungGen      total 15872K, used 778K [0x00000000d5580000, 0x00000000d6700000, 0x0000000100000000)
  eden space 14848K, 0% used [0x00000000d5580000,0x00000000d5580000,0x00000000d6400000)
  from space 1024K, 76% used [0x00000000d6500000,0x00000000d65c2910,0x00000000d6600000)
  to   space 1024K, 0% used [0x00000000d6600000,0x00000000d6600000,0x00000000d6700000)
 ParOldGen       total 99328K, used 99090K [0x0000000080000000, 0x0000000086100000, 0x00000000d5580000)
  object space 99328K, 99% used [0x0000000080000000,0x00000000860c4818,0x0000000086100000)
 Metaspace       used 70631K, committed 72320K, reserved 1114112K
  class space    used 7492K, committed 8256K, reserved 1048576K
}
Event: 231.213 GC heap before
{Heap before GC invocations=107 (full 3):
 PSYoungGen      total 15872K, used 15626K [0x00000000d5580000, 0x00000000d6700000, 0x0000000100000000)
  eden space 14848K, 100% used [0x00000000d5580000,0x00000000d6400000,0x00000000d6400000)
  from space 1024K, 76% used [0x00000000d6500000,0x00000000d65c2910,0x00000000d6600000)
  to   space 1024K, 0% used [0x00000000d6600000,0x00000000d6600000,0x00000000d6700000)
 ParOldGen       total 99328K, used 99090K [0x0000000080000000, 0x0000000086100000, 0x00000000d5580000)
  object space 99328K, 99% used [0x0000000080000000,0x00000000860c4818,0x0000000086100000)
 Metaspace       used 70718K, committed 72384K, reserved 1114112K
  class space    used 7492K, committed 8256K, reserved 1048576K
}
Event: 231.223 GC heap after
{Heap after GC invocations=107 (full 3):
 PSYoungGen      total 15872K, used 986K [0x00000000d5580000, 0x00000000d6700000, 0x0000000100000000)
  eden space 14848K, 0% used [0x00000000d5580000,0x00000000d5580000,0x00000000d6400000)
  from space 1024K, 96% used [0x00000000d6600000,0x00000000d66f6900,0x00000000d6700000)
  to   space 1536K, 0% used [0x00000000d6400000,0x00000000d6400000,0x00000000d6580000)
 ParOldGen       total 99328K, used 99138K [0x0000000080000000, 0x0000000086100000, 0x00000000d5580000)
  object space 99328K, 99% used [0x0000000080000000,0x00000000860d0818,0x0000000086100000)
 Metaspace       used 70718K, committed 72384K, reserved 1114112K
  class space    used 7492K, committed 8256K, reserved 1048576K
}
Event: 344.570 GC heap before
{Heap before GC invocations=108 (full 3):
 PSYoungGen      total 15872K, used 15834K [0x00000000d5580000, 0x00000000d6700000, 0x0000000100000000)
  eden space 14848K, 99% used [0x00000000d5580000,0x00000000d63ffff0,0x00000000d6400000)
  from space 1024K, 96% used [0x00000000d6600000,0x00000000d66f6900,0x00000000d6700000)
  to   space 1536K, 0% used [0x00000000d6400000,0x00000000d6400000,0x00000000d6580000)
 ParOldGen       total 99328K, used 99138K [0x0000000080000000, 0x0000000086100000, 0x00000000d5580000)
  object space 99328K, 99% used [0x0000000080000000,0x00000000860d0818,0x0000000086100000)
 Metaspace       used 70913K, committed 72640K, reserved 1114112K
  class space    used 7492K, committed 8256K, reserved 1048576K
}
Event: 344.591 GC heap after
{Heap after GC invocations=108 (full 3):
 PSYoungGen      total 16384K, used 704K [0x00000000d5580000, 0x00000000d6680000, 0x0000000100000000)
  eden space 14848K, 0% used [0x00000000d5580000,0x00000000d5580000,0x00000000d6400000)
  from space 1536K, 45% used [0x00000000d6400000,0x00000000d64b0000,0x00000000d6580000)
  to   space 1024K, 0% used [0x00000000d6580000,0x00000000d6580000,0x00000000d6680000)
 ParOldGen       total 100352K, used 99862K [0x0000000080000000, 0x0000000086200000, 0x00000000d5580000)
  object space 100352K, 99% used [0x0000000080000000,0x0000000086185a48,0x0000000086200000)
 Metaspace       used 70913K, committed 72640K, reserved 1114112K
  class space    used 7492K, committed 8256K, reserved 1048576K
}

Dll operation events (10 events):
Event: 0.022 Loaded shared library c:\Users\ASUS\.vscode\extensions\redhat.java-1.53.0-win32-x64\jre\21.0.10-win32-x86_64\bin\java.dll
Event: 0.132 Loaded shared library c:\Users\ASUS\.vscode\extensions\redhat.java-1.53.0-win32-x64\jre\21.0.10-win32-x86_64\bin\zip.dll
Event: 0.168 Loaded shared library C:\Users\ASUS\.vscode\extensions\redhat.java-1.53.0-win32-x64\jre\21.0.10-win32-x86_64\bin\instrument.dll
Event: 0.178 Loaded shared library C:\Users\ASUS\.vscode\extensions\redhat.java-1.53.0-win32-x64\jre\21.0.10-win32-x86_64\bin\net.dll
Event: 0.185 Loaded shared library C:\Users\ASUS\.vscode\extensions\redhat.java-1.53.0-win32-x64\jre\21.0.10-win32-x86_64\bin\nio.dll
Event: 0.195 Loaded shared library C:\Users\ASUS\.vscode\extensions\redhat.java-1.53.0-win32-x64\jre\21.0.10-win32-x86_64\bin\zip.dll
Event: 0.240 Loaded shared library C:\Users\ASUS\.vscode\extensions\redhat.java-1.53.0-win32-x64\jre\21.0.10-win32-x86_64\bin\jimage.dll
Event: 0.391 Loaded shared library c:\Users\ASUS\.vscode\extensions\redhat.java-1.53.0-win32-x64\jre\21.0.10-win32-x86_64\bin\verify.dll
Event: 18.178 Loaded shared library C:\Users\ASUS\AppData\Roaming\Code\User\globalStorage\redhat.java\1.53.0\config_win\org.eclipse.equinox.launcher\org.eclipse.equinox.launcher.win32.win32.x86_64_1.3.0.v20260203-2149\eclipse_11919.dll
Event: 44.298 Loaded shared library C:\Users\ASUS\AppData\Local\Temp\jna-2018896\jna2176257064990755674.dll

Deoptimization events (20 events):
Event: 232.462 Thread 0x0000025909ccf060 Uncommon trap: trap_request=0xffffffd6 fr.pc=0x00000258b3636368 relative=0x0000000000000488
Event: 232.462 Thread 0x0000025909ccf060 Uncommon trap: reason=array_check action=maybe_recompile pc=0x00000258b3636368 method=org.eclipse.jdt.internal.compiler.lookup.UnresolvedReferenceBinding.addWrapper(Lorg/eclipse/jdt/internal/compiler/lookup/HotSwappable;Lorg/eclipse/jdt/internal/compiler/
Event: 232.462 Thread 0x0000025909ccf060 DEOPT PACKING pc=0x00000258b3636368 sp=0x00000063fc6fbb20
Event: 232.462 Thread 0x0000025909ccf060 DEOPT UNPACKING pc=0x00000258b2763aa2 sp=0x00000063fc6fbad0 mode 2
Event: 232.463 Thread 0x0000025909ccf060 Uncommon trap: trap_request=0xffffffd6 fr.pc=0x00000258b3636368 relative=0x0000000000000488
Event: 232.463 Thread 0x0000025909ccf060 Uncommon trap: reason=array_check action=maybe_recompile pc=0x00000258b3636368 method=org.eclipse.jdt.internal.compiler.lookup.UnresolvedReferenceBinding.addWrapper(Lorg/eclipse/jdt/internal/compiler/lookup/HotSwappable;Lorg/eclipse/jdt/internal/compiler/
Event: 232.463 Thread 0x0000025909ccf060 DEOPT PACKING pc=0x00000258b3636368 sp=0x00000063fc6fbbe0
Event: 232.463 Thread 0x0000025909ccf060 DEOPT UNPACKING pc=0x00000258b2763aa2 sp=0x00000063fc6fbb90 mode 2
Event: 232.513 Thread 0x0000025909ccf060 Uncommon trap: trap_request=0xffffff76 fr.pc=0x00000258b365b714 relative=0x0000000000000174
Event: 232.513 Thread 0x0000025909ccf060 Uncommon trap: reason=predicate action=maybe_recompile pc=0x00000258b365b714 method=java.util.HashMap.keysToArray([Ljava/lang/Object;)[Ljava/lang/Object; @ 48 c2
Event: 232.513 Thread 0x0000025909ccf060 DEOPT PACKING pc=0x00000258b365b714 sp=0x00000063fc6fe480
Event: 232.513 Thread 0x0000025909ccf060 DEOPT UNPACKING pc=0x00000258b2763aa2 sp=0x00000063fc6fe408 mode 2
Event: 344.616 Thread 0x0000025907dec450 Uncommon trap: trap_request=0xffffff45 fr.pc=0x00000258b33bf1e0 relative=0x00000000000004c0
Event: 344.616 Thread 0x0000025907dec450 Uncommon trap: reason=unstable_if action=reinterpret pc=0x00000258b33bf1e0 method=java.util.HashMap.putVal(ILjava/lang/Object;Ljava/lang/Object;ZZ)Ljava/lang/Object; @ 236 c2
Event: 344.616 Thread 0x0000025907dec450 DEOPT PACKING pc=0x00000258b33bf1e0 sp=0x00000063f9bfe9a0
Event: 344.617 Thread 0x0000025907dec450 DEOPT UNPACKING pc=0x00000258b2763aa2 sp=0x00000063f9bfe908 mode 2
Event: 469.073 Thread 0x00000259075e6c60 Uncommon trap: trap_request=0xffffff45 fr.pc=0x00000258b361a9ec relative=0x00000000000013cc
Event: 469.073 Thread 0x00000259075e6c60 Uncommon trap: reason=unstable_if action=reinterpret pc=0x00000258b361a9ec method=org.eclipse.jdt.core.dom.ASTNode$NodeList.newCursor()Lorg/eclipse/jdt/core/dom/ASTNode$NodeList$Cursor; @ 8 c2
Event: 469.073 Thread 0x00000259075e6c60 DEOPT PACKING pc=0x00000258b361a9ec sp=0x00000063fc3fea00
Event: 472.065 Thread 0x00000259075e6c60 DEOPT UNPACKING pc=0x00000258b2763aa2 sp=0x00000063fc3fe968 mode 2

Classes loaded (20 events):
Event: 61.913 Loading class java/util/regex/Pattern$Neg
Event: 61.913 Loading class java/util/regex/Pattern$Neg done
Event: 62.213 Loading class java/util/stream/ReferencePipeline$4
Event: 62.213 Loading class java/util/stream/ReferencePipeline$4 done
Event: 62.214 Loading class java/util/stream/Nodes$IntFixedNodeBuilder
Event: 62.214 Loading class java/util/stream/Node$Builder$OfInt
Event: 62.215 Loading class java/util/stream/Node$Builder$OfInt done
Event: 62.215 Loading class java/util/stream/Nodes$IntArrayNode
Event: 62.215 Loading class java/util/stream/Nodes$IntArrayNode done
Event: 62.216 Loading class java/util/stream/Nodes$IntFixedNodeBuilder done
Event: 62.216 Loading class java/util/stream/ReferencePipeline$4$1
Event: 62.216 Loading class java/util/stream/ReferencePipeline$4$1 done
Event: 62.389 Loading class java/util/HashMap$EntrySpliterator
Event: 62.390 Loading class java/util/HashMap$EntrySpliterator done
Event: 62.955 Loading class java/util/AbstractList$RandomAccessSubList
Event: 62.956 Loading class java/util/AbstractList$SubList
Event: 62.957 Loading class java/util/AbstractList$SubList done
Event: 62.957 Loading class java/util/AbstractList$RandomAccessSubList done
Event: 62.957 Loading class java/util/AbstractList$SubList$1
Event: 62.957 Loading class java/util/AbstractList$SubList$1 done

Classes unloaded (7 events):
Event: 45.727 Thread 0x00000258beb54130 Unloading class 0x00000258c01b0c00 'java/lang/invoke/LambdaForm$MH+0x00000258c01b0c00'
Event: 45.728 Thread 0x00000258beb54130 Unloading class 0x00000258c01b0800 'java/lang/invoke/LambdaForm$MH+0x00000258c01b0800'
Event: 45.728 Thread 0x00000258beb54130 Unloading class 0x00000258c01b0400 'java/lang/invoke/LambdaForm$MH+0x00000258c01b0400'
Event: 45.728 Thread 0x00000258beb54130 Unloading class 0x00000258c01b0000 'java/lang/invoke/LambdaForm$MH+0x00000258c01b0000'
Event: 45.728 Thread 0x00000258beb54130 Unloading class 0x00000258c01afc00 'java/lang/invoke/LambdaForm$BMH+0x00000258c01afc00'
Event: 45.728 Thread 0x00000258beb54130 Unloading class 0x00000258c01af800 'java/lang/invoke/LambdaForm$DMH+0x00000258c01af800'
Event: 45.728 Thread 0x00000258beb54130 Unloading class 0x00000258c01ae400 'java/lang/invoke/LambdaForm$DMH+0x00000258c01ae400'

Classes redefined (0 events):
No events

Internal exceptions (20 events):
Event: 61.777 Thread 0x0000025909ccf060 Exception <a 'java/lang/NoSuchMethodError'{0x00000000d60ff4b0}: 'int java.lang.invoke.DirectMethodHandle$Holder.invokeVirtual(java.lang.Object, java.lang.Object, java.lang.Object, int)'> (0x00000000d60ff4b0) 
thrown [s\src\hotspot\share\interpreter\linkResolver.cpp, line 773]
Event: 61.787 Thread 0x0000025909ccf060 Exception <a 'java/lang/NoSuchMethodError'{0x00000000d6139170}: 'void java.lang.invoke.DirectMethodHandle$Holder.invokeSpecial(java.lang.Object, java.lang.Object, int)'> (0x00000000d6139170) 
thrown [s\src\hotspot\share\interpreter\linkResolver.cpp, line 773]
Event: 62.274 Thread 0x0000025909cd1e50 Exception <a 'sun/nio/fs/WindowsException'{0x00000000d588bfe8}> (0x00000000d588bfe8) 
thrown [s\src\hotspot\share\prims\jni.cpp, line 520]
Event: 62.274 Thread 0x0000025909cd1e50 Exception <a 'sun/nio/fs/WindowsException'{0x00000000d588cb58}> (0x00000000d588cb58) 
thrown [s\src\hotspot\share\prims\jni.cpp, line 520]
Event: 62.275 Thread 0x0000025909cd1e50 Exception <a 'sun/nio/fs/WindowsException'{0x00000000d588de40}> (0x00000000d588de40) 
thrown [s\src\hotspot\share\prims\jni.cpp, line 520]
Event: 62.275 Thread 0x0000025909cd1e50 Exception <a 'sun/nio/fs/WindowsException'{0x00000000d58e4a60}> (0x00000000d58e4a60) 
thrown [s\src\hotspot\share\prims\jni.cpp, line 520]
Event: 62.276 Thread 0x0000025909cd1e50 Exception <a 'sun/nio/fs/WindowsException'{0x00000000d58e67f8}> (0x00000000d58e67f8) 
thrown [s\src\hotspot\share\prims\jni.cpp, line 520]
Event: 62.276 Thread 0x0000025909cd1e50 Exception <a 'sun/nio/fs/WindowsException'{0x00000000d58e7348}> (0x00000000d58e7348) 
thrown [s\src\hotspot\share\prims\jni.cpp, line 520]
Event: 62.282 Thread 0x0000025909cd1e50 Exception <a 'sun/nio/fs/WindowsException'{0x00000000d5a37c08}> (0x00000000d5a37c08) 
thrown [s\src\hotspot\share\prims\jni.cpp, line 520]
Event: 62.282 Thread 0x0000025909cd1e50 Exception <a 'sun/nio/fs/WindowsException'{0x00000000d5a38758}> (0x00000000d5a38758) 
thrown [s\src\hotspot\share\prims\jni.cpp, line 520]
Event: 63.017 Thread 0x0000025907de9660 Exception <a 'java/lang/NoSuchMethodError'{0x00000000d58bd2e0}: 'java.lang.Object java.lang.invoke.DirectMethodHandle$Holder.invokeStatic(java.lang.Object, java.lang.Object, int, java.lang.Object)'> (0x00000000d58bd2e0) 
thrown [s\src\hotspot\share\interpreter\linkResolver.cpp, line 773]
Event: 63.017 Thread 0x0000025907de9660 Exception <a 'java/lang/NoSuchMethodError'{0x00000000d58c3b50}: 'java.lang.Object java.lang.invoke.DirectMethodHandle$Holder.newInvokeSpecial(java.lang.Object, java.lang.Object, int)'> (0x00000000d58c3b50) 
thrown [s\src\hotspot\share\interpreter\linkResolver.cpp, line 773]
Event: 64.244 Thread 0x00000259075e2ac0 Exception <a 'java/lang/IncompatibleClassChangeError'{0x00000000d5fcf930}: Found class java.lang.Object, but interface was expected> (0x00000000d5fcf930) 
thrown [s\src\hotspot\share\interpreter\linkResolver.cpp, line 840]
Event: 81.852 Thread 0x00000259075e2ac0 Exception <a 'java/lang/IncompatibleClassChangeError'{0x00000000d60bf220}: Found class java.lang.Object, but interface was expected> (0x00000000d60bf220) 
thrown [s\src\hotspot\share\interpreter\linkResolver.cpp, line 840]
Event: 81.869 Thread 0x00000259075e72f0 Exception <a 'java/lang/NoSuchMethodError'{0x00000000d6104c18}: 'java.lang.Object java.lang.invoke.DirectMethodHandle$Holder.invokeSpecial(java.lang.Object, java.lang.Object, java.lang.Object, java.lang.Object, int, java.lang.Object, java.lang.Object)'> (0x00000000d6104c18) 
thrown [s\src\hotspot\share\interpreter\linkResolver.cpp, line 773]
Event: 82.145 Thread 0x0000025907deb0a0 Exception <a 'sun/nio/fs/WindowsException'{0x00000000d5f908f0}> (0x00000000d5f908f0) 
thrown [s\src\hotspot\share\prims\jni.cpp, line 520]
Event: 82.146 Thread 0x0000025907deb0a0 Exception <a 'sun/nio/fs/WindowsException'{0x00000000d5f913e0}> (0x00000000d5f913e0) 
thrown [s\src\hotspot\share\prims\jni.cpp, line 520]
Event: 82.149 Thread 0x0000025907deb0a0 Exception <a 'sun/nio/fs/WindowsException'{0x00000000d5fab0a0}> (0x00000000d5fab0a0) 
thrown [s\src\hotspot\share\prims\jni.cpp, line 520]
Event: 82.149 Thread 0x0000025907deb0a0 Exception <a 'sun/nio/fs/WindowsException'{0x00000000d5fabbb8}> (0x00000000d5fabbb8) 
thrown [s\src\hotspot\share\prims\jni.cpp, line 520]
Event: 112.976 Thread 0x00000259075e2ac0 Exception <a 'java/lang/IncompatibleClassChangeError'{0x00000000d60d70e0}: Found class java.lang.Object, but interface was expected> (0x00000000d60d70e0) 
thrown [s\src\hotspot\share\interpreter\linkResolver.cpp, line 840]

ZGC Phase Switch (0 events):
No events

VM Operations (20 events):
Event: 240.580 Executing non-safepoint VM operation: HandshakeAllThreads (HandshakeForDeflation) done
Event: 240.580 Executing non-safepoint VM operation: RendezvousGCThreads
Event: 240.580 Executing non-safepoint VM operation: RendezvousGCThreads done
Event: 300.737 Executing non-safepoint VM operation: HandshakeAllThreads (HandshakeForDeflation)
Event: 300.737 Executing non-safepoint VM operation: HandshakeAllThreads (HandshakeForDeflation) done
Event: 300.737 Executing non-safepoint VM operation: RendezvousGCThreads
Event: 300.737 Executing non-safepoint VM operation: RendezvousGCThreads done
Event: 303.746 Executing safepoint VM operation: Cleanup
Event: 303.746 Executing safepoint VM operation: Cleanup done
Event: 344.569 Executing safepoint VM operation: ParallelGCFailedAllocation (Allocation Failure)
Event: 344.591 Executing safepoint VM operation: ParallelGCFailedAllocation (Allocation Failure) done
Event: 360.841 Executing non-safepoint VM operation: HandshakeAllThreads (HandshakeForDeflation)
Event: 360.841 Executing non-safepoint VM operation: HandshakeAllThreads (HandshakeForDeflation) done
Event: 360.841 Executing non-safepoint VM operation: RendezvousGCThreads
Event: 360.841 Executing non-safepoint VM operation: RendezvousGCThreads done
Event: 420.991 Executing non-safepoint VM operation: HandshakeAllThreads (HandshakeForDeflation)
Event: 420.992 Executing non-safepoint VM operation: HandshakeAllThreads (HandshakeForDeflation) done
Event: 420.992 Executing non-safepoint VM operation: RendezvousGCThreads
Event: 420.992 Executing non-safepoint VM operation: RendezvousGCThreads done
Event: 469.367 Executing safepoint VM operation: Cleanup

Memory protections (0 events):
No events

Nmethod flushes (20 events):
Event: 57.058 Thread 0x00000258beb54130 flushing osr nmethod 0x00000258abc5bd90
Event: 57.058 Thread 0x00000258beb54130 flushing osr nmethod 0x00000258abc5e710
Event: 57.058 Thread 0x00000258beb54130 flushing osr nmethod 0x00000258abc9c910
Event: 57.058 Thread 0x00000258beb54130 flushing  nmethod 0x00000258abca8e10
Event: 57.058 Thread 0x00000258beb54130 flushing  nmethod 0x00000258abcc9310
Event: 57.058 Thread 0x00000258beb54130 flushing  nmethod 0x00000258abcdd490
Event: 57.058 Thread 0x00000258beb54130 flushing  nmethod 0x00000258abcdde10
Event: 57.058 Thread 0x00000258beb54130 flushing  nmethod 0x00000258abcde790
Event: 57.058 Thread 0x00000258beb54130 flushing  nmethod 0x00000258abce1990
Event: 57.058 Thread 0x00000258beb54130 flushing  nmethod 0x00000258abce1f90
Event: 57.058 Thread 0x00000258beb54130 flushing  nmethod 0x00000258abd08290
Event: 57.058 Thread 0x00000258beb54130 flushing  nmethod 0x00000258abd08990
Event: 57.058 Thread 0x00000258beb54130 flushing  nmethod 0x00000258abd08f90
Event: 57.058 Thread 0x00000258beb54130 flushing  nmethod 0x00000258abd09810
Event: 57.058 Thread 0x00000258beb54130 flushing  nmethod 0x00000258abd0dc90
Event: 57.058 Thread 0x00000258beb54130 flushing  nmethod 0x00000258abd1a890
Event: 57.058 Thread 0x00000258beb54130 flushing  nmethod 0x00000258abd1fd10
Event: 57.058 Thread 0x00000258beb54130 flushing  nmethod 0x00000258abd5bd10
Event: 57.058 Thread 0x00000258beb54130 flushing  nmethod 0x00000258abd6bf10
Event: 57.058 Thread 0x00000258beb54130 flushing  nmethod 0x00000258abdca810

Events (20 events):
Event: 173.356 Thread 0x0000025909cd1e50 Thread exited: 0x0000025909cd1e50
Event: 207.480 Thread 0x00000258a817d780 Thread added: 0x000002590af2c110
Event: 207.482 Thread 0x00000258a817d780 Thread added: 0x000002590af2dc50
Event: 207.482 Thread 0x00000258a817d780 Thread added: 0x000002590af2e9f0
Event: 207.598 Thread 0x000002590af2e9f0 Thread added: 0x000002590af2c7e0
Event: 207.634 Thread 0x000002590af2dc50 Thread added: 0x000002590ba3c2e0
Event: 212.748 Thread 0x000002590af2e9f0 Thread exited: 0x000002590af2e9f0
Event: 212.748 Thread 0x000002590af2dc50 Thread exited: 0x000002590af2dc50
Event: 212.997 Thread 0x000002590ba3c2e0 Thread exited: 0x000002590ba3c2e0
Event: 217.770 Thread 0x000002590af2c7e0 Thread exited: 0x000002590af2c7e0
Event: 222.776 Thread 0x000002590af2c110 Thread exited: 0x000002590af2c110
Event: 231.040 Thread 0x00000258a817d780 Thread added: 0x000002590af2c110
Event: 231.075 Thread 0x00000258a817d780 Thread added: 0x000002590af2e9f0
Event: 232.344 Thread 0x000002590af2c110 Thread exited: 0x000002590af2c110
Event: 232.468 Thread 0x00000258a817d780 Thread added: 0x000002590af2c110
Event: 237.532 Thread 0x000002590af2c110 Thread exited: 0x000002590af2c110
Event: 237.532 Thread 0x000002590af2e9f0 Thread exited: 0x000002590af2e9f0
Event: 292.535 Thread 0x0000025909ccf060 Thread exited: 0x0000025909ccf060
Event: 352.535 Thread 0x00000259075e72f0 Thread exited: 0x00000259075e72f0
Event: 412.542 Thread 0x0000025909cd1130 Thread exited: 0x0000025909cd1130


Dynamic libraries:
0x00007ff6a2010000 - 0x00007ff6a201e000 	c:\Users\ASUS\.vscode\extensions\redhat.java-1.53.0-win32-x64\jre\21.0.10-win32-x86_64\bin\java.exe
0x00007ffce7d40000 - 0x00007ffce7fa9000 	C:\WINDOWS\SYSTEM32\ntdll.dll
0x00007ffce6ca0000 - 0x00007ffce6d69000 	C:\WINDOWS\System32\KERNEL32.DLL
0x00007ffce52f0000 - 0x00007ffce56e3000 	C:\WINDOWS\System32\KERNELBASE.dll
0x00007ffce5990000 - 0x00007ffce5adb000 	C:\WINDOWS\System32\ucrtbase.dll
0x00007ffcbbfa0000 - 0x00007ffcbbfb8000 	c:\Users\ASUS\.vscode\extensions\redhat.java-1.53.0-win32-x64\jre\21.0.10-win32-x86_64\bin\jli.dll
0x00007ffccda00000 - 0x00007ffccda1e000 	c:\Users\ASUS\.vscode\extensions\redhat.java-1.53.0-win32-x64\jre\21.0.10-win32-x86_64\bin\VCRUNTIME140.dll
0x00007ffce6ad0000 - 0x00007ffce6c94000 	C:\WINDOWS\System32\USER32.dll
0x00007ffccb260000 - 0x00007ffccb4f3000 	C:\WINDOWS\WinSxS\amd64_microsoft.windows.common-controls_6595b64144ccf1df_6.0.26100.5074_none_3e0d6f78e32fd63f\COMCTL32.dll
0x00007ffce5960000 - 0x00007ffce5987000 	C:\WINDOWS\System32\win32u.dll
0x00007ffce5e60000 - 0x00007ffce5e8b000 	C:\WINDOWS\System32\GDI32.dll
0x00007ffce6470000 - 0x00007ffce6519000 	C:\WINDOWS\System32\msvcrt.dll
0x00007ffce5830000 - 0x00007ffce595d000 	C:\WINDOWS\System32\gdi32full.dll
0x00007ffce56f0000 - 0x00007ffce5793000 	C:\WINDOWS\System32\msvcp_win.dll
0x00007ffce6100000 - 0x00007ffce612f000 	C:\WINDOWS\System32\IMM32.DLL
0x00007ffcde610000 - 0x00007ffcde61c000 	c:\Users\ASUS\.vscode\extensions\redhat.java-1.53.0-win32-x64\jre\21.0.10-win32-x86_64\bin\vcruntime140_1.dll
0x00007ffcb3290000 - 0x00007ffcb331d000 	c:\Users\ASUS\.vscode\extensions\redhat.java-1.53.0-win32-x64\jre\21.0.10-win32-x86_64\bin\msvcp140.dll
0x00007ffc2b550000 - 0x00007ffc2c2f1000 	c:\Users\ASUS\.vscode\extensions\redhat.java-1.53.0-win32-x64\jre\21.0.10-win32-x86_64\bin\server\jvm.dll
0x00007ffce7280000 - 0x00007ffce7334000 	C:\WINDOWS\System32\ADVAPI32.dll
0x00007ffce6520000 - 0x00007ffce65c6000 	C:\WINDOWS\System32\sechost.dll
0x00007ffce6350000 - 0x00007ffce6468000 	C:\WINDOWS\System32\RPCRT4.dll
0x00007ffce7b90000 - 0x00007ffce7c04000 	C:\WINDOWS\System32\WS2_32.dll
0x00007ffce4d00000 - 0x00007ffce4d5e000 	C:\WINDOWS\SYSTEM32\POWRPROF.dll
0x00007ffcde3a0000 - 0x00007ffcde3ab000 	C:\WINDOWS\SYSTEM32\VERSION.dll
0x00007ffcd8480000 - 0x00007ffcd84b5000 	C:\WINDOWS\SYSTEM32\WINMM.dll
0x00007ffce4ce0000 - 0x00007ffce4cf4000 	C:\WINDOWS\SYSTEM32\UMPDC.dll
0x00007ffce3c40000 - 0x00007ffce3c5b000 	C:\WINDOWS\SYSTEM32\kernel.appcore.dll
0x00007ffcceaf0000 - 0x00007ffcceafa000 	c:\Users\ASUS\.vscode\extensions\redhat.java-1.53.0-win32-x64\jre\21.0.10-win32-x86_64\bin\jimage.dll
0x00007ffcd6aa0000 - 0x00007ffcd6ce2000 	C:\WINDOWS\SYSTEM32\DBGHELP.DLL
0x00007ffce5ae0000 - 0x00007ffce5e5b000 	C:\WINDOWS\System32\combase.dll
0x00007ffce6210000 - 0x00007ffce62e7000 	C:\WINDOWS\System32\OLEAUT32.dll
0x00007ffccabf0000 - 0x00007ffccac2d000 	C:\WINDOWS\SYSTEM32\dbgcore.DLL
0x00007ffce5020000 - 0x00007ffce50b9000 	C:\WINDOWS\System32\bcryptPrimitives.dll
0x00007ffccd9f0000 - 0x00007ffccd9ff000 	c:\Users\ASUS\.vscode\extensions\redhat.java-1.53.0-win32-x64\jre\21.0.10-win32-x86_64\bin\instrument.dll
0x00007ffccd9d0000 - 0x00007ffccd9f0000 	c:\Users\ASUS\.vscode\extensions\redhat.java-1.53.0-win32-x64\jre\21.0.10-win32-x86_64\bin\java.dll
0x00007ffce7340000 - 0x00007ffce7a8d000 	C:\WINDOWS\System32\SHELL32.dll
0x00007ffce50c0000 - 0x00007ffce522c000 	C:\WINDOWS\System32\wintypes.dll
0x00007ffce2ab0000 - 0x00007ffce3309000 	C:\WINDOWS\SYSTEM32\windows.storage.dll
0x00007ffce67e0000 - 0x00007ffce68d0000 	C:\WINDOWS\System32\SHCORE.dll
0x00007ffce6d70000 - 0x00007ffce6dd2000 	C:\WINDOWS\System32\shlwapi.dll
0x00007ffce4dc0000 - 0x00007ffce4de9000 	C:\WINDOWS\SYSTEM32\profapi.dll
0x00007ffcc5320000 - 0x00007ffcc5338000 	c:\Users\ASUS\.vscode\extensions\redhat.java-1.53.0-win32-x64\jre\21.0.10-win32-x86_64\bin\zip.dll
0x00007ffcc5b20000 - 0x00007ffcc5b30000 	C:\Users\ASUS\.vscode\extensions\redhat.java-1.53.0-win32-x64\jre\21.0.10-win32-x86_64\bin\net.dll
0x00007ffcdf070000 - 0x00007ffcdf18f000 	C:\WINDOWS\SYSTEM32\WINHTTP.dll
0x00007ffce41a0000 - 0x00007ffce420b000 	C:\WINDOWS\system32\mswsock.dll
0x00007ffcb3850000 - 0x00007ffcb3866000 	C:\Users\ASUS\.vscode\extensions\redhat.java-1.53.0-win32-x64\jre\21.0.10-win32-x86_64\bin\nio.dll
0x00007ffccd910000 - 0x00007ffccd920000 	c:\Users\ASUS\.vscode\extensions\redhat.java-1.53.0-win32-x64\jre\21.0.10-win32-x86_64\bin\verify.dll
0x00007ffccd920000 - 0x00007ffccd965000 	C:\Users\ASUS\AppData\Roaming\Code\User\globalStorage\redhat.java\1.53.0\config_win\org.eclipse.equinox.launcher\org.eclipse.equinox.launcher.win32.win32.x86_64_1.3.0.v20260203-2149\eclipse_11919.dll
0x00007ffce65d0000 - 0x00007ffce6768000 	C:\WINDOWS\System32\ole32.dll
0x00007ffce4570000 - 0x00007ffce458b000 	C:\WINDOWS\SYSTEM32\CRYPTSP.dll
0x00007ffce3ba0000 - 0x00007ffce3bdb000 	C:\WINDOWS\system32\rsaenh.dll
0x00007ffce4240000 - 0x00007ffce426b000 	C:\WINDOWS\SYSTEM32\USERENV.dll
0x00007ffce4d90000 - 0x00007ffce4db6000 	C:\WINDOWS\SYSTEM32\bcrypt.dll
0x00007ffce43d0000 - 0x00007ffce43dc000 	C:\WINDOWS\SYSTEM32\CRYPTBASE.dll
0x00007ffce3680000 - 0x00007ffce36b4000 	C:\WINDOWS\SYSTEM32\IPHLPAPI.DLL
0x00007ffce7270000 - 0x00007ffce727a000 	C:\WINDOWS\System32\NSI.dll
0x00007ffcb3360000 - 0x00007ffcb33a9000 	C:\Users\ASUS\AppData\Local\Temp\jna-2018896\jna2176257064990755674.dll
0x00007ffce6780000 - 0x00007ffce6788000 	C:\WINDOWS\System32\PSAPI.DLL
0x00007ffcdf820000 - 0x00007ffcdf83e000 	C:\WINDOWS\SYSTEM32\dhcpcsvc6.DLL
0x00007ffcdf500000 - 0x00007ffcdf523000 	C:\WINDOWS\SYSTEM32\dhcpcsvc.DLL

JVMTI agents:
c:\Users\ASUS\.vscode\extensions\redhat.java-1.53.0-win32-x64\lombok\lombok-1.18.39-4050.jar path:c:\Users\ASUS\.vscode\extensions\redhat.java-1.53.0-win32-x64\jre\21.0.10-win32-x86_64\bin\instrument.dll, loaded, initialized, instrumentlib options:none

dbghelp: loaded successfully - version: 4.0.5 - missing functions: none
symbol engine: initialized successfully - sym options: 0x614 - pdb path: .;c:\Users\ASUS\.vscode\extensions\redhat.java-1.53.0-win32-x64\jre\21.0.10-win32-x86_64\bin;C:\WINDOWS\SYSTEM32;C:\WINDOWS\WinSxS\amd64_microsoft.windows.common-controls_6595b64144ccf1df_6.0.26100.5074_none_3e0d6f78e32fd63f;c:\Users\ASUS\.vscode\extensions\redhat.java-1.53.0-win32-x64\jre\21.0.10-win32-x86_64\bin\server;C:\Users\ASUS\AppData\Roaming\Code\User\globalStorage\redhat.java\1.53.0\config_win\org.eclipse.equinox.launcher\org.eclipse.equinox.launcher.win32.win32.x86_64_1.3.0.v20260203-2149;C:\Users\ASUS\AppData\Local\Temp\jna-2018896

VM Arguments:
jvm_args: --add-modules=ALL-SYSTEM --add-opens=java.base/java.util=ALL-UNNAMED --add-opens=java.base/java.lang=ALL-UNNAMED --add-opens=java.base/sun.nio.fs=ALL-UNNAMED -Declipse.application=org.eclipse.jdt.ls.core.id1 -Dosgi.bundles.defaultStartLevel=4 -Declipse.product=org.eclipse.jdt.ls.core.product -Djava.import.generatesMetadataFilesAtProjectRoot=false -DDetectVMInstallationsJob.disabled=true -Dfile.encoding=utf8 -XX:+UseParallelGC -XX:GCTimeRatio=4 -XX:AdaptiveSizePolicyWeight=90 -Dsun.zip.disableMemoryMapping=true -Xmx2G -Xms100m -Xlog:disable -javaagent:c:\Users\ASUS\.vscode\extensions\redhat.java-1.53.0-win32-x64\lombok\lombok-1.18.39-4050.jar -XX:+HeapDumpOnOutOfMemoryError -XX:HeapDumpPath=c:\Users\ASUS\AppData\Roaming\Code\User\workspaceStorage\072664e477a3092332c4219defd89c4c\redhat.java -Daether.dependencyCollector.impl=bf 
java_command: c:\Users\ASUS\.vscode\extensions\redhat.java-1.53.0-win32-x64\server\plugins\org.eclipse.equinox.launcher_1.7.100.v20251111-0406.jar -configuration c:\Users\ASUS\AppData\Roaming\Code\User\globalStorage\redhat.java\1.53.0\config_win -data c:\Users\ASUS\AppData\Roaming\Code\User\workspaceStorage\072664e477a3092332c4219defd89c4c\redhat.java\jdt_ws --pipe=\\.\pipe\lsp-e27f7b490c0921797a152197815b9d76-sock
java_class_path (initial): c:\Users\ASUS\.vscode\extensions\redhat.java-1.53.0-win32-x64\server\plugins\org.eclipse.equinox.launcher_1.7.100.v20251111-0406.jar
Launcher Type: SUN_STANDARD

[Global flags]
    uintx AdaptiveSizePolicyWeight                 = 90                                        {product} {command line}
     intx CICompilerCount                          = 12                                        {product} {ergonomic}
    uintx GCTimeRatio                              = 4                                         {product} {command line}
     bool HeapDumpOnOutOfMemoryError               = true                                   {manageable} {command line}
    ccstr HeapDumpPath                             = c:\Users\ASUS\AppData\Roaming\Code\User\workspaceStorage\072664e477a3092332c4219defd89c4c\redhat.java         {manageable} {command line}
   size_t InitialHeapSize                          = 104857600                                 {product} {command line}
   size_t MaxHeapSize                              = 2147483648                                {product} {command line}
   size_t MaxNewSize                               = 715653120                                 {product} {ergonomic}
   size_t MinHeapDeltaBytes                        = 524288                                    {product} {ergonomic}
   size_t MinHeapSize                              = 104857600                                 {product} {command line}
   size_t NewSize                                  = 34603008                                  {product} {ergonomic}
    uintx NonNMethodCodeHeapSize                   = 7602480                                {pd product} {ergonomic}
    uintx NonProfiledCodeHeapSize                  = 122027880                              {pd product} {ergonomic}
   size_t OldSize                                  = 70254592                                  {product} {ergonomic}
    uintx ProfiledCodeHeapSize                     = 122027880                              {pd product} {ergonomic}
    uintx ReservedCodeCacheSize                    = 251658240                              {pd product} {ergonomic}
     bool SegmentedCodeCache                       = true                                      {product} {ergonomic}
   size_t SoftMaxHeapSize                          = 2147483648                             {manageable} {ergonomic}
     bool UseCompressedOops                        = true                           {product lp64_product} {ergonomic}
     bool UseLargePagesIndividualAllocation        = false                                  {pd product} {ergonomic}
     bool UseParallelGC                            = true                                      {product} {command line}

Logging:
Log output configuration:
 #0: stdout all=off uptime,level,tags foldmultilines=false
 #1: stderr all=off uptime,level,tags foldmultilines=false

Release file:
JAVA_VERSION="21.0.10" 
MODULES="java.base java.compiler java.datatransfer java.xml java.prefs java.desktop java.instrument java.logging java.management java.security.sasl java.naming java.rmi java.management.rmi java.net.http java.scripting java.security.jgss java.transaction.xa java.sql java.sql.rowset java.xml.crypto java.se java.smartcardio jdk.accessibility jdk.internal.jvmstat jdk.attach jdk.charsets jdk.internal.opt jdk.zipfs jdk.compiler jdk.crypto.ec jdk.crypto.cryptoki jdk.crypto.mscapi jdk.dynalink jdk.internal.ed jdk.editpad jdk.hotspot.agent jdk.httpserver jdk.internal.le jdk.internal.vm.ci jdk.internal.vm.compiler jdk.internal.vm.compiler.management jdk.jartool jdk.javadoc jdk.jcmd jdk.management jdk.management.agent jdk.jconsole jdk.jdeps jdk.jdwp.agent jdk.jdi jdk.jfr jdk.jshell jdk.jsobject jdk.jstatd jdk.localedata jdk.management.jfr jdk.naming.dns jdk.naming.rmi jdk.net jdk.nio.mapmode jdk.random jdk.sctp jdk.security.auth jdk.security.jgss jdk.unsupported jdk.unsupported.desktop jdk.xml.dom" 

Environment Variables:
PATH=C:\Visaul Studio\Microsoft VS Code;C:\Program Files\Java\jdk-25\bin;C:\Program Files\Python313\Scripts\;C:\Program Files\Python313\;C:\Program Files (x86)\VMware\VMware Workstation\bin\;C:\WINDOWS\system32;C:\WINDOWS;C:\WINDOWS\System32\Wbem;C:\WINDOWS\System32\WindowsPowerShell\v1.0\;C:\WINDOWS\System32\OpenSSH\;C:\Program Files\NVIDIA Corporation\NVIDIA App\NvDLISR;C:\Program Files (x86)\NVIDIA Corporation\PhysX\Common;C:\Program Files\dotnet\;C:\php-8.4.7;C:\ProgramData\ComposerSetup\bin;C:\Program Files\nodejs\;C:\Program Files\Git\cmd;C:\Program Files\MongoDB\Server\8.2\bin;C:\Program Files\Java\jdk-25\;;C:\ProgramData\chocolatey\bin;C:\Program Files\Microsoft SQL Server\150\Tools\Binn\;C:\Program Files\Microsoft SQL Server\Client SDK\ODBC\170\Tools\Binn\;C:\Program Files\Microsoft SQL Server\170\DTS\Binn\;C:\Program Files\Docker\Docker\resources\bin;c:\Users\ASUS\AppData\Local\Programs\cursor\resources\app\codeBin;C:\Program Files\Java\jdk-25\bin;C:\Users\ASUS\AppData\Local\Microsoft\WindowsApps;C:\Visaul Studio\Microsoft VS Code\bin;C:\Users\ASUS\AppData\Local\Programs\Azure Data Studio\bin;C:\Program Files\Azure Data Studio\bin;C:\Users\ASUS\AppData\Local\GitHubDesktop\bin;C:\Users\ASUS\AppData\Roaming\Composer\vendor\bin;C:\Users\ASUS\AppData\Roaming\npm;C:\Program Files\mongosh\;C:\Program Files\IntelliJ IDEA 2025.2.3\bin;C:\Program Files\JetBrains\WebStorm 2025.2.3\bin;C:\Program Files (x86)\Microsoft Visual Studio\Shared\NuGetPackages\microsoft.visualstudio.javascript.sdk;C:\Program Files\Java\jdk-25\;C:\Users\ASUS\.dotnet\tools;C:\Users\ASUS\AppData\Local\Microsoft\WinGet\Links;C:\Users\ASUS\AppData\Local\Programs\Antigravity\bin;C:\Users\ASUS\AppData\Local\Programs\cursor\resources\app\bin
USERNAME=ASUS
OS=Windows_NT
PROCESSOR_IDENTIFIER=AMD64 Family 25 Model 68 Stepping 1, AuthenticAMD
TMP=C:\Users\ASUS\AppData\Local\Temp
TEMP=C:\Users\ASUS\AppData\Local\Temp




Periodic native trim disabled

---------------  S Y S T E M  ---------------

OS:
 Windows 11 , 64 bit Build 26100 (10.0.26100.5074)
OS uptime: 0 days 0:34 hours
Hyper-V role detected

CPU: total 16 (initial active 16) (16 cores per cpu, 2 threads per core) family 25 model 68 stepping 1 microcode 0xa404107, cx8, cmov, fxsr, ht, mmx, 3dnowpref, sse, sse2, sse3, ssse3, sse4a, sse4.1, sse4.2, popcnt, lzcnt, tsc, tscinvbit, avx, avx2, aes, erms, clmul, bmi1, bmi2, adx, sha, fma, vzeroupper, clflush, clflushopt, hv, rdtscp, rdpid, fsrm, f16c, cet_ss
Processor Information for the first 16 processors :
  Max Mhz: 3100, Current Mhz: 2523, Mhz Limit: 3100

Memory: 4k page, system-wide physical 8010M (482M free)
TotalPageFile size 24394M (AvailPageFile size 41M)
current process WorkingSet (physical memory assigned to process): 44M, peak: 374M
current process commit charge ("private bytes"): 414M, peak: 498M

vm_info: OpenJDK 64-Bit Server VM (21.0.10+7-LTS) for windows-amd64 JRE (21.0.10+7-LTS), built on 2026-01-20T00:00:00Z by "admin" with MS VC++ 17.12 (VS2022)

END.
