#
# There is insufficient memory for the Java Runtime Environment to continue.
# Native memory allocation (malloc) failed to allocate 518864 bytes. Error detail: Chunk::new
# Possible reasons:
#   The system is out of physical RAM or swap space
#   This process is running with CompressedOops enabled, and the Java Heap may be blocking the growth of the native heap
# Possible solutions:
#   Reduce memory load on the system
#   Increase physical memory or swap space
#   Check if swap backing store is full
#   Decrease Java heap size (-Xmx/-Xms)
#   Decrease number of Java threads
#   Decrease Java thread stack sizes (-Xss)
#   Set larger code cache with -XX:ReservedCodeCacheSize=
#   JVM is running with Unscaled Compressed Oops mode in which the Java heap is
#     placed in the first 4GB address space. The Java Heap base address is the
#     maximum limit for the native heap growth. Please use -XX:HeapBaseMinAddress
#     to set the Java Heap base and to place the Java Heap above 4GB virtual address.
# This output file may be truncated or incomplete.
#
#  Out of Memory Error (arena.cpp:168), pid=2604, tid=33100
#
# JRE version: OpenJDK Runtime Environment Temurin-21.0.10+7 (21.0.10+7) (build 21.0.10+7-LTS)
# Java VM: OpenJDK 64-Bit Server VM Temurin-21.0.10+7 (21.0.10+7-LTS, mixed mode, sharing, tiered, compressed oops, compressed class ptrs, parallel gc, windows-amd64)
# No core dump will be written. Minidumps are not enabled by default on client versions of Windows
#

---------------  S U M M A R Y ------------

Command Line: --add-modules=ALL-SYSTEM --add-opens=java.base/java.util=ALL-UNNAMED --add-opens=java.base/java.lang=ALL-UNNAMED --add-opens=java.base/sun.nio.fs=ALL-UNNAMED -Declipse.application=org.eclipse.jdt.ls.core.id1 -Dosgi.bundles.defaultStartLevel=4 -Declipse.product=org.eclipse.jdt.ls.core.product -Djava.import.generatesMetadataFilesAtProjectRoot=false -DDetectVMInstallationsJob.disabled=true -Dfile.encoding=utf8 -XX:+UseParallelGC -XX:GCTimeRatio=4 -XX:AdaptiveSizePolicyWeight=90 -Dsun.zip.disableMemoryMapping=true -Xmx2G -Xms100m -Xlog:disable -javaagent:c:\Users\ASUS\.vscode\extensions\redhat.java-1.53.0-win32-x64\lombok\lombok-1.18.39-4050.jar -XX:+HeapDumpOnOutOfMemoryError -XX:HeapDumpPath=c:\Users\ASUS\AppData\Roaming\Code\User\workspaceStorage\072664e477a3092332c4219defd89c4c\redhat.java -Daether.dependencyCollector.impl=bf c:\Users\ASUS\.vscode\extensions\redhat.java-1.53.0-win32-x64\server\plugins\org.eclipse.equinox.launcher_1.7.100.v20251111-0406.jar -configuration c:\Users\ASUS\AppData\Roaming\Code\User\globalStorage\redhat.java\1.53.0\config_win -data c:\Users\ASUS\AppData\Roaming\Code\User\workspaceStorage\072664e477a3092332c4219defd89c4c\redhat.java\jdt_ws --pipe=\\.\pipe\lsp-2ed11d8ea990fb12057bbbc4b54b480f-sock

Host: AMD Ryzen 7 7435HS                             , 16 cores, 7G,  Windows 11 , 64 bit Build 26100 (10.0.26100.5074)
Time: Wed Apr  1 14:25:31 2026 SE Asia Standard Time elapsed time: 16.514398 seconds (0d 0h 0m 16s)

---------------  T H R E A D  ---------------

Current thread (0x0000010a7f5bc840):  JavaThread "C2 CompilerThread0" daemon [_thread_in_native, id=33100, stack(0x0000000651f00000,0x0000000652000000) (1024K)]


Current CompileTask:
C2:16514 8904       4       com.google.gson.stream.JsonReader::nextQuotedValue (296 bytes)

Stack: [0x0000000651f00000,0x0000000652000000]
Native frames: (J=compiled Java code, j=interpreted, Vv=VM code, C=native code)
V  [jvm.dll+0x6d7a39]
V  [jvm.dll+0x8b4b26]
V  [jvm.dll+0x8b70de]
V  [jvm.dll+0x8b77c3]
V  [jvm.dll+0x284346]
V  [jvm.dll+0xc66ed]
V  [jvm.dll+0xc6c31]
V  [jvm.dll+0x3bec3b]
V  [jvm.dll+0x38b162]
V  [jvm.dll+0x38a5aa]
V  [jvm.dll+0x24c560]
V  [jvm.dll+0x24bb40]
V  [jvm.dll+0x1cb34e]
V  [jvm.dll+0x25b85d]
V  [jvm.dll+0x259dea]
V  [jvm.dll+0x3f857e]
V  [jvm.dll+0x85f59d]
V  [jvm.dll+0x6d626d]
C  [ucrtbase.dll+0x37b0]
C  [KERNEL32.DLL+0x2e8d7]
C  [ntdll.dll+0x8d9c]


---------------  P R O C E S S  ---------------

Threads class SMR info:
_java_thread_list=0x0000010a4c347ad0, length=58, elements={
0x0000010a6952b3d0, 0x0000010a6b8d2370, 0x0000010a6b8d57a0, 0x0000010a6b8d7d10,
0x0000010a6b8d9ab0, 0x0000010a6b8e4e40, 0x0000010a7f5b8450, 0x0000010a7f5bc840,
0x0000010a7f5bd8f0, 0x0000010a7f6b9980, 0x0000010a7f6bd7f0, 0x0000010a7f5b6a10,
0x0000010a7f837a60, 0x0000010a7f5b7730, 0x0000010a7f5b5cf0, 0x0000010a7f5b9170,
0x0000010a7f5b8ae0, 0x0000010a7f5b6380, 0x0000010a7f5b70a0, 0x0000010a7f5b7dc0,
0x0000010a4abcb400, 0x0000010a4abcce40, 0x0000010a4abcba90, 0x0000010a4abcc120,
0x0000010a4abcd4d0, 0x0000010a4abcad70, 0x0000010a4abcc7b0, 0x0000010a4abca6e0,
0x0000010a4abd1670, 0x0000010a4abcfc30, 0x0000010a4abd02c0, 0x0000010a4abcf5a0,
0x0000010a4abd0950, 0x0000010a4abd0fe0, 0x0000010a4abce880, 0x0000010a4abce1f0,
0x0000010a4abcef10, 0x0000010a4abd1d00, 0x0000010a4d1e16c0, 0x0000010a4d1e0310,
0x0000010a4d1e3100, 0x0000010a4d1dfc80, 0x0000010a4d1e2a70, 0x0000010a4d1e23e0,
0x0000010a4d1e3e20, 0x0000010a4d1e09a0, 0x0000010a4d1e1030, 0x0000010a4d1e51d0,
0x0000010a4d1e44b0, 0x0000010a4d1e1d50, 0x0000010a4d1e4b40, 0x0000010a4d1e6c10,
0x0000010a4b2bef90, 0x0000010a4d1e5ef0, 0x0000010a4d1e6580, 0x0000010a4d1e72a0,
0x0000010a4d1e5860, 0x0000010a4a9ab960
}

Java Threads: ( => current thread )
  0x0000010a6952b3d0 JavaThread "main"                              [_thread_blocked, id=33380, stack(0x0000000651500000,0x0000000651600000) (1024K)]
  0x0000010a6b8d2370 JavaThread "Reference Handler"          daemon [_thread_blocked, id=33024, stack(0x0000000651900000,0x0000000651a00000) (1024K)]
  0x0000010a6b8d57a0 JavaThread "Finalizer"                  daemon [_thread_blocked, id=33104, stack(0x0000000651a00000,0x0000000651b00000) (1024K)]
  0x0000010a6b8d7d10 JavaThread "Signal Dispatcher"          daemon [_thread_blocked, id=33092, stack(0x0000000651b00000,0x0000000651c00000) (1024K)]
  0x0000010a6b8d9ab0 JavaThread "Attach Listener"            daemon [_thread_blocked, id=33108, stack(0x0000000651c00000,0x0000000651d00000) (1024K)]
  0x0000010a6b8e4e40 JavaThread "Service Thread"             daemon [_thread_blocked, id=33152, stack(0x0000000651d00000,0x0000000651e00000) (1024K)]
  0x0000010a7f5b8450 JavaThread "Monitor Deflation Thread"   daemon [_thread_blocked, id=32956, stack(0x0000000651e00000,0x0000000651f00000) (1024K)]
=>0x0000010a7f5bc840 JavaThread "C2 CompilerThread0"         daemon [_thread_in_native, id=33100, stack(0x0000000651f00000,0x0000000652000000) (1024K)]
  0x0000010a7f5bd8f0 JavaThread "C1 CompilerThread0"         daemon [_thread_blocked, id=32940, stack(0x0000000652000000,0x0000000652100000) (1024K)]
  0x0000010a7f6b9980 JavaThread "C1 CompilerThread1"         daemon [_thread_blocked, id=33076, stack(0x0000000652100000,0x0000000652200000) (1024K)]
  0x0000010a7f6bd7f0 JavaThread "C1 CompilerThread2"         daemon [_thread_blocked, id=33112, stack(0x0000000652200000,0x0000000652300000) (1024K)]
  0x0000010a7f5b6a10 JavaThread "Common-Cleaner"             daemon [_thread_blocked, id=33064, stack(0x0000000652400000,0x0000000652500000) (1024K)]
  0x0000010a7f837a60 JavaThread "C1 CompilerThread3"         daemon [_thread_blocked, id=33592, stack(0x0000000652500000,0x0000000652600000) (1024K)]
  0x0000010a7f5b7730 JavaThread "Notification Thread"        daemon [_thread_blocked, id=12776, stack(0x0000000652600000,0x0000000652700000) (1024K)]
  0x0000010a7f5b5cf0 JavaThread "Active Thread: Equinox Container: cbca8521-acaa-44db-ae6e-a6acc6ac33d0"        [_thread_blocked, id=36716, stack(0x0000000652d00000,0x0000000652e00000) (1024K)]
  0x0000010a7f5b9170 JavaThread "Refresh Thread: Equinox Container: cbca8521-acaa-44db-ae6e-a6acc6ac33d0" daemon [_thread_blocked, id=21696, stack(0x0000000652f00000,0x0000000653000000) (1024K)]
  0x0000010a7f5b8ae0 JavaThread "Framework Event Dispatcher: Equinox Container: cbca8521-acaa-44db-ae6e-a6acc6ac33d0" daemon [_thread_blocked, id=36688, stack(0x0000000653000000,0x0000000653100000) (1024K)]
  0x0000010a7f5b6380 JavaThread "Start Level: Equinox Container: cbca8521-acaa-44db-ae6e-a6acc6ac33d0" daemon [_thread_blocked, id=36704, stack(0x0000000653100000,0x0000000653200000) (1024K)]
  0x0000010a7f5b70a0 JavaThread "Bundle File Closer"         daemon [_thread_blocked, id=33160, stack(0x0000000653500000,0x0000000653600000) (1024K)]
  0x0000010a7f5b7dc0 JavaThread "SCR Component Actor"        daemon [_thread_blocked, id=35928, stack(0x0000000652300000,0x0000000652400000) (1024K)]
  0x0000010a4abcb400 JavaThread "Worker-JM"                         [_thread_blocked, id=36028, stack(0x0000000653700000,0x0000000653800000) (1024K)]
  0x0000010a4abcce40 JavaThread "JNA Cleaner"                daemon [_thread_blocked, id=30224, stack(0x0000000653600000,0x0000000653700000) (1024K)]
  0x0000010a4abcba90 JavaThread "Worker-0: Check JDK Index"         [_thread_blocked, id=28028, stack(0x0000000653a00000,0x0000000653b00000) (1024K)]
  0x0000010a4abcc120 JavaThread "Worker-1"                          [_thread_blocked, id=29048, stack(0x0000000653b00000,0x0000000653c00000) (1024K)]
  0x0000010a4abcd4d0 JavaThread "Worker-2: Initialize Workspace"        [_thread_blocked, id=2796, stack(0x0000000653d00000,0x0000000653e00000) (1024K)]
  0x0000010a4abcad70 JavaThread "Java indexing"              daemon [_thread_blocked, id=22420, stack(0x0000000653e00000,0x0000000653f00000) (1024K)]
  0x0000010a4abcc7b0 JavaThread "Worker-3"                          [_thread_blocked, id=21348, stack(0x0000000654200000,0x0000000654300000) (1024K)]
  0x0000010a4abca6e0 JavaThread "Worker-4: Initialize workspace"        [_thread_in_vm, id=22220, stack(0x0000000654300000,0x0000000654400000) (1024K)]
  0x0000010a4abd1670 JavaThread "Thread-1"                   daemon [_thread_in_native, id=33204, stack(0x0000000654400000,0x0000000654500000) (1024K)]
  0x0000010a4abcfc30 JavaThread "Thread-2"                   daemon [_thread_in_native, id=33032, stack(0x0000000654500000,0x0000000654600000) (1024K)]
  0x0000010a4abd02c0 JavaThread "Thread-3"                   daemon [_thread_in_native, id=35032, stack(0x0000000654600000,0x0000000654700000) (1024K)]
  0x0000010a4abcf5a0 JavaThread "Thread-4"                   daemon [_thread_in_native, id=20020, stack(0x0000000654700000,0x0000000654800000) (1024K)]
  0x0000010a4abd0950 JavaThread "Thread-5"                   daemon [_thread_in_native, id=12368, stack(0x0000000654800000,0x0000000654900000) (1024K)]
  0x0000010a4abd0fe0 JavaThread "Thread-6"                   daemon [_thread_in_native, id=8912, stack(0x0000000654900000,0x0000000654a00000) (1024K)]
  0x0000010a4abce880 JavaThread "Thread-7"                   daemon [_thread_in_native, id=12296, stack(0x0000000654a00000,0x0000000654b00000) (1024K)]
  0x0000010a4abce1f0 JavaThread "Thread-8"                   daemon [_thread_in_native, id=34424, stack(0x0000000654b00000,0x0000000654c00000) (1024K)]
  0x0000010a4abcef10 JavaThread "Thread-9"                   daemon [_thread_in_native, id=21728, stack(0x0000000654c00000,0x0000000654d00000) (1024K)]
  0x0000010a4abd1d00 JavaThread "Thread-10"                  daemon [_thread_in_native, id=12656, stack(0x0000000654d00000,0x0000000654e00000) (1024K)]
  0x0000010a4d1e16c0 JavaThread "Thread-11"                  daemon [_thread_in_native, id=34352, stack(0x0000000654e00000,0x0000000654f00000) (1024K)]
  0x0000010a4d1e0310 JavaThread "Thread-12"                  daemon [_thread_in_native, id=29712, stack(0x0000000654f00000,0x0000000655000000) (1024K)]
  0x0000010a4d1e3100 JavaThread "Thread-13"                  daemon [_thread_in_native, id=36268, stack(0x0000000655000000,0x0000000655100000) (1024K)]
  0x0000010a4d1dfc80 JavaThread "Thread-14"                  daemon [_thread_in_native, id=36296, stack(0x0000000655100000,0x0000000655200000) (1024K)]
  0x0000010a4d1e2a70 JavaThread "Thread-15"                  daemon [_thread_in_native, id=36076, stack(0x0000000655200000,0x0000000655300000) (1024K)]
  0x0000010a4d1e23e0 JavaThread "Thread-16"                  daemon [_thread_in_native, id=24304, stack(0x0000000655300000,0x0000000655400000) (1024K)]
  0x0000010a4d1e3e20 JavaThread "Thread-17"                  daemon [_thread_in_native, id=36060, stack(0x0000000655400000,0x0000000655500000) (1024K)]
  0x0000010a4d1e09a0 JavaThread "pool-2-thread-1"                   [_thread_blocked, id=36104, stack(0x0000000655500000,0x0000000655600000) (1024K)]
  0x0000010a4d1e1030 JavaThread "WorkspaceEventsHandler"            [_thread_blocked, id=33096, stack(0x0000000655900000,0x0000000655a00000) (1024K)]
  0x0000010a4d1e51d0 JavaThread "pool-1-thread-1"                   [_thread_blocked, id=6252, stack(0x0000000655a00000,0x0000000655b00000) (1024K)]
  0x0000010a4d1e44b0 JavaThread "ForkJoinPool.commonPool-worker-1" daemon [_thread_in_Java, id=13028, stack(0x0000000655b00000,0x0000000655c00000) (1024K)]
  0x0000010a4d1e1d50 JavaThread "ForkJoinPool.commonPool-worker-2" daemon [_thread_in_Java, id=35900, stack(0x0000000655c00000,0x0000000655d00000) (1024K)]
  0x0000010a4d1e4b40 JavaThread "ForkJoinPool.commonPool-worker-3" daemon [_thread_in_Java, id=33176, stack(0x0000000655d00000,0x0000000655e00000) (1024K)]
  0x0000010a4d1e6c10 JavaThread "ForkJoinPool.commonPool-worker-4" daemon [_thread_blocked, id=26560, stack(0x0000000655e00000,0x0000000655f00000) (1024K)]
  0x0000010a4b2bef90 JavaThread "C2 CompilerThread1"         daemon [_thread_in_native, id=37220, stack(0x0000000653c00000,0x0000000653d00000) (1024K)]
  0x0000010a4d1e5ef0 JavaThread "ForkJoinPool.commonPool-worker-5" daemon [_thread_in_native, id=37368, stack(0x0000000655600000,0x0000000655700000) (1024K)]
  0x0000010a4d1e6580 JavaThread "ForkJoinPool.commonPool-worker-6" daemon [_thread_in_native, id=37372, stack(0x0000000655700000,0x0000000655800000) (1024K)]
  0x0000010a4d1e72a0 JavaThread "ForkJoinPool.commonPool-worker-7" daemon [_thread_new, id=37376, stack(0x0000000000000000,0x0000000000000000) (0B)]
  0x0000010a4d1e5860 JavaThread "ForkJoinPool.commonPool-worker-8" daemon [_thread_new, id=37380, stack(0x0000000000000000,0x0000000000000000) (0B)]
  0x0000010a4a9ab960 JavaThread "ForkJoinPool.commonPool-worker-9" daemon [_thread_new, id=37392, stack(0x0000000000000000,0x0000000000000000) (0B)]
Total: 58

Other Threads:
  0x0000010a6b8d1ba0 VMThread "VM Thread"                           [id=33556, stack(0x0000000651800000,0x0000000651900000) (1024K)]
  0x0000010a6b82eb90 WatcherThread "VM Periodic Task Thread"        [id=33560, stack(0x0000000651700000,0x0000000651800000) (1024K)]
  0x0000010a6b853320 WorkerThread "GC Thread#0"                     [id=33004, stack(0x0000000651600000,0x0000000651700000) (1024K)]
  0x0000010a4a74ee70 WorkerThread "GC Thread#1"                     [id=34092, stack(0x0000000652700000,0x0000000652800000) (1024K)]
  0x0000010a4a96cc00 WorkerThread "GC Thread#2"                     [id=34500, stack(0x0000000652800000,0x0000000652900000) (1024K)]
  0x0000010a4a7d80d0 WorkerThread "GC Thread#3"                     [id=1728, stack(0x0000000652900000,0x0000000652a00000) (1024K)]
  0x0000010a4a7a39d0 WorkerThread "GC Thread#4"                     [id=5164, stack(0x0000000652a00000,0x0000000652b00000) (1024K)]
  0x0000010a4a7a4180 WorkerThread "GC Thread#5"                     [id=20332, stack(0x0000000652b00000,0x0000000652c00000) (1024K)]
  0x0000010a4a7cae30 WorkerThread "GC Thread#6"                     [id=36044, stack(0x0000000652c00000,0x0000000652d00000) (1024K)]
  0x0000010a4a8602f0 WorkerThread "GC Thread#7"                     [id=36708, stack(0x0000000652e00000,0x0000000652f00000) (1024K)]
  0x0000010a4a96ae70 WorkerThread "GC Thread#8"                     [id=28032, stack(0x0000000653200000,0x0000000653300000) (1024K)]
  0x0000010a4a96b220 WorkerThread "GC Thread#9"                     [id=27524, stack(0x0000000653300000,0x0000000653400000) (1024K)]
  0x0000010a4a96b5d0 WorkerThread "GC Thread#10"                    [id=20648, stack(0x0000000653400000,0x0000000653500000) (1024K)]
  0x0000010a4afce770 WorkerThread "GC Thread#11"                    [id=28968, stack(0x0000000653800000,0x0000000653900000) (1024K)]
  0x0000010a4ac7b560 WorkerThread "GC Thread#12"                    [id=28964, stack(0x0000000653900000,0x0000000653a00000) (1024K)]
Total: 15

Threads with active compile tasks:
C2 CompilerThread0  16568 8904       4       com.google.gson.stream.JsonReader::nextQuotedValue (296 bytes)
C2 CompilerThread1  16568 8944       4       org.eclipse.jdt.internal.core.index.DiskIndex::readStreamChars (529 bytes)
Total: 2

VM state: not at safepoint (normal execution)

VM Mutex/Monitor currently owned by a thread: None

Heap address: 0x0000000080000000, size: 2048 MB, Compressed Oops mode: 32-bit

CDS archive(s) mapped at: [0x0000010a04000000-0x0000010a04ba0000-0x0000010a04ba0000), size 12189696, SharedBaseAddress: 0x0000010a04000000, ArchiveRelocationMode: 1.
Compressed class space mapped at: 0x0000010a05000000-0x0000010a45000000, reserved size: 1073741824
Narrow klass base: 0x0000010a04000000, Narrow klass shift: 0, Narrow klass range: 0x100000000

GC Precious Log:
 CardTable entry size: 512
 CPUs: 16 total, 16 available
 Memory: 8010M
 Large Page Support: Disabled
 NUMA Support: Disabled
 Compressed Oops: Enabled (32-bit)
 Alignments: Space 512K, Generation 512K, Heap 2M
 Heap Min Capacity: 100M
 Heap Initial Capacity: 100M
 Heap Max Capacity: 2G
 Pre-touch: Disabled
 Parallel Workers: 13

Heap:
 PSYoungGen      total 22528K, used 16966K [0x00000000d5580000, 0x00000000d6d00000, 0x0000000100000000)
  eden space 21504K, 75% used [0x00000000d5580000,0x00000000d6541a30,0x00000000d6a80000)
  from space 1024K, 81% used [0x00000000d6c00000,0x00000000d6ccff58,0x00000000d6d00000)
  to   space 1024K, 0% used [0x00000000d6b00000,0x00000000d6b00000,0x00000000d6c00000)
 ParOldGen       total 68608K, used 45349K [0x0000000080000000, 0x0000000084300000, 0x00000000d5580000)
  object space 68608K, 66% used [0x0000000080000000,0x0000000082c49728,0x0000000084300000)
 Metaspace       used 56966K, committed 58368K, reserved 1114112K
  class space    used 6148K, committed 6784K, reserved 1048576K

Card table byte_map: [0x0000010a6b1d0000,0x0000010a6b5e0000] _byte_map_base: 0x0000010a6add0000

Marking Bits: (ParMarkBitMap*) 0x00007ffb6d5e3450
 Begin Bits: [0x0000010a00000000, 0x0000010a02000000)
 End Bits:   [0x0000010a02000000, 0x0000010a04000000)

Polling page: 0x0000010a696b0000

Metaspace:

Usage:
  Non-class:     49.63 MB used.
      Class:      6.00 MB used.
       Both:     55.63 MB used.

Virtual space:
  Non-class space:       64.00 MB reserved,      50.38 MB ( 79%) committed,  1 nodes.
      Class space:        1.00 GB reserved,       6.62 MB ( <1%) committed,  1 nodes.
             Both:        1.06 GB reserved,      57.00 MB (  5%) committed. 

Chunk freelists:
   Non-Class:  13.56 MB
       Class:  9.34 MB
        Both:  22.91 MB

MaxMetaspaceSize: unlimited
CompressedClassSpaceSize: 1.00 GB
Initial GC threshold: 21.00 MB
Current GC threshold: 58.38 MB
CDS: on
 - commit_granule_bytes: 65536.
 - commit_granule_words: 8192.
 - virtual_space_node_default_size: 8388608.
 - enlarge_chunks_in_place: 1.
 - use_allocation_guard: 0.


Internal statistics:

num_allocs_failed_limit: 6.
num_arena_births: 1134.
num_arena_deaths: 14.
num_vsnodes_births: 2.
num_vsnodes_deaths: 0.
num_space_committed: 912.
num_space_uncommitted: 0.
num_chunks_returned_to_freelist: 20.
num_chunks_taken_from_freelist: 3912.
num_chunk_merges: 9.
num_chunk_splits: 2346.
num_chunks_enlarged: 1213.
num_inconsistent_stats: 0.

CodeHeap 'non-profiled nmethods': size=119168Kb used=5011Kb max_used=5011Kb free=114156Kb
 bounds [0x0000010a765d0000, 0x0000010a76ac0000, 0x0000010a7da30000]
CodeHeap 'profiled nmethods': size=119104Kb used=18839Kb max_used=18839Kb free=100264Kb
 bounds [0x0000010a6ea30000, 0x0000010a6fca0000, 0x0000010a75e80000]
CodeHeap 'non-nmethods': size=7488Kb used=3093Kb max_used=3164Kb free=4394Kb
 bounds [0x0000010a75e80000, 0x0000010a761b0000, 0x0000010a765d0000]
CodeCache: size=245760Kb, used=26943Kb, max_used=27014Kb, free=218814Kb
 total_blobs=9065, nmethods=8353, adapters=615, full_count=0
Compilation: enabled, stopped_count=0, restarted_count=0

Compilation events (20 events):
Event: 16.481 Thread 0x0000010a7f6b9980 nmethod 8919 0x0000010a6fc8ce10 code [0x0000010a6fc8cfe0, 0x0000010a6fc8d3e0]
Event: 16.481 Thread 0x0000010a7f5bd8f0 8920       3       com.google.gson.internal.LinkedTreeMap::entrySet (25 bytes)
Event: 16.481 Thread 0x0000010a7f6bd7f0 8921       3       com.google.gson.internal.LinkedTreeMap$EntrySet::iterator (9 bytes)
Event: 16.482 Thread 0x0000010a7f837a60 8922       3       com.google.gson.internal.LinkedTreeMap$EntrySet$1::<init> (14 bytes)
Event: 16.482 Thread 0x0000010a7f6b9980 8923       3       com.google.gson.internal.LinkedTreeMap$LinkedTreeMapIterator::<init> (40 bytes)
Event: 16.482 Thread 0x0000010a7f6bd7f0 nmethod 8921 0x0000010a6fc8d590 code [0x0000010a6fc8d740, 0x0000010a6fc8d968]
Event: 16.482 Thread 0x0000010a7f837a60 nmethod 8922 0x0000010a6fc8da90 code [0x0000010a6fc8dc40, 0x0000010a6fc8dd98]
Event: 16.482 Thread 0x0000010a7f5bd8f0 nmethod 8920 0x0000010a6fc8de90 code [0x0000010a6fc8e060, 0x0000010a6fc8e3a8]
Event: 16.482 Thread 0x0000010a7f6b9980 nmethod 8923 0x0000010a6fc8e510 code [0x0000010a6fc8e6c0, 0x0000010a6fc8e880]
Event: 16.490 Thread 0x0000010a4b2bef90 nmethod 8907 0x0000010a76aafa10 code [0x0000010a76aafc00, 0x0000010a76ab0570]
Event: 16.490 Thread 0x0000010a4b2bef90 8924       4       java.lang.StringBuilder::append (9 bytes)
Event: 16.492 Thread 0x0000010a7f837a60 8925       3       java.nio.charset.CharsetDecoder::<init> (100 bytes)
Event: 16.493 Thread 0x0000010a7f837a60 nmethod 8925 0x0000010a6fc8e990 code [0x0000010a6fc8eba0, 0x0000010a6fc8f110]
Event: 16.494 Thread 0x0000010a7f5bd8f0 8926       1       com.google.gson.stream.JsonReader::getStrictness (5 bytes)
Event: 16.495 Thread 0x0000010a7f5bd8f0 nmethod 8926 0x0000010a76ab0a10 code [0x0000010a76ab0ba0, 0x0000010a76ab0c68]
Event: 16.504 Thread 0x0000010a4b2bef90 nmethod 8924 0x0000010a76ab0d10 code [0x0000010a76ab0f00, 0x0000010a76ab16d8]
Event: 16.505 Thread 0x0000010a4b2bef90 8912       4       com.google.gson.internal.LinkedTreeMap$Node::<init> (49 bytes)
Event: 16.507 Thread 0x0000010a4b2bef90 nmethod 8912 0x0000010a76ab1b10 code [0x0000010a76ab1ca0, 0x0000010a76ab1db8]
Event: 16.507 Thread 0x0000010a4b2bef90 8914       4       com.google.gson.internal.bind.JsonTreeReader::peekStack (12 bytes)
Event: 16.508 Thread 0x0000010a4b2bef90 nmethod 8914 0x0000010a76ab1e90 code [0x0000010a76ab2020, 0x0000010a76ab20f8]

GC Heap History (20 events):
Event: 12.635 GC heap before
{Heap before GC invocations=25 (full 2):
 PSYoungGen      total 24576K, used 24128K [0x00000000d5580000, 0x00000000d7080000, 0x0000000100000000)
  eden space 22016K, 100% used [0x00000000d5580000,0x00000000d6b00000,0x00000000d6b00000)
  from space 2560K, 82% used [0x00000000d6e00000,0x00000000d7010010,0x00000000d7080000)
  to   space 2560K, 0% used [0x00000000d6b80000,0x00000000d6b80000,0x00000000d6e00000)
 ParOldGen       total 68608K, used 29523K [0x0000000080000000, 0x0000000084300000, 0x00000000d5580000)
  object space 68608K, 43% used [0x0000000080000000,0x0000000081cd4cf8,0x0000000084300000)
 Metaspace       used 50772K, committed 52096K, reserved 1114112K
  class space    used 5528K, committed 6080K, reserved 1048576K
}
Event: 12.639 GC heap after
{Heap after GC invocations=25 (full 2):
 PSYoungGen      total 24576K, used 2530K [0x00000000d5580000, 0x00000000d7500000, 0x0000000100000000)
  eden space 22016K, 0% used [0x00000000d5580000,0x00000000d5580000,0x00000000d6b00000)
  from space 2560K, 98% used [0x00000000d6b80000,0x00000000d6df88a0,0x00000000d6e00000)
  to   space 5120K, 0% used [0x00000000d7000000,0x00000000d7000000,0x00000000d7500000)
 ParOldGen       total 68608K, used 31547K [0x0000000080000000, 0x0000000084300000, 0x00000000d5580000)
  object space 68608K, 45% used [0x0000000080000000,0x0000000081ececf8,0x0000000084300000)
 Metaspace       used 50772K, committed 52096K, reserved 1114112K
  class space    used 5528K, committed 6080K, reserved 1048576K
}
Event: 12.774 GC heap before
{Heap before GC invocations=26 (full 2):
 PSYoungGen      total 24576K, used 24546K [0x00000000d5580000, 0x00000000d7500000, 0x0000000100000000)
  eden space 22016K, 100% used [0x00000000d5580000,0x00000000d6b00000,0x00000000d6b00000)
  from space 2560K, 98% used [0x00000000d6b80000,0x00000000d6df88a0,0x00000000d6e00000)
  to   space 5120K, 0% used [0x00000000d7000000,0x00000000d7000000,0x00000000d7500000)
 ParOldGen       total 68608K, used 31547K [0x0000000080000000, 0x0000000084300000, 0x00000000d5580000)
  object space 68608K, 45% used [0x0000000080000000,0x0000000081ececf8,0x0000000084300000)
 Metaspace       used 50804K, committed 52160K, reserved 1114112K
  class space    used 5530K, committed 6144K, reserved 1048576K
}
Event: 12.780 GC heap after
{Heap after GC invocations=26 (full 2):
 PSYoungGen      total 24576K, used 2400K [0x00000000d5580000, 0x00000000d7280000, 0x0000000100000000)
  eden space 22016K, 0% used [0x00000000d5580000,0x00000000d5580000,0x00000000d6b00000)
  from space 2560K, 93% used [0x00000000d7000000,0x00000000d7258000,0x00000000d7280000)
  to   space 3584K, 0% used [0x00000000d6b80000,0x00000000d6b80000,0x00000000d6f00000)
 ParOldGen       total 68608K, used 34050K [0x0000000080000000, 0x0000000084300000, 0x00000000d5580000)
  object space 68608K, 49% used [0x0000000080000000,0x0000000082140ae8,0x0000000084300000)
 Metaspace       used 50804K, committed 52160K, reserved 1114112K
  class space    used 5530K, committed 6144K, reserved 1048576K
}
Event: 12.907 GC heap before
{Heap before GC invocations=27 (full 2):
 PSYoungGen      total 24576K, used 24416K [0x00000000d5580000, 0x00000000d7280000, 0x0000000100000000)
  eden space 22016K, 100% used [0x00000000d5580000,0x00000000d6b00000,0x00000000d6b00000)
  from space 2560K, 93% used [0x00000000d7000000,0x00000000d7258000,0x00000000d7280000)
  to   space 3584K, 0% used [0x00000000d6b80000,0x00000000d6b80000,0x00000000d6f00000)
 ParOldGen       total 68608K, used 34050K [0x0000000080000000, 0x0000000084300000, 0x00000000d5580000)
  object space 68608K, 49% used [0x0000000080000000,0x0000000082140ae8,0x0000000084300000)
 Metaspace       used 50819K, committed 52224K, reserved 1114112K
  class space    used 5530K, committed 6144K, reserved 1048576K
}
Event: 12.913 GC heap after
{Heap after GC invocations=27 (full 2):
 PSYoungGen      total 24576K, used 2148K [0x00000000d5580000, 0x00000000d7080000, 0x0000000100000000)
  eden space 22016K, 0% used [0x00000000d5580000,0x00000000d5580000,0x00000000d6b00000)
  from space 2560K, 83% used [0x00000000d6b80000,0x00000000d6d99000,0x00000000d6e00000)
  to   space 2560K, 0% used [0x00000000d6e00000,0x00000000d6e00000,0x00000000d7080000)
 ParOldGen       total 68608K, used 36263K [0x0000000080000000, 0x0000000084300000, 0x00000000d5580000)
  object space 68608K, 52% used [0x0000000080000000,0x0000000082369e48,0x0000000084300000)
 Metaspace       used 50819K, committed 52224K, reserved 1114112K
  class space    used 5530K, committed 6144K, reserved 1048576K
}
Event: 13.103 GC heap before
{Heap before GC invocations=28 (full 2):
 PSYoungGen      total 24576K, used 24164K [0x00000000d5580000, 0x00000000d7080000, 0x0000000100000000)
  eden space 22016K, 100% used [0x00000000d5580000,0x00000000d6b00000,0x00000000d6b00000)
  from space 2560K, 83% used [0x00000000d6b80000,0x00000000d6d99000,0x00000000d6e00000)
  to   space 2560K, 0% used [0x00000000d6e00000,0x00000000d6e00000,0x00000000d7080000)
 ParOldGen       total 68608K, used 36263K [0x0000000080000000, 0x0000000084300000, 0x00000000d5580000)
  object space 68608K, 52% used [0x0000000080000000,0x0000000082369e48,0x0000000084300000)
 Metaspace       used 50912K, committed 52288K, reserved 1114112K
  class space    used 5530K, committed 6144K, reserved 1048576K
}
Event: 13.109 GC heap after
{Heap after GC invocations=28 (full 2):
 PSYoungGen      total 24576K, used 2432K [0x00000000d5580000, 0x00000000d7080000, 0x0000000100000000)
  eden space 22016K, 0% used [0x00000000d5580000,0x00000000d5580000,0x00000000d6b00000)
  from space 2560K, 95% used [0x00000000d6e00000,0x00000000d7060010,0x00000000d7080000)
  to   space 2560K, 0% used [0x00000000d6b80000,0x00000000d6b80000,0x00000000d6e00000)
 ParOldGen       total 68608K, used 38226K [0x0000000080000000, 0x0000000084300000, 0x00000000d5580000)
  object space 68608K, 55% used [0x0000000080000000,0x0000000082554998,0x0000000084300000)
 Metaspace       used 50912K, committed 52288K, reserved 1114112K
  class space    used 5530K, committed 6144K, reserved 1048576K
}
Event: 13.301 GC heap before
{Heap before GC invocations=29 (full 2):
 PSYoungGen      total 24576K, used 24448K [0x00000000d5580000, 0x00000000d7080000, 0x0000000100000000)
  eden space 22016K, 100% used [0x00000000d5580000,0x00000000d6b00000,0x00000000d6b00000)
  from space 2560K, 95% used [0x00000000d6e00000,0x00000000d7060010,0x00000000d7080000)
  to   space 2560K, 0% used [0x00000000d6b80000,0x00000000d6b80000,0x00000000d6e00000)
 ParOldGen       total 68608K, used 38226K [0x0000000080000000, 0x0000000084300000, 0x00000000d5580000)
  object space 68608K, 55% used [0x0000000080000000,0x0000000082554998,0x0000000084300000)
 Metaspace       used 50985K, committed 52352K, reserved 1114112K
  class space    used 5532K, committed 6144K, reserved 1048576K
}
Event: 13.308 GC heap after
{Heap after GC invocations=29 (full 2):
 PSYoungGen      total 24576K, used 2136K [0x00000000d5580000, 0x00000000d7000000, 0x0000000100000000)
  eden space 22016K, 0% used [0x00000000d5580000,0x00000000d5580000,0x00000000d6b00000)
  from space 2560K, 83% used [0x00000000d6b80000,0x00000000d6d96200,0x00000000d6e00000)
  to   space 2048K, 0% used [0x00000000d6e00000,0x00000000d6e00000,0x00000000d7000000)
 ParOldGen       total 68608K, used 40434K [0x0000000080000000, 0x0000000084300000, 0x00000000d5580000)
  object space 68608K, 58% used [0x0000000080000000,0x000000008277c9a8,0x0000000084300000)
 Metaspace       used 50985K, committed 52352K, reserved 1114112K
  class space    used 5532K, committed 6144K, reserved 1048576K
}
Event: 13.557 GC heap before
{Heap before GC invocations=30 (full 2):
 PSYoungGen      total 24576K, used 24152K [0x00000000d5580000, 0x00000000d7000000, 0x0000000100000000)
  eden space 22016K, 100% used [0x00000000d5580000,0x00000000d6b00000,0x00000000d6b00000)
  from space 2560K, 83% used [0x00000000d6b80000,0x00000000d6d96200,0x00000000d6e00000)
  to   space 2048K, 0% used [0x00000000d6e00000,0x00000000d6e00000,0x00000000d7000000)
 ParOldGen       total 68608K, used 40434K [0x0000000080000000, 0x0000000084300000, 0x00000000d5580000)
  object space 68608K, 58% used [0x0000000080000000,0x000000008277c9a8,0x0000000084300000)
 Metaspace       used 51794K, committed 53184K, reserved 1114112K
  class space    used 5598K, committed 6208K, reserved 1048576K
}
Event: 13.563 GC heap after
{Heap after GC invocations=30 (full 2):
 PSYoungGen      total 24064K, used 1792K [0x00000000d5580000, 0x00000000d7000000, 0x0000000100000000)
  eden space 22016K, 0% used [0x00000000d5580000,0x00000000d5580000,0x00000000d6b00000)
  from space 2048K, 87% used [0x00000000d6e00000,0x00000000d6fc0000,0x00000000d7000000)
  to   space 2048K, 0% used [0x00000000d6c00000,0x00000000d6c00000,0x00000000d6e00000)
 ParOldGen       total 68608K, used 42370K [0x0000000080000000, 0x0000000084300000, 0x00000000d5580000)
  object space 68608K, 61% used [0x0000000080000000,0x0000000082960ba8,0x0000000084300000)
 Metaspace       used 51794K, committed 53184K, reserved 1114112K
  class space    used 5598K, committed 6208K, reserved 1048576K
}
Event: 14.724 GC heap before
{Heap before GC invocations=31 (full 2):
 PSYoungGen      total 24064K, used 23802K [0x00000000d5580000, 0x00000000d7000000, 0x0000000100000000)
  eden space 22016K, 99% used [0x00000000d5580000,0x00000000d6afe878,0x00000000d6b00000)
  from space 2048K, 87% used [0x00000000d6e00000,0x00000000d6fc0000,0x00000000d7000000)
  to   space 2048K, 0% used [0x00000000d6c00000,0x00000000d6c00000,0x00000000d6e00000)
 ParOldGen       total 68608K, used 42370K [0x0000000080000000, 0x0000000084300000, 0x00000000d5580000)
  object space 68608K, 61% used [0x0000000080000000,0x0000000082960ba8,0x0000000084300000)
 Metaspace       used 52761K, committed 54080K, reserved 1114112K
  class space    used 5722K, committed 6272K, reserved 1048576K
}
Event: 14.727 GC heap after
{Heap after GC invocations=31 (full 2):
 PSYoungGen      total 23040K, used 576K [0x00000000d5580000, 0x00000000d6e80000, 0x0000000100000000)
  eden space 22016K, 0% used [0x00000000d5580000,0x00000000d5580000,0x00000000d6b00000)
  from space 1024K, 56% used [0x00000000d6c00000,0x00000000d6c90010,0x00000000d6d00000)
  to   space 1536K, 0% used [0x00000000d6d00000,0x00000000d6d00000,0x00000000d6e80000)
 ParOldGen       total 68608K, used 43993K [0x0000000080000000, 0x0000000084300000, 0x00000000d5580000)
  object space 68608K, 64% used [0x0000000080000000,0x0000000082af65b0,0x0000000084300000)
 Metaspace       used 52761K, committed 54080K, reserved 1114112K
  class space    used 5722K, committed 6272K, reserved 1048576K
}
Event: 15.455 GC heap before
{Heap before GC invocations=32 (full 2):
 PSYoungGen      total 23040K, used 22592K [0x00000000d5580000, 0x00000000d6e80000, 0x0000000100000000)
  eden space 22016K, 100% used [0x00000000d5580000,0x00000000d6b00000,0x00000000d6b00000)
  from space 1024K, 56% used [0x00000000d6c00000,0x00000000d6c90010,0x00000000d6d00000)
  to   space 1536K, 0% used [0x00000000d6d00000,0x00000000d6d00000,0x00000000d6e80000)
 ParOldGen       total 68608K, used 43993K [0x0000000080000000, 0x0000000084300000, 0x00000000d5580000)
  object space 68608K, 64% used [0x0000000080000000,0x0000000082af65b0,0x0000000084300000)
 Metaspace       used 54321K, committed 55808K, reserved 1114112K
  class space    used 5887K, committed 6528K, reserved 1048576K
}
Event: 15.458 GC heap after
{Heap after GC invocations=32 (full 2):
 PSYoungGen      total 23040K, used 1513K [0x00000000d5580000, 0x00000000d7000000, 0x0000000100000000)
  eden space 21504K, 0% used [0x00000000d5580000,0x00000000d5580000,0x00000000d6a80000)
  from space 1536K, 98% used [0x00000000d6d00000,0x00000000d6e7a7b8,0x00000000d6e80000)
  to   space 2560K, 0% used [0x00000000d6a80000,0x00000000d6a80000,0x00000000d6d00000)
 ParOldGen       total 68608K, used 44305K [0x0000000080000000, 0x0000000084300000, 0x00000000d5580000)
  object space 68608K, 64% used [0x0000000080000000,0x0000000082b445b0,0x0000000084300000)
 Metaspace       used 54321K, committed 55808K, reserved 1114112K
  class space    used 5887K, committed 6528K, reserved 1048576K
}
Event: 15.636 GC heap before
{Heap before GC invocations=33 (full 2):
 PSYoungGen      total 23040K, used 22942K [0x00000000d5580000, 0x00000000d7000000, 0x0000000100000000)
  eden space 21504K, 99% used [0x00000000d5580000,0x00000000d6a6d110,0x00000000d6a80000)
  from space 1536K, 98% used [0x00000000d6d00000,0x00000000d6e7a7b8,0x00000000d6e80000)
  to   space 2560K, 0% used [0x00000000d6a80000,0x00000000d6a80000,0x00000000d6d00000)
 ParOldGen       total 68608K, used 44305K [0x0000000080000000, 0x0000000084300000, 0x00000000d5580000)
  object space 68608K, 64% used [0x0000000080000000,0x0000000082b445b0,0x0000000084300000)
 Metaspace       used 54340K, committed 55808K, reserved 1114112K
  class space    used 5887K, committed 6528K, reserved 1048576K
}
Event: 15.638 GC heap after
{Heap after GC invocations=33 (full 2):
 PSYoungGen      total 23040K, used 1188K [0x00000000d5580000, 0x00000000d6d80000, 0x0000000100000000)
  eden space 21504K, 0% used [0x00000000d5580000,0x00000000d5580000,0x00000000d6a80000)
  from space 1536K, 77% used [0x00000000d6a80000,0x00000000d6ba9068,0x00000000d6c00000)
  to   space 1536K, 0% used [0x00000000d6c00000,0x00000000d6c00000,0x00000000d6d80000)
 ParOldGen       total 68608K, used 45317K [0x0000000080000000, 0x0000000084300000, 0x00000000d5580000)
  object space 68608K, 66% used [0x0000000080000000,0x0000000082c41728,0x0000000084300000)
 Metaspace       used 54340K, committed 55808K, reserved 1114112K
  class space    used 5887K, committed 6528K, reserved 1048576K
}
Event: 15.980 GC heap before
{Heap before GC invocations=34 (full 2):
 PSYoungGen      total 23040K, used 22692K [0x00000000d5580000, 0x00000000d6d80000, 0x0000000100000000)
  eden space 21504K, 100% used [0x00000000d5580000,0x00000000d6a80000,0x00000000d6a80000)
  from space 1536K, 77% used [0x00000000d6a80000,0x00000000d6ba9068,0x00000000d6c00000)
  to   space 1536K, 0% used [0x00000000d6c00000,0x00000000d6c00000,0x00000000d6d80000)
 ParOldGen       total 68608K, used 45317K [0x0000000080000000, 0x0000000084300000, 0x00000000d5580000)
  object space 68608K, 66% used [0x0000000080000000,0x0000000082c41728,0x0000000084300000)
 Metaspace       used 55845K, committed 57280K, reserved 1114112K
  class space    used 6044K, committed 6656K, reserved 1048576K
}
Event: 15.982 GC heap after
{Heap after GC invocations=34 (full 2):
 PSYoungGen      total 22528K, used 831K [0x00000000d5580000, 0x00000000d6d00000, 0x0000000100000000)
  eden space 21504K, 0% used [0x00000000d5580000,0x00000000d5580000,0x00000000d6a80000)
  from space 1024K, 81% used [0x00000000d6c00000,0x00000000d6ccff58,0x00000000d6d00000)
  to   space 1024K, 0% used [0x00000000d6b00000,0x00000000d6b00000,0x00000000d6c00000)
 ParOldGen       total 68608K, used 45349K [0x0000000080000000, 0x0000000084300000, 0x00000000d5580000)
  object space 68608K, 66% used [0x0000000080000000,0x0000000082c49728,0x0000000084300000)
 Metaspace       used 55845K, committed 57280K, reserved 1114112K
  class space    used 6044K, committed 6656K, reserved 1048576K
}

Dll operation events (10 events):
Event: 0.014 Loaded shared library c:\Users\ASUS\.vscode\extensions\redhat.java-1.53.0-win32-x64\jre\21.0.10-win32-x86_64\bin\java.dll
Event: 0.087 Loaded shared library c:\Users\ASUS\.vscode\extensions\redhat.java-1.53.0-win32-x64\jre\21.0.10-win32-x86_64\bin\zip.dll
Event: 0.121 Loaded shared library C:\Users\ASUS\.vscode\extensions\redhat.java-1.53.0-win32-x64\jre\21.0.10-win32-x86_64\bin\instrument.dll
Event: 0.132 Loaded shared library C:\Users\ASUS\.vscode\extensions\redhat.java-1.53.0-win32-x64\jre\21.0.10-win32-x86_64\bin\net.dll
Event: 0.136 Loaded shared library C:\Users\ASUS\.vscode\extensions\redhat.java-1.53.0-win32-x64\jre\21.0.10-win32-x86_64\bin\nio.dll
Event: 0.142 Loaded shared library C:\Users\ASUS\.vscode\extensions\redhat.java-1.53.0-win32-x64\jre\21.0.10-win32-x86_64\bin\zip.dll
Event: 0.178 Loaded shared library C:\Users\ASUS\.vscode\extensions\redhat.java-1.53.0-win32-x64\jre\21.0.10-win32-x86_64\bin\jimage.dll
Event: 0.318 Loaded shared library c:\Users\ASUS\.vscode\extensions\redhat.java-1.53.0-win32-x64\jre\21.0.10-win32-x86_64\bin\verify.dll
Event: 2.078 Loaded shared library C:\Users\ASUS\AppData\Roaming\Code\User\globalStorage\redhat.java\1.53.0\config_win\org.eclipse.equinox.launcher\org.eclipse.equinox.launcher.win32.win32.x86_64_1.3.0.v20260203-2149\eclipse_11919.dll
Event: 4.128 Loaded shared library C:\Users\ASUS\AppData\Local\Temp\jna-2018896\jna1408934084997680977.dll

Deoptimization events (20 events):
Event: 15.951 Thread 0x0000010a4d1e44b0 DEOPT PACKING pc=0x0000010a768ba2a8 sp=0x0000000655bfe480
Event: 15.951 Thread 0x0000010a4d1e44b0 DEOPT UNPACKING pc=0x0000010a75ed3aa2 sp=0x0000000655bfe3e8 mode 2
Event: 16.181 Thread 0x0000010a4d1e1d50 Uncommon trap: trap_request=0xffffffcc fr.pc=0x0000010a76a854b8 relative=0x0000000000001d18
Event: 16.181 Thread 0x0000010a4d1e4b40 Uncommon trap: trap_request=0xffffffcc fr.pc=0x0000010a76a854b8 relative=0x0000000000001d18
Event: 16.181 Thread 0x0000010a4d1e1d50 Uncommon trap: reason=intrinsic_or_type_checked_inlining action=make_not_entrant pc=0x0000010a76a854b8 method=java.util.ArrayList$SubList.toArray([Ljava/lang/Object;)[Ljava/lang/Object; @ 58 c2
Event: 16.181 Thread 0x0000010a4d1e4b40 Uncommon trap: reason=intrinsic_or_type_checked_inlining action=make_not_entrant pc=0x0000010a76a854b8 method=java.util.ArrayList$SubList.toArray([Ljava/lang/Object;)[Ljava/lang/Object; @ 58 c2
Event: 16.181 Thread 0x0000010a4d1e1d50 DEOPT PACKING pc=0x0000010a76a854b8 sp=0x0000000655cfcef0
Event: 16.181 Thread 0x0000010a4d1e4b40 DEOPT PACKING pc=0x0000010a76a854b8 sp=0x0000000655dfd800
Event: 16.181 Thread 0x0000010a4d1e1d50 DEOPT UNPACKING pc=0x0000010a75ed3aa2 sp=0x0000000655cfce18 mode 2
Event: 16.181 Thread 0x0000010a4d1e4b40 DEOPT UNPACKING pc=0x0000010a75ed3aa2 sp=0x0000000655dfd728 mode 2
Event: 16.186 Thread 0x0000010a4d1e4b40 DEOPT PACKING pc=0x0000010a6fac5fc2 sp=0x0000000655dfe260
Event: 16.186 Thread 0x0000010a4d1e4b40 DEOPT UNPACKING pc=0x0000010a75ed4242 sp=0x0000000655dfd740 mode 0
Event: 16.270 Thread 0x0000010a4d1e51d0 Uncommon trap: trap_request=0xffffff45 fr.pc=0x0000010a76a96e14 relative=0x00000000000008d4
Event: 16.270 Thread 0x0000010a4d1e51d0 Uncommon trap: reason=unstable_if action=reinterpret pc=0x0000010a76a96e14 method=lombok.eclipse.EclipseNode.traverse(Llombok/eclipse/EclipseASTVisitor;)V @ 408 c2
Event: 16.270 Thread 0x0000010a4d1e51d0 DEOPT PACKING pc=0x0000010a76a96e14 sp=0x0000000655afd480
Event: 16.270 Thread 0x0000010a4d1e51d0 DEOPT UNPACKING pc=0x0000010a75ed3aa2 sp=0x0000000655afd428 mode 2
Event: 16.452 Thread 0x0000010a4d1e51d0 Uncommon trap: trap_request=0xffffff45 fr.pc=0x0000010a769ea814 relative=0x0000000000000154
Event: 16.452 Thread 0x0000010a4d1e51d0 Uncommon trap: reason=unstable_if action=reinterpret pc=0x0000010a769ea814 method=java.util.ArrayList.equals(Ljava/lang/Object;)Z @ 27 c2
Event: 16.452 Thread 0x0000010a4d1e51d0 DEOPT PACKING pc=0x0000010a769ea814 sp=0x0000000655afe630
Event: 16.452 Thread 0x0000010a4d1e51d0 DEOPT UNPACKING pc=0x0000010a75ed3aa2 sp=0x0000000655afe5c8 mode 2

Classes loaded (20 events):
Event: 14.224 Loading class java/util/Vector$1
Event: 14.224 Loading class java/util/Vector$1 done
Event: 15.314 Loading class java/util/stream/ReferencePipeline$4
Event: 15.315 Loading class java/util/stream/ReferencePipeline$4 done
Event: 15.315 Loading class java/util/stream/Nodes$IntFixedNodeBuilder
Event: 15.316 Loading class java/util/stream/Node$Builder$OfInt
Event: 15.316 Loading class java/util/stream/Node$Builder$OfInt done
Event: 15.316 Loading class java/util/stream/Nodes$IntArrayNode
Event: 15.316 Loading class java/util/stream/Nodes$IntArrayNode done
Event: 15.316 Loading class java/util/stream/Nodes$IntFixedNodeBuilder done
Event: 15.316 Loading class java/util/stream/ReferencePipeline$4$1
Event: 15.317 Loading class java/util/stream/ReferencePipeline$4$1 done
Event: 15.966 Loading class java/util/Hashtable$ValueCollection
Event: 15.966 Loading class java/util/Hashtable$ValueCollection done
Event: 16.222 Loading class java/util/WeakHashMap$KeyIterator
Event: 16.222 Loading class java/util/WeakHashMap$KeyIterator done
Event: 16.334 Loading class java/nio/charset/CharacterCodingException
Event: 16.335 Loading class java/nio/charset/CharacterCodingException done
Event: 16.335 Loading class java/io/SequenceInputStream
Event: 16.336 Loading class java/io/SequenceInputStream done

Classes unloaded (7 events):
Event: 4.987 Thread 0x0000010a6b8d1ba0 Unloading class 0x0000010a051a4c00 'java/lang/invoke/LambdaForm$MH+0x0000010a051a4c00'
Event: 4.987 Thread 0x0000010a6b8d1ba0 Unloading class 0x0000010a051a4800 'java/lang/invoke/LambdaForm$MH+0x0000010a051a4800'
Event: 4.987 Thread 0x0000010a6b8d1ba0 Unloading class 0x0000010a051a4400 'java/lang/invoke/LambdaForm$MH+0x0000010a051a4400'
Event: 4.987 Thread 0x0000010a6b8d1ba0 Unloading class 0x0000010a051a4000 'java/lang/invoke/LambdaForm$MH+0x0000010a051a4000'
Event: 4.987 Thread 0x0000010a6b8d1ba0 Unloading class 0x0000010a051a3c00 'java/lang/invoke/LambdaForm$BMH+0x0000010a051a3c00'
Event: 4.987 Thread 0x0000010a6b8d1ba0 Unloading class 0x0000010a051a3800 'java/lang/invoke/LambdaForm$DMH+0x0000010a051a3800'
Event: 4.987 Thread 0x0000010a6b8d1ba0 Unloading class 0x0000010a051a2400 'java/lang/invoke/LambdaForm$DMH+0x0000010a051a2400'

Classes redefined (0 events):
No events

Internal exceptions (20 events):
Event: 15.973 Thread 0x0000010a4d1e44b0 Exception <a 'java/lang/NoSuchMethodError'{0x00000000d67a4af0}: 'java.lang.Object java.lang.invoke.DirectMethodHandle$Holder.invokeSpecial(java.lang.Object, java.lang.Object, java.lang.Object, java.lang.Object, int, java.lang.Object, java.lang.Object)'> (0x00000000d67a4af0) 
thrown [s\src\hotspot\share\interpreter\linkResolver.cpp, line 773]
Event: 16.361 Thread 0x0000010a4d1e51d0 Exception <a 'java/io/FileNotFoundException'{0x00000000d5f32750}> (0x00000000d5f32750) 
thrown [s\src\hotspot\share\prims\jni.cpp, line 520]
Event: 16.363 Thread 0x0000010a4d1e51d0 Exception <a 'java/io/FileNotFoundException'{0x00000000d5f33760}> (0x00000000d5f33760) 
thrown [s\src\hotspot\share\prims\jni.cpp, line 520]
Event: 16.457 Thread 0x0000010a4d1e51d0 Exception <a 'sun/nio/fs/WindowsException'{0x00000000d5fbde20}> (0x00000000d5fbde20) 
thrown [s\src\hotspot\share\prims\jni.cpp, line 520]
Event: 16.457 Thread 0x0000010a4d1e51d0 Exception <a 'sun/nio/fs/WindowsException'{0x00000000d5fbe6c0}> (0x00000000d5fbe6c0) 
thrown [s\src\hotspot\share\prims\jni.cpp, line 520]
Event: 16.458 Thread 0x0000010a4d1e51d0 Exception <a 'sun/nio/fs/WindowsException'{0x00000000d5fc1d60}> (0x00000000d5fc1d60) 
thrown [s\src\hotspot\share\prims\jni.cpp, line 520]
Event: 16.458 Thread 0x0000010a4d1e51d0 Exception <a 'sun/nio/fs/WindowsException'{0x00000000d5fc2600}> (0x00000000d5fc2600) 
thrown [s\src\hotspot\share\prims\jni.cpp, line 520]
Event: 16.459 Thread 0x0000010a4d1e51d0 Exception <a 'sun/nio/fs/WindowsException'{0x00000000d5fc3ac8}> (0x00000000d5fc3ac8) 
thrown [s\src\hotspot\share\prims\jni.cpp, line 520]
Event: 16.459 Thread 0x0000010a4d1e51d0 Exception <a 'sun/nio/fs/WindowsException'{0x00000000d5fc41a0}> (0x00000000d5fc41a0) 
thrown [s\src\hotspot\share\prims\jni.cpp, line 520]
Event: 16.460 Thread 0x0000010a4d1e51d0 Exception <a 'sun/nio/fs/WindowsException'{0x00000000d5fc4f78}> (0x00000000d5fc4f78) 
thrown [s\src\hotspot\share\prims\jni.cpp, line 520]
Event: 16.460 Thread 0x0000010a4d1e51d0 Exception <a 'sun/nio/fs/WindowsException'{0x00000000d5fc5650}> (0x00000000d5fc5650) 
thrown [s\src\hotspot\share\prims\jni.cpp, line 520]
Event: 16.461 Thread 0x0000010a4d1e51d0 Exception <a 'sun/nio/fs/WindowsException'{0x00000000d5fc6420}> (0x00000000d5fc6420) 
thrown [s\src\hotspot\share\prims\jni.cpp, line 520]
Event: 16.469 Thread 0x0000010a4d1e51d0 Exception <a 'sun/nio/fs/WindowsException'{0x00000000d5fc6a70}> (0x00000000d5fc6a70) 
thrown [s\src\hotspot\share\prims\jni.cpp, line 520]
Event: 16.473 Thread 0x0000010a4d1e51d0 Exception <a 'sun/nio/fs/WindowsException'{0x00000000d5fc76f8}> (0x00000000d5fc76f8) 
thrown [s\src\hotspot\share\prims\jni.cpp, line 520]
Event: 16.473 Thread 0x0000010a4d1e51d0 Exception <a 'sun/nio/fs/WindowsException'{0x00000000d5fc7d48}> (0x00000000d5fc7d48) 
thrown [s\src\hotspot\share\prims\jni.cpp, line 520]
Event: 16.474 Thread 0x0000010a4d1e51d0 Exception <a 'sun/nio/fs/WindowsException'{0x00000000d5fc8eb8}> (0x00000000d5fc8eb8) 
thrown [s\src\hotspot\share\prims\jni.cpp, line 520]
Event: 16.474 Thread 0x0000010a4d1e51d0 Exception <a 'sun/nio/fs/WindowsException'{0x00000000d5fc9758}> (0x00000000d5fc9758) 
thrown [s\src\hotspot\share\prims\jni.cpp, line 520]
Event: 16.475 Thread 0x0000010a4d1e51d0 Exception <a 'sun/nio/fs/WindowsException'{0x00000000d5fca918}> (0x00000000d5fca918) 
thrown [s\src\hotspot\share\prims\jni.cpp, line 520]
Event: 16.475 Thread 0x0000010a4d1e51d0 Exception <a 'sun/nio/fs/WindowsException'{0x00000000d5fcb1b8}> (0x00000000d5fcb1b8) 
thrown [s\src\hotspot\share\prims\jni.cpp, line 520]
Event: 16.491 Thread 0x0000010a4d1e51d0 Exception <a 'java/lang/IncompatibleClassChangeError'{0x00000000d6029e68}: Found class java.lang.Object, but interface was expected> (0x00000000d6029e68) 
thrown [s\src\hotspot\share\interpreter\linkResolver.cpp, line 840]

ZGC Phase Switch (0 events):
No events

VM Operations (20 events):
Event: 13.463 Executing non-safepoint VM operation: HandshakeAllThreads (Deoptimize)
Event: 13.463 Executing non-safepoint VM operation: HandshakeAllThreads (Deoptimize) done
Event: 13.502 Executing non-safepoint VM operation: HandshakeAllThreads (Deoptimize)
Event: 13.503 Executing non-safepoint VM operation: HandshakeAllThreads (Deoptimize) done
Event: 13.557 Executing safepoint VM operation: ParallelGCFailedAllocation (Allocation Failure)
Event: 13.563 Executing safepoint VM operation: ParallelGCFailedAllocation (Allocation Failure) done
Event: 14.563 Executing safepoint VM operation: Cleanup
Event: 14.563 Executing safepoint VM operation: Cleanup done
Event: 14.724 Executing safepoint VM operation: ParallelGCFailedAllocation (Allocation Failure)
Event: 14.727 Executing safepoint VM operation: ParallelGCFailedAllocation (Allocation Failure) done
Event: 15.454 Executing safepoint VM operation: ParallelGCFailedAllocation (Allocation Failure)
Event: 15.458 Executing safepoint VM operation: ParallelGCFailedAllocation (Allocation Failure) done
Event: 15.636 Executing safepoint VM operation: ParallelGCFailedAllocation (Allocation Failure)
Event: 15.638 Executing safepoint VM operation: ParallelGCFailedAllocation (Allocation Failure) done
Event: 15.852 Executing non-safepoint VM operation: HandshakeAllThreads (Deoptimize)
Event: 15.852 Executing non-safepoint VM operation: HandshakeAllThreads (Deoptimize) done
Event: 15.980 Executing safepoint VM operation: ParallelGCFailedAllocation (Allocation Failure)
Event: 15.982 Executing safepoint VM operation: ParallelGCFailedAllocation (Allocation Failure) done
Event: 16.266 Executing non-safepoint VM operation: HandshakeAllThreads (Deoptimize)
Event: 16.266 Executing non-safepoint VM operation: HandshakeAllThreads (Deoptimize) done

Memory protections (0 events):
No events

Nmethod flushes (20 events):
Event: 7.348 Thread 0x0000010a6b8d1ba0 flushing  nmethod 0x0000010a6f12d910
Event: 7.348 Thread 0x0000010a6b8d1ba0 flushing  nmethod 0x0000010a6f12eb10
Event: 7.348 Thread 0x0000010a6b8d1ba0 flushing  nmethod 0x0000010a6f12f310
Event: 7.348 Thread 0x0000010a6b8d1ba0 flushing  nmethod 0x0000010a6f130410
Event: 7.348 Thread 0x0000010a6b8d1ba0 flushing  nmethod 0x0000010a6f131510
Event: 7.348 Thread 0x0000010a6b8d1ba0 flushing  nmethod 0x0000010a6f131e10
Event: 7.348 Thread 0x0000010a6b8d1ba0 flushing  nmethod 0x0000010a6f133210
Event: 7.348 Thread 0x0000010a6b8d1ba0 flushing  nmethod 0x0000010a6f134c90
Event: 7.348 Thread 0x0000010a6b8d1ba0 flushing  nmethod 0x0000010a6f136710
Event: 7.348 Thread 0x0000010a6b8d1ba0 flushing  nmethod 0x0000010a6f17b190
Event: 7.348 Thread 0x0000010a6b8d1ba0 flushing  nmethod 0x0000010a6f181a10
Event: 7.348 Thread 0x0000010a6b8d1ba0 flushing  nmethod 0x0000010a6f1a2c10
Event: 7.348 Thread 0x0000010a6b8d1ba0 flushing  nmethod 0x0000010a6f1a3010
Event: 7.348 Thread 0x0000010a6b8d1ba0 flushing  nmethod 0x0000010a6f1fa610
Event: 7.348 Thread 0x0000010a6b8d1ba0 flushing  nmethod 0x0000010a6f21bd90
Event: 7.348 Thread 0x0000010a6b8d1ba0 flushing  nmethod 0x0000010a6f220f90
Event: 7.348 Thread 0x0000010a6b8d1ba0 flushing  nmethod 0x0000010a6f235210
Event: 7.348 Thread 0x0000010a6b8d1ba0 flushing  nmethod 0x0000010a6f265f90
Event: 7.348 Thread 0x0000010a6b8d1ba0 flushing  nmethod 0x0000010a6f28d310
Event: 7.348 Thread 0x0000010a6b8d1ba0 flushing  nmethod 0x0000010a6f28d790

Events (20 events):
Event: 7.505 Thread 0x0000010a6952b3d0 Thread added: 0x0000010a4d1e3100
Event: 7.506 Thread 0x0000010a6952b3d0 Thread added: 0x0000010a4d1dfc80
Event: 7.506 Thread 0x0000010a6952b3d0 Thread added: 0x0000010a4d1e2a70
Event: 7.507 Thread 0x0000010a6952b3d0 Thread added: 0x0000010a4d1e23e0
Event: 7.507 Thread 0x0000010a6952b3d0 Thread added: 0x0000010a4d1e3e20
Event: 7.617 Thread 0x0000010a6952b3d0 Thread added: 0x0000010a4d1e09a0
Event: 7.748 Thread 0x0000010a7f837a60 Thread added: 0x0000010a4a49fba0
Event: 7.802 Thread 0x0000010a7f837a60 Thread added: 0x0000010a4a4d4810
Event: 8.079 Thread 0x0000010a7f5bd8f0 Thread added: 0x0000010a4d901ef0
Event: 8.169 Thread 0x0000010a6952b3d0 Thread added: 0x0000010a4d1e1030
Event: 8.170 Thread 0x0000010a6952b3d0 Thread added: 0x0000010a4d1e51d0
Event: 11.846 Thread 0x0000010a4d1e51d0 Thread added: 0x0000010a4d1e44b0
Event: 11.848 Thread 0x0000010a4d1e51d0 Thread added: 0x0000010a4d1e1d50
Event: 11.852 Thread 0x0000010a4d1e51d0 Thread added: 0x0000010a4d1e4b40
Event: 11.853 Thread 0x0000010a4d1e51d0 Thread added: 0x0000010a4d1e6c10
Event: 14.503 Thread 0x0000010a4d901ef0 Thread exited: 0x0000010a4d901ef0
Event: 14.503 Thread 0x0000010a4a4d4810 Thread exited: 0x0000010a4a4d4810
Event: 14.503 Thread 0x0000010a4a49fba0 Thread exited: 0x0000010a4a49fba0
Event: 14.537 Thread 0x0000010a4b2bef90 Thread exited: 0x0000010a4b2bef90
Event: 15.794 Thread 0x0000010a7f5bc840 Thread added: 0x0000010a4b2bef90


Dynamic libraries:
0x00007ff6d8840000 - 0x00007ff6d884e000 	c:\Users\ASUS\.vscode\extensions\redhat.java-1.53.0-win32-x64\jre\21.0.10-win32-x86_64\bin\java.exe
0x00007ffbe9d40000 - 0x00007ffbe9fa9000 	C:\WINDOWS\SYSTEM32\ntdll.dll
0x00007ffbe8250000 - 0x00007ffbe8319000 	C:\WINDOWS\System32\KERNEL32.DLL
0x00007ffbe70d0000 - 0x00007ffbe74c3000 	C:\WINDOWS\System32\KERNELBASE.dll
0x00007ffbe78e0000 - 0x00007ffbe7a2b000 	C:\WINDOWS\System32\ucrtbase.dll
0x00007ffbaf260000 - 0x00007ffbaf278000 	c:\Users\ASUS\.vscode\extensions\redhat.java-1.53.0-win32-x64\jre\21.0.10-win32-x86_64\bin\jli.dll
0x00007ffbe7ba0000 - 0x00007ffbe7d64000 	C:\WINDOWS\System32\USER32.dll
0x00007ffbe7730000 - 0x00007ffbe7757000 	C:\WINDOWS\System32\win32u.dll
0x00007ffbccab0000 - 0x00007ffbccd43000 	C:\WINDOWS\WinSxS\amd64_microsoft.windows.common-controls_6595b64144ccf1df_6.0.26100.5074_none_3e0d6f78e32fd63f\COMCTL32.dll
0x00007ffbe7e20000 - 0x00007ffbe7e4b000 	C:\WINDOWS\System32\GDI32.dll
0x00007ffbaf240000 - 0x00007ffbaf25e000 	c:\Users\ASUS\.vscode\extensions\redhat.java-1.53.0-win32-x64\jre\21.0.10-win32-x86_64\bin\VCRUNTIME140.dll
0x00007ffbe8530000 - 0x00007ffbe85d9000 	C:\WINDOWS\System32\msvcrt.dll
0x00007ffbe7570000 - 0x00007ffbe769d000 	C:\WINDOWS\System32\gdi32full.dll
0x00007ffbe7a30000 - 0x00007ffbe7ad3000 	C:\WINDOWS\System32\msvcp_win.dll
0x00007ffbe9c10000 - 0x00007ffbe9c3f000 	C:\WINDOWS\System32\IMM32.DLL
0x00007ffbe0b60000 - 0x00007ffbe0b6c000 	c:\Users\ASUS\.vscode\extensions\redhat.java-1.53.0-win32-x64\jre\21.0.10-win32-x86_64\bin\vcruntime140_1.dll
0x00007ffb6d6d0000 - 0x00007ffb6d75d000 	c:\Users\ASUS\.vscode\extensions\redhat.java-1.53.0-win32-x64\jre\21.0.10-win32-x86_64\bin\msvcp140.dll
0x00007ffb6c920000 - 0x00007ffb6d6c1000 	c:\Users\ASUS\.vscode\extensions\redhat.java-1.53.0-win32-x64\jre\21.0.10-win32-x86_64\bin\server\jvm.dll
0x00007ffbe7ae0000 - 0x00007ffbe7b94000 	C:\WINDOWS\System32\ADVAPI32.dll
0x00007ffbe7ef0000 - 0x00007ffbe7f96000 	C:\WINDOWS\System32\sechost.dll
0x00007ffbe8410000 - 0x00007ffbe8528000 	C:\WINDOWS\System32\RPCRT4.dll
0x00007ffbe85e0000 - 0x00007ffbe8654000 	C:\WINDOWS\System32\WS2_32.dll
0x00007ffbe6d00000 - 0x00007ffbe6d5e000 	C:\WINDOWS\SYSTEM32\POWRPROF.dll
0x00007ffbdfdf0000 - 0x00007ffbdfdfb000 	C:\WINDOWS\SYSTEM32\VERSION.dll
0x00007ffbda490000 - 0x00007ffbda4c5000 	C:\WINDOWS\SYSTEM32\WINMM.dll
0x00007ffbe6ce0000 - 0x00007ffbe6cf4000 	C:\WINDOWS\SYSTEM32\UMPDC.dll
0x00007ffbe5c40000 - 0x00007ffbe5c5b000 	C:\WINDOWS\SYSTEM32\kernel.appcore.dll
0x00007ffbbe700000 - 0x00007ffbbe70a000 	c:\Users\ASUS\.vscode\extensions\redhat.java-1.53.0-win32-x64\jre\21.0.10-win32-x86_64\bin\jimage.dll
0x00007ffbd8ac0000 - 0x00007ffbd8d02000 	C:\WINDOWS\SYSTEM32\DBGHELP.DLL
0x00007ffbe8670000 - 0x00007ffbe89eb000 	C:\WINDOWS\System32\combase.dll
0x00007ffbe8320000 - 0x00007ffbe83f7000 	C:\WINDOWS\System32\OLEAUT32.dll
0x00007ffbcfe20000 - 0x00007ffbcfe5d000 	C:\WINDOWS\SYSTEM32\dbgcore.DLL
0x00007ffbe74d0000 - 0x00007ffbe7569000 	C:\WINDOWS\System32\bcryptPrimitives.dll
0x00007ffbbdee0000 - 0x00007ffbbdeef000 	c:\Users\ASUS\.vscode\extensions\redhat.java-1.53.0-win32-x64\jre\21.0.10-win32-x86_64\bin\instrument.dll
0x00007ffbaf220000 - 0x00007ffbaf240000 	c:\Users\ASUS\.vscode\extensions\redhat.java-1.53.0-win32-x64\jre\21.0.10-win32-x86_64\bin\java.dll
0x00007ffbe9190000 - 0x00007ffbe98dd000 	C:\WINDOWS\System32\SHELL32.dll
0x00007ffbe6ea0000 - 0x00007ffbe700c000 	C:\WINDOWS\System32\wintypes.dll
0x00007ffbe4ab0000 - 0x00007ffbe5309000 	C:\WINDOWS\SYSTEM32\windows.storage.dll
0x00007ffbe89f0000 - 0x00007ffbe8ae0000 	C:\WINDOWS\System32\SHCORE.dll
0x00007ffbe9120000 - 0x00007ffbe9182000 	C:\WINDOWS\System32\shlwapi.dll
0x00007ffbe6dc0000 - 0x00007ffbe6de9000 	C:\WINDOWS\SYSTEM32\profapi.dll
0x00007ffbaf190000 - 0x00007ffbaf1a8000 	c:\Users\ASUS\.vscode\extensions\redhat.java-1.53.0-win32-x64\jre\21.0.10-win32-x86_64\bin\zip.dll
0x00007ffbaf210000 - 0x00007ffbaf220000 	C:\Users\ASUS\.vscode\extensions\redhat.java-1.53.0-win32-x64\jre\21.0.10-win32-x86_64\bin\net.dll
0x00007ffbe1650000 - 0x00007ffbe176f000 	C:\WINDOWS\SYSTEM32\WINHTTP.dll
0x00007ffbe61a0000 - 0x00007ffbe620b000 	C:\WINDOWS\system32\mswsock.dll
0x00007ffbaf170000 - 0x00007ffbaf186000 	C:\Users\ASUS\.vscode\extensions\redhat.java-1.53.0-win32-x64\jre\21.0.10-win32-x86_64\bin\nio.dll
0x00007ffbaf160000 - 0x00007ffbaf170000 	c:\Users\ASUS\.vscode\extensions\redhat.java-1.53.0-win32-x64\jre\21.0.10-win32-x86_64\bin\verify.dll
0x00007ffbaf2b0000 - 0x00007ffbaf2f5000 	C:\Users\ASUS\AppData\Roaming\Code\User\globalStorage\redhat.java\1.53.0\config_win\org.eclipse.equinox.launcher\org.eclipse.equinox.launcher.win32.win32.x86_64_1.3.0.v20260203-2149\eclipse_11919.dll
0x00007ffbe8f80000 - 0x00007ffbe9118000 	C:\WINDOWS\System32\ole32.dll
0x00007ffbe6570000 - 0x00007ffbe658b000 	C:\WINDOWS\SYSTEM32\CRYPTSP.dll
0x00007ffbe5ba0000 - 0x00007ffbe5bdb000 	C:\WINDOWS\system32\rsaenh.dll
0x00007ffbe6240000 - 0x00007ffbe626b000 	C:\WINDOWS\SYSTEM32\USERENV.dll
0x00007ffbe6d90000 - 0x00007ffbe6db6000 	C:\WINDOWS\SYSTEM32\bcrypt.dll
0x00007ffbe63d0000 - 0x00007ffbe63dc000 	C:\WINDOWS\SYSTEM32\CRYPTBASE.dll
0x00007ffbe5680000 - 0x00007ffbe56b4000 	C:\WINDOWS\SYSTEM32\IPHLPAPI.DLL
0x00007ffbe8660000 - 0x00007ffbe866a000 	C:\WINDOWS\System32\NSI.dll
0x00007ffbe0b70000 - 0x00007ffbe0bb9000 	C:\Users\ASUS\AppData\Local\Temp\jna-2018896\jna1408934084997680977.dll
0x00007ffbe7fa0000 - 0x00007ffbe7fa8000 	C:\WINDOWS\System32\PSAPI.DLL
0x00007ffbe1830000 - 0x00007ffbe184e000 	C:\WINDOWS\SYSTEM32\dhcpcsvc6.DLL
0x00007ffbe1780000 - 0x00007ffbe17a3000 	C:\WINDOWS\SYSTEM32\dhcpcsvc.DLL

JVMTI agents:
c:\Users\ASUS\.vscode\extensions\redhat.java-1.53.0-win32-x64\lombok\lombok-1.18.39-4050.jar path:c:\Users\ASUS\.vscode\extensions\redhat.java-1.53.0-win32-x64\jre\21.0.10-win32-x86_64\bin\instrument.dll, loaded, initialized, instrumentlib options:none

dbghelp: loaded successfully - version: 4.0.5 - missing functions: none
symbol engine: initialized successfully - sym options: 0x614 - pdb path: .;c:\Users\ASUS\.vscode\extensions\redhat.java-1.53.0-win32-x64\jre\21.0.10-win32-x86_64\bin;C:\WINDOWS\SYSTEM32;C:\WINDOWS\WinSxS\amd64_microsoft.windows.common-controls_6595b64144ccf1df_6.0.26100.5074_none_3e0d6f78e32fd63f;c:\Users\ASUS\.vscode\extensions\redhat.java-1.53.0-win32-x64\jre\21.0.10-win32-x86_64\bin\server;C:\Users\ASUS\AppData\Roaming\Code\User\globalStorage\redhat.java\1.53.0\config_win\org.eclipse.equinox.launcher\org.eclipse.equinox.launcher.win32.win32.x86_64_1.3.0.v20260203-2149;C:\Users\ASUS\AppData\Local\Temp\jna-2018896

VM Arguments:
jvm_args: --add-modules=ALL-SYSTEM --add-opens=java.base/java.util=ALL-UNNAMED --add-opens=java.base/java.lang=ALL-UNNAMED --add-opens=java.base/sun.nio.fs=ALL-UNNAMED -Declipse.application=org.eclipse.jdt.ls.core.id1 -Dosgi.bundles.defaultStartLevel=4 -Declipse.product=org.eclipse.jdt.ls.core.product -Djava.import.generatesMetadataFilesAtProjectRoot=false -DDetectVMInstallationsJob.disabled=true -Dfile.encoding=utf8 -XX:+UseParallelGC -XX:GCTimeRatio=4 -XX:AdaptiveSizePolicyWeight=90 -Dsun.zip.disableMemoryMapping=true -Xmx2G -Xms100m -Xlog:disable -javaagent:c:\Users\ASUS\.vscode\extensions\redhat.java-1.53.0-win32-x64\lombok\lombok-1.18.39-4050.jar -XX:+HeapDumpOnOutOfMemoryError -XX:HeapDumpPath=c:\Users\ASUS\AppData\Roaming\Code\User\workspaceStorage\072664e477a3092332c4219defd89c4c\redhat.java -Daether.dependencyCollector.impl=bf 
java_command: c:\Users\ASUS\.vscode\extensions\redhat.java-1.53.0-win32-x64\server\plugins\org.eclipse.equinox.launcher_1.7.100.v20251111-0406.jar -configuration c:\Users\ASUS\AppData\Roaming\Code\User\globalStorage\redhat.java\1.53.0\config_win -data c:\Users\ASUS\AppData\Roaming\Code\User\workspaceStorage\072664e477a3092332c4219defd89c4c\redhat.java\jdt_ws --pipe=\\.\pipe\lsp-2ed11d8ea990fb12057bbbc4b54b480f-sock
java_class_path (initial): c:\Users\ASUS\.vscode\extensions\redhat.java-1.53.0-win32-x64\server\plugins\org.eclipse.equinox.launcher_1.7.100.v20251111-0406.jar
Launcher Type: SUN_STANDARD

[Global flags]
    uintx AdaptiveSizePolicyWeight                 = 90                                        {product} {command line}
     intx CICompilerCount                          = 12                                        {product} {ergonomic}
    uintx GCTimeRatio                              = 4                                         {product} {command line}
     bool HeapDumpOnOutOfMemoryError               = true                                   {manageable} {command line}
    ccstr HeapDumpPath                             = c:\Users\ASUS\AppData\Roaming\Code\User\workspaceStorage\072664e477a3092332c4219defd89c4c\redhat.java         {manageable} {command line}
   size_t InitialHeapSize                          = 104857600                                 {product} {command line}
   size_t MaxHeapSize                              = 2147483648                                {product} {command line}
   size_t MaxNewSize                               = 715653120                                 {product} {ergonomic}
   size_t MinHeapDeltaBytes                        = 524288                                    {product} {ergonomic}
   size_t MinHeapSize                              = 104857600                                 {product} {command line}
   size_t NewSize                                  = 34603008                                  {product} {ergonomic}
    uintx NonNMethodCodeHeapSize                   = 7602480                                {pd product} {ergonomic}
    uintx NonProfiledCodeHeapSize                  = 122027880                              {pd product} {ergonomic}
   size_t OldSize                                  = 70254592                                  {product} {ergonomic}
    uintx ProfiledCodeHeapSize                     = 122027880                              {pd product} {ergonomic}
    uintx ReservedCodeCacheSize                    = 251658240                              {pd product} {ergonomic}
     bool SegmentedCodeCache                       = true                                      {product} {ergonomic}
   size_t SoftMaxHeapSize                          = 2147483648                             {manageable} {ergonomic}
     bool UseCompressedOops                        = true                           {product lp64_product} {ergonomic}
     bool UseLargePagesIndividualAllocation        = false                                  {pd product} {ergonomic}
     bool UseParallelGC                            = true                                      {product} {command line}

Logging:
Log output configuration:
 #0: stdout all=off uptime,level,tags foldmultilines=false
 #1: stderr all=off uptime,level,tags foldmultilines=false

Release file:
JAVA_VERSION="21.0.10" 
MODULES="java.base java.compiler java.datatransfer java.xml java.prefs java.desktop java.instrument java.logging java.management java.security.sasl java.naming java.rmi java.management.rmi java.net.http java.scripting java.security.jgss java.transaction.xa java.sql java.sql.rowset java.xml.crypto java.se java.smartcardio jdk.accessibility jdk.internal.jvmstat jdk.attach jdk.charsets jdk.internal.opt jdk.zipfs jdk.compiler jdk.crypto.ec jdk.crypto.cryptoki jdk.crypto.mscapi jdk.dynalink jdk.internal.ed jdk.editpad jdk.hotspot.agent jdk.httpserver jdk.internal.le jdk.internal.vm.ci jdk.internal.vm.compiler jdk.internal.vm.compiler.management jdk.jartool jdk.javadoc jdk.jcmd jdk.management jdk.management.agent jdk.jconsole jdk.jdeps jdk.jdwp.agent jdk.jdi jdk.jfr jdk.jshell jdk.jsobject jdk.jstatd jdk.localedata jdk.management.jfr jdk.naming.dns jdk.naming.rmi jdk.net jdk.nio.mapmode jdk.random jdk.sctp jdk.security.auth jdk.security.jgss jdk.unsupported jdk.unsupported.desktop jdk.xml.dom" 

Environment Variables:
PATH=C:\Visaul Studio\Microsoft VS Code;C:\Program Files\Java\jdk-25\bin;C:\Program Files\Python313\Scripts\;C:\Program Files\Python313\;C:\Program Files (x86)\VMware\VMware Workstation\bin\;C:\WINDOWS\system32;C:\WINDOWS;C:\WINDOWS\System32\Wbem;C:\WINDOWS\System32\WindowsPowerShell\v1.0\;C:\WINDOWS\System32\OpenSSH\;C:\Program Files\NVIDIA Corporation\NVIDIA App\NvDLISR;C:\Program Files (x86)\NVIDIA Corporation\PhysX\Common;C:\Program Files\dotnet\;C:\php-8.4.7;C:\ProgramData\ComposerSetup\bin;C:\Program Files\nodejs\;C:\Program Files\Git\cmd;C:\Program Files\MongoDB\Server\8.2\bin;C:\Program Files\Java\jdk-25\;;C:\ProgramData\chocolatey\bin;C:\Program Files\Microsoft SQL Server\150\Tools\Binn\;C:\Program Files\Microsoft SQL Server\Client SDK\ODBC\170\Tools\Binn\;C:\Program Files\Microsoft SQL Server\170\DTS\Binn\;C:\Program Files\Docker\Docker\resources\bin;c:\Users\ASUS\AppData\Local\Programs\cursor\resources\app\codeBin;C:\Program Files\Java\jdk-25\bin;C:\Users\ASUS\AppData\Local\Microsoft\WindowsApps;C:\Visaul Studio\Microsoft VS Code\bin;C:\Users\ASUS\AppData\Local\Programs\Azure Data Studio\bin;C:\Program Files\Azure Data Studio\bin;C:\Users\ASUS\AppData\Local\GitHubDesktop\bin;C:\Users\ASUS\AppData\Roaming\Composer\vendor\bin;C:\Users\ASUS\AppData\Roaming\npm;C:\Program Files\mongosh\;C:\Program Files\IntelliJ IDEA 2025.2.3\bin;C:\Program Files\JetBrains\WebStorm 2025.2.3\bin;C:\Program Files (x86)\Microsoft Visual Studio\Shared\NuGetPackages\microsoft.visualstudio.javascript.sdk;C:\Program Files\Java\jdk-25\;C:\Users\ASUS\.dotnet\tools;C:\Users\ASUS\AppData\Local\Microsoft\WinGet\Links;C:\Users\ASUS\AppData\Local\Programs\Antigravity\bin;C:\Users\ASUS\AppData\Local\Programs\cursor\resources\app\bin
USERNAME=ASUS
OS=Windows_NT
PROCESSOR_IDENTIFIER=AMD64 Family 25 Model 68 Stepping 1, AuthenticAMD
TMP=C:\Users\ASUS\AppData\Local\Temp
TEMP=C:\Users\ASUS\AppData\Local\Temp




Periodic native trim disabled

---------------  S Y S T E M  ---------------

OS:
 Windows 11 , 64 bit Build 26100 (10.0.26100.5074)
OS uptime: 0 days 0:06 hours
Hyper-V role detected

CPU: total 16 (initial active 16) (16 cores per cpu, 2 threads per core) family 25 model 68 stepping 1 microcode 0xa404107, cx8, cmov, fxsr, ht, mmx, 3dnowpref, sse, sse2, sse3, ssse3, sse4a, sse4.1, sse4.2, popcnt, lzcnt, tsc, tscinvbit, avx, avx2, aes, erms, clmul, bmi1, bmi2, adx, sha, fma, vzeroupper, clflush, clflushopt, hv, rdtscp, rdpid, fsrm, f16c, cet_ss
Processor Information for processor 0
  Max Mhz: 3100, Current Mhz: 3100, Mhz Limit: 3100
Processor Information for processor 1
  Max Mhz: 3100, Current Mhz: 3100, Mhz Limit: 3100
Processor Information for processor 2
  Max Mhz: 3100, Current Mhz: 3100, Mhz Limit: 3100
Processor Information for processor 3
  Max Mhz: 3100, Current Mhz: 3100, Mhz Limit: 3100
Processor Information for processor 4
  Max Mhz: 3100, Current Mhz: 3100, Mhz Limit: 3100
Processor Information for processor 5
  Max Mhz: 3100, Current Mhz: 3100, Mhz Limit: 3100
Processor Information for processor 6
  Max Mhz: 3100, Current Mhz: 3100, Mhz Limit: 3100
Processor Information for processor 7
  Max Mhz: 3100, Current Mhz: 3100, Mhz Limit: 3100
Processor Information for processor 8
  Max Mhz: 3100, Current Mhz: 3100, Mhz Limit: 3100
Processor Information for processor 9
  Max Mhz: 3100, Current Mhz: 3100, Mhz Limit: 3100
Processor Information for processor 10
  Max Mhz: 3100, Current Mhz: 3100, Mhz Limit: 3100
Processor Information for processor 11
  Max Mhz: 3100, Current Mhz: 2523, Mhz Limit: 3100
Processor Information for processor 12
  Max Mhz: 3100, Current Mhz: 3100, Mhz Limit: 3100
Processor Information for processor 13
  Max Mhz: 3100, Current Mhz: 3100, Mhz Limit: 3100
Processor Information for processor 14
  Max Mhz: 3100, Current Mhz: 3100, Mhz Limit: 3100
Processor Information for processor 15
  Max Mhz: 3100, Current Mhz: 2523, Mhz Limit: 3100

Memory: 4k page, system-wide physical 8010M (427M free)
TotalPageFile size 22662M (AvailPageFile size 0M)
current process WorkingSet (physical memory assigned to process): 248M, peak: 289M
current process commit charge ("private bytes"): 370M, peak: 412M

vm_info: OpenJDK 64-Bit Server VM (21.0.10+7-LTS) for windows-amd64 JRE (21.0.10+7-LTS), built on 2026-01-20T00:00:00Z by "admin" with MS VC++ 17.12 (VS2022)

END.
