#
# There is insufficient memory for the Java Runtime Environment to continue.
# Native memory allocation (malloc) failed to allocate 1089104 bytes. Error detail: Chunk::new
# Possible reasons:
#   The system is out of physical RAM or swap space
#   This process is running with CompressedOops enabled, and the Java Heap may be blocking the growth of the native heap
# Possible solutions:
#   Reduce memory load on the system
#   Increase physical memory or swap space
#   Check if swap backing store is full
#   Decrease Java heap size (-Xmx/-Xms)
#   Decrease number of Java threads
#   Decrease Java thread stack sizes (-Xss)
#   Set larger code cache with -XX:ReservedCodeCacheSize=
#   JVM is running with Unscaled Compressed Oops mode in which the Java heap is
#     placed in the first 4GB address space. The Java Heap base address is the
#     maximum limit for the native heap growth. Please use -XX:HeapBaseMinAddress
#     to set the Java Heap base and to place the Java Heap above 4GB virtual address.
# This output file may be truncated or incomplete.
#
#  Out of Memory Error (arena.cpp:168), pid=2488, tid=22104
#
# JRE version: OpenJDK Runtime Environment Temurin-21.0.10+7 (21.0.10+7) (build 21.0.10+7-LTS)
# Java VM: OpenJDK 64-Bit Server VM Temurin-21.0.10+7 (21.0.10+7-LTS, mixed mode, sharing, tiered, compressed oops, compressed class ptrs, parallel gc, windows-amd64)
# No core dump will be written. Minidumps are not enabled by default on client versions of Windows
#

---------------  S U M M A R Y ------------

Command Line: --add-modules=ALL-SYSTEM --add-opens=java.base/java.util=ALL-UNNAMED --add-opens=java.base/java.lang=ALL-UNNAMED --add-opens=java.base/sun.nio.fs=ALL-UNNAMED -Declipse.application=org.eclipse.jdt.ls.core.id1 -Dosgi.bundles.defaultStartLevel=4 -Declipse.product=org.eclipse.jdt.ls.core.product -Djava.import.generatesMetadataFilesAtProjectRoot=false -DDetectVMInstallationsJob.disabled=true -Dfile.encoding=utf8 -XX:+UseParallelGC -XX:GCTimeRatio=4 -XX:AdaptiveSizePolicyWeight=90 -Dsun.zip.disableMemoryMapping=true -Xmx2G -Xms100m -Xlog:disable -javaagent:c:\Users\ASUS\.vscode\extensions\redhat.java-1.53.0-win32-x64\lombok\lombok-1.18.39-4050.jar -XX:+HeapDumpOnOutOfMemoryError -XX:HeapDumpPath=c:\Users\ASUS\AppData\Roaming\Code\User\workspaceStorage\072664e477a3092332c4219defd89c4c\redhat.java -Daether.dependencyCollector.impl=bf c:\Users\ASUS\.vscode\extensions\redhat.java-1.53.0-win32-x64\server\plugins\org.eclipse.equinox.launcher_1.7.100.v20251111-0406.jar -configuration c:\Users\ASUS\AppData\Roaming\Code\User\globalStorage\redhat.java\1.53.0\config_win -data c:\Users\ASUS\AppData\Roaming\Code\User\workspaceStorage\072664e477a3092332c4219defd89c4c\redhat.java\jdt_ws --pipe=\\.\pipe\lsp-23c6654c1ef324ef01d3d185ad8ada24-sock

Host: AMD Ryzen 7 7435HS                             , 16 cores, 7G,  Windows 11 , 64 bit Build 26100 (10.0.26100.5074)
Time: Thu Apr  2 14:49:23 2026 SE Asia Standard Time elapsed time: 31.987231 seconds (0d 0h 0m 31s)

---------------  T H R E A D  ---------------

Current thread (0x0000021c721ea3a0):  JavaThread "C2 CompilerThread1" daemon [_thread_in_native, id=22104, stack(0x000000f08a300000,0x000000f08a400000) (1024K)]


Current CompileTask:
C2:31987 13256   !   4       org.eclipse.jdt.internal.core.NameLookup::getModuleDescription (232 bytes)

Stack: [0x000000f08a300000,0x000000f08a400000]
Native frames: (J=compiled Java code, j=interpreted, Vv=VM code, C=native code)
V  [jvm.dll+0x6d7a39]
V  [jvm.dll+0x8b4b26]
V  [jvm.dll+0x8b70de]
V  [jvm.dll+0x8b77c3]
V  [jvm.dll+0x284346]
V  [jvm.dll+0xc66ed]
V  [jvm.dll+0xc6c31]
V  [jvm.dll+0x3bec3b]
V  [jvm.dll+0x1e3f69]
V  [jvm.dll+0x24c6b3]
V  [jvm.dll+0x24bb40]
V  [jvm.dll+0x1cb34e]
V  [jvm.dll+0x25b85d]
V  [jvm.dll+0x259dea]
V  [jvm.dll+0x3f857e]
V  [jvm.dll+0x85f59d]
V  [jvm.dll+0x6d626d]
C  [ucrtbase.dll+0x37b0]
C  [KERNEL32.DLL+0x2e8d7]
C  [ntdll.dll+0x8d9c]


---------------  P R O C E S S  ---------------

Threads class SMR info:
_java_thread_list=0x0000021c7170e460, length=101, elements={
0x0000021c112505e0, 0x0000021c112f13d0, 0x0000021c112f67d0, 0x0000021c112f90b0,
0x0000021c112f9f90, 0x0000021c112fe470, 0x0000021c112ff000, 0x0000021c11302db0,
0x0000021c1130e8e0, 0x0000021c6a2795a0, 0x0000021c70086760, 0x0000021c7086a3d0,
0x0000021c704ed6d0, 0x0000021c704b4a80, 0x0000021c707dac10, 0x0000021c708b9800,
0x0000021c701caee0, 0x0000021c70054c70, 0x0000021c70b243c0, 0x0000021c70b24a50,
0x0000021c70b250e0, 0x0000021c70b23d30, 0x0000021c72717480, 0x0000021c72716df0,
0x0000021c72717b10, 0x0000021c72718830, 0x0000021c72716760, 0x0000021c727181a0,
0x0000021c727160d0, 0x0000021c72715a40, 0x0000021c727153b0, 0x0000021c72719550,
0x0000021c7271bcb0, 0x0000021c7271af90, 0x0000021c7271a270, 0x0000021c7271c340,
0x0000021c7271a900, 0x0000021c72718ec0, 0x0000021c7271c9d0, 0x0000021c7271b620,
0x0000021c72719be0, 0x0000021c712cd880, 0x0000021c712cdf10, 0x0000021c712cec30,
0x0000021c712d1390, 0x0000021c712d0d00, 0x0000021c72fc2f20, 0x0000021c72f10cc0,
0x0000021c721ea3a0, 0x0000021c712d0670, 0x0000021c712cffe0, 0x0000021c712d20b0,
0x0000021c712d1a20, 0x0000021c712d2740, 0x0000021c712cf2c0, 0x0000021c712d2dd0,
0x0000021c712cf950, 0x0000021c712d4810, 0x0000021c7129cde0, 0x0000021c712d4ea0,
0x0000021c712d3460, 0x0000021c712d3af0, 0x0000021c70b444c0, 0x0000021c70b43e30,
0x0000021c70b451e0, 0x0000021c70b46590, 0x0000021c70b46c20, 0x0000021c70b472b0,
0x0000021c70b47fd0, 0x0000021c70b47940, 0x0000021c70b44b50, 0x0000021c70b48660,
0x0000021c70b45f00, 0x0000021c70b45870, 0x0000021c70b4a730, 0x0000021c70b48cf0,
0x0000021c70b4adc0, 0x0000021c70b49380, 0x0000021c70b4b450, 0x0000021c70b49a10,
0x0000021c70b4a0a0, 0x0000021c7200a130, 0x0000021c720079d0, 0x0000021c72008060,
0x0000021c72007340, 0x0000021c72008d80, 0x0000021c720086f0, 0x0000021c72006cb0,
0x0000021c7200ae50, 0x0000021c7200c200, 0x0000021c72009aa0, 0x0000021c7200dc40,
0x0000021c7200e2d0, 0x0000021c7200d5b0, 0x0000021c71ef8a80, 0x0000021c71ef83f0,
0x0000021c71ef9110, 0x0000021c71ef97a0, 0x0000021c71ef6320, 0x0000021c71ef9e30,
0x0000021c71ef69b0
}

Java Threads: ( => current thread )
  0x0000021c112505e0 JavaThread "main"                              [_thread_blocked, id=32804, stack(0x000000f086100000,0x000000f086200000) (1024K)]
  0x0000021c112f13d0 JavaThread "Reference Handler"          daemon [_thread_blocked, id=32432, stack(0x000000f086500000,0x000000f086600000) (1024K)]
  0x0000021c112f67d0 JavaThread "Finalizer"                  daemon [_thread_blocked, id=24608, stack(0x000000f086600000,0x000000f086700000) (1024K)]
  0x0000021c112f90b0 JavaThread "Signal Dispatcher"          daemon [_thread_blocked, id=32544, stack(0x000000f086700000,0x000000f086800000) (1024K)]
  0x0000021c112f9f90 JavaThread "Attach Listener"            daemon [_thread_blocked, id=32684, stack(0x000000f086800000,0x000000f086900000) (1024K)]
  0x0000021c112fe470 JavaThread "Service Thread"             daemon [_thread_blocked, id=26804, stack(0x000000f086900000,0x000000f086a00000) (1024K)]
  0x0000021c112ff000 JavaThread "Monitor Deflation Thread"   daemon [_thread_blocked, id=24472, stack(0x000000f086a00000,0x000000f086b00000) (1024K)]
  0x0000021c11302db0 JavaThread "C2 CompilerThread0"         daemon [_thread_in_native, id=21708, stack(0x000000f086b00000,0x000000f086c00000) (1024K)]
  0x0000021c1130e8e0 JavaThread "C1 CompilerThread0"         daemon [_thread_in_native, id=8504, stack(0x000000f086c00000,0x000000f086d00000) (1024K)]
  0x0000021c6a2795a0 JavaThread "Common-Cleaner"             daemon [_thread_blocked, id=9676, stack(0x000000f086d00000,0x000000f086e00000) (1024K)]
  0x0000021c70086760 JavaThread "Notification Thread"        daemon [_thread_blocked, id=14120, stack(0x000000f086e00000,0x000000f086f00000) (1024K)]
  0x0000021c7086a3d0 JavaThread "Active Thread: Equinox Container: e0bb2e27-fabc-4517-9fcb-0869914c482b"        [_thread_blocked, id=36440, stack(0x000000f087500000,0x000000f087600000) (1024K)]
  0x0000021c704ed6d0 JavaThread "Refresh Thread: Equinox Container: e0bb2e27-fabc-4517-9fcb-0869914c482b" daemon [_thread_blocked, id=17204, stack(0x000000f087700000,0x000000f087800000) (1024K)]
  0x0000021c704b4a80 JavaThread "Framework Event Dispatcher: Equinox Container: e0bb2e27-fabc-4517-9fcb-0869914c482b" daemon [_thread_blocked, id=31864, stack(0x000000f087900000,0x000000f087a00000) (1024K)]
  0x0000021c707dac10 JavaThread "Start Level: Equinox Container: e0bb2e27-fabc-4517-9fcb-0869914c482b" daemon [_thread_blocked, id=29664, stack(0x000000f087a00000,0x000000f087b00000) (1024K)]
  0x0000021c708b9800 JavaThread "Bundle File Closer"         daemon [_thread_blocked, id=17744, stack(0x000000f087e00000,0x000000f087f00000) (1024K)]
  0x0000021c701caee0 JavaThread "SCR Component Actor"        daemon [_thread_blocked, id=27368, stack(0x000000f087f00000,0x000000f088000000) (1024K)]
  0x0000021c70054c70 JavaThread "Worker-JM"                         [_thread_blocked, id=26404, stack(0x000000f088000000,0x000000f088100000) (1024K)]
  0x0000021c70b243c0 JavaThread "JNA Cleaner"                daemon [_thread_blocked, id=30908, stack(0x000000f087800000,0x000000f087900000) (1024K)]
  0x0000021c70b24a50 JavaThread "Worker-0"                          [_thread_blocked, id=17188, stack(0x000000f088300000,0x000000f088400000) (1024K)]
  0x0000021c70b250e0 JavaThread "Worker-1"                          [_thread_blocked, id=11396, stack(0x000000f088400000,0x000000f088500000) (1024K)]
  0x0000021c70b23d30 JavaThread "Worker-2"                          [_thread_blocked, id=22712, stack(0x000000f088500000,0x000000f088600000) (1024K)]
  0x0000021c72717480 JavaThread "Java indexing"              daemon [_thread_blocked, id=13176, stack(0x000000f088600000,0x000000f088700000) (1024K)]
  0x0000021c72716df0 JavaThread "Worker-3: Initialize workspace"        [_thread_blocked, id=30624, stack(0x000000f088a00000,0x000000f088b00000) (1024K)]
  0x0000021c72717b10 JavaThread "Worker-4"                          [_thread_blocked, id=24772, stack(0x000000f088b00000,0x000000f088c00000) (1024K)]
  0x0000021c72718830 JavaThread "Thread-1"                   daemon [_thread_in_native, id=29568, stack(0x000000f088c00000,0x000000f088d00000) (1024K)]
  0x0000021c72716760 JavaThread "Thread-2"                   daemon [_thread_in_native, id=8188, stack(0x000000f088d00000,0x000000f088e00000) (1024K)]
  0x0000021c727181a0 JavaThread "Thread-3"                   daemon [_thread_in_native, id=36616, stack(0x000000f088e00000,0x000000f088f00000) (1024K)]
  0x0000021c727160d0 JavaThread "Thread-4"                   daemon [_thread_in_native, id=2456, stack(0x000000f088f00000,0x000000f089000000) (1024K)]
  0x0000021c72715a40 JavaThread "Thread-5"                   daemon [_thread_in_native, id=27440, stack(0x000000f089000000,0x000000f089100000) (1024K)]
  0x0000021c727153b0 JavaThread "Thread-6"                   daemon [_thread_in_native, id=7300, stack(0x000000f089100000,0x000000f089200000) (1024K)]
  0x0000021c72719550 JavaThread "Thread-7"                   daemon [_thread_in_native, id=14512, stack(0x000000f089200000,0x000000f089300000) (1024K)]
  0x0000021c7271bcb0 JavaThread "Thread-8"                   daemon [_thread_in_native, id=7456, stack(0x000000f089300000,0x000000f089400000) (1024K)]
  0x0000021c7271af90 JavaThread "Thread-9"                   daemon [_thread_in_native, id=8448, stack(0x000000f089400000,0x000000f089500000) (1024K)]
  0x0000021c7271a270 JavaThread "Thread-10"                  daemon [_thread_in_native, id=36884, stack(0x000000f089500000,0x000000f089600000) (1024K)]
  0x0000021c7271c340 JavaThread "Thread-11"                  daemon [_thread_in_native, id=22524, stack(0x000000f089600000,0x000000f089700000) (1024K)]
  0x0000021c7271a900 JavaThread "Thread-12"                  daemon [_thread_in_native, id=36932, stack(0x000000f089700000,0x000000f089800000) (1024K)]
  0x0000021c72718ec0 JavaThread "Thread-13"                  daemon [_thread_in_native, id=34124, stack(0x000000f089800000,0x000000f089900000) (1024K)]
  0x0000021c7271c9d0 JavaThread "Thread-14"                  daemon [_thread_in_native, id=27784, stack(0x000000f089900000,0x000000f089a00000) (1024K)]
  0x0000021c7271b620 JavaThread "Thread-15"                  daemon [_thread_in_native, id=5688, stack(0x000000f089a00000,0x000000f089b00000) (1024K)]
  0x0000021c72719be0 JavaThread "Thread-16"                  daemon [_thread_in_native, id=4488, stack(0x000000f089b00000,0x000000f089c00000) (1024K)]
  0x0000021c712cd880 JavaThread "Thread-17"                  daemon [_thread_in_native, id=31816, stack(0x000000f089c00000,0x000000f089d00000) (1024K)]
  0x0000021c712cdf10 JavaThread "pool-2-thread-1"                   [_thread_blocked, id=4328, stack(0x000000f089d00000,0x000000f089e00000) (1024K)]
  0x0000021c712cec30 JavaThread "WorkspaceEventsHandler"            [_thread_blocked, id=12840, stack(0x000000f089e00000,0x000000f089f00000) (1024K)]
  0x0000021c712d1390 JavaThread "pool-1-thread-1"                   [_thread_blocked, id=3576, stack(0x000000f089f00000,0x000000f08a000000) (1024K)]
  0x0000021c712d0d00 JavaThread "ForkJoinPool.commonPool-worker-1" daemon [_thread_blocked, id=17016, stack(0x000000f08a000000,0x000000f08a100000) (1024K)]
  0x0000021c72fc2f20 JavaThread "C1 CompilerThread1"         daemon [_thread_blocked, id=36632, stack(0x000000f08a100000,0x000000f08a200000) (1024K)]
  0x0000021c72f10cc0 JavaThread "C1 CompilerThread2"         daemon [_thread_blocked, id=33836, stack(0x000000f08a200000,0x000000f08a300000) (1024K)]
=>0x0000021c721ea3a0 JavaThread "C2 CompilerThread1"         daemon [_thread_in_native, id=22104, stack(0x000000f08a300000,0x000000f08a400000) (1024K)]
  0x0000021c712d0670 JavaThread "Worker-5"                          [_thread_blocked, id=24272, stack(0x000000f08a400000,0x000000f08a500000) (1024K)]
  0x0000021c712cffe0 JavaThread "ForkJoinPool.commonPool-worker-2" daemon [_thread_blocked, id=29612, stack(0x000000f08a500000,0x000000f08a600000) (1024K)]
  0x0000021c712d20b0 JavaThread "ForkJoinPool.commonPool-worker-3" daemon [_thread_blocked, id=32344, stack(0x000000f08a600000,0x000000f08a700000) (1024K)]
  0x0000021c712d1a20 JavaThread "ForkJoinPool.commonPool-worker-4" daemon [_thread_blocked, id=34940, stack(0x000000f08a700000,0x000000f08a800000) (1024K)]
  0x0000021c712d2740 JavaThread "ForkJoinPool.commonPool-worker-5" daemon [_thread_blocked, id=33352, stack(0x000000f08a800000,0x000000f08a900000) (1024K)]
  0x0000021c712cf2c0 JavaThread "ForkJoinPool.commonPool-worker-6" daemon [_thread_blocked, id=16200, stack(0x000000f08a900000,0x000000f08aa00000) (1024K)]
  0x0000021c712d2dd0 JavaThread "ForkJoinPool.commonPool-worker-7" daemon [_thread_blocked, id=6732, stack(0x000000f08aa00000,0x000000f08ab00000) (1024K)]
  0x0000021c712cf950 JavaThread "ForkJoinPool.commonPool-worker-8" daemon [_thread_blocked, id=2428, stack(0x000000f08ab00000,0x000000f08ac00000) (1024K)]
  0x0000021c712d4810 JavaThread "ForkJoinPool.commonPool-worker-9" daemon [_thread_blocked, id=2852, stack(0x000000f08ac00000,0x000000f08ad00000) (1024K)]
  0x0000021c7129cde0 JavaThread "C1 CompilerThread3"         daemon [_thread_blocked, id=28044, stack(0x000000f08ad00000,0x000000f08ae00000) (1024K)]
  0x0000021c712d4ea0 JavaThread "LocalFile Deleter"          daemon [_thread_blocked, id=28276, stack(0x000000f08ae00000,0x000000f08af00000) (1024K)]
  0x0000021c712d3460 JavaThread "LocalFile Deleter"          daemon [_thread_blocked, id=31540, stack(0x000000f08af00000,0x000000f08b000000) (1024K)]
  0x0000021c712d3af0 JavaThread "LocalFile Deleter"          daemon [_thread_blocked, id=24040, stack(0x000000f08b000000,0x000000f08b100000) (1024K)]
  0x0000021c70b444c0 JavaThread "LocalFile Deleter"          daemon [_thread_blocked, id=23812, stack(0x000000f08b100000,0x000000f08b200000) (1024K)]
  0x0000021c70b43e30 JavaThread "LocalFile Deleter"          daemon [_thread_blocked, id=36512, stack(0x000000f08b200000,0x000000f08b300000) (1024K)]
  0x0000021c70b451e0 JavaThread "LocalFile Deleter"          daemon [_thread_blocked, id=28736, stack(0x000000f08b300000,0x000000f08b400000) (1024K)]
  0x0000021c70b46590 JavaThread "LocalFile Deleter"          daemon [_thread_blocked, id=20240, stack(0x000000f08b400000,0x000000f08b500000) (1024K)]
  0x0000021c70b46c20 JavaThread "LocalFile Deleter"          daemon [_thread_blocked, id=38188, stack(0x000000f08b500000,0x000000f08b600000) (1024K)]
  0x0000021c70b472b0 JavaThread "LocalFile Deleter"          daemon [_thread_blocked, id=8432, stack(0x000000f08b600000,0x000000f08b700000) (1024K)]
  0x0000021c70b47fd0 JavaThread "LocalFile Deleter"          daemon [_thread_blocked, id=1456, stack(0x000000f08b700000,0x000000f08b800000) (1024K)]
  0x0000021c70b47940 JavaThread "LocalFile Deleter"          daemon [_thread_blocked, id=33720, stack(0x000000f08b800000,0x000000f08b900000) (1024K)]
  0x0000021c70b44b50 JavaThread "LocalFile Deleter"          daemon [_thread_blocked, id=34244, stack(0x000000f08b900000,0x000000f08ba00000) (1024K)]
  0x0000021c70b48660 JavaThread "LocalFile Deleter"          daemon [_thread_blocked, id=35628, stack(0x000000f08ba00000,0x000000f08bb00000) (1024K)]
  0x0000021c70b45f00 JavaThread "LocalFile Deleter"          daemon [_thread_blocked, id=33612, stack(0x000000f08bb00000,0x000000f08bc00000) (1024K)]
  0x0000021c70b45870 JavaThread "LocalFile Deleter"          daemon [_thread_blocked, id=8116, stack(0x000000f08bc00000,0x000000f08bd00000) (1024K)]
  0x0000021c70b4a730 JavaThread "LocalFile Deleter"          daemon [_thread_blocked, id=26472, stack(0x000000f08bd00000,0x000000f08be00000) (1024K)]
  0x0000021c70b48cf0 JavaThread "Compiler Source File Reader" daemon [_thread_blocked, id=34316, stack(0x000000f08be00000,0x000000f08bf00000) (1024K)]
  0x0000021c70b4adc0 JavaThread "Compiler Source File Reader" daemon [_thread_blocked, id=30516, stack(0x000000f08bf00000,0x000000f08c000000) (1024K)]
  0x0000021c70b49380 JavaThread "Compiler Source File Reader" daemon [_thread_blocked, id=19232, stack(0x000000f08c000000,0x000000f08c100000) (1024K)]
  0x0000021c70b4b450 JavaThread "Compiler Source File Reader" daemon [_thread_blocked, id=37328, stack(0x000000f08c100000,0x000000f08c200000) (1024K)]
  0x0000021c70b49a10 JavaThread "Compiler Source File Reader" daemon [_thread_blocked, id=32788, stack(0x000000f08c200000,0x000000f08c300000) (1024K)]
  0x0000021c70b4a0a0 JavaThread "Compiler Source File Reader" daemon [_thread_blocked, id=8416, stack(0x000000f08c300000,0x000000f08c400000) (1024K)]
  0x0000021c7200a130 JavaThread "Compiler Source File Reader" daemon [_thread_blocked, id=20884, stack(0x000000f08c400000,0x000000f08c500000) (1024K)]
  0x0000021c720079d0 JavaThread "Compiler Source File Reader" daemon [_thread_blocked, id=23880, stack(0x000000f08c500000,0x000000f08c600000) (1024K)]
  0x0000021c72008060 JavaThread "Compiler Source File Reader" daemon [_thread_blocked, id=23720, stack(0x000000f08c600000,0x000000f08c700000) (1024K)]
  0x0000021c72007340 JavaThread "Compiler Source File Reader" daemon [_thread_blocked, id=32764, stack(0x000000f08c700000,0x000000f08c800000) (1024K)]
  0x0000021c72008d80 JavaThread "Compiler Source File Reader" daemon [_thread_blocked, id=32696, stack(0x000000f08c800000,0x000000f08c900000) (1024K)]
  0x0000021c720086f0 JavaThread "Compiler Source File Reader" daemon [_thread_blocked, id=38524, stack(0x000000f08c900000,0x000000f08ca00000) (1024K)]
  0x0000021c72006cb0 JavaThread "Compiler Source File Reader" daemon [_thread_blocked, id=28700, stack(0x000000f08ca00000,0x000000f08cb00000) (1024K)]
  0x0000021c7200ae50 JavaThread "Compiler Source File Reader" daemon [_thread_blocked, id=32976, stack(0x000000f08cb00000,0x000000f08cc00000) (1024K)]
  0x0000021c7200c200 JavaThread "Worker-6"                          [_thread_blocked, id=23536, stack(0x000000f08cc00000,0x000000f08cd00000) (1024K)]
  0x0000021c72009aa0 JavaThread "ParallelDescriptorResolver-0-0" daemon [_thread_in_Java, id=37472, stack(0x000000f08cd00000,0x000000f08ce00000) (1024K)]
  0x0000021c7200dc40 JavaThread "ParallelDescriptorResolver-0-1" daemon [_thread_in_native, id=35328, stack(0x000000f08ce00000,0x000000f08cf00000) (1024K)]
  0x0000021c7200e2d0 JavaThread "ParallelDescriptorResolver-0-2" daemon [_thread_in_Java, id=33832, stack(0x000000f08cf00000,0x000000f08d000000) (1024K)]
  0x0000021c7200d5b0 JavaThread "ParallelDescriptorResolver-0-3" daemon [_thread_in_native, id=2836, stack(0x000000f08d000000,0x000000f08d100000) (1024K)]
  0x0000021c71ef8a80 JavaThread "ParallelDescriptorResolver-0-4" daemon [_thread_in_Java, id=21828, stack(0x000000f08d100000,0x000000f08d200000) (1024K)]
  0x0000021c71ef83f0 JavaThread "ForkJoinPool.commonPool-worker-10" daemon [_thread_blocked, id=27660, stack(0x000000f08d200000,0x000000f08d300000) (1024K)]
  0x0000021c71ef9110 JavaThread "ForkJoinPool.commonPool-worker-11" daemon [_thread_blocked, id=27596, stack(0x000000f08d300000,0x000000f08d400000) (1024K)]
  0x0000021c71ef97a0 JavaThread "ForkJoinPool.commonPool-worker-12" daemon [_thread_blocked, id=26464, stack(0x000000f08d400000,0x000000f08d500000) (1024K)]
  0x0000021c71ef6320 JavaThread "ForkJoinPool.commonPool-worker-13" daemon [_thread_in_vm, id=10040, stack(0x000000f08d500000,0x000000f08d600000) (1024K)]
  0x0000021c71ef9e30 JavaThread "ForkJoinPool.commonPool-worker-14" daemon [_thread_in_Java, id=38540, stack(0x000000f08d600000,0x000000f08d700000) (1024K)]
  0x0000021c71ef69b0 JavaThread "ForkJoinPool.commonPool-worker-15" daemon [_thread_blocked, id=24380, stack(0x000000f08d700000,0x000000f08d800000) (1024K)]
Total: 101

Other Threads:
  0x0000021c112f0b00 VMThread "VM Thread"                           [id=8556, stack(0x000000f086400000,0x000000f086500000) (1024K)]
  0x0000021c110dca00 WatcherThread "VM Periodic Task Thread"        [id=27300, stack(0x000000f086300000,0x000000f086400000) (1024K)]
  0x0000021c1126efa0 WorkerThread "GC Thread#0"                     [id=30524, stack(0x000000f086200000,0x000000f086300000) (1024K)]
  0x0000021c7017f9e0 WorkerThread "GC Thread#1"                     [id=3212, stack(0x000000f086f00000,0x000000f087000000) (1024K)]
  0x0000021c706bb010 WorkerThread "GC Thread#2"                     [id=38424, stack(0x000000f087000000,0x000000f087100000) (1024K)]
  0x0000021c7001d070 WorkerThread "GC Thread#3"                     [id=20100, stack(0x000000f087100000,0x000000f087200000) (1024K)]
  0x0000021c7064ebc0 WorkerThread "GC Thread#4"                     [id=16704, stack(0x000000f087200000,0x000000f087300000) (1024K)]
  0x0000021c7001d420 WorkerThread "GC Thread#5"                     [id=32484, stack(0x000000f087300000,0x000000f087400000) (1024K)]
  0x0000021c6a3d0e60 WorkerThread "GC Thread#6"                     [id=10132, stack(0x000000f087400000,0x000000f087500000) (1024K)]
  0x0000021c705261e0 WorkerThread "GC Thread#7"                     [id=28896, stack(0x000000f087600000,0x000000f087700000) (1024K)]
  0x0000021c70da8430 WorkerThread "GC Thread#8"                     [id=35108, stack(0x000000f087b00000,0x000000f087c00000) (1024K)]
  0x0000021c70da87e0 WorkerThread "GC Thread#9"                     [id=36280, stack(0x000000f087c00000,0x000000f087d00000) (1024K)]
  0x0000021c706b9ed0 WorkerThread "GC Thread#10"                    [id=34112, stack(0x000000f087d00000,0x000000f087e00000) (1024K)]
  0x0000021c6a37a150 WorkerThread "GC Thread#11"                    [id=36636, stack(0x000000f088100000,0x000000f088200000) (1024K)]
  0x0000021c6a37a8b0 WorkerThread "GC Thread#12"                    [id=9832, stack(0x000000f088200000,0x000000f088300000) (1024K)]
Total: 15

Threads with active compile tasks:
C2 CompilerThread0  32050 14025       4       org.eclipse.jdt.internal.compiler.parser.Parser::consumeRule (7843 bytes)
C1 CompilerThread2  32050 14381       2       org.eclipse.jdt.internal.formatter.TokenManager::findIndex (252 bytes)
C2 CompilerThread1  32050 13256   !   4       org.eclipse.jdt.internal.core.NameLookup::getModuleDescription (232 bytes)
C1 CompilerThread3  32050 14363       2       lombok.eclipse.handlers.HandleConstructor::createConstructor (1185 bytes)
Total: 4

VM state: not at safepoint (normal execution)

VM Mutex/Monitor currently owned by a thread: None

Heap address: 0x0000000080000000, size: 2048 MB, Compressed Oops mode: 32-bit

CDS archive(s) mapped at: [0x0000021c28000000-0x0000021c28ba0000-0x0000021c28ba0000), size 12189696, SharedBaseAddress: 0x0000021c28000000, ArchiveRelocationMode: 1.
Compressed class space mapped at: 0x0000021c29000000-0x0000021c69000000, reserved size: 1073741824
Narrow klass base: 0x0000021c28000000, Narrow klass shift: 0, Narrow klass range: 0x100000000

GC Precious Log:
 CardTable entry size: 512
 CPUs: 16 total, 16 available
 Memory: 8010M
 Large Page Support: Disabled
 NUMA Support: Disabled
 Compressed Oops: Enabled (32-bit)
 Alignments: Space 512K, Generation 512K, Heap 2M
 Heap Min Capacity: 100M
 Heap Initial Capacity: 100M
 Heap Max Capacity: 2G
 Pre-touch: Disabled
 Parallel Workers: 13

Heap:
 PSYoungGen      total 15872K, used 4617K [0x00000000d5580000, 0x00000000d6700000, 0x0000000100000000)
  eden space 13824K, 21% used [0x00000000d5580000,0x00000000d585d378,0x00000000d6300000)
  from space 2048K, 82% used [0x00000000d6500000,0x00000000d66a5200,0x00000000d6700000)
  to   space 2048K, 0% used [0x00000000d6300000,0x00000000d6300000,0x00000000d6500000)
 ParOldGen       total 198656K, used 198352K [0x0000000080000000, 0x000000008c200000, 0x00000000d5580000)
  object space 198656K, 99% used [0x0000000080000000,0x000000008c1b4368,0x000000008c200000)
 Metaspace       used 67803K, committed 69312K, reserved 1114112K
  class space    used 7065K, committed 7744K, reserved 1048576K

Card table byte_map: [0x0000021c10bf0000,0x0000021c11000000] _byte_map_base: 0x0000021c107f0000

Marking Bits: (ParMarkBitMap*) 0x00007ff83ae23450
 Begin Bits: [0x0000021c23700000, 0x0000021c25700000)
 End Bits:   [0x0000021c25700000, 0x0000021c27700000)

Polling page: 0x0000021c0f2e0000

Metaspace:

Usage:
  Non-class:     59.31 MB used.
      Class:      6.90 MB used.
       Both:     66.21 MB used.

Virtual space:
  Non-class space:       64.00 MB reserved,      60.12 MB ( 94%) committed,  1 nodes.
      Class space:        1.00 GB reserved,       7.56 MB ( <1%) committed,  1 nodes.
             Both:        1.06 GB reserved,      67.69 MB (  6%) committed. 

Chunk freelists:
   Non-Class:  3.52 MB
       Class:  8.28 MB
        Both:  11.80 MB

MaxMetaspaceSize: unlimited
CompressedClassSpaceSize: 1.00 GB
Initial GC threshold: 21.00 MB
Current GC threshold: 97.31 MB
CDS: on
 - commit_granule_bytes: 65536.
 - commit_granule_words: 8192.
 - virtual_space_node_default_size: 8388608.
 - enlarge_chunks_in_place: 1.
 - use_allocation_guard: 0.


Internal statistics:

num_allocs_failed_limit: 11.
num_arena_births: 1352.
num_arena_deaths: 14.
num_vsnodes_births: 2.
num_vsnodes_deaths: 0.
num_space_committed: 1083.
num_space_uncommitted: 0.
num_chunks_returned_to_freelist: 25.
num_chunks_taken_from_freelist: 4838.
num_chunk_merges: 14.
num_chunk_splits: 2825.
num_chunks_enlarged: 1390.
num_inconsistent_stats: 0.

CodeHeap 'non-profiled nmethods': size=119168Kb used=4832Kb max_used=4832Kb free=114335Kb
 bounds [0x0000021c1bff0000, 0x0000021c1c4b0000, 0x0000021c23450000]
CodeHeap 'profiled nmethods': size=119104Kb used=29809Kb max_used=29809Kb free=89295Kb
 bounds [0x0000021c14450000, 0x0000021c16170000, 0x0000021c1b8a0000]
CodeHeap 'non-nmethods': size=7488Kb used=3137Kb max_used=3186Kb free=4350Kb
 bounds [0x0000021c1b8a0000, 0x0000021c1bc20000, 0x0000021c1bff0000]
CodeCache: size=245760Kb, used=37778Kb, max_used=37827Kb, free=207980Kb
 total_blobs=14191, nmethods=13423, adapters=668, full_count=0
Compilation: enabled, stopped_count=0, restarted_count=0

Compilation events (20 events):
Event: 30.984 Thread 0x0000021c72fc2f20 nmethod 14264 0x0000021c16125d10 code [0x0000021c16126040, 0x0000021c16126a18]
Event: 30.984 Thread 0x0000021c7129cde0 nmethod 14268 0x0000021c16127090 code [0x0000021c16127280, 0x0000021c161275e0]
Event: 30.984 Thread 0x0000021c7129cde0 14273       2       org.apache.maven.model.management.DefaultPluginManagementInjector$ManagementModelMerger::mergePlugin_Executions (208 bytes)
Event: 30.985 Thread 0x0000021c72fc2f20 14256       2       org.eclipse.jdt.internal.compiler.ast.FakedTrackingVariable::isAnyCloseable (19 bytes)
Event: 30.985 Thread 0x0000021c72fc2f20 nmethod 14256 0x0000021c16127890 code [0x0000021c16127a40, 0x0000021c16127bd8]
Event: 30.985 Thread 0x0000021c72fc2f20 14269       2       java.lang.invoke.LambdaFormBuffer::replaceParameterByCopy (38 bytes)
Event: 30.985 Thread 0x0000021c72fc2f20 nmethod 14269 0x0000021c16127c90 code [0x0000021c16127e40, 0x0000021c16127fe0]
Event: 30.985 Thread 0x0000021c72fc2f20 14275       2       org.apache.maven.model.merge.ModelMerger::mergeModelBase_DependencyManagement (49 bytes)
Event: 30.986 Thread 0x0000021c72fc2f20 nmethod 14275 0x0000021c16128110 code [0x0000021c161282c0, 0x0000021c161284a0]
Event: 30.986 Thread 0x0000021c72fc2f20 14270       2       java.lang.invoke.LambdaFormBuffer::noteDuplicate (115 bytes)
Event: 30.987 Thread 0x0000021c7129cde0 nmethod 14273 0x0000021c16128610 code [0x0000021c16128920, 0x0000021c16129268]
Event: 30.987 Thread 0x0000021c72fc2f20 nmethod 14270 0x0000021c16129910 code [0x0000021c16129ae0, 0x0000021c16129df8]
Event: 30.987 Thread 0x0000021c7129cde0 14272       1       org.apache.maven.model.RepositoryPolicy::setEnabled (6 bytes)
Event: 30.987 Thread 0x0000021c72fc2f20 14274       1       org.eclipse.aether.util.version.GenericVersionConstraint::getVersion (5 bytes)
Event: 30.987 Thread 0x0000021c72fc2f20 nmethod 14274 0x0000021c1c4a5610 code [0x0000021c1c4a57a0, 0x0000021c1c4a5868]
Event: 30.987 Thread 0x0000021c7129cde0 nmethod 14272 0x0000021c1c4a5910 code [0x0000021c1c4a5aa0, 0x0000021c1c4a5b80]
Event: 30.990 Thread 0x0000021c72fc2f20 14276       1       org.eclipse.jdt.internal.compiler.ast.MessageSend::getExpressionContext (5 bytes)
Event: 30.990 Thread 0x0000021c72fc2f20 nmethod 14276 0x0000021c1c4a5c10 code [0x0000021c1c4a5da0, 0x0000021c1c4a5e68]
Event: 30.990 Thread 0x0000021c7129cde0 14277   !   2       org.apache.maven.model.DeploymentRepository::clone (51 bytes)
Event: 31.984 Thread 0x0000021c1130e8e0 nmethod 14237 0x0000021c1612a010 code [0x0000021c1612ab00, 0x0000021c1612f010]

GC Heap History (20 events):
Event: 29.789 GC heap before
{Heap before GC invocations=224 (full 3):
 PSYoungGen      total 17920K, used 17610K [0x00000000d5580000, 0x00000000d6b00000, 0x0000000100000000)
  eden space 15360K, 100% used [0x00000000d5580000,0x00000000d6480000,0x00000000d6480000)
  from space 2560K, 87% used [0x00000000d6880000,0x00000000d6ab2940,0x00000000d6b00000)
  to   space 3072K, 0% used [0x00000000d6500000,0x00000000d6500000,0x00000000d6800000)
 ParOldGen       total 181760K, used 181536K [0x0000000080000000, 0x000000008b180000, 0x00000000d5580000)
  object space 181760K, 99% used [0x0000000080000000,0x000000008b148218,0x000000008b180000)
 Metaspace       used 64187K, committed 65792K, reserved 1114112K
  class space    used 6752K, committed 7424K, reserved 1048576K
}
Event: 29.794 GC heap after
{Heap after GC invocations=224 (full 3):
 PSYoungGen      total 16896K, used 1408K [0x00000000d5580000, 0x00000000d6900000, 0x0000000100000000)
  eden space 15360K, 0% used [0x00000000d5580000,0x00000000d5580000,0x00000000d6480000)
  from space 1536K, 91% used [0x00000000d6500000,0x00000000d6660020,0x00000000d6680000)
  to   space 2048K, 0% used [0x00000000d6700000,0x00000000d6700000,0x00000000d6900000)
 ParOldGen       total 183808K, used 183582K [0x0000000080000000, 0x000000008b380000, 0x00000000d5580000)
  object space 183808K, 99% used [0x0000000080000000,0x000000008b347810,0x000000008b380000)
 Metaspace       used 64187K, committed 65792K, reserved 1114112K
  class space    used 6752K, committed 7424K, reserved 1048576K
}
Event: 29.950 GC heap before
{Heap before GC invocations=225 (full 3):
 PSYoungGen      total 16896K, used 16768K [0x00000000d5580000, 0x00000000d6900000, 0x0000000100000000)
  eden space 15360K, 100% used [0x00000000d5580000,0x00000000d6480000,0x00000000d6480000)
  from space 1536K, 91% used [0x00000000d6500000,0x00000000d6660020,0x00000000d6680000)
  to   space 2048K, 0% used [0x00000000d6700000,0x00000000d6700000,0x00000000d6900000)
 ParOldGen       total 183808K, used 183582K [0x0000000080000000, 0x000000008b380000, 0x00000000d5580000)
  object space 183808K, 99% used [0x0000000080000000,0x000000008b347810,0x000000008b380000)
 Metaspace       used 64377K, committed 65920K, reserved 1114112K
  class space    used 6752K, committed 7424K, reserved 1048576K
}
Event: 29.955 GC heap after
{Heap after GC invocations=225 (full 3):
 PSYoungGen      total 17408K, used 1969K [0x00000000d5580000, 0x00000000d6980000, 0x0000000100000000)
  eden space 15360K, 0% used [0x00000000d5580000,0x00000000d5580000,0x00000000d6480000)
  from space 2048K, 96% used [0x00000000d6700000,0x00000000d68ec428,0x00000000d6900000)
  to   space 2560K, 0% used [0x00000000d6480000,0x00000000d6480000,0x00000000d6700000)
 ParOldGen       total 184832K, used 184790K [0x0000000080000000, 0x000000008b480000, 0x00000000d5580000)
  object space 184832K, 99% used [0x0000000080000000,0x000000008b475890,0x000000008b480000)
 Metaspace       used 64377K, committed 65920K, reserved 1114112K
  class space    used 6752K, committed 7424K, reserved 1048576K
}
Event: 30.108 GC heap before
{Heap before GC invocations=226 (full 3):
 PSYoungGen      total 17408K, used 17329K [0x00000000d5580000, 0x00000000d6980000, 0x0000000100000000)
  eden space 15360K, 100% used [0x00000000d5580000,0x00000000d6480000,0x00000000d6480000)
  from space 2048K, 96% used [0x00000000d6700000,0x00000000d68ec428,0x00000000d6900000)
  to   space 2560K, 0% used [0x00000000d6480000,0x00000000d6480000,0x00000000d6700000)
 ParOldGen       total 184832K, used 184790K [0x0000000080000000, 0x000000008b480000, 0x00000000d5580000)
  object space 184832K, 99% used [0x0000000080000000,0x000000008b475890,0x000000008b480000)
 Metaspace       used 64656K, committed 66176K, reserved 1114112K
  class space    used 6774K, committed 7424K, reserved 1048576K
}
Event: 30.112 GC heap after
{Heap after GC invocations=226 (full 3):
 PSYoungGen      total 16896K, used 1532K [0x00000000d5580000, 0x00000000d6880000, 0x0000000100000000)
  eden space 15360K, 0% used [0x00000000d5580000,0x00000000d5580000,0x00000000d6480000)
  from space 1536K, 99% used [0x00000000d6480000,0x00000000d65ff3b0,0x00000000d6600000)
  to   space 2048K, 0% used [0x00000000d6680000,0x00000000d6680000,0x00000000d6880000)
 ParOldGen       total 186880K, used 186527K [0x0000000080000000, 0x000000008b680000, 0x00000000d5580000)
  object space 186880K, 99% used [0x0000000080000000,0x000000008b627df0,0x000000008b680000)
 Metaspace       used 64656K, committed 66176K, reserved 1114112K
  class space    used 6774K, committed 7424K, reserved 1048576K
}
Event: 30.328 GC heap before
{Heap before GC invocations=227 (full 3):
 PSYoungGen      total 16896K, used 16892K [0x00000000d5580000, 0x00000000d6880000, 0x0000000100000000)
  eden space 15360K, 100% used [0x00000000d5580000,0x00000000d6480000,0x00000000d6480000)
  from space 1536K, 99% used [0x00000000d6480000,0x00000000d65ff3b0,0x00000000d6600000)
  to   space 2048K, 0% used [0x00000000d6680000,0x00000000d6680000,0x00000000d6880000)
 ParOldGen       total 186880K, used 186527K [0x0000000080000000, 0x000000008b680000, 0x00000000d5580000)
  object space 186880K, 99% used [0x0000000080000000,0x000000008b627e50,0x000000008b680000)
 Metaspace       used 65508K, committed 67072K, reserved 1114112K
  class space    used 6856K, committed 7552K, reserved 1048576K
}
Event: 30.332 GC heap after
{Heap after GC invocations=227 (full 3):
 PSYoungGen      total 16896K, used 1408K [0x00000000d5580000, 0x00000000d6800000, 0x0000000100000000)
  eden space 15360K, 0% used [0x00000000d5580000,0x00000000d5580000,0x00000000d6480000)
  from space 1536K, 91% used [0x00000000d6680000,0x00000000d67e0000,0x00000000d6800000)
  to   space 1536K, 0% used [0x00000000d6480000,0x00000000d6480000,0x00000000d6600000)
 ParOldGen       total 187904K, used 187710K [0x0000000080000000, 0x000000008b780000, 0x00000000d5580000)
  object space 187904K, 99% used [0x0000000080000000,0x000000008b74f8b8,0x000000008b780000)
 Metaspace       used 65508K, committed 67072K, reserved 1114112K
  class space    used 6856K, committed 7552K, reserved 1048576K
}
Event: 30.472 GC heap before
{Heap before GC invocations=228 (full 3):
 PSYoungGen      total 16896K, used 16768K [0x00000000d5580000, 0x00000000d6800000, 0x0000000100000000)
  eden space 15360K, 100% used [0x00000000d5580000,0x00000000d6480000,0x00000000d6480000)
  from space 1536K, 91% used [0x00000000d6680000,0x00000000d67e0000,0x00000000d6800000)
  to   space 1536K, 0% used [0x00000000d6480000,0x00000000d6480000,0x00000000d6600000)
 ParOldGen       total 187904K, used 187712K [0x0000000080000000, 0x000000008b780000, 0x00000000d5580000)
  object space 187904K, 99% used [0x0000000080000000,0x000000008b750180,0x000000008b780000)
 Metaspace       used 66031K, committed 67584K, reserved 1114112K
  class space    used 6898K, committed 7616K, reserved 1048576K
}
Event: 30.476 GC heap after
{Heap after GC invocations=228 (full 3):
 PSYoungGen      total 16896K, used 1520K [0x00000000d5580000, 0x00000000d6b80000, 0x0000000100000000)
  eden space 15360K, 0% used [0x00000000d5580000,0x00000000d5580000,0x00000000d6480000)
  from space 1536K, 98% used [0x00000000d6480000,0x00000000d65fc010,0x00000000d6600000)
  to   space 3584K, 0% used [0x00000000d6800000,0x00000000d6800000,0x00000000d6b80000)
 ParOldGen       total 189440K, used 189348K [0x0000000080000000, 0x000000008b900000, 0x00000000d5580000)
  object space 189440K, 99% used [0x0000000080000000,0x000000008b8e9200,0x000000008b900000)
 Metaspace       used 66031K, committed 67584K, reserved 1114112K
  class space    used 6898K, committed 7616K, reserved 1048576K
}
Event: 30.605 GC heap before
{Heap before GC invocations=229 (full 3):
 PSYoungGen      total 16896K, used 16880K [0x00000000d5580000, 0x00000000d6b80000, 0x0000000100000000)
  eden space 15360K, 100% used [0x00000000d5580000,0x00000000d6480000,0x00000000d6480000)
  from space 1536K, 98% used [0x00000000d6480000,0x00000000d65fc010,0x00000000d6600000)
  to   space 3584K, 0% used [0x00000000d6800000,0x00000000d6800000,0x00000000d6b80000)
 ParOldGen       total 189440K, used 189348K [0x0000000080000000, 0x000000008b900000, 0x00000000d5580000)
  object space 189440K, 99% used [0x0000000080000000,0x000000008b8e9200,0x000000008b900000)
 Metaspace       used 66385K, committed 67968K, reserved 1114112K
  class space    used 6946K, committed 7616K, reserved 1048576K
}
Event: 30.614 GC heap after
{Heap after GC invocations=229 (full 3):
 PSYoungGen      total 17408K, used 1876K [0x00000000d5580000, 0x00000000d6a00000, 0x0000000100000000)
  eden space 15360K, 0% used [0x00000000d5580000,0x00000000d5580000,0x00000000d6480000)
  from space 2048K, 91% used [0x00000000d6800000,0x00000000d69d5220,0x00000000d6a00000)
  to   space 2560K, 0% used [0x00000000d6500000,0x00000000d6500000,0x00000000d6780000)
 ParOldGen       total 190464K, used 190416K [0x0000000080000000, 0x000000008ba00000, 0x00000000d5580000)
  object space 190464K, 99% used [0x0000000080000000,0x000000008b9f42b0,0x000000008ba00000)
 Metaspace       used 66385K, committed 67968K, reserved 1114112K
  class space    used 6946K, committed 7616K, reserved 1048576K
}
Event: 30.726 GC heap before
{Heap before GC invocations=230 (full 3):
 PSYoungGen      total 17408K, used 17236K [0x00000000d5580000, 0x00000000d6a00000, 0x0000000100000000)
  eden space 15360K, 100% used [0x00000000d5580000,0x00000000d6480000,0x00000000d6480000)
  from space 2048K, 91% used [0x00000000d6800000,0x00000000d69d5220,0x00000000d6a00000)
  to   space 2560K, 0% used [0x00000000d6500000,0x00000000d6500000,0x00000000d6780000)
 ParOldGen       total 190464K, used 190416K [0x0000000080000000, 0x000000008ba00000, 0x00000000d5580000)
  object space 190464K, 99% used [0x0000000080000000,0x000000008b9f42b0,0x000000008ba00000)
 Metaspace       used 66830K, committed 68416K, reserved 1114112K
  class space    used 6981K, committed 7680K, reserved 1048576K
}
Event: 30.731 GC heap after
{Heap after GC invocations=230 (full 3):
 PSYoungGen      total 17408K, used 1764K [0x00000000d5580000, 0x00000000d6880000, 0x0000000100000000)
  eden space 15360K, 0% used [0x00000000d5580000,0x00000000d5580000,0x00000000d6480000)
  from space 2048K, 86% used [0x00000000d6500000,0x00000000d66b9250,0x00000000d6700000)
  to   space 1536K, 0% used [0x00000000d6700000,0x00000000d6700000,0x00000000d6880000)
 ParOldGen       total 192000K, used 191946K [0x0000000080000000, 0x000000008bb80000, 0x00000000d5580000)
  object space 192000K, 99% used [0x0000000080000000,0x000000008bb72ac8,0x000000008bb80000)
 Metaspace       used 66830K, committed 68416K, reserved 1114112K
  class space    used 6981K, committed 7680K, reserved 1048576K
}
Event: 30.795 GC heap before
{Heap before GC invocations=231 (full 3):
 PSYoungGen      total 17408K, used 17124K [0x00000000d5580000, 0x00000000d6880000, 0x0000000100000000)
  eden space 15360K, 100% used [0x00000000d5580000,0x00000000d6480000,0x00000000d6480000)
  from space 2048K, 86% used [0x00000000d6500000,0x00000000d66b9250,0x00000000d6700000)
  to   space 1536K, 0% used [0x00000000d6700000,0x00000000d6700000,0x00000000d6880000)
 ParOldGen       total 192000K, used 191946K [0x0000000080000000, 0x000000008bb80000, 0x00000000d5580000)
  object space 192000K, 99% used [0x0000000080000000,0x000000008bb72ac8,0x000000008bb80000)
 Metaspace       used 67005K, committed 68544K, reserved 1114112K
  class space    used 6997K, committed 7680K, reserved 1048576K
}
Event: 30.799 GC heap after
{Heap after GC invocations=231 (full 3):
 PSYoungGen      total 16896K, used 1376K [0x00000000d5580000, 0x00000000d6880000, 0x0000000100000000)
  eden space 15360K, 0% used [0x00000000d5580000,0x00000000d5580000,0x00000000d6480000)
  from space 1536K, 89% used [0x00000000d6700000,0x00000000d6858040,0x00000000d6880000)
  to   space 2048K, 0% used [0x00000000d6480000,0x00000000d6480000,0x00000000d6680000)
 ParOldGen       total 193536K, used 193440K [0x0000000080000000, 0x000000008bd00000, 0x00000000d5580000)
  object space 193536K, 99% used [0x0000000080000000,0x000000008bce8038,0x000000008bd00000)
 Metaspace       used 67005K, committed 68544K, reserved 1114112K
  class space    used 6997K, committed 7680K, reserved 1048576K
}
Event: 30.848 GC heap before
{Heap before GC invocations=232 (full 3):
 PSYoungGen      total 16896K, used 16736K [0x00000000d5580000, 0x00000000d6880000, 0x0000000100000000)
  eden space 15360K, 100% used [0x00000000d5580000,0x00000000d6480000,0x00000000d6480000)
  from space 1536K, 89% used [0x00000000d6700000,0x00000000d6858040,0x00000000d6880000)
  to   space 2048K, 0% used [0x00000000d6480000,0x00000000d6480000,0x00000000d6680000)
 ParOldGen       total 193536K, used 193440K [0x0000000080000000, 0x000000008bd00000, 0x00000000d5580000)
  object space 193536K, 99% used [0x0000000080000000,0x000000008bce8038,0x000000008bd00000)
 Metaspace       used 67212K, committed 68736K, reserved 1114112K
  class space    used 7012K, committed 7680K, reserved 1048576K
}
Event: 30.852 GC heap after
{Heap after GC invocations=232 (full 3):
 PSYoungGen      total 16896K, used 1248K [0x00000000d5580000, 0x00000000d6780000, 0x0000000100000000)
  eden space 15360K, 0% used [0x00000000d5580000,0x00000000d5580000,0x00000000d6480000)
  from space 1536K, 81% used [0x00000000d6480000,0x00000000d65b8040,0x00000000d6600000)
  to   space 1536K, 0% used [0x00000000d6600000,0x00000000d6600000,0x00000000d6780000)
 ParOldGen       total 195072K, used 194664K [0x0000000080000000, 0x000000008be80000, 0x00000000d5580000)
  object space 195072K, 99% used [0x0000000080000000,0x000000008be1a088,0x000000008be80000)
 Metaspace       used 67212K, committed 68736K, reserved 1114112K
  class space    used 7012K, committed 7680K, reserved 1048576K
}
Event: 30.957 GC heap before
{Heap before GC invocations=233 (full 3):
 PSYoungGen      total 16896K, used 16608K [0x00000000d5580000, 0x00000000d6780000, 0x0000000100000000)
  eden space 15360K, 100% used [0x00000000d5580000,0x00000000d6480000,0x00000000d6480000)
  from space 1536K, 81% used [0x00000000d6480000,0x00000000d65b8040,0x00000000d6600000)
  to   space 1536K, 0% used [0x00000000d6600000,0x00000000d6600000,0x00000000d6780000)
 ParOldGen       total 195072K, used 194664K [0x0000000080000000, 0x000000008be80000, 0x00000000d5580000)
  object space 195072K, 99% used [0x0000000080000000,0x000000008be1a088,0x000000008be80000)
 Metaspace       used 67469K, committed 68992K, reserved 1114112K
  class space    used 7033K, committed 7680K, reserved 1048576K
}
Event: 30.961 GC heap after
{Heap after GC invocations=233 (full 3):
 PSYoungGen      total 15360K, used 1536K [0x00000000d5580000, 0x00000000d6a80000, 0x0000000100000000)
  eden space 13824K, 0% used [0x00000000d5580000,0x00000000d5580000,0x00000000d6300000)
  from space 1536K, 100% used [0x00000000d6600000,0x00000000d6780000,0x00000000d6780000)
  to   space 3072K, 0% used [0x00000000d6300000,0x00000000d6300000,0x00000000d6600000)
 ParOldGen       total 196096K, used 195712K [0x0000000080000000, 0x000000008bf80000, 0x00000000d5580000)
  object space 196096K, 99% used [0x0000000080000000,0x000000008bf200c8,0x000000008bf80000)
 Metaspace       used 67469K, committed 68992K, reserved 1114112K
  class space    used 7033K, committed 7680K, reserved 1048576K
}

Dll operation events (10 events):
Event: 0.035 Loaded shared library c:\Users\ASUS\.vscode\extensions\redhat.java-1.53.0-win32-x64\jre\21.0.10-win32-x86_64\bin\java.dll
Event: 0.235 Loaded shared library c:\Users\ASUS\.vscode\extensions\redhat.java-1.53.0-win32-x64\jre\21.0.10-win32-x86_64\bin\zip.dll
Event: 0.308 Loaded shared library C:\Users\ASUS\.vscode\extensions\redhat.java-1.53.0-win32-x64\jre\21.0.10-win32-x86_64\bin\instrument.dll
Event: 0.328 Loaded shared library C:\Users\ASUS\.vscode\extensions\redhat.java-1.53.0-win32-x64\jre\21.0.10-win32-x86_64\bin\net.dll
Event: 0.336 Loaded shared library C:\Users\ASUS\.vscode\extensions\redhat.java-1.53.0-win32-x64\jre\21.0.10-win32-x86_64\bin\nio.dll
Event: 0.345 Loaded shared library C:\Users\ASUS\.vscode\extensions\redhat.java-1.53.0-win32-x64\jre\21.0.10-win32-x86_64\bin\zip.dll
Event: 0.403 Loaded shared library C:\Users\ASUS\.vscode\extensions\redhat.java-1.53.0-win32-x64\jre\21.0.10-win32-x86_64\bin\jimage.dll
Event: 0.662 Loaded shared library c:\Users\ASUS\.vscode\extensions\redhat.java-1.53.0-win32-x64\jre\21.0.10-win32-x86_64\bin\verify.dll
Event: 5.084 Loaded shared library C:\Users\ASUS\AppData\Roaming\Code\User\globalStorage\redhat.java\1.53.0\config_win\org.eclipse.equinox.launcher\org.eclipse.equinox.launcher.win32.win32.x86_64_1.3.0.v20260203-2149\eclipse_11919.dll
Event: 10.435 Loaded shared library C:\Users\ASUS\AppData\Local\Temp\jna-2018896\jna16541014413993340504.dll

Deoptimization events (20 events):
Event: 30.910 Thread 0x0000021c7200dc40 DEOPT PACKING pc=0x0000021c14e01335 sp=0x000000f08cefe600
Event: 30.910 Thread 0x0000021c7200dc40 DEOPT UNPACKING pc=0x0000021c1b8f4242 sp=0x000000f08cefdb10 mode 0
Event: 30.922 Thread 0x0000021c72009aa0 DEOPT PACKING pc=0x0000021c14e01356 sp=0x000000f08cdfe770
Event: 30.922 Thread 0x0000021c72009aa0 DEOPT UNPACKING pc=0x0000021c1b8f4242 sp=0x000000f08cdfdc80 mode 0
Event: 30.925 Thread 0x0000021c7200d5b0 DEOPT PACKING pc=0x0000021c14e01335 sp=0x000000f08d0fe8e0
Event: 30.925 Thread 0x0000021c7200d5b0 DEOPT UNPACKING pc=0x0000021c1b8f4242 sp=0x000000f08d0fddf0 mode 0
Event: 30.928 Thread 0x0000021c71ef8a80 DEOPT PACKING pc=0x0000021c1590072d sp=0x000000f08d1fe930
Event: 30.928 Thread 0x0000021c71ef8a80 DEOPT UNPACKING pc=0x0000021c1b8f4242 sp=0x000000f08d1fdde8 mode 0
Event: 30.931 Thread 0x0000021c7200e2d0 DEOPT PACKING pc=0x0000021c14e01356 sp=0x000000f08cffe7c0
Event: 30.931 Thread 0x0000021c7200e2d0 DEOPT UNPACKING pc=0x0000021c1b8f4242 sp=0x000000f08cffdcd0 mode 0
Event: 30.939 Thread 0x0000021c7200d5b0 DEOPT PACKING pc=0x0000021c14e01335 sp=0x000000f08d0fe8e0
Event: 30.939 Thread 0x0000021c7200d5b0 DEOPT UNPACKING pc=0x0000021c1b8f4242 sp=0x000000f08d0fddf0 mode 0
Event: 30.943 Thread 0x0000021c712cf950 DEOPT PACKING pc=0x0000021c15b4de15 sp=0x000000f08abfc850
Event: 30.943 Thread 0x0000021c712cf950 DEOPT UNPACKING pc=0x0000021c1b8f4242 sp=0x000000f08abfbd60 mode 0
Event: 30.945 Thread 0x0000021c71ef8a80 DEOPT PACKING pc=0x0000021c14e01356 sp=0x000000f08d1fe720
Event: 30.945 Thread 0x0000021c71ef8a80 DEOPT UNPACKING pc=0x0000021c1b8f4242 sp=0x000000f08d1fdc30 mode 0
Event: 30.952 Thread 0x0000021c7200dc40 DEOPT PACKING pc=0x0000021c14e01335 sp=0x000000f08cefe670
Event: 30.952 Thread 0x0000021c7200dc40 DEOPT UNPACKING pc=0x0000021c1b8f4242 sp=0x000000f08cefdb80 mode 0
Event: 30.963 Thread 0x0000021c7200e2d0 DEOPT PACKING pc=0x0000021c14e01356 sp=0x000000f08cffe7c0
Event: 30.963 Thread 0x0000021c7200e2d0 DEOPT UNPACKING pc=0x0000021c1b8f4242 sp=0x000000f08cffdcd0 mode 0

Classes loaded (20 events):
Event: 22.686 Loading class java/io/SequenceInputStream
Event: 22.686 Loading class java/io/SequenceInputStream done
Event: 23.256 Loading class java/lang/StackStreamFactory$CallerClassFinder
Event: 23.257 Loading class java/lang/StackStreamFactory$CallerClassFinder done
Event: 23.257 Loading class java/lang/StackStreamFactory$CallerClassFinder$ClassBuffer
Event: 23.268 Loading class java/lang/StackStreamFactory$CallerClassFinder$ClassBuffer done
Event: 25.696 Loading class java/util/ArrayDeque$DeqSpliterator
Event: 25.700 Loading class java/util/ArrayDeque$DeqSpliterator done
Event: 26.650 Loading class java/util/stream/ReduceOps$4
Event: 26.652 Loading class java/util/stream/ReduceOps$4 done
Event: 26.652 Loading class java/util/stream/ReduceOps$4ReducingSink
Event: 26.653 Loading class java/util/stream/ReduceOps$4ReducingSink done
Event: 26.657 Loading class java/nio/file/Files$2
Event: 26.657 Loading class java/nio/file/Files$2 done
Event: 30.391 Loading class java/lang/UnsupportedClassVersionError
Event: 30.404 Loading class java/lang/UnsupportedClassVersionError done
Event: 30.810 Loading class java/util/Hashtable$KeySet
Event: 30.811 Loading class java/util/Hashtable$KeySet done
Event: 30.934 Loading class java/util/AbstractList$SubList
Event: 30.935 Loading class java/util/AbstractList$SubList done

Classes unloaded (7 events):
Event: 11.986 Thread 0x0000021c112f0b00 Unloading class 0x0000021c291acc00 'java/lang/invoke/LambdaForm$MH+0x0000021c291acc00'
Event: 11.986 Thread 0x0000021c112f0b00 Unloading class 0x0000021c291ac800 'java/lang/invoke/LambdaForm$MH+0x0000021c291ac800'
Event: 11.986 Thread 0x0000021c112f0b00 Unloading class 0x0000021c291ac400 'java/lang/invoke/LambdaForm$MH+0x0000021c291ac400'
Event: 11.986 Thread 0x0000021c112f0b00 Unloading class 0x0000021c291ac000 'java/lang/invoke/LambdaForm$MH+0x0000021c291ac000'
Event: 11.986 Thread 0x0000021c112f0b00 Unloading class 0x0000021c291abc00 'java/lang/invoke/LambdaForm$BMH+0x0000021c291abc00'
Event: 11.986 Thread 0x0000021c112f0b00 Unloading class 0x0000021c291ab800 'java/lang/invoke/LambdaForm$DMH+0x0000021c291ab800'
Event: 11.986 Thread 0x0000021c112f0b00 Unloading class 0x0000021c291aa400 'java/lang/invoke/LambdaForm$DMH+0x0000021c291aa400'

Classes redefined (0 events):
No events

Internal exceptions (20 events):
Event: 26.407 Thread 0x0000021c712cffe0 Exception <a 'java/lang/NoSuchMethodError'{0x00000000d60c7180}: 'void java.lang.invoke.DirectMethodHandle$Holder.invokeVirtual(java.lang.Object, java.lang.Object, int)'> (0x00000000d60c7180) 
thrown [s\src\hotspot\share\interpreter\linkResolver.cpp, line 773]
Event: 26.628 Thread 0x0000021c712d4810 Implicit null exception at 0x0000021c1c341163 to 0x0000021c1c341b04
Event: 26.663 Thread 0x0000021c72717480 Exception <a 'java/lang/NoSuchMethodError'{0x00000000d6705b30}: 'int java.lang.invoke.DirectMethodHandle$Holder.invokeSpecialIFC(java.lang.Object, java.lang.Object, java.lang.Object)'> (0x00000000d6705b30) 
thrown [s\src\hotspot\share\interpreter\linkResolver.cpp, line 773]
Event: 26.702 Thread 0x0000021c72717480 Implicit null exception at 0x0000021c1c31bf3f to 0x0000021c1c31bf91
Event: 27.480 Thread 0x0000021c712d2740 Implicit null exception at 0x0000021c1c30c023 to 0x0000021c1c30c388
Event: 27.504 Thread 0x0000021c712d0d00 Exception <a 'java/lang/LinkageError'{0x00000000d60ce528}: loader lombok.launch.ShadowClassLoader @2b33eaa3 attempted duplicate class definition for lombok.launch.PatchFixesHider$PatchFixes. (lombok.launch.PatchFixesHider$PatchFixes is in unnamed module of loader lombok.launch.ShadowClassLoader @2b33eaa3, parent loader org.eclipse.osgi.internal.loader.EquinoxClassLoader @685cf695)> (0x00000000d60ce528) 
thrown [s\src\hotspot\share\classfile\systemDictionary.cpp, line 1672]
Event: 27.668 Thread 0x0000021c72717480 Exception <a 'java/lang/NoSuchMethodError'{0x00000000d61393d8}: 'java.lang.Object java.lang.invoke.DirectMethodHandle$Holder.invokeStatic(java.lang.Object, java.lang.Object, int, java.lang.Object, java.lang.Object)'> (0x00000000d61393d8) 
thrown [s\src\hotspot\share\interpreter\linkResolver.cpp, line 773]
Event: 30.043 Thread 0x0000021c712d1390 Exception <a 'java/lang/IncompatibleClassChangeError'{0x00000000d5d73248}: Found class java.lang.Object, but interface was expected> (0x00000000d5d73248) 
thrown [s\src\hotspot\share\interpreter\linkResolver.cpp, line 840]
Event: 30.044 Thread 0x0000021c712cf950 Implicit null exception at 0x0000021c1c4525c4 to 0x0000021c1c4535f8
Event: 30.049 Thread 0x0000021c712d0d00 Implicit null exception at 0x0000021c1c34ae8d to 0x0000021c1c34b1d8
Event: 30.056 Thread 0x0000021c712d0d00 Exception <a 'java/lang/NoSuchMethodError'{0x00000000d5eec2f0}: 'java.lang.Object java.lang.invoke.DirectMethodHandle$Holder.invokeSpecial(java.lang.Object, java.lang.Object, java.lang.Object, java.lang.Object, int, java.lang.Object, java.lang.Object)'> (0x00000000d5eec2f0) 
thrown [s\src\hotspot\share\interpreter\linkResolver.cpp, line 773]
Event: 30.056 Thread 0x0000021c712cf2c0 Exception <a 'java/lang/NoSuchMethodError'{0x00000000d5edded8}: 'java.lang.Object java.lang.invoke.DirectMethodHandle$Holder.invokeSpecial(java.lang.Object, java.lang.Object, java.lang.Object, java.lang.Object, int, java.lang.Object, java.lang.Object)'> (0x00000000d5edded8) 
thrown [s\src\hotspot\share\interpreter\linkResolver.cpp, line 773]
Event: 30.070 Thread 0x0000021c712d1390 Exception <a 'java/lang/IncompatibleClassChangeError'{0x00000000d613c740}: Found class java.lang.Object, but interface was expected> (0x00000000d613c740) 
thrown [s\src\hotspot\share\interpreter\linkResolver.cpp, line 840]
Event: 30.093 Thread 0x0000021c712d1390 Exception <a 'java/lang/IncompatibleClassChangeError'{0x00000000d64095b8}: Found class java.lang.Object, but interface was expected> (0x00000000d64095b8) 
thrown [s\src\hotspot\share\interpreter\linkResolver.cpp, line 840]
Event: 30.290 Thread 0x0000021c712cffe0 Exception <a 'java/lang/NoSuchMethodError'{0x00000000d62895d0}: 'void java.lang.invoke.DirectMethodHandle$Holder.invokeInterface(java.lang.Object, java.lang.Object)'> (0x00000000d62895d0) 
thrown [s\src\hotspot\share\interpreter\linkResolver.cpp, line 773]
Event: 30.336 Thread 0x0000021c7200dc40 Exception <a 'java/lang/NoSuchMethodError'{0x00000000d558b748}: 'void java.lang.invoke.DirectMethodHandle$Holder.invokeSpecial(java.lang.Object, java.lang.Object, java.lang.Object, java.lang.Object, java.lang.Object, java.lang.Object, java.lang.Object, java.lang.Object)'> (0x00000000d558b748) 
thrown [s\src\hotspot\share\interpreter\linkResolver.cpp, line 773]
Event: 30.444 Thread 0x0000021c712cf950 Exception <a 'java/lang/NoSuchMethodError'{0x00000000d60877d8}: 'int java.lang.invoke.Invokers$Holder.invokeExact_MT(java.lang.Object, java.lang.Object)'> (0x00000000d60877d8) 
thrown [s\src\hotspot\share\interpreter\linkResolver.cpp, line 773]
Event: 30.508 Thread 0x0000021c712d1390 Exception <a 'java/lang/IncompatibleClassChangeError'{0x00000000d58aaf70}: Found class java.lang.Object, but interface was expected> (0x00000000d58aaf70) 
thrown [s\src\hotspot\share\interpreter\linkResolver.cpp, line 840]
Event: 30.529 Thread 0x0000021c712d1390 Exception <a 'java/lang/IncompatibleClassChangeError'{0x00000000d5b6d950}: Found class java.lang.Object, but interface was expected> (0x00000000d5b6d950) 
thrown [s\src\hotspot\share\interpreter\linkResolver.cpp, line 840]
Event: 30.561 Thread 0x0000021c71ef6320 Exception <a 'java/lang/NoSuchMethodError'{0x00000000d5f972d0}: 'void java.lang.invoke.DirectMethodHandle$Holder.invokeSpecial(java.lang.Object, java.lang.Object, int)'> (0x00000000d5f972d0) 
thrown [s\src\hotspot\share\interpreter\linkResolver.cpp, line 773]

ZGC Phase Switch (0 events):
No events

VM Operations (20 events):
Event: 30.327 Executing safepoint VM operation: ParallelGCFailedAllocation (Allocation Failure) done
Event: 30.327 Executing safepoint VM operation: ParallelGCSystemGC (GCLocker Initiated GC)
Event: 30.332 Executing safepoint VM operation: ParallelGCSystemGC (GCLocker Initiated GC) done
Event: 30.357 Executing non-safepoint VM operation: HandshakeAllThreads (Deoptimize)
Event: 30.358 Executing non-safepoint VM operation: HandshakeAllThreads (Deoptimize) done
Event: 30.437 Executing non-safepoint VM operation: HandshakeAllThreads (Deoptimize)
Event: 30.437 Executing non-safepoint VM operation: HandshakeAllThreads (Deoptimize) done
Event: 30.472 Executing safepoint VM operation: ParallelGCFailedAllocation (Allocation Failure)
Event: 30.477 Executing safepoint VM operation: ParallelGCFailedAllocation (Allocation Failure) done
Event: 30.604 Executing safepoint VM operation: ParallelGCFailedAllocation (Allocation Failure)
Event: 30.614 Executing safepoint VM operation: ParallelGCFailedAllocation (Allocation Failure) done
Event: 30.725 Executing safepoint VM operation: ParallelGCFailedAllocation (Allocation Failure)
Event: 30.731 Executing safepoint VM operation: ParallelGCFailedAllocation (Allocation Failure) done
Event: 30.795 Executing safepoint VM operation: ParallelGCFailedAllocation (Allocation Failure)
Event: 30.799 Executing safepoint VM operation: ParallelGCFailedAllocation (Allocation Failure) done
Event: 30.848 Executing safepoint VM operation: ParallelGCFailedAllocation (Allocation Failure)
Event: 30.852 Executing safepoint VM operation: ParallelGCFailedAllocation (Allocation Failure) done
Event: 30.956 Executing safepoint VM operation: ParallelGCFailedAllocation (Allocation Failure)
Event: 30.962 Executing safepoint VM operation: ParallelGCFailedAllocation (Allocation Failure) done
Event: 31.962 Executing safepoint VM operation: Cleanup

Memory protections (0 events):
No events

Nmethod flushes (20 events):
Event: 22.913 Thread 0x0000021c112f0b00 flushing  nmethod 0x0000021c14cf1290
Event: 22.913 Thread 0x0000021c112f0b00 flushing  nmethod 0x0000021c14cf3c90
Event: 22.913 Thread 0x0000021c112f0b00 flushing  nmethod 0x0000021c14cf4710
Event: 22.913 Thread 0x0000021c112f0b00 flushing  nmethod 0x0000021c14d6e490
Event: 22.913 Thread 0x0000021c112f0b00 flushing  nmethod 0x0000021c14d6f690
Event: 22.913 Thread 0x0000021c112f0b00 flushing  nmethod 0x0000021c14d6fb90
Event: 22.913 Thread 0x0000021c112f0b00 flushing osr nmethod 0x0000021c14d80e10
Event: 22.913 Thread 0x0000021c112f0b00 flushing  nmethod 0x0000021c14db5a10
Event: 22.913 Thread 0x0000021c112f0b00 flushing  nmethod 0x0000021c14dc9290
Event: 22.913 Thread 0x0000021c112f0b00 flushing  nmethod 0x0000021c14dcc810
Event: 22.913 Thread 0x0000021c112f0b00 flushing  nmethod 0x0000021c14dccb90
Event: 22.913 Thread 0x0000021c112f0b00 flushing  nmethod 0x0000021c14e05b10
Event: 22.913 Thread 0x0000021c112f0b00 flushing  nmethod 0x0000021c14e06b90
Event: 22.913 Thread 0x0000021c112f0b00 flushing  nmethod 0x0000021c14e09f90
Event: 22.913 Thread 0x0000021c112f0b00 flushing  nmethod 0x0000021c14e0dd10
Event: 22.913 Thread 0x0000021c112f0b00 flushing  nmethod 0x0000021c14e0e190
Event: 22.913 Thread 0x0000021c112f0b00 flushing  nmethod 0x0000021c14e15590
Event: 22.913 Thread 0x0000021c112f0b00 flushing  nmethod 0x0000021c14e17010
Event: 22.913 Thread 0x0000021c112f0b00 flushing  nmethod 0x0000021c14e18590
Event: 22.913 Thread 0x0000021c112f0b00 flushing  nmethod 0x0000021c14e7f890

Events (20 events):
Event: 21.981 Thread 0x0000021c70b24a50 Thread added: 0x0000021c7200a130
Event: 21.981 Thread 0x0000021c70b24a50 Thread added: 0x0000021c720079d0
Event: 21.982 Thread 0x0000021c70b24a50 Thread added: 0x0000021c72008060
Event: 21.982 Thread 0x0000021c70b24a50 Thread added: 0x0000021c72007340
Event: 21.983 Thread 0x0000021c70b24a50 Thread added: 0x0000021c72008d80
Event: 21.983 Thread 0x0000021c70b24a50 Thread added: 0x0000021c720086f0
Event: 21.984 Thread 0x0000021c70b24a50 Thread added: 0x0000021c72006cb0
Event: 21.985 Thread 0x0000021c7200a130 Thread added: 0x0000021c7200ae50
Event: 25.202 Thread 0x0000021c712d0670 Thread added: 0x0000021c7200c200
Event: 30.322 Thread 0x0000021c712cffe0 Thread added: 0x0000021c72009aa0
Event: 30.323 Thread 0x0000021c712cffe0 Thread added: 0x0000021c7200dc40
Event: 30.323 Thread 0x0000021c712cffe0 Thread added: 0x0000021c7200e2d0
Event: 30.323 Thread 0x0000021c712cffe0 Thread added: 0x0000021c7200d5b0
Event: 30.324 Thread 0x0000021c712cffe0 Thread added: 0x0000021c71ef8a80
Event: 30.497 Thread 0x0000021c712d1390 Thread added: 0x0000021c71ef83f0
Event: 30.500 Thread 0x0000021c71ef83f0 Thread added: 0x0000021c71ef9110
Event: 30.508 Thread 0x0000021c71ef9110 Thread added: 0x0000021c71ef97a0
Event: 30.525 Thread 0x0000021c71ef97a0 Thread added: 0x0000021c71ef6320
Event: 30.527 Thread 0x0000021c71ef6320 Thread added: 0x0000021c71ef9e30
Event: 30.532 Thread 0x0000021c71ef9e30 Thread added: 0x0000021c71ef69b0


Dynamic libraries:
0x00007ff7f2ee0000 - 0x00007ff7f2eee000 	c:\Users\ASUS\.vscode\extensions\redhat.java-1.53.0-win32-x64\jre\21.0.10-win32-x86_64\bin\java.exe
0x00007ff8f7ee0000 - 0x00007ff8f8149000 	C:\WINDOWS\SYSTEM32\ntdll.dll
0x00007ff8f7950000 - 0x00007ff8f7a19000 	C:\WINDOWS\System32\KERNEL32.DLL
0x00007ff8f5100000 - 0x00007ff8f54f3000 	C:\WINDOWS\System32\KERNELBASE.dll
0x00007ff8f5680000 - 0x00007ff8f57cb000 	C:\WINDOWS\System32\ucrtbase.dll
0x00007ff8bd240000 - 0x00007ff8bd258000 	c:\Users\ASUS\.vscode\extensions\redhat.java-1.53.0-win32-x64\jre\21.0.10-win32-x86_64\bin\jli.dll
0x00007ff8bd400000 - 0x00007ff8bd41e000 	c:\Users\ASUS\.vscode\extensions\redhat.java-1.53.0-win32-x64\jre\21.0.10-win32-x86_64\bin\VCRUNTIME140.dll
0x00007ff8f7c80000 - 0x00007ff8f7e44000 	C:\WINDOWS\System32\USER32.dll
0x00007ff8f5860000 - 0x00007ff8f5887000 	C:\WINDOWS\System32\win32u.dll
0x00007ff8dafa0000 - 0x00007ff8db233000 	C:\WINDOWS\WinSxS\amd64_microsoft.windows.common-controls_6595b64144ccf1df_6.0.26100.5074_none_3e0d6f78e32fd63f\COMCTL32.dll
0x00007ff8f7820000 - 0x00007ff8f784b000 	C:\WINDOWS\System32\GDI32.dll
0x00007ff8f7aa0000 - 0x00007ff8f7b49000 	C:\WINDOWS\System32\msvcrt.dll
0x00007ff8f5a00000 - 0x00007ff8f5b2d000 	C:\WINDOWS\System32\gdi32full.dll
0x00007ff8f5bd0000 - 0x00007ff8f5c73000 	C:\WINDOWS\System32\msvcp_win.dll
0x00007ff8f7ba0000 - 0x00007ff8f7bcf000 	C:\WINDOWS\System32\IMM32.DLL
0x00007ff8d4dc0000 - 0x00007ff8d4dcc000 	c:\Users\ASUS\.vscode\extensions\redhat.java-1.53.0-win32-x64\jre\21.0.10-win32-x86_64\bin\vcruntime140_1.dll
0x00007ff86eb80000 - 0x00007ff86ec0d000 	c:\Users\ASUS\.vscode\extensions\redhat.java-1.53.0-win32-x64\jre\21.0.10-win32-x86_64\bin\msvcp140.dll
0x00007ff83a160000 - 0x00007ff83af01000 	c:\Users\ASUS\.vscode\extensions\redhat.java-1.53.0-win32-x64\jre\21.0.10-win32-x86_64\bin\server\jvm.dll
0x00007ff8f74a0000 - 0x00007ff8f7554000 	C:\WINDOWS\System32\ADVAPI32.dll
0x00007ff8f5cf0000 - 0x00007ff8f5d96000 	C:\WINDOWS\System32\sechost.dll
0x00007ff8f6bb0000 - 0x00007ff8f6cc8000 	C:\WINDOWS\System32\RPCRT4.dll
0x00007ff8f7a20000 - 0x00007ff8f7a94000 	C:\WINDOWS\System32\WS2_32.dll
0x00007ff8f4ea0000 - 0x00007ff8f4efe000 	C:\WINDOWS\SYSTEM32\POWRPROF.dll
0x00007ff8e83a0000 - 0x00007ff8e83d5000 	C:\WINDOWS\SYSTEM32\WINMM.dll
0x00007ff8edf20000 - 0x00007ff8edf2b000 	C:\WINDOWS\SYSTEM32\VERSION.dll
0x00007ff8f4e80000 - 0x00007ff8f4e94000 	C:\WINDOWS\SYSTEM32\UMPDC.dll
0x00007ff8f3de0000 - 0x00007ff8f3dfb000 	C:\WINDOWS\SYSTEM32\kernel.appcore.dll
0x00007ff8d2080000 - 0x00007ff8d208a000 	c:\Users\ASUS\.vscode\extensions\redhat.java-1.53.0-win32-x64\jre\21.0.10-win32-x86_64\bin\jimage.dll
0x00007ff8e6c60000 - 0x00007ff8e6ea2000 	C:\WINDOWS\SYSTEM32\DBGHELP.DLL
0x00007ff8f5f80000 - 0x00007ff8f62fb000 	C:\WINDOWS\System32\combase.dll
0x00007ff8f7160000 - 0x00007ff8f7237000 	C:\WINDOWS\System32\OLEAUT32.dll
0x00007ff8db240000 - 0x00007ff8db27d000 	C:\WINDOWS\SYSTEM32\dbgcore.DLL
0x00007ff8f5b30000 - 0x00007ff8f5bc9000 	C:\WINDOWS\System32\bcryptPrimitives.dll
0x00007ff8d07a0000 - 0x00007ff8d07af000 	c:\Users\ASUS\.vscode\extensions\redhat.java-1.53.0-win32-x64\jre\21.0.10-win32-x86_64\bin\instrument.dll
0x00007ff8b7040000 - 0x00007ff8b7060000 	c:\Users\ASUS\.vscode\extensions\redhat.java-1.53.0-win32-x64\jre\21.0.10-win32-x86_64\bin\java.dll
0x00007ff8f6300000 - 0x00007ff8f6a4d000 	C:\WINDOWS\System32\SHELL32.dll
0x00007ff8f5890000 - 0x00007ff8f59fc000 	C:\WINDOWS\System32\wintypes.dll
0x00007ff8f2c50000 - 0x00007ff8f34a9000 	C:\WINDOWS\SYSTEM32\windows.storage.dll
0x00007ff8f73a0000 - 0x00007ff8f7490000 	C:\WINDOWS\System32\SHCORE.dll
0x00007ff8f5c80000 - 0x00007ff8f5ce2000 	C:\WINDOWS\System32\shlwapi.dll
0x00007ff8f4f60000 - 0x00007ff8f4f89000 	C:\WINDOWS\SYSTEM32\profapi.dll
0x00007ff8b6500000 - 0x00007ff8b6518000 	c:\Users\ASUS\.vscode\extensions\redhat.java-1.53.0-win32-x64\jre\21.0.10-win32-x86_64\bin\zip.dll
0x00007ff8cd510000 - 0x00007ff8cd520000 	C:\Users\ASUS\.vscode\extensions\redhat.java-1.53.0-win32-x64\jre\21.0.10-win32-x86_64\bin\net.dll
0x00007ff8ef690000 - 0x00007ff8ef7af000 	C:\WINDOWS\SYSTEM32\WINHTTP.dll
0x00007ff8f4340000 - 0x00007ff8f43ab000 	C:\WINDOWS\system32\mswsock.dll
0x00007ff89cf00000 - 0x00007ff89cf16000 	C:\Users\ASUS\.vscode\extensions\redhat.java-1.53.0-win32-x64\jre\21.0.10-win32-x86_64\bin\nio.dll
0x00007ff8cc060000 - 0x00007ff8cc070000 	c:\Users\ASUS\.vscode\extensions\redhat.java-1.53.0-win32-x64\jre\21.0.10-win32-x86_64\bin\verify.dll
0x00007ff87c600000 - 0x00007ff87c645000 	C:\Users\ASUS\AppData\Roaming\Code\User\globalStorage\redhat.java\1.53.0\config_win\org.eclipse.equinox.launcher\org.eclipse.equinox.launcher.win32.win32.x86_64_1.3.0.v20260203-2149\eclipse_11919.dll
0x00007ff8f7670000 - 0x00007ff8f7808000 	C:\WINDOWS\System32\ole32.dll
0x00007ff8f4710000 - 0x00007ff8f472b000 	C:\WINDOWS\SYSTEM32\CRYPTSP.dll
0x00007ff8f3d40000 - 0x00007ff8f3d7b000 	C:\WINDOWS\system32\rsaenh.dll
0x00007ff8f43e0000 - 0x00007ff8f440b000 	C:\WINDOWS\SYSTEM32\USERENV.dll
0x00007ff8f4f30000 - 0x00007ff8f4f56000 	C:\WINDOWS\SYSTEM32\bcrypt.dll
0x00007ff8f4570000 - 0x00007ff8f457c000 	C:\WINDOWS\SYSTEM32\CRYPTBASE.dll
0x00007ff8f3880000 - 0x00007ff8f38b4000 	C:\WINDOWS\SYSTEM32\IPHLPAPI.DLL
0x00007ff8f7c60000 - 0x00007ff8f7c6a000 	C:\WINDOWS\System32\NSI.dll
0x00007ff87c520000 - 0x00007ff87c569000 	C:\Users\ASUS\AppData\Local\Temp\jna-2018896\jna16541014413993340504.dll
0x00007ff8f7810000 - 0x00007ff8f7818000 	C:\WINDOWS\System32\PSAPI.DLL
0x00007ff8ef960000 - 0x00007ff8ef97e000 	C:\WINDOWS\SYSTEM32\dhcpcsvc6.DLL
0x00007ff8ef840000 - 0x00007ff8ef863000 	C:\WINDOWS\SYSTEM32\dhcpcsvc.DLL

JVMTI agents:
c:\Users\ASUS\.vscode\extensions\redhat.java-1.53.0-win32-x64\lombok\lombok-1.18.39-4050.jar path:c:\Users\ASUS\.vscode\extensions\redhat.java-1.53.0-win32-x64\jre\21.0.10-win32-x86_64\bin\instrument.dll, loaded, initialized, instrumentlib options:none

dbghelp: loaded successfully - version: 4.0.5 - missing functions: none
symbol engine: initialized successfully - sym options: 0x614 - pdb path: .;c:\Users\ASUS\.vscode\extensions\redhat.java-1.53.0-win32-x64\jre\21.0.10-win32-x86_64\bin;C:\WINDOWS\SYSTEM32;C:\WINDOWS\WinSxS\amd64_microsoft.windows.common-controls_6595b64144ccf1df_6.0.26100.5074_none_3e0d6f78e32fd63f;c:\Users\ASUS\.vscode\extensions\redhat.java-1.53.0-win32-x64\jre\21.0.10-win32-x86_64\bin\server;C:\Users\ASUS\AppData\Roaming\Code\User\globalStorage\redhat.java\1.53.0\config_win\org.eclipse.equinox.launcher\org.eclipse.equinox.launcher.win32.win32.x86_64_1.3.0.v20260203-2149;C:\Users\ASUS\AppData\Local\Temp\jna-2018896

VM Arguments:
jvm_args: --add-modules=ALL-SYSTEM --add-opens=java.base/java.util=ALL-UNNAMED --add-opens=java.base/java.lang=ALL-UNNAMED --add-opens=java.base/sun.nio.fs=ALL-UNNAMED -Declipse.application=org.eclipse.jdt.ls.core.id1 -Dosgi.bundles.defaultStartLevel=4 -Declipse.product=org.eclipse.jdt.ls.core.product -Djava.import.generatesMetadataFilesAtProjectRoot=false -DDetectVMInstallationsJob.disabled=true -Dfile.encoding=utf8 -XX:+UseParallelGC -XX:GCTimeRatio=4 -XX:AdaptiveSizePolicyWeight=90 -Dsun.zip.disableMemoryMapping=true -Xmx2G -Xms100m -Xlog:disable -javaagent:c:\Users\ASUS\.vscode\extensions\redhat.java-1.53.0-win32-x64\lombok\lombok-1.18.39-4050.jar -XX:+HeapDumpOnOutOfMemoryError -XX:HeapDumpPath=c:\Users\ASUS\AppData\Roaming\Code\User\workspaceStorage\072664e477a3092332c4219defd89c4c\redhat.java -Daether.dependencyCollector.impl=bf 
java_command: c:\Users\ASUS\.vscode\extensions\redhat.java-1.53.0-win32-x64\server\plugins\org.eclipse.equinox.launcher_1.7.100.v20251111-0406.jar -configuration c:\Users\ASUS\AppData\Roaming\Code\User\globalStorage\redhat.java\1.53.0\config_win -data c:\Users\ASUS\AppData\Roaming\Code\User\workspaceStorage\072664e477a3092332c4219defd89c4c\redhat.java\jdt_ws --pipe=\\.\pipe\lsp-23c6654c1ef324ef01d3d185ad8ada24-sock
java_class_path (initial): c:\Users\ASUS\.vscode\extensions\redhat.java-1.53.0-win32-x64\server\plugins\org.eclipse.equinox.launcher_1.7.100.v20251111-0406.jar
Launcher Type: SUN_STANDARD

[Global flags]
    uintx AdaptiveSizePolicyWeight                 = 90                                        {product} {command line}
     intx CICompilerCount                          = 12                                        {product} {ergonomic}
    uintx GCTimeRatio                              = 4                                         {product} {command line}
     bool HeapDumpOnOutOfMemoryError               = true                                   {manageable} {command line}
    ccstr HeapDumpPath                             = c:\Users\ASUS\AppData\Roaming\Code\User\workspaceStorage\072664e477a3092332c4219defd89c4c\redhat.java         {manageable} {command line}
   size_t InitialHeapSize                          = 104857600                                 {product} {command line}
   size_t MaxHeapSize                              = 2147483648                                {product} {command line}
   size_t MaxNewSize                               = 715653120                                 {product} {ergonomic}
   size_t MinHeapDeltaBytes                        = 524288                                    {product} {ergonomic}
   size_t MinHeapSize                              = 104857600                                 {product} {command line}
   size_t NewSize                                  = 34603008                                  {product} {ergonomic}
    uintx NonNMethodCodeHeapSize                   = 7602480                                {pd product} {ergonomic}
    uintx NonProfiledCodeHeapSize                  = 122027880                              {pd product} {ergonomic}
   size_t OldSize                                  = 70254592                                  {product} {ergonomic}
    uintx ProfiledCodeHeapSize                     = 122027880                              {pd product} {ergonomic}
    uintx ReservedCodeCacheSize                    = 251658240                              {pd product} {ergonomic}
     bool SegmentedCodeCache                       = true                                      {product} {ergonomic}
   size_t SoftMaxHeapSize                          = 2147483648                             {manageable} {ergonomic}
     bool UseCompressedOops                        = true                           {product lp64_product} {ergonomic}
     bool UseLargePagesIndividualAllocation        = false                                  {pd product} {ergonomic}
     bool UseParallelGC                            = true                                      {product} {command line}

Logging:
Log output configuration:
 #0: stdout all=off uptime,level,tags foldmultilines=false
 #1: stderr all=off uptime,level,tags foldmultilines=false

Release file:
JAVA_VERSION="21.0.10" 
MODULES="java.base java.compiler java.datatransfer java.xml java.prefs java.desktop java.instrument java.logging java.management java.security.sasl java.naming java.rmi java.management.rmi java.net.http java.scripting java.security.jgss java.transaction.xa java.sql java.sql.rowset java.xml.crypto java.se java.smartcardio jdk.accessibility jdk.internal.jvmstat jdk.attach jdk.charsets jdk.internal.opt jdk.zipfs jdk.compiler jdk.crypto.ec jdk.crypto.cryptoki jdk.crypto.mscapi jdk.dynalink jdk.internal.ed jdk.editpad jdk.hotspot.agent jdk.httpserver jdk.internal.le jdk.internal.vm.ci jdk.internal.vm.compiler jdk.internal.vm.compiler.management jdk.jartool jdk.javadoc jdk.jcmd jdk.management jdk.management.agent jdk.jconsole jdk.jdeps jdk.jdwp.agent jdk.jdi jdk.jfr jdk.jshell jdk.jsobject jdk.jstatd jdk.localedata jdk.management.jfr jdk.naming.dns jdk.naming.rmi jdk.net jdk.nio.mapmode jdk.random jdk.sctp jdk.security.auth jdk.security.jgss jdk.unsupported jdk.unsupported.desktop jdk.xml.dom" 

Environment Variables:
PATH=C:\Visaul Studio\Microsoft VS Code;C:\Program Files\Java\jdk-25\bin;C:\Program Files\Python313\Scripts\;C:\Program Files\Python313\;C:\Program Files (x86)\VMware\VMware Workstation\bin\;C:\WINDOWS\system32;C:\WINDOWS;C:\WINDOWS\System32\Wbem;C:\WINDOWS\System32\WindowsPowerShell\v1.0\;C:\WINDOWS\System32\OpenSSH\;C:\Program Files\NVIDIA Corporation\NVIDIA App\NvDLISR;C:\Program Files (x86)\NVIDIA Corporation\PhysX\Common;C:\Program Files\dotnet\;C:\php-8.4.7;C:\ProgramData\ComposerSetup\bin;C:\Program Files\nodejs\;C:\Program Files\Git\cmd;C:\Program Files\MongoDB\Server\8.2\bin;C:\Program Files\Java\jdk-25\;;C:\ProgramData\chocolatey\bin;C:\Program Files\Microsoft SQL Server\150\Tools\Binn\;C:\Program Files\Microsoft SQL Server\Client SDK\ODBC\170\Tools\Binn\;C:\Program Files\Microsoft SQL Server\170\DTS\Binn\;C:\Program Files\Docker\Docker\resources\bin;c:\Users\ASUS\AppData\Local\Programs\cursor\resources\app\codeBin;C:\Program Files\Java\jdk-25\bin;C:\Users\ASUS\AppData\Local\Microsoft\WindowsApps;C:\Visaul Studio\Microsoft VS Code\bin;C:\Users\ASUS\AppData\Local\Programs\Azure Data Studio\bin;C:\Program Files\Azure Data Studio\bin;C:\Users\ASUS\AppData\Local\GitHubDesktop\bin;C:\Users\ASUS\AppData\Roaming\Composer\vendor\bin;C:\Users\ASUS\AppData\Roaming\npm;C:\Program Files\mongosh\;C:\Program Files\IntelliJ IDEA 2025.2.3\bin;C:\Program Files\JetBrains\WebStorm 2025.2.3\bin;C:\Program Files (x86)\Microsoft Visual Studio\Shared\NuGetPackages\microsoft.visualstudio.javascript.sdk;C:\Program Files\Java\jdk-25\;C:\Users\ASUS\.dotnet\tools;C:\Users\ASUS\AppData\Local\Microsoft\WinGet\Links;C:\Users\ASUS\AppData\Local\Programs\Antigravity\bin;C:\Users\ASUS\AppData\Local\Programs\cursor\resources\app\bin
USERNAME=ASUS
OS=Windows_NT
PROCESSOR_IDENTIFIER=AMD64 Family 25 Model 68 Stepping 1, AuthenticAMD
TMP=C:\Users\ASUS\AppData\Local\Temp
TEMP=C:\Users\ASUS\AppData\Local\Temp




Periodic native trim disabled

---------------  S Y S T E M  ---------------

OS:
 Windows 11 , 64 bit Build 26100 (10.0.26100.5074)
OS uptime: 0 days 0:23 hours
Hyper-V role detected

CPU: total 16 (initial active 16) (16 cores per cpu, 2 threads per core) family 25 model 68 stepping 1 microcode 0xa404107, cx8, cmov, fxsr, ht, mmx, 3dnowpref, sse, sse2, sse3, ssse3, sse4a, sse4.1, sse4.2, popcnt, lzcnt, tsc, tscinvbit, avx, avx2, aes, erms, clmul, bmi1, bmi2, adx, sha, fma, vzeroupper, clflush, clflushopt, hv, rdtscp, rdpid, fsrm, f16c, cet_ss
Processor Information for processor 0
  Max Mhz: 3100, Current Mhz: 3100, Mhz Limit: 3100
Processor Information for processor 1
  Max Mhz: 3100, Current Mhz: 3100, Mhz Limit: 3100
Processor Information for processor 2
  Max Mhz: 3100, Current Mhz: 2523, Mhz Limit: 3100
Processor Information for processor 3
  Max Mhz: 3100, Current Mhz: 2523, Mhz Limit: 3100
Processor Information for processor 4
  Max Mhz: 3100, Current Mhz: 3100, Mhz Limit: 3100
Processor Information for processor 5
  Max Mhz: 3100, Current Mhz: 3100, Mhz Limit: 3100
Processor Information for processor 6
  Max Mhz: 3100, Current Mhz: 3100, Mhz Limit: 3100
Processor Information for processor 7
  Max Mhz: 3100, Current Mhz: 3100, Mhz Limit: 3100
Processor Information for processor 8
  Max Mhz: 3100, Current Mhz: 3100, Mhz Limit: 3100
Processor Information for processor 9
  Max Mhz: 3100, Current Mhz: 3100, Mhz Limit: 3100
Processor Information for processor 10
  Max Mhz: 3100, Current Mhz: 3100, Mhz Limit: 3100
Processor Information for processor 11
  Max Mhz: 3100, Current Mhz: 3100, Mhz Limit: 3100
Processor Information for processor 12
  Max Mhz: 3100, Current Mhz: 3100, Mhz Limit: 3100
Processor Information for processor 13
  Max Mhz: 3100, Current Mhz: 3100, Mhz Limit: 3100
Processor Information for processor 14
  Max Mhz: 3100, Current Mhz: 2523, Mhz Limit: 3100
Processor Information for processor 15
  Max Mhz: 3100, Current Mhz: 2523, Mhz Limit: 3100

Memory: 4k page, system-wide physical 8010M (440M free)
TotalPageFile size 24394M (AvailPageFile size 54M)
current process WorkingSet (physical memory assigned to process): 414M, peak: 436M
current process commit charge ("private bytes"): 521M, peak: 548M

vm_info: OpenJDK 64-Bit Server VM (21.0.10+7-LTS) for windows-amd64 JRE (21.0.10+7-LTS), built on 2026-01-20T00:00:00Z by "admin" with MS VC++ 17.12 (VS2022)

END.
