#
# There is insufficient memory for the Java Runtime Environment to continue.
# Native memory allocation (malloc) failed to allocate 835456 bytes. Error detail: Chunk::new
# Possible reasons:
#   The system is out of physical RAM or swap space
#   This process is running with CompressedOops enabled, and the Java Heap may be blocking the growth of the native heap
# Possible solutions:
#   Reduce memory load on the system
#   Increase physical memory or swap space
#   Check if swap backing store is full
#   Decrease Java heap size (-Xmx/-Xms)
#   Decrease number of Java threads
#   Decrease Java thread stack sizes (-Xss)
#   Set larger code cache with -XX:ReservedCodeCacheSize=
#   JVM is running with Unscaled Compressed Oops mode in which the Java heap is
#     placed in the first 4GB address space. The Java Heap base address is the
#     maximum limit for the native heap growth. Please use -XX:HeapBaseMinAddress
#     to set the Java Heap base and to place the Java Heap above 4GB virtual address.
# This output file may be truncated or incomplete.
#
#  Out of Memory Error (arena.cpp:168), pid=37560, tid=10016
#
# JRE version: OpenJDK Runtime Environment Temurin-21.0.10+7 (21.0.10+7) (build 21.0.10+7-LTS)
# Java VM: OpenJDK 64-Bit Server VM Temurin-21.0.10+7 (21.0.10+7-LTS, mixed mode, sharing, tiered, compressed oops, compressed class ptrs, parallel gc, windows-amd64)
# No core dump will be written. Minidumps are not enabled by default on client versions of Windows
#

---------------  S U M M A R Y ------------

Command Line: --add-modules=ALL-SYSTEM --add-opens=java.base/java.util=ALL-UNNAMED --add-opens=java.base/java.lang=ALL-UNNAMED --add-opens=java.base/sun.nio.fs=ALL-UNNAMED -Declipse.application=org.eclipse.jdt.ls.core.id1 -Dosgi.bundles.defaultStartLevel=4 -Declipse.product=org.eclipse.jdt.ls.core.product -Djava.import.generatesMetadataFilesAtProjectRoot=false -DDetectVMInstallationsJob.disabled=true -Dfile.encoding=utf8 -XX:+UseParallelGC -XX:GCTimeRatio=4 -XX:AdaptiveSizePolicyWeight=90 -Dsun.zip.disableMemoryMapping=true -Xmx2G -Xms100m -Xlog:disable -javaagent:c:\Users\ASUS\.antigravity\extensions\redhat.java-1.53.0-win32-x64\lombok\lombok-1.18.39-4050.jar -XX:+HeapDumpOnOutOfMemoryError -XX:HeapDumpPath=c:\Users\ASUS\AppData\Roaming\Antigravity\User\workspaceStorage\072664e477a3092332c4219defd89c4c\redhat.java -Daether.dependencyCollector.impl=bf c:\Users\ASUS\.antigravity\extensions\redhat.java-1.53.0-win32-x64\server\plugins\org.eclipse.equinox.launcher_1.7.100.v20251111-0406.jar -configuration c:\Users\ASUS\AppData\Roaming\Antigravity\User\globalStorage\redhat.java\1.53.0\config_win -data c:\Users\ASUS\AppData\Roaming\Antigravity\User\workspaceStorage\072664e477a3092332c4219defd89c4c\redhat.java\jdt_ws --pipe=\\.\pipe\lsp-d20d4a90f8637ed72ebc523c956eb9a4-sock

Host: AMD Ryzen 7 7435HS                             , 16 cores, 7G,  Windows 11 , 64 bit Build 26100 (10.0.26100.5074)
Time: Tue Mar 31 09:47:24 2026 SE Asia Standard Time elapsed time: 517.618364 seconds (0d 0h 8m 37s)

---------------  T H R E A D  ---------------

Current thread (0x000001e87faef940):  JavaThread "C2 CompilerThread0" daemon [_thread_in_native, id=10016, stack(0x000000db1be00000,0x000000db1bf00000) (1024K)]


Current CompileTask:
C2:517618 20911       4       org.eclipse.jdt.internal.compiler.lookup.InferenceContext18::collectDependencies (854 bytes)

Stack: [0x000000db1be00000,0x000000db1bf00000]
Native frames: (J=compiled Java code, j=interpreted, Vv=VM code, C=native code)
V  [jvm.dll+0x6d7a39]
V  [jvm.dll+0x8b4b26]
V  [jvm.dll+0x8b70de]
V  [jvm.dll+0x8b77c3]
V  [jvm.dll+0x284346]
V  [jvm.dll+0xc66ed]
V  [jvm.dll+0xc6c31]
V  [jvm.dll+0x2fb29e]
V  [jvm.dll+0x5fe884]
V  [jvm.dll+0x255b17]
V  [jvm.dll+0x24e21f]
V  [jvm.dll+0x24ba42]
V  [jvm.dll+0x1cb34e]
V  [jvm.dll+0x25b85d]
V  [jvm.dll+0x259dea]
V  [jvm.dll+0x3f857e]
V  [jvm.dll+0x85f59d]
V  [jvm.dll+0x6d626d]
C  [ucrtbase.dll+0x37b0]
C  [KERNEL32.DLL+0x2e8d7]
C  [ntdll.dll+0x8d9c]


---------------  P R O C E S S  ---------------

Threads class SMR info:
_java_thread_list=0x000001e8592e8b90, length=71, elements={
0x000001e867d4e440, 0x000001e867cfd9b0, 0x000001e867cfe8c0, 0x000001e867df7d50,
0x000001e867df89b0, 0x000001e867e00180, 0x000001e867e0a3b0, 0x000001e87faef940,
0x000001e87faf2610, 0x000001e87fcff500, 0x000001e842477260, 0x000001e8470a6d40,
0x000001e84734be60, 0x000001e8425fc120, 0x000001e842600b10, 0x000001e847265460,
0x000001e842867a40, 0x000001e847566100, 0x000001e8428b8160, 0x000001e8428b7440,
0x000001e8428b87f0, 0x000001e84916d8d0, 0x000001e84916b800, 0x000001e84916a450,
0x000001e84916cbb0, 0x000001e84916be90, 0x000001e84916c520, 0x000001e84916d240,
0x000001e84916aae0, 0x000001e84916b170, 0x000001e84724ac20, 0x000001e84724e730,
0x000001e84724b940, 0x000001e84724b2b0, 0x000001e84724c660, 0x000001e84724ccf0,
0x000001e84724bfd0, 0x000001e84724edc0, 0x000001e84724e0a0, 0x000001e84724fae0,
0x000001e847250170, 0x000001e84724da10, 0x000001e847250800, 0x000001e84724d380,
0x000001e847250e90, 0x000001e847251520, 0x000001e847251bb0, 0x000001e84a0ac290,
0x000001e84a0ac920, 0x000001e84a0aa850, 0x000001e84a0acfb0, 0x000001e84a0abc00,
0x000001e84a0af080, 0x000001e84a0b1150, 0x000001e84a0adcd0, 0x000001e84843d520,
0x000001e84843a0a0, 0x000001e84843dbb0, 0x000001e84843bae0, 0x000001e84843e240,
0x000001e84843adc0, 0x000001e847d94b50, 0x000001e847d93e30, 0x000001e847d944c0,
0x000001e847d95870, 0x000001e847d951e0, 0x000001e847d923f0, 0x000001e848f04200,
0x000001e848f04f20, 0x000001e848f03b70, 0x000001e848e4c560
}

Java Threads: ( => current thread )
  0x000001e867d4e440 JavaThread "main"                              [_thread_blocked, id=17828, stack(0x000000db1b400000,0x000000db1b500000) (1024K)]
  0x000001e867cfd9b0 JavaThread "Reference Handler"          daemon [_thread_blocked, id=33316, stack(0x000000db1b800000,0x000000db1b900000) (1024K)]
  0x000001e867cfe8c0 JavaThread "Finalizer"                  daemon [_thread_blocked, id=38532, stack(0x000000db1b900000,0x000000db1ba00000) (1024K)]
  0x000001e867df7d50 JavaThread "Signal Dispatcher"          daemon [_thread_blocked, id=20388, stack(0x000000db1ba00000,0x000000db1bb00000) (1024K)]
  0x000001e867df89b0 JavaThread "Attach Listener"            daemon [_thread_blocked, id=23316, stack(0x000000db1bb00000,0x000000db1bc00000) (1024K)]
  0x000001e867e00180 JavaThread "Service Thread"             daemon [_thread_blocked, id=35752, stack(0x000000db1bc00000,0x000000db1bd00000) (1024K)]
  0x000001e867e0a3b0 JavaThread "Monitor Deflation Thread"   daemon [_thread_blocked, id=20616, stack(0x000000db1bd00000,0x000000db1be00000) (1024K)]
=>0x000001e87faef940 JavaThread "C2 CompilerThread0"         daemon [_thread_in_native, id=10016, stack(0x000000db1be00000,0x000000db1bf00000) (1024K)]
  0x000001e87faf2610 JavaThread "C1 CompilerThread0"         daemon [_thread_blocked, id=28472, stack(0x000000db1bf00000,0x000000db1c000000) (1024K)]
  0x000001e87fcff500 JavaThread "Common-Cleaner"             daemon [_thread_blocked, id=7696, stack(0x000000db1c300000,0x000000db1c400000) (1024K)]
  0x000001e842477260 JavaThread "Notification Thread"        daemon [_thread_blocked, id=10360, stack(0x000000db1c500000,0x000000db1c600000) (1024K)]
  0x000001e8470a6d40 JavaThread "Active Thread: Equinox Container: 1f4a8d8e-e3da-49b9-8bbb-9450865a126f"        [_thread_blocked, id=38060, stack(0x000000db1cd00000,0x000000db1ce00000) (1024K)]
  0x000001e84734be60 JavaThread "Refresh Thread: Equinox Container: 1f4a8d8e-e3da-49b9-8bbb-9450865a126f" daemon [_thread_blocked, id=29976, stack(0x000000db1c000000,0x000000db1c100000) (1024K)]
  0x000001e8425fc120 JavaThread "Framework Event Dispatcher: Equinox Container: 1f4a8d8e-e3da-49b9-8bbb-9450865a126f" daemon [_thread_blocked, id=26504, stack(0x000000db1c100000,0x000000db1c200000) (1024K)]
  0x000001e842600b10 JavaThread "Start Level: Equinox Container: 1f4a8d8e-e3da-49b9-8bbb-9450865a126f" daemon [_thread_blocked, id=37356, stack(0x000000db1c200000,0x000000db1c300000) (1024K)]
  0x000001e847265460 JavaThread "Bundle File Closer"         daemon [_thread_blocked, id=19276, stack(0x000000db1d000000,0x000000db1d100000) (1024K)]
  0x000001e842867a40 JavaThread "SCR Component Actor"        daemon [_thread_blocked, id=16664, stack(0x000000db1d400000,0x000000db1d500000) (1024K)]
  0x000001e847566100 JavaThread "Worker-JM"                         [_thread_blocked, id=5324, stack(0x000000db1d700000,0x000000db1d800000) (1024K)]
  0x000001e8428b8160 JavaThread "JNA Cleaner"                daemon [_thread_blocked, id=21000, stack(0x000000db1d500000,0x000000db1d600000) (1024K)]
  0x000001e8428b7440 JavaThread "Java indexing"              daemon [_thread_blocked, id=33916, stack(0x000000db1de00000,0x000000db1df00000) (1024K)]
  0x000001e8428b87f0 JavaThread "Thread-1"                   daemon [_thread_in_native, id=33328, stack(0x000000db1e300000,0x000000db1e400000) (1024K)]
  0x000001e84916d8d0 JavaThread "Thread-2"                   daemon [_thread_in_native, id=35184, stack(0x000000db1e400000,0x000000db1e500000) (1024K)]
  0x000001e84916b800 JavaThread "Thread-3"                   daemon [_thread_in_native, id=19716, stack(0x000000db1e500000,0x000000db1e600000) (1024K)]
  0x000001e84916a450 JavaThread "Thread-4"                   daemon [_thread_in_native, id=27036, stack(0x000000db1e600000,0x000000db1e700000) (1024K)]
  0x000001e84916cbb0 JavaThread "Thread-5"                   daemon [_thread_in_native, id=32496, stack(0x000000db1e700000,0x000000db1e800000) (1024K)]
  0x000001e84916be90 JavaThread "Thread-6"                   daemon [_thread_in_native, id=35140, stack(0x000000db1e800000,0x000000db1e900000) (1024K)]
  0x000001e84916c520 JavaThread "Thread-7"                   daemon [_thread_in_native, id=35780, stack(0x000000db1e900000,0x000000db1ea00000) (1024K)]
  0x000001e84916d240 JavaThread "Thread-8"                   daemon [_thread_in_native, id=34980, stack(0x000000db1ea00000,0x000000db1eb00000) (1024K)]
  0x000001e84916aae0 JavaThread "Thread-9"                   daemon [_thread_in_native, id=20376, stack(0x000000db1eb00000,0x000000db1ec00000) (1024K)]
  0x000001e84916b170 JavaThread "Thread-10"                  daemon [_thread_in_native, id=26980, stack(0x000000db1ec00000,0x000000db1ed00000) (1024K)]
  0x000001e84724ac20 JavaThread "Thread-11"                  daemon [_thread_in_native, id=35056, stack(0x000000db1ed00000,0x000000db1ee00000) (1024K)]
  0x000001e84724e730 JavaThread "Thread-12"                  daemon [_thread_in_native, id=32912, stack(0x000000db1ee00000,0x000000db1ef00000) (1024K)]
  0x000001e84724b940 JavaThread "Thread-13"                  daemon [_thread_in_native, id=19816, stack(0x000000db1ef00000,0x000000db1f000000) (1024K)]
  0x000001e84724b2b0 JavaThread "Thread-14"                  daemon [_thread_in_native, id=37488, stack(0x000000db1f000000,0x000000db1f100000) (1024K)]
  0x000001e84724c660 JavaThread "Thread-15"                  daemon [_thread_in_native, id=3192, stack(0x000000db1f100000,0x000000db1f200000) (1024K)]
  0x000001e84724ccf0 JavaThread "Thread-16"                  daemon [_thread_in_native, id=31180, stack(0x000000db1f200000,0x000000db1f300000) (1024K)]
  0x000001e84724bfd0 JavaThread "Thread-17"                  daemon [_thread_in_native, id=31176, stack(0x000000db1f300000,0x000000db1f400000) (1024K)]
  0x000001e84724edc0 JavaThread "pool-2-thread-1"                   [_thread_blocked, id=31168, stack(0x000000db1f400000,0x000000db1f500000) (1024K)]
  0x000001e84724e0a0 JavaThread "WorkspaceEventsHandler"            [_thread_blocked, id=35216, stack(0x000000db1f600000,0x000000db1f700000) (1024K)]
  0x000001e84724fae0 JavaThread "pool-1-thread-1"                   [_thread_blocked, id=24384, stack(0x000000db1f700000,0x000000db1f800000) (1024K)]
  0x000001e847250170 JavaThread "ForkJoinPool.commonPool-worker-1" daemon [_thread_blocked, id=19284, stack(0x000000db1f800000,0x000000db1f900000) (1024K)]
  0x000001e84724da10 JavaThread "ForkJoinPool.commonPool-worker-2" daemon [_thread_blocked, id=19768, stack(0x000000db1f900000,0x000000db1fa00000) (1024K)]
  0x000001e847250800 JavaThread "ForkJoinPool.commonPool-worker-3" daemon [_thread_blocked, id=33696, stack(0x000000db1fa00000,0x000000db1fb00000) (1024K)]
  0x000001e84724d380 JavaThread "ForkJoinPool.commonPool-worker-4" daemon [_thread_blocked, id=35892, stack(0x000000db1fb00000,0x000000db1fc00000) (1024K)]
  0x000001e847250e90 JavaThread "ForkJoinPool.commonPool-worker-5" daemon [_thread_blocked, id=34340, stack(0x000000db1fc00000,0x000000db1fd00000) (1024K)]
  0x000001e847251520 JavaThread "ForkJoinPool.commonPool-worker-7" daemon [_thread_blocked, id=28492, stack(0x000000db1fd00000,0x000000db1fe00000) (1024K)]
  0x000001e847251bb0 JavaThread "ForkJoinPool.commonPool-worker-6" daemon [_thread_blocked, id=12284, stack(0x000000db1fe00000,0x000000db1ff00000) (1024K)]
  0x000001e84a0ac290 JavaThread "ForkJoinPool.commonPool-worker-9" daemon [_thread_blocked, id=11488, stack(0x000000db20000000,0x000000db20100000) (1024K)]
  0x000001e84a0ac920 JavaThread "ForkJoinPool.commonPool-worker-10" daemon [_thread_blocked, id=2200, stack(0x000000db20100000,0x000000db20200000) (1024K)]
  0x000001e84a0aa850 JavaThread "ForkJoinPool.commonPool-worker-12" daemon [_thread_blocked, id=31704, stack(0x000000db20300000,0x000000db20400000) (1024K)]
  0x000001e84a0acfb0 JavaThread "ForkJoinPool.commonPool-worker-13" daemon [_thread_blocked, id=17076, stack(0x000000db20400000,0x000000db20500000) (1024K)]
  0x000001e84a0abc00 JavaThread "ForkJoinPool.commonPool-worker-15" daemon [_thread_blocked, id=33092, stack(0x000000db20600000,0x000000db20700000) (1024K)]
  0x000001e84a0af080 JavaThread "LocalFile Deleter"          daemon [_thread_blocked, id=33840, stack(0x000000db20800000,0x000000db20900000) (1024K)]
  0x000001e84a0b1150 JavaThread "LocalFile Deleter"          daemon [_thread_blocked, id=12692, stack(0x000000db20b00000,0x000000db20c00000) (1024K)]
  0x000001e84a0adcd0 JavaThread "LocalFile Deleter"          daemon [_thread_blocked, id=17804, stack(0x000000db20d00000,0x000000db20e00000) (1024K)]
  0x000001e84843d520 JavaThread "LocalFile Deleter"          daemon [_thread_blocked, id=7600, stack(0x000000db20f00000,0x000000db21000000) (1024K)]
  0x000001e84843a0a0 JavaThread "LocalFile Deleter"          daemon [_thread_blocked, id=6064, stack(0x000000db21100000,0x000000db21200000) (1024K)]
  0x000001e84843dbb0 JavaThread "LocalFile Deleter"          daemon [_thread_blocked, id=16608, stack(0x000000db21200000,0x000000db21300000) (1024K)]
  0x000001e84843bae0 JavaThread "LocalFile Deleter"          daemon [_thread_blocked, id=34856, stack(0x000000db21300000,0x000000db21400000) (1024K)]
  0x000001e84843e240 JavaThread "LocalFile Deleter"          daemon [_thread_blocked, id=3004, stack(0x000000db21500000,0x000000db21600000) (1024K)]
  0x000001e84843adc0 JavaThread "LocalFile Deleter"          daemon [_thread_blocked, id=35296, stack(0x000000db21600000,0x000000db21700000) (1024K)]
  0x000001e847d94b50 JavaThread "Cleaner-0"                  daemon [_thread_blocked, id=26968, stack(0x000000db1b200000,0x000000db1b300000) (1024K)]
  0x000001e847d93e30 JavaThread "Worker-6"                          [_thread_blocked, id=20676, stack(0x000000db1d600000,0x000000db1d700000) (1024K)]
  0x000001e847d944c0 JavaThread "Compiler Source File Reader" daemon [_thread_blocked, id=31452, stack(0x000000db1b100000,0x000000db1b200000) (1024K)]
  0x000001e847d95870 JavaThread "Worker-7"                          [_thread_blocked, id=19780, stack(0x000000db1b300000,0x000000db1b400000) (1024K)]
  0x000001e847d951e0 JavaThread "Compiler Processing Task"   daemon [_thread_blocked, id=12740, stack(0x000000db1d100000,0x000000db1d200000) (1024K)]
  0x000001e847d923f0 JavaThread "Compiler Source File Reader" daemon [_thread_blocked, id=21120, stack(0x000000db1d800000,0x000000db1d900000) (1024K)]
  0x000001e848f04200 JavaThread "Worker-8"                          [_thread_blocked, id=23360, stack(0x000000db1d900000,0x000000db1da00000) (1024K)]
  0x000001e848f04f20 JavaThread "Compiler Source File Reader" daemon [_thread_blocked, id=13672, stack(0x000000db1da00000,0x000000db1db00000) (1024K)]
  0x000001e848f03b70 JavaThread "Worker-9"                          [_thread_blocked, id=38740, stack(0x000000db1db00000,0x000000db1dc00000) (1024K)]
  0x000001e848e4c560 JavaThread "C1 CompilerThread1"         daemon [_thread_blocked, id=29024, stack(0x000000db1dc00000,0x000000db1dd00000) (1024K)]
Total: 71

Other Threads:
  0x000001e867ce1500 VMThread "VM Thread"                           [id=36076, stack(0x000000db1b700000,0x000000db1b800000) (1024K)]
  0x000001e867bdca00 WatcherThread "VM Periodic Task Thread"        [id=13404, stack(0x000000db1b600000,0x000000db1b700000) (1024K)]
  0x000001e867d6d430 WorkerThread "GC Thread#0"                     [id=7548, stack(0x000000db1b500000,0x000000db1b600000) (1024K)]
  0x000001e842a589a0 WorkerThread "GC Thread#1"                     [id=12952, stack(0x000000db1c600000,0x000000db1c700000) (1024K)]
  0x000001e8429b1030 WorkerThread "GC Thread#2"                     [id=37300, stack(0x000000db1c700000,0x000000db1c800000) (1024K)]
  0x000001e8429b13e0 WorkerThread "GC Thread#3"                     [id=32272, stack(0x000000db1c800000,0x000000db1c900000) (1024K)]
  0x000001e8429b0c80 WorkerThread "GC Thread#4"                     [id=34568, stack(0x000000db1c900000,0x000000db1ca00000) (1024K)]
  0x000001e8429b1790 WorkerThread "GC Thread#5"                     [id=21752, stack(0x000000db1ca00000,0x000000db1cb00000) (1024K)]
  0x000001e8429b0170 WorkerThread "GC Thread#6"                     [id=24056, stack(0x000000db1cb00000,0x000000db1cc00000) (1024K)]
  0x000001e8429b0520 WorkerThread "GC Thread#7"                     [id=31328, stack(0x000000db1ce00000,0x000000db1cf00000) (1024K)]
  0x000001e8429b08d0 WorkerThread "GC Thread#8"                     [id=19292, stack(0x000000db1c400000,0x000000db1c500000) (1024K)]
  0x000001e842b1ec20 WorkerThread "GC Thread#9"                     [id=37652, stack(0x000000db1cc00000,0x000000db1cd00000) (1024K)]
  0x000001e842b1dd60 WorkerThread "GC Thread#10"                    [id=37128, stack(0x000000db1cf00000,0x000000db1d000000) (1024K)]
  0x000001e842b205f0 WorkerThread "GC Thread#11"                    [id=34960, stack(0x000000db1d200000,0x000000db1d300000) (1024K)]
  0x000001e842b1d9b0 WorkerThread "GC Thread#12"                    [id=18896, stack(0x000000db1d300000,0x000000db1d400000) (1024K)]
Total: 15

Threads with active compile tasks:
C2 CompilerThread0  517652 20911       4       org.eclipse.jdt.internal.compiler.lookup.InferenceContext18::collectDependencies (854 bytes)
Total: 1

VM state: not at safepoint (normal execution)

VM Mutex/Monitor currently owned by a thread: None

Heap address: 0x0000000080000000, size: 2048 MB, Compressed Oops mode: 32-bit

CDS archive(s) mapped at: [0x000001e800000000-0x000001e800ba0000-0x000001e800ba0000), size 12189696, SharedBaseAddress: 0x000001e800000000, ArchiveRelocationMode: 1.
Compressed class space mapped at: 0x000001e801000000-0x000001e841000000, reserved size: 1073741824
Narrow klass base: 0x000001e800000000, Narrow klass shift: 0, Narrow klass range: 0x100000000

GC Precious Log:
 CardTable entry size: 512
 CPUs: 16 total, 16 available
 Memory: 8010M
 Large Page Support: Disabled
 NUMA Support: Disabled
 Compressed Oops: Enabled (32-bit)
 Alignments: Space 512K, Generation 512K, Heap 2M
 Heap Min Capacity: 100M
 Heap Initial Capacity: 100M
 Heap Max Capacity: 2G
 Pre-touch: Disabled
 Parallel Workers: 13

Heap:
 PSYoungGen      total 4608K, used 989K [0x00000000d5580000, 0x00000000d5a80000, 0x0000000100000000)
  eden space 3584K, 15% used [0x00000000d5580000,0x00000000d560f550,0x00000000d5900000)
  from space 1024K, 40% used [0x00000000d5900000,0x00000000d5968000,0x00000000d5a00000)
  to   space 512K, 0% used [0x00000000d5a00000,0x00000000d5a00000,0x00000000d5a80000)
 ParOldGen       total 437760K, used 437384K [0x0000000080000000, 0x000000009ab80000, 0x00000000d5580000)
  object space 437760K, 99% used [0x0000000080000000,0x000000009ab220a8,0x000000009ab80000)
 Metaspace       used 79715K, committed 81536K, reserved 1179648K
  class space    used 7989K, committed 8832K, reserved 1048576K

Card table byte_map: [0x000001e8676f0000,0x000001e867b00000] _byte_map_base: 0x000001e8672f0000

Marking Bits: (ParMarkBitMap*) 0x00007ffe9a2a3450
 Begin Bits: [0x000001e87a200000, 0x000001e87c200000)
 End Bits:   [0x000001e87c200000, 0x000001e87e200000)

Polling page: 0x000001e865b10000

Metaspace:

Usage:
  Non-class:     70.04 MB used.
      Class:      7.80 MB used.
       Both:     77.85 MB used.

Virtual space:
  Non-class space:      128.00 MB reserved,      71.00 MB ( 55%) committed,  2 nodes.
      Class space:        1.00 GB reserved,       8.62 MB ( <1%) committed,  1 nodes.
             Both:        1.12 GB reserved,      79.62 MB (  7%) committed. 

Chunk freelists:
   Non-Class:  8.76 MB
       Class:  7.30 MB
        Both:  16.07 MB

MaxMetaspaceSize: unlimited
CompressedClassSpaceSize: 1.00 GB
Initial GC threshold: 21.00 MB
Current GC threshold: 122.19 MB
CDS: on
 - commit_granule_bytes: 65536.
 - commit_granule_words: 8192.
 - virtual_space_node_default_size: 8388608.
 - enlarge_chunks_in_place: 1.
 - use_allocation_guard: 0.


Internal statistics:

num_allocs_failed_limit: 15.
num_arena_births: 1668.
num_arena_deaths: 28.
num_vsnodes_births: 3.
num_vsnodes_deaths: 0.
num_space_committed: 1274.
num_space_uncommitted: 0.
num_chunks_returned_to_freelist: 48.
num_chunks_taken_from_freelist: 5713.
num_chunk_merges: 17.
num_chunk_splits: 3434.
num_chunks_enlarged: 1832.
num_inconsistent_stats: 0.

CodeHeap 'non-profiled nmethods': size=119168Kb used=16072Kb max_used=16072Kb free=103095Kb
 bounds [0x000001e872af0000, 0x000001e873ab0000, 0x000001e879f50000]
CodeHeap 'profiled nmethods': size=119104Kb used=47762Kb max_used=47762Kb free=71341Kb
 bounds [0x000001e86af50000, 0x000001e86de00000, 0x000001e8723a0000]
CodeHeap 'non-nmethods': size=7488Kb used=2040Kb max_used=3236Kb free=5447Kb
 bounds [0x000001e8723a0000, 0x000001e872710000, 0x000001e872af0000]
CodeCache: size=245760Kb, used=65874Kb, max_used=67070Kb, free=179883Kb
 total_blobs=19895, nmethods=19099, adapters=698, full_count=0
Compilation: enabled, stopped_count=0, restarted_count=0

Compilation events (20 events):
Event: 515.295 Thread 0x000001e848e4c560 21055       3       org.eclipse.jdt.core.dom.SingleVariableDeclaration::internalGetSetChildProperty (86 bytes)
Event: 515.295 Thread 0x000001e87faf2610 21054       3       org.eclipse.jdt.core.dom.SingleVariableDeclaration::internalGetChildListProperty (42 bytes)
Event: 515.296 Thread 0x000001e848e4c560 nmethod 21055 0x000001e86ddf0a90 code [0x000001e86ddf0d00, 0x000001e86ddf1780]
Event: 515.296 Thread 0x000001e87faf2610 nmethod 21054 0x000001e86ddf1990 code [0x000001e86ddf1c20, 0x000001e86ddf2700]
Event: 515.298 Thread 0x000001e87faef940 nmethod 20869 0x000001e873a7ea90 code [0x000001e873a7f6e0, 0x000001e873a88388]
Event: 515.298 Thread 0x000001e87faf2610 21056       3       java.lang.String::valueOf (39 bytes)
Event: 515.299 Thread 0x000001e87faf2610 nmethod 21056 0x000001e86ddf2a90 code [0x000001e86ddf2c80, 0x000001e86ddf32e8]
Event: 515.299 Thread 0x000001e87faef940 20884       4       java.util.HashMap::computeIfAbsent (330 bytes)
Event: 515.300 Thread 0x000001e848e4c560 21057       3       org.eclipse.jdt.core.dom.ASTVisitor::endVisit (1 bytes)
Event: 515.300 Thread 0x000001e848e4c560 nmethod 21057 0x000001e86ddf3510 code [0x000001e86ddf36a0, 0x000001e86ddf37a8]
Event: 515.306 Thread 0x000001e848e4c560 21058       3       org.eclipse.jdt.core.dom.ASTVisitor::endVisit (1 bytes)
Event: 515.306 Thread 0x000001e87faf2610 21059       3       org.eclipse.jdt.core.dom.ASTVisitor::endVisit (1 bytes)
Event: 515.306 Thread 0x000001e848e4c560 nmethod 21058 0x000001e86ddf3810 code [0x000001e86ddf39a0, 0x000001e86ddf3aa8]
Event: 515.306 Thread 0x000001e848e4c560 21060       3       java.util.AbstractCollection::contains (55 bytes)
Event: 515.306 Thread 0x000001e87faf2610 nmethod 21059 0x000001e86ddf3b10 code [0x000001e86ddf3ca0, 0x000001e86ddf3da8]
Event: 515.306 Thread 0x000001e848e4c560 nmethod 21060 0x000001e86ddf3e10 code [0x000001e86ddf4040, 0x000001e86ddf4840]
Event: 515.318 Thread 0x000001e87faef940 nmethod 20884 0x000001e873a90110 code [0x000001e873a90360, 0x000001e873a90e70]
Event: 515.318 Thread 0x000001e87faef940 20870       4       org.eclipse.jdt.internal.compiler.parser.Parser::consumeRule (7843 bytes)
Event: 515.453 Thread 0x000001e87faef940 nmethod 20870 0x000001e873a91690 code [0x000001e873a951e0, 0x000001e873a9ae28]
Event: 515.454 Thread 0x000001e87faef940 20911       4       org.eclipse.jdt.internal.compiler.lookup.InferenceContext18::collectDependencies (854 bytes)

GC Heap History (20 events):
Event: 514.723 GC heap before
{Heap before GC invocations=524 (full 4):
 PSYoungGen      total 5632K, used 5491K [0x00000000d5580000, 0x00000000d5c00000, 0x0000000100000000)
  eden space 4608K, 100% used [0x00000000d5580000,0x00000000d5a00000,0x00000000d5a00000)
  from space 1024K, 86% used [0x00000000d5a00000,0x00000000d5adcc10,0x00000000d5b00000)
  to   space 1024K, 0% used [0x00000000d5b00000,0x00000000d5b00000,0x00000000d5c00000)
 ParOldGen       total 432640K, used 432523K [0x0000000080000000, 0x000000009a680000, 0x00000000d5580000)
  object space 432640K, 99% used [0x0000000080000000,0x000000009a662c00,0x000000009a680000)
 Metaspace       used 79541K, committed 81344K, reserved 1179648K
  class space    used 7972K, committed 8768K, reserved 1048576K
}
Event: 514.725 GC heap after
{Heap after GC invocations=524 (full 4):
 PSYoungGen      total 4608K, used 996K [0x00000000d5580000, 0x00000000d5e00000, 0x0000000100000000)
  eden space 3584K, 0% used [0x00000000d5580000,0x00000000d5580000,0x00000000d5900000)
  from space 1024K, 97% used [0x00000000d5b00000,0x00000000d5bf9210,0x00000000d5c00000)
  to   space 2048K, 0% used [0x00000000d5900000,0x00000000d5900000,0x00000000d5b00000)
 ParOldGen       total 433664K, used 433231K [0x0000000080000000, 0x000000009a780000, 0x00000000d5580000)
  object space 433664K, 99% used [0x0000000080000000,0x000000009a713ee0,0x000000009a780000)
 Metaspace       used 79541K, committed 81344K, reserved 1179648K
  class space    used 7972K, committed 8768K, reserved 1048576K
}
Event: 514.738 GC heap before
{Heap before GC invocations=525 (full 4):
 PSYoungGen      total 4608K, used 4580K [0x00000000d5580000, 0x00000000d5e00000, 0x0000000100000000)
  eden space 3584K, 100% used [0x00000000d5580000,0x00000000d5900000,0x00000000d5900000)
  from space 1024K, 97% used [0x00000000d5b00000,0x00000000d5bf9210,0x00000000d5c00000)
  to   space 2048K, 0% used [0x00000000d5900000,0x00000000d5900000,0x00000000d5b00000)
 ParOldGen       total 433664K, used 433231K [0x0000000080000000, 0x000000009a780000, 0x00000000d5580000)
  object space 433664K, 99% used [0x0000000080000000,0x000000009a713ee0,0x000000009a780000)
 Metaspace       used 79543K, committed 81344K, reserved 1179648K
  class space    used 7972K, committed 8768K, reserved 1048576K
}
Event: 514.740 GC heap after
{Heap after GC invocations=525 (full 4):
 PSYoungGen      total 4608K, used 672K [0x00000000d5580000, 0x00000000d5c00000, 0x0000000100000000)
  eden space 3584K, 0% used [0x00000000d5580000,0x00000000d5580000,0x00000000d5900000)
  from space 1024K, 65% used [0x00000000d5900000,0x00000000d59a8000,0x00000000d5a00000)
  to   space 1536K, 0% used [0x00000000d5a80000,0x00000000d5a80000,0x00000000d5c00000)
 ParOldGen       total 434176K, used 434032K [0x0000000080000000, 0x000000009a800000, 0x00000000d5580000)
  object space 434176K, 99% used [0x0000000080000000,0x000000009a7dc1f8,0x000000009a800000)
 Metaspace       used 79543K, committed 81344K, reserved 1179648K
  class space    used 7972K, committed 8768K, reserved 1048576K
}
Event: 514.750 GC heap before
{Heap before GC invocations=526 (full 4):
 PSYoungGen      total 4608K, used 4256K [0x00000000d5580000, 0x00000000d5c00000, 0x0000000100000000)
  eden space 3584K, 100% used [0x00000000d5580000,0x00000000d5900000,0x00000000d5900000)
  from space 1024K, 65% used [0x00000000d5900000,0x00000000d59a8000,0x00000000d5a00000)
  to   space 1536K, 0% used [0x00000000d5a80000,0x00000000d5a80000,0x00000000d5c00000)
 ParOldGen       total 434176K, used 434032K [0x0000000080000000, 0x000000009a800000, 0x00000000d5580000)
  object space 434176K, 99% used [0x0000000080000000,0x000000009a7dc1f8,0x000000009a800000)
 Metaspace       used 79543K, committed 81344K, reserved 1179648K
  class space    used 7972K, committed 8768K, reserved 1048576K
}
Event: 514.752 GC heap after
{Heap after GC invocations=526 (full 4):
 PSYoungGen      total 4608K, used 640K [0x00000000d5580000, 0x00000000d5b80000, 0x0000000100000000)
  eden space 3584K, 0% used [0x00000000d5580000,0x00000000d5580000,0x00000000d5900000)
  from space 1024K, 62% used [0x00000000d5a80000,0x00000000d5b20020,0x00000000d5b80000)
  to   space 1024K, 0% used [0x00000000d5900000,0x00000000d5900000,0x00000000d5a00000)
 ParOldGen       total 434688K, used 434512K [0x0000000080000000, 0x000000009a880000, 0x00000000d5580000)
  object space 434688K, 99% used [0x0000000080000000,0x000000009a854218,0x000000009a880000)
 Metaspace       used 79543K, committed 81344K, reserved 1179648K
  class space    used 7972K, committed 8768K, reserved 1048576K
}
Event: 514.760 GC heap before
{Heap before GC invocations=527 (full 4):
 PSYoungGen      total 4608K, used 4224K [0x00000000d5580000, 0x00000000d5b80000, 0x0000000100000000)
  eden space 3584K, 100% used [0x00000000d5580000,0x00000000d5900000,0x00000000d5900000)
  from space 1024K, 62% used [0x00000000d5a80000,0x00000000d5b20020,0x00000000d5b80000)
  to   space 1024K, 0% used [0x00000000d5900000,0x00000000d5900000,0x00000000d5a00000)
 ParOldGen       total 434688K, used 434512K [0x0000000080000000, 0x000000009a880000, 0x00000000d5580000)
  object space 434688K, 99% used [0x0000000080000000,0x000000009a854218,0x000000009a880000)
 Metaspace       used 79543K, committed 81344K, reserved 1179648K
  class space    used 7972K, committed 8768K, reserved 1048576K
}
Event: 514.765 GC heap after
{Heap after GC invocations=527 (full 4):
 PSYoungGen      total 4608K, used 544K [0x00000000d5580000, 0x00000000d5c00000, 0x0000000100000000)
  eden space 3584K, 0% used [0x00000000d5580000,0x00000000d5580000,0x00000000d5900000)
  from space 1024K, 53% used [0x00000000d5900000,0x00000000d5988000,0x00000000d5a00000)
  to   space 1024K, 0% used [0x00000000d5b00000,0x00000000d5b00000,0x00000000d5c00000)
 ParOldGen       total 435200K, used 434976K [0x0000000080000000, 0x000000009a900000, 0x00000000d5580000)
  object space 435200K, 99% used [0x0000000080000000,0x000000009a8c8238,0x000000009a900000)
 Metaspace       used 79543K, committed 81344K, reserved 1179648K
  class space    used 7972K, committed 8768K, reserved 1048576K
}
Event: 514.775 GC heap before
{Heap before GC invocations=528 (full 4):
 PSYoungGen      total 4608K, used 4128K [0x00000000d5580000, 0x00000000d5c00000, 0x0000000100000000)
  eden space 3584K, 100% used [0x00000000d5580000,0x00000000d5900000,0x00000000d5900000)
  from space 1024K, 53% used [0x00000000d5900000,0x00000000d5988000,0x00000000d5a00000)
  to   space 1024K, 0% used [0x00000000d5b00000,0x00000000d5b00000,0x00000000d5c00000)
 ParOldGen       total 435200K, used 434976K [0x0000000080000000, 0x000000009a900000, 0x00000000d5580000)
  object space 435200K, 99% used [0x0000000080000000,0x000000009a8c8238,0x000000009a900000)
 Metaspace       used 79544K, committed 81344K, reserved 1179648K
  class space    used 7972K, committed 8768K, reserved 1048576K
}
Event: 514.777 GC heap after
{Heap after GC invocations=528 (full 4):
 PSYoungGen      total 4608K, used 736K [0x00000000d5580000, 0x00000000d5c00000, 0x0000000100000000)
  eden space 3584K, 0% used [0x00000000d5580000,0x00000000d5580000,0x00000000d5900000)
  from space 1024K, 71% used [0x00000000d5b00000,0x00000000d5bb8020,0x00000000d5c00000)
  to   space 1024K, 0% used [0x00000000d5900000,0x00000000d5900000,0x00000000d5a00000)
 ParOldGen       total 435712K, used 435256K [0x0000000080000000, 0x000000009a980000, 0x00000000d5580000)
  object space 435712K, 99% used [0x0000000080000000,0x000000009a90e238,0x000000009a980000)
 Metaspace       used 79544K, committed 81344K, reserved 1179648K
  class space    used 7972K, committed 8768K, reserved 1048576K
}
Event: 514.792 GC heap before
{Heap before GC invocations=529 (full 4):
 PSYoungGen      total 4608K, used 4320K [0x00000000d5580000, 0x00000000d5c00000, 0x0000000100000000)
  eden space 3584K, 100% used [0x00000000d5580000,0x00000000d5900000,0x00000000d5900000)
  from space 1024K, 71% used [0x00000000d5b00000,0x00000000d5bb8020,0x00000000d5c00000)
  to   space 1024K, 0% used [0x00000000d5900000,0x00000000d5900000,0x00000000d5a00000)
 ParOldGen       total 435712K, used 435256K [0x0000000080000000, 0x000000009a980000, 0x00000000d5580000)
  object space 435712K, 99% used [0x0000000080000000,0x000000009a90e238,0x000000009a980000)
 Metaspace       used 79550K, committed 81344K, reserved 1179648K
  class space    used 7972K, committed 8768K, reserved 1048576K
}
Event: 514.796 GC heap after
{Heap after GC invocations=529 (full 4):
 PSYoungGen      total 4608K, used 640K [0x00000000d5580000, 0x00000000d5b80000, 0x0000000100000000)
  eden space 3584K, 0% used [0x00000000d5580000,0x00000000d5580000,0x00000000d5900000)
  from space 1024K, 62% used [0x00000000d5900000,0x00000000d59a0000,0x00000000d5a00000)
  to   space 1024K, 0% used [0x00000000d5a80000,0x00000000d5a80000,0x00000000d5b80000)
 ParOldGen       total 436224K, used 435860K [0x0000000080000000, 0x000000009aa00000, 0x00000000d5580000)
  object space 436224K, 99% used [0x0000000080000000,0x000000009a9a5118,0x000000009aa00000)
 Metaspace       used 79550K, committed 81344K, reserved 1179648K
  class space    used 7972K, committed 8768K, reserved 1048576K
}
Event: 514.826 GC heap before
{Heap before GC invocations=530 (full 4):
 PSYoungGen      total 4608K, used 4223K [0x00000000d5580000, 0x00000000d5b80000, 0x0000000100000000)
  eden space 3584K, 99% used [0x00000000d5580000,0x00000000d58ffff8,0x00000000d5900000)
  from space 1024K, 62% used [0x00000000d5900000,0x00000000d59a0000,0x00000000d5a00000)
  to   space 1024K, 0% used [0x00000000d5a80000,0x00000000d5a80000,0x00000000d5b80000)
 ParOldGen       total 436224K, used 435860K [0x0000000080000000, 0x000000009aa00000, 0x00000000d5580000)
  object space 436224K, 99% used [0x0000000080000000,0x000000009a9a5118,0x000000009aa00000)
 Metaspace       used 79554K, committed 81344K, reserved 1179648K
  class space    used 7972K, committed 8768K, reserved 1048576K
}
Event: 514.831 GC heap after
{Heap after GC invocations=530 (full 4):
 PSYoungGen      total 4608K, used 1024K [0x00000000d5580000, 0x00000000d5c00000, 0x0000000100000000)
  eden space 3584K, 0% used [0x00000000d5580000,0x00000000d5580000,0x00000000d5900000)
  from space 1024K, 100% used [0x00000000d5a80000,0x00000000d5b80000,0x00000000d5b80000)
  to   space 1536K, 0% used [0x00000000d5900000,0x00000000d5900000,0x00000000d5a80000)
 ParOldGen       total 436736K, used 436260K [0x0000000080000000, 0x000000009aa80000, 0x00000000d5580000)
  object space 436736K, 99% used [0x0000000080000000,0x000000009aa09158,0x000000009aa80000)
 Metaspace       used 79554K, committed 81344K, reserved 1179648K
  class space    used 7972K, committed 8768K, reserved 1048576K
}
Event: 514.871 GC heap before
{Heap before GC invocations=531 (full 4):
 PSYoungGen      total 4608K, used 4608K [0x00000000d5580000, 0x00000000d5c00000, 0x0000000100000000)
  eden space 3584K, 100% used [0x00000000d5580000,0x00000000d5900000,0x00000000d5900000)
  from space 1024K, 100% used [0x00000000d5a80000,0x00000000d5b80000,0x00000000d5b80000)
  to   space 1536K, 0% used [0x00000000d5900000,0x00000000d5900000,0x00000000d5a80000)
 ParOldGen       total 436736K, used 436260K [0x0000000080000000, 0x000000009aa80000, 0x00000000d5580000)
  object space 436736K, 99% used [0x0000000080000000,0x000000009aa09158,0x000000009aa80000)
 Metaspace       used 79564K, committed 81344K, reserved 1179648K
  class space    used 7972K, committed 8768K, reserved 1048576K
}
Event: 514.875 GC heap after
{Heap after GC invocations=531 (full 4):
 PSYoungGen      total 4096K, used 480K [0x00000000d5580000, 0x00000000d5b00000, 0x0000000100000000)
  eden space 3584K, 0% used [0x00000000d5580000,0x00000000d5580000,0x00000000d5900000)
  from space 512K, 93% used [0x00000000d5900000,0x00000000d5978000,0x00000000d5980000)
  to   space 1024K, 0% used [0x00000000d5a00000,0x00000000d5a00000,0x00000000d5b00000)
 ParOldGen       total 437248K, used 436977K [0x0000000080000000, 0x000000009ab00000, 0x00000000d5580000)
  object space 437248K, 99% used [0x0000000080000000,0x000000009aabc408,0x000000009ab00000)
 Metaspace       used 79564K, committed 81344K, reserved 1179648K
  class space    used 7972K, committed 8768K, reserved 1048576K
}
Event: 515.174 GC heap before
{Heap before GC invocations=532 (full 4):
 PSYoungGen      total 4096K, used 4063K [0x00000000d5580000, 0x00000000d5b00000, 0x0000000100000000)
  eden space 3584K, 99% used [0x00000000d5580000,0x00000000d58ffff0,0x00000000d5900000)
  from space 512K, 93% used [0x00000000d5900000,0x00000000d5978000,0x00000000d5980000)
  to   space 1024K, 0% used [0x00000000d5a00000,0x00000000d5a00000,0x00000000d5b00000)
 ParOldGen       total 437248K, used 436977K [0x0000000080000000, 0x000000009ab00000, 0x00000000d5580000)
  object space 437248K, 99% used [0x0000000080000000,0x000000009aabc408,0x000000009ab00000)
 Metaspace       used 79678K, committed 81408K, reserved 1179648K
  class space    used 7984K, committed 8768K, reserved 1048576K
}
Event: 515.179 GC heap after
{Heap after GC invocations=532 (full 4):
 PSYoungGen      total 4608K, used 480K [0x00000000d5580000, 0x00000000d5b00000, 0x0000000100000000)
  eden space 3584K, 0% used [0x00000000d5580000,0x00000000d5580000,0x00000000d5900000)
  from space 1024K, 46% used [0x00000000d5a00000,0x00000000d5a78000,0x00000000d5b00000)
  to   space 1024K, 0% used [0x00000000d5900000,0x00000000d5900000,0x00000000d5a00000)
 ParOldGen       total 437248K, used 437224K [0x0000000080000000, 0x000000009ab00000, 0x00000000d5580000)
  object space 437248K, 99% used [0x0000000080000000,0x000000009aafa0a8,0x000000009ab00000)
 Metaspace       used 79678K, committed 81408K, reserved 1179648K
  class space    used 7984K, committed 8768K, reserved 1048576K
}
Event: 515.302 GC heap before
{Heap before GC invocations=533 (full 4):
 PSYoungGen      total 4608K, used 4064K [0x00000000d5580000, 0x00000000d5b00000, 0x0000000100000000)
  eden space 3584K, 100% used [0x00000000d5580000,0x00000000d5900000,0x00000000d5900000)
  from space 1024K, 46% used [0x00000000d5a00000,0x00000000d5a78000,0x00000000d5b00000)
  to   space 1024K, 0% used [0x00000000d5900000,0x00000000d5900000,0x00000000d5a00000)
 ParOldGen       total 437248K, used 437224K [0x0000000080000000, 0x000000009ab00000, 0x00000000d5580000)
  object space 437248K, 99% used [0x0000000080000000,0x000000009aafa0a8,0x000000009ab00000)
 Metaspace       used 79696K, committed 81472K, reserved 1179648K
  class space    used 7984K, committed 8768K, reserved 1048576K
}
Event: 515.303 GC heap after
{Heap after GC invocations=533 (full 4):
 PSYoungGen      total 4608K, used 416K [0x00000000d5580000, 0x00000000d5a80000, 0x0000000100000000)
  eden space 3584K, 0% used [0x00000000d5580000,0x00000000d5580000,0x00000000d5900000)
  from space 1024K, 40% used [0x00000000d5900000,0x00000000d5968000,0x00000000d5a00000)
  to   space 512K, 0% used [0x00000000d5a00000,0x00000000d5a00000,0x00000000d5a80000)
 ParOldGen       total 437760K, used 437384K [0x0000000080000000, 0x000000009ab80000, 0x00000000d5580000)
  object space 437760K, 99% used [0x0000000080000000,0x000000009ab220a8,0x000000009ab80000)
 Metaspace       used 79696K, committed 81472K, reserved 1179648K
  class space    used 7984K, committed 8768K, reserved 1048576K
}

Dll operation events (10 events):
Event: 0.116 Loaded shared library c:\Users\ASUS\.antigravity\extensions\redhat.java-1.53.0-win32-x64\jre\21.0.10-win32-x86_64\bin\java.dll
Event: 0.238 Loaded shared library c:\Users\ASUS\.antigravity\extensions\redhat.java-1.53.0-win32-x64\jre\21.0.10-win32-x86_64\bin\zip.dll
Event: 0.261 Loaded shared library C:\Users\ASUS\.antigravity\extensions\redhat.java-1.53.0-win32-x64\jre\21.0.10-win32-x86_64\bin\instrument.dll
Event: 0.330 Loaded shared library C:\Users\ASUS\.antigravity\extensions\redhat.java-1.53.0-win32-x64\jre\21.0.10-win32-x86_64\bin\net.dll
Event: 0.403 Loaded shared library C:\Users\ASUS\.antigravity\extensions\redhat.java-1.53.0-win32-x64\jre\21.0.10-win32-x86_64\bin\nio.dll
Event: 0.407 Loaded shared library C:\Users\ASUS\.antigravity\extensions\redhat.java-1.53.0-win32-x64\jre\21.0.10-win32-x86_64\bin\zip.dll
Event: 0.429 Loaded shared library C:\Users\ASUS\.antigravity\extensions\redhat.java-1.53.0-win32-x64\jre\21.0.10-win32-x86_64\bin\jimage.dll
Event: 0.555 Loaded shared library c:\Users\ASUS\.antigravity\extensions\redhat.java-1.53.0-win32-x64\jre\21.0.10-win32-x86_64\bin\verify.dll
Event: 16.765 Loaded shared library C:\Users\ASUS\AppData\Roaming\Antigravity\User\globalStorage\redhat.java\1.53.0\config_win\org.eclipse.equinox.launcher\org.eclipse.equinox.launcher.win32.win32.x86_64_1.3.0.v20260203-2149\eclipse_11919.dll
Event: 38.135 Loaded shared library C:\Users\ASUS\AppData\Local\Temp\jna-2018896\jna7779287072057010273.dll

Deoptimization events (20 events):
Event: 514.559 Thread 0x000001e84a0ac290 Uncommon trap: trap_request=0xffffffcc fr.pc=0x000001e8738574a0 relative=0x0000000000006aa0
Event: 514.559 Thread 0x000001e84a0ac290 Uncommon trap: reason=intrinsic_or_type_checked_inlining action=make_not_entrant pc=0x000001e8738574a0 method=org.eclipse.jdt.internal.compiler.lookup.BoundSet.incorporate(Lorg/eclipse/jdt/internal/compiler/lookup/InferenceContext18;[Lorg/eclipse/jdt/inte
Event: 514.560 Thread 0x000001e84a0ac290 DEOPT PACKING pc=0x000001e8738574a0 sp=0x000000db200fd470
Event: 514.560 Thread 0x000001e84a0ac290 DEOPT UNPACKING pc=0x000001e8723f3aa2 sp=0x000000db200fd430 mode 2
Event: 514.609 Thread 0x000001e84724d380 Uncommon trap: trap_request=0xffffff45 fr.pc=0x000001e8739d45c4 relative=0x0000000000000864
Event: 514.609 Thread 0x000001e84724d380 Uncommon trap: reason=unstable_if action=reinterpret pc=0x000001e8739d45c4 method=org.eclipse.jdt.internal.core.util.PublicScanner.translateTokenToTerminalSymbol(Lorg/eclipse/jdt/internal/compiler/parser/TerminalToken;)I @ 13 c2
Event: 514.609 Thread 0x000001e84724d380 DEOPT PACKING pc=0x000001e8739d45c4 sp=0x000000db1fbfedf0
Event: 514.610 Thread 0x000001e84724d380 DEOPT UNPACKING pc=0x000001e8723f3aa2 sp=0x000000db1fbfed88 mode 2
Event: 514.692 Thread 0x000001e847d93e30 Uncommon trap: trap_request=0xffffff45 fr.pc=0x000001e87354530c relative=0x0000000000000c8c
Event: 514.692 Thread 0x000001e847d93e30 Uncommon trap: reason=unstable_if action=reinterpret pc=0x000001e87354530c method=org.eclipse.jdt.internal.compiler.codegen.ConstantPool.literalIndex([C)I @ 119 c2
Event: 514.692 Thread 0x000001e847d93e30 DEOPT PACKING pc=0x000001e87354530c sp=0x000000db1d6fe8a0
Event: 514.693 Thread 0x000001e847d93e30 DEOPT UNPACKING pc=0x000001e8723f3aa2 sp=0x000000db1d6fe840 mode 2
Event: 514.978 Thread 0x000001e84a0acfb0 Uncommon trap: trap_request=0xffffffde fr.pc=0x000001e8734336b0 relative=0x0000000000000b70
Event: 514.978 Thread 0x000001e84a0acfb0 Uncommon trap: reason=class_check action=maybe_recompile pc=0x000001e8734336b0 method=java.text.MessageFormat.format(Ljava/lang/Object;Ljava/lang/StringBuffer;Ljava/text/FieldPosition;)Ljava/lang/StringBuffer; @ 2 c2
Event: 514.978 Thread 0x000001e84a0acfb0 DEOPT PACKING pc=0x000001e8734336b0 sp=0x000000db204fe9e0
Event: 514.978 Thread 0x000001e84a0acfb0 DEOPT UNPACKING pc=0x000001e8723f3aa2 sp=0x000000db204fe960 mode 2
Event: 515.281 Thread 0x000001e84a0acfb0 Uncommon trap: trap_request=0xffffffde fr.pc=0x000001e8734336b0 relative=0x0000000000000b70
Event: 515.281 Thread 0x000001e84a0acfb0 Uncommon trap: reason=class_check action=maybe_recompile pc=0x000001e8734336b0 method=java.text.MessageFormat.format(Ljava/lang/Object;Ljava/lang/StringBuffer;Ljava/text/FieldPosition;)Ljava/lang/StringBuffer; @ 2 c2
Event: 515.281 Thread 0x000001e84a0acfb0 DEOPT PACKING pc=0x000001e8734336b0 sp=0x000000db204fe9e0
Event: 515.282 Thread 0x000001e84a0acfb0 DEOPT UNPACKING pc=0x000001e8723f3aa2 sp=0x000000db204fe960 mode 2

Classes loaded (20 events):
Event: 339.335 Loading class java/util/stream/Nodes$CollectorTask done
Event: 339.335 Loading class java/util/stream/Nodes$CollectorTask$OfRef done
Event: 339.353 Loading class java/util/function/LongFunction
Event: 339.353 Loading class java/util/function/LongFunction done
Event: 339.354 Loading class java/util/stream/Nodes$ConcNode
Event: 339.355 Loading class java/util/stream/Nodes$AbstractConcNode
Event: 339.355 Loading class java/util/stream/Nodes$AbstractConcNode done
Event: 339.355 Loading class java/util/stream/Nodes$ConcNode done
Event: 339.401 Loading class java/io/ObjectOutputStream$BlockDataOutputStream
Event: 339.402 Loading class java/io/ObjectOutputStream$BlockDataOutputStream done
Event: 339.403 Loading class java/io/ObjectOutputStream$HandleTable
Event: 339.404 Loading class java/io/ObjectOutputStream$HandleTable done
Event: 339.404 Loading class java/io/ObjectOutputStream$ReplaceTable
Event: 339.404 Loading class java/io/ObjectOutputStream$ReplaceTable done
Event: 412.775 Loading class jdk/internal/module/IllegalAccessLogger
Event: 412.775 Loading class jdk/internal/module/IllegalAccessLogger done
Event: 422.087 Loading class jdk/internal/module/IllegalAccessLogger
Event: 422.088 Loading class jdk/internal/module/IllegalAccessLogger done
Event: 478.198 Loading class jdk/internal/module/IllegalAccessLogger
Event: 478.201 Loading class jdk/internal/module/IllegalAccessLogger done

Classes unloaded (14 events):
Event: 38.887 Thread 0x000001e867ce1500 Unloading class 0x000001e8011a4000 'java/lang/invoke/LambdaForm$MH+0x000001e8011a4000'
Event: 38.887 Thread 0x000001e867ce1500 Unloading class 0x000001e8011a3c00 'java/lang/invoke/LambdaForm$MH+0x000001e8011a3c00'
Event: 38.887 Thread 0x000001e867ce1500 Unloading class 0x000001e8011a3800 'java/lang/invoke/LambdaForm$MH+0x000001e8011a3800'
Event: 38.887 Thread 0x000001e867ce1500 Unloading class 0x000001e8011a3400 'java/lang/invoke/LambdaForm$MH+0x000001e8011a3400'
Event: 38.887 Thread 0x000001e867ce1500 Unloading class 0x000001e8011a3000 'java/lang/invoke/LambdaForm$BMH+0x000001e8011a3000'
Event: 38.887 Thread 0x000001e867ce1500 Unloading class 0x000001e8011a2c00 'java/lang/invoke/LambdaForm$DMH+0x000001e8011a2c00'
Event: 38.887 Thread 0x000001e867ce1500 Unloading class 0x000001e8011a1800 'java/lang/invoke/LambdaForm$DMH+0x000001e8011a1800'
Event: 66.857 Thread 0x000001e867ce1500 Unloading class 0x000001e8017c9c00 'java/lang/invoke/LambdaForm$MH+0x000001e8017c9c00'
Event: 66.857 Thread 0x000001e867ce1500 Unloading class 0x000001e8017c9400 'java/lang/invoke/LambdaForm$MH+0x000001e8017c9400'
Event: 66.857 Thread 0x000001e867ce1500 Unloading class 0x000001e8017c8c00 'java/lang/invoke/LambdaForm$MH+0x000001e8017c8c00'
Event: 66.857 Thread 0x000001e867ce1500 Unloading class 0x000001e8017c8000 'java/lang/invoke/LambdaForm$MH+0x000001e8017c8000'
Event: 66.857 Thread 0x000001e867ce1500 Unloading class 0x000001e8016fd000 'java/lang/invoke/LambdaForm$DMH+0x000001e8016fd000'
Event: 66.857 Thread 0x000001e867ce1500 Unloading class 0x000001e8016fcc00 'java/lang/invoke/LambdaForm$DMH+0x000001e8016fcc00'
Event: 66.857 Thread 0x000001e867ce1500 Unloading class 0x000001e8016fc800 'java/lang/invoke/LambdaForm$DMH+0x000001e8016fc800'

Classes redefined (0 events):
No events

Internal exceptions (20 events):
Event: 141.086 Thread 0x000001e8428b7440 Exception <a 'sun/nio/fs/WindowsException'{0x00000000d59151b8}> (0x00000000d59151b8) 
thrown [s\src\hotspot\share\prims\jni.cpp, line 520]
Event: 259.405 Thread 0x000001e847251520 Implicit null exception at 0x000001e873381e73 to 0x000001e873383714
Event: 259.406 Thread 0x000001e847251520 Implicit null exception at 0x000001e873386743 to 0x000001e873387d58
Event: 259.413 Thread 0x000001e84a0acfb0 Exception <a 'java/lang/NoSuchMethodError'{0x00000000d56296a8}: 'java.lang.Object java.lang.invoke.DirectMethodHandle$Holder.newInvokeSpecial(java.lang.Object, java.lang.Object, int, java.lang.Object, java.lang.Object, java.lang.Object, java.lang.Object)'> (0x00000000d56296a8) 
thrown [s\src\hotspot\share\interpreter\linkResolver.cpp, line 773]
Event: 260.468 Thread 0x000001e84a0acfb0 Implicit null exception at 0x000001e872e587a3 to 0x000001e872e5897e
Event: 260.745 Thread 0x000001e84a0acfb0 Implicit null exception at 0x000001e8735bef02 to 0x000001e8735bf3d4
Event: 260.746 Thread 0x000001e84a0acfb0 Implicit null exception at 0x000001e873575972 to 0x000001e873575e08
Event: 260.889 Thread 0x000001e84a0acfb0 Exception <a 'java/lang/NoSuchMethodError'{0x00000000d562a738}: 'java.lang.Object java.lang.invoke.DirectMethodHandle$Holder.invokeStaticInit(java.lang.Object, java.lang.Object, java.lang.Object)'> (0x00000000d562a738) 
thrown [s\src\hotspot\share\interpreter\linkResolver.cpp, line 773]
Event: 260.902 Thread 0x000001e84a0acfb0 Exception <a 'java/lang/NoSuchMethodError'{0x00000000d5699fd0}: 'int java.lang.invoke.DirectMethodHandle$Holder.invokeStaticInit(java.lang.Object, int)'> (0x00000000d5699fd0) 
thrown [s\src\hotspot\share\interpreter\linkResolver.cpp, line 773]
Event: 339.382 Thread 0x000001e8428b7ad0 Exception <a 'sun/nio/fs/WindowsException'{0x00000000d57d68e0}> (0x00000000d57d68e0) 
thrown [s\src\hotspot\share\prims\jni.cpp, line 520]
Event: 339.383 Thread 0x000001e8428b7ad0 Exception <a 'sun/nio/fs/WindowsException'{0x00000000d57d7690}> (0x00000000d57d7690) 
thrown [s\src\hotspot\share\prims\jni.cpp, line 520]
Event: 339.385 Thread 0x000001e8428b7ad0 Implicit null exception at 0x000001e87331e986 to 0x000001e87331ed00
Event: 339.435 Thread 0x000001e8428b7ad0 Exception <a 'java/lang/NoSuchMethodError'{0x00000000d586a910}: static [J.<clinit>()V> (0x00000000d586a910) 
thrown [s\src\hotspot\share\prims\jni.cpp, line 1111]
Event: 410.895 Thread 0x000001e84724fae0 Exception <a 'java/lang/NoSuchMethodError'{0x00000000d56d0130}: 'java.lang.Object java.lang.invoke.DirectMethodHandle$Holder.invokeStatic(java.lang.Object, int, int, java.lang.Object)'> (0x00000000d56d0130) 
thrown [s\src\hotspot\share\interpreter\linkResolver.cpp, line 773]
Event: 412.505 Thread 0x000001e8428b7440 Exception <a 'sun/nio/fs/WindowsException'{0x00000000d5a954f0}> (0x00000000d5a954f0) 
thrown [s\src\hotspot\share\prims\jni.cpp, line 520]
Event: 412.713 Thread 0x000001e8428b7440 Exception <a 'sun/nio/fs/WindowsException'{0x00000000d56dc848}> (0x00000000d56dc848) 
thrown [s\src\hotspot\share\prims\jni.cpp, line 520]
Event: 421.880 Thread 0x000001e8428b7440 Exception <a 'sun/nio/fs/WindowsException'{0x00000000d56ab230}> (0x00000000d56ab230) 
thrown [s\src\hotspot\share\prims\jni.cpp, line 520]
Event: 422.539 Thread 0x000001e8428b7440 Exception <a 'sun/nio/fs/WindowsException'{0x00000000d5630ac8}> (0x00000000d5630ac8) 
thrown [s\src\hotspot\share\prims\jni.cpp, line 520]
Event: 477.785 Thread 0x000001e8428b7440 Exception <a 'sun/nio/fs/WindowsException'{0x00000000d5582098}> (0x00000000d5582098) 
thrown [s\src\hotspot\share\prims\jni.cpp, line 520]
Event: 478.489 Thread 0x000001e8428b7440 Exception <a 'sun/nio/fs/WindowsException'{0x00000000d564d488}> (0x00000000d564d488) 
thrown [s\src\hotspot\share\prims\jni.cpp, line 520]

ZGC Phase Switch (0 events):
No events

VM Operations (20 events):
Event: 514.722 Executing safepoint VM operation: ParallelGCFailedAllocation (Allocation Failure)
Event: 514.725 Executing safepoint VM operation: ParallelGCFailedAllocation (Allocation Failure) done
Event: 514.738 Executing safepoint VM operation: ParallelGCFailedAllocation (Allocation Failure)
Event: 514.740 Executing safepoint VM operation: ParallelGCFailedAllocation (Allocation Failure) done
Event: 514.749 Executing safepoint VM operation: ParallelGCFailedAllocation (Allocation Failure)
Event: 514.752 Executing safepoint VM operation: ParallelGCFailedAllocation (Allocation Failure) done
Event: 514.760 Executing safepoint VM operation: ParallelGCFailedAllocation (Allocation Failure)
Event: 514.765 Executing safepoint VM operation: ParallelGCFailedAllocation (Allocation Failure) done
Event: 514.775 Executing safepoint VM operation: ParallelGCFailedAllocation (Allocation Failure)
Event: 514.777 Executing safepoint VM operation: ParallelGCFailedAllocation (Allocation Failure) done
Event: 514.792 Executing safepoint VM operation: ParallelGCFailedAllocation (Allocation Failure)
Event: 514.796 Executing safepoint VM operation: ParallelGCFailedAllocation (Allocation Failure) done
Event: 514.815 Executing safepoint VM operation: ParallelGCFailedAllocation (Allocation Failure)
Event: 514.832 Executing safepoint VM operation: ParallelGCFailedAllocation (Allocation Failure) done
Event: 514.850 Executing safepoint VM operation: ParallelGCFailedAllocation (Allocation Failure)
Event: 514.875 Executing safepoint VM operation: ParallelGCFailedAllocation (Allocation Failure) done
Event: 515.173 Executing safepoint VM operation: ParallelGCFailedAllocation (Allocation Failure)
Event: 515.179 Executing safepoint VM operation: ParallelGCFailedAllocation (Allocation Failure) done
Event: 515.301 Executing safepoint VM operation: ParallelGCFailedAllocation (Allocation Failure)
Event: 515.303 Executing safepoint VM operation: ParallelGCFailedAllocation (Allocation Failure) done

Memory protections (0 events):
No events

Nmethod flushes (20 events):
Event: 66.912 Thread 0x000001e867ce1500 flushing  nmethod 0x000001e86c3ffa90
Event: 66.912 Thread 0x000001e867ce1500 flushing  nmethod 0x000001e86c438c90
Event: 66.912 Thread 0x000001e867ce1500 flushing  nmethod 0x000001e86c448410
Event: 66.912 Thread 0x000001e867ce1500 flushing  nmethod 0x000001e86c46b710
Event: 66.912 Thread 0x000001e867ce1500 flushing  nmethod 0x000001e86c475e10
Event: 66.912 Thread 0x000001e867ce1500 flushing  nmethod 0x000001e86c47fa10
Event: 66.912 Thread 0x000001e867ce1500 flushing  nmethod 0x000001e86c480210
Event: 66.912 Thread 0x000001e867ce1500 flushing  nmethod 0x000001e86c484810
Event: 66.912 Thread 0x000001e867ce1500 flushing  nmethod 0x000001e86c48c510
Event: 66.912 Thread 0x000001e867ce1500 flushing  nmethod 0x000001e86c48d790
Event: 66.912 Thread 0x000001e867ce1500 flushing  nmethod 0x000001e86c48e010
Event: 66.912 Thread 0x000001e867ce1500 flushing  nmethod 0x000001e86c499590
Event: 66.912 Thread 0x000001e867ce1500 flushing  nmethod 0x000001e86c49bd90
Event: 66.912 Thread 0x000001e867ce1500 flushing  nmethod 0x000001e86c4a3410
Event: 66.912 Thread 0x000001e867ce1500 flushing  nmethod 0x000001e86c4aa010
Event: 66.912 Thread 0x000001e867ce1500 flushing  nmethod 0x000001e86c4b6610
Event: 66.912 Thread 0x000001e867ce1500 flushing  nmethod 0x000001e86c4b6c10
Event: 66.912 Thread 0x000001e867ce1500 flushing  nmethod 0x000001e86c4d7e10
Event: 66.912 Thread 0x000001e867ce1500 flushing  nmethod 0x000001e86c4dc510
Event: 66.912 Thread 0x000001e867ce1500 flushing osr nmethod 0x000001e86c514e90

Events (20 events):
Event: 395.271 Thread 0x000001e848e4c560 Thread exited: 0x000001e848e4c560
Event: 411.048 Thread 0x000001e87faf2610 Thread added: 0x000001e848e4e770
Event: 411.271 Thread 0x000001e848e4e770 Thread exited: 0x000001e848e4e770
Event: 411.484 Thread 0x000001e87faf2610 Thread added: 0x000001e848e4e770
Event: 411.734 Thread 0x000001e848e4e770 Thread exited: 0x000001e848e4e770
Event: 412.662 Thread 0x000001e847d93e30 Thread added: 0x000001e847d944c0
Event: 412.714 Thread 0x000001e8428b7ad0 Thread added: 0x000001e847d95870
Event: 412.776 Thread 0x000001e847d93e30 Thread added: 0x000001e847d951e0
Event: 420.395 Thread 0x000001e84843c170 Thread exited: 0x000001e84843c170
Event: 421.964 Thread 0x000001e847d93e30 Thread added: 0x000001e847d923f0
Event: 421.967 Thread 0x000001e87faf2610 Thread added: 0x000001e848e4c560
Event: 422.541 Thread 0x000001e848e4c560 Thread exited: 0x000001e848e4c560
Event: 440.307 Thread 0x000001e848440310 Thread exited: 0x000001e848440310
Event: 475.093 Thread 0x000001e84a0aaee0 Thread exited: 0x000001e84a0aaee0
Event: 477.695 Thread 0x000001e8428b7ad0 Thread exited: 0x000001e8428b7ad0
Event: 477.790 Thread 0x000001e847d93e30 Thread added: 0x000001e848f04200
Event: 477.872 Thread 0x000001e847d95870 Thread added: 0x000001e848f04f20
Event: 478.492 Thread 0x000001e847d93e30 Thread added: 0x000001e848f03b70
Event: 480.408 Thread 0x000001e84a0ae360 Thread exited: 0x000001e84a0ae360
Event: 514.614 Thread 0x000001e87faf2610 Thread added: 0x000001e848e4c560


Dynamic libraries:
0x00007ff6bcd60000 - 0x00007ff6bcd6e000 	c:\Users\ASUS\.antigravity\extensions\redhat.java-1.53.0-win32-x64\jre\21.0.10-win32-x86_64\bin\java.exe
0x00007fff14dc0000 - 0x00007fff15029000 	C:\WINDOWS\SYSTEM32\ntdll.dll
0x00007fff13800000 - 0x00007fff138c9000 	C:\WINDOWS\System32\KERNEL32.DLL
0x00007fff12390000 - 0x00007fff12783000 	C:\WINDOWS\System32\KERNELBASE.dll
0x00007fff12790000 - 0x00007fff128db000 	C:\WINDOWS\System32\ucrtbase.dll
0x00007ffefc630000 - 0x00007ffefc648000 	c:\Users\ASUS\.antigravity\extensions\redhat.java-1.53.0-win32-x64\jre\21.0.10-win32-x86_64\bin\jli.dll
0x00007ffefc610000 - 0x00007ffefc62e000 	c:\Users\ASUS\.antigravity\extensions\redhat.java-1.53.0-win32-x64\jre\21.0.10-win32-x86_64\bin\VCRUNTIME140.dll
0x00007fff141e0000 - 0x00007fff143a4000 	C:\WINDOWS\System32\USER32.dll
0x00007ffef7f50000 - 0x00007ffef81e3000 	C:\WINDOWS\WinSxS\amd64_microsoft.windows.common-controls_6595b64144ccf1df_6.0.26100.5074_none_3e0d6f78e32fd63f\COMCTL32.dll
0x00007fff12360000 - 0x00007fff12387000 	C:\WINDOWS\System32\win32u.dll
0x00007fff146b0000 - 0x00007fff14759000 	C:\WINDOWS\System32\msvcrt.dll
0x00007fff12cf0000 - 0x00007fff12d1b000 	C:\WINDOWS\System32\GDI32.dll
0x00007fff128e0000 - 0x00007fff12a0d000 	C:\WINDOWS\System32\gdi32full.dll
0x00007fff12140000 - 0x00007fff121e3000 	C:\WINDOWS\System32\msvcp_win.dll
0x00007fff12d20000 - 0x00007fff12d4f000 	C:\WINDOWS\System32\IMM32.DLL
0x00007ffefc600000 - 0x00007ffefc60c000 	c:\Users\ASUS\.antigravity\extensions\redhat.java-1.53.0-win32-x64\jre\21.0.10-win32-x86_64\bin\vcruntime140_1.dll
0x00007ffefa960000 - 0x00007ffefa9ed000 	c:\Users\ASUS\.antigravity\extensions\redhat.java-1.53.0-win32-x64\jre\21.0.10-win32-x86_64\bin\msvcp140.dll
0x00007ffe995e0000 - 0x00007ffe9a381000 	c:\Users\ASUS\.antigravity\extensions\redhat.java-1.53.0-win32-x64\jre\21.0.10-win32-x86_64\bin\server\jvm.dll
0x00007fff14120000 - 0x00007fff141d4000 	C:\WINDOWS\System32\ADVAPI32.dll
0x00007fff14410000 - 0x00007fff144b6000 	C:\WINDOWS\System32\sechost.dll
0x00007fff12d60000 - 0x00007fff12e78000 	C:\WINDOWS\System32\RPCRT4.dll
0x00007fff136c0000 - 0x00007fff13734000 	C:\WINDOWS\System32\WS2_32.dll
0x00007fff11d80000 - 0x00007fff11dde000 	C:\WINDOWS\SYSTEM32\POWRPROF.dll
0x00007fff05970000 - 0x00007fff059a5000 	C:\WINDOWS\SYSTEM32\WINMM.dll
0x00007fff0bc20000 - 0x00007fff0bc2b000 	C:\WINDOWS\SYSTEM32\VERSION.dll
0x00007fff11d60000 - 0x00007fff11d74000 	C:\WINDOWS\SYSTEM32\UMPDC.dll
0x00007fff10cc0000 - 0x00007fff10cdb000 	C:\WINDOWS\SYSTEM32\kernel.appcore.dll
0x00007ffefc5f0000 - 0x00007ffefc5fa000 	c:\Users\ASUS\.antigravity\extensions\redhat.java-1.53.0-win32-x64\jre\21.0.10-win32-x86_64\bin\jimage.dll
0x00007ffefe670000 - 0x00007ffefe8b2000 	C:\WINDOWS\SYSTEM32\DBGHELP.DLL
0x00007fff13340000 - 0x00007fff136bb000 	C:\WINDOWS\System32\combase.dll
0x00007fff13040000 - 0x00007fff13117000 	C:\WINDOWS\System32\OLEAUT32.dll
0x00007ffefb2a0000 - 0x00007ffefb2dd000 	C:\WINDOWS\SYSTEM32\dbgcore.DLL
0x00007fff120a0000 - 0x00007fff12139000 	C:\WINDOWS\System32\bcryptPrimitives.dll
0x00007ffefc5e0000 - 0x00007ffefc5ef000 	c:\Users\ASUS\.antigravity\extensions\redhat.java-1.53.0-win32-x64\jre\21.0.10-win32-x86_64\bin\instrument.dll
0x00007ffefc5c0000 - 0x00007ffefc5e0000 	c:\Users\ASUS\.antigravity\extensions\redhat.java-1.53.0-win32-x64\jre\21.0.10-win32-x86_64\bin\java.dll
0x00007fff138d0000 - 0x00007fff1401d000 	C:\WINDOWS\System32\SHELL32.dll
0x00007fff121f0000 - 0x00007fff1235c000 	C:\WINDOWS\System32\wintypes.dll
0x00007fff0fb30000 - 0x00007fff10389000 	C:\WINDOWS\SYSTEM32\windows.storage.dll
0x00007fff12e80000 - 0x00007fff12f70000 	C:\WINDOWS\System32\SHCORE.dll
0x00007fff13130000 - 0x00007fff13192000 	C:\WINDOWS\System32\shlwapi.dll
0x00007fff11e40000 - 0x00007fff11e69000 	C:\WINDOWS\SYSTEM32\profapi.dll
0x00007ffefc5a0000 - 0x00007ffefc5b8000 	c:\Users\ASUS\.antigravity\extensions\redhat.java-1.53.0-win32-x64\jre\21.0.10-win32-x86_64\bin\zip.dll
0x00007ffefc580000 - 0x00007ffefc590000 	C:\Users\ASUS\.antigravity\extensions\redhat.java-1.53.0-win32-x64\jre\21.0.10-win32-x86_64\bin\net.dll
0x00007fff0c220000 - 0x00007fff0c33f000 	C:\WINDOWS\SYSTEM32\WINHTTP.dll
0x00007fff11220000 - 0x00007fff1128b000 	C:\WINDOWS\system32\mswsock.dll
0x00007ffefc560000 - 0x00007ffefc576000 	C:\Users\ASUS\.antigravity\extensions\redhat.java-1.53.0-win32-x64\jre\21.0.10-win32-x86_64\bin\nio.dll
0x00007ffefc4d0000 - 0x00007ffefc4e0000 	c:\Users\ASUS\.antigravity\extensions\redhat.java-1.53.0-win32-x64\jre\21.0.10-win32-x86_64\bin\verify.dll
0x00007ffefaba0000 - 0x00007ffefabe5000 	C:\Users\ASUS\AppData\Roaming\Antigravity\User\globalStorage\redhat.java\1.53.0\config_win\org.eclipse.equinox.launcher\org.eclipse.equinox.launcher.win32.win32.x86_64_1.3.0.v20260203-2149\eclipse_11919.dll
0x00007fff131a0000 - 0x00007fff13338000 	C:\WINDOWS\System32\ole32.dll
0x00007fff115f0000 - 0x00007fff1160b000 	C:\WINDOWS\SYSTEM32\CRYPTSP.dll
0x00007fff10c20000 - 0x00007fff10c5b000 	C:\WINDOWS\system32\rsaenh.dll
0x00007fff112c0000 - 0x00007fff112eb000 	C:\WINDOWS\SYSTEM32\USERENV.dll
0x00007fff11e10000 - 0x00007fff11e36000 	C:\WINDOWS\SYSTEM32\bcrypt.dll
0x00007fff11450000 - 0x00007fff1145c000 	C:\WINDOWS\SYSTEM32\CRYPTBASE.dll
0x00007fff10760000 - 0x00007fff10794000 	C:\WINDOWS\SYSTEM32\IPHLPAPI.DLL
0x00007fff13120000 - 0x00007fff1312a000 	C:\WINDOWS\System32\NSI.dll
0x00007ffeef8c0000 - 0x00007ffeef909000 	C:\Users\ASUS\AppData\Local\Temp\jna-2018896\jna7779287072057010273.dll
0x00007fff144c0000 - 0x00007fff144c8000 	C:\WINDOWS\System32\PSAPI.DLL
0x00007fff0c9e0000 - 0x00007fff0c9fe000 	C:\WINDOWS\SYSTEM32\dhcpcsvc6.DLL
0x00007fff0c8b0000 - 0x00007fff0c8d3000 	C:\WINDOWS\SYSTEM32\dhcpcsvc.DLL

JVMTI agents:
c:\Users\ASUS\.antigravity\extensions\redhat.java-1.53.0-win32-x64\lombok\lombok-1.18.39-4050.jar path:c:\Users\ASUS\.antigravity\extensions\redhat.java-1.53.0-win32-x64\jre\21.0.10-win32-x86_64\bin\instrument.dll, loaded, initialized, instrumentlib options:none

dbghelp: loaded successfully - version: 4.0.5 - missing functions: none
symbol engine: initialized successfully - sym options: 0x614 - pdb path: .;c:\Users\ASUS\.antigravity\extensions\redhat.java-1.53.0-win32-x64\jre\21.0.10-win32-x86_64\bin;C:\WINDOWS\SYSTEM32;C:\WINDOWS\WinSxS\amd64_microsoft.windows.common-controls_6595b64144ccf1df_6.0.26100.5074_none_3e0d6f78e32fd63f;c:\Users\ASUS\.antigravity\extensions\redhat.java-1.53.0-win32-x64\jre\21.0.10-win32-x86_64\bin\server;C:\Users\ASUS\AppData\Roaming\Antigravity\User\globalStorage\redhat.java\1.53.0\config_win\org.eclipse.equinox.launcher\org.eclipse.equinox.launcher.win32.win32.x86_64_1.3.0.v20260203-2149;C:\Users\ASUS\AppData\Local\Temp\jna-2018896

VM Arguments:
jvm_args: --add-modules=ALL-SYSTEM --add-opens=java.base/java.util=ALL-UNNAMED --add-opens=java.base/java.lang=ALL-UNNAMED --add-opens=java.base/sun.nio.fs=ALL-UNNAMED -Declipse.application=org.eclipse.jdt.ls.core.id1 -Dosgi.bundles.defaultStartLevel=4 -Declipse.product=org.eclipse.jdt.ls.core.product -Djava.import.generatesMetadataFilesAtProjectRoot=false -DDetectVMInstallationsJob.disabled=true -Dfile.encoding=utf8 -XX:+UseParallelGC -XX:GCTimeRatio=4 -XX:AdaptiveSizePolicyWeight=90 -Dsun.zip.disableMemoryMapping=true -Xmx2G -Xms100m -Xlog:disable -javaagent:c:\Users\ASUS\.antigravity\extensions\redhat.java-1.53.0-win32-x64\lombok\lombok-1.18.39-4050.jar -XX:+HeapDumpOnOutOfMemoryError -XX:HeapDumpPath=c:\Users\ASUS\AppData\Roaming\Antigravity\User\workspaceStorage\072664e477a3092332c4219defd89c4c\redhat.java -Daether.dependencyCollector.impl=bf 
java_command: c:\Users\ASUS\.antigravity\extensions\redhat.java-1.53.0-win32-x64\server\plugins\org.eclipse.equinox.launcher_1.7.100.v20251111-0406.jar -configuration c:\Users\ASUS\AppData\Roaming\Antigravity\User\globalStorage\redhat.java\1.53.0\config_win -data c:\Users\ASUS\AppData\Roaming\Antigravity\User\workspaceStorage\072664e477a3092332c4219defd89c4c\redhat.java\jdt_ws --pipe=\\.\pipe\lsp-d20d4a90f8637ed72ebc523c956eb9a4-sock
java_class_path (initial): c:\Users\ASUS\.antigravity\extensions\redhat.java-1.53.0-win32-x64\server\plugins\org.eclipse.equinox.launcher_1.7.100.v20251111-0406.jar
Launcher Type: SUN_STANDARD

[Global flags]
    uintx AdaptiveSizePolicyWeight                 = 90                                        {product} {command line}
     intx CICompilerCount                          = 12                                        {product} {ergonomic}
    uintx GCTimeRatio                              = 4                                         {product} {command line}
     bool HeapDumpOnOutOfMemoryError               = true                                   {manageable} {command line}
    ccstr HeapDumpPath                             = c:\Users\ASUS\AppData\Roaming\Antigravity\User\workspaceStorage\072664e477a3092332c4219defd89c4c\redhat.java         {manageable} {command line}
   size_t InitialHeapSize                          = 104857600                                 {product} {command line}
   size_t MaxHeapSize                              = 2147483648                                {product} {command line}
   size_t MaxNewSize                               = 715653120                                 {product} {ergonomic}
   size_t MinHeapDeltaBytes                        = 524288                                    {product} {ergonomic}
   size_t MinHeapSize                              = 104857600                                 {product} {command line}
   size_t NewSize                                  = 34603008                                  {product} {ergonomic}
    uintx NonNMethodCodeHeapSize                   = 7602480                                {pd product} {ergonomic}
    uintx NonProfiledCodeHeapSize                  = 122027880                              {pd product} {ergonomic}
   size_t OldSize                                  = 70254592                                  {product} {ergonomic}
    uintx ProfiledCodeHeapSize                     = 122027880                              {pd product} {ergonomic}
    uintx ReservedCodeCacheSize                    = 251658240                              {pd product} {ergonomic}
     bool SegmentedCodeCache                       = true                                      {product} {ergonomic}
   size_t SoftMaxHeapSize                          = 2147483648                             {manageable} {ergonomic}
     bool UseCompressedOops                        = true                           {product lp64_product} {ergonomic}
     bool UseLargePagesIndividualAllocation        = false                                  {pd product} {ergonomic}
     bool UseParallelGC                            = true                                      {product} {command line}

Logging:
Log output configuration:
 #0: stdout all=off uptime,level,tags foldmultilines=false
 #1: stderr all=off uptime,level,tags foldmultilines=false

Release file:
JAVA_VERSION="21.0.10" 
MODULES="java.base java.compiler java.datatransfer java.xml java.prefs java.desktop java.instrument java.logging java.management java.security.sasl java.naming java.rmi java.management.rmi java.net.http java.scripting java.security.jgss java.transaction.xa java.sql java.sql.rowset java.xml.crypto java.se java.smartcardio jdk.accessibility jdk.internal.jvmstat jdk.attach jdk.charsets jdk.internal.opt jdk.zipfs jdk.compiler jdk.crypto.ec jdk.crypto.cryptoki jdk.crypto.mscapi jdk.dynalink jdk.internal.ed jdk.editpad jdk.hotspot.agent jdk.httpserver jdk.internal.le jdk.internal.vm.ci jdk.internal.vm.compiler jdk.internal.vm.compiler.management jdk.jartool jdk.javadoc jdk.jcmd jdk.management jdk.management.agent jdk.jconsole jdk.jdeps jdk.jdwp.agent jdk.jdi jdk.jfr jdk.jshell jdk.jsobject jdk.jstatd jdk.localedata jdk.management.jfr jdk.naming.dns jdk.naming.rmi jdk.net jdk.nio.mapmode jdk.random jdk.sctp jdk.security.auth jdk.security.jgss jdk.unsupported jdk.unsupported.desktop jdk.xml.dom" 

Environment Variables:
PATH=C:\Program Files\Java\jdk-25\bin;C:\Program Files\Python313\Scripts\;C:\Program Files\Python313\;C:\Program Files (x86)\VMware\VMware Workstation\bin\;C:\WINDOWS\system32;C:\WINDOWS;C:\WINDOWS\System32\Wbem;C:\WINDOWS\System32\WindowsPowerShell\v1.0\;C:\WINDOWS\System32\OpenSSH\;C:\Program Files\NVIDIA Corporation\NVIDIA App\NvDLISR;C:\Program Files (x86)\NVIDIA Corporation\PhysX\Common;C:\Program Files\dotnet\;C:\php-8.4.7;C:\ProgramData\ComposerSetup\bin;C:\Program Files\nodejs\;C:\Program Files\Git\cmd;C:\Program Files\MongoDB\Server\8.2\bin;C:\Program Files\Java\jdk-25\;;C:\ProgramData\chocolatey\bin;C:\Program Files\Microsoft SQL Server\150\Tools\Binn\;C:\Program Files\Microsoft SQL Server\Client SDK\ODBC\170\Tools\Binn\;C:\Program Files\Microsoft SQL Server\170\DTS\Binn\;C:\Program Files\Docker\Docker\resources\bin;c:\Users\ASUS\AppData\Local\Programs\cursor\resources\app\codeBin;C:\Program Files\Java\jdk-25\bin;C:\Users\ASUS\AppData\Local\Microsoft\WindowsApps;C:\Visaul Studio\Microsoft VS Code\bin;C:\Users\ASUS\AppData\Local\Programs\Azure Data Studio\bin;C:\Program Files\Azure Data Studio\bin;C:\Users\ASUS\AppData\Local\GitHubDesktop\bin;C:\Users\ASUS\AppData\Roaming\Composer\vendor\bin;C:\Users\ASUS\AppData\Roaming\npm;C:\Program Files\mongosh\;C:\Program Files\IntelliJ IDEA 2025.2.3\bin;C:\Program Files\JetBrains\WebStorm 2025.2.3\bin;C:\Program Files (x86)\Microsoft Visual Studio\Shared\NuGetPackages\microsoft.visualstudio.javascript.sdk;C:\Program Files\Java\jdk-25\;C:\Users\ASUS\.dotnet\tools;C:\Users\ASUS\AppData\Local\Microsoft\WinGet\Links;C:\Users\ASUS\AppData\Local\Programs\Antigravity\bin;C:\Users\ASUS\AppData\Local\Programs\cursor\resources\app\bin
USERNAME=ASUS
OS=Windows_NT
PROCESSOR_IDENTIFIER=AMD64 Family 25 Model 68 Stepping 1, AuthenticAMD
TMP=C:\Users\ASUS\AppData\Local\Temp
TEMP=C:\Users\ASUS\AppData\Local\Temp




Periodic native trim disabled

---------------  S Y S T E M  ---------------

OS:
 Windows 11 , 64 bit Build 26100 (10.0.26100.5074)
OS uptime: 0 days 0:20 hours
Hyper-V role detected

CPU: total 16 (initial active 16) (16 cores per cpu, 2 threads per core) family 25 model 68 stepping 1 microcode 0xa404107, cx8, cmov, fxsr, ht, mmx, 3dnowpref, sse, sse2, sse3, ssse3, sse4a, sse4.1, sse4.2, popcnt, lzcnt, tsc, tscinvbit, avx, avx2, aes, erms, clmul, bmi1, bmi2, adx, sha, fma, vzeroupper, clflush, clflushopt, hv, rdtscp, rdpid, fsrm, f16c, cet_ss
Processor Information for processor 0
  Max Mhz: 3100, Current Mhz: 2523, Mhz Limit: 3100
Processor Information for processor 1
  Max Mhz: 3100, Current Mhz: 2523, Mhz Limit: 3100
Processor Information for processor 2
  Max Mhz: 3100, Current Mhz: 3100, Mhz Limit: 3100
Processor Information for processor 3
  Max Mhz: 3100, Current Mhz: 2523, Mhz Limit: 3100
Processor Information for processor 4
  Max Mhz: 3100, Current Mhz: 2523, Mhz Limit: 3100
Processor Information for processor 5
  Max Mhz: 3100, Current Mhz: 2523, Mhz Limit: 3100
Processor Information for processor 6
  Max Mhz: 3100, Current Mhz: 2523, Mhz Limit: 3100
Processor Information for processor 7
  Max Mhz: 3100, Current Mhz: 2523, Mhz Limit: 3100
Processor Information for processor 8
  Max Mhz: 3100, Current Mhz: 2523, Mhz Limit: 3100
Processor Information for processor 9
  Max Mhz: 3100, Current Mhz: 2523, Mhz Limit: 3100
Processor Information for processor 10
  Max Mhz: 3100, Current Mhz: 2523, Mhz Limit: 3100
Processor Information for processor 11
  Max Mhz: 3100, Current Mhz: 2523, Mhz Limit: 3100
Processor Information for processor 12
  Max Mhz: 3100, Current Mhz: 2523, Mhz Limit: 3100
Processor Information for processor 13
  Max Mhz: 3100, Current Mhz: 2523, Mhz Limit: 3100
Processor Information for processor 14
  Max Mhz: 3100, Current Mhz: 2523, Mhz Limit: 3100
Processor Information for processor 15
  Max Mhz: 3100, Current Mhz: 2523, Mhz Limit: 3100

Memory: 4k page, system-wide physical 8010M (448M free)
TotalPageFile size 24394M (AvailPageFile size 9M)
current process WorkingSet (physical memory assigned to process): 205M, peak: 524M
current process commit charge ("private bytes"): 812M, peak: 813M

vm_info: OpenJDK 64-Bit Server VM (21.0.10+7-LTS) for windows-amd64 JRE (21.0.10+7-LTS), built on 2026-01-20T00:00:00Z by "admin" with MS VC++ 17.12 (VS2022)

END.
