#
# There is insufficient memory for the Java Runtime Environment to continue.
# Native memory allocation (malloc) failed to allocate 65552 bytes. Error detail: Chunk::new
# Possible reasons:
#   The system is out of physical RAM or swap space
#   This process is running with CompressedOops enabled, and the Java Heap may be blocking the growth of the native heap
# Possible solutions:
#   Reduce memory load on the system
#   Increase physical memory or swap space
#   Check if swap backing store is full
#   Decrease Java heap size (-Xmx/-Xms)
#   Decrease number of Java threads
#   Decrease Java thread stack sizes (-Xss)
#   Set larger code cache with -XX:ReservedCodeCacheSize=
#   JVM is running with Unscaled Compressed Oops mode in which the Java heap is
#     placed in the first 4GB address space. The Java Heap base address is the
#     maximum limit for the native heap growth. Please use -XX:HeapBaseMinAddress
#     to set the Java Heap base and to place the Java Heap above 4GB virtual address.
# This output file may be truncated or incomplete.
#
#  Out of Memory Error (arena.cpp:168), pid=37476, tid=6476
#
# JRE version: OpenJDK Runtime Environment Temurin-21.0.10+7 (21.0.10+7) (build 21.0.10+7-LTS)
# Java VM: OpenJDK 64-Bit Server VM Temurin-21.0.10+7 (21.0.10+7-LTS, mixed mode, sharing, tiered, compressed oops, compressed class ptrs, parallel gc, windows-amd64)
# No core dump will be written. Minidumps are not enabled by default on client versions of Windows
#

---------------  S U M M A R Y ------------

Command Line: --add-modules=ALL-SYSTEM --add-opens=java.base/java.util=ALL-UNNAMED --add-opens=java.base/java.lang=ALL-UNNAMED --add-opens=java.base/sun.nio.fs=ALL-UNNAMED -Declipse.application=org.eclipse.jdt.ls.core.id1 -Dosgi.bundles.defaultStartLevel=4 -Declipse.product=org.eclipse.jdt.ls.core.product -Djava.import.generatesMetadataFilesAtProjectRoot=false -DDetectVMInstallationsJob.disabled=true -Dfile.encoding=utf8 -XX:+UseParallelGC -XX:GCTimeRatio=4 -XX:AdaptiveSizePolicyWeight=90 -Dsun.zip.disableMemoryMapping=true -Xmx2G -Xms100m -Xlog:disable -javaagent:c:\Users\ASUS\.vscode\extensions\redhat.java-1.53.0-win32-x64\lombok\lombok-1.18.39-4050.jar -XX:+HeapDumpOnOutOfMemoryError -XX:HeapDumpPath=c:\Users\ASUS\AppData\Roaming\Code\User\workspaceStorage\072664e477a3092332c4219defd89c4c\redhat.java -Daether.dependencyCollector.impl=bf c:\Users\ASUS\.vscode\extensions\redhat.java-1.53.0-win32-x64\server\plugins\org.eclipse.equinox.launcher_1.7.100.v20251111-0406.jar -configuration c:\Users\ASUS\AppData\Roaming\Code\User\globalStorage\redhat.java\1.53.0\config_win -data c:\Users\ASUS\AppData\Roaming\Code\User\workspaceStorage\072664e477a3092332c4219defd89c4c\redhat.java\jdt_ws --pipe=\\.\pipe\lsp-69afd9916070097b918aade90369787d-sock

Host: AMD Ryzen 7 7435HS                             , 16 cores, 7G,  Windows 11 , 64 bit Build 26100 (10.0.26100.5074)
Time: Wed Apr  1 14:27:28 2026 SE Asia Standard Time elapsed time: 15.680563 seconds (0d 0h 0m 15s)

---------------  T H R E A D  ---------------

Current thread (0x000001c1e13b4020):  JavaThread "C2 CompilerThread1" daemon [_thread_in_native, id=6476, stack(0x0000005875d00000,0x0000005875e00000) (1024K)]


Current CompileTask:
C2:15680 7824       4       jdk.internal.jimage.ImageReader$SharedImageReader::lambda$handleModulesSubTree$1 (58 bytes)

Stack: [0x0000005875d00000,0x0000005875e00000]
Native frames: (J=compiled Java code, j=interpreted, Vv=VM code, C=native code)
V  [jvm.dll+0x6d7a39]
V  [jvm.dll+0x8b4b26]
V  [jvm.dll+0x8b70de]
V  [jvm.dll+0x8b77c3]
V  [jvm.dll+0x284346]
V  [jvm.dll+0xc66ed]
V  [jvm.dll+0xc6c31]
V  [jvm.dll+0xc6815]
V  [jvm.dll+0x6b2b0c]
V  [jvm.dll+0x65fe6f]
V  [jvm.dll+0x6657ef]
V  [jvm.dll+0x666736]
V  [jvm.dll+0x664a7b]
V  [jvm.dll+0x24c3db]
V  [jvm.dll+0x24bb40]
V  [jvm.dll+0x1cb34e]
V  [jvm.dll+0x25b85d]
V  [jvm.dll+0x259dea]
V  [jvm.dll+0x3f857e]
V  [jvm.dll+0x85f59d]
V  [jvm.dll+0x6d626d]
C  [ucrtbase.dll+0x37b0]
C  [KERNEL32.DLL+0x2e8d7]
C  [ntdll.dll+0x8d9c]


---------------  P R O C E S S  ---------------

Threads class SMR info:
_java_thread_list=0x000001c1e018ecc0, length=65, elements={
0x000001c1ffed3b60, 0x000001c197dfd720, 0x000001c197dfe580, 0x000001c1fff763c0,
0x000001c1fff77020, 0x000001c1fff78890, 0x000001c1fff7c9e0, 0x000001c1fff8b8d0,
0x000001c1da3da290, 0x000001c1da4bbc60, 0x000001c1da4bc920, 0x000001c1da6002c0,
0x000001c1da676d00, 0x000001c1da6d00e0, 0x000001c1e04c9690, 0x000001c1e093f350,
0x000001c1e04812c0, 0x000001c1e0a014a0, 0x000001c1e0f36640, 0x000001c1e0d976c0,
0x000001c1da517570, 0x000001c1e0d93740, 0x000001c1e0d92a20, 0x000001c1e0d92390,
0x000001c1e13b4020, 0x000001c1e13b46d0, 0x000001c1e1f31300, 0x000001c1e1f31990,
0x000001c1e1f305e0, 0x000001c1e1f32d40, 0x000001c1e1f32020, 0x000001c1e1f30c70,
0x000001c1e1f340f0, 0x000001c1e1f326b0, 0x000001c1e1f361c0, 0x000001c1e1f36ee0,
0x000001c1e1f37c00, 0x000001c1e1f35b30, 0x000001c1e1f34780, 0x000001c1e1f34e10,
0x000001c1e1f354a0, 0x000001c1e1f36850, 0x000001c1e1f37570, 0x000001c1e220ef10,
0x000001c1e220fc30, 0x000001c1e22102c0, 0x000001c1e220e1f0, 0x000001c1e2210950,
0x000001c1e2211d00, 0x000001c1e220f5a0, 0x000001c1e220e880, 0x000001c1e2213dd0,
0x000001c1e2212390, 0x000001c1e2214460, 0x000001c1e2212a20, 0x000001c1e22130b0,
0x000001c1e2213740, 0x000001c1e2214af0, 0x000001c1e2215180, 0x000001c1e1bcc440,
0x000001c1e1bceba0, 0x000001c1e1bcde80, 0x000001c1e1bce510, 0x000001c1e1bcf230,
0x000001c1e1bcd160
}

Java Threads: ( => current thread )
  0x000001c1ffed3b60 JavaThread "main"                              [_thread_blocked, id=15668, stack(0x0000005873600000,0x0000005873700000) (1024K)]
  0x000001c197dfd720 JavaThread "Reference Handler"          daemon [_thread_blocked, id=37456, stack(0x0000005873a00000,0x0000005873b00000) (1024K)]
  0x000001c197dfe580 JavaThread "Finalizer"                  daemon [_thread_blocked, id=37460, stack(0x0000005873b00000,0x0000005873c00000) (1024K)]
  0x000001c1fff763c0 JavaThread "Signal Dispatcher"          daemon [_thread_blocked, id=4376, stack(0x0000005873c00000,0x0000005873d00000) (1024K)]
  0x000001c1fff77020 JavaThread "Attach Listener"            daemon [_thread_blocked, id=9128, stack(0x0000005873d00000,0x0000005873e00000) (1024K)]
  0x000001c1fff78890 JavaThread "Service Thread"             daemon [_thread_blocked, id=23712, stack(0x0000005873e00000,0x0000005873f00000) (1024K)]
  0x000001c1fff7c9e0 JavaThread "Monitor Deflation Thread"   daemon [_thread_blocked, id=37052, stack(0x0000005873f00000,0x0000005874000000) (1024K)]
  0x000001c1fff8b8d0 JavaThread "C2 CompilerThread0"         daemon [_thread_in_native, id=31872, stack(0x0000005874000000,0x0000005874100000) (1024K)]
  0x000001c1da3da290 JavaThread "C1 CompilerThread0"         daemon [_thread_blocked, id=14244, stack(0x0000005874100000,0x0000005874200000) (1024K)]
  0x000001c1da4bbc60 JavaThread "C1 CompilerThread1"         daemon [_thread_blocked, id=33972, stack(0x0000005874200000,0x0000005874300000) (1024K)]
  0x000001c1da4bc920 JavaThread "C1 CompilerThread2"         daemon [_thread_blocked, id=20652, stack(0x0000005874300000,0x0000005874400000) (1024K)]
  0x000001c1da6002c0 JavaThread "Common-Cleaner"             daemon [_thread_blocked, id=3156, stack(0x0000005874500000,0x0000005874600000) (1024K)]
  0x000001c1da676d00 JavaThread "C1 CompilerThread3"         daemon [_thread_blocked, id=37396, stack(0x0000005874600000,0x0000005874700000) (1024K)]
  0x000001c1da6d00e0 JavaThread "Notification Thread"        daemon [_thread_blocked, id=26700, stack(0x0000005874700000,0x0000005874800000) (1024K)]
  0x000001c1e04c9690 JavaThread "Active Thread: Equinox Container: 20bddc87-bf18-4cec-8f31-3b8d40fe73e0"        [_thread_blocked, id=23068, stack(0x0000005875000000,0x0000005875100000) (1024K)]
  0x000001c1e093f350 JavaThread "Refresh Thread: Equinox Container: 20bddc87-bf18-4cec-8f31-3b8d40fe73e0" daemon [_thread_blocked, id=30020, stack(0x0000005875100000,0x0000005875200000) (1024K)]
  0x000001c1e04812c0 JavaThread "Framework Event Dispatcher: Equinox Container: 20bddc87-bf18-4cec-8f31-3b8d40fe73e0" daemon [_thread_blocked, id=31632, stack(0x0000005875200000,0x0000005875300000) (1024K)]
  0x000001c1e0a014a0 JavaThread "Start Level: Equinox Container: 20bddc87-bf18-4cec-8f31-3b8d40fe73e0" daemon [_thread_blocked, id=14268, stack(0x0000005875300000,0x0000005875400000) (1024K)]
  0x000001c1e0f36640 JavaThread "Bundle File Closer"         daemon [_thread_blocked, id=26884, stack(0x0000005875700000,0x0000005875800000) (1024K)]
  0x000001c1e0d976c0 JavaThread "SCR Component Actor"        daemon [_thread_blocked, id=17024, stack(0x0000005874e00000,0x0000005874f00000) (1024K)]
  0x000001c1da517570 JavaThread "Worker-JM"                         [_thread_blocked, id=7444, stack(0x0000005874400000,0x0000005874500000) (1024K)]
  0x000001c1e0d93740 JavaThread "JNA Cleaner"                daemon [_thread_blocked, id=20276, stack(0x0000005875a00000,0x0000005875b00000) (1024K)]
  0x000001c1e0d92a20 JavaThread "Worker-0"                          [_thread_blocked, id=22648, stack(0x0000005875b00000,0x0000005875c00000) (1024K)]
  0x000001c1e0d92390 JavaThread "Worker-1"                          [_thread_blocked, id=32488, stack(0x0000005875c00000,0x0000005875d00000) (1024K)]
=>0x000001c1e13b4020 JavaThread "C2 CompilerThread1"         daemon [_thread_in_native, id=6476, stack(0x0000005875d00000,0x0000005875e00000) (1024K)]
  0x000001c1e13b46d0 JavaThread "C2 CompilerThread2"         daemon [_thread_in_native, id=26808, stack(0x0000005875e00000,0x0000005875f00000) (1024K)]
  0x000001c1e1f31300 JavaThread "Java indexing"              daemon [_thread_blocked, id=5980, stack(0x0000005875f00000,0x0000005876000000) (1024K)]
  0x000001c1e1f31990 JavaThread "Worker-2"                          [_thread_blocked, id=1804, stack(0x0000005876000000,0x0000005876100000) (1024K)]
  0x000001c1e1f305e0 JavaThread "Worker-3: Initialize workspace"        [_thread_blocked, id=33536, stack(0x0000005876300000,0x0000005876400000) (1024K)]
  0x000001c1e1f32d40 JavaThread "Worker-4: Initialize Workspace"        [_thread_blocked, id=33392, stack(0x0000005876400000,0x0000005876500000) (1024K)]
  0x000001c1e1f32020 JavaThread "Thread-1"                   daemon [_thread_in_native, id=13308, stack(0x0000005876500000,0x0000005876600000) (1024K)]
  0x000001c1e1f30c70 JavaThread "Thread-2"                   daemon [_thread_in_native, id=12108, stack(0x0000005876600000,0x0000005876700000) (1024K)]
  0x000001c1e1f340f0 JavaThread "Thread-3"                   daemon [_thread_in_native, id=33000, stack(0x0000005876700000,0x0000005876800000) (1024K)]
  0x000001c1e1f326b0 JavaThread "Thread-4"                   daemon [_thread_in_native, id=33604, stack(0x0000005876800000,0x0000005876900000) (1024K)]
  0x000001c1e1f361c0 JavaThread "Thread-5"                   daemon [_thread_in_native, id=33828, stack(0x0000005876900000,0x0000005876a00000) (1024K)]
  0x000001c1e1f36ee0 JavaThread "Thread-6"                   daemon [_thread_in_native, id=33540, stack(0x0000005876a00000,0x0000005876b00000) (1024K)]
  0x000001c1e1f37c00 JavaThread "Thread-7"                   daemon [_thread_in_native, id=34068, stack(0x0000005876b00000,0x0000005876c00000) (1024K)]
  0x000001c1e1f35b30 JavaThread "Thread-8"                   daemon [_thread_in_native, id=4064, stack(0x0000005876c00000,0x0000005876d00000) (1024K)]
  0x000001c1e1f34780 JavaThread "Thread-9"                   daemon [_thread_in_native, id=33480, stack(0x0000005876d00000,0x0000005876e00000) (1024K)]
  0x000001c1e1f34e10 JavaThread "Thread-10"                  daemon [_thread_in_native, id=14956, stack(0x0000005876e00000,0x0000005876f00000) (1024K)]
  0x000001c1e1f354a0 JavaThread "Thread-11"                  daemon [_thread_in_native, id=33952, stack(0x0000005876f00000,0x0000005877000000) (1024K)]
  0x000001c1e1f36850 JavaThread "Thread-12"                  daemon [_thread_in_native, id=33652, stack(0x0000005877000000,0x0000005877100000) (1024K)]
  0x000001c1e1f37570 JavaThread "Thread-13"                  daemon [_thread_in_native, id=33508, stack(0x0000005877100000,0x0000005877200000) (1024K)]
  0x000001c1e220ef10 JavaThread "Thread-14"                  daemon [_thread_in_native, id=28184, stack(0x0000005877200000,0x0000005877300000) (1024K)]
  0x000001c1e220fc30 JavaThread "Thread-15"                  daemon [_thread_in_native, id=34080, stack(0x0000005877300000,0x0000005877400000) (1024K)]
  0x000001c1e22102c0 JavaThread "Thread-16"                  daemon [_thread_in_native, id=17040, stack(0x0000005877400000,0x0000005877500000) (1024K)]
  0x000001c1e220e1f0 JavaThread "Thread-17"                  daemon [_thread_in_native, id=33816, stack(0x0000005877500000,0x0000005877600000) (1024K)]
  0x000001c1e2210950 JavaThread "pool-2-thread-1"                   [_thread_blocked, id=33084, stack(0x0000005877600000,0x0000005877700000) (1024K)]
  0x000001c1e2211d00 JavaThread "WorkspaceEventsHandler"            [_thread_blocked, id=33824, stack(0x0000005877700000,0x0000005877800000) (1024K)]
  0x000001c1e220f5a0 JavaThread "pool-1-thread-1"                   [_thread_in_vm, id=33360, stack(0x0000005877800000,0x0000005877900000) (1024K)]
  0x000001c1e220e880 JavaThread "ForkJoinPool.commonPool-worker-1" daemon [_thread_blocked, id=35452, stack(0x0000005877900000,0x0000005877a00000) (1024K)]
  0x000001c1e2213dd0 JavaThread "ForkJoinPool.commonPool-worker-2" daemon [_thread_blocked, id=35400, stack(0x0000005877a00000,0x0000005877b00000) (1024K)]
  0x000001c1e2212390 JavaThread "ForkJoinPool.commonPool-worker-3" daemon [_thread_blocked, id=35824, stack(0x0000005877b00000,0x0000005877c00000) (1024K)]
  0x000001c1e2214460 JavaThread "ForkJoinPool.commonPool-worker-4" daemon [_thread_blocked, id=14492, stack(0x0000005877c00000,0x0000005877d00000) (1024K)]
  0x000001c1e2212a20 JavaThread "ForkJoinPool.commonPool-worker-5" daemon [_thread_blocked, id=35716, stack(0x0000005877d00000,0x0000005877e00000) (1024K)]
  0x000001c1e22130b0 JavaThread "ForkJoinPool.commonPool-worker-6" daemon [_thread_blocked, id=11456, stack(0x0000005877e00000,0x0000005877f00000) (1024K)]
  0x000001c1e2213740 JavaThread "ForkJoinPool.commonPool-worker-7" daemon [_thread_blocked, id=35296, stack(0x0000005877f00000,0x0000005878000000) (1024K)]
  0x000001c1e2214af0 JavaThread "ForkJoinPool.commonPool-worker-8" daemon [_thread_blocked, id=35260, stack(0x0000005878000000,0x0000005878100000) (1024K)]
  0x000001c1e2215180 JavaThread "ForkJoinPool.commonPool-worker-9" daemon [_thread_blocked, id=13088, stack(0x0000005878100000,0x0000005878200000) (1024K)]
  0x000001c1e1bcc440 JavaThread "ForkJoinPool.commonPool-worker-10" daemon [_thread_blocked, id=17484, stack(0x0000005878200000,0x0000005878300000) (1024K)]
  0x000001c1e1bceba0 JavaThread "ForkJoinPool.commonPool-worker-11" daemon [_thread_blocked, id=35368, stack(0x0000005878300000,0x0000005878400000) (1024K)]
  0x000001c1e1bcde80 JavaThread "ForkJoinPool.commonPool-worker-12" daemon [_thread_blocked, id=35324, stack(0x0000005878400000,0x0000005878500000) (1024K)]
  0x000001c1e1bce510 JavaThread "ForkJoinPool.commonPool-worker-13" daemon [_thread_blocked, id=12088, stack(0x0000005878500000,0x0000005878600000) (1024K)]
  0x000001c1e1bcf230 JavaThread "ForkJoinPool.commonPool-worker-14" daemon [_thread_blocked, id=35492, stack(0x0000005878600000,0x0000005878700000) (1024K)]
  0x000001c1e1bcd160 JavaThread "ForkJoinPool.commonPool-worker-15" daemon [_thread_blocked, id=32688, stack(0x0000005878700000,0x0000005878800000) (1024K)]
Total: 65

Other Threads:
  0x000001c197de4190 VMThread "VM Thread"                           [id=34000, stack(0x0000005873900000,0x0000005873a00000) (1024K)]
  0x000001c197cdcb20 WatcherThread "VM Periodic Task Thread"        [id=23004, stack(0x0000005873800000,0x0000005873900000) (1024K)]
  0x000001c1ffef1fb0 WorkerThread "GC Thread#0"                     [id=2376, stack(0x0000005873700000,0x0000005873800000) (1024K)]
  0x000001c1e0187810 WorkerThread "GC Thread#1"                     [id=35916, stack(0x0000005874800000,0x0000005874900000) (1024K)]
  0x000001c1e05e11c0 WorkerThread "GC Thread#2"                     [id=30516, stack(0x0000005874900000,0x0000005874a00000) (1024K)]
  0x000001c1e05e1570 WorkerThread "GC Thread#3"                     [id=35876, stack(0x0000005874a00000,0x0000005874b00000) (1024K)]
  0x000001c1e03e6a60 WorkerThread "GC Thread#4"                     [id=35884, stack(0x0000005874b00000,0x0000005874c00000) (1024K)]
  0x000001c1e03e6e10 WorkerThread "GC Thread#5"                     [id=26456, stack(0x0000005874c00000,0x0000005874d00000) (1024K)]
  0x000001c1e03e71c0 WorkerThread "GC Thread#6"                     [id=35888, stack(0x0000005874d00000,0x0000005874e00000) (1024K)]
  0x000001c1e0930520 WorkerThread "GC Thread#7"                     [id=7492, stack(0x0000005874f00000,0x0000005875000000) (1024K)]
  0x000001c1e0c1b030 WorkerThread "GC Thread#8"                     [id=30896, stack(0x0000005875400000,0x0000005875500000) (1024K)]
  0x000001c1e0c1b3e0 WorkerThread "GC Thread#9"                     [id=30836, stack(0x0000005875500000,0x0000005875600000) (1024K)]
  0x000001c1e0c1b790 WorkerThread "GC Thread#10"                    [id=30820, stack(0x0000005875600000,0x0000005875700000) (1024K)]
  0x000001c1e0d64df0 WorkerThread "GC Thread#11"                    [id=30584, stack(0x0000005875800000,0x0000005875900000) (1024K)]
  0x000001c1e0d651a0 WorkerThread "GC Thread#12"                    [id=22824, stack(0x0000005875900000,0x0000005875a00000) (1024K)]
Total: 15

Threads with active compile tasks:
C2 CompilerThread0  15758 8002       4       java.util.Properties$LineReader::readLine (584 bytes)
C1 CompilerThread1  15758 8014       3       org.eclipse.jdt.internal.compiler.parser.Parser::consumeRule (7843 bytes)
C2 CompilerThread1  15758 7824       4       jdk.internal.jimage.ImageReader$SharedImageReader::lambda$handleModulesSubTree$1 (58 bytes)
C2 CompilerThread2  15758 7823       4       jdk.internal.jimage.ImageReader$SharedImageReader$$Lambda/0x000001c19959c000::visit (13 bytes)
Total: 4

VM state: not at safepoint (normal execution)

VM Mutex/Monitor currently owned by a thread: None

Heap address: 0x0000000080000000, size: 2048 MB, Compressed Oops mode: 32-bit

CDS archive(s) mapped at: [0x000001c198000000-0x000001c198ba0000-0x000001c198ba0000), size 12189696, SharedBaseAddress: 0x000001c198000000, ArchiveRelocationMode: 1.
Compressed class space mapped at: 0x000001c199000000-0x000001c1d9000000, reserved size: 1073741824
Narrow klass base: 0x000001c198000000, Narrow klass shift: 0, Narrow klass range: 0x100000000

GC Precious Log:
 CardTable entry size: 512
 CPUs: 16 total, 16 available
 Memory: 8010M
 Large Page Support: Disabled
 NUMA Support: Disabled
 Compressed Oops: Enabled (32-bit)
 Alignments: Space 512K, Generation 512K, Heap 2M
 Heap Min Capacity: 100M
 Heap Initial Capacity: 100M
 Heap Max Capacity: 2G
 Pre-touch: Disabled
 Parallel Workers: 13

Heap:
 PSYoungGen      total 24064K, used 19121K [0x00000000d5580000, 0x00000000d7100000, 0x0000000100000000)
  eden space 22016K, 77% used [0x00000000d5580000,0x00000000d662e310,0x00000000d6b00000)
  from space 2048K, 99% used [0x00000000d6b00000,0x00000000d6cfe200,0x00000000d6d00000)
  to   space 3072K, 0% used [0x00000000d6e00000,0x00000000d6e00000,0x00000000d7100000)
 ParOldGen       total 68608K, used 45135K [0x0000000080000000, 0x0000000084300000, 0x00000000d5580000)
  object space 68608K, 65% used [0x0000000080000000,0x0000000082c13e38,0x0000000084300000)
 Metaspace       used 51269K, committed 52608K, reserved 1114112K
  class space    used 5566K, committed 6144K, reserved 1048576K

Card table byte_map: [0x000001c1ff870000,0x000001c1ffc80000] _byte_map_base: 0x000001c1ff470000

Marking Bits: (ParMarkBitMap*) 0x00007ffb6cfb3450
 Begin Bits: [0x000001c193800000, 0x000001c195800000)
 End Bits:   [0x000001c195800000, 0x000001c197800000)

Polling page: 0x000001c1fef30000

Metaspace:

Usage:
  Non-class:     44.63 MB used.
      Class:      5.44 MB used.
       Both:     50.07 MB used.

Virtual space:
  Non-class space:       64.00 MB reserved,      45.38 MB ( 71%) committed,  1 nodes.
      Class space:        1.00 GB reserved,       6.00 MB ( <1%) committed,  1 nodes.
             Both:        1.06 GB reserved,      51.38 MB (  5%) committed. 

Chunk freelists:
   Non-Class:  2.20 MB
       Class:  9.84 MB
        Both:  12.05 MB

MaxMetaspaceSize: unlimited
CompressedClassSpaceSize: 1.00 GB
Initial GC threshold: 21.00 MB
Current GC threshold: 58.38 MB
CDS: on
 - commit_granule_bytes: 65536.
 - commit_granule_words: 8192.
 - virtual_space_node_default_size: 8388608.
 - enlarge_chunks_in_place: 1.
 - use_allocation_guard: 0.


Internal statistics:

num_allocs_failed_limit: 6.
num_arena_births: 1022.
num_arena_deaths: 14.
num_vsnodes_births: 2.
num_vsnodes_deaths: 0.
num_space_committed: 822.
num_space_uncommitted: 0.
num_chunks_returned_to_freelist: 20.
num_chunks_taken_from_freelist: 3434.
num_chunk_merges: 12.
num_chunk_splits: 2091.
num_chunks_enlarged: 1121.
num_inconsistent_stats: 0.

CodeHeap 'non-profiled nmethods': size=119168Kb used=4018Kb max_used=4018Kb free=115149Kb
 bounds [0x000001c18c0f0000, 0x000001c18c4e0000, 0x000001c193550000]
CodeHeap 'profiled nmethods': size=119104Kb used=16280Kb max_used=16280Kb free=102824Kb
 bounds [0x000001c184550000, 0x000001c185540000, 0x000001c18b9a0000]
CodeHeap 'non-nmethods': size=7488Kb used=3075Kb max_used=3138Kb free=4412Kb
 bounds [0x000001c18b9a0000, 0x000001c18bcc0000, 0x000001c18c0f0000]
CodeCache: size=245760Kb, used=23373Kb, max_used=23436Kb, free=222385Kb
 total_blobs=8085, nmethods=7396, adapters=592, full_count=0
Compilation: enabled, stopped_count=0, restarted_count=0

Compilation events (20 events):
Event: 15.579 Thread 0x000001c1e13b46d0 nmethod 7704 0x000001c18c4d3890 code [0x000001c18c4d3aa0, 0x000001c18c4d41e8]
Event: 15.579 Thread 0x000001c1e13b4020 nmethod 7765 0x000001c18c4d4790 code [0x000001c18c4d4960, 0x000001c18c4d4d30]
Event: 15.579 Thread 0x000001c1e13b4020 7822       4       java.util.ArrayList$SubList::equals (47 bytes)
Event: 15.580 Thread 0x000001c1e13b46d0 7786   !   4       jdk.internal.jimage.ImageReader$SharedImageReader::imageFileAttributes (46 bytes)
Event: 15.580 Thread 0x000001c1fff8b8d0 nmethod 7788 0x000001c18c4d4f90 code [0x000001c18c4d5140, 0x000001c18c4d5450]
Event: 15.580 Thread 0x000001c1e13b46d0 nmethod 7786 0x000001c18c4d5710 code [0x000001c18c4d58a0, 0x000001c18c4d5950]
Event: 15.580 Thread 0x000001c1fff8b8d0 7787       4       jdk.internal.jimage.ImageLocation::readFrom (26 bytes)
Event: 15.580 Thread 0x000001c1e13b46d0 7823       4       jdk.internal.jimage.ImageReader$SharedImageReader$$Lambda/0x000001c19959c000::visit (13 bytes)
Event: 15.582 Thread 0x000001c1e13b4020 nmethod 7822 0x000001c18c4d5a10 code [0x000001c18c4d5bc0, 0x000001c18c4d5da0]
Event: 15.582 Thread 0x000001c1e13b4020 7998       4       java.net.URI$Parser::scan (41 bytes)
Event: 15.589 Thread 0x000001c1e13b4020 nmethod 7998 0x000001c18c4d5f90 code [0x000001c18c4d6160, 0x000001c18c4d6578]
Event: 15.589 Thread 0x000001c1e13b4020 7824       4       jdk.internal.jimage.ImageReader$SharedImageReader::lambda$handleModulesSubTree$1 (58 bytes)
Event: 15.596 Thread 0x000001c1fff8b8d0 nmethod 7787 0x000001c18c4d6910 code [0x000001c18c4d6ae0, 0x000001c18c4d6fd0]
Event: 15.597 Thread 0x000001c1fff8b8d0 7826       4       jdk.internal.jrtfs.JrtPath::subpath (7 bytes)
Event: 15.608 Thread 0x000001c1da676d00 7999       3       java.util.TimSort::gallopRight (335 bytes)
Event: 15.608 Thread 0x000001c1da4bbc60 8000       3       java.util.TimSort::gallopLeft (335 bytes)
Event: 15.609 Thread 0x000001c1da676d00 nmethod 7999 0x000001c185520c10 code [0x000001c185520e40, 0x000001c1855218f0]
Event: 15.609 Thread 0x000001c1da4bbc60 nmethod 8000 0x000001c185521c90 code [0x000001c185521ec0, 0x000001c185522940]
Event: 15.654 Thread 0x000001c1fff8b8d0 nmethod 7826 0x000001c18c4d7790 code [0x000001c18c4d7a80, 0x000001c18c4d9008]
Event: 15.654 Thread 0x000001c1fff8b8d0 7827       4       jdk.internal.jrtfs.JrtPath::subpath (129 bytes)

GC Heap History (20 events):
Event: 12.002 GC heap before
{Heap before GC invocations=20 (full 2):
 PSYoungGen      total 23552K, used 23552K [0x00000000d5580000, 0x00000000d7d00000, 0x0000000100000000)
  eden space 22016K, 100% used [0x00000000d5580000,0x00000000d6b00000,0x00000000d6b00000)
  from space 1536K, 100% used [0x00000000d6c00000,0x00000000d6d80000,0x00000000d6d80000)
  to   space 9216K, 0% used [0x00000000d7400000,0x00000000d7400000,0x00000000d7d00000)
 ParOldGen       total 68608K, used 28541K [0x0000000080000000, 0x0000000084300000, 0x00000000d5580000)
  object space 68608K, 41% used [0x0000000080000000,0x0000000081bdf770,0x0000000084300000)
 Metaspace       used 44978K, committed 46208K, reserved 1114112K
  class space    used 4879K, committed 5440K, reserved 1048576K
}
Event: 12.006 GC heap after
{Heap after GC invocations=20 (full 2):
 PSYoungGen      total 24064K, used 1600K [0x00000000d5580000, 0x00000000d7600000, 0x0000000100000000)
  eden space 22016K, 0% used [0x00000000d5580000,0x00000000d5580000,0x00000000d6b00000)
  from space 2048K, 78% used [0x00000000d7400000,0x00000000d7590000,0x00000000d7600000)
  to   space 4096K, 0% used [0x00000000d6e00000,0x00000000d6e00000,0x00000000d7200000)
 ParOldGen       total 68608K, used 30130K [0x0000000080000000, 0x0000000084300000, 0x00000000d5580000)
  object space 68608K, 43% used [0x0000000080000000,0x0000000081d6ca20,0x0000000084300000)
 Metaspace       used 44978K, committed 46208K, reserved 1114112K
  class space    used 4879K, committed 5440K, reserved 1048576K
}
Event: 12.947 GC heap before
{Heap before GC invocations=21 (full 2):
 PSYoungGen      total 24064K, used 23616K [0x00000000d5580000, 0x00000000d7600000, 0x0000000100000000)
  eden space 22016K, 100% used [0x00000000d5580000,0x00000000d6b00000,0x00000000d6b00000)
  from space 2048K, 78% used [0x00000000d7400000,0x00000000d7590000,0x00000000d7600000)
  to   space 4096K, 0% used [0x00000000d6e00000,0x00000000d6e00000,0x00000000d7200000)
 ParOldGen       total 68608K, used 30130K [0x0000000080000000, 0x0000000084300000, 0x00000000d5580000)
  object space 68608K, 43% used [0x0000000080000000,0x0000000081d6ca20,0x0000000084300000)
 Metaspace       used 47144K, committed 48384K, reserved 1114112K
  class space    used 5107K, committed 5632K, reserved 1048576K
}
Event: 12.950 GC heap after
{Heap after GC invocations=21 (full 2):
 PSYoungGen      total 26112K, used 1312K [0x00000000d5580000, 0x00000000d7480000, 0x0000000100000000)
  eden space 22016K, 0% used [0x00000000d5580000,0x00000000d5580000,0x00000000d6b00000)
  from space 4096K, 32% used [0x00000000d6e00000,0x00000000d6f48010,0x00000000d7200000)
  to   space 2048K, 0% used [0x00000000d7280000,0x00000000d7280000,0x00000000d7480000)
 ParOldGen       total 68608K, used 31442K [0x0000000080000000, 0x0000000084300000, 0x00000000d5580000)
  object space 68608K, 45% used [0x0000000080000000,0x0000000081eb4a40,0x0000000084300000)
 Metaspace       used 47144K, committed 48384K, reserved 1114112K
  class space    used 5107K, committed 5632K, reserved 1048576K
}
Event: 13.794 GC heap before
{Heap before GC invocations=22 (full 2):
 PSYoungGen      total 26112K, used 23328K [0x00000000d5580000, 0x00000000d7480000, 0x0000000100000000)
  eden space 22016K, 100% used [0x00000000d5580000,0x00000000d6b00000,0x00000000d6b00000)
  from space 4096K, 32% used [0x00000000d6e00000,0x00000000d6f48010,0x00000000d7200000)
  to   space 2048K, 0% used [0x00000000d7280000,0x00000000d7280000,0x00000000d7480000)
 ParOldGen       total 68608K, used 31442K [0x0000000080000000, 0x0000000084300000, 0x00000000d5580000)
  object space 68608K, 45% used [0x0000000080000000,0x0000000081eb4a40,0x0000000084300000)
 Metaspace       used 47297K, committed 48576K, reserved 1114112K
  class space    used 5130K, committed 5632K, reserved 1048576K
}
Event: 13.797 GC heap after
{Heap after GC invocations=22 (full 2):
 PSYoungGen      total 23040K, used 576K [0x00000000d5580000, 0x00000000d7380000, 0x0000000100000000)
  eden space 22016K, 0% used [0x00000000d5580000,0x00000000d5580000,0x00000000d6b00000)
  from space 1024K, 56% used [0x00000000d7280000,0x00000000d7310000,0x00000000d7380000)
  to   space 1024K, 0% used [0x00000000d7180000,0x00000000d7180000,0x00000000d7280000)
 ParOldGen       total 68608K, used 32536K [0x0000000080000000, 0x0000000084300000, 0x00000000d5580000)
  object space 68608K, 47% used [0x0000000080000000,0x0000000081fc62f0,0x0000000084300000)
 Metaspace       used 47297K, committed 48576K, reserved 1114112K
  class space    used 5130K, committed 5632K, reserved 1048576K
}
Event: 14.324 GC heap before
{Heap before GC invocations=23 (full 2):
 PSYoungGen      total 23040K, used 22592K [0x00000000d5580000, 0x00000000d7380000, 0x0000000100000000)
  eden space 22016K, 100% used [0x00000000d5580000,0x00000000d6b00000,0x00000000d6b00000)
  from space 1024K, 56% used [0x00000000d7280000,0x00000000d7310000,0x00000000d7380000)
  to   space 1024K, 0% used [0x00000000d7180000,0x00000000d7180000,0x00000000d7280000)
 ParOldGen       total 68608K, used 32536K [0x0000000080000000, 0x0000000084300000, 0x00000000d5580000)
  object space 68608K, 47% used [0x0000000080000000,0x0000000081fc62f0,0x0000000084300000)
 Metaspace       used 48991K, committed 50304K, reserved 1114112K
  class space    used 5281K, committed 5824K, reserved 1048576K
}
Event: 14.327 GC heap after
{Heap after GC invocations=23 (full 2):
 PSYoungGen      total 23040K, used 992K [0x00000000d5580000, 0x00000000d7300000, 0x0000000100000000)
  eden space 22016K, 0% used [0x00000000d5580000,0x00000000d5580000,0x00000000d6b00000)
  from space 1024K, 96% used [0x00000000d7180000,0x00000000d7278030,0x00000000d7280000)
  to   space 512K, 0% used [0x00000000d7280000,0x00000000d7280000,0x00000000d7300000)
 ParOldGen       total 68608K, used 33768K [0x0000000080000000, 0x0000000084300000, 0x00000000d5580000)
  object space 68608K, 49% used [0x0000000080000000,0x00000000820fa300,0x0000000084300000)
 Metaspace       used 48991K, committed 50304K, reserved 1114112K
  class space    used 5281K, committed 5824K, reserved 1048576K
}
Event: 14.441 GC heap before
{Heap before GC invocations=24 (full 2):
 PSYoungGen      total 23040K, used 23008K [0x00000000d5580000, 0x00000000d7300000, 0x0000000100000000)
  eden space 22016K, 100% used [0x00000000d5580000,0x00000000d6b00000,0x00000000d6b00000)
  from space 1024K, 96% used [0x00000000d7180000,0x00000000d7278030,0x00000000d7280000)
  to   space 512K, 0% used [0x00000000d7280000,0x00000000d7280000,0x00000000d7300000)
 ParOldGen       total 68608K, used 33768K [0x0000000080000000, 0x0000000084300000, 0x00000000d5580000)
  object space 68608K, 49% used [0x0000000080000000,0x00000000820fa300,0x0000000084300000)
 Metaspace       used 48994K, committed 50304K, reserved 1114112K
  class space    used 5281K, committed 5824K, reserved 1048576K
}
Event: 14.444 GC heap after
{Heap after GC invocations=24 (full 2):
 PSYoungGen      total 22528K, used 480K [0x00000000d5580000, 0x00000000d7300000, 0x0000000100000000)
  eden space 22016K, 0% used [0x00000000d5580000,0x00000000d5580000,0x00000000d6b00000)
  from space 512K, 93% used [0x00000000d7280000,0x00000000d72f8010,0x00000000d7300000)
  to   space 3584K, 0% used [0x00000000d6c00000,0x00000000d6c00000,0x00000000d6f80000)
 ParOldGen       total 68608K, used 36237K [0x0000000080000000, 0x0000000084300000, 0x00000000d5580000)
  object space 68608K, 52% used [0x0000000080000000,0x0000000082363520,0x0000000084300000)
 Metaspace       used 48994K, committed 50304K, reserved 1114112K
  class space    used 5281K, committed 5824K, reserved 1048576K
}
Event: 14.645 GC heap before
{Heap before GC invocations=25 (full 2):
 PSYoungGen      total 22528K, used 22496K [0x00000000d5580000, 0x00000000d7300000, 0x0000000100000000)
  eden space 22016K, 100% used [0x00000000d5580000,0x00000000d6b00000,0x00000000d6b00000)
  from space 512K, 93% used [0x00000000d7280000,0x00000000d72f8010,0x00000000d7300000)
  to   space 3584K, 0% used [0x00000000d6c00000,0x00000000d6c00000,0x00000000d6f80000)
 ParOldGen       total 68608K, used 36237K [0x0000000080000000, 0x0000000084300000, 0x00000000d5580000)
  object space 68608K, 52% used [0x0000000080000000,0x0000000082363520,0x0000000084300000)
 Metaspace       used 49340K, committed 50624K, reserved 1114112K
  class space    used 5334K, committed 5888K, reserved 1048576K
}
Event: 14.647 GC heap after
{Heap after GC invocations=25 (full 2):
 PSYoungGen      total 25600K, used 2466K [0x00000000d5580000, 0x00000000d7300000, 0x0000000100000000)
  eden space 22016K, 0% used [0x00000000d5580000,0x00000000d5580000,0x00000000d6b00000)
  from space 3584K, 68% used [0x00000000d6c00000,0x00000000d6e68820,0x00000000d6f80000)
  to   space 3072K, 0% used [0x00000000d7000000,0x00000000d7000000,0x00000000d7300000)
 ParOldGen       total 68608K, used 36709K [0x0000000080000000, 0x0000000084300000, 0x00000000d5580000)
  object space 68608K, 53% used [0x0000000080000000,0x00000000823d9520,0x0000000084300000)
 Metaspace       used 49340K, committed 50624K, reserved 1114112K
  class space    used 5334K, committed 5888K, reserved 1048576K
}
Event: 14.769 GC heap before
{Heap before GC invocations=26 (full 2):
 PSYoungGen      total 25600K, used 24482K [0x00000000d5580000, 0x00000000d7300000, 0x0000000100000000)
  eden space 22016K, 100% used [0x00000000d5580000,0x00000000d6b00000,0x00000000d6b00000)
  from space 3584K, 68% used [0x00000000d6c00000,0x00000000d6e68820,0x00000000d6f80000)
  to   space 3072K, 0% used [0x00000000d7000000,0x00000000d7000000,0x00000000d7300000)
 ParOldGen       total 68608K, used 36709K [0x0000000080000000, 0x0000000084300000, 0x00000000d5580000)
  object space 68608K, 53% used [0x0000000080000000,0x00000000823d9520,0x0000000084300000)
 Metaspace       used 49356K, committed 50624K, reserved 1114112K
  class space    used 5334K, committed 5888K, reserved 1048576K
}
Event: 14.775 GC heap after
{Heap after GC invocations=26 (full 2):
 PSYoungGen      total 24576K, used 2176K [0x00000000d5580000, 0x00000000d7280000, 0x0000000100000000)
  eden space 22016K, 0% used [0x00000000d5580000,0x00000000d5580000,0x00000000d6b00000)
  from space 2560K, 85% used [0x00000000d7000000,0x00000000d7220000,0x00000000d7280000)
  to   space 2560K, 0% used [0x00000000d6d80000,0x00000000d6d80000,0x00000000d7000000)
 ParOldGen       total 68608K, used 39019K [0x0000000080000000, 0x0000000084300000, 0x00000000d5580000)
  object space 68608K, 56% used [0x0000000080000000,0x000000008261ae50,0x0000000084300000)
 Metaspace       used 49356K, committed 50624K, reserved 1114112K
  class space    used 5334K, committed 5888K, reserved 1048576K
}
Event: 14.887 GC heap before
{Heap before GC invocations=27 (full 2):
 PSYoungGen      total 24576K, used 24192K [0x00000000d5580000, 0x00000000d7280000, 0x0000000100000000)
  eden space 22016K, 100% used [0x00000000d5580000,0x00000000d6b00000,0x00000000d6b00000)
  from space 2560K, 85% used [0x00000000d7000000,0x00000000d7220000,0x00000000d7280000)
  to   space 2560K, 0% used [0x00000000d6d80000,0x00000000d6d80000,0x00000000d7000000)
 ParOldGen       total 68608K, used 39019K [0x0000000080000000, 0x0000000084300000, 0x00000000d5580000)
  object space 68608K, 56% used [0x0000000080000000,0x000000008261ae50,0x0000000084300000)
 Metaspace       used 49361K, committed 50688K, reserved 1114112K
  class space    used 5334K, committed 5888K, reserved 1048576K
}
Event: 14.892 GC heap after
{Heap after GC invocations=27 (full 2):
 PSYoungGen      total 24576K, used 2244K [0x00000000d5580000, 0x00000000d7080000, 0x0000000100000000)
  eden space 22016K, 0% used [0x00000000d5580000,0x00000000d5580000,0x00000000d6b00000)
  from space 2560K, 87% used [0x00000000d6d80000,0x00000000d6fb1000,0x00000000d7000000)
  to   space 512K, 0% used [0x00000000d7000000,0x00000000d7000000,0x00000000d7080000)
 ParOldGen       total 68608K, used 40986K [0x0000000080000000, 0x0000000084300000, 0x00000000d5580000)
  object space 68608K, 59% used [0x0000000080000000,0x0000000082806800,0x0000000084300000)
 Metaspace       used 49361K, committed 50688K, reserved 1114112K
  class space    used 5334K, committed 5888K, reserved 1048576K
}
Event: 15.055 GC heap before
{Heap before GC invocations=28 (full 2):
 PSYoungGen      total 24576K, used 24260K [0x00000000d5580000, 0x00000000d7080000, 0x0000000100000000)
  eden space 22016K, 100% used [0x00000000d5580000,0x00000000d6b00000,0x00000000d6b00000)
  from space 2560K, 87% used [0x00000000d6d80000,0x00000000d6fb1000,0x00000000d7000000)
  to   space 512K, 0% used [0x00000000d7000000,0x00000000d7000000,0x00000000d7080000)
 ParOldGen       total 68608K, used 40986K [0x0000000080000000, 0x0000000084300000, 0x00000000d5580000)
  object space 68608K, 59% used [0x0000000080000000,0x0000000082806800,0x0000000084300000)
 Metaspace       used 49405K, committed 50752K, reserved 1114112K
  class space    used 5337K, committed 5888K, reserved 1048576K
}
Event: 15.060 GC heap after
{Heap after GC invocations=28 (full 2):
 PSYoungGen      total 22528K, used 512K [0x00000000d5580000, 0x00000000d7400000, 0x0000000100000000)
  eden space 22016K, 0% used [0x00000000d5580000,0x00000000d5580000,0x00000000d6b00000)
  from space 512K, 100% used [0x00000000d7000000,0x00000000d7080000,0x00000000d7080000)
  to   space 4608K, 0% used [0x00000000d6b00000,0x00000000d6b00000,0x00000000d6f80000)
 ParOldGen       total 68608K, used 44551K [0x0000000080000000, 0x0000000084300000, 0x00000000d5580000)
  object space 68608K, 64% used [0x0000000080000000,0x0000000082b81e38,0x0000000084300000)
 Metaspace       used 49405K, committed 50752K, reserved 1114112K
  class space    used 5337K, committed 5888K, reserved 1048576K
}
Event: 15.189 GC heap before
{Heap before GC invocations=29 (full 2):
 PSYoungGen      total 22528K, used 22528K [0x00000000d5580000, 0x00000000d7400000, 0x0000000100000000)
  eden space 22016K, 100% used [0x00000000d5580000,0x00000000d6b00000,0x00000000d6b00000)
  from space 512K, 100% used [0x00000000d7000000,0x00000000d7080000,0x00000000d7080000)
  to   space 4608K, 0% used [0x00000000d6b00000,0x00000000d6b00000,0x00000000d6f80000)
 ParOldGen       total 68608K, used 44551K [0x0000000080000000, 0x0000000084300000, 0x00000000d5580000)
  object space 68608K, 64% used [0x0000000080000000,0x0000000082b81e38,0x0000000084300000)
 Metaspace       used 49416K, committed 50752K, reserved 1114112K
  class space    used 5337K, committed 5888K, reserved 1048576K
}
Event: 15.194 GC heap after
{Heap after GC invocations=29 (full 2):
 PSYoungGen      total 24064K, used 2040K [0x00000000d5580000, 0x00000000d7100000, 0x0000000100000000)
  eden space 22016K, 0% used [0x00000000d5580000,0x00000000d5580000,0x00000000d6b00000)
  from space 2048K, 99% used [0x00000000d6b00000,0x00000000d6cfe200,0x00000000d6d00000)
  to   space 3072K, 0% used [0x00000000d6e00000,0x00000000d6e00000,0x00000000d7100000)
 ParOldGen       total 68608K, used 45135K [0x0000000080000000, 0x0000000084300000, 0x00000000d5580000)
  object space 68608K, 65% used [0x0000000080000000,0x0000000082c13e38,0x0000000084300000)
 Metaspace       used 49416K, committed 50752K, reserved 1114112K
  class space    used 5337K, committed 5888K, reserved 1048576K
}

Dll operation events (10 events):
Event: 0.019 Loaded shared library c:\Users\ASUS\.vscode\extensions\redhat.java-1.53.0-win32-x64\jre\21.0.10-win32-x86_64\bin\java.dll
Event: 0.174 Loaded shared library c:\Users\ASUS\.vscode\extensions\redhat.java-1.53.0-win32-x64\jre\21.0.10-win32-x86_64\bin\zip.dll
Event: 0.221 Loaded shared library C:\Users\ASUS\.vscode\extensions\redhat.java-1.53.0-win32-x64\jre\21.0.10-win32-x86_64\bin\instrument.dll
Event: 0.231 Loaded shared library C:\Users\ASUS\.vscode\extensions\redhat.java-1.53.0-win32-x64\jre\21.0.10-win32-x86_64\bin\net.dll
Event: 0.236 Loaded shared library C:\Users\ASUS\.vscode\extensions\redhat.java-1.53.0-win32-x64\jre\21.0.10-win32-x86_64\bin\nio.dll
Event: 0.243 Loaded shared library C:\Users\ASUS\.vscode\extensions\redhat.java-1.53.0-win32-x64\jre\21.0.10-win32-x86_64\bin\zip.dll
Event: 0.281 Loaded shared library C:\Users\ASUS\.vscode\extensions\redhat.java-1.53.0-win32-x64\jre\21.0.10-win32-x86_64\bin\jimage.dll
Event: 0.461 Loaded shared library c:\Users\ASUS\.vscode\extensions\redhat.java-1.53.0-win32-x64\jre\21.0.10-win32-x86_64\bin\verify.dll
Event: 2.543 Loaded shared library C:\Users\ASUS\AppData\Roaming\Code\User\globalStorage\redhat.java\1.53.0\config_win\org.eclipse.equinox.launcher\org.eclipse.equinox.launcher.win32.win32.x86_64_1.3.0.v20260203-2149\eclipse_11919.dll
Event: 5.433 Loaded shared library C:\Users\ASUS\AppData\Local\Temp\jna-2018896\jna4609825100940250075.dll

Deoptimization events (20 events):
Event: 15.304 Thread 0x000001c1e220f5a0 DEOPT PACKING pc=0x000001c185511a26 sp=0x00000058778fd830
Event: 15.304 Thread 0x000001c1e220f5a0 DEOPT UNPACKING pc=0x000001c18b9f4242 sp=0x00000058778fcd20 mode 0
Event: 15.304 Thread 0x000001c1e220f5a0 DEOPT PACKING pc=0x000001c185511a26 sp=0x00000058778fd830
Event: 15.304 Thread 0x000001c1e220f5a0 DEOPT UNPACKING pc=0x000001c18b9f4242 sp=0x00000058778fcd20 mode 0
Event: 15.304 Thread 0x000001c1e220f5a0 DEOPT PACKING pc=0x000001c185511a26 sp=0x00000058778fd830
Event: 15.304 Thread 0x000001c1e220f5a0 DEOPT UNPACKING pc=0x000001c18b9f4242 sp=0x00000058778fcd20 mode 0
Event: 15.305 Thread 0x000001c1e220f5a0 DEOPT PACKING pc=0x000001c185511a26 sp=0x00000058778fd830
Event: 15.305 Thread 0x000001c1e220f5a0 DEOPT UNPACKING pc=0x000001c18b9f4242 sp=0x00000058778fcd20 mode 0
Event: 15.306 Thread 0x000001c1e220f5a0 DEOPT PACKING pc=0x000001c185511a26 sp=0x00000058778fd830
Event: 15.306 Thread 0x000001c1e220f5a0 DEOPT UNPACKING pc=0x000001c18b9f4242 sp=0x00000058778fcd20 mode 0
Event: 15.306 Thread 0x000001c1e220f5a0 DEOPT PACKING pc=0x000001c185511a26 sp=0x00000058778fd830
Event: 15.306 Thread 0x000001c1e220f5a0 DEOPT UNPACKING pc=0x000001c18b9f4242 sp=0x00000058778fcd20 mode 0
Event: 15.317 Thread 0x000001c1e220f5a0 DEOPT PACKING pc=0x000001c185166fbc sp=0x00000058778f6f40
Event: 15.317 Thread 0x000001c1e220f5a0 DEOPT UNPACKING pc=0x000001c18b9f4242 sp=0x00000058778f6460 mode 0
Event: 15.465 Thread 0x000001c1e220f5a0 DEOPT PACKING pc=0x000001c185166fbc sp=0x00000058778f7190
Event: 15.465 Thread 0x000001c1e220f5a0 DEOPT UNPACKING pc=0x000001c18b9f4242 sp=0x00000058778f66b0 mode 0
Event: 15.505 Thread 0x000001c1e220f5a0 DEOPT PACKING pc=0x000001c185511a26 sp=0x00000058778fd630
Event: 15.505 Thread 0x000001c1e220f5a0 DEOPT UNPACKING pc=0x000001c18b9f4242 sp=0x00000058778fcb20 mode 0
Event: 15.581 Thread 0x000001c1e220f5a0 DEOPT PACKING pc=0x000001c184607378 sp=0x00000058778f9040
Event: 15.581 Thread 0x000001c1e220f5a0 DEOPT UNPACKING pc=0x000001c18b9f4242 sp=0x00000058778f8528 mode 0

Classes loaded (20 events):
Event: 14.111 Loading class sun/nio/ch/Util$4
Event: 14.112 Loading class sun/nio/ch/Util$4 done
Event: 14.129 Loading class java/nio/file/ClosedDirectoryStreamException
Event: 14.129 Loading class java/nio/file/ClosedDirectoryStreamException done
Event: 14.130 Loading class jdk/internal/jrtfs/JrtFileSystem
Event: 14.130 Loading class jdk/internal/jrtfs/JrtFileSystem done
Event: 14.130 Loading class jdk/internal/jrtfs/JrtPath
Event: 14.132 Loading class jdk/internal/jrtfs/JrtPath done
Event: 14.132 Loading class jdk/internal/jimage/ImageReader$Node
Event: 14.132 Loading class jdk/internal/jimage/ImageReader$Node done
Event: 14.151 Loading class java/nio/ByteBufferAsIntBufferL
Event: 14.151 Loading class java/nio/ByteBufferAsIntBufferL done
Event: 14.159 Loading class jdk/internal/jimage/ImageReader$Directory
Event: 14.159 Loading class jdk/internal/jimage/ImageReader$Directory done
Event: 14.512 Loading class java/util/AbstractList$ListItr
Event: 14.513 Loading class java/util/AbstractList$ListItr done
Event: 14.533 Loading class java/nio/channels/Channels$ReadableByteChannelImpl
Event: 14.533 Loading class java/nio/channels/Channels$ReadableByteChannelImpl done
Event: 14.534 Loading class java/nio/channels/NonWritableChannelException
Event: 14.534 Loading class java/nio/channels/NonWritableChannelException done

Classes unloaded (7 events):
Event: 6.488 Thread 0x000001c197de4190 Unloading class 0x000001c1991acc00 'java/lang/invoke/LambdaForm$MH+0x000001c1991acc00'
Event: 6.488 Thread 0x000001c197de4190 Unloading class 0x000001c1991ac800 'java/lang/invoke/LambdaForm$MH+0x000001c1991ac800'
Event: 6.488 Thread 0x000001c197de4190 Unloading class 0x000001c1991ac400 'java/lang/invoke/LambdaForm$MH+0x000001c1991ac400'
Event: 6.488 Thread 0x000001c197de4190 Unloading class 0x000001c1991ac000 'java/lang/invoke/LambdaForm$MH+0x000001c1991ac000'
Event: 6.488 Thread 0x000001c197de4190 Unloading class 0x000001c1991abc00 'java/lang/invoke/LambdaForm$BMH+0x000001c1991abc00'
Event: 6.488 Thread 0x000001c197de4190 Unloading class 0x000001c1991ab800 'java/lang/invoke/LambdaForm$DMH+0x000001c1991ab800'
Event: 6.488 Thread 0x000001c197de4190 Unloading class 0x000001c1991aa400 'java/lang/invoke/LambdaForm$DMH+0x000001c1991aa400'

Classes redefined (0 events):
No events

Internal exceptions (20 events):
Event: 13.498 Thread 0x000001c1e1f32d40 Exception <a 'sun/nio/fs/WindowsException'{0x00000000d5c60710}> (0x00000000d5c60710) 
thrown [s\src\hotspot\share\prims\jni.cpp, line 520]
Event: 13.500 Thread 0x000001c1e1f32d40 Exception <a 'sun/nio/fs/WindowsException'{0x00000000d5c64210}> (0x00000000d5c64210) 
thrown [s\src\hotspot\share\prims\jni.cpp, line 520]
Event: 13.500 Thread 0x000001c1e1f32d40 Exception <a 'sun/nio/fs/WindowsException'{0x00000000d5c64930}> (0x00000000d5c64930) 
thrown [s\src\hotspot\share\prims\jni.cpp, line 520]
Event: 13.500 Thread 0x000001c1e1f32d40 Exception <a 'sun/nio/fs/WindowsException'{0x00000000d5c65050}> (0x00000000d5c65050) 
thrown [s\src\hotspot\share\prims\jni.cpp, line 520]
Event: 13.500 Thread 0x000001c1e1f32d40 Exception <a 'sun/nio/fs/WindowsException'{0x00000000d5c65790}> (0x00000000d5c65790) 
thrown [s\src\hotspot\share\prims\jni.cpp, line 520]
Event: 13.502 Thread 0x000001c1e1f32d40 Exception <a 'sun/nio/fs/WindowsException'{0x00000000d5c68c90}> (0x00000000d5c68c90) 
thrown [s\src\hotspot\share\prims\jni.cpp, line 520]
Event: 13.502 Thread 0x000001c1e1f32d40 Exception <a 'sun/nio/fs/WindowsException'{0x00000000d5c692b0}> (0x00000000d5c692b0) 
thrown [s\src\hotspot\share\prims\jni.cpp, line 520]
Event: 13.502 Thread 0x000001c1e1f32d40 Exception <a 'sun/nio/fs/WindowsException'{0x00000000d5c698d0}> (0x00000000d5c698d0) 
thrown [s\src\hotspot\share\prims\jni.cpp, line 520]
Event: 13.502 Thread 0x000001c1e1f32d40 Exception <a 'sun/nio/fs/WindowsException'{0x00000000d5c69f08}> (0x00000000d5c69f08) 
thrown [s\src\hotspot\share\prims\jni.cpp, line 520]
Event: 13.504 Thread 0x000001c1e1f32d40 Exception <a 'sun/nio/fs/WindowsException'{0x00000000d5c6d5c0}> (0x00000000d5c6d5c0) 
thrown [s\src\hotspot\share\prims\jni.cpp, line 520]
Event: 13.504 Thread 0x000001c1e1f32d40 Exception <a 'sun/nio/fs/WindowsException'{0x00000000d5c6dc10}> (0x00000000d5c6dc10) 
thrown [s\src\hotspot\share\prims\jni.cpp, line 520]
Event: 13.504 Thread 0x000001c1e1f32d40 Exception <a 'sun/nio/fs/WindowsException'{0x00000000d5c6e260}> (0x00000000d5c6e260) 
thrown [s\src\hotspot\share\prims\jni.cpp, line 520]
Event: 13.507 Thread 0x000001c1e1f32d40 Exception <a 'sun/nio/fs/WindowsException'{0x00000000d5c6eb18}> (0x00000000d5c6eb18) 
thrown [s\src\hotspot\share\prims\jni.cpp, line 520]
Event: 13.509 Thread 0x000001c1e1f32d40 Exception <a 'sun/nio/fs/WindowsException'{0x00000000d5c721c8}> (0x00000000d5c721c8) 
thrown [s\src\hotspot\share\prims\jni.cpp, line 520]
Event: 13.509 Thread 0x000001c1e1f32d40 Exception <a 'sun/nio/fs/WindowsException'{0x00000000d5c72820}> (0x00000000d5c72820) 
thrown [s\src\hotspot\share\prims\jni.cpp, line 520]
Event: 13.509 Thread 0x000001c1e1f32d40 Exception <a 'sun/nio/fs/WindowsException'{0x00000000d5c72e80}> (0x00000000d5c72e80) 
thrown [s\src\hotspot\share\prims\jni.cpp, line 520]
Event: 13.510 Thread 0x000001c1e1f32d40 Exception <a 'sun/nio/fs/WindowsException'{0x00000000d5c734f0}> (0x00000000d5c734f0) 
thrown [s\src\hotspot\share\prims\jni.cpp, line 520]
Event: 14.114 Thread 0x000001c1e220f5a0 Implicit null exception at 0x000001c18c3cc703 to 0x000001c18c3cc984
Event: 14.116 Thread 0x000001c1e220f5a0 Exception <a 'java/lang/NoSuchMethodError'{0x00000000d5f2de70}: 'java.lang.Object java.lang.invoke.DelegatingMethodHandle$Holder.reinvoke_L(java.lang.Object, int, long, java.lang.Object, java.lang.Object, int, java.lang.Object)'> (0x00000000d5f2de70) 
thrown [s\src\hotspot\share\interpreter\linkResolver.cpp, line 773]
Event: 15.615 Thread 0x000001c1e220f5a0 Exception <a 'java/lang/NoSuchMethodError'{0x00000000d633fea8}: 'java.lang.Object java.lang.invoke.DirectMethodHandle$Holder.invokeVirtual(java.lang.Object, java.lang.Object, int)'> (0x00000000d633fea8) 
thrown [s\src\hotspot\share\interpreter\linkResolver.cpp, line 773]

ZGC Phase Switch (0 events):
No events

VM Operations (20 events):
Event: 14.307 Executing safepoint VM operation: ICBufferFull
Event: 14.307 Executing safepoint VM operation: ICBufferFull done
Event: 14.324 Executing safepoint VM operation: ParallelGCFailedAllocation (Allocation Failure)
Event: 14.327 Executing safepoint VM operation: ParallelGCFailedAllocation (Allocation Failure) done
Event: 14.441 Executing safepoint VM operation: ParallelGCFailedAllocation (Allocation Failure)
Event: 14.444 Executing safepoint VM operation: ParallelGCFailedAllocation (Allocation Failure) done
Event: 14.515 Executing non-safepoint VM operation: HandshakeAllThreads (Deoptimize)
Event: 14.516 Executing non-safepoint VM operation: HandshakeAllThreads (Deoptimize) done
Event: 14.645 Executing safepoint VM operation: ParallelGCFailedAllocation (Allocation Failure)
Event: 14.647 Executing safepoint VM operation: ParallelGCFailedAllocation (Allocation Failure) done
Event: 14.769 Executing safepoint VM operation: ParallelGCFailedAllocation (Allocation Failure)
Event: 14.775 Executing safepoint VM operation: ParallelGCFailedAllocation (Allocation Failure) done
Event: 14.887 Executing safepoint VM operation: ParallelGCFailedAllocation (Allocation Failure)
Event: 14.892 Executing safepoint VM operation: ParallelGCFailedAllocation (Allocation Failure) done
Event: 15.054 Executing safepoint VM operation: ParallelGCFailedAllocation (Allocation Failure)
Event: 15.060 Executing safepoint VM operation: ParallelGCFailedAllocation (Allocation Failure) done
Event: 15.189 Executing safepoint VM operation: ParallelGCFailedAllocation (Allocation Failure)
Event: 15.194 Executing safepoint VM operation: ParallelGCFailedAllocation (Allocation Failure) done
Event: 15.640 Executing non-safepoint VM operation: HandshakeAllThreads (Deoptimize)
Event: 15.641 Executing non-safepoint VM operation: HandshakeAllThreads (Deoptimize) done

Memory protections (0 events):
No events

Nmethod flushes (20 events):
Event: 8.924 Thread 0x000001c197de4190 flushing  nmethod 0x000001c184c4f010
Event: 8.924 Thread 0x000001c197de4190 flushing  nmethod 0x000001c184c50210
Event: 8.924 Thread 0x000001c197de4190 flushing  nmethod 0x000001c184c50a10
Event: 8.924 Thread 0x000001c197de4190 flushing  nmethod 0x000001c184c52710
Event: 8.924 Thread 0x000001c197de4190 flushing  nmethod 0x000001c184c52c10
Event: 8.924 Thread 0x000001c197de4190 flushing  nmethod 0x000001c184c53510
Event: 8.924 Thread 0x000001c197de4190 flushing  nmethod 0x000001c184c54910
Event: 8.924 Thread 0x000001c197de4190 flushing  nmethod 0x000001c184c56390
Event: 8.924 Thread 0x000001c197de4190 flushing  nmethod 0x000001c184c57e10
Event: 8.924 Thread 0x000001c197de4190 flushing  nmethod 0x000001c184c9cb10
Event: 8.924 Thread 0x000001c197de4190 flushing  nmethod 0x000001c184ca3390
Event: 8.924 Thread 0x000001c197de4190 flushing  nmethod 0x000001c184cc3910
Event: 8.924 Thread 0x000001c197de4190 flushing  nmethod 0x000001c184cc4d10
Event: 8.924 Thread 0x000001c197de4190 flushing  nmethod 0x000001c184cde190
Event: 8.924 Thread 0x000001c197de4190 flushing  nmethod 0x000001c184d19990
Event: 8.924 Thread 0x000001c197de4190 flushing  nmethod 0x000001c184d39110
Event: 8.924 Thread 0x000001c197de4190 flushing  nmethod 0x000001c184d52b10
Event: 8.924 Thread 0x000001c197de4190 flushing  nmethod 0x000001c184d80590
Event: 8.924 Thread 0x000001c197de4190 flushing  nmethod 0x000001c184da6790
Event: 8.924 Thread 0x000001c197de4190 flushing  nmethod 0x000001c184da6c10

Events (20 events):
Event: 9.044 Thread 0x000001c1ffed3b60 Thread added: 0x000001c1e22102c0
Event: 9.044 Thread 0x000001c1ffed3b60 Thread added: 0x000001c1e220e1f0
Event: 9.119 Thread 0x000001c1ffed3b60 Thread added: 0x000001c1e2210950
Event: 9.707 Thread 0x000001c1ffed3b60 Thread added: 0x000001c1e2211d00
Event: 9.708 Thread 0x000001c1ffed3b60 Thread added: 0x000001c1e220f5a0
Event: 10.584 Thread 0x000001c1e1f31990 Thread added: 0x000001c1e220e880
Event: 10.584 Thread 0x000001c1e1f31990 Thread added: 0x000001c1e2213dd0
Event: 10.585 Thread 0x000001c1e220e880 Thread added: 0x000001c1e2212390
Event: 10.586 Thread 0x000001c1e2213dd0 Thread added: 0x000001c1e2214460
Event: 10.593 Thread 0x000001c1e2212390 Thread added: 0x000001c1e2212a20
Event: 10.610 Thread 0x000001c1e2214460 Thread added: 0x000001c1e22130b0
Event: 10.722 Thread 0x000001c1e22130b0 Thread added: 0x000001c1e2213740
Event: 10.727 Thread 0x000001c1e2212a20 Thread added: 0x000001c1e2214af0
Event: 10.727 Thread 0x000001c1e2214460 Thread added: 0x000001c1e2215180
Event: 10.729 Thread 0x000001c1e2213740 Thread added: 0x000001c1e1bcc440
Event: 10.731 Thread 0x000001c1e2215180 Thread added: 0x000001c1e1bceba0
Event: 10.733 Thread 0x000001c1e2214af0 Thread added: 0x000001c1e1bcde80
Event: 10.736 Thread 0x000001c1e1bcc440 Thread added: 0x000001c1e1bce510
Event: 10.742 Thread 0x000001c1e2212a20 Thread added: 0x000001c1e1bcf230
Event: 10.743 Thread 0x000001c1e220e880 Thread added: 0x000001c1e1bcd160


Dynamic libraries:
0x00007ff603380000 - 0x00007ff60338e000 	c:\Users\ASUS\.vscode\extensions\redhat.java-1.53.0-win32-x64\jre\21.0.10-win32-x86_64\bin\java.exe
0x00007ffbe9d40000 - 0x00007ffbe9fa9000 	C:\WINDOWS\SYSTEM32\ntdll.dll
0x00007ffbe8250000 - 0x00007ffbe8319000 	C:\WINDOWS\System32\KERNEL32.DLL
0x00007ffbe70d0000 - 0x00007ffbe74c3000 	C:\WINDOWS\System32\KERNELBASE.dll
0x00007ffbe78e0000 - 0x00007ffbe7a2b000 	C:\WINDOWS\System32\ucrtbase.dll
0x00007ffbe0b80000 - 0x00007ffbe0b98000 	c:\Users\ASUS\.vscode\extensions\redhat.java-1.53.0-win32-x64\jre\21.0.10-win32-x86_64\bin\jli.dll
0x00007ffbc18a0000 - 0x00007ffbc18be000 	c:\Users\ASUS\.vscode\extensions\redhat.java-1.53.0-win32-x64\jre\21.0.10-win32-x86_64\bin\VCRUNTIME140.dll
0x00007ffbe7ba0000 - 0x00007ffbe7d64000 	C:\WINDOWS\System32\USER32.dll
0x00007ffbccab0000 - 0x00007ffbccd43000 	C:\WINDOWS\WinSxS\amd64_microsoft.windows.common-controls_6595b64144ccf1df_6.0.26100.5074_none_3e0d6f78e32fd63f\COMCTL32.dll
0x00007ffbe7730000 - 0x00007ffbe7757000 	C:\WINDOWS\System32\win32u.dll
0x00007ffbe8530000 - 0x00007ffbe85d9000 	C:\WINDOWS\System32\msvcrt.dll
0x00007ffbe7e20000 - 0x00007ffbe7e4b000 	C:\WINDOWS\System32\GDI32.dll
0x00007ffbe7570000 - 0x00007ffbe769d000 	C:\WINDOWS\System32\gdi32full.dll
0x00007ffbe7a30000 - 0x00007ffbe7ad3000 	C:\WINDOWS\System32\msvcp_win.dll
0x00007ffbe9c10000 - 0x00007ffbe9c3f000 	C:\WINDOWS\System32\IMM32.DLL
0x00007ffbd9810000 - 0x00007ffbd981c000 	c:\Users\ASUS\.vscode\extensions\redhat.java-1.53.0-win32-x64\jre\21.0.10-win32-x86_64\bin\vcruntime140_1.dll
0x00007ffb70640000 - 0x00007ffb706cd000 	c:\Users\ASUS\.vscode\extensions\redhat.java-1.53.0-win32-x64\jre\21.0.10-win32-x86_64\bin\msvcp140.dll
0x00007ffb6c2f0000 - 0x00007ffb6d091000 	c:\Users\ASUS\.vscode\extensions\redhat.java-1.53.0-win32-x64\jre\21.0.10-win32-x86_64\bin\server\jvm.dll
0x00007ffbe7ae0000 - 0x00007ffbe7b94000 	C:\WINDOWS\System32\ADVAPI32.dll
0x00007ffbe7ef0000 - 0x00007ffbe7f96000 	C:\WINDOWS\System32\sechost.dll
0x00007ffbe8410000 - 0x00007ffbe8528000 	C:\WINDOWS\System32\RPCRT4.dll
0x00007ffbe85e0000 - 0x00007ffbe8654000 	C:\WINDOWS\System32\WS2_32.dll
0x00007ffbda490000 - 0x00007ffbda4c5000 	C:\WINDOWS\SYSTEM32\WINMM.dll
0x00007ffbe6d00000 - 0x00007ffbe6d5e000 	C:\WINDOWS\SYSTEM32\POWRPROF.dll
0x00007ffbdfdf0000 - 0x00007ffbdfdfb000 	C:\WINDOWS\SYSTEM32\VERSION.dll
0x00007ffbe6ce0000 - 0x00007ffbe6cf4000 	C:\WINDOWS\SYSTEM32\UMPDC.dll
0x00007ffbe5c40000 - 0x00007ffbe5c5b000 	C:\WINDOWS\SYSTEM32\kernel.appcore.dll
0x00007ffbd02b0000 - 0x00007ffbd02ba000 	c:\Users\ASUS\.vscode\extensions\redhat.java-1.53.0-win32-x64\jre\21.0.10-win32-x86_64\bin\jimage.dll
0x00007ffbd8ac0000 - 0x00007ffbd8d02000 	C:\WINDOWS\SYSTEM32\DBGHELP.DLL
0x00007ffbe8670000 - 0x00007ffbe89eb000 	C:\WINDOWS\System32\combase.dll
0x00007ffbe8320000 - 0x00007ffbe83f7000 	C:\WINDOWS\System32\OLEAUT32.dll
0x00007ffbcfe20000 - 0x00007ffbcfe5d000 	C:\WINDOWS\SYSTEM32\dbgcore.DLL
0x00007ffbe74d0000 - 0x00007ffbe7569000 	C:\WINDOWS\System32\bcryptPrimitives.dll
0x00007ffbcfe60000 - 0x00007ffbcfe6f000 	c:\Users\ASUS\.vscode\extensions\redhat.java-1.53.0-win32-x64\jre\21.0.10-win32-x86_64\bin\instrument.dll
0x00007ffbc1880000 - 0x00007ffbc18a0000 	c:\Users\ASUS\.vscode\extensions\redhat.java-1.53.0-win32-x64\jre\21.0.10-win32-x86_64\bin\java.dll
0x00007ffbe9190000 - 0x00007ffbe98dd000 	C:\WINDOWS\System32\SHELL32.dll
0x00007ffbe6ea0000 - 0x00007ffbe700c000 	C:\WINDOWS\System32\wintypes.dll
0x00007ffbe4ab0000 - 0x00007ffbe5309000 	C:\WINDOWS\SYSTEM32\windows.storage.dll
0x00007ffbe89f0000 - 0x00007ffbe8ae0000 	C:\WINDOWS\System32\SHCORE.dll
0x00007ffbe9120000 - 0x00007ffbe9182000 	C:\WINDOWS\System32\shlwapi.dll
0x00007ffbe6dc0000 - 0x00007ffbe6de9000 	C:\WINDOWS\SYSTEM32\profapi.dll
0x00007ffbbdf30000 - 0x00007ffbbdf48000 	c:\Users\ASUS\.vscode\extensions\redhat.java-1.53.0-win32-x64\jre\21.0.10-win32-x86_64\bin\zip.dll
0x00007ffbcbe10000 - 0x00007ffbcbe20000 	C:\Users\ASUS\.vscode\extensions\redhat.java-1.53.0-win32-x64\jre\21.0.10-win32-x86_64\bin\net.dll
0x00007ffbe1650000 - 0x00007ffbe176f000 	C:\WINDOWS\SYSTEM32\WINHTTP.dll
0x00007ffbe61a0000 - 0x00007ffbe620b000 	C:\WINDOWS\system32\mswsock.dll
0x00007ffbaf170000 - 0x00007ffbaf186000 	C:\Users\ASUS\.vscode\extensions\redhat.java-1.53.0-win32-x64\jre\21.0.10-win32-x86_64\bin\nio.dll
0x00007ffbc41a0000 - 0x00007ffbc41b0000 	c:\Users\ASUS\.vscode\extensions\redhat.java-1.53.0-win32-x64\jre\21.0.10-win32-x86_64\bin\verify.dll
0x00007ffb704d0000 - 0x00007ffb70515000 	C:\Users\ASUS\AppData\Roaming\Code\User\globalStorage\redhat.java\1.53.0\config_win\org.eclipse.equinox.launcher\org.eclipse.equinox.launcher.win32.win32.x86_64_1.3.0.v20260203-2149\eclipse_11919.dll
0x00007ffbe8f80000 - 0x00007ffbe9118000 	C:\WINDOWS\System32\ole32.dll
0x00007ffbe6570000 - 0x00007ffbe658b000 	C:\WINDOWS\SYSTEM32\CRYPTSP.dll
0x00007ffbe5ba0000 - 0x00007ffbe5bdb000 	C:\WINDOWS\system32\rsaenh.dll
0x00007ffbe6240000 - 0x00007ffbe626b000 	C:\WINDOWS\SYSTEM32\USERENV.dll
0x00007ffbe6d90000 - 0x00007ffbe6db6000 	C:\WINDOWS\SYSTEM32\bcrypt.dll
0x00007ffbe63d0000 - 0x00007ffbe63dc000 	C:\WINDOWS\SYSTEM32\CRYPTBASE.dll
0x00007ffbe5680000 - 0x00007ffbe56b4000 	C:\WINDOWS\SYSTEM32\IPHLPAPI.DLL
0x00007ffbe8660000 - 0x00007ffbe866a000 	C:\WINDOWS\System32\NSI.dll
0x00007ffb6d410000 - 0x00007ffb6d459000 	C:\Users\ASUS\AppData\Local\Temp\jna-2018896\jna4609825100940250075.dll
0x00007ffbe7fa0000 - 0x00007ffbe7fa8000 	C:\WINDOWS\System32\PSAPI.DLL
0x00007ffbe1830000 - 0x00007ffbe184e000 	C:\WINDOWS\SYSTEM32\dhcpcsvc6.DLL
0x00007ffbe1780000 - 0x00007ffbe17a3000 	C:\WINDOWS\SYSTEM32\dhcpcsvc.DLL

JVMTI agents:
c:\Users\ASUS\.vscode\extensions\redhat.java-1.53.0-win32-x64\lombok\lombok-1.18.39-4050.jar path:c:\Users\ASUS\.vscode\extensions\redhat.java-1.53.0-win32-x64\jre\21.0.10-win32-x86_64\bin\instrument.dll, loaded, initialized, instrumentlib options:none

dbghelp: loaded successfully - version: 4.0.5 - missing functions: none
symbol engine: initialized successfully - sym options: 0x614 - pdb path: .;c:\Users\ASUS\.vscode\extensions\redhat.java-1.53.0-win32-x64\jre\21.0.10-win32-x86_64\bin;C:\WINDOWS\SYSTEM32;C:\WINDOWS\WinSxS\amd64_microsoft.windows.common-controls_6595b64144ccf1df_6.0.26100.5074_none_3e0d6f78e32fd63f;c:\Users\ASUS\.vscode\extensions\redhat.java-1.53.0-win32-x64\jre\21.0.10-win32-x86_64\bin\server;C:\Users\ASUS\AppData\Roaming\Code\User\globalStorage\redhat.java\1.53.0\config_win\org.eclipse.equinox.launcher\org.eclipse.equinox.launcher.win32.win32.x86_64_1.3.0.v20260203-2149;C:\Users\ASUS\AppData\Local\Temp\jna-2018896

VM Arguments:
jvm_args: --add-modules=ALL-SYSTEM --add-opens=java.base/java.util=ALL-UNNAMED --add-opens=java.base/java.lang=ALL-UNNAMED --add-opens=java.base/sun.nio.fs=ALL-UNNAMED -Declipse.application=org.eclipse.jdt.ls.core.id1 -Dosgi.bundles.defaultStartLevel=4 -Declipse.product=org.eclipse.jdt.ls.core.product -Djava.import.generatesMetadataFilesAtProjectRoot=false -DDetectVMInstallationsJob.disabled=true -Dfile.encoding=utf8 -XX:+UseParallelGC -XX:GCTimeRatio=4 -XX:AdaptiveSizePolicyWeight=90 -Dsun.zip.disableMemoryMapping=true -Xmx2G -Xms100m -Xlog:disable -javaagent:c:\Users\ASUS\.vscode\extensions\redhat.java-1.53.0-win32-x64\lombok\lombok-1.18.39-4050.jar -XX:+HeapDumpOnOutOfMemoryError -XX:HeapDumpPath=c:\Users\ASUS\AppData\Roaming\Code\User\workspaceStorage\072664e477a3092332c4219defd89c4c\redhat.java -Daether.dependencyCollector.impl=bf 
java_command: c:\Users\ASUS\.vscode\extensions\redhat.java-1.53.0-win32-x64\server\plugins\org.eclipse.equinox.launcher_1.7.100.v20251111-0406.jar -configuration c:\Users\ASUS\AppData\Roaming\Code\User\globalStorage\redhat.java\1.53.0\config_win -data c:\Users\ASUS\AppData\Roaming\Code\User\workspaceStorage\072664e477a3092332c4219defd89c4c\redhat.java\jdt_ws --pipe=\\.\pipe\lsp-69afd9916070097b918aade90369787d-sock
java_class_path (initial): c:\Users\ASUS\.vscode\extensions\redhat.java-1.53.0-win32-x64\server\plugins\org.eclipse.equinox.launcher_1.7.100.v20251111-0406.jar
Launcher Type: SUN_STANDARD

[Global flags]
    uintx AdaptiveSizePolicyWeight                 = 90                                        {product} {command line}
     intx CICompilerCount                          = 12                                        {product} {ergonomic}
    uintx GCTimeRatio                              = 4                                         {product} {command line}
     bool HeapDumpOnOutOfMemoryError               = true                                   {manageable} {command line}
    ccstr HeapDumpPath                             = c:\Users\ASUS\AppData\Roaming\Code\User\workspaceStorage\072664e477a3092332c4219defd89c4c\redhat.java         {manageable} {command line}
   size_t InitialHeapSize                          = 104857600                                 {product} {command line}
   size_t MaxHeapSize                              = 2147483648                                {product} {command line}
   size_t MaxNewSize                               = 715653120                                 {product} {ergonomic}
   size_t MinHeapDeltaBytes                        = 524288                                    {product} {ergonomic}
   size_t MinHeapSize                              = 104857600                                 {product} {command line}
   size_t NewSize                                  = 34603008                                  {product} {ergonomic}
    uintx NonNMethodCodeHeapSize                   = 7602480                                {pd product} {ergonomic}
    uintx NonProfiledCodeHeapSize                  = 122027880                              {pd product} {ergonomic}
   size_t OldSize                                  = 70254592                                  {product} {ergonomic}
    uintx ProfiledCodeHeapSize                     = 122027880                              {pd product} {ergonomic}
    uintx ReservedCodeCacheSize                    = 251658240                              {pd product} {ergonomic}
     bool SegmentedCodeCache                       = true                                      {product} {ergonomic}
   size_t SoftMaxHeapSize                          = 2147483648                             {manageable} {ergonomic}
     bool UseCompressedOops                        = true                           {product lp64_product} {ergonomic}
     bool UseLargePagesIndividualAllocation        = false                                  {pd product} {ergonomic}
     bool UseParallelGC                            = true                                      {product} {command line}

Logging:
Log output configuration:
 #0: stdout all=off uptime,level,tags foldmultilines=false
 #1: stderr all=off uptime,level,tags foldmultilines=false

Release file:
JAVA_VERSION="21.0.10" 
MODULES="java.base java.compiler java.datatransfer java.xml java.prefs java.desktop java.instrument java.logging java.management java.security.sasl java.naming java.rmi java.management.rmi java.net.http java.scripting java.security.jgss java.transaction.xa java.sql java.sql.rowset java.xml.crypto java.se java.smartcardio jdk.accessibility jdk.internal.jvmstat jdk.attach jdk.charsets jdk.internal.opt jdk.zipfs jdk.compiler jdk.crypto.ec jdk.crypto.cryptoki jdk.crypto.mscapi jdk.dynalink jdk.internal.ed jdk.editpad jdk.hotspot.agent jdk.httpserver jdk.internal.le jdk.internal.vm.ci jdk.internal.vm.compiler jdk.internal.vm.compiler.management jdk.jartool jdk.javadoc jdk.jcmd jdk.management jdk.management.agent jdk.jconsole jdk.jdeps jdk.jdwp.agent jdk.jdi jdk.jfr jdk.jshell jdk.jsobject jdk.jstatd jdk.localedata jdk.management.jfr jdk.naming.dns jdk.naming.rmi jdk.net jdk.nio.mapmode jdk.random jdk.sctp jdk.security.auth jdk.security.jgss jdk.unsupported jdk.unsupported.desktop jdk.xml.dom" 

Environment Variables:
PATH=C:\Visaul Studio\Microsoft VS Code;C:\Program Files\Java\jdk-25\bin;C:\Program Files\Python313\Scripts\;C:\Program Files\Python313\;C:\Program Files (x86)\VMware\VMware Workstation\bin\;C:\WINDOWS\system32;C:\WINDOWS;C:\WINDOWS\System32\Wbem;C:\WINDOWS\System32\WindowsPowerShell\v1.0\;C:\WINDOWS\System32\OpenSSH\;C:\Program Files\NVIDIA Corporation\NVIDIA App\NvDLISR;C:\Program Files (x86)\NVIDIA Corporation\PhysX\Common;C:\Program Files\dotnet\;C:\php-8.4.7;C:\ProgramData\ComposerSetup\bin;C:\Program Files\nodejs\;C:\Program Files\Git\cmd;C:\Program Files\MongoDB\Server\8.2\bin;C:\Program Files\Java\jdk-25\;;C:\ProgramData\chocolatey\bin;C:\Program Files\Microsoft SQL Server\150\Tools\Binn\;C:\Program Files\Microsoft SQL Server\Client SDK\ODBC\170\Tools\Binn\;C:\Program Files\Microsoft SQL Server\170\DTS\Binn\;C:\Program Files\Docker\Docker\resources\bin;c:\Users\ASUS\AppData\Local\Programs\cursor\resources\app\codeBin;C:\Program Files\Java\jdk-25\bin;C:\Users\ASUS\AppData\Local\Microsoft\WindowsApps;C:\Visaul Studio\Microsoft VS Code\bin;C:\Users\ASUS\AppData\Local\Programs\Azure Data Studio\bin;C:\Program Files\Azure Data Studio\bin;C:\Users\ASUS\AppData\Local\GitHubDesktop\bin;C:\Users\ASUS\AppData\Roaming\Composer\vendor\bin;C:\Users\ASUS\AppData\Roaming\npm;C:\Program Files\mongosh\;C:\Program Files\IntelliJ IDEA 2025.2.3\bin;C:\Program Files\JetBrains\WebStorm 2025.2.3\bin;C:\Program Files (x86)\Microsoft Visual Studio\Shared\NuGetPackages\microsoft.visualstudio.javascript.sdk;C:\Program Files\Java\jdk-25\;C:\Users\ASUS\.dotnet\tools;C:\Users\ASUS\AppData\Local\Microsoft\WinGet\Links;C:\Users\ASUS\AppData\Local\Programs\Antigravity\bin;C:\Users\ASUS\AppData\Local\Programs\cursor\resources\app\bin
USERNAME=ASUS
OS=Windows_NT
PROCESSOR_IDENTIFIER=AMD64 Family 25 Model 68 Stepping 1, AuthenticAMD
TMP=C:\Users\ASUS\AppData\Local\Temp
TEMP=C:\Users\ASUS\AppData\Local\Temp




Periodic native trim disabled

---------------  S Y S T E M  ---------------

OS:
 Windows 11 , 64 bit Build 26100 (10.0.26100.5074)
OS uptime: 0 days 0:08 hours
Hyper-V role detected

CPU: total 16 (initial active 16) (16 cores per cpu, 2 threads per core) family 25 model 68 stepping 1 microcode 0xa404107, cx8, cmov, fxsr, ht, mmx, 3dnowpref, sse, sse2, sse3, ssse3, sse4a, sse4.1, sse4.2, popcnt, lzcnt, tsc, tscinvbit, avx, avx2, aes, erms, clmul, bmi1, bmi2, adx, sha, fma, vzeroupper, clflush, clflushopt, hv, rdtscp, rdpid, fsrm, f16c, cet_ss
Processor Information for processor 0
  Max Mhz: 3100, Current Mhz: 3100, Mhz Limit: 3100
Processor Information for processor 1
  Max Mhz: 3100, Current Mhz: 2523, Mhz Limit: 3100
Processor Information for processor 2
  Max Mhz: 3100, Current Mhz: 3100, Mhz Limit: 3100
Processor Information for processor 3
  Max Mhz: 3100, Current Mhz: 3100, Mhz Limit: 3100
Processor Information for processor 4
  Max Mhz: 3100, Current Mhz: 3100, Mhz Limit: 3100
Processor Information for processor 5
  Max Mhz: 3100, Current Mhz: 3100, Mhz Limit: 3100
Processor Information for processor 6
  Max Mhz: 3100, Current Mhz: 3100, Mhz Limit: 3100
Processor Information for processor 7
  Max Mhz: 3100, Current Mhz: 3100, Mhz Limit: 3100
Processor Information for processor 8
  Max Mhz: 3100, Current Mhz: 3100, Mhz Limit: 3100
Processor Information for processor 9
  Max Mhz: 3100, Current Mhz: 3100, Mhz Limit: 3100
Processor Information for processor 10
  Max Mhz: 3100, Current Mhz: 3100, Mhz Limit: 3100
Processor Information for processor 11
  Max Mhz: 3100, Current Mhz: 2523, Mhz Limit: 3100
Processor Information for processor 12
  Max Mhz: 3100, Current Mhz: 3100, Mhz Limit: 3100
Processor Information for processor 13
  Max Mhz: 3100, Current Mhz: 3100, Mhz Limit: 3100
Processor Information for processor 14
  Max Mhz: 3100, Current Mhz: 3100, Mhz Limit: 3100
Processor Information for processor 15
  Max Mhz: 3100, Current Mhz: 3100, Mhz Limit: 3100

Memory: 4k page, system-wide physical 8010M (459M free)
TotalPageFile size 22662M (AvailPageFile size 0M)
current process WorkingSet (physical memory assigned to process): 260M, peak: 272M
current process commit charge ("private bytes"): 386M, peak: 393M

vm_info: OpenJDK 64-Bit Server VM (21.0.10+7-LTS) for windows-amd64 JRE (21.0.10+7-LTS), built on 2026-01-20T00:00:00Z by "admin" with MS VC++ 17.12 (VS2022)

END.
