#
# There is insufficient memory for the Java Runtime Environment to continue.
# Native memory allocation (malloc) failed to allocate 1048576 bytes. Error detail: AllocateHeap
# Possible reasons:
#   The system is out of physical RAM or swap space
#   This process is running with CompressedOops enabled, and the Java Heap may be blocking the growth of the native heap
# Possible solutions:
#   Reduce memory load on the system
#   Increase physical memory or swap space
#   Check if swap backing store is full
#   Decrease Java heap size (-Xmx/-Xms)
#   Decrease number of Java threads
#   Decrease Java thread stack sizes (-Xss)
#   Set larger code cache with -XX:ReservedCodeCacheSize=
#   JVM is running with Unscaled Compressed Oops mode in which the Java heap is
#     placed in the first 4GB address space. The Java Heap base address is the
#     maximum limit for the native heap growth. Please use -XX:HeapBaseMinAddress
#     to set the Java Heap base and to place the Java Heap above 4GB virtual address.
# This output file may be truncated or incomplete.
#
#  Out of Memory Error (allocation.cpp:44), pid=36872, tid=28496
#
# JRE version:  (21.0.10+7) (build )
# Java VM: OpenJDK 64-Bit Server VM (21.0.10+7-LTS, mixed mode, sharing, tiered, compressed oops, compressed class ptrs, parallel gc, windows-amd64)
# No core dump will be written. Minidumps are not enabled by default on client versions of Windows
#

---------------  S U M M A R Y ------------

Command Line: --add-modules=ALL-SYSTEM --add-opens=java.base/java.util=ALL-UNNAMED --add-opens=java.base/java.lang=ALL-UNNAMED --add-opens=java.base/sun.nio.fs=ALL-UNNAMED -Declipse.application=org.eclipse.jdt.ls.core.id1 -Dosgi.bundles.defaultStartLevel=4 -Declipse.product=org.eclipse.jdt.ls.core.product -Djava.import.generatesMetadataFilesAtProjectRoot=false -DDetectVMInstallationsJob.disabled=true -Dfile.encoding=utf8 -XX:+UseParallelGC -XX:GCTimeRatio=4 -XX:AdaptiveSizePolicyWeight=90 -Dsun.zip.disableMemoryMapping=true -Xmx2G -Xms100m -Xlog:disable -javaagent:c:\Users\ASUS\.antigravity\extensions\redhat.java-1.53.0-win32-x64\lombok\lombok-1.18.39-4050.jar -XX:+HeapDumpOnOutOfMemoryError -XX:HeapDumpPath=c:\Users\ASUS\AppData\Roaming\Antigravity\User\workspaceStorage\072664e477a3092332c4219defd89c4c\redhat.java -Daether.dependencyCollector.impl=bf c:\Users\ASUS\.antigravity\extensions\redhat.java-1.53.0-win32-x64\server\plugins\org.eclipse.equinox.launcher_1.7.100.v20251111-0406.jar -configuration c:\Users\ASUS\AppData\Roaming\Antigravity\User\globalStorage\redhat.java\1.53.0\config_win -data c:\Users\ASUS\AppData\Roaming\Antigravity\User\workspaceStorage\072664e477a3092332c4219defd89c4c\redhat.java\jdt_ws --pipe=\\.\pipe\lsp-bbf1d5b2093d84d6d16a9ad0da8712df-sock

Host: AMD Ryzen 7 7435HS                             , 16 cores, 7G,  Windows 11 , 64 bit Build 26100 (10.0.26100.5074)
Time: Tue Mar 31 23:57:49 2026 SE Asia Standard Time elapsed time: 0.128228 seconds (0d 0h 0m 0s)

---------------  T H R E A D  ---------------

Current thread (0x0000011e766fa2c0):  JavaThread "Unknown thread" [_thread_in_vm, id=28496, stack(0x000000162ab00000,0x000000162ac00000) (1024K)]

Stack: [0x000000162ab00000,0x000000162ac00000]
Native frames: (J=compiled Java code, j=interpreted, Vv=VM code, C=native code)
V  [jvm.dll+0x6d7a39]
V  [jvm.dll+0x8b4b26]
V  [jvm.dll+0x8b70de]
V  [jvm.dll+0x8b77c3]
V  [jvm.dll+0x284346]
V  [jvm.dll+0xc1277]
V  [jvm.dll+0x70bbd0]
V  [jvm.dll+0x70c73c]
V  [jvm.dll+0x6e65d3]
V  [jvm.dll+0x87f17c]
V  [jvm.dll+0x3c49fc]
V  [jvm.dll+0x867e6b]
V  [jvm.dll+0x457b31]
V  [jvm.dll+0x459721]
C  [jli.dll+0x52d0]
C  [ucrtbase.dll+0x37b0]
C  [KERNEL32.DLL+0x2e8d7]
C  [ntdll.dll+0x8d9c]


---------------  P R O C E S S  ---------------

Threads class SMR info:
_java_thread_list=0x0000011e78b16420, length=1, elements={
0x0000011e766fa2c0
}

Java Threads: ( => current thread )
=>0x0000011e766fa2c0 JavaThread "Unknown thread"             [_thread_in_vm, id=28496, stack(0x000000162ab00000,0x000000162ac00000) (1024K)]
Total: 1

Other Threads:
  0x0000011e0f4dcb20 WatcherThread "VM Periodic Task Thread"        [id=1504, stack(0x000000162ad00000,0x000000162ae00000) (1024K)]
  0x0000011e78b0ba80 WorkerThread "GC Thread#0"                     [id=35844, stack(0x000000162ac00000,0x000000162ad00000) (1024K)]
Total: 2

Threads with active compile tasks:
Total: 0

VM state: not at safepoint (normal execution)

VM Mutex/Monitor currently owned by a thread: None

Heap address: 0x0000000080000000, size: 2048 MB, Compressed Oops mode: 32-bit

CDS archive(s) mapped at: [0x0000011e10000000-0x0000011e10ba0000-0x0000011e10ba0000), size 12189696, SharedBaseAddress: 0x0000011e10000000, ArchiveRelocationMode: 1.
Compressed class space mapped at: 0x0000011e11000000-0x0000011e51000000, reserved size: 1073741824
Narrow klass base: 0x0000011e10000000, Narrow klass shift: 0, Narrow klass range: 0x100000000

GC Precious Log:
 CardTable entry size: 512
 CPUs: 16 total, 16 available
 Memory: 8010M
 Large Page Support: Disabled
 NUMA Support: Disabled
 Compressed Oops: Enabled (32-bit)
 Alignments: Space 512K, Generation 512K, Heap 2M
 Heap Min Capacity: 100M
 Heap Initial Capacity: 100M
 Heap Max Capacity: 2G
 Pre-touch: Disabled
 Parallel Workers: 13

Heap:
 PSYoungGen      total 29696K, used 512K [0x00000000d5580000, 0x00000000d7680000, 0x0000000100000000)
  eden space 25600K, 2% used [0x00000000d5580000,0x00000000d5600020,0x00000000d6e80000)
  from space 4096K, 0% used [0x00000000d7280000,0x00000000d7280000,0x00000000d7680000)
  to   space 4096K, 0% used [0x00000000d6e80000,0x00000000d6e80000,0x00000000d7280000)
 ParOldGen       total 68608K, used 0K [0x0000000080000000, 0x0000000084300000, 0x00000000d5580000)
  object space 68608K, 0% used [0x0000000080000000,0x0000000080000000,0x0000000084300000)
 Metaspace       used 0K, committed 0K, reserved 1048576K
  class space    used 0K, committed 0K, reserved 1048576K

Card table byte_map: [0x0000011e78490000,0x0000011e788a0000] _byte_map_base: 0x0000011e78090000

Marking Bits: (ParMarkBitMap*) 0x00007ff92c253450
 Begin Bits: [0x0000011e7bfa0000, 0x0000011e7dfa0000)
 End Bits:   [0x0000011e7dfa0000, 0x0000011e7ffa0000)

Polling page: 0x0000011e76920000

Metaspace:

Usage:
  Non-class:      0 bytes used.
      Class:      0 bytes used.
       Both:      0 bytes used.

Virtual space:
  Non-class space:        0 bytes reserved,       0 bytes (  ?%) committed,  0 nodes.
      Class space:        1.00 GB reserved,       0 bytes (  0%) committed,  1 nodes.
             Both:        1.00 GB reserved,       0 bytes (  0%) committed. 

Chunk freelists:
   Non-Class:  0 bytes
       Class:  16.00 MB
        Both:  16.00 MB

MaxMetaspaceSize: unlimited
CompressedClassSpaceSize: 1.00 GB
Initial GC threshold: 21.00 MB
Current GC threshold: 17179869184.00 GB
CDS: on
 - commit_granule_bytes: 65536.
 - commit_granule_words: 8192.
 - virtual_space_node_default_size: 8388608.
 - enlarge_chunks_in_place: 1.
 - use_allocation_guard: 0.


Internal statistics:

num_allocs_failed_limit: 0.
num_arena_births: 0.
num_arena_deaths: 0.
num_vsnodes_births: 1.
num_vsnodes_deaths: 0.
num_space_committed: 0.
num_space_uncommitted: 0.
num_chunks_returned_to_freelist: 0.
num_chunks_taken_from_freelist: 1.
num_chunk_merges: 0.
num_chunk_splits: 1.
num_chunks_enlarged: 0.
num_inconsistent_stats: 0.

CodeHeap 'non-profiled nmethods': size=119168Kb used=0Kb max_used=0Kb free=119168Kb
 bounds [0x0000011e07ba0000, 0x0000011e07e10000, 0x0000011e0f000000]
CodeHeap 'profiled nmethods': size=119104Kb used=0Kb max_used=0Kb free=119104Kb
 bounds [0x0000011e00000000, 0x0000011e00270000, 0x0000011e07450000]
CodeHeap 'non-nmethods': size=7488Kb used=194Kb max_used=342Kb free=7293Kb
 bounds [0x0000011e07450000, 0x0000011e076c0000, 0x0000011e07ba0000]
CodeCache: size=245760Kb, used=194Kb, max_used=342Kb, free=245565Kb
 total_blobs=70, nmethods=0, adapters=48, full_count=0
Compilation: enabled, stopped_count=0, restarted_count=0

Compilation events (0 events):
No events

GC Heap History (0 events):
No events

Dll operation events (1 events):
Event: 0.025 Loaded shared library c:\Users\ASUS\.antigravity\extensions\redhat.java-1.53.0-win32-x64\jre\21.0.10-win32-x86_64\bin\java.dll

Deoptimization events (0 events):
No events

Classes loaded (0 events):
No events

Classes unloaded (0 events):
No events

Classes redefined (0 events):
No events

Internal exceptions (0 events):
No events

ZGC Phase Switch (0 events):
No events

VM Operations (0 events):
No events

Memory protections (0 events):
No events

Nmethod flushes (0 events):
No events

Events (1 events):
Event: 0.048 Thread 0x0000011e766fa2c0 Thread added: 0x0000011e766fa2c0


Dynamic libraries:
0x00007ff6fd4b0000 - 0x00007ff6fd4be000 	c:\Users\ASUS\.antigravity\extensions\redhat.java-1.53.0-win32-x64\jre\21.0.10-win32-x86_64\bin\java.exe
0x00007ff9e8e60000 - 0x00007ff9e90c9000 	C:\WINDOWS\SYSTEM32\ntdll.dll
0x00007ff9e7fd0000 - 0x00007ff9e8099000 	C:\WINDOWS\System32\KERNEL32.DLL
0x00007ff9e63e0000 - 0x00007ff9e67d3000 	C:\WINDOWS\System32\KERNELBASE.dll
0x00007ff9e6290000 - 0x00007ff9e63db000 	C:\WINDOWS\System32\ucrtbase.dll
0x00007ff9cd4f0000 - 0x00007ff9cd50e000 	c:\Users\ASUS\.antigravity\extensions\redhat.java-1.53.0-win32-x64\jre\21.0.10-win32-x86_64\bin\VCRUNTIME140.dll
0x00007ff9cd380000 - 0x00007ff9cd398000 	c:\Users\ASUS\.antigravity\extensions\redhat.java-1.53.0-win32-x64\jre\21.0.10-win32-x86_64\bin\jli.dll
0x00007ff9e7020000 - 0x00007ff9e71e4000 	C:\WINDOWS\System32\USER32.dll
0x00007ff9cbc60000 - 0x00007ff9cbef3000 	C:\WINDOWS\WinSxS\amd64_microsoft.windows.common-controls_6595b64144ccf1df_6.0.26100.5074_none_3e0d6f78e32fd63f\COMCTL32.dll
0x00007ff9e6060000 - 0x00007ff9e6087000 	C:\WINDOWS\System32\win32u.dll
0x00007ff9e72b0000 - 0x00007ff9e7359000 	C:\WINDOWS\System32\msvcrt.dll
0x00007ff9e7db0000 - 0x00007ff9e7ddb000 	C:\WINDOWS\System32\GDI32.dll
0x00007ff9e6950000 - 0x00007ff9e6a7d000 	C:\WINDOWS\System32\gdi32full.dll
0x00007ff9e67e0000 - 0x00007ff9e6883000 	C:\WINDOWS\System32\msvcp_win.dll
0x00007ff9e83e0000 - 0x00007ff9e840f000 	C:\WINDOWS\System32\IMM32.DLL
0x00007ff9de3e0000 - 0x00007ff9de3ec000 	c:\Users\ASUS\.antigravity\extensions\redhat.java-1.53.0-win32-x64\jre\21.0.10-win32-x86_64\bin\vcruntime140_1.dll
0x00007ff96b340000 - 0x00007ff96b3cd000 	c:\Users\ASUS\.antigravity\extensions\redhat.java-1.53.0-win32-x64\jre\21.0.10-win32-x86_64\bin\msvcp140.dll
0x00007ff92b590000 - 0x00007ff92c331000 	c:\Users\ASUS\.antigravity\extensions\redhat.java-1.53.0-win32-x64\jre\21.0.10-win32-x86_64\bin\server\jvm.dll
0x00007ff9e8200000 - 0x00007ff9e82b4000 	C:\WINDOWS\System32\ADVAPI32.dll
0x00007ff9e7c80000 - 0x00007ff9e7d26000 	C:\WINDOWS\System32\sechost.dll
0x00007ff9e82c0000 - 0x00007ff9e83d8000 	C:\WINDOWS\System32\RPCRT4.dll
0x00007ff9e6c10000 - 0x00007ff9e6c84000 	C:\WINDOWS\System32\WS2_32.dll
0x00007ff9d9500000 - 0x00007ff9d9535000 	C:\WINDOWS\SYSTEM32\WINMM.dll
0x00007ff9e5e20000 - 0x00007ff9e5e7e000 	C:\WINDOWS\SYSTEM32\POWRPROF.dll
0x00007ff9deea0000 - 0x00007ff9deeab000 	C:\WINDOWS\SYSTEM32\VERSION.dll
0x00007ff9e5e00000 - 0x00007ff9e5e14000 	C:\WINDOWS\SYSTEM32\UMPDC.dll
0x00007ff9e4d60000 - 0x00007ff9e4d7b000 	C:\WINDOWS\SYSTEM32\kernel.appcore.dll
0x00007ff9cfff0000 - 0x00007ff9cfffa000 	c:\Users\ASUS\.antigravity\extensions\redhat.java-1.53.0-win32-x64\jre\21.0.10-win32-x86_64\bin\jimage.dll
0x00007ff9d7bc0000 - 0x00007ff9d7e02000 	C:\WINDOWS\SYSTEM32\DBGHELP.DLL
0x00007ff9e7460000 - 0x00007ff9e77db000 	C:\WINDOWS\System32\combase.dll
0x00007ff9e85c0000 - 0x00007ff9e8697000 	C:\WINDOWS\System32\OLEAUT32.dll
0x00007ff9cc330000 - 0x00007ff9cc36d000 	C:\WINDOWS\SYSTEM32\dbgcore.DLL
0x00007ff9e5fc0000 - 0x00007ff9e6059000 	C:\WINDOWS\System32\bcryptPrimitives.dll
0x00007ff9ced90000 - 0x00007ff9ced9f000 	c:\Users\ASUS\.antigravity\extensions\redhat.java-1.53.0-win32-x64\jre\21.0.10-win32-x86_64\bin\instrument.dll
0x00007ff9cc6d0000 - 0x00007ff9cc6f0000 	c:\Users\ASUS\.antigravity\extensions\redhat.java-1.53.0-win32-x64\jre\21.0.10-win32-x86_64\bin\java.dll

JVMTI agents:
c:\Users\ASUS\.antigravity\extensions\redhat.java-1.53.0-win32-x64\lombok\lombok-1.18.39-4050.jar path:none, loaded, not initialized, instrumentlib options:none

dbghelp: loaded successfully - version: 4.0.5 - missing functions: none
symbol engine: initialized successfully - sym options: 0x614 - pdb path: .;c:\Users\ASUS\.antigravity\extensions\redhat.java-1.53.0-win32-x64\jre\21.0.10-win32-x86_64\bin;C:\WINDOWS\SYSTEM32;C:\WINDOWS\WinSxS\amd64_microsoft.windows.common-controls_6595b64144ccf1df_6.0.26100.5074_none_3e0d6f78e32fd63f;c:\Users\ASUS\.antigravity\extensions\redhat.java-1.53.0-win32-x64\jre\21.0.10-win32-x86_64\bin\server

VM Arguments:
jvm_args: --add-modules=ALL-SYSTEM --add-opens=java.base/java.util=ALL-UNNAMED --add-opens=java.base/java.lang=ALL-UNNAMED --add-opens=java.base/sun.nio.fs=ALL-UNNAMED -Declipse.application=org.eclipse.jdt.ls.core.id1 -Dosgi.bundles.defaultStartLevel=4 -Declipse.product=org.eclipse.jdt.ls.core.product -Djava.import.generatesMetadataFilesAtProjectRoot=false -DDetectVMInstallationsJob.disabled=true -Dfile.encoding=utf8 -XX:+UseParallelGC -XX:GCTimeRatio=4 -XX:AdaptiveSizePolicyWeight=90 -Dsun.zip.disableMemoryMapping=true -Xmx2G -Xms100m -Xlog:disable -javaagent:c:\Users\ASUS\.antigravity\extensions\redhat.java-1.53.0-win32-x64\lombok\lombok-1.18.39-4050.jar -XX:+HeapDumpOnOutOfMemoryError -XX:HeapDumpPath=c:\Users\ASUS\AppData\Roaming\Antigravity\User\workspaceStorage\072664e477a3092332c4219defd89c4c\redhat.java -Daether.dependencyCollector.impl=bf 
java_command: c:\Users\ASUS\.antigravity\extensions\redhat.java-1.53.0-win32-x64\server\plugins\org.eclipse.equinox.launcher_1.7.100.v20251111-0406.jar -configuration c:\Users\ASUS\AppData\Roaming\Antigravity\User\globalStorage\redhat.java\1.53.0\config_win -data c:\Users\ASUS\AppData\Roaming\Antigravity\User\workspaceStorage\072664e477a3092332c4219defd89c4c\redhat.java\jdt_ws --pipe=\\.\pipe\lsp-bbf1d5b2093d84d6d16a9ad0da8712df-sock
java_class_path (initial): c:\Users\ASUS\.antigravity\extensions\redhat.java-1.53.0-win32-x64\server\plugins\org.eclipse.equinox.launcher_1.7.100.v20251111-0406.jar
Launcher Type: SUN_STANDARD

[Global flags]
    uintx AdaptiveSizePolicyWeight                 = 90                                        {product} {command line}
     intx CICompilerCount                          = 12                                        {product} {ergonomic}
    uintx GCTimeRatio                              = 4                                         {product} {command line}
     bool HeapDumpOnOutOfMemoryError               = true                                   {manageable} {command line}
    ccstr HeapDumpPath                             = c:\Users\ASUS\AppData\Roaming\Antigravity\User\workspaceStorage\072664e477a3092332c4219defd89c4c\redhat.java         {manageable} {command line}
   size_t InitialHeapSize                          = 104857600                                 {product} {command line}
   size_t MaxHeapSize                              = 2147483648                                {product} {command line}
   size_t MaxNewSize                               = 715653120                                 {product} {ergonomic}
   size_t MinHeapDeltaBytes                        = 524288                                    {product} {ergonomic}
   size_t MinHeapSize                              = 104857600                                 {product} {command line}
   size_t NewSize                                  = 34603008                                  {product} {ergonomic}
    uintx NonNMethodCodeHeapSize                   = 7602480                                {pd product} {ergonomic}
    uintx NonProfiledCodeHeapSize                  = 122027880                              {pd product} {ergonomic}
   size_t OldSize                                  = 70254592                                  {product} {ergonomic}
    uintx ProfiledCodeHeapSize                     = 122027880                              {pd product} {ergonomic}
    uintx ReservedCodeCacheSize                    = 251658240                              {pd product} {ergonomic}
     bool SegmentedCodeCache                       = true                                      {product} {ergonomic}
   size_t SoftMaxHeapSize                          = 2147483648                             {manageable} {ergonomic}
     bool UseCompressedOops                        = true                           {product lp64_product} {ergonomic}
     bool UseLargePagesIndividualAllocation        = false                                  {pd product} {ergonomic}
     bool UseParallelGC                            = true                                      {product} {command line}

Logging:
Log output configuration:
 #0: stdout all=off uptime,level,tags foldmultilines=false
 #1: stderr all=off uptime,level,tags foldmultilines=false

Release file:
<release file has not been read>
Environment Variables:
PATH=C:\Program Files\Java\jdk-25\bin;C:\Program Files\Python313\Scripts\;C:\Program Files\Python313\;C:\Program Files (x86)\VMware\VMware Workstation\bin\;C:\WINDOWS\system32;C:\WINDOWS;C:\WINDOWS\System32\Wbem;C:\WINDOWS\System32\WindowsPowerShell\v1.0\;C:\WINDOWS\System32\OpenSSH\;C:\Program Files\NVIDIA Corporation\NVIDIA App\NvDLISR;C:\Program Files (x86)\NVIDIA Corporation\PhysX\Common;C:\Program Files\dotnet\;C:\php-8.4.7;C:\ProgramData\ComposerSetup\bin;C:\Program Files\nodejs\;C:\Program Files\Git\cmd;C:\Program Files\MongoDB\Server\8.2\bin;C:\Program Files\Java\jdk-25\;;C:\ProgramData\chocolatey\bin;C:\Program Files\Microsoft SQL Server\150\Tools\Binn\;C:\Program Files\Microsoft SQL Server\Client SDK\ODBC\170\Tools\Binn\;C:\Program Files\Microsoft SQL Server\170\DTS\Binn\;C:\Program Files\Docker\Docker\resources\bin;c:\Users\ASUS\AppData\Local\Programs\cursor\resources\app\codeBin;C:\Program Files\Java\jdk-25\bin;C:\Users\ASUS\AppData\Local\Microsoft\WindowsApps;C:\Visaul Studio\Microsoft VS Code\bin;C:\Users\ASUS\AppData\Local\Programs\Azure Data Studio\bin;C:\Program Files\Azure Data Studio\bin;C:\Users\ASUS\AppData\Local\GitHubDesktop\bin;C:\Users\ASUS\AppData\Roaming\Composer\vendor\bin;C:\Users\ASUS\AppData\Roaming\npm;C:\Program Files\mongosh\;C:\Program Files\IntelliJ IDEA 2025.2.3\bin;C:\Program Files\JetBrains\WebStorm 2025.2.3\bin;C:\Program Files (x86)\Microsoft Visual Studio\Shared\NuGetPackages\microsoft.visualstudio.javascript.sdk;C:\Program Files\Java\jdk-25\;C:\Users\ASUS\.dotnet\tools;C:\Users\ASUS\AppData\Local\Microsoft\WinGet\Links;C:\Users\ASUS\AppData\Local\Programs\Antigravity\bin;C:\Users\ASUS\AppData\Local\Programs\cursor\resources\app\bin
USERNAME=ASUS
OS=Windows_NT
PROCESSOR_IDENTIFIER=AMD64 Family 25 Model 68 Stepping 1, AuthenticAMD
TMP=C:\Users\ASUS\AppData\Local\Temp
TEMP=C:\Users\ASUS\AppData\Local\Temp




Periodic native trim disabled

---------------  S Y S T E M  ---------------

OS:
 Windows 11 , 64 bit Build 26100 (10.0.26100.5074)
OS uptime: 0 days 1:37 hours
Hyper-V role detected

CPU: total 16 (initial active 16) (16 cores per cpu, 2 threads per core) family 25 model 68 stepping 1 microcode 0xa404107, cx8, cmov, fxsr, ht, mmx, 3dnowpref, sse, sse2, sse3, ssse3, sse4a, sse4.1, sse4.2, popcnt, lzcnt, tsc, tscinvbit, avx, avx2, aes, erms, clmul, bmi1, bmi2, adx, sha, fma, vzeroupper, clflush, clflushopt, hv, rdtscp, rdpid, fsrm, f16c, cet_ss
Processor Information for the first 16 processors :
  Max Mhz: 3100, Current Mhz: 3100, Mhz Limit: 3100

Memory: 4k page, system-wide physical 8010M (336M free)
TotalPageFile size 24394M (AvailPageFile size 125M)
current process WorkingSet (physical memory assigned to process): 26M, peak: 26M
current process commit charge ("private bytes"): 204M, peak: 205M

vm_info: OpenJDK 64-Bit Server VM (21.0.10+7-LTS) for windows-amd64 JRE (21.0.10+7-LTS), built on 2026-01-20T00:00:00Z by "admin" with MS VC++ 17.12 (VS2022)

END.
