#
# There is insufficient memory for the Java Runtime Environment to continue.
# Native memory allocation (malloc) failed to allocate 1048576 bytes. Error detail: AllocateHeap
# Possible reasons:
#   The system is out of physical RAM or swap space
#   This process is running with CompressedOops enabled, and the Java Heap may be blocking the growth of the native heap
# Possible solutions:
#   Reduce memory load on the system
#   Increase physical memory or swap space
#   Check if swap backing store is full
#   Decrease Java heap size (-Xmx/-Xms)
#   Decrease number of Java threads
#   Decrease Java thread stack sizes (-Xss)
#   Set larger code cache with -XX:ReservedCodeCacheSize=
#   JVM is running with Unscaled Compressed Oops mode in which the Java heap is
#     placed in the first 4GB address space. The Java Heap base address is the
#     maximum limit for the native heap growth. Please use -XX:HeapBaseMinAddress
#     to set the Java Heap base and to place the Java Heap above 4GB virtual address.
# This output file may be truncated or incomplete.
#
#  Out of Memory Error (allocation.cpp:44), pid=14492, tid=31860
#
# JRE version: OpenJDK Runtime Environment Temurin-21.0.10+7 (21.0.10+7) (build 21.0.10+7-LTS)
# Java VM: OpenJDK 64-Bit Server VM Temurin-21.0.10+7 (21.0.10+7-LTS, mixed mode, sharing, tiered, compressed oops, compressed class ptrs, parallel gc, windows-amd64)
# No core dump will be written. Minidumps are not enabled by default on client versions of Windows
#

---------------  S U M M A R Y ------------

Command Line: --add-modules=ALL-SYSTEM --add-opens=java.base/java.util=ALL-UNNAMED --add-opens=java.base/java.lang=ALL-UNNAMED --add-opens=java.base/sun.nio.fs=ALL-UNNAMED -Declipse.application=org.eclipse.jdt.ls.core.id1 -Dosgi.bundles.defaultStartLevel=4 -Declipse.product=org.eclipse.jdt.ls.core.product -Djava.import.generatesMetadataFilesAtProjectRoot=false -DDetectVMInstallationsJob.disabled=true -Dfile.encoding=utf8 -XX:+UseParallelGC -XX:GCTimeRatio=4 -XX:AdaptiveSizePolicyWeight=90 -Dsun.zip.disableMemoryMapping=true -Xmx2G -Xms100m -Xlog:disable -javaagent:c:\Users\ASUS\.antigravity\extensions\redhat.java-1.53.0-win32-x64\lombok\lombok-1.18.39-4050.jar -XX:+HeapDumpOnOutOfMemoryError -XX:HeapDumpPath=c:\Users\ASUS\AppData\Roaming\Antigravity\User\workspaceStorage\072664e477a3092332c4219defd89c4c\redhat.java -Daether.dependencyCollector.impl=bf c:\Users\ASUS\.antigravity\extensions\redhat.java-1.53.0-win32-x64\server\plugins\org.eclipse.equinox.launcher_1.7.100.v20251111-0406.jar -configuration c:\Users\ASUS\AppData\Roaming\Antigravity\User\globalStorage\redhat.java\1.53.0\config_win -data c:\Users\ASUS\AppData\Roaming\Antigravity\User\workspaceStorage\072664e477a3092332c4219defd89c4c\redhat.java\jdt_ws --pipe=\\.\pipe\lsp-670a510dfcd8c6f4e275b8b409300a36-sock

Host: AMD Ryzen 7 7435HS                             , 16 cores, 7G,  Windows 11 , 64 bit Build 26100 (10.0.26100.5074)
Time: Tue Mar 31 17:37:28 2026 SE Asia Standard Time elapsed time: 993.041484 seconds (0d 0h 16m 33s)

---------------  T H R E A D  ---------------

Current thread (0x00000201cb7f8e80):  JavaThread "Attach Listener" daemon [_thread_in_vm, id=31860, stack(0x000000a178700000,0x000000a178800000) (1024K)]

Stack: [0x000000a178700000,0x000000a178800000]
Native frames: (J=compiled Java code, j=interpreted, Vv=VM code, C=native code)
V  [jvm.dll+0x6d7a39]
V  [jvm.dll+0x8b4b26]
V  [jvm.dll+0x8b70de]
V  [jvm.dll+0x8b77c3]
V  [jvm.dll+0x284346]
V  [jvm.dll+0xc1277]
V  [jvm.dll+0x6d82e9]
V  [jvm.dll+0x1334a6]
V  [jvm.dll+0x3f857e]
V  [jvm.dll+0x85f59d]
V  [jvm.dll+0x6d626d]
C  [ucrtbase.dll+0x37b0]
C  [KERNEL32.DLL+0x2e8d7]
C  [ntdll.dll+0x8d9c]


---------------  P R O C E S S  ---------------

Threads class SMR info:
_java_thread_list=0x00000201eac5d580, length=53, elements={
0x00000201c93d9db0, 0x00000201cb7f6800, 0x00000201cb6fd700, 0x00000201cb7f8220,
0x00000201cb7f8e80, 0x00000201cb7fef90, 0x00000201cb7ff9f0, 0x00000201cb800780,
0x00000201cb80b9f0, 0x00000201e3720600, 0x00000201e90ec920, 0x00000201e9b60650,
0x00000201e35cfa10, 0x00000201e9634b00, 0x00000201e9a7d990, 0x00000201e99a4620,
0x00000201e352a2d0, 0x00000201e9a5bab0, 0x00000201e95cbd10, 0x00000201e95cd0c0,
0x00000201ebeaf140, 0x00000201ebeaf7d0, 0x00000201ebeafe60, 0x00000201ebeb04f0,
0x00000201ebeb0b80, 0x00000201ebeb1210, 0x00000201ebeadd90, 0x00000201ebeb4000,
0x00000201ebeb2c50, 0x00000201ebeb32e0, 0x00000201ebeb4690, 0x00000201ebeb1f30,
0x00000201ebeb25c0, 0x00000201ebeb4d20, 0x00000201ebeb3970, 0x00000201ebeb18a0,
0x00000201ebeb53b0, 0x00000201eabcc6b0, 0x00000201eabce780, 0x00000201eabce0f0,
0x00000201eabcf4a0, 0x00000201ea776ce0, 0x00000201ea774580, 0x00000201ea778090,
0x00000201ebc3a2b0, 0x00000201ea777370, 0x00000201ea773ef0, 0x00000201ea7752a0,
0x00000201ea779ad0, 0x00000201ea77a160, 0x00000201e95c9c40, 0x00000201eabcee10,
0x00000201ebc38f00
}

Java Threads: ( => current thread )
  0x00000201c93d9db0 JavaThread "main"                              [_thread_blocked, id=25676, stack(0x000000a178000000,0x000000a178100000) (1024K)]
  0x00000201cb7f6800 JavaThread "Reference Handler"          daemon [_thread_blocked, id=32760, stack(0x000000a178400000,0x000000a178500000) (1024K)]
  0x00000201cb6fd700 JavaThread "Finalizer"                  daemon [_thread_blocked, id=32472, stack(0x000000a178500000,0x000000a178600000) (1024K)]
  0x00000201cb7f8220 JavaThread "Signal Dispatcher"          daemon [_thread_blocked, id=31772, stack(0x000000a178600000,0x000000a178700000) (1024K)]
=>0x00000201cb7f8e80 JavaThread "Attach Listener"            daemon [_thread_in_vm, id=31860, stack(0x000000a178700000,0x000000a178800000) (1024K)]
  0x00000201cb7fef90 JavaThread "Service Thread"             daemon [_thread_blocked, id=31216, stack(0x000000a178800000,0x000000a178900000) (1024K)]
  0x00000201cb7ff9f0 JavaThread "Monitor Deflation Thread"   daemon [_thread_blocked, id=32408, stack(0x000000a178900000,0x000000a178a00000) (1024K)]
  0x00000201cb800780 JavaThread "C2 CompilerThread0"         daemon [_thread_blocked, id=32748, stack(0x000000a178a00000,0x000000a178b00000) (1024K)]
  0x00000201cb80b9f0 JavaThread "C1 CompilerThread0"         daemon [_thread_blocked, id=32624, stack(0x000000a178b00000,0x000000a178c00000) (1024K)]
  0x00000201e3720600 JavaThread "Common-Cleaner"             daemon [_thread_blocked, id=3676, stack(0x000000a178e00000,0x000000a178f00000) (1024K)]
  0x00000201e90ec920 JavaThread "Notification Thread"        daemon [_thread_blocked, id=27524, stack(0x000000a179000000,0x000000a179100000) (1024K)]
  0x00000201e9b60650 JavaThread "Active Thread: Equinox Container: 8470cb5e-39f0-4e06-9ebd-8f2cd993d8b1"        [_thread_blocked, id=32496, stack(0x000000a179800000,0x000000a179900000) (1024K)]
  0x00000201e35cfa10 JavaThread "Refresh Thread: Equinox Container: 8470cb5e-39f0-4e06-9ebd-8f2cd993d8b1" daemon [_thread_blocked, id=32712, stack(0x000000a178c00000,0x000000a178d00000) (1024K)]
  0x00000201e9634b00 JavaThread "Framework Event Dispatcher: Equinox Container: 8470cb5e-39f0-4e06-9ebd-8f2cd993d8b1" daemon [_thread_blocked, id=32776, stack(0x000000a178d00000,0x000000a178e00000) (1024K)]
  0x00000201e9a7d990 JavaThread "Start Level: Equinox Container: 8470cb5e-39f0-4e06-9ebd-8f2cd993d8b1" daemon [_thread_blocked, id=32780, stack(0x000000a178f00000,0x000000a179000000) (1024K)]
  0x00000201e99a4620 JavaThread "Bundle File Closer"         daemon [_thread_blocked, id=11448, stack(0x000000a179d00000,0x000000a179e00000) (1024K)]
  0x00000201e352a2d0 JavaThread "SCR Component Actor"        daemon [_thread_blocked, id=32412, stack(0x000000a179f00000,0x000000a17a000000) (1024K)]
  0x00000201e9a5bab0 JavaThread "Worker-JM"                         [_thread_blocked, id=32512, stack(0x000000a17a100000,0x000000a17a200000) (1024K)]
  0x00000201e95cbd10 JavaThread "JNA Cleaner"                daemon [_thread_blocked, id=31848, stack(0x000000a17a300000,0x000000a17a400000) (1024K)]
  0x00000201e95cd0c0 JavaThread "Java indexing"              daemon [_thread_blocked, id=31012, stack(0x000000a17a900000,0x000000a17aa00000) (1024K)]
  0x00000201ebeaf140 JavaThread "Thread-1"                   daemon [_thread_in_native, id=31184, stack(0x000000a17b000000,0x000000a17b100000) (1024K)]
  0x00000201ebeaf7d0 JavaThread "Thread-2"                   daemon [_thread_in_native, id=31188, stack(0x000000a17b100000,0x000000a17b200000) (1024K)]
  0x00000201ebeafe60 JavaThread "Thread-3"                   daemon [_thread_in_native, id=31192, stack(0x000000a17b200000,0x000000a17b300000) (1024K)]
  0x00000201ebeb04f0 JavaThread "Thread-4"                   daemon [_thread_in_native, id=30772, stack(0x000000a17b300000,0x000000a17b400000) (1024K)]
  0x00000201ebeb0b80 JavaThread "Thread-5"                   daemon [_thread_in_native, id=30128, stack(0x000000a17b400000,0x000000a17b500000) (1024K)]
  0x00000201ebeb1210 JavaThread "Thread-6"                   daemon [_thread_in_native, id=30960, stack(0x000000a17b500000,0x000000a17b600000) (1024K)]
  0x00000201ebeadd90 JavaThread "Thread-7"                   daemon [_thread_in_native, id=33772, stack(0x000000a17b600000,0x000000a17b700000) (1024K)]
  0x00000201ebeb4000 JavaThread "Thread-8"                   daemon [_thread_in_native, id=11636, stack(0x000000a17b700000,0x000000a17b800000) (1024K)]
  0x00000201ebeb2c50 JavaThread "Thread-9"                   daemon [_thread_in_native, id=33576, stack(0x000000a17b800000,0x000000a17b900000) (1024K)]
  0x00000201ebeb32e0 JavaThread "Thread-10"                  daemon [_thread_in_native, id=33512, stack(0x000000a17b900000,0x000000a17ba00000) (1024K)]
  0x00000201ebeb4690 JavaThread "Thread-11"                  daemon [_thread_in_native, id=33660, stack(0x000000a17ba00000,0x000000a17bb00000) (1024K)]
  0x00000201ebeb1f30 JavaThread "Thread-12"                  daemon [_thread_in_native, id=33572, stack(0x000000a17bb00000,0x000000a17bc00000) (1024K)]
  0x00000201ebeb25c0 JavaThread "Thread-13"                  daemon [_thread_in_native, id=15512, stack(0x000000a17bc00000,0x000000a17bd00000) (1024K)]
  0x00000201ebeb4d20 JavaThread "Thread-14"                  daemon [_thread_in_native, id=33720, stack(0x000000a17bd00000,0x000000a17be00000) (1024K)]
  0x00000201ebeb3970 JavaThread "Thread-15"                  daemon [_thread_in_native, id=30052, stack(0x000000a17be00000,0x000000a17bf00000) (1024K)]
  0x00000201ebeb18a0 JavaThread "Thread-16"                  daemon [_thread_in_native, id=29916, stack(0x000000a17bf00000,0x000000a17c000000) (1024K)]
  0x00000201ebeb53b0 JavaThread "Thread-17"                  daemon [_thread_in_native, id=29940, stack(0x000000a17c000000,0x000000a17c100000) (1024K)]
  0x00000201eabcc6b0 JavaThread "pool-2-thread-1"                   [_thread_blocked, id=31040, stack(0x000000a17c100000,0x000000a17c200000) (1024K)]
  0x00000201eabce780 JavaThread "WorkspaceEventsHandler"            [_thread_blocked, id=31128, stack(0x000000a17c200000,0x000000a17c300000) (1024K)]
  0x00000201eabce0f0 JavaThread "pool-1-thread-1"                   [_thread_blocked, id=31148, stack(0x000000a17c300000,0x000000a17c400000) (1024K)]
  0x00000201eabcf4a0 JavaThread "ForkJoinPool.commonPool-worker-3" daemon [_thread_blocked, id=31152, stack(0x000000a17c600000,0x000000a17c700000) (1024K)]
  0x00000201ea776ce0 JavaThread "ForkJoinPool.commonPool-worker-7" daemon [_thread_blocked, id=30776, stack(0x000000a17ca00000,0x000000a17cb00000) (1024K)]
  0x00000201ea774580 JavaThread "ForkJoinPool.commonPool-worker-9" daemon [_thread_blocked, id=30812, stack(0x000000a17cc00000,0x000000a17cd00000) (1024K)]
  0x00000201ea778090 JavaThread "ForkJoinPool.commonPool-worker-13" daemon [_thread_blocked, id=30816, stack(0x000000a17d000000,0x000000a17d100000) (1024K)]
  0x00000201ebc3a2b0 JavaThread "Cleaner-0"                  daemon [_thread_blocked, id=40596, stack(0x000000a17a700000,0x000000a17a800000) (1024K)]
  0x00000201ea777370 JavaThread "ForkJoinPool.commonPool-worker-17" daemon [_thread_blocked, id=31308, stack(0x000000a17a400000,0x000000a17a500000) (1024K)]
  0x00000201ea773ef0 JavaThread "ForkJoinPool.commonPool-worker-16" daemon [_thread_blocked, id=38128, stack(0x000000a17a500000,0x000000a17a600000) (1024K)]
  0x00000201ea7752a0 JavaThread "ForkJoinPool.commonPool-worker-19" daemon [_thread_blocked, id=8184, stack(0x000000a17a800000,0x000000a17a900000) (1024K)]
  0x00000201ea779ad0 JavaThread "ForkJoinPool.commonPool-worker-20" daemon [_thread_blocked, id=35116, stack(0x000000a17aa00000,0x000000a17ab00000) (1024K)]
  0x00000201ea77a160 JavaThread "ForkJoinPool.commonPool-worker-21" daemon [_thread_blocked, id=37256, stack(0x000000a17ab00000,0x000000a17ac00000) (1024K)]
  0x00000201e95c9c40 JavaThread "Worker-9"                          [_thread_blocked, id=36468, stack(0x000000a17ad00000,0x000000a17ae00000) (1024K)]
  0x00000201eabcee10 JavaThread "Worker-10"                         [_thread_blocked, id=38316, stack(0x000000a177e00000,0x000000a177f00000) (1024K)]
  0x00000201ebc38f00 JavaThread "Compiler Source File Reader" daemon [_thread_blocked, id=3280, stack(0x000000a177f00000,0x000000a178000000) (1024K)]
Total: 53

Other Threads:
  0x00000201cb7f1b70 VMThread "VM Thread"                           [id=32232, stack(0x000000a178300000,0x000000a178400000) (1024K)]
  0x00000201cb5dca00 WatcherThread "VM Periodic Task Thread"        [id=31900, stack(0x000000a178200000,0x000000a178300000) (1024K)]
  0x00000201cb772040 WorkerThread "GC Thread#0"                     [id=13672, stack(0x000000a178100000,0x000000a178200000) (1024K)]
  0x00000201e93fd190 WorkerThread "GC Thread#1"                     [id=22328, stack(0x000000a179100000,0x000000a179200000) (1024K)]
  0x00000201e94d9980 WorkerThread "GC Thread#2"                     [id=32616, stack(0x000000a179200000,0x000000a179300000) (1024K)]
  0x00000201e94d9d30 WorkerThread "GC Thread#3"                     [id=31756, stack(0x000000a179300000,0x000000a179400000) (1024K)]
  0x00000201e94da0e0 WorkerThread "GC Thread#4"                     [id=14280, stack(0x000000a179400000,0x000000a179500000) (1024K)]
  0x00000201e94da490 WorkerThread "GC Thread#5"                     [id=32220, stack(0x000000a179500000,0x000000a179600000) (1024K)]
  0x00000201e92e8520 WorkerThread "GC Thread#6"                     [id=27744, stack(0x000000a179600000,0x000000a179700000) (1024K)]
  0x00000201e92e7660 WorkerThread "GC Thread#7"                     [id=32640, stack(0x000000a179900000,0x000000a179a00000) (1024K)]
  0x00000201e92e6f00 WorkerThread "GC Thread#8"                     [id=9576, stack(0x000000a179700000,0x000000a179800000) (1024K)]
  0x00000201e92e72b0 WorkerThread "GC Thread#9"                     [id=10592, stack(0x000000a179a00000,0x000000a179b00000) (1024K)]
  0x00000201e92e8170 WorkerThread "GC Thread#10"                    [id=10644, stack(0x000000a179b00000,0x000000a179c00000) (1024K)]
  0x00000201e92e7dc0 WorkerThread "GC Thread#11"                    [id=30236, stack(0x000000a17a000000,0x000000a17a100000) (1024K)]
  0x00000201ea072db0 WorkerThread "GC Thread#12"                    [id=32192, stack(0x000000a17a200000,0x000000a17a300000) (1024K)]
Total: 15

Threads with active compile tasks:
Total: 0

VM state: not at safepoint (normal execution)

VM Mutex/Monitor currently owned by a thread: None

Heap address: 0x0000000080000000, size: 2048 MB, Compressed Oops mode: 32-bit

CDS archive(s) mapped at: [0x0000020180000000-0x0000020180ba0000-0x0000020180ba0000), size 12189696, SharedBaseAddress: 0x0000020180000000, ArchiveRelocationMode: 1.
Compressed class space mapped at: 0x0000020181000000-0x00000201c1000000, reserved size: 1073741824
Narrow klass base: 0x0000020180000000, Narrow klass shift: 0, Narrow klass range: 0x100000000

GC Precious Log:
 CardTable entry size: 512
 CPUs: 16 total, 16 available
 Memory: 8010M
 Large Page Support: Disabled
 NUMA Support: Disabled
 Compressed Oops: Enabled (32-bit)
 Alignments: Space 512K, Generation 512K, Heap 2M
 Heap Min Capacity: 100M
 Heap Initial Capacity: 100M
 Heap Max Capacity: 2G
 Pre-touch: Disabled
 Parallel Workers: 13

Heap:
 PSYoungGen      total 8704K, used 5996K [0x00000000d5580000, 0x00000000d6100000, 0x0000000100000000)
  eden space 8192K, 68% used [0x00000000d5580000,0x00000000d5af3218,0x00000000d5d80000)
  from space 512K, 81% used [0x00000000d6080000,0x00000000d60e8000,0x00000000d6100000)
  to   space 512K, 0% used [0x00000000d6000000,0x00000000d6000000,0x00000000d6080000)
 ParOldGen       total 227840K, used 212963K [0x0000000080000000, 0x000000008de80000, 0x00000000d5580000)
  object space 227840K, 93% used [0x0000000080000000,0x000000008cff8c58,0x000000008de80000)
 Metaspace       used 78827K, committed 80640K, reserved 1179648K
  class space    used 8059K, committed 8832K, reserved 1048576K

Card table byte_map: [0x00000201cb0f0000,0x00000201cb500000] _byte_map_base: 0x00000201cacf0000

Marking Bits: (ParMarkBitMap*) 0x00007ffc83c13450
 Begin Bits: [0x00000201ddc00000, 0x00000201dfc00000)
 End Bits:   [0x00000201dfc00000, 0x00000201e1c00000)

Polling page: 0x00000201c9760000

Metaspace:

Usage:
  Non-class:     69.11 MB used.
      Class:      7.87 MB used.
       Both:     76.98 MB used.

Virtual space:
  Non-class space:      128.00 MB reserved,      70.12 MB ( 55%) committed,  2 nodes.
      Class space:        1.00 GB reserved,       8.62 MB ( <1%) committed,  1 nodes.
             Both:        1.12 GB reserved,      78.75 MB (  7%) committed. 

Chunk freelists:
   Non-Class:  9.92 MB
       Class:  7.22 MB
        Both:  17.14 MB

MaxMetaspaceSize: unlimited
CompressedClassSpaceSize: 1.00 GB
Initial GC threshold: 21.00 MB
Current GC threshold: 129.94 MB
CDS: on
 - commit_granule_bytes: 65536.
 - commit_granule_words: 8192.
 - virtual_space_node_default_size: 8388608.
 - enlarge_chunks_in_place: 1.
 - use_allocation_guard: 0.


Internal statistics:

num_allocs_failed_limit: 9.
num_arena_births: 1552.
num_arena_deaths: 24.
num_vsnodes_births: 3.
num_vsnodes_deaths: 0.
num_space_committed: 1260.
num_space_uncommitted: 0.
num_chunks_returned_to_freelist: 38.
num_chunks_taken_from_freelist: 5512.
num_chunk_merges: 16.
num_chunk_splits: 3315.
num_chunks_enlarged: 1822.
num_inconsistent_stats: 0.

CodeHeap 'non-profiled nmethods': size=119168Kb used=14479Kb max_used=14479Kb free=104688Kb
 bounds [0x00000201d64f0000, 0x00000201d7320000, 0x00000201dd950000]
CodeHeap 'profiled nmethods': size=119104Kb used=39675Kb max_used=39751Kb free=79428Kb
 bounds [0x00000201ce950000, 0x00000201d1030000, 0x00000201d5da0000]
CodeHeap 'non-nmethods': size=7488Kb used=1480Kb max_used=3210Kb free=6007Kb
 bounds [0x00000201d5da0000, 0x00000201d60d0000, 0x00000201d64f0000]
CodeCache: size=245760Kb, used=55634Kb, max_used=57440Kb, free=190123Kb
 total_blobs=17145, nmethods=16349, adapters=699, full_count=0
Compilation: enabled, stopped_count=0, restarted_count=0

Compilation events (20 events):
Event: 988.740 Thread 0x00000201cb80b9f0 17999       3       java.util.IdentityHashMap::keySet (25 bytes)
Event: 988.742 Thread 0x00000201cb80b9f0 nmethod 17999 0x00000201cf9ad510 code [0x00000201cf9ad6e0, 0x00000201cf9ada28]
Event: 988.742 Thread 0x00000201cb80b9f0 17992       3       org.eclipse.sisu.inject.Implementations$ProviderFinder::visit (27 bytes)
Event: 988.742 Thread 0x00000201cb80b9f0 nmethod 17992 0x00000201cf9ac810 code [0x00000201cf9aca20, 0x00000201cf9ad228]
Event: 988.742 Thread 0x00000201cb80b9f0 17998       1       org.apache.maven.execution.MavenSession::setAllProjects (6 bytes)
Event: 988.742 Thread 0x00000201cb80b9f0 nmethod 17998 0x00000201d730e210 code [0x00000201d730e3a0, 0x00000201d730e480]
Event: 988.770 Thread 0x00000201cb800780 18000   !   4       java.net.URI::create (23 bytes)
Event: 988.776 Thread 0x00000201cb800780 nmethod 18000 0x00000201d730e510 code [0x00000201d730e6c0, 0x00000201d730e8d8]
Event: 988.784 Thread 0x00000201cb800780 18001       4       org.eclipse.core.runtime.SubMonitor::setWorkRemaining (140 bytes)
Event: 988.788 Thread 0x00000201cb800780 nmethod 18001 0x00000201d730ea90 code [0x00000201d730ec40, 0x00000201d730ed98]
Event: 988.791 Thread 0x00000201cb800780 18002  s    4       com.sun.jna.internal.Cleaner::register (19 bytes)
Event: 988.801 Thread 0x00000201cb800780 nmethod 18002 0x00000201d730ee10 code [0x00000201d730efc0, 0x00000201d730f580]
Event: 988.801 Thread 0x00000201cb800780 18003  s!   4       com.sun.jna.internal.Cleaner::add (94 bytes)
Event: 988.804 Thread 0x00000201cb800780 nmethod 18003 0x00000201d730f790 code [0x00000201d730f940, 0x00000201d730fd98]
Event: 988.809 Thread 0x00000201cb800780 18004       4       org.eclipse.core.internal.resources.Filter::appliesTo (36 bytes)
Event: 988.813 Thread 0x00000201cb800780 nmethod 18004 0x00000201d730ff90 code [0x00000201d7310120, 0x00000201d7310258]
Event: 988.813 Thread 0x00000201cb800780 18005   !   4       org.eclipse.core.internal.resources.Filter::match (152 bytes)
Event: 988.964 Thread 0x00000201cb800780 nmethod 18005 0x00000201d7310410 code [0x00000201d73107e0, 0x00000201d73126e8]
Event: 988.965 Thread 0x00000201cb800780 18006       4       com.sun.jna.Pointer::getWideString (10 bytes)
Event: 988.967 Thread 0x00000201cb800780 nmethod 18006 0x00000201d7313a10 code [0x00000201d7313ba0, 0x00000201d7313c58]

GC Heap History (20 events):
Event: 879.389 GC heap before
{Heap before GC invocations=129 (full 4):
 PSYoungGen      total 8704K, used 8704K [0x00000000d5580000, 0x00000000d8600000, 0x0000000100000000)
  eden space 8192K, 100% used [0x00000000d5580000,0x00000000d5d80000,0x00000000d5d80000)
  from space 512K, 100% used [0x00000000d6e80000,0x00000000d6f00000,0x00000000d6f00000)
  to   space 17408K, 0% used [0x00000000d5d80000,0x00000000d5d80000,0x00000000d6e80000)
 ParOldGen       total 227840K, used 157113K [0x0000000080000000, 0x000000008de80000, 0x00000000d5580000)
  object space 227840K, 68% used [0x0000000080000000,0x000000008996e540,0x000000008de80000)
 Metaspace       used 78641K, committed 80448K, reserved 1179648K
  class space    used 8059K, committed 8832K, reserved 1048576K
}
Event: 879.400 GC heap after
{Heap after GC invocations=129 (full 4):
 PSYoungGen      total 16384K, used 7785K [0x00000000d5580000, 0x00000000d7280000, 0x0000000100000000)
  eden space 8192K, 0% used [0x00000000d5580000,0x00000000d5580000,0x00000000d5d80000)
  from space 8192K, 95% used [0x00000000d5d80000,0x00000000d651a5b8,0x00000000d6580000)
  to   space 10752K, 0% used [0x00000000d6800000,0x00000000d6800000,0x00000000d7280000)
 ParOldGen       total 227840K, used 157713K [0x0000000080000000, 0x000000008de80000, 0x00000000d5580000)
  object space 227840K, 69% used [0x0000000080000000,0x0000000089a04540,0x000000008de80000)
 Metaspace       used 78641K, committed 80448K, reserved 1179648K
  class space    used 8059K, committed 8832K, reserved 1048576K
}
Event: 879.466 GC heap before
{Heap before GC invocations=130 (full 4):
 PSYoungGen      total 16384K, used 15977K [0x00000000d5580000, 0x00000000d7280000, 0x0000000100000000)
  eden space 8192K, 99% used [0x00000000d5580000,0x00000000d5d7fff0,0x00000000d5d80000)
  from space 8192K, 95% used [0x00000000d5d80000,0x00000000d651a5b8,0x00000000d6580000)
  to   space 10752K, 0% used [0x00000000d6800000,0x00000000d6800000,0x00000000d7280000)
 ParOldGen       total 227840K, used 157713K [0x0000000080000000, 0x000000008de80000, 0x00000000d5580000)
  object space 227840K, 69% used [0x0000000080000000,0x0000000089a04540,0x000000008de80000)
 Metaspace       used 78641K, committed 80448K, reserved 1179648K
  class space    used 8059K, committed 8832K, reserved 1048576K
}
Event: 879.487 GC heap after
{Heap after GC invocations=130 (full 4):
 PSYoungGen      total 16384K, used 8072K [0x00000000d5580000, 0x00000000d7000000, 0x0000000100000000)
  eden space 8192K, 0% used [0x00000000d5580000,0x00000000d5580000,0x00000000d5d80000)
  from space 8192K, 98% used [0x00000000d6800000,0x00000000d6fe2000,0x00000000d7000000)
  to   space 8704K, 0% used [0x00000000d5f00000,0x00000000d5f00000,0x00000000d6780000)
 ParOldGen       total 227840K, used 165892K [0x0000000080000000, 0x000000008de80000, 0x00000000d5580000)
  object space 227840K, 72% used [0x0000000080000000,0x000000008a201390,0x000000008de80000)
 Metaspace       used 78641K, committed 80448K, reserved 1179648K
  class space    used 8059K, committed 8832K, reserved 1048576K
}
Event: 879.642 GC heap before
{Heap before GC invocations=131 (full 4):
 PSYoungGen      total 16384K, used 15702K [0x00000000d5580000, 0x00000000d7000000, 0x0000000100000000)
  eden space 8192K, 93% used [0x00000000d5580000,0x00000000d5cf39c8,0x00000000d5d80000)
  from space 8192K, 98% used [0x00000000d6800000,0x00000000d6fe2000,0x00000000d7000000)
  to   space 8704K, 0% used [0x00000000d5f00000,0x00000000d5f00000,0x00000000d6780000)
 ParOldGen       total 227840K, used 165892K [0x0000000080000000, 0x000000008de80000, 0x00000000d5580000)
  object space 227840K, 72% used [0x0000000080000000,0x000000008a201390,0x000000008de80000)
 Metaspace       used 78643K, committed 80448K, reserved 1179648K
  class space    used 8059K, committed 8832K, reserved 1048576K
}
Event: 879.650 GC heap after
{Heap after GC invocations=131 (full 4):
 PSYoungGen      total 11776K, used 3360K [0x00000000d5580000, 0x00000000d6880000, 0x0000000100000000)
  eden space 8192K, 0% used [0x00000000d5580000,0x00000000d5580000,0x00000000d5d80000)
  from space 3584K, 93% used [0x00000000d5f00000,0x00000000d6248000,0x00000000d6280000)
  to   space 5632K, 0% used [0x00000000d6300000,0x00000000d6300000,0x00000000d6880000)
 ParOldGen       total 227840K, used 173684K [0x0000000080000000, 0x000000008de80000, 0x00000000d5580000)
  object space 227840K, 76% used [0x0000000080000000,0x000000008a99d390,0x000000008de80000)
 Metaspace       used 78643K, committed 80448K, reserved 1179648K
  class space    used 8059K, committed 8832K, reserved 1048576K
}
Event: 879.809 GC heap before
{Heap before GC invocations=132 (full 4):
 PSYoungGen      total 11776K, used 11552K [0x00000000d5580000, 0x00000000d6880000, 0x0000000100000000)
  eden space 8192K, 100% used [0x00000000d5580000,0x00000000d5d80000,0x00000000d5d80000)
  from space 3584K, 93% used [0x00000000d5f00000,0x00000000d6248000,0x00000000d6280000)
  to   space 5632K, 0% used [0x00000000d6300000,0x00000000d6300000,0x00000000d6880000)
 ParOldGen       total 227840K, used 173684K [0x0000000080000000, 0x000000008de80000, 0x00000000d5580000)
  object space 227840K, 76% used [0x0000000080000000,0x000000008a99d390,0x000000008de80000)
 Metaspace       used 78659K, committed 80448K, reserved 1179648K
  class space    used 8059K, committed 8832K, reserved 1048576K
}
Event: 879.817 GC heap after
{Heap after GC invocations=132 (full 4):
 PSYoungGen      total 12288K, used 3798K [0x00000000d5580000, 0x00000000d6700000, 0x0000000100000000)
  eden space 8192K, 0% used [0x00000000d5580000,0x00000000d5580000,0x00000000d5d80000)
  from space 4096K, 92% used [0x00000000d6300000,0x00000000d66b5b88,0x00000000d6700000)
  to   space 4096K, 0% used [0x00000000d5f00000,0x00000000d5f00000,0x00000000d6300000)
 ParOldGen       total 227840K, used 176862K [0x0000000080000000, 0x000000008de80000, 0x00000000d5580000)
  object space 227840K, 77% used [0x0000000080000000,0x000000008acb7a28,0x000000008de80000)
 Metaspace       used 78659K, committed 80448K, reserved 1179648K
  class space    used 8059K, committed 8832K, reserved 1048576K
}
Event: 880.342 GC heap before
{Heap before GC invocations=133 (full 4):
 PSYoungGen      total 12288K, used 11990K [0x00000000d5580000, 0x00000000d6700000, 0x0000000100000000)
  eden space 8192K, 100% used [0x00000000d5580000,0x00000000d5d80000,0x00000000d5d80000)
  from space 4096K, 92% used [0x00000000d6300000,0x00000000d66b5b88,0x00000000d6700000)
  to   space 4096K, 0% used [0x00000000d5f00000,0x00000000d5f00000,0x00000000d6300000)
 ParOldGen       total 227840K, used 207582K [0x0000000080000000, 0x000000008de80000, 0x00000000d5580000)
  object space 227840K, 91% used [0x0000000080000000,0x000000008cab7a58,0x000000008de80000)
 Metaspace       used 78678K, committed 80448K, reserved 1179648K
  class space    used 8059K, committed 8832K, reserved 1048576K
}
Event: 880.352 GC heap after
{Heap after GC invocations=133 (full 4):
 PSYoungGen      total 9728K, used 1184K [0x00000000d5580000, 0x00000000d6380000, 0x0000000100000000)
  eden space 8192K, 0% used [0x00000000d5580000,0x00000000d5580000,0x00000000d5d80000)
  from space 1536K, 77% used [0x00000000d5f00000,0x00000000d6028020,0x00000000d6080000)
  to   space 2560K, 0% used [0x00000000d6100000,0x00000000d6100000,0x00000000d6380000)
 ParOldGen       total 227840K, used 209354K [0x0000000080000000, 0x000000008de80000, 0x00000000d5580000)
  object space 227840K, 91% used [0x0000000080000000,0x000000008cc72a98,0x000000008de80000)
 Metaspace       used 78678K, committed 80448K, reserved 1179648K
  class space    used 8059K, committed 8832K, reserved 1048576K
}
Event: 882.617 GC heap before
{Heap before GC invocations=134 (full 4):
 PSYoungGen      total 9728K, used 9376K [0x00000000d5580000, 0x00000000d6380000, 0x0000000100000000)
  eden space 8192K, 100% used [0x00000000d5580000,0x00000000d5d80000,0x00000000d5d80000)
  from space 1536K, 77% used [0x00000000d5f00000,0x00000000d6028020,0x00000000d6080000)
  to   space 2560K, 0% used [0x00000000d6100000,0x00000000d6100000,0x00000000d6380000)
 ParOldGen       total 227840K, used 209354K [0x0000000080000000, 0x000000008de80000, 0x00000000d5580000)
  object space 227840K, 91% used [0x0000000080000000,0x000000008cc72a98,0x000000008de80000)
 Metaspace       used 78693K, committed 80448K, reserved 1179648K
  class space    used 8059K, committed 8832K, reserved 1048576K
}
Event: 882.622 GC heap after
{Heap after GC invocations=134 (full 4):
 PSYoungGen      total 9216K, used 900K [0x00000000d5580000, 0x00000000d6200000, 0x0000000100000000)
  eden space 8192K, 0% used [0x00000000d5580000,0x00000000d5580000,0x00000000d5d80000)
  from space 1024K, 87% used [0x00000000d6100000,0x00000000d61e1210,0x00000000d6200000)
  to   space 1536K, 0% used [0x00000000d5f00000,0x00000000d5f00000,0x00000000d6080000)
 ParOldGen       total 227840K, used 210302K [0x0000000080000000, 0x000000008de80000, 0x00000000d5580000)
  object space 227840K, 92% used [0x0000000080000000,0x000000008cd5f8a8,0x000000008de80000)
 Metaspace       used 78693K, committed 80448K, reserved 1179648K
  class space    used 8059K, committed 8832K, reserved 1048576K
}
Event: 882.682 GC heap before
{Heap before GC invocations=135 (full 4):
 PSYoungGen      total 9216K, used 9092K [0x00000000d5580000, 0x00000000d6200000, 0x0000000100000000)
  eden space 8192K, 100% used [0x00000000d5580000,0x00000000d5d80000,0x00000000d5d80000)
  from space 1024K, 87% used [0x00000000d6100000,0x00000000d61e1210,0x00000000d6200000)
  to   space 1536K, 0% used [0x00000000d5f00000,0x00000000d5f00000,0x00000000d6080000)
 ParOldGen       total 227840K, used 210302K [0x0000000080000000, 0x000000008de80000, 0x00000000d5580000)
  object space 227840K, 92% used [0x0000000080000000,0x000000008cd5f8a8,0x000000008de80000)
 Metaspace       used 78726K, committed 80512K, reserved 1179648K
  class space    used 8059K, committed 8832K, reserved 1048576K
}
Event: 882.685 GC heap after
{Heap after GC invocations=135 (full 4):
 PSYoungGen      total 9728K, used 1140K [0x00000000d5580000, 0x00000000d6180000, 0x0000000100000000)
  eden space 8192K, 0% used [0x00000000d5580000,0x00000000d5580000,0x00000000d5d80000)
  from space 1536K, 74% used [0x00000000d5f00000,0x00000000d601d220,0x00000000d6080000)
  to   space 1024K, 0% used [0x00000000d6080000,0x00000000d6080000,0x00000000d6180000)
 ParOldGen       total 227840K, used 210986K [0x0000000080000000, 0x000000008de80000, 0x00000000d5580000)
  object space 227840K, 92% used [0x0000000080000000,0x000000008ce0aab8,0x000000008de80000)
 Metaspace       used 78726K, committed 80512K, reserved 1179648K
  class space    used 8059K, committed 8832K, reserved 1048576K
}
Event: 882.722 GC heap before
{Heap before GC invocations=136 (full 4):
 PSYoungGen      total 9728K, used 9332K [0x00000000d5580000, 0x00000000d6180000, 0x0000000100000000)
  eden space 8192K, 100% used [0x00000000d5580000,0x00000000d5d80000,0x00000000d5d80000)
  from space 1536K, 74% used [0x00000000d5f00000,0x00000000d601d220,0x00000000d6080000)
  to   space 1024K, 0% used [0x00000000d6080000,0x00000000d6080000,0x00000000d6180000)
 ParOldGen       total 227840K, used 210986K [0x0000000080000000, 0x000000008de80000, 0x00000000d5580000)
  object space 227840K, 92% used [0x0000000080000000,0x000000008ce0aab8,0x000000008de80000)
 Metaspace       used 78744K, committed 80512K, reserved 1179648K
  class space    used 8059K, committed 8832K, reserved 1048576K
}
Event: 882.727 GC heap after
{Heap after GC invocations=136 (full 4):
 PSYoungGen      total 9216K, used 912K [0x00000000d5580000, 0x00000000d6180000, 0x0000000100000000)
  eden space 8192K, 0% used [0x00000000d5580000,0x00000000d5580000,0x00000000d5d80000)
  from space 1024K, 89% used [0x00000000d6080000,0x00000000d6164010,0x00000000d6180000)
  to   space 1024K, 0% used [0x00000000d5f80000,0x00000000d5f80000,0x00000000d6080000)
 ParOldGen       total 227840K, used 211941K [0x0000000080000000, 0x000000008de80000, 0x00000000d5580000)
  object space 227840K, 93% used [0x0000000080000000,0x000000008cef9468,0x000000008de80000)
 Metaspace       used 78744K, committed 80512K, reserved 1179648K
  class space    used 8059K, committed 8832K, reserved 1048576K
}
Event: 950.264 GC heap before
{Heap before GC invocations=137 (full 4):
 PSYoungGen      total 9216K, used 9104K [0x00000000d5580000, 0x00000000d6180000, 0x0000000100000000)
  eden space 8192K, 100% used [0x00000000d5580000,0x00000000d5d80000,0x00000000d5d80000)
  from space 1024K, 89% used [0x00000000d6080000,0x00000000d6164010,0x00000000d6180000)
  to   space 1024K, 0% used [0x00000000d5f80000,0x00000000d5f80000,0x00000000d6080000)
 ParOldGen       total 227840K, used 211941K [0x0000000080000000, 0x000000008de80000, 0x00000000d5580000)
  object space 227840K, 93% used [0x0000000080000000,0x000000008cef9468,0x000000008de80000)
 Metaspace       used 78781K, committed 80512K, reserved 1179648K
  class space    used 8059K, committed 8832K, reserved 1048576K
}
Event: 950.296 GC heap after
{Heap after GC invocations=137 (full 4):
 PSYoungGen      total 9216K, used 576K [0x00000000d5580000, 0x00000000d6100000, 0x0000000100000000)
  eden space 8192K, 0% used [0x00000000d5580000,0x00000000d5580000,0x00000000d5d80000)
  from space 1024K, 56% used [0x00000000d5f80000,0x00000000d6010020,0x00000000d6080000)
  to   space 512K, 0% used [0x00000000d6080000,0x00000000d6080000,0x00000000d6100000)
 ParOldGen       total 227840K, used 212613K [0x0000000080000000, 0x000000008de80000, 0x00000000d5580000)
  object space 227840K, 93% used [0x0000000080000000,0x000000008cfa14a8,0x000000008de80000)
 Metaspace       used 78781K, committed 80512K, reserved 1179648K
  class space    used 8059K, committed 8832K, reserved 1048576K
}
Event: 982.176 GC heap before
{Heap before GC invocations=138 (full 4):
 PSYoungGen      total 9216K, used 8768K [0x00000000d5580000, 0x00000000d6100000, 0x0000000100000000)
  eden space 8192K, 100% used [0x00000000d5580000,0x00000000d5d80000,0x00000000d5d80000)
  from space 1024K, 56% used [0x00000000d5f80000,0x00000000d6010020,0x00000000d6080000)
  to   space 512K, 0% used [0x00000000d6080000,0x00000000d6080000,0x00000000d6100000)
 ParOldGen       total 227840K, used 212613K [0x0000000080000000, 0x000000008de80000, 0x00000000d5580000)
  object space 227840K, 93% used [0x0000000080000000,0x000000008cfa14a8,0x000000008de80000)
 Metaspace       used 78818K, committed 80640K, reserved 1179648K
  class space    used 8059K, committed 8832K, reserved 1048576K
}
Event: 982.183 GC heap after
{Heap after GC invocations=138 (full 4):
 PSYoungGen      total 8704K, used 416K [0x00000000d5580000, 0x00000000d6100000, 0x0000000100000000)
  eden space 8192K, 0% used [0x00000000d5580000,0x00000000d5580000,0x00000000d5d80000)
  from space 512K, 81% used [0x00000000d6080000,0x00000000d60e8000,0x00000000d6100000)
  to   space 512K, 0% used [0x00000000d6000000,0x00000000d6000000,0x00000000d6080000)
 ParOldGen       total 227840K, used 212963K [0x0000000080000000, 0x000000008de80000, 0x00000000d5580000)
  object space 227840K, 93% used [0x0000000080000000,0x000000008cff8c58,0x000000008de80000)
 Metaspace       used 78818K, committed 80640K, reserved 1179648K
  class space    used 8059K, committed 8832K, reserved 1048576K
}

Dll operation events (10 events):
Event: 0.026 Loaded shared library c:\Users\ASUS\.antigravity\extensions\redhat.java-1.53.0-win32-x64\jre\21.0.10-win32-x86_64\bin\java.dll
Event: 0.133 Loaded shared library c:\Users\ASUS\.antigravity\extensions\redhat.java-1.53.0-win32-x64\jre\21.0.10-win32-x86_64\bin\zip.dll
Event: 0.162 Loaded shared library C:\Users\ASUS\.antigravity\extensions\redhat.java-1.53.0-win32-x64\jre\21.0.10-win32-x86_64\bin\instrument.dll
Event: 0.170 Loaded shared library C:\Users\ASUS\.antigravity\extensions\redhat.java-1.53.0-win32-x64\jre\21.0.10-win32-x86_64\bin\net.dll
Event: 0.174 Loaded shared library C:\Users\ASUS\.antigravity\extensions\redhat.java-1.53.0-win32-x64\jre\21.0.10-win32-x86_64\bin\nio.dll
Event: 0.179 Loaded shared library C:\Users\ASUS\.antigravity\extensions\redhat.java-1.53.0-win32-x64\jre\21.0.10-win32-x86_64\bin\zip.dll
Event: 0.207 Loaded shared library C:\Users\ASUS\.antigravity\extensions\redhat.java-1.53.0-win32-x64\jre\21.0.10-win32-x86_64\bin\jimage.dll
Event: 0.333 Loaded shared library c:\Users\ASUS\.antigravity\extensions\redhat.java-1.53.0-win32-x64\jre\21.0.10-win32-x86_64\bin\verify.dll
Event: 12.684 Loaded shared library C:\Users\ASUS\AppData\Roaming\Antigravity\User\globalStorage\redhat.java\1.53.0\config_win\org.eclipse.equinox.launcher\org.eclipse.equinox.launcher.win32.win32.x86_64_1.3.0.v20260203-2149\eclipse_11919.dll
Event: 28.261 Loaded shared library C:\Users\ASUS\AppData\Local\Temp\jna-2018896\jna8836921342012266343.dll

Deoptimization events (20 events):
Event: 699.487 Thread 0x00000201ea775fc0 Uncommon trap: trap_request=0xffffffc6 fr.pc=0x00000201d6d9d39c relative=0x000000000000039c
Event: 699.487 Thread 0x00000201ea775fc0 Uncommon trap: reason=bimorphic_or_optimized_type_check action=maybe_recompile pc=0x00000201d6d9d39c method=lombok.eclipse.HandlerLibrary.handleAnnotation(Lorg/eclipse/jdt/internal/compiler/ast/CompilationUnitDeclaration;Llombok/eclipse/EclipseNode;Lorg/e
Event: 699.487 Thread 0x00000201ea775fc0 DEOPT PACKING pc=0x00000201d6d9d39c sp=0x000000a17d1fdcb0
Event: 699.487 Thread 0x00000201ea775fc0 DEOPT UNPACKING pc=0x00000201d5df3aa2 sp=0x000000a17d1fdc10 mode 2
Event: 699.487 Thread 0x00000201ea775fc0 Uncommon trap: trap_request=0xffffffc6 fr.pc=0x00000201d6d9d39c relative=0x000000000000039c
Event: 699.487 Thread 0x00000201ea775fc0 Uncommon trap: reason=bimorphic_or_optimized_type_check action=maybe_recompile pc=0x00000201d6d9d39c method=lombok.eclipse.HandlerLibrary.handleAnnotation(Lorg/eclipse/jdt/internal/compiler/ast/CompilationUnitDeclaration;Llombok/eclipse/EclipseNode;Lorg/e
Event: 699.488 Thread 0x00000201ea775fc0 DEOPT PACKING pc=0x00000201d6d9d39c sp=0x000000a17d1fdcb0
Event: 699.488 Thread 0x00000201ea775fc0 DEOPT UNPACKING pc=0x00000201d5df3aa2 sp=0x000000a17d1fdc10 mode 2
Event: 711.626 Thread 0x00000201ebc38870 Uncommon trap: trap_request=0xffffff45 fr.pc=0x00000201d6ed6cc8 relative=0x0000000000000188
Event: 711.626 Thread 0x00000201ebc38870 Uncommon trap: reason=unstable_if action=reinterpret pc=0x00000201d6ed6cc8 method=java.io.ObjectOutputStream$HandleTable.lookup(Ljava/lang/Object;)I @ 4 c2
Event: 711.626 Thread 0x00000201ebc38870 DEOPT PACKING pc=0x00000201d6ed6cc8 sp=0x000000a177dfebe0
Event: 711.627 Thread 0x00000201ebc38870 DEOPT UNPACKING pc=0x00000201d5df3aa2 sp=0x000000a177dfeb70 mode 2
Event: 879.146 Thread 0x00000201e95cd0c0 DEOPT PACKING pc=0x00000201d0ad2399 sp=0x000000a17a9fea40
Event: 879.147 Thread 0x00000201e95cd0c0 DEOPT UNPACKING pc=0x00000201d5df4242 sp=0x000000a17a9fdf18 mode 0
Event: 879.461 Thread 0x00000201e95cd0c0 DEOPT PACKING pc=0x00000201d0ad2399 sp=0x000000a17a9fea40
Event: 879.462 Thread 0x00000201e95cd0c0 DEOPT UNPACKING pc=0x00000201d5df4242 sp=0x000000a17a9fdf18 mode 0
Event: 879.989 Thread 0x00000201ebc38870 Uncommon trap: trap_request=0xffffff54 fr.pc=0x00000201d6717334 relative=0x00000000000012d4
Event: 879.989 Thread 0x00000201ebc38870 Uncommon trap: reason=speculate_null_assert action=make_not_entrant pc=0x00000201d6717334 method=com.google.common.cache.LocalCache$Segment.drainRecencyQueue()V @ 14 c2
Event: 879.989 Thread 0x00000201ebc38870 DEOPT PACKING pc=0x00000201d6717334 sp=0x000000a177dfdd90
Event: 879.991 Thread 0x00000201ebc38870 DEOPT UNPACKING pc=0x00000201d5df3aa2 sp=0x000000a177dfda78 mode 2

Classes loaded (20 events):
Event: 412.901 Loading class jdk/internal/module/IllegalAccessLogger
Event: 412.902 Loading class jdk/internal/module/IllegalAccessLogger done
Event: 413.330 Loading class java/util/ArrayDeque$DeqSpliterator
Event: 413.338 Loading class java/util/ArrayDeque$DeqSpliterator done
Event: 452.108 Loading class java/lang/UnsupportedClassVersionError
Event: 452.109 Loading class java/lang/UnsupportedClassVersionError done
Event: 452.669 Loading class jdk/internal/ref/CleanerImpl$InnocuousThreadFactory
Event: 452.670 Loading class jdk/internal/ref/CleanerImpl$InnocuousThreadFactory done
Event: 453.769 Loading class java/util/function/IntPredicate
Event: 453.769 Loading class java/util/function/IntPredicate done
Event: 453.793 Loading class java/util/regex/Pattern$Bound
Event: 453.794 Loading class java/util/regex/Pattern$Bound done
Event: 542.636 Loading class java/util/regex/Pattern$Behind
Event: 542.636 Loading class java/util/regex/Pattern$Behind done
Event: 542.637 Loading class java/util/regex/Pattern$Neg
Event: 542.637 Loading class java/util/regex/Pattern$Neg done
Event: 673.481 Loading class jdk/internal/module/IllegalAccessLogger
Event: 673.482 Loading class jdk/internal/module/IllegalAccessLogger done
Event: 879.655 Loading class jdk/internal/module/IllegalAccessLogger
Event: 879.657 Loading class jdk/internal/module/IllegalAccessLogger done

Classes unloaded (12 events):
Event: 28.923 Thread 0x00000201cb7f1b70 Unloading class 0x00000201811a4c00 'java/lang/invoke/LambdaForm$MH+0x00000201811a4c00'
Event: 28.923 Thread 0x00000201cb7f1b70 Unloading class 0x00000201811a4800 'java/lang/invoke/LambdaForm$MH+0x00000201811a4800'
Event: 28.923 Thread 0x00000201cb7f1b70 Unloading class 0x00000201811a4400 'java/lang/invoke/LambdaForm$MH+0x00000201811a4400'
Event: 28.923 Thread 0x00000201cb7f1b70 Unloading class 0x00000201811a4000 'java/lang/invoke/LambdaForm$MH+0x00000201811a4000'
Event: 28.923 Thread 0x00000201cb7f1b70 Unloading class 0x00000201811a3c00 'java/lang/invoke/LambdaForm$BMH+0x00000201811a3c00'
Event: 28.923 Thread 0x00000201cb7f1b70 Unloading class 0x00000201811a3800 'java/lang/invoke/LambdaForm$DMH+0x00000201811a3800'
Event: 28.923 Thread 0x00000201cb7f1b70 Unloading class 0x00000201811a2400 'java/lang/invoke/LambdaForm$DMH+0x00000201811a2400'
Event: 544.075 Thread 0x00000201cb7f1b70 Unloading class 0x00000201817c8000 'java/lang/invoke/LambdaForm$DMH+0x00000201817c8000'
Event: 544.075 Thread 0x00000201cb7f1b70 Unloading class 0x00000201816fd000 'java/lang/invoke/LambdaForm$DMH+0x00000201816fd000'
Event: 544.075 Thread 0x00000201cb7f1b70 Unloading class 0x00000201816fcc00 'java/lang/invoke/LambdaForm$DMH+0x00000201816fcc00'
Event: 544.075 Thread 0x00000201cb7f1b70 Unloading class 0x00000201816fc800 'java/lang/invoke/LambdaForm$DMH+0x00000201816fc800'
Event: 544.075 Thread 0x00000201cb7f1b70 Unloading class 0x00000201816fc400 'java/lang/invoke/LambdaForm$DMH+0x00000201816fc400'

Classes redefined (0 events):
No events

Internal exceptions (20 events):
Event: 452.246 Thread 0x00000201ea777a00 Exception <a 'java/lang/IncompatibleClassChangeError'{0x00000000d5b6a4d8}: Found class java.lang.Object, but interface was expected> (0x00000000d5b6a4d8) 
thrown [s\src\hotspot\share\interpreter\linkResolver.cpp, line 840]
Event: 452.347 Thread 0x00000201eabce0f0 Exception <a 'java/lang/IncompatibleClassChangeError'{0x00000000d62ca9c0}: Found class java.lang.Object, but interface was expected> (0x00000000d62ca9c0) 
thrown [s\src\hotspot\share\interpreter\linkResolver.cpp, line 840]
Event: 452.473 Thread 0x00000201ea777a00 Implicit null exception at 0x00000201d6f7881e to 0x00000201d6f78848
Event: 452.998 Thread 0x00000201eabce0f0 Exception <a 'java/lang/IncompatibleClassChangeError'{0x00000000d61767d8}: Found class java.lang.Object, but interface was expected> (0x00000000d61767d8) 
thrown [s\src\hotspot\share\interpreter\linkResolver.cpp, line 840]
Event: 453.323 Thread 0x00000201eabce0f0 Exception <a 'java/lang/IncompatibleClassChangeError'{0x00000000d61b6ab0}: Found class java.lang.Object, but interface was expected> (0x00000000d61b6ab0) 
thrown [s\src\hotspot\share\interpreter\linkResolver.cpp, line 840]
Event: 453.490 Thread 0x00000201ea776650 Implicit null exception at 0x00000201d6d28dfb to 0x00000201d6d2a9d4
Event: 453.771 Thread 0x00000201ea776650 Exception <a 'java/lang/NoSuchMethodError'{0x00000000d6264040}: 'int java.lang.invoke.DirectMethodHandle$Holder.invokeStaticInit(java.lang.Object, int)'> (0x00000000d6264040) 
thrown [s\src\hotspot\share\interpreter\linkResolver.cpp, line 773]
Event: 454.038 Thread 0x00000201ea776650 Exception <a 'java/lang/NoSuchMethodError'{0x00000000d5f3fb30}: 'int java.lang.invoke.DirectMethodHandle$Holder.invokeSpecialIFC(java.lang.Object, java.lang.Object, int)'> (0x00000000d5f3fb30) 
thrown [s\src\hotspot\share\interpreter\linkResolver.cpp, line 773]
Event: 472.618 Thread 0x00000201ea776650 Implicit null exception at 0x00000201d711d07e to 0x00000201d711e754
Event: 472.618 Thread 0x00000201ea776650 Implicit null exception at 0x00000201d711b484 to 0x00000201d711bc4c
Event: 472.741 Thread 0x00000201ea774c10 Implicit null exception at 0x00000201d6ee90ee to 0x00000201d6ee984c
Event: 485.481 Thread 0x00000201ea776650 Exception <a 'java/lang/NoSuchMethodError'{0x00000000d588b398}: 'java.lang.Object java.lang.invoke.DirectMethodHandle$Holder.newInvokeSpecial(java.lang.Object, java.lang.Object, int, java.lang.Object, java.lang.Object, java.lang.Object, java.lang.Object)'> (0x00000000d588b398) 
thrown [s\src\hotspot\share\interpreter\linkResolver.cpp, line 773]
Event: 542.513 Thread 0x00000201ea778720 Exception <a 'java/lang/NoSuchMethodError'{0x00000000d598ec48}: 'int java.lang.invoke.DirectMethodHandle$Holder.invokeVirtual(java.lang.Object, java.lang.Object, java.lang.Object, int)'> (0x00000000d598ec48) 
thrown [s\src\hotspot\share\interpreter\linkResolver.cpp, line 773]
Event: 542.531 Thread 0x00000201ea778720 Exception <a 'java/lang/NoSuchMethodError'{0x00000000d59c8fa0}: 'void java.lang.invoke.DirectMethodHandle$Holder.invokeSpecial(java.lang.Object, java.lang.Object, int)'> (0x00000000d59c8fa0) 
thrown [s\src\hotspot\share\interpreter\linkResolver.cpp, line 773]
Event: 666.217 Thread 0x00000201e95cd0c0 Exception <a 'sun/nio/fs/WindowsException'{0x00000000d5996f00}> (0x00000000d5996f00) 
thrown [s\src\hotspot\share\prims\jni.cpp, line 520]
Event: 666.817 Thread 0x00000201e95cd0c0 Exception <a 'sun/nio/fs/WindowsException'{0x00000000d5ae32d8}> (0x00000000d5ae32d8) 
thrown [s\src\hotspot\share\prims\jni.cpp, line 520]
Event: 711.620 Thread 0x00000201ebc38870 Exception <a 'sun/nio/fs/WindowsException'{0x00000000d5be9e48}> (0x00000000d5be9e48) 
thrown [s\src\hotspot\share\prims\jni.cpp, line 520]
Event: 711.620 Thread 0x00000201ebc38870 Exception <a 'sun/nio/fs/WindowsException'{0x00000000d5bea988}> (0x00000000d5bea988) 
thrown [s\src\hotspot\share\prims\jni.cpp, line 520]
Event: 878.548 Thread 0x00000201e95cd0c0 Exception <a 'sun/nio/fs/WindowsException'{0x00000000d61ba868}> (0x00000000d61ba868) 
thrown [s\src\hotspot\share\prims\jni.cpp, line 520]
Event: 879.550 Thread 0x00000201e95cd0c0 Exception <a 'sun/nio/fs/WindowsException'{0x00000000d5792270}> (0x00000000d5792270) 
thrown [s\src\hotspot\share\prims\jni.cpp, line 520]

ZGC Phase Switch (0 events):
No events

VM Operations (20 events):
Event: 883.734 Executing safepoint VM operation: Cleanup
Event: 883.734 Executing safepoint VM operation: Cleanup done
Event: 901.958 Executing non-safepoint VM operation: HandshakeAllThreads (HandshakeForDeflation)
Event: 901.958 Executing non-safepoint VM operation: HandshakeAllThreads (HandshakeForDeflation) done
Event: 901.958 Executing non-safepoint VM operation: RendezvousGCThreads
Event: 901.958 Executing non-safepoint VM operation: RendezvousGCThreads done
Event: 949.394 Executing safepoint VM operation: Cleanup
Event: 949.394 Executing safepoint VM operation: Cleanup done
Event: 950.264 Executing safepoint VM operation: ParallelGCFailedAllocation (Allocation Failure)
Event: 950.296 Executing safepoint VM operation: ParallelGCFailedAllocation (Allocation Failure) done
Event: 951.305 Executing safepoint VM operation: Cleanup
Event: 951.305 Executing safepoint VM operation: Cleanup done
Event: 962.223 Executing non-safepoint VM operation: HandshakeAllThreads (HandshakeForDeflation)
Event: 962.223 Executing non-safepoint VM operation: HandshakeAllThreads (HandshakeForDeflation) done
Event: 962.223 Executing non-safepoint VM operation: RendezvousGCThreads
Event: 962.223 Executing non-safepoint VM operation: RendezvousGCThreads done
Event: 982.176 Executing safepoint VM operation: ParallelGCFailedAllocation (Allocation Failure)
Event: 982.183 Executing safepoint VM operation: ParallelGCFailedAllocation (Allocation Failure) done
Event: 989.254 Executing safepoint VM operation: Cleanup
Event: 989.254 Executing safepoint VM operation: Cleanup done

Memory protections (0 events):
No events

Nmethod flushes (20 events):
Event: 544.277 Thread 0x00000201cb7f1b70 flushing  nmethod 0x00000201cfa77710
Event: 544.277 Thread 0x00000201cb7f1b70 flushing  nmethod 0x00000201cfa77e10
Event: 544.277 Thread 0x00000201cb7f1b70 flushing  nmethod 0x00000201cfa79290
Event: 544.277 Thread 0x00000201cb7f1b70 flushing  nmethod 0x00000201cfa84e90
Event: 544.277 Thread 0x00000201cb7f1b70 flushing  nmethod 0x00000201cfa85910
Event: 544.277 Thread 0x00000201cb7f1b70 flushing  nmethod 0x00000201cfa99d10
Event: 544.277 Thread 0x00000201cb7f1b70 flushing  nmethod 0x00000201cfabd390
Event: 544.277 Thread 0x00000201cb7f1b70 flushing  nmethod 0x00000201cfabe210
Event: 544.277 Thread 0x00000201cb7f1b70 flushing  nmethod 0x00000201cfac4990
Event: 544.277 Thread 0x00000201cb7f1b70 flushing  nmethod 0x00000201cfac6190
Event: 544.277 Thread 0x00000201cb7f1b70 flushing  nmethod 0x00000201cfac8090
Event: 544.277 Thread 0x00000201cb7f1b70 flushing  nmethod 0x00000201cfac9410
Event: 544.277 Thread 0x00000201cb7f1b70 flushing  nmethod 0x00000201cfad4090
Event: 544.277 Thread 0x00000201cb7f1b70 flushing  nmethod 0x00000201cfae2290
Event: 544.277 Thread 0x00000201cb7f1b70 flushing  nmethod 0x00000201cfae6610
Event: 544.277 Thread 0x00000201cb7f1b70 flushing  nmethod 0x00000201cfafd010
Event: 544.277 Thread 0x00000201cb7f1b70 flushing  nmethod 0x00000201cfafd310
Event: 544.277 Thread 0x00000201cb7f1b70 flushing  nmethod 0x00000201cfafd610
Event: 544.277 Thread 0x00000201cb7f1b70 flushing  nmethod 0x00000201cfafd910
Event: 544.277 Thread 0x00000201cb7f1b70 flushing  nmethod 0x00000201cfaff790

Events (20 events):
Event: 711.638 Thread 0x00000201cb80b9f0 Thread added: 0x00000201f30d2000
Event: 712.095 Thread 0x00000201ebc38f00 Thread exited: 0x00000201ebc38f00
Event: 716.665 Thread 0x00000201f30d2000 Thread exited: 0x00000201f30d2000
Event: 733.524 Thread 0x00000201eabcee10 Thread exited: 0x00000201eabcee10
Event: 759.498 Thread 0x00000201ea775fc0 Thread exited: 0x00000201ea775fc0
Event: 778.130 Thread 0x00000201e95cc3a0 Thread exited: 0x00000201e95cc3a0
Event: 778.219 Thread 0x00000201ebc37b50 Thread exited: 0x00000201ebc37b50
Event: 819.505 Thread 0x00000201ea775930 Thread exited: 0x00000201ea775930
Event: 878.329 Thread 0x00000201ebc38870 Thread added: 0x00000201eabcee10
Event: 879.114 Thread 0x00000201ebc38870 Thread added: 0x00000201ebc38f00
Event: 879.524 Thread 0x00000201ea776650 Thread exited: 0x00000201ea776650
Event: 879.670 Thread 0x00000201ebc38870 Thread added: 0x00000201ebc39590
Event: 882.663 Thread 0x00000201cb800780 Thread added: 0x00000201f30d26d0
Event: 887.755 Thread 0x00000201f30d26d0 Thread exited: 0x00000201f30d26d0
Event: 939.521 Thread 0x00000201ea774c10 Thread exited: 0x00000201ea774c10
Event: 939.873 Thread 0x00000201ebc39590 Thread exited: 0x00000201ebc39590
Event: 942.748 Thread 0x00000201ebc38870 Thread exited: 0x00000201ebc38870
Event: 950.383 Thread 0x00000201cb800780 Thread added: 0x00000201f30d2da0
Event: 956.209 Thread 0x00000201f30d2da0 Thread exited: 0x00000201f30d2da0
Event: 966.303 Thread 0x00000201e95cca30 Thread exited: 0x00000201e95cca30


Dynamic libraries:
0x00007ff68b550000 - 0x00007ff68b55e000 	c:\Users\ASUS\.antigravity\extensions\redhat.java-1.53.0-win32-x64\jre\21.0.10-win32-x86_64\bin\java.exe
0x00007ffd2df60000 - 0x00007ffd2e1c9000 	C:\WINDOWS\SYSTEM32\ntdll.dll
0x00007ffd2c8e0000 - 0x00007ffd2c9a9000 	C:\WINDOWS\System32\KERNEL32.DLL
0x00007ffd2b0c0000 - 0x00007ffd2b4b3000 	C:\WINDOWS\System32\KERNELBASE.dll
0x00007ffd2bae0000 - 0x00007ffd2bc2b000 	C:\WINDOWS\System32\ucrtbase.dll
0x00007ffd23c00000 - 0x00007ffd23c18000 	c:\Users\ASUS\.antigravity\extensions\redhat.java-1.53.0-win32-x64\jre\21.0.10-win32-x86_64\bin\jli.dll
0x00007ffd2bf70000 - 0x00007ffd2c134000 	C:\WINDOWS\System32\USER32.dll
0x00007ffcadcd0000 - 0x00007ffcadcee000 	c:\Users\ASUS\.antigravity\extensions\redhat.java-1.53.0-win32-x64\jre\21.0.10-win32-x86_64\bin\VCRUNTIME140.dll
0x00007ffd2bcd0000 - 0x00007ffd2bcf7000 	C:\WINDOWS\System32\win32u.dll
0x00007ffd2c140000 - 0x00007ffd2c16b000 	C:\WINDOWS\System32\GDI32.dll
0x00007ffd11300000 - 0x00007ffd11593000 	C:\WINDOWS\WinSxS\amd64_microsoft.windows.common-controls_6595b64144ccf1df_6.0.26100.5074_none_3e0d6f78e32fd63f\COMCTL32.dll
0x00007ffd2bec0000 - 0x00007ffd2bf69000 	C:\WINDOWS\System32\msvcrt.dll
0x00007ffd2b9b0000 - 0x00007ffd2badd000 	C:\WINDOWS\System32\gdi32full.dll
0x00007ffd2b4c0000 - 0x00007ffd2b563000 	C:\WINDOWS\System32\msvcp_win.dll
0x00007ffd2cce0000 - 0x00007ffd2cd0f000 	C:\WINDOWS\System32\IMM32.DLL
0x00007ffd00540000 - 0x00007ffd0054c000 	c:\Users\ASUS\.antigravity\extensions\redhat.java-1.53.0-win32-x64\jre\21.0.10-win32-x86_64\bin\vcruntime140_1.dll
0x00007ffcae350000 - 0x00007ffcae3dd000 	c:\Users\ASUS\.antigravity\extensions\redhat.java-1.53.0-win32-x64\jre\21.0.10-win32-x86_64\bin\msvcp140.dll
0x00007ffc82f50000 - 0x00007ffc83cf1000 	c:\Users\ASUS\.antigravity\extensions\redhat.java-1.53.0-win32-x64\jre\21.0.10-win32-x86_64\bin\server\jvm.dll
0x00007ffd2d340000 - 0x00007ffd2d3f4000 	C:\WINDOWS\System32\ADVAPI32.dll
0x00007ffd2be00000 - 0x00007ffd2bea6000 	C:\WINDOWS\System32\sechost.dll
0x00007ffd2cda0000 - 0x00007ffd2ceb8000 	C:\WINDOWS\System32\RPCRT4.dll
0x00007ffd2cd20000 - 0x00007ffd2cd94000 	C:\WINDOWS\System32\WS2_32.dll
0x00007ffd2af20000 - 0x00007ffd2af7e000 	C:\WINDOWS\SYSTEM32\POWRPROF.dll
0x00007ffd24280000 - 0x00007ffd2428b000 	C:\WINDOWS\SYSTEM32\VERSION.dll
0x00007ffd1e6b0000 - 0x00007ffd1e6e5000 	C:\WINDOWS\SYSTEM32\WINMM.dll
0x00007ffd2af00000 - 0x00007ffd2af14000 	C:\WINDOWS\SYSTEM32\UMPDC.dll
0x00007ffd29e60000 - 0x00007ffd29e7b000 	C:\WINDOWS\SYSTEM32\kernel.appcore.dll
0x00007ffcd8680000 - 0x00007ffcd868a000 	c:\Users\ASUS\.antigravity\extensions\redhat.java-1.53.0-win32-x64\jre\21.0.10-win32-x86_64\bin\jimage.dll
0x00007ffd1ccd0000 - 0x00007ffd1cf12000 	C:\WINDOWS\SYSTEM32\DBGHELP.DLL
0x00007ffd2d420000 - 0x00007ffd2d79b000 	C:\WINDOWS\System32\combase.dll
0x00007ffd2c7f0000 - 0x00007ffd2c8c7000 	C:\WINDOWS\System32\OLEAUT32.dll
0x00007ffd122e0000 - 0x00007ffd1231d000 	C:\WINDOWS\SYSTEM32\dbgcore.DLL
0x00007ffd2bc30000 - 0x00007ffd2bcc9000 	C:\WINDOWS\System32\bcryptPrimitives.dll
0x00007ffcae400000 - 0x00007ffcae40f000 	c:\Users\ASUS\.antigravity\extensions\redhat.java-1.53.0-win32-x64\jre\21.0.10-win32-x86_64\bin\instrument.dll
0x00007ffcae3e0000 - 0x00007ffcae400000 	c:\Users\ASUS\.antigravity\extensions\redhat.java-1.53.0-win32-x64\jre\21.0.10-win32-x86_64\bin\java.dll
0x00007ffd2d7a0000 - 0x00007ffd2deed000 	C:\WINDOWS\System32\SHELL32.dll
0x00007ffd2b840000 - 0x00007ffd2b9ac000 	C:\WINDOWS\System32\wintypes.dll
0x00007ffd28cd0000 - 0x00007ffd29529000 	C:\WINDOWS\SYSTEM32\windows.storage.dll
0x00007ffd2cf50000 - 0x00007ffd2d040000 	C:\WINDOWS\System32\SHCORE.dll
0x00007ffd2bd00000 - 0x00007ffd2bd62000 	C:\WINDOWS\System32\shlwapi.dll
0x00007ffd2afe0000 - 0x00007ffd2b009000 	C:\WINDOWS\SYSTEM32\profapi.dll
0x00007ffcade40000 - 0x00007ffcade58000 	c:\Users\ASUS\.antigravity\extensions\redhat.java-1.53.0-win32-x64\jre\21.0.10-win32-x86_64\bin\zip.dll
0x00007ffcae340000 - 0x00007ffcae350000 	C:\Users\ASUS\.antigravity\extensions\redhat.java-1.53.0-win32-x64\jre\21.0.10-win32-x86_64\bin\net.dll
0x00007ffd25580000 - 0x00007ffd2569f000 	C:\WINDOWS\SYSTEM32\WINHTTP.dll
0x00007ffd2a3c0000 - 0x00007ffd2a42b000 	C:\WINDOWS\system32\mswsock.dll
0x00007ffcae320000 - 0x00007ffcae336000 	C:\Users\ASUS\.antigravity\extensions\redhat.java-1.53.0-win32-x64\jre\21.0.10-win32-x86_64\bin\nio.dll
0x00007ffcae260000 - 0x00007ffcae270000 	c:\Users\ASUS\.antigravity\extensions\redhat.java-1.53.0-win32-x64\jre\21.0.10-win32-x86_64\bin\verify.dll
0x00007ffcadf20000 - 0x00007ffcadf65000 	C:\Users\ASUS\AppData\Roaming\Antigravity\User\globalStorage\redhat.java\1.53.0\config_win\org.eclipse.equinox.launcher\org.eclipse.equinox.launcher.win32.win32.x86_64_1.3.0.v20260203-2149\eclipse_11919.dll
0x00007ffd2cb40000 - 0x00007ffd2ccd8000 	C:\WINDOWS\System32\ole32.dll
0x00007ffd2a790000 - 0x00007ffd2a7ab000 	C:\WINDOWS\SYSTEM32\CRYPTSP.dll
0x00007ffd29dc0000 - 0x00007ffd29dfb000 	C:\WINDOWS\system32\rsaenh.dll
0x00007ffd2a460000 - 0x00007ffd2a48b000 	C:\WINDOWS\SYSTEM32\USERENV.dll
0x00007ffd2afb0000 - 0x00007ffd2afd6000 	C:\WINDOWS\SYSTEM32\bcrypt.dll
0x00007ffd2a5f0000 - 0x00007ffd2a5fc000 	C:\WINDOWS\SYSTEM32\CRYPTBASE.dll
0x00007ffd29840000 - 0x00007ffd29874000 	C:\WINDOWS\SYSTEM32\IPHLPAPI.DLL
0x00007ffd2c8d0000 - 0x00007ffd2c8da000 	C:\WINDOWS\System32\NSI.dll
0x00007ffcaeb70000 - 0x00007ffcaebb9000 	C:\Users\ASUS\AppData\Local\Temp\jna-2018896\jna8836921342012266343.dll
0x00007ffd2cab0000 - 0x00007ffd2cab8000 	C:\WINDOWS\System32\PSAPI.DLL
0x00007ffd259e0000 - 0x00007ffd259fe000 	C:\WINDOWS\SYSTEM32\dhcpcsvc6.DLL
0x00007ffd25930000 - 0x00007ffd25953000 	C:\WINDOWS\SYSTEM32\dhcpcsvc.DLL

JVMTI agents:
c:\Users\ASUS\.antigravity\extensions\redhat.java-1.53.0-win32-x64\lombok\lombok-1.18.39-4050.jar path:c:\Users\ASUS\.antigravity\extensions\redhat.java-1.53.0-win32-x64\jre\21.0.10-win32-x86_64\bin\instrument.dll, loaded, initialized, instrumentlib options:none

dbghelp: loaded successfully - version: 4.0.5 - missing functions: none
symbol engine: initialized successfully - sym options: 0x614 - pdb path: .;c:\Users\ASUS\.antigravity\extensions\redhat.java-1.53.0-win32-x64\jre\21.0.10-win32-x86_64\bin;C:\WINDOWS\SYSTEM32;C:\WINDOWS\WinSxS\amd64_microsoft.windows.common-controls_6595b64144ccf1df_6.0.26100.5074_none_3e0d6f78e32fd63f;c:\Users\ASUS\.antigravity\extensions\redhat.java-1.53.0-win32-x64\jre\21.0.10-win32-x86_64\bin\server;C:\Users\ASUS\AppData\Roaming\Antigravity\User\globalStorage\redhat.java\1.53.0\config_win\org.eclipse.equinox.launcher\org.eclipse.equinox.launcher.win32.win32.x86_64_1.3.0.v20260203-2149;C:\Users\ASUS\AppData\Local\Temp\jna-2018896

VM Arguments:
jvm_args: --add-modules=ALL-SYSTEM --add-opens=java.base/java.util=ALL-UNNAMED --add-opens=java.base/java.lang=ALL-UNNAMED --add-opens=java.base/sun.nio.fs=ALL-UNNAMED -Declipse.application=org.eclipse.jdt.ls.core.id1 -Dosgi.bundles.defaultStartLevel=4 -Declipse.product=org.eclipse.jdt.ls.core.product -Djava.import.generatesMetadataFilesAtProjectRoot=false -DDetectVMInstallationsJob.disabled=true -Dfile.encoding=utf8 -XX:+UseParallelGC -XX:GCTimeRatio=4 -XX:AdaptiveSizePolicyWeight=90 -Dsun.zip.disableMemoryMapping=true -Xmx2G -Xms100m -Xlog:disable -javaagent:c:\Users\ASUS\.antigravity\extensions\redhat.java-1.53.0-win32-x64\lombok\lombok-1.18.39-4050.jar -XX:+HeapDumpOnOutOfMemoryError -XX:HeapDumpPath=c:\Users\ASUS\AppData\Roaming\Antigravity\User\workspaceStorage\072664e477a3092332c4219defd89c4c\redhat.java -Daether.dependencyCollector.impl=bf 
java_command: c:\Users\ASUS\.antigravity\extensions\redhat.java-1.53.0-win32-x64\server\plugins\org.eclipse.equinox.launcher_1.7.100.v20251111-0406.jar -configuration c:\Users\ASUS\AppData\Roaming\Antigravity\User\globalStorage\redhat.java\1.53.0\config_win -data c:\Users\ASUS\AppData\Roaming\Antigravity\User\workspaceStorage\072664e477a3092332c4219defd89c4c\redhat.java\jdt_ws --pipe=\\.\pipe\lsp-670a510dfcd8c6f4e275b8b409300a36-sock
java_class_path (initial): c:\Users\ASUS\.antigravity\extensions\redhat.java-1.53.0-win32-x64\server\plugins\org.eclipse.equinox.launcher_1.7.100.v20251111-0406.jar
Launcher Type: SUN_STANDARD

[Global flags]
    uintx AdaptiveSizePolicyWeight                 = 90                                        {product} {command line}
     intx CICompilerCount                          = 12                                        {product} {ergonomic}
    uintx GCTimeRatio                              = 4                                         {product} {command line}
     bool HeapDumpOnOutOfMemoryError               = true                                   {manageable} {command line}
    ccstr HeapDumpPath                             = c:\Users\ASUS\AppData\Roaming\Antigravity\User\workspaceStorage\072664e477a3092332c4219defd89c4c\redhat.java         {manageable} {command line}
   size_t InitialHeapSize                          = 104857600                                 {product} {command line}
   size_t MaxHeapSize                              = 2147483648                                {product} {command line}
   size_t MaxNewSize                               = 715653120                                 {product} {ergonomic}
   size_t MinHeapDeltaBytes                        = 524288                                    {product} {ergonomic}
   size_t MinHeapSize                              = 104857600                                 {product} {command line}
   size_t NewSize                                  = 34603008                                  {product} {ergonomic}
    uintx NonNMethodCodeHeapSize                   = 7602480                                {pd product} {ergonomic}
    uintx NonProfiledCodeHeapSize                  = 122027880                              {pd product} {ergonomic}
   size_t OldSize                                  = 70254592                                  {product} {ergonomic}
    uintx ProfiledCodeHeapSize                     = 122027880                              {pd product} {ergonomic}
    uintx ReservedCodeCacheSize                    = 251658240                              {pd product} {ergonomic}
     bool SegmentedCodeCache                       = true                                      {product} {ergonomic}
   size_t SoftMaxHeapSize                          = 2147483648                             {manageable} {ergonomic}
     bool UseCompressedOops                        = true                           {product lp64_product} {ergonomic}
     bool UseLargePagesIndividualAllocation        = false                                  {pd product} {ergonomic}
     bool UseParallelGC                            = true                                      {product} {command line}

Logging:
Log output configuration:
 #0: stdout all=off uptime,level,tags foldmultilines=false
 #1: stderr all=off uptime,level,tags foldmultilines=false

Release file:
JAVA_VERSION="21.0.10" 
MODULES="java.base java.compiler java.datatransfer java.xml java.prefs java.desktop java.instrument java.logging java.management java.security.sasl java.naming java.rmi java.management.rmi java.net.http java.scripting java.security.jgss java.transaction.xa java.sql java.sql.rowset java.xml.crypto java.se java.smartcardio jdk.accessibility jdk.internal.jvmstat jdk.attach jdk.charsets jdk.internal.opt jdk.zipfs jdk.compiler jdk.crypto.ec jdk.crypto.cryptoki jdk.crypto.mscapi jdk.dynalink jdk.internal.ed jdk.editpad jdk.hotspot.agent jdk.httpserver jdk.internal.le jdk.internal.vm.ci jdk.internal.vm.compiler jdk.internal.vm.compiler.management jdk.jartool jdk.javadoc jdk.jcmd jdk.management jdk.management.agent jdk.jconsole jdk.jdeps jdk.jdwp.agent jdk.jdi jdk.jfr jdk.jshell jdk.jsobject jdk.jstatd jdk.localedata jdk.management.jfr jdk.naming.dns jdk.naming.rmi jdk.net jdk.nio.mapmode jdk.random jdk.sctp jdk.security.auth jdk.security.jgss jdk.unsupported jdk.unsupported.desktop jdk.xml.dom" 

Environment Variables:
PATH=C:\Program Files\Java\jdk-25\bin;C:\Program Files\Python313\Scripts\;C:\Program Files\Python313\;C:\Program Files (x86)\VMware\VMware Workstation\bin\;C:\WINDOWS\system32;C:\WINDOWS;C:\WINDOWS\System32\Wbem;C:\WINDOWS\System32\WindowsPowerShell\v1.0\;C:\WINDOWS\System32\OpenSSH\;C:\Program Files\NVIDIA Corporation\NVIDIA App\NvDLISR;C:\Program Files (x86)\NVIDIA Corporation\PhysX\Common;C:\Program Files\dotnet\;C:\php-8.4.7;C:\ProgramData\ComposerSetup\bin;C:\Program Files\nodejs\;C:\Program Files\Git\cmd;C:\Program Files\MongoDB\Server\8.2\bin;C:\Program Files\Java\jdk-25\;;C:\ProgramData\chocolatey\bin;C:\Program Files\Microsoft SQL Server\150\Tools\Binn\;C:\Program Files\Microsoft SQL Server\Client SDK\ODBC\170\Tools\Binn\;C:\Program Files\Microsoft SQL Server\170\DTS\Binn\;C:\Program Files\Docker\Docker\resources\bin;c:\Users\ASUS\AppData\Local\Programs\cursor\resources\app\codeBin;C:\Program Files\Java\jdk-25\bin;C:\Users\ASUS\AppData\Local\Microsoft\WindowsApps;C:\Visaul Studio\Microsoft VS Code\bin;C:\Users\ASUS\AppData\Local\Programs\Azure Data Studio\bin;C:\Program Files\Azure Data Studio\bin;C:\Users\ASUS\AppData\Local\GitHubDesktop\bin;C:\Users\ASUS\AppData\Roaming\Composer\vendor\bin;C:\Users\ASUS\AppData\Roaming\npm;C:\Program Files\mongosh\;C:\Program Files\IntelliJ IDEA 2025.2.3\bin;C:\Program Files\JetBrains\WebStorm 2025.2.3\bin;C:\Program Files (x86)\Microsoft Visual Studio\Shared\NuGetPackages\microsoft.visualstudio.javascript.sdk;C:\Program Files\Java\jdk-25\;C:\Users\ASUS\.dotnet\tools;C:\Users\ASUS\AppData\Local\Microsoft\WinGet\Links;C:\Users\ASUS\AppData\Local\Programs\Antigravity\bin;C:\Users\ASUS\AppData\Local\Programs\cursor\resources\app\bin
USERNAME=ASUS
OS=Windows_NT
PROCESSOR_IDENTIFIER=AMD64 Family 25 Model 68 Stepping 1, AuthenticAMD
TMP=C:\Users\ASUS\AppData\Local\Temp
TEMP=C:\Users\ASUS\AppData\Local\Temp




Periodic native trim disabled

---------------  S Y S T E M  ---------------

OS:
 Windows 11 , 64 bit Build 26100 (10.0.26100.5074)
OS uptime: 0 days 0:20 hours
Hyper-V role detected

CPU: total 16 (initial active 16) (16 cores per cpu, 2 threads per core) family 25 model 68 stepping 1 microcode 0xa404107, cx8, cmov, fxsr, ht, mmx, 3dnowpref, sse, sse2, sse3, ssse3, sse4a, sse4.1, sse4.2, popcnt, lzcnt, tsc, tscinvbit, avx, avx2, aes, erms, clmul, bmi1, bmi2, adx, sha, fma, vzeroupper, clflush, clflushopt, hv, rdtscp, rdpid, fsrm, f16c, cet_ss
Processor Information for the first 16 processors :
  Max Mhz: 3100, Current Mhz: 3100, Mhz Limit: 3100

Memory: 4k page, system-wide physical 8010M (792M free)
TotalPageFile size 24394M (AvailPageFile size 338M)
current process WorkingSet (physical memory assigned to process): 84M, peak: 452M
current process commit charge ("private bytes"): 617M, peak: 655M

vm_info: OpenJDK 64-Bit Server VM (21.0.10+7-LTS) for windows-amd64 JRE (21.0.10+7-LTS), built on 2026-01-20T00:00:00Z by "admin" with MS VC++ 17.12 (VS2022)

END.
