#
# There is insufficient memory for the Java Runtime Environment to continue.
# Native memory allocation (malloc) failed to allocate 2011800 bytes. Error detail: Chunk::new
# Possible reasons:
#   The system is out of physical RAM or swap space
#   This process is running with CompressedOops enabled, and the Java Heap may be blocking the growth of the native heap
# Possible solutions:
#   Reduce memory load on the system
#   Increase physical memory or swap space
#   Check if swap backing store is full
#   Decrease Java heap size (-Xmx/-Xms)
#   Decrease number of Java threads
#   Decrease Java thread stack sizes (-Xss)
#   Set larger code cache with -XX:ReservedCodeCacheSize=
#   JVM is running with Unscaled Compressed Oops mode in which the Java heap is
#     placed in the first 4GB address space. The Java Heap base address is the
#     maximum limit for the native heap growth. Please use -XX:HeapBaseMinAddress
#     to set the Java Heap base and to place the Java Heap above 4GB virtual address.
# This output file may be truncated or incomplete.
#
#  Out of Memory Error (arena.cpp:186), pid=36944, tid=3752
#
# JRE version: Java(TM) SE Runtime Environment (25.0.1+8) (build 25.0.1+8-LTS-27)
# Java VM: Java HotSpot(TM) 64-Bit Server VM (25.0.1+8-LTS-27, mixed mode, sharing, tiered, compressed oops, compressed class ptrs, g1 gc, windows-amd64)
# No core dump will be written. Minidumps are not enabled by default on client versions of Windows
#

---------------  S U M M A R Y ------------

Command Line: --add-opens=jdk.compiler/com.sun.tools.javac.code=ALL-UNNAMED --add-opens=jdk.compiler/com.sun.tools.javac.comp=ALL-UNNAMED --add-opens=jdk.compiler/com.sun.tools.javac.file=ALL-UNNAMED --add-opens=jdk.compiler/com.sun.tools.javac.main=ALL-UNNAMED --add-opens=jdk.compiler/com.sun.tools.javac.model=ALL-UNNAMED --add-opens=jdk.compiler/com.sun.tools.javac.parser=ALL-UNNAMED --add-opens=jdk.compiler/com.sun.tools.javac.processing=ALL-UNNAMED --add-opens=jdk.compiler/com.sun.tools.javac.tree=ALL-UNNAMED --add-opens=jdk.compiler/com.sun.tools.javac.util=ALL-UNNAMED --enable-native-access=ALL-UNNAMED -Dclassworlds.conf=C:\Users\ASUS\.m2\wrapper\dists\apache-maven-3.9.14\ed7edd442f634ac1c1ef5ba2b61b6d690b5221091f1a8e1123f5fadcc967520d\bin\m2.conf -Dmaven.home=C:\Users\ASUS\.m2\wrapper\dists\apache-maven-3.9.14\ed7edd442f634ac1c1ef5ba2b61b6d690b5221091f1a8e1123f5fadcc967520d -Dlibrary.jansi.path=C:\Users\ASUS\.m2\wrapper\dists\apache-maven-3.9.14\ed7edd442f634ac1c1ef5ba2b61b6d690b5221091f1a8e1123f5fadcc967520d\lib\jansi-native -Dmaven.multiModuleProjectDirectory=D:\SPRINGBOOT\Spring_ecomerc\Spring_ecomerc org.codehaus.plexus.classworlds.launcher.Launcher clean compile

Host: AMD Ryzen 7 7435HS                             , 16 cores, 7G,  Windows 11 , 64 bit Build 26100 (10.0.26100.5074)
Time: Mon Mar 30 18:47:45 2026 SE Asia Standard Time elapsed time: 6.008827 seconds (0d 0h 0m 6s)

---------------  T H R E A D  ---------------

Current thread (0x000002a10f1a7030):  JavaThread "C2 CompilerThread0" daemon [_thread_in_native, id=3752, stack(0x000000d755c00000,0x000000d755d00000) (1024K)]


Current CompileTask:
C2:6008 6988   !   4       java.lang.String::replace (258 bytes)

Stack: [0x000000d755c00000,0x000000d755d00000]
Native frames: (J=compiled Java code, j=interpreted, Vv=VM code, C=native code)
V  [jvm.dll+0x7a6b59]  (no source info available)
V  [jvm.dll+0x77290d]  (no source info available)
V  [jvm.dll+0x966153]  (no source info available)
V  [jvm.dll+0x968751]  (no source info available)
V  [jvm.dll+0x968e53]  (no source info available)
V  [jvm.dll+0x2fc756]  (no source info available)
V  [jvm.dll+0x111b26]  (no source info available)
V  [jvm.dll+0x111e4e]  (no source info available)
V  [jvm.dll+0x1a0a22]  (no source info available)
V  [jvm.dll+0x3b53c2]  (no source info available)
V  [jvm.dll+0x7ac4ef]  (no source info available)
V  [jvm.dll+0x2c0ac7]  (no source info available)
V  [jvm.dll+0x2bfa8f]  (no source info available)
V  [jvm.dll+0x237b60]  (no source info available)
V  [jvm.dll+0x2cfb56]  (no source info available)
V  [jvm.dll+0x2cddd5]  (no source info available)
V  [jvm.dll+0x48e6d1]  (no source info available)
V  [jvm.dll+0x906a0d]  (no source info available)
V  [jvm.dll+0x7a5135]  (no source info available)
C  [ucrtbase.dll+0x37b0]  (no source info available)
C  [KERNEL32.DLL+0x2e8d7]  (no source info available)
C  [ntdll.dll+0x8d9c]  (no source info available)

Lock stack of current Java thread (top to bottom):


---------------  P R O C E S S  ---------------

Threads class SMR info:
_java_thread_list=0x000002a11553d040, length=17, elements={
0x000002a16f9e6590, 0x000002a10f182f30, 0x000002a10f184700, 0x000002a10f1857a0,
0x000002a10f186710, 0x000002a10f18b420, 0x000002a10f193ff0, 0x000002a10f1a7030,
0x000002a10f1b1300, 0x000002a10f1af2c0, 0x000002a10f778780, 0x000002a10f779550,
0x000002a10f1b3340, 0x000002a114e4c000, 0x000002a114b6ffd0, 0x000002a114b79900,
0x000002a114b778c0
}

Java Threads: ( => current thread )
  0x000002a16f9e6590 JavaThread "main"                              [_thread_in_Java, id=37432, stack(0x000000d754e00000,0x000000d754f00000) (1024K)]
  0x000002a10f182f30 JavaThread "Reference Handler"          daemon [_thread_blocked, id=32308, stack(0x000000d755600000,0x000000d755700000) (1024K)]
  0x000002a10f184700 JavaThread "Finalizer"                  daemon [_thread_blocked, id=31576, stack(0x000000d755700000,0x000000d755800000) (1024K)]
  0x000002a10f1857a0 JavaThread "Signal Dispatcher"          daemon [_thread_blocked, id=9668, stack(0x000000d755800000,0x000000d755900000) (1024K)]
  0x000002a10f186710 JavaThread "Attach Listener"            daemon [_thread_blocked, id=20948, stack(0x000000d755900000,0x000000d755a00000) (1024K)]
  0x000002a10f18b420 JavaThread "Service Thread"             daemon [_thread_blocked, id=24296, stack(0x000000d755a00000,0x000000d755b00000) (1024K)]
  0x000002a10f193ff0 JavaThread "Monitor Deflation Thread"   daemon [_thread_blocked, id=34732, stack(0x000000d755b00000,0x000000d755c00000) (1024K)]
=>0x000002a10f1a7030 JavaThread "C2 CompilerThread0"         daemon [_thread_in_native, id=3752, stack(0x000000d755c00000,0x000000d755d00000) (1024K)]
  0x000002a10f1b1300 JavaThread "C1 CompilerThread0"         daemon [_thread_blocked, id=37696, stack(0x000000d755d00000,0x000000d755e00000) (1024K)]
  0x000002a10f1af2c0 JavaThread "C1 CompilerThread1"         daemon [_thread_blocked, id=32696, stack(0x000000d755e00000,0x000000d755f00000) (1024K)]
  0x000002a10f778780 JavaThread "Notification Thread"        daemon [_thread_blocked, id=14136, stack(0x000000d755f00000,0x000000d756000000) (1024K)]
  0x000002a10f779550 JavaThread "Common-Cleaner"             daemon [_thread_blocked, id=37732, stack(0x000000d756000000,0x000000d756100000) (1024K)]
  0x000002a10f1b3340 JavaThread "C2 CompilerThread1"         daemon [_thread_in_native, id=3612, stack(0x000000d756300000,0x000000d756400000) (1024K)]
  0x000002a114e4c000 JavaThread "Thread-1"                   daemon [_thread_blocked, id=36932, stack(0x000000d756800000,0x000000d756900000) (1024K)]
  0x000002a114b6ffd0 JavaThread "C2 CompilerThread2"         daemon [_thread_in_native, id=37596, stack(0x000000d756900000,0x000000d756a00000) (1024K)]
  0x000002a114b79900 JavaThread "C1 CompilerThread2"         daemon [_thread_blocked, id=32452, stack(0x000000d756100000,0x000000d756200000) (1024K)]
  0x000002a114b778c0 JavaThread "C2 CompilerThread3"         daemon [_thread_in_native, id=35016, stack(0x000000d756200000,0x000000d756300000) (1024K)]
Total: 17

Other Threads:
  0x000002a10f16ee50 VMThread "VM Thread"                           [id=26792, stack(0x000000d755500000,0x000000d755600000) (1024K)]
  0x000002a10f164200 WatcherThread "VM Periodic Task Thread"        [id=21788, stack(0x000000d755400000,0x000000d755500000) (1024K)]
  0x000002a171e3f610 WorkerThread "GC Thread#0"                     [id=29324, stack(0x000000d754f00000,0x000000d755000000) (1024K)]
  0x000002a114b86b40 WorkerThread "GC Thread#1"                     [id=4064, stack(0x000000d756400000,0x000000d756500000) (1024K)]
  0x000002a114b87790 WorkerThread "GC Thread#2"                     [id=33776, stack(0x000000d756500000,0x000000d756600000) (1024K)]
  0x000002a114bd87e0 WorkerThread "GC Thread#3"                     [id=7956, stack(0x000000d756600000,0x000000d756700000) (1024K)]
  0x000002a114bd9020 WorkerThread "GC Thread#4"                     [id=16780, stack(0x000000d756700000,0x000000d756800000) (1024K)]
  0x000002a114ff87f0 WorkerThread "GC Thread#5"                     [id=36432, stack(0x000000d756a00000,0x000000d756b00000) (1024K)]
  0x000002a114ff5430 WorkerThread "GC Thread#6"                     [id=33164, stack(0x000000d756b00000,0x000000d756c00000) (1024K)]
  0x000002a114ff69c0 WorkerThread "GC Thread#7"                     [id=36752, stack(0x000000d756c00000,0x000000d756d00000) (1024K)]
  0x000002a114ff4b90 WorkerThread "GC Thread#8"                     [id=30808, stack(0x000000d756d00000,0x000000d756e00000) (1024K)]
  0x000002a114ff7f50 WorkerThread "GC Thread#9"                     [id=28008, stack(0x000000d756e00000,0x000000d756f00000) (1024K)]
  0x000002a116197420 WorkerThread "GC Thread#10"                    [id=26760, stack(0x000000d756f00000,0x000000d757000000) (1024K)]
  0x000002a11619b920 WorkerThread "GC Thread#11"                    [id=29880, stack(0x000000d757000000,0x000000d757100000) (1024K)]
  0x000002a11619b4d0 WorkerThread "GC Thread#12"                    [id=28892, stack(0x000000d757100000,0x000000d757200000) (1024K)]
  0x000002a171e59da0 ConcurrentGCThread "G1 Main Marker"            [id=31944, stack(0x000000d755000000,0x000000d755100000) (1024K)]
  0x000002a171e5b0e0 WorkerThread "G1 Conc#0"                       [id=27188, stack(0x000000d755100000,0x000000d755200000) (1024K)]
  0x000002a116197cc0 WorkerThread "G1 Conc#1"                       [id=35380, stack(0x000000d757200000,0x000000d757300000) (1024K)]
  0x000002a116199f40 WorkerThread "G1 Conc#2"                       [id=30708, stack(0x000000d757300000,0x000000d757400000) (1024K)]
  0x000002a10f0326c0 ConcurrentGCThread "G1 Refine#0"               [id=2652, stack(0x000000d755200000,0x000000d755300000) (1024K)]
  0x000002a10f0331d0 ConcurrentGCThread "G1 Service"                [id=3872, stack(0x000000d755300000,0x000000d755400000) (1024K)]
Total: 21

Threads with active compile tasks:
C2 CompilerThread0  6130 6988   !   4       java.lang.String::replace (258 bytes)
C2 CompilerThread1  6130 7196       4       com.sun.tools.javac.jvm.ClassReader::sigToType (881 bytes)
C2 CompilerThread2  6130 7065   !   4       com.sun.tools.javac.jvm.ClassReader::classSigToType (530 bytes)
C2 CompilerThread3  6130 7244       4       com.sun.tools.javac.code.Symbol$PackageSymbol::exists (19 bytes)
Total: 4

VM state: not at safepoint (normal execution)

VM Mutex/Monitor currently owned by a thread: None

Heap address: 0x0000000082c00000, size: 2004 MB, Compressed Oops mode: 32-bit

CDS archive(s) mapped at: [0x0000000034000000-0x0000000034dd0000-0x0000000034dd0000), size 14483456, SharedBaseAddress: 0x0000000034000000, ArchiveRelocationMode: 1.
Compressed class space mapped at: 0x0000000035000000-0x0000000075000000, reserved size: 1073741824
UseCompressedClassPointers 1, UseCompactObjectHeaders 0
Narrow klass pointer bits 32, Max shift 3
Narrow klass base: 0x0000000034000000, Narrow klass shift: 0
Encoding Range: [0x0000000034000000 - 0x0000000134000000), (4294967296 bytes)
Klass Range:    [0x0000000034010000 - 0x0000000075000000), (1090453504 bytes)
Klass ID Range:  [65536 - 1090519033) (1090453497)
Protection zone: [0x0000000034000000 - 0x0000000034010000), (65536 bytes)

GC Precious Log:
 CardTable entry size: 512
 Card Set container configuration: InlinePtr #cards 5 size 8 Array Of Cards #cards 10 size 36 Howl #buckets 4 coarsen threshold 1843 Howl Bitmap #cards 512 size 80 coarsen threshold 460 Card regions per heap region 1 cards per card region 2048
 CPUs: 16 total, 16 available
 Memory: 8010M
 Large Page Support: Disabled
 NUMA Support: Disabled
 Compressed Oops: Enabled (32-bit)
 Heap Region Size: 1M
 Heap Min Capacity: 8M
 Heap Initial Capacity: 126M
 Heap Max Capacity: 2004M
 Pre-touch: Disabled
 Parallel Workers: 13
 Concurrent Workers: 3
 Concurrent Refinement Workers: 13
 Periodic GC: Disabled

Heap:
 garbage-first heap   total reserved 2052096K, committed 106496K, used 51215K [0x0000000082c00000, 0x0000000100000000)
  region size 1024K, 19 young (19456K), 8 survivors (8192K)

Heap Regions: E=young(eden), S=young(survivor), O=old, HS=humongous(starts), HC=humongous(continues), CS=collection set, F=free, TAMS=top-at-mark-start, PB=parsable bottom
|   0|0x0000000082c00000, 0x0000000082d00000, 0x0000000082d00000|100%| O|  |TAMS 0x0000000082c00000| PB 0x0000000082c00000| Untracked |  0
|   1|0x0000000082d00000, 0x0000000082e00000, 0x0000000082e00000|100%| O|  |TAMS 0x0000000082d00000| PB 0x0000000082d00000| Untracked |  0
|   2|0x0000000082e00000, 0x0000000082f00000, 0x0000000082f00000|100%| O|  |TAMS 0x0000000082e00000| PB 0x0000000082e00000| Untracked |  0
|   3|0x0000000082f00000, 0x0000000083000000, 0x0000000083000000|100%| O|  |TAMS 0x0000000082f00000| PB 0x0000000082f00000| Untracked |  0
|   4|0x0000000083000000, 0x0000000083100000, 0x0000000083100000|100%| O|  |TAMS 0x0000000083000000| PB 0x0000000083000000| Untracked |  0
|   5|0x0000000083100000, 0x0000000083200000, 0x0000000083200000|100%| O|  |TAMS 0x0000000083100000| PB 0x0000000083100000| Untracked |  0
|   6|0x0000000083200000, 0x0000000083300000, 0x0000000083300000|100%| O|  |TAMS 0x0000000083200000| PB 0x0000000083200000| Untracked |  0
|   7|0x0000000083300000, 0x0000000083400000, 0x0000000083400000|100%| O|  |TAMS 0x0000000083300000| PB 0x0000000083300000| Untracked |  0
|   8|0x0000000083400000, 0x0000000083500000, 0x0000000083500000|100%| O|  |TAMS 0x0000000083400000| PB 0x0000000083400000| Untracked |  0
|   9|0x0000000083500000, 0x0000000083600000, 0x0000000083600000|100%| O|  |TAMS 0x0000000083500000| PB 0x0000000083500000| Untracked |  0
|  10|0x0000000083600000, 0x0000000083700000, 0x0000000083700000|100%| O|  |TAMS 0x0000000083600000| PB 0x0000000083600000| Untracked |  0
|  11|0x0000000083700000, 0x00000000837de738, 0x0000000083800000| 86%| O|  |TAMS 0x0000000083700000| PB 0x0000000083700000| Untracked |  0
|  12|0x0000000083800000, 0x0000000083900000, 0x0000000083900000|100%|HS|  |TAMS 0x0000000083800000| PB 0x0000000083800000| Complete |  0
|  13|0x0000000083900000, 0x0000000083900000, 0x0000000083a00000|  0%| F|  |TAMS 0x0000000083900000| PB 0x0000000083900000| Untracked |  0
|  14|0x0000000083a00000, 0x0000000083a00000, 0x0000000083b00000|  0%| F|  |TAMS 0x0000000083a00000| PB 0x0000000083a00000| Untracked |  0
|  15|0x0000000083b00000, 0x0000000083b00000, 0x0000000083c00000|  0%| F|  |TAMS 0x0000000083b00000| PB 0x0000000083b00000| Untracked |  0
|  16|0x0000000083c00000, 0x0000000083d00000, 0x0000000083d00000|100%|HS|  |TAMS 0x0000000083c00000| PB 0x0000000083c00000| Complete |  0
|  17|0x0000000083d00000, 0x0000000083e00000, 0x0000000083e00000|100%|HC|  |TAMS 0x0000000083d00000| PB 0x0000000083d00000| Complete |  0
|  18|0x0000000083e00000, 0x0000000083f00000, 0x0000000083f00000|100%|HC|  |TAMS 0x0000000083e00000| PB 0x0000000083e00000| Complete |  0
|  19|0x0000000083f00000, 0x0000000084000000, 0x0000000084000000|100%| O|  |TAMS 0x0000000083f00000| PB 0x0000000083f00000| Untracked |  0
|  20|0x0000000084000000, 0x0000000084100000, 0x0000000084100000|100%| O|  |TAMS 0x0000000084000000| PB 0x0000000084000000| Untracked |  0
|  21|0x0000000084100000, 0x0000000084200000, 0x0000000084200000|100%| O|  |TAMS 0x0000000084100000| PB 0x0000000084100000| Untracked |  0
|  22|0x0000000084200000, 0x0000000084300000, 0x0000000084300000|100%| O|  |TAMS 0x0000000084200000| PB 0x0000000084200000| Untracked |  0
|  23|0x0000000084300000, 0x0000000084400000, 0x0000000084400000|100%| O|  |TAMS 0x0000000084300000| PB 0x0000000084300000| Untracked |  0
|  24|0x0000000084400000, 0x0000000084500000, 0x0000000084500000|100%| O|  |TAMS 0x0000000084400000| PB 0x0000000084400000| Untracked |  0
|  25|0x0000000084500000, 0x0000000084600000, 0x0000000084600000|100%| O|  |TAMS 0x0000000084500000| PB 0x0000000084500000| Untracked |  0
|  26|0x0000000084600000, 0x0000000084700000, 0x0000000084700000|100%| O|  |TAMS 0x0000000084600000| PB 0x0000000084600000| Untracked |  0
|  27|0x0000000084700000, 0x0000000084800000, 0x0000000084800000|100%| O|  |TAMS 0x0000000084700000| PB 0x0000000084700000| Untracked |  0
|  28|0x0000000084800000, 0x0000000084900000, 0x0000000084900000|100%| O|  |TAMS 0x0000000084800000| PB 0x0000000084800000| Untracked |  0
|  29|0x0000000084900000, 0x0000000084a00000, 0x0000000084a00000|100%| O|  |TAMS 0x0000000084900000| PB 0x0000000084900000| Untracked |  0
|  30|0x0000000084a00000, 0x0000000084b00000, 0x0000000084b00000|100%| S|CS|TAMS 0x0000000084a00000| PB 0x0000000084a00000| Complete |  0
|  31|0x0000000084b00000, 0x0000000084c00000, 0x0000000084c00000|100%| S|CS|TAMS 0x0000000084b00000| PB 0x0000000084b00000| Complete |  0
|  32|0x0000000084c00000, 0x0000000084d00000, 0x0000000084d00000|100%| S|CS|TAMS 0x0000000084c00000| PB 0x0000000084c00000| Complete |  0
|  33|0x0000000084d00000, 0x0000000084e00000, 0x0000000084e00000|100%| S|CS|TAMS 0x0000000084d00000| PB 0x0000000084d00000| Complete |  0
|  34|0x0000000084e00000, 0x0000000084f00000, 0x0000000084f00000|100%| S|CS|TAMS 0x0000000084e00000| PB 0x0000000084e00000| Complete |  0
|  35|0x0000000084f00000, 0x0000000085000000, 0x0000000085000000|100%| S|CS|TAMS 0x0000000084f00000| PB 0x0000000084f00000| Complete |  0
|  36|0x0000000085000000, 0x0000000085100000, 0x0000000085100000|100%| S|CS|TAMS 0x0000000085000000| PB 0x0000000085000000| Complete |  0
|  37|0x0000000085100000, 0x0000000085200000, 0x0000000085200000|100%| S|CS|TAMS 0x0000000085100000| PB 0x0000000085100000| Complete |  0
|  38|0x0000000085200000, 0x0000000085200000, 0x0000000085300000|  0%| F|  |TAMS 0x0000000085200000| PB 0x0000000085200000| Untracked |  0
|  39|0x0000000085300000, 0x0000000085300000, 0x0000000085400000|  0%| F|  |TAMS 0x0000000085300000| PB 0x0000000085300000| Untracked |  0
|  40|0x0000000085400000, 0x0000000085400000, 0x0000000085500000|  0%| F|  |TAMS 0x0000000085400000| PB 0x0000000085400000| Untracked |  0
|  41|0x0000000085500000, 0x0000000085500000, 0x0000000085600000|  0%| F|  |TAMS 0x0000000085500000| PB 0x0000000085500000| Untracked |  0
|  42|0x0000000085600000, 0x0000000085600000, 0x0000000085700000|  0%| F|  |TAMS 0x0000000085600000| PB 0x0000000085600000| Untracked |  0
|  43|0x0000000085700000, 0x0000000085700000, 0x0000000085800000|  0%| F|  |TAMS 0x0000000085700000| PB 0x0000000085700000| Untracked |  0
|  44|0x0000000085800000, 0x0000000085800000, 0x0000000085900000|  0%| F|  |TAMS 0x0000000085800000| PB 0x0000000085800000| Untracked |  0
|  45|0x0000000085900000, 0x0000000085900000, 0x0000000085a00000|  0%| F|  |TAMS 0x0000000085900000| PB 0x0000000085900000| Untracked |  0
|  46|0x0000000085a00000, 0x0000000085a00000, 0x0000000085b00000|  0%| F|  |TAMS 0x0000000085a00000| PB 0x0000000085a00000| Untracked |  0
|  47|0x0000000085b00000, 0x0000000085b00000, 0x0000000085c00000|  0%| F|  |TAMS 0x0000000085b00000| PB 0x0000000085b00000| Untracked |  0
|  48|0x0000000085c00000, 0x0000000085c00000, 0x0000000085d00000|  0%| F|  |TAMS 0x0000000085c00000| PB 0x0000000085c00000| Untracked |  0
|  49|0x0000000085d00000, 0x0000000085d00000, 0x0000000085e00000|  0%| F|  |TAMS 0x0000000085d00000| PB 0x0000000085d00000| Untracked |  0
|  50|0x0000000085e00000, 0x0000000085e00000, 0x0000000085f00000|  0%| F|  |TAMS 0x0000000085e00000| PB 0x0000000085e00000| Untracked |  0
|  51|0x0000000085f00000, 0x0000000085f00000, 0x0000000086000000|  0%| F|  |TAMS 0x0000000085f00000| PB 0x0000000085f00000| Untracked |  0
|  52|0x0000000086000000, 0x0000000086000000, 0x0000000086100000|  0%| F|  |TAMS 0x0000000086000000| PB 0x0000000086000000| Untracked |  0
|  53|0x0000000086100000, 0x0000000086100000, 0x0000000086200000|  0%| F|  |TAMS 0x0000000086100000| PB 0x0000000086100000| Untracked |  0
|  54|0x0000000086200000, 0x0000000086200000, 0x0000000086300000|  0%| F|  |TAMS 0x0000000086200000| PB 0x0000000086200000| Untracked |  0
|  55|0x0000000086300000, 0x0000000086300000, 0x0000000086400000|  0%| F|  |TAMS 0x0000000086300000| PB 0x0000000086300000| Untracked |  0
|  56|0x0000000086400000, 0x0000000086400000, 0x0000000086500000|  0%| F|  |TAMS 0x0000000086400000| PB 0x0000000086400000| Untracked |  0
|  57|0x0000000086500000, 0x0000000086500000, 0x0000000086600000|  0%| F|  |TAMS 0x0000000086500000| PB 0x0000000086500000| Untracked |  0
|  58|0x0000000086600000, 0x0000000086600000, 0x0000000086700000|  0%| F|  |TAMS 0x0000000086600000| PB 0x0000000086600000| Untracked |  0
|  59|0x0000000086700000, 0x0000000086700000, 0x0000000086800000|  0%| F|  |TAMS 0x0000000086700000| PB 0x0000000086700000| Untracked |  0
|  60|0x0000000086800000, 0x0000000086800000, 0x0000000086900000|  0%| F|  |TAMS 0x0000000086800000| PB 0x0000000086800000| Untracked |  0
|  61|0x0000000086900000, 0x0000000086900000, 0x0000000086a00000|  0%| F|  |TAMS 0x0000000086900000| PB 0x0000000086900000| Untracked |  0
|  62|0x0000000086a00000, 0x0000000086a00000, 0x0000000086b00000|  0%| F|  |TAMS 0x0000000086a00000| PB 0x0000000086a00000| Untracked |  0
|  63|0x0000000086b00000, 0x0000000086b00000, 0x0000000086c00000|  0%| F|  |TAMS 0x0000000086b00000| PB 0x0000000086b00000| Untracked |  0
|  64|0x0000000086c00000, 0x0000000086c00000, 0x0000000086d00000|  0%| F|  |TAMS 0x0000000086c00000| PB 0x0000000086c00000| Untracked |  0
|  65|0x0000000086d00000, 0x0000000086d00000, 0x0000000086e00000|  0%| F|  |TAMS 0x0000000086d00000| PB 0x0000000086d00000| Untracked |  0
|  66|0x0000000086e00000, 0x0000000086e00000, 0x0000000086f00000|  0%| F|  |TAMS 0x0000000086e00000| PB 0x0000000086e00000| Untracked |  0
|  67|0x0000000086f00000, 0x0000000086f00000, 0x0000000087000000|  0%| F|  |TAMS 0x0000000086f00000| PB 0x0000000086f00000| Untracked |  0
|  68|0x0000000087000000, 0x0000000087000000, 0x0000000087100000|  0%| F|  |TAMS 0x0000000087000000| PB 0x0000000087000000| Untracked |  0
|  69|0x0000000087100000, 0x0000000087100000, 0x0000000087200000|  0%| F|  |TAMS 0x0000000087100000| PB 0x0000000087100000| Untracked |  0
|  70|0x0000000087200000, 0x0000000087200000, 0x0000000087300000|  0%| F|  |TAMS 0x0000000087200000| PB 0x0000000087200000| Untracked |  0
|  71|0x0000000087300000, 0x0000000087300000, 0x0000000087400000|  0%| F|  |TAMS 0x0000000087300000| PB 0x0000000087300000| Untracked |  0
|  72|0x0000000087400000, 0x0000000087400000, 0x0000000087500000|  0%| F|  |TAMS 0x0000000087400000| PB 0x0000000087400000| Untracked |  0
|  73|0x0000000087500000, 0x0000000087500000, 0x0000000087600000|  0%| F|  |TAMS 0x0000000087500000| PB 0x0000000087500000| Untracked |  0
|  74|0x0000000087600000, 0x0000000087600000, 0x0000000087700000|  0%| F|  |TAMS 0x0000000087600000| PB 0x0000000087600000| Untracked |  0
|  75|0x0000000087700000, 0x0000000087700000, 0x0000000087800000|  0%| F|  |TAMS 0x0000000087700000| PB 0x0000000087700000| Untracked |  0
|  76|0x0000000087800000, 0x0000000087800000, 0x0000000087900000|  0%| F|  |TAMS 0x0000000087800000| PB 0x0000000087800000| Untracked |  0
|  77|0x0000000087900000, 0x0000000087900000, 0x0000000087a00000|  0%| F|  |TAMS 0x0000000087900000| PB 0x0000000087900000| Untracked |  0
|  78|0x0000000087a00000, 0x0000000087a00000, 0x0000000087b00000|  0%| F|  |TAMS 0x0000000087a00000| PB 0x0000000087a00000| Untracked |  0
|  79|0x0000000087b00000, 0x0000000087b00000, 0x0000000087c00000|  0%| F|  |TAMS 0x0000000087b00000| PB 0x0000000087b00000| Untracked |  0
|  80|0x0000000087c00000, 0x0000000087c00000, 0x0000000087d00000|  0%| F|  |TAMS 0x0000000087c00000| PB 0x0000000087c00000| Untracked |  0
|  81|0x0000000087d00000, 0x0000000087d00000, 0x0000000087e00000|  0%| F|  |TAMS 0x0000000087d00000| PB 0x0000000087d00000| Untracked |  0
|  82|0x0000000087e00000, 0x0000000087e00000, 0x0000000087f00000|  0%| F|  |TAMS 0x0000000087e00000| PB 0x0000000087e00000| Untracked |  0
|  83|0x0000000087f00000, 0x0000000087f00000, 0x0000000088000000|  0%| F|  |TAMS 0x0000000087f00000| PB 0x0000000087f00000| Untracked |  0
|  84|0x0000000088000000, 0x0000000088000000, 0x0000000088100000|  0%| F|  |TAMS 0x0000000088000000| PB 0x0000000088000000| Untracked |  0
|  85|0x0000000088100000, 0x0000000088100000, 0x0000000088200000|  0%| F|  |TAMS 0x0000000088100000| PB 0x0000000088100000| Untracked |  0
|  86|0x0000000088200000, 0x0000000088200000, 0x0000000088300000|  0%| F|  |TAMS 0x0000000088200000| PB 0x0000000088200000| Untracked |  0
|  87|0x0000000088300000, 0x0000000088380000, 0x0000000088400000| 50%| E|  |TAMS 0x0000000088300000| PB 0x0000000088300000| Complete |  1
|  88|0x0000000088400000, 0x0000000088500000, 0x0000000088500000|100%| E|CS|TAMS 0x0000000088400000| PB 0x0000000088400000| Complete |  0
|  89|0x0000000088500000, 0x0000000088600000, 0x0000000088600000|100%| E|CS|TAMS 0x0000000088500000| PB 0x0000000088500000| Complete |  0
|  90|0x0000000088600000, 0x0000000088700000, 0x0000000088700000|100%| E|CS|TAMS 0x0000000088600000| PB 0x0000000088600000| Complete |  0
|  91|0x0000000088700000, 0x0000000088800000, 0x0000000088800000|100%| E|CS|TAMS 0x0000000088700000| PB 0x0000000088700000| Complete |  0
|  92|0x0000000088800000, 0x0000000088900000, 0x0000000088900000|100%| E|CS|TAMS 0x0000000088800000| PB 0x0000000088800000| Complete |  0
|  93|0x0000000088900000, 0x0000000088a00000, 0x0000000088a00000|100%| E|CS|TAMS 0x0000000088900000| PB 0x0000000088900000| Complete |  0
|  94|0x0000000088a00000, 0x0000000088b00000, 0x0000000088b00000|100%| E|CS|TAMS 0x0000000088a00000| PB 0x0000000088a00000| Complete |  0
|  95|0x0000000088b00000, 0x0000000088c00000, 0x0000000088c00000|100%| E|CS|TAMS 0x0000000088b00000| PB 0x0000000088b00000| Complete |  0
|  96|0x0000000088c00000, 0x0000000088d00000, 0x0000000088d00000|100%| E|CS|TAMS 0x0000000088c00000| PB 0x0000000088c00000| Complete |  0
| 125|0x000000008a900000, 0x000000008aa00000, 0x000000008aa00000|100%| E|CS|TAMS 0x000000008a900000| PB 0x000000008a900000| Complete |  0
|1998|0x00000000ffa00000, 0x00000000ffb00000, 0x00000000ffb00000|100%| O|  |TAMS 0x00000000ffa00000| PB 0x00000000ffa00000| Untracked |  0
|1999|0x00000000ffb00000, 0x00000000ffc00000, 0x00000000ffc00000|100%| O|  |TAMS 0x00000000ffb00000| PB 0x00000000ffb00000| Untracked |  0
|2000|0x00000000ffc00000, 0x00000000ffd00000, 0x00000000ffd00000|100%| O|  |TAMS 0x00000000ffc00000| PB 0x00000000ffc00000| Untracked |  0
|2001|0x00000000ffd00000, 0x00000000ffe00000, 0x00000000ffe00000|100%| O|  |TAMS 0x00000000ffd00000| PB 0x00000000ffd00000| Untracked |  0
|2002|0x00000000ffe00000, 0x00000000fff00000, 0x00000000fff00000|100%| O|  |TAMS 0x00000000ffe00000| PB 0x00000000ffe00000| Untracked |  0
|2003|0x00000000fff00000, 0x00000000fff256a0, 0x0000000100000000| 14%| O|Cm|TAMS 0x00000000fff00000| PB 0x00000000fff00000| Complete |  0

Card table byte_map: [0x000002a17b300000,0x000002a17b6f0000] _byte_map_base: 0x000002a17aeea000

Marking Bits: (CMBitMap*) 0x000002a171e3fda0
 Bits: [0x000002a17b6f0000, 0x000002a17d640000)

Polling page: 0x000002a16fe70000

Metaspace:
Metaspace        used 26812K, committed 27200K, reserved 1114112K
 class space     used 2521K, committed 2688K, reserved 1048576K

Usage:
  Non-class:     23.72 MB used.
      Class:      2.46 MB used.
       Both:     26.19 MB used.

Virtual space:
  Non-class space:       64.00 MB reserved,      23.94 MB ( 37%) committed,  1 nodes.
      Class space:        1.00 GB reserved,       2.62 MB ( <1%) committed,  1 nodes.
             Both:        1.06 GB reserved,      26.56 MB (  2%) committed. 

Chunk freelists:
   Non-Class:  7.73 MB
       Class:  13.27 MB
        Both:  21.00 MB

MaxMetaspaceSize: unlimited
CompressedClassSpaceSize: 1.00 GB
Initial GC threshold: 21.00 MB
Current GC threshold: 35.44 MB
CDS: on
 - commit_granule_bytes: 65536.
 - commit_granule_words: 8192.
 - virtual_space_node_default_size: 8388608.
 - enlarge_chunks_in_place: 1.
UseCompressedClassPointers 1, UseCompactObjectHeaders 0
Narrow klass pointer bits 32, Max shift 3
Narrow klass base: 0x0000000034000000, Narrow klass shift: 0
Encoding Range: [0x0000000034000000 - 0x0000000134000000), (4294967296 bytes)
Klass Range:    [0x0000000034010000 - 0x0000000075000000), (1090453504 bytes)
Klass ID Range:  [65536 - 1090519033) (1090453497)
Protection zone: [0x0000000034000000 - 0x0000000034010000), (65536 bytes)


Internal statistics:

num_allocs_failed_limit: 3.
num_arena_births: 190.
num_arena_deaths: 0.
num_vsnodes_births: 2.
num_vsnodes_deaths: 0.
num_space_committed: 425.
num_space_uncommitted: 0.
num_chunks_returned_to_freelist: 3.
num_chunks_taken_from_freelist: 1175.
num_chunk_merges: 3.
num_chunk_splits: 818.
num_chunks_enlarged: 655.
num_inconsistent_stats: 0.

CodeHeap 'non-profiled nmethods': size=119232Kb used=2764Kb max_used=2764Kb free=116467Kb
 bounds [0x000002a107b90000, 0x000002a107e50000, 0x000002a10f000000]
CodeHeap 'profiled nmethods': size=119104Kb used=12733Kb max_used=12733Kb free=106370Kb
 bounds [0x000002a100000000, 0x000002a100c70000, 0x000002a107450000]
CodeHeap 'non-nmethods': size=7424Kb used=2564Kb max_used=3258Kb free=4859Kb
 bounds [0x000002a107450000, 0x000002a107790000, 0x000002a107b90000]
CodeCache: size=245760Kb, used=18061Kb, max_used=18755Kb, free=227696Kb
 total_blobs=7809, nmethods=7247, adapters=462, full_count=0
Compilation: enabled, stopped_count=0, restarted_count=0

Compilation events (20 events):
Event: 4.974 Thread 0x000002a114b6ffd0 nmethod 6985 0x000002a107e30888 code [0x000002a107e30980, 0x000002a107e30a00]
Event: 4.974 Thread 0x000002a114b6ffd0 6986       4       java.util.HashMap::computeIfAbsent (330 bytes)
Event: 4.974 Thread 0x000002a10f1a7030 nmethod 6978 0x000002a107e30b88 code [0x000002a107e30c80, 0x000002a107e31058]
Event: 4.976 Thread 0x000002a10f1af2c0 6987       3       com.sun.tools.javac.code.Type$MethodType::asMethodType (2 bytes)
Event: 4.976 Thread 0x000002a10f1af2c0 nmethod 6987 0x000002a100bee908 code [0x000002a100beea00, 0x000002a100beeb08]
Event: 4.977 Thread 0x000002a10f1a7030 6988   !   4       java.lang.String::replace (258 bytes)
Event: 4.978 Thread 0x000002a10f1b3340 nmethod 6976 0x000002a107e31088 code [0x000002a107e31180, 0x000002a107e32060]
Event: 4.979 Thread 0x000002a114b6ffd0 nmethod 6986 0x000002a107e32088 code [0x000002a107e32180, 0x000002a107e328f0]
Event: 4.980 Thread 0x000002a10f1b1300 6989       3       com.sun.tools.javac.code.Scope$ScopeImpl::dble (147 bytes)
Event: 4.980 Thread 0x000002a10f1b3340 6990       4       com.sun.tools.javac.file.PathFileObject::getKind (8 bytes)
Event: 4.980 Thread 0x000002a10f1b1300 nmethod 6989 0x000002a100beec08 code [0x000002a100beed00, 0x000002a100bef7c8]
Event: 4.980 Thread 0x000002a10f1b1300 6991       3       com.sun.tools.javac.jvm.PoolReader::readPoolInternal (240 bytes)
Event: 4.980 Thread 0x000002a10f1b0af0 6992       3       com.sun.tools.javac.jvm.PoolReader::getClass (15 bytes)
Event: 4.981 Thread 0x000002a114b6ffd0 6993       4       com.sun.tools.javac.util.Convert::utfValidate (11 bytes)
Event: 4.981 Thread 0x000002a10f1b0af0 nmethod 6992 0x000002a100bef808 code [0x000002a100bef900, 0x000002a100befb38]
Event: 4.981 Thread 0x000002a114b6ffd0 nmethod 6993 0x000002a107e32908 code [0x000002a107e32a00, 0x000002a107e32aa0]
Event: 4.981 Thread 0x000002a10f1b1300 nmethod 6991 0x000002a100befb88 code [0x000002a100befc80, 0x000002a100bf1148]
Event: 5.006 Thread 0x000002a114b6ffd0 6994       4       com.sun.tools.javac.util.UnsharedNameTable::fromValidUtf (224 bytes)
Event: 5.009 Thread 0x000002a10f1b1300 6995       3       java.nio.file.Files::newDirectoryStream (12 bytes)
Event: 5.010 Thread 0x000002a10f1b1300 nmethod 6995 0x000002a100bf1188 code [0x000002a100bf1280, 0x000002a100bf1630]

GC Heap Usage History (10 events):
Event: 1.075 {heap Before GC invocations=0 (full 0):
 garbage-first heap   total reserved 2052096K, committed 131072K, used 49301K [0x0000000082c00000, 0x0000000100000000)
  region size 1024K, 47 young (48128K), 0 survivors (0K)
}
Event: 1.082 {heap After GC invocations=1 (full 0):
 garbage-first heap   total reserved 2052096K, committed 131072K, used 5824K [0x0000000082c00000, 0x0000000100000000)
  region size 1024K, 5 young (5120K), 5 survivors (5120K)
}
Event: 2.031 {heap Before GC invocations=1 (full 0):
 garbage-first heap   total reserved 2052096K, committed 131072K, used 61120K [0x0000000082c00000, 0x0000000100000000)
  region size 1024K, 59 young (60416K), 5 survivors (5120K)
}
Event: 2.043 {heap After GC invocations=2 (full 0):
 garbage-first heap   total reserved 2052096K, committed 131072K, used 11994K [0x0000000082c00000, 0x0000000100000000)
  region size 1024K, 8 young (8192K), 8 survivors (8192K)
}
Event: 2.863 {heap Before GC invocations=2 (full 0):
 garbage-first heap   total reserved 2052096K, committed 131072K, used 75482K [0x0000000082c00000, 0x0000000100000000)
  region size 1024K, 70 young (71680K), 8 survivors (8192K)
}
Event: 2.874 {heap After GC invocations=3 (full 0):
 garbage-first heap   total reserved 2052096K, committed 131072K, used 17465K [0x0000000082c00000, 0x0000000100000000)
  region size 1024K, 5 young (5120K), 5 survivors (5120K)
}
Event: 3.962 {heap Before GC invocations=3 (full 0):
 garbage-first heap   total reserved 2052096K, committed 131072K, used 81977K [0x0000000082c00000, 0x0000000100000000)
  region size 1024K, 62 young (63488K), 5 survivors (5120K)
}
Event: 3.973 {heap After GC invocations=4 (full 0):
 garbage-first heap   total reserved 2052096K, committed 131072K, used 29711K [0x0000000082c00000, 0x0000000100000000)
  region size 1024K, 10 young (10240K), 10 survivors (10240K)
}
Event: 4.982 {heap Before GC invocations=5 (full 0):
 garbage-first heap   total reserved 2052096K, committed 102400K, used 81935K [0x0000000082c00000, 0x0000000100000000)
  region size 1024K, 60 young (61440K), 10 survivors (10240K)
}
Event: 5.005 {heap After GC invocations=6 (full 0):
 garbage-first heap   total reserved 2052096K, committed 106496K, used 40975K [0x0000000082c00000, 0x0000000100000000)
  region size 1024K, 8 young (8192K), 8 survivors (8192K)
}

Metaspace Usage History (10 events):
Event: 1.075 {metaspace Before GC invocations=0 (full 0):
 Metaspace       used 8849K, committed 8960K, reserved 1114112K
  class space    used 772K, committed 832K, reserved 1048576K
}
Event: 1.082 {metaspace After GC invocations=1 (full 0):
 Metaspace       used 8849K, committed 8960K, reserved 1114112K
  class space    used 772K, committed 832K, reserved 1048576K
}
Event: 2.031 {metaspace Before GC invocations=1 (full 0):
 Metaspace       used 15209K, committed 15424K, reserved 1114112K
  class space    used 1448K, committed 1536K, reserved 1048576K
}
Event: 2.043 {metaspace After GC invocations=2 (full 0):
 Metaspace       used 15209K, committed 15424K, reserved 1114112K
  class space    used 1448K, committed 1536K, reserved 1048576K
}
Event: 2.863 {metaspace Before GC invocations=2 (full 0):
 Metaspace       used 16094K, committed 16384K, reserved 1114112K
  class space    used 1474K, committed 1600K, reserved 1048576K
}
Event: 2.874 {metaspace After GC invocations=3 (full 0):
 Metaspace       used 16094K, committed 16384K, reserved 1114112K
  class space    used 1474K, committed 1600K, reserved 1048576K
}
Event: 3.962 {metaspace Before GC invocations=3 (full 0):
 Metaspace       used 21209K, committed 21504K, reserved 1114112K
  class space    used 1988K, committed 2112K, reserved 1048576K
}
Event: 3.973 {metaspace After GC invocations=4 (full 0):
 Metaspace       used 21209K, committed 21504K, reserved 1114112K
  class space    used 1988K, committed 2112K, reserved 1048576K
}
Event: 4.982 {metaspace Before GC invocations=5 (full 0):
 Metaspace       used 26641K, committed 27008K, reserved 1114112K
  class space    used 2518K, committed 2688K, reserved 1048576K
}
Event: 5.005 {metaspace After GC invocations=6 (full 0):
 Metaspace       used 26641K, committed 27008K, reserved 1114112K
  class space    used 2518K, committed 2688K, reserved 1048576K
}

Dll operation events (7 events):
Event: 0.007 Loaded shared library C:\Program Files\Java\jdk-25\bin\java.dll
Event: 0.046 Loaded shared library C:\Program Files\Java\jdk-25\bin\net.dll
Event: 0.047 Loaded shared library C:\Program Files\Java\jdk-25\bin\nio.dll
Event: 0.051 Loaded shared library C:\Program Files\Java\jdk-25\bin\zip.dll
Event: 0.174 Loaded shared library C:\Program Files\Java\jdk-25\bin\jimage.dll
Event: 0.176 Loaded shared library C:\Users\ASUS\.m2\wrapper\dists\apache-maven-3.9.14\ed7edd442f634ac1c1ef5ba2b61b6d690b5221091f1a8e1123f5fadcc967520d\lib\jansi-native\Windows\x86_64\jansi.dll
Event: 0.187 Loaded shared library C:\Program Files\Java\jdk-25\bin\verify.dll

Deoptimization events (20 events):
Event: 4.938 Thread 0x000002a16f9e6590 DEOPT PACKING pc=0x000002a100a16842 sp=0x000000d754efc360
Event: 4.938 Thread 0x000002a16f9e6590 DEOPT UNPACKING pc=0x000002a1074a1702 sp=0x000000d754efb798 mode 0
Event: 4.938 Thread 0x000002a16f9e6590 DEOPT PACKING pc=0x000002a100a148f1 sp=0x000000d754efc420
Event: 4.938 Thread 0x000002a16f9e6590 DEOPT UNPACKING pc=0x000002a1074a1702 sp=0x000000d754efb898 mode 0
Event: 4.939 Thread 0x000002a16f9e6590 DEOPT PACKING pc=0x000002a100a16842 sp=0x000000d754efc4f0
Event: 4.939 Thread 0x000002a16f9e6590 DEOPT UNPACKING pc=0x000002a1074a1702 sp=0x000000d754efb928 mode 0
Event: 4.941 Thread 0x000002a16f9e6590 DEOPT PACKING pc=0x000002a100a16842 sp=0x000000d754efbe40
Event: 4.941 Thread 0x000002a16f9e6590 DEOPT UNPACKING pc=0x000002a1074a1702 sp=0x000000d754efb278 mode 0
Event: 4.960 Thread 0x000002a16f9e6590 Uncommon trap: trap_request=0xffffff45 fr.pc=0x000002a107e2ba94 relative=0x0000000000000994
Event: 4.961 Thread 0x000002a16f9e6590 Uncommon trap: reason=unstable_if action=reinterpret pc=0x000002a107e2ba94 method=com.sun.tools.javac.jvm.ClassReader.classSigToType()Lcom/sun/tools/javac/code/Type; @ 235 c2
Event: 4.961 Thread 0x000002a16f9e6590 DEOPT PACKING pc=0x000002a107e2ba94 sp=0x000000d754efc430
Event: 4.961 Thread 0x000002a16f9e6590 DEOPT UNPACKING pc=0x000002a10756f902 sp=0x000000d754efc3d0 mode 2
Event: 5.006 Thread 0x000002a16f9e6590 Uncommon trap: trap_request=0xfffffff4 fr.pc=0x000002a107dd27d0 relative=0x0000000000000750
Event: 5.006 Thread 0x000002a16f9e6590 Uncommon trap: reason=null_check action=make_not_entrant pc=0x000002a107dd27d0 method=com.sun.tools.javac.util.UnsharedNameTable.fromValidUtf([BII)Lcom/sun/tools/javac/util/Name; @ 42 c2
Event: 5.006 Thread 0x000002a16f9e6590 DEOPT PACKING pc=0x000002a107dd27d0 sp=0x000000d754efb3e0
Event: 5.006 Thread 0x000002a16f9e6590 DEOPT UNPACKING pc=0x000002a10756f902 sp=0x000000d754efb398 mode 2
Event: 5.009 Thread 0x000002a16f9e6590 Uncommon trap: trap_request=0xfffffff4 fr.pc=0x000002a107e31d7c relative=0x0000000000000bfc
Event: 5.009 Thread 0x000002a16f9e6590 Uncommon trap: reason=null_check action=make_not_entrant pc=0x000002a107e31d7c method=com.sun.tools.javac.util.UnsharedNameTable.fromValidUtf([BII)Lcom/sun/tools/javac/util/Name; @ 42 c2
Event: 5.009 Thread 0x000002a16f9e6590 DEOPT PACKING pc=0x000002a107e31d7c sp=0x000000d754efbff0
Event: 6.005 Thread 0x000002a16f9e6590 DEOPT UNPACKING pc=0x000002a10756f902 sp=0x000000d754efbe60 mode 2

Classes loaded (20 events):
Event: 4.424 Loading class sun/nio/fs/WindowsFileStore
Event: 4.425 Loading class sun/nio/fs/WindowsFileStore done
Event: 4.434 Loading class java/nio/file/SimpleFileVisitor
Event: 4.435 Loading class java/nio/file/SimpleFileVisitor done
Event: 4.435 Loading class java/nio/file/Files$3
Event: 4.435 Loading class java/nio/file/Files$3 done
Event: 4.435 Loading class java/nio/file/FileVisitResult
Event: 4.435 Loading class java/nio/file/FileVisitResult done
Event: 4.436 Loading class sun/nio/fs/BasicFileAttributesHolder
Event: 4.436 Loading class sun/nio/fs/BasicFileAttributesHolder done
Event: 4.560 Loading class java/util/concurrent/locks/AbstractQueuedLongSynchronizer$Node
Event: 4.560 Loading class java/util/concurrent/locks/AbstractQueuedLongSynchronizer$Node done
Event: 4.790 Loading class java/util/ComparableTimSort
Event: 4.790 Loading class java/util/ComparableTimSort done
Event: 4.795 Loading class java/nio/file/Files$2
Event: 4.795 Loading class java/nio/file/Files$2 done
Event: 4.796 Loading class sun/nio/fs/WindowsPath$WindowsPathWithAttributes
Event: 4.796 Loading class sun/nio/fs/WindowsPath$WindowsPathWithAttributes done
Event: 4.858 Loading class java/nio/file/FileTreeWalker$1
Event: 4.858 Loading class java/nio/file/FileTreeWalker$1 done

Classes unloaded (0 events):
No events

Classes redefined (0 events):
No events

Internal exceptions (20 events):
Event: 4.980 Thread 0x000002a16f9e6590 Exception <a 'sun/nio/fs/WindowsException'{0x00000000852ac868}> (0x00000000852ac868) 
thrown [s\open\src\hotspot\share\prims\jni.cpp, line 516]
Event: 4.980 Thread 0x000002a16f9e6590 Exception <a 'sun/nio/fs/WindowsException'{0x00000000852ad510}> (0x00000000852ad510) 
thrown [s\open\src\hotspot\share\prims\jni.cpp, line 516]
Event: 4.981 Thread 0x000002a16f9e6590 Exception <a 'sun/nio/fs/WindowsException'{0x00000000852baf48}> (0x00000000852baf48) 
thrown [s\open\src\hotspot\share\prims\jni.cpp, line 516]
Event: 4.981 Thread 0x000002a16f9e6590 Exception <a 'sun/nio/fs/WindowsException'{0x00000000852c9538}> (0x00000000852c9538) 
thrown [s\open\src\hotspot\share\prims\jni.cpp, line 516]
Event: 4.981 Thread 0x000002a16f9e6590 Exception <a 'sun/nio/fs/WindowsException'{0x00000000852f2a58}> (0x00000000852f2a58) 
thrown [s\open\src\hotspot\share\prims\jni.cpp, line 516]
Event: 4.981 Thread 0x000002a16f9e6590 Exception <a 'sun/nio/fs/WindowsException'{0x00000000852f39b8}> (0x00000000852f39b8) 
thrown [s\open\src\hotspot\share\prims\jni.cpp, line 516]
Event: 4.981 Thread 0x000002a16f9e6590 Exception <a 'sun/nio/fs/WindowsException'{0x00000000852f6c08}> (0x00000000852f6c08) 
thrown [s\open\src\hotspot\share\prims\jni.cpp, line 516]
Event: 4.982 Thread 0x000002a16f9e6590 Exception <a 'sun/nio/fs/WindowsException'{0x00000000852fe150}> (0x00000000852fe150) 
thrown [s\open\src\hotspot\share\prims\jni.cpp, line 516]
Event: 5.006 Thread 0x000002a16f9e6590 Exception <a 'sun/nio/fs/WindowsException'{0x000000008a915418}> (0x000000008a915418) 
thrown [s\open\src\hotspot\share\prims\jni.cpp, line 516]
Event: 5.006 Thread 0x000002a16f9e6590 Exception <a 'sun/nio/fs/WindowsException'{0x000000008a916148}> (0x000000008a916148) 
thrown [s\open\src\hotspot\share\prims\jni.cpp, line 516]
Event: 5.006 Thread 0x000002a16f9e6590 Implicit null exception at 0x000002a107dd2163 to 0x000002a107dd2790
Event: 5.007 Thread 0x000002a16f9e6590 Exception <a 'sun/nio/fs/WindowsException'{0x000000008a929a80}> (0x000000008a929a80) 
thrown [s\open\src\hotspot\share\prims\jni.cpp, line 516]
Event: 5.007 Thread 0x000002a16f9e6590 Exception <a 'sun/nio/fs/WindowsException'{0x000000008a92dd88}> (0x000000008a92dd88) 
thrown [s\open\src\hotspot\share\prims\jni.cpp, line 516]
Event: 5.008 Thread 0x000002a16f9e6590 Exception <a 'sun/nio/fs/WindowsException'{0x000000008a9384f8}> (0x000000008a9384f8) 
thrown [s\open\src\hotspot\share\prims\jni.cpp, line 516]
Event: 5.008 Thread 0x000002a16f9e6590 Exception <a 'sun/nio/fs/WindowsException'{0x000000008a939228}> (0x000000008a939228) 
thrown [s\open\src\hotspot\share\prims\jni.cpp, line 516]
Event: 5.009 Thread 0x000002a16f9e6590 Exception <a 'sun/nio/fs/WindowsException'{0x000000008a9447d0}> (0x000000008a9447d0) 
thrown [s\open\src\hotspot\share\prims\jni.cpp, line 516]
Event: 5.009 Thread 0x000002a16f9e6590 Exception <a 'sun/nio/fs/WindowsException'{0x000000008a9455c8}> (0x000000008a9455c8) 
thrown [s\open\src\hotspot\share\prims\jni.cpp, line 516]
Event: 5.009 Thread 0x000002a16f9e6590 Exception <a 'sun/nio/fs/WindowsException'{0x000000008a946588}> (0x000000008a946588) 
thrown [s\open\src\hotspot\share\prims\jni.cpp, line 516]
Event: 5.009 Thread 0x000002a16f9e6590 Exception <a 'sun/nio/fs/WindowsException'{0x000000008a947450}> (0x000000008a947450) 
thrown [s\open\src\hotspot\share\prims\jni.cpp, line 516]
Event: 5.009 Thread 0x000002a16f9e6590 Implicit null exception at 0x000002a107e313e0 to 0x000002a107e31d50

VM Operations (20 events):
Event: 3.784 Executing non-safepoint VM operation: HandshakeAllThreads (Deoptimize)
Event: 3.784 Executing non-safepoint VM operation: HandshakeAllThreads (Deoptimize) done
Event: 3.789 Executing non-safepoint VM operation: HandshakeAllThreads (Deoptimize)
Event: 3.789 Executing non-safepoint VM operation: HandshakeAllThreads (Deoptimize) done
Event: 3.852 Executing non-safepoint VM operation: HandshakeAllThreads (Deoptimize)
Event: 3.852 Executing non-safepoint VM operation: HandshakeAllThreads (Deoptimize) done
Event: 3.856 Executing non-safepoint VM operation: HandshakeAllThreads (Deoptimize)
Event: 3.856 Executing non-safepoint VM operation: HandshakeAllThreads (Deoptimize) done
Event: 3.962 Executing safepoint VM operation: CollectForMetadataAllocation (Metadata GC Threshold)
Event: 3.973 Executing safepoint VM operation: CollectForMetadataAllocation (Metadata GC Threshold) done
Event: 3.987 Executing safepoint VM operation: G1PauseRemark
Event: 3.995 Executing safepoint VM operation: G1PauseRemark done
Event: 3.999 Executing safepoint VM operation: G1PauseCleanup
Event: 4.000 Executing safepoint VM operation: G1PauseCleanup done
Event: 4.473 Executing non-safepoint VM operation: HandshakeAllThreads (Deoptimize)
Event: 4.473 Executing non-safepoint VM operation: HandshakeAllThreads (Deoptimize) done
Event: 4.797 Executing non-safepoint VM operation: HandshakeAllThreads (Deoptimize)
Event: 4.798 Executing non-safepoint VM operation: HandshakeAllThreads (Deoptimize) done
Event: 4.982 Executing safepoint VM operation: G1CollectForAllocation (G1 Evacuation Pause)
Event: 5.005 Executing safepoint VM operation: G1CollectForAllocation (G1 Evacuation Pause) done

Memory protections (0 events):
No events

Nmethod flushes (0 events):
No events

Events (19 events):
Event: 0.017 Thread 0x000002a16f9e6590 Thread added: 0x000002a16f9e6590
Event: 0.026 Thread 0x000002a16f9e6590 Thread added: 0x000002a10f182f30
Event: 0.026 Thread 0x000002a16f9e6590 Thread added: 0x000002a10f184700
Event: 0.026 Thread 0x000002a16f9e6590 Thread added: 0x000002a10f1857a0
Event: 0.026 Thread 0x000002a16f9e6590 Thread added: 0x000002a10f186710
Event: 0.026 Thread 0x000002a16f9e6590 Thread added: 0x000002a10f18b420
Event: 0.026 Thread 0x000002a16f9e6590 Thread added: 0x000002a10f193ff0
Event: 0.026 Thread 0x000002a16f9e6590 Thread added: 0x000002a10f1a7030
Event: 0.026 Thread 0x000002a16f9e6590 Thread added: 0x000002a10f1b1300
Event: 0.031 Thread 0x000002a10f1a7030 Thread added: 0x000002a10f1af2c0
Event: 0.042 Thread 0x000002a16f9e6590 Thread added: 0x000002a10f778780
Event: 0.043 Thread 0x000002a16f9e6590 Thread added: 0x000002a10f779550
Event: 0.171 Thread 0x000002a16f9e6590 Thread added: 0x000002a10f902130
Event: 0.181 Thread 0x000002a10f902130 Thread exited: 0x000002a10f902130
Event: 0.266 Thread 0x000002a10f1b1300 Thread added: 0x000002a10f1ae2a0
Event: 0.266 Thread 0x000002a10f1b1300 Thread added: 0x000002a10f1b0af0
Event: 0.286 Thread 0x000002a10f1a7030 Thread added: 0x000002a10f1b3340
Event: 1.510 Thread 0x000002a16f9e6590 Thread added: 0x000002a114e4c000
Event: 1.750 Thread 0x000002a10f1ae2a0 Thread added: 0x000002a114b6ffd0


Dynamic libraries:
0x00007ff60f280000 - 0x00007ff60f290000 	C:\Program Files\Java\jdk-25\bin\java.exe
0x00007ffe77220000 - 0x00007ffe77489000 	C:\WINDOWS\SYSTEM32\ntdll.dll
0x00007ffe75fa0000 - 0x00007ffe76069000 	C:\WINDOWS\System32\KERNEL32.DLL
0x00007ffe74bc0000 - 0x00007ffe74fb3000 	C:\WINDOWS\System32\KERNELBASE.dll
0x00007ffe74670000 - 0x00007ffe747bb000 	C:\WINDOWS\System32\ucrtbase.dll
0x00007ffe52870000 - 0x00007ffe5288e000 	C:\Program Files\Java\jdk-25\bin\VCRUNTIME140.dll
0x00007ffe52260000 - 0x00007ffe52277000 	C:\Program Files\Java\jdk-25\bin\jli.dll
0x00007ffe75dd0000 - 0x00007ffe75f94000 	C:\WINDOWS\System32\USER32.dll
0x00007ffe5a7e0000 - 0x00007ffe5aa73000 	C:\WINDOWS\WinSxS\amd64_microsoft.windows.common-controls_6595b64144ccf1df_6.0.26100.5074_none_3e0d6f78e32fd63f\COMCTL32.dll
0x00007ffe749a0000 - 0x00007ffe749c7000 	C:\WINDOWS\System32\win32u.dll
0x00007ffe76eb0000 - 0x00007ffe76f59000 	C:\WINDOWS\System32\msvcrt.dll
0x00007ffe76f60000 - 0x00007ffe76f8b000 	C:\WINDOWS\System32\GDI32.dll
0x00007ffe74a90000 - 0x00007ffe74bbd000 	C:\WINDOWS\System32\gdi32full.dll
0x00007ffe747c0000 - 0x00007ffe74863000 	C:\WINDOWS\System32\msvcp_win.dll
0x00007ffe76220000 - 0x00007ffe7624f000 	C:\WINDOWS\System32\IMM32.DLL
0x00007ffe6f810000 - 0x00007ffe6f81c000 	C:\Program Files\Java\jdk-25\bin\vcruntime140_1.dll
0x00007ffe47ab0000 - 0x00007ffe47b3d000 	C:\Program Files\Java\jdk-25\bin\msvcp140.dll
0x00007ffdfd300000 - 0x00007ffdfe15f000 	C:\Program Files\Java\jdk-25\bin\server\jvm.dll
0x00007ffe76df0000 - 0x00007ffe76ea4000 	C:\WINDOWS\System32\ADVAPI32.dll
0x00007ffe76f90000 - 0x00007ffe77036000 	C:\WINDOWS\System32\sechost.dll
0x00007ffe74fc0000 - 0x00007ffe750d8000 	C:\WINDOWS\System32\RPCRT4.dll
0x00007ffe75d50000 - 0x00007ffe75dc4000 	C:\WINDOWS\System32\WS2_32.dll
0x00007ffe741e0000 - 0x00007ffe7423e000 	C:\WINDOWS\SYSTEM32\POWRPROF.dll
0x00007ffe67960000 - 0x00007ffe67995000 	C:\WINDOWS\SYSTEM32\WINMM.dll
0x00007ffe6ddd0000 - 0x00007ffe6dddb000 	C:\WINDOWS\SYSTEM32\VERSION.dll
0x00007ffe741c0000 - 0x00007ffe741d4000 	C:\WINDOWS\SYSTEM32\UMPDC.dll
0x00007ffe73120000 - 0x00007ffe7313b000 	C:\WINDOWS\SYSTEM32\kernel.appcore.dll
0x00007ffe5bb80000 - 0x00007ffe5bb8a000 	C:\Program Files\Java\jdk-25\bin\jimage.dll
0x00007ffe65f80000 - 0x00007ffe661c2000 	C:\WINDOWS\SYSTEM32\DBGHELP.DLL
0x00007ffe75170000 - 0x00007ffe754eb000 	C:\WINDOWS\System32\combase.dll
0x00007ffe75580000 - 0x00007ffe75657000 	C:\WINDOWS\System32\OLEAUT32.dll
0x00007ffe60290000 - 0x00007ffe602cd000 	C:\WINDOWS\SYSTEM32\dbgcore.DLL
0x00007ffe74900000 - 0x00007ffe74999000 	C:\WINDOWS\System32\bcryptPrimitives.dll
0x00007ffe4fcc0000 - 0x00007ffe4fcdf000 	C:\Program Files\Java\jdk-25\bin\java.dll
0x00007ffe76070000 - 0x00007ffe76208000 	C:\WINDOWS\System32\ole32.dll
0x00007ffe76530000 - 0x00007ffe76c7d000 	C:\WINDOWS\System32\SHELL32.dll
0x00007ffe74380000 - 0x00007ffe744ec000 	C:\WINDOWS\System32\wintypes.dll
0x00007ffe71f90000 - 0x00007ffe727e9000 	C:\WINDOWS\SYSTEM32\windows.storage.dll
0x00007ffe75bf0000 - 0x00007ffe75ce0000 	C:\WINDOWS\System32\SHCORE.dll
0x00007ffe76440000 - 0x00007ffe764a2000 	C:\WINDOWS\System32\shlwapi.dll
0x00007ffe742a0000 - 0x00007ffe742c9000 	C:\WINDOWS\SYSTEM32\profapi.dll
0x00007ffe4b600000 - 0x00007ffe4b612000 	C:\Program Files\Java\jdk-25\bin\net.dll
0x00007ffe73680000 - 0x00007ffe736eb000 	C:\WINDOWS\system32\mswsock.dll
0x00007ffe47c00000 - 0x00007ffe47c16000 	C:\Program Files\Java\jdk-25\bin\nio.dll
0x00007ffe47be0000 - 0x00007ffe47bf7000 	C:\Program Files\Java\jdk-25\bin\zip.dll
0x00007ffe6f830000 - 0x00007ffe6f854000 	C:\Users\ASUS\.m2\wrapper\dists\apache-maven-3.9.14\ed7edd442f634ac1c1ef5ba2b61b6d690b5221091f1a8e1123f5fadcc967520d\lib\jansi-native\Windows\x86_64\jansi.dll
0x00007ffe6f820000 - 0x00007ffe6f830000 	C:\Program Files\Java\jdk-25\bin\verify.dll

JVMTI agents: none

dbghelp: loaded successfully - version: 4.0.5 - missing functions: none
symbol engine: initialized successfully - sym options: 0x614 - pdb path: .;C:\Program Files\Java\jdk-25\bin;C:\WINDOWS\SYSTEM32;C:\WINDOWS\WinSxS\amd64_microsoft.windows.common-controls_6595b64144ccf1df_6.0.26100.5074_none_3e0d6f78e32fd63f;C:\Program Files\Java\jdk-25\bin\server;C:\Users\ASUS\.m2\wrapper\dists\apache-maven-3.9.14\ed7edd442f634ac1c1ef5ba2b61b6d690b5221091f1a8e1123f5fadcc967520d\lib\jansi-native\Windows\x86_64

VM Arguments:
jvm_args: --add-opens=jdk.compiler/com.sun.tools.javac.code=ALL-UNNAMED --add-opens=jdk.compiler/com.sun.tools.javac.comp=ALL-UNNAMED --add-opens=jdk.compiler/com.sun.tools.javac.file=ALL-UNNAMED --add-opens=jdk.compiler/com.sun.tools.javac.main=ALL-UNNAMED --add-opens=jdk.compiler/com.sun.tools.javac.model=ALL-UNNAMED --add-opens=jdk.compiler/com.sun.tools.javac.parser=ALL-UNNAMED --add-opens=jdk.compiler/com.sun.tools.javac.processing=ALL-UNNAMED --add-opens=jdk.compiler/com.sun.tools.javac.tree=ALL-UNNAMED --add-opens=jdk.compiler/com.sun.tools.javac.util=ALL-UNNAMED --enable-native-access=ALL-UNNAMED -Dclassworlds.conf=C:\Users\ASUS\.m2\wrapper\dists\apache-maven-3.9.14\ed7edd442f634ac1c1ef5ba2b61b6d690b5221091f1a8e1123f5fadcc967520d\bin\m2.conf -Dmaven.home=C:\Users\ASUS\.m2\wrapper\dists\apache-maven-3.9.14\ed7edd442f634ac1c1ef5ba2b61b6d690b5221091f1a8e1123f5fadcc967520d -Dlibrary.jansi.path=C:\Users\ASUS\.m2\wrapper\dists\apache-maven-3.9.14\ed7edd442f634ac1c1ef5ba2b61b6d690b5221091f1a8e1123f5fadcc967520d\lib\jansi-native -Dmaven.multiModuleProjectDirectory=D:\SPRINGBOOT\Spring_ecomerc\Spring_ecomerc 
java_command: org.codehaus.plexus.classworlds.launcher.Launcher clean compile
java_class_path (initial): C:\Users\ASUS\.m2\wrapper\dists\apache-maven-3.9.14\ed7edd442f634ac1c1ef5ba2b61b6d690b5221091f1a8e1123f5fadcc967520d\boot\plexus-classworlds-2.9.0.jar
Launcher Type: SUN_STANDARD

[Global flags]
     intx CICompilerCount                          = 12                                        {product} {ergonomic}
     uint ConcGCThreads                            = 3                                         {product} {ergonomic}
     uint G1ConcRefinementThreads                  = 13                                        {product} {ergonomic}
   size_t G1HeapRegionSize                         = 1048576                                   {product} {ergonomic}
   size_t InitialHeapSize                          = 132120576                                 {product} {ergonomic}
   size_t MarkStackSize                            = 4194304                                   {product} {ergonomic}
   size_t MarkStackSizeMax                         = 536870912                                 {product} {ergonomic}
   size_t MaxHeapSize                              = 2101346304                                {product} {ergonomic}
   size_t MaxNewSize                               = 1260388352                                {product} {ergonomic}
   size_t MinHeapDeltaBytes                        = 1048576                                   {product} {ergonomic}
   size_t MinHeapSize                              = 8388608                                   {product} {ergonomic}
    uintx NonNMethodCodeHeapSize                   = 7602176                                {pd product} {ergonomic}
    uintx NonProfiledCodeHeapSize                  = 122093568                              {pd product} {ergonomic}
    uintx ProfiledCodeHeapSize                     = 121962496                              {pd product} {ergonomic}
    uintx ReservedCodeCacheSize                    = 251658240                              {pd product} {ergonomic}
     bool SegmentedCodeCache                       = true                                      {product} {ergonomic}
   size_t SoftMaxHeapSize                          = 2101346304                             {manageable} {ergonomic}
     bool UseCompressedOops                        = true                           {product lp64_product} {ergonomic}
     bool UseG1GC                                  = true                                      {product} {ergonomic}
     bool UseLargePagesIndividualAllocation        = false                                  {pd product} {ergonomic}

Logging:
Log output configuration:
 #0: stdout all=warning uptime,level,tags foldmultilines=false
 #1: stderr all=off uptime,level,tags foldmultilines=false

Release file:
IMPLEMENTOR="Oracle Corporation" 
JAVA_RUNTIME_VERSION="25.0.1+8-LTS-27" 
JAVA_VERSION="25.0.1" 
JAVA_VERSION_DATE="2025-10-21" 
LIBC="default" 
MODULES="java.base java.compiler java.datatransfer java.xml java.prefs java.desktop java.instrument java.logging java.management java.security.sasl java.naming java.rmi java.management.rmi java.net.http java.scripting java.security.jgss java.transaction.xa java.sql java.sql.rowset java.xml.crypto java.se java.smartcardio jdk.accessibility jdk.internal.jvmstat jdk.attach jdk.charsets jdk.internal.opt jdk.zipfs jdk.compiler jdk.crypto.cryptoki jdk.crypto.ec jdk.crypto.mscapi jdk.dynalink jdk.internal.ed jdk.editpad jdk.internal.vm.ci jdk.graal.compiler jdk.graal.compiler.management jdk.hotspot.agent jdk.httpserver jdk.incubator.vector jdk.internal.le jdk.internal.md jdk.jartool jdk.javadoc jdk.jcmd jdk.management jdk.management.agent jdk.jconsole jdk.jdeps jdk.jdwp.agent jdk.jdi jdk.jfr jdk.jlink jdk.jpackage jdk.jshell jdk.jsobject jdk.jstatd jdk.localedata jdk.management.jfr jdk.naming.dns jdk.naming.rmi jdk.net jdk.nio.mapmode jdk.sctp jdk.security.auth jdk.security.jgss jdk.unsupported jdk.unsupported.desktop jdk.xml.dom" 
OS_ARCH="x86_64" 
OS_NAME="Windows" 
SOURCE=".:git:862c85bc42b7 open:git:78770bfaefd2" 

Environment Variables:
PATH=C:\Program Files\Java\jdk-25\bin;C:\Program Files\Python313\Scripts\;C:\Program Files\Python313\;C:\Program Files (x86)\VMware\VMware Workstation\bin\;C:\WINDOWS\system32;C:\WINDOWS;C:\WINDOWS\System32\Wbem;C:\WINDOWS\System32\WindowsPowerShell\v1.0\;C:\WINDOWS\System32\OpenSSH\;C:\Program Files\NVIDIA Corporation\NVIDIA App\NvDLISR;C:\Program Files (x86)\NVIDIA Corporation\PhysX\Common;C:\Program Files\dotnet\;C:\php-8.4.7;C:\ProgramData\ComposerSetup\bin;C:\Program Files\nodejs\;C:\Program Files\Git\cmd;C:\Program Files\MongoDB\Server\8.2\bin;C:\Program Files\Java\jdk-25\;;C:\ProgramData\chocolatey\bin;C:\Program Files\Microsoft SQL Server\150\Tools\Binn\;C:\Program Files\Microsoft SQL Server\Client SDK\ODBC\170\Tools\Binn\;C:\Program Files\Microsoft SQL Server\170\DTS\Binn\;C:\Program Files\Docker\Docker\resources\bin;c:\Users\ASUS\AppData\Local\Programs\cursor\resources\app\codeBin;C:\Program Files\Java\jdk-25\bin;C:\Users\ASUS\AppData\Local\Microsoft\WindowsApps;C:\Visaul Studio\Microsoft VS Code\bin;C:\Users\ASUS\AppData\Local\Programs\Azure Data Studio\bin;C:\Program Files\Azure Data Studio\bin;C:\Users\ASUS\AppData\Local\GitHubDesktop\bin;C:\Users\ASUS\AppData\Roaming\Composer\vendor\bin;C:\Users\ASUS\AppData\Roaming\npm;C:\Program Files\mongosh\;C:\Program Files\IntelliJ IDEA 2025.2.3\bin;C:\Program Files\JetBrains\WebStorm 2025.2.3\bin;C:\Program Files (x86)\Microsoft Visual Studio\Shared\NuGetPackages\microsoft.visualstudio.javascript.sdk;C:\Program Files\Java\jdk-25\;C:\Users\ASUS\.dotnet\tools;C:\Users\ASUS\AppData\Local\Microsoft\WinGet\Links;C:\Users\ASUS\AppData\Local\Programs\Antigravity\bin;C:\Users\ASUS\AppData\Local\Programs\cursor\resources\app\bin;c:\Users\ASUS\.antigravity\extensions\vscjava.vscode-java-debug-0.58.5-universal\bundled\scripts\noConfigScripts
USERNAME=ASUS
LANG=en_US.UTF-8
OS=Windows_NT
PROCESSOR_IDENTIFIER=AMD64 Family 25 Model 68 Stepping 1, AuthenticAMD
TMP=C:\Users\ASUS\AppData\Local\Temp
TEMP=C:\Users\ASUS\AppData\Local\Temp




Compilation memory statistics disabled.

Periodic native trim disabled

---------------  S Y S T E M  ---------------

OS:
 Windows 11 , 64 bit Build 26100 (10.0.26100.5074)
OS uptime: 0 days 1:26 hours
Hyper-V role detected

CPU: total 16 (initial active 16) (16 cores per cpu, 2 threads per core) family 25 model 68 stepping 1 microcode 0xa404107, cx8, cmov, fxsr, ht, mmx, 3dnowpref, sse, sse2, sse3, ssse3, sse4a, sse4.1, sse4.2, popcnt, lzcnt, tsc, tscinvbit, avx, avx2, aes, erms, clmul, bmi1, bmi2, adx, sha, fma, vzeroupper, clflush, clflushopt, clwb, hv, rdtscp, rdpid, fsrm, f16c, cet_ss
Processor Information for the first 16 processors :
  Max Mhz: 3100, Current Mhz: 3100, Mhz Limit: 3100

Memory: 4k page, system-wide physical 8010M (805M free)
TotalPageFile size 24394M (AvailPageFile size 377M)
current process WorkingSet (physical memory assigned to process): 236M, peak: 250M
current process commit charge ("private bytes"): 286M, peak: 310M

vm_info: Java HotSpot(TM) 64-Bit Server VM (25.0.1+8-LTS-27) for windows-amd64 JRE (25.0.1+8-LTS-27), built on 2025-09-25T16:41:16Z with unknown MS VC++:1943

END.
