#
# There is insufficient memory for the Java Runtime Environment to continue.
# Native memory allocation (malloc) failed to allocate 1616576 bytes. Error detail: Chunk::new
# Possible reasons:
#   The system is out of physical RAM or swap space
#   This process is running with CompressedOops enabled, and the Java Heap may be blocking the growth of the native heap
# Possible solutions:
#   Reduce memory load on the system
#   Increase physical memory or swap space
#   Check if swap backing store is full
#   Decrease Java heap size (-Xmx/-Xms)
#   Decrease number of Java threads
#   Decrease Java thread stack sizes (-Xss)
#   Set larger code cache with -XX:ReservedCodeCacheSize=
#   JVM is running with Unscaled Compressed Oops mode in which the Java heap is
#     placed in the first 4GB address space. The Java Heap base address is the
#     maximum limit for the native heap growth. Please use -XX:HeapBaseMinAddress
#     to set the Java Heap base and to place the Java Heap above 4GB virtual address.
# This output file may be truncated or incomplete.
#
#  Out of Memory Error (arena.cpp:168), pid=38820, tid=1440
#
# JRE version: OpenJDK Runtime Environment Temurin-21.0.10+7 (21.0.10+7) (build 21.0.10+7-LTS)
# Java VM: OpenJDK 64-Bit Server VM Temurin-21.0.10+7 (21.0.10+7-LTS, mixed mode, sharing, tiered, compressed oops, compressed class ptrs, parallel gc, windows-amd64)
# No core dump will be written. Minidumps are not enabled by default on client versions of Windows
#

---------------  S U M M A R Y ------------

Command Line: --add-modules=ALL-SYSTEM --add-opens=java.base/java.util=ALL-UNNAMED --add-opens=java.base/java.lang=ALL-UNNAMED --add-opens=java.base/sun.nio.fs=ALL-UNNAMED -Declipse.application=org.eclipse.jdt.ls.core.id1 -Dosgi.bundles.defaultStartLevel=4 -Declipse.product=org.eclipse.jdt.ls.core.product -Djava.import.generatesMetadataFilesAtProjectRoot=false -DDetectVMInstallationsJob.disabled=true -Dfile.encoding=utf8 -XX:+UseParallelGC -XX:GCTimeRatio=4 -XX:AdaptiveSizePolicyWeight=90 -Dsun.zip.disableMemoryMapping=true -Xmx2G -Xms100m -Xlog:disable -javaagent:c:\Users\ASUS\.vscode\extensions\redhat.java-1.53.0-win32-x64\lombok\lombok-1.18.39-4050.jar -XX:+HeapDumpOnOutOfMemoryError -XX:HeapDumpPath=c:\Users\ASUS\AppData\Roaming\Code\User\workspaceStorage\072664e477a3092332c4219defd89c4c\redhat.java -Daether.dependencyCollector.impl=bf c:\Users\ASUS\.vscode\extensions\redhat.java-1.53.0-win32-x64\server\plugins\org.eclipse.equinox.launcher_1.7.100.v20251111-0406.jar -configuration c:\Users\ASUS\AppData\Roaming\Code\User\globalStorage\redhat.java\1.53.0\config_win -data c:\Users\ASUS\AppData\Roaming\Code\User\workspaceStorage\072664e477a3092332c4219defd89c4c\redhat.java\jdt_ws --pipe=\\.\pipe\lsp-652a0e4ffbb6b612662e16fc81029117-sock

Host: AMD Ryzen 7 7435HS                             , 16 cores, 7G,  Windows 11 , 64 bit Build 26100 (10.0.26100.5074)
Time: Thu Apr  2 14:48:48 2026 SE Asia Standard Time elapsed time: 227.969718 seconds (0d 0h 3m 47s)

---------------  T H R E A D  ---------------

Current thread (0x0000022ddbdca750):  JavaThread "C2 CompilerThread0" daemon [_thread_in_native, id=1440, stack(0x0000003669800000,0x0000003669900000) (1024K)]


Current CompileTask:
C2:227969 18853       4       org.eclipse.jdt.internal.compiler.lookup.ModuleBinding::getVisiblePackage (472 bytes)

Stack: [0x0000003669800000,0x0000003669900000]
Native frames: (J=compiled Java code, j=interpreted, Vv=VM code, C=native code)
V  [jvm.dll+0x6d7a39]
V  [jvm.dll+0x8b4b26]
V  [jvm.dll+0x8b70de]
V  [jvm.dll+0x8b77c3]
V  [jvm.dll+0x284346]
V  [jvm.dll+0xc66ed]
V  [jvm.dll+0xc6c31]
V  [jvm.dll+0x3bec3b]
V  [jvm.dll+0x38b162]
V  [jvm.dll+0x38a5aa]
V  [jvm.dll+0x24c560]
V  [jvm.dll+0x24bb40]
V  [jvm.dll+0x1cb34e]
V  [jvm.dll+0x25b85d]
V  [jvm.dll+0x259dea]
V  [jvm.dll+0x3f857e]
V  [jvm.dll+0x85f59d]
V  [jvm.dll+0x6d626d]
C  [ucrtbase.dll+0x37b0]
C  [KERNEL32.DLL+0x2e8d7]
C  [ntdll.dll+0x8d9c]


---------------  P R O C E S S  ---------------

Threads class SMR info:
_java_thread_list=0x0000022dcbf4f810, length=96, elements={
0x0000022dd996bfa0, 0x0000022ddbdb33b0, 0x0000022ddbcbded0, 0x0000022ddbdb5a40,
0x0000022ddbdb7460, 0x0000022ddbdbbe00, 0x0000022ddbdc3f50, 0x0000022ddbdca750,
0x0000022ddbdcc780, 0x0000022df3c9d6e0, 0x0000022df5387a50, 0x0000022df5b0f890,
0x0000022df5911160, 0x0000022df55b3980, 0x0000022df3b92cd0, 0x0000022df5860800,
0x0000022dfa1df780, 0x0000022df55064d0, 0x0000022dfab38360, 0x0000022dfab389f0,
0x0000022dfab37640, 0x0000022dfab37cd0, 0x0000022dfb781730, 0x0000022dfb77fcf0,
0x0000022dfb77e2b0, 0x0000022dfb780380, 0x0000022dfb780a10, 0x0000022dfb7810a0,
0x0000022dfb77efd0, 0x0000022dfb77f660, 0x0000022dfb77e940, 0x0000022dfb782ae0,
0x0000022dfb783170, 0x0000022dfb783800, 0x0000022dfb781dc0, 0x0000022dfb785240,
0x0000022dfb783e90, 0x0000022dfb782450, 0x0000022dfb784bb0, 0x0000022dfb784520,
0x0000022dfb7858d0, 0x0000022dfdaa43e0, 0x0000022dfdaa3030, 0x0000022dfdaa5e20,
0x0000022dfdaa36c0, 0x0000022dfdaa4a70, 0x0000022dfdaa29a0, 0x0000022dfdaa71d0,
0x0000022dfdaa6b40, 0x0000022dfdaa3d50, 0x0000022dfdaa7ef0, 0x0000022dfdaa5790,
0x0000022dfdaa7860, 0x0000022dfdaa64b0, 0x0000022dfdaa8580, 0x0000022dfdaa5100,
0x0000022dfdaa8c10, 0x0000022dfdaa92a0, 0x0000022dfdaa9930, 0x0000022dfdaa9fc0,
0x0000022dfd190cb0, 0x0000022dfcf43c40, 0x0000022dfcf407c0, 0x0000022dfcf414e0,
0x0000022dfcf45d10, 0x0000022dfcf42890, 0x0000022dfcf463a0, 0x0000022dfcf46a30,
0x0000022dfcf470c0, 0x0000022dfcf47750, 0x0000022dfd192060, 0x0000022dfd1926f0,
0x0000022dfd18ff90, 0x0000022dfd190620, 0x0000022dfec1cac0, 0x0000022dfec1f220,
0x0000022dfec1d150, 0x0000022dfec1d7e0, 0x0000022dfec1f8b0, 0x0000022dfec1ff40,
0x0000022dfec1de70, 0x0000022dfa884390, 0x0000022dfa884a20, 0x0000022dfa882fe0,
0x0000022dfa882950, 0x0000022dfa886460, 0x0000022dfa885740, 0x0000022dfa886af0,
0x0000022dfa883670, 0x0000022dfa887180, 0x0000022dfa887ea0, 0x0000022dfa889f70,
0x0000022dfa8898e0, 0x0000022dfa888530, 0x0000022dfa888bc0, 0x0000022dfa889250
}

Java Threads: ( => current thread )
  0x0000022dd996bfa0 JavaThread "main"                              [_thread_blocked, id=12816, stack(0x0000003668e00000,0x0000003668f00000) (1024K)]
  0x0000022ddbdb33b0 JavaThread "Reference Handler"          daemon [_thread_blocked, id=4788, stack(0x0000003669200000,0x0000003669300000) (1024K)]
  0x0000022ddbcbded0 JavaThread "Finalizer"                  daemon [_thread_blocked, id=2344, stack(0x0000003669300000,0x0000003669400000) (1024K)]
  0x0000022ddbdb5a40 JavaThread "Signal Dispatcher"          daemon [_thread_blocked, id=31216, stack(0x0000003669400000,0x0000003669500000) (1024K)]
  0x0000022ddbdb7460 JavaThread "Attach Listener"            daemon [_thread_blocked, id=4976, stack(0x0000003669500000,0x0000003669600000) (1024K)]
  0x0000022ddbdbbe00 JavaThread "Service Thread"             daemon [_thread_blocked, id=31064, stack(0x0000003669600000,0x0000003669700000) (1024K)]
  0x0000022ddbdc3f50 JavaThread "Monitor Deflation Thread"   daemon [_thread_blocked, id=36160, stack(0x0000003669700000,0x0000003669800000) (1024K)]
=>0x0000022ddbdca750 JavaThread "C2 CompilerThread0"         daemon [_thread_in_native, id=1440, stack(0x0000003669800000,0x0000003669900000) (1024K)]
  0x0000022ddbdcc780 JavaThread "C1 CompilerThread0"         daemon [_thread_blocked, id=16608, stack(0x0000003669900000,0x0000003669a00000) (1024K)]
  0x0000022df3c9d6e0 JavaThread "Common-Cleaner"             daemon [_thread_blocked, id=22936, stack(0x0000003669b00000,0x0000003669c00000) (1024K)]
  0x0000022df5387a50 JavaThread "Notification Thread"        daemon [_thread_blocked, id=14960, stack(0x0000003669f00000,0x000000366a000000) (1024K)]
  0x0000022df5b0f890 JavaThread "Active Thread: Equinox Container: 931ae7aa-4034-4bb9-a44f-72e455629b2d"        [_thread_blocked, id=35036, stack(0x000000366a600000,0x000000366a700000) (1024K)]
  0x0000022df5911160 JavaThread "Refresh Thread: Equinox Container: 931ae7aa-4034-4bb9-a44f-72e455629b2d" daemon [_thread_blocked, id=30520, stack(0x0000003669c00000,0x0000003669d00000) (1024K)]
  0x0000022df55b3980 JavaThread "Framework Event Dispatcher: Equinox Container: 931ae7aa-4034-4bb9-a44f-72e455629b2d" daemon [_thread_blocked, id=31276, stack(0x0000003669a00000,0x0000003669b00000) (1024K)]
  0x0000022df3b92cd0 JavaThread "Start Level: Equinox Container: 931ae7aa-4034-4bb9-a44f-72e455629b2d" daemon [_thread_blocked, id=8992, stack(0x0000003669d00000,0x0000003669e00000) (1024K)]
  0x0000022df5860800 JavaThread "Bundle File Closer"         daemon [_thread_blocked, id=28180, stack(0x000000366ab00000,0x000000366ac00000) (1024K)]
  0x0000022dfa1df780 JavaThread "SCR Component Actor"        daemon [_thread_blocked, id=37520, stack(0x000000366aa00000,0x000000366ab00000) (1024K)]
  0x0000022df55064d0 JavaThread "Worker-JM"                         [_thread_blocked, id=28520, stack(0x000000366ad00000,0x000000366ae00000) (1024K)]
  0x0000022dfab38360 JavaThread "JNA Cleaner"                daemon [_thread_blocked, id=32524, stack(0x000000366ae00000,0x000000366af00000) (1024K)]
  0x0000022dfab389f0 JavaThread "Worker-0"                          [_thread_blocked, id=27516, stack(0x000000366af00000,0x000000366b000000) (1024K)]
  0x0000022dfab37640 JavaThread "Worker-1"                          [_thread_blocked, id=24676, stack(0x000000366b200000,0x000000366b300000) (1024K)]
  0x0000022dfab37cd0 JavaThread "Worker-2"                          [_thread_blocked, id=17264, stack(0x000000366b700000,0x000000366b800000) (1024K)]
  0x0000022dfb781730 JavaThread "Java indexing"              daemon [_thread_blocked, id=29360, stack(0x000000366b800000,0x000000366b900000) (1024K)]
  0x0000022dfb77fcf0 JavaThread "Worker-3"                          [_thread_blocked, id=19540, stack(0x000000366bc00000,0x000000366bd00000) (1024K)]
  0x0000022dfb77e2b0 JavaThread "Worker-4"                          [_thread_blocked, id=35112, stack(0x000000366bd00000,0x000000366be00000) (1024K)]
  0x0000022dfb780380 JavaThread "Thread-1"                   daemon [_thread_in_native, id=10716, stack(0x000000366be00000,0x000000366bf00000) (1024K)]
  0x0000022dfb780a10 JavaThread "Thread-2"                   daemon [_thread_in_native, id=6544, stack(0x000000366bf00000,0x000000366c000000) (1024K)]
  0x0000022dfb7810a0 JavaThread "Thread-3"                   daemon [_thread_in_native, id=27436, stack(0x000000366c000000,0x000000366c100000) (1024K)]
  0x0000022dfb77efd0 JavaThread "Thread-4"                   daemon [_thread_in_native, id=34084, stack(0x000000366c100000,0x000000366c200000) (1024K)]
  0x0000022dfb77f660 JavaThread "Thread-5"                   daemon [_thread_in_native, id=37084, stack(0x000000366c200000,0x000000366c300000) (1024K)]
  0x0000022dfb77e940 JavaThread "Thread-6"                   daemon [_thread_in_native, id=38252, stack(0x000000366c300000,0x000000366c400000) (1024K)]
  0x0000022dfb782ae0 JavaThread "Thread-7"                   daemon [_thread_in_native, id=32736, stack(0x000000366c400000,0x000000366c500000) (1024K)]
  0x0000022dfb783170 JavaThread "Thread-8"                   daemon [_thread_in_native, id=11680, stack(0x000000366c500000,0x000000366c600000) (1024K)]
  0x0000022dfb783800 JavaThread "Thread-9"                   daemon [_thread_in_native, id=708, stack(0x000000366c600000,0x000000366c700000) (1024K)]
  0x0000022dfb781dc0 JavaThread "Thread-10"                  daemon [_thread_in_native, id=24740, stack(0x000000366c700000,0x000000366c800000) (1024K)]
  0x0000022dfb785240 JavaThread "Thread-11"                  daemon [_thread_in_native, id=23832, stack(0x000000366c800000,0x000000366c900000) (1024K)]
  0x0000022dfb783e90 JavaThread "Thread-12"                  daemon [_thread_in_native, id=30032, stack(0x000000366c900000,0x000000366ca00000) (1024K)]
  0x0000022dfb782450 JavaThread "Thread-13"                  daemon [_thread_in_native, id=30952, stack(0x000000366ca00000,0x000000366cb00000) (1024K)]
  0x0000022dfb784bb0 JavaThread "Thread-14"                  daemon [_thread_in_native, id=38624, stack(0x000000366cb00000,0x000000366cc00000) (1024K)]
  0x0000022dfb784520 JavaThread "Thread-15"                  daemon [_thread_in_native, id=36704, stack(0x000000366cc00000,0x000000366cd00000) (1024K)]
  0x0000022dfb7858d0 JavaThread "Thread-16"                  daemon [_thread_in_native, id=14076, stack(0x000000366cd00000,0x000000366ce00000) (1024K)]
  0x0000022dfdaa43e0 JavaThread "Thread-17"                  daemon [_thread_in_native, id=33984, stack(0x000000366ce00000,0x000000366cf00000) (1024K)]
  0x0000022dfdaa3030 JavaThread "pool-2-thread-1"                   [_thread_blocked, id=5852, stack(0x000000366cf00000,0x000000366d000000) (1024K)]
  0x0000022dfdaa5e20 JavaThread "WorkspaceEventsHandler"            [_thread_blocked, id=5820, stack(0x000000366d000000,0x000000366d100000) (1024K)]
  0x0000022dfdaa36c0 JavaThread "pool-1-thread-1"                   [_thread_blocked, id=31152, stack(0x000000366d100000,0x000000366d200000) (1024K)]
  0x0000022dfdaa4a70 JavaThread "ForkJoinPool.commonPool-worker-1" daemon [_thread_blocked, id=16364, stack(0x000000366d200000,0x000000366d300000) (1024K)]
  0x0000022dfdaa29a0 JavaThread "ForkJoinPool.commonPool-worker-2" daemon [_thread_blocked, id=35948, stack(0x000000366d300000,0x000000366d400000) (1024K)]
  0x0000022dfdaa71d0 JavaThread "ForkJoinPool.commonPool-worker-3" daemon [_thread_blocked, id=12608, stack(0x000000366d400000,0x000000366d500000) (1024K)]
  0x0000022dfdaa6b40 JavaThread "ForkJoinPool.commonPool-worker-4" daemon [_thread_blocked, id=28304, stack(0x000000366d500000,0x000000366d600000) (1024K)]
  0x0000022dfdaa3d50 JavaThread "ForkJoinPool.commonPool-worker-5" daemon [_thread_blocked, id=29232, stack(0x000000366d600000,0x000000366d700000) (1024K)]
  0x0000022dfdaa7ef0 JavaThread "ForkJoinPool.commonPool-worker-6" daemon [_thread_blocked, id=37600, stack(0x000000366d700000,0x000000366d800000) (1024K)]
  0x0000022dfdaa5790 JavaThread "ForkJoinPool.commonPool-worker-7" daemon [_thread_blocked, id=7740, stack(0x000000366d800000,0x000000366d900000) (1024K)]
  0x0000022dfdaa7860 JavaThread "ForkJoinPool.commonPool-worker-8" daemon [_thread_blocked, id=24492, stack(0x000000366d900000,0x000000366da00000) (1024K)]
  0x0000022dfdaa64b0 JavaThread "ForkJoinPool.commonPool-worker-9" daemon [_thread_blocked, id=34328, stack(0x000000366da00000,0x000000366db00000) (1024K)]
  0x0000022dfdaa8580 JavaThread "ForkJoinPool.commonPool-worker-11" daemon [_thread_blocked, id=34884, stack(0x000000366db00000,0x000000366dc00000) (1024K)]
  0x0000022dfdaa5100 JavaThread "ForkJoinPool.commonPool-worker-12" daemon [_thread_blocked, id=33916, stack(0x000000366dc00000,0x000000366dd00000) (1024K)]
  0x0000022dfdaa8c10 JavaThread "ForkJoinPool.commonPool-worker-10" daemon [_thread_blocked, id=35192, stack(0x000000366dd00000,0x000000366de00000) (1024K)]
  0x0000022dfdaa92a0 JavaThread "ForkJoinPool.commonPool-worker-13" daemon [_thread_blocked, id=22820, stack(0x000000366de00000,0x000000366df00000) (1024K)]
  0x0000022dfdaa9930 JavaThread "ForkJoinPool.commonPool-worker-14" daemon [_thread_blocked, id=37100, stack(0x000000366df00000,0x000000366e000000) (1024K)]
  0x0000022dfdaa9fc0 JavaThread "ForkJoinPool.commonPool-worker-15" daemon [_thread_blocked, id=34232, stack(0x000000366e000000,0x000000366e100000) (1024K)]
  0x0000022dfd190cb0 JavaThread "Worker-5"                          [_thread_blocked, id=25056, stack(0x000000366e200000,0x000000366e300000) (1024K)]
  0x0000022dfcf43c40 JavaThread "Worker-6"                          [_thread_blocked, id=9724, stack(0x000000366e100000,0x000000366e200000) (1024K)]
  0x0000022dfcf407c0 JavaThread "Worker-7"                          [_thread_blocked, id=27904, stack(0x000000366e300000,0x000000366e400000) (1024K)]
  0x0000022dfcf414e0 JavaThread "Cleaner-0"                  daemon [_thread_blocked, id=33616, stack(0x000000366e400000,0x000000366e500000) (1024K)]
  0x0000022dfcf45d10 JavaThread "Worker-8"                          [_thread_blocked, id=34492, stack(0x000000366b300000,0x000000366b400000) (1024K)]
  0x0000022dfcf42890 JavaThread "Worker-9"                          [_thread_blocked, id=35784, stack(0x000000366b600000,0x000000366b700000) (1024K)]
  0x0000022dfcf463a0 JavaThread "Worker-10"                         [_thread_blocked, id=19488, stack(0x000000366e500000,0x000000366e600000) (1024K)]
  0x0000022dfcf46a30 JavaThread "Compiler Source File Reader" daemon [_thread_blocked, id=23932, stack(0x000000366e600000,0x000000366e700000) (1024K)]
  0x0000022dfcf470c0 JavaThread "Compiler Source File Reader" daemon [_thread_blocked, id=34384, stack(0x000000366e700000,0x000000366e800000) (1024K)]
  0x0000022dfcf47750 JavaThread "Compiler Source File Reader" daemon [_thread_blocked, id=32728, stack(0x000000366e800000,0x000000366e900000) (1024K)]
  0x0000022dfd192060 JavaThread "Compiler Source File Reader" daemon [_thread_blocked, id=9732, stack(0x000000366e900000,0x000000366ea00000) (1024K)]
  0x0000022dfd1926f0 JavaThread "Compiler Source File Reader" daemon [_thread_blocked, id=10832, stack(0x000000366ea00000,0x000000366eb00000) (1024K)]
  0x0000022dfd18ff90 JavaThread "Compiler Source File Reader" daemon [_thread_blocked, id=32276, stack(0x000000366eb00000,0x000000366ec00000) (1024K)]
  0x0000022dfd190620 JavaThread "Compiler Source File Reader" daemon [_thread_blocked, id=38728, stack(0x000000366ec00000,0x000000366ed00000) (1024K)]
  0x0000022dfec1cac0 JavaThread "Compiler Source File Reader" daemon [_thread_blocked, id=38748, stack(0x000000366ed00000,0x000000366ee00000) (1024K)]
  0x0000022dfec1f220 JavaThread "Compiler Source File Reader" daemon [_thread_blocked, id=37712, stack(0x000000366ee00000,0x000000366ef00000) (1024K)]
  0x0000022dfec1d150 JavaThread "Compiler Source File Reader" daemon [_thread_blocked, id=28604, stack(0x000000366ef00000,0x000000366f000000) (1024K)]
  0x0000022dfec1d7e0 JavaThread "Compiler Source File Reader" daemon [_thread_blocked, id=23036, stack(0x000000366f000000,0x000000366f100000) (1024K)]
  0x0000022dfec1f8b0 JavaThread "Compiler Source File Reader" daemon [_thread_blocked, id=28620, stack(0x000000366f100000,0x000000366f200000) (1024K)]
  0x0000022dfec1ff40 JavaThread "Compiler Source File Reader" daemon [_thread_blocked, id=24952, stack(0x000000366f200000,0x000000366f300000) (1024K)]
  0x0000022dfec1de70 JavaThread "Compiler Source File Reader" daemon [_thread_blocked, id=38332, stack(0x000000366f300000,0x000000366f400000) (1024K)]
  0x0000022dfa884390 JavaThread "Compiler Processing Task"   daemon [_thread_blocked, id=23196, stack(0x000000366f400000,0x000000366f500000) (1024K)]
  0x0000022dfa884a20 JavaThread "Compiler Class File Writer" daemon [_thread_blocked, id=34860, stack(0x000000366f500000,0x000000366f600000) (1024K)]
  0x0000022dfa882fe0 JavaThread "Compiler Class File Writer" daemon [_thread_blocked, id=1520, stack(0x000000366f600000,0x000000366f700000) (1024K)]
  0x0000022dfa882950 JavaThread "Compiler Class File Writer" daemon [_thread_blocked, id=15688, stack(0x000000366f700000,0x000000366f800000) (1024K)]
  0x0000022dfa886460 JavaThread "Compiler Class File Writer" daemon [_thread_blocked, id=32756, stack(0x000000366f800000,0x000000366f900000) (1024K)]
  0x0000022dfa885740 JavaThread "Compiler Class File Writer" daemon [_thread_blocked, id=14468, stack(0x000000366f900000,0x000000366fa00000) (1024K)]
  0x0000022dfa886af0 JavaThread "Compiler Class File Writer" daemon [_thread_blocked, id=3604, stack(0x000000366fa00000,0x000000366fb00000) (1024K)]
  0x0000022dfa883670 JavaThread "Compiler Class File Writer" daemon [_thread_blocked, id=38596, stack(0x000000366fb00000,0x000000366fc00000) (1024K)]
  0x0000022dfa887180 JavaThread "Compiler Class File Writer" daemon [_thread_blocked, id=31776, stack(0x000000366fc00000,0x000000366fd00000) (1024K)]
  0x0000022dfa887ea0 JavaThread "Compiler Class File Writer" daemon [_thread_blocked, id=37472, stack(0x000000366fd00000,0x000000366fe00000) (1024K)]
  0x0000022dfa889f70 JavaThread "Compiler Class File Writer" daemon [_thread_blocked, id=35328, stack(0x000000366fe00000,0x000000366ff00000) (1024K)]
  0x0000022dfa8898e0 JavaThread "Compiler Class File Writer" daemon [_thread_blocked, id=33832, stack(0x000000366ff00000,0x0000003670000000) (1024K)]
  0x0000022dfa888530 JavaThread "Compiler Class File Writer" daemon [_thread_blocked, id=2836, stack(0x0000003670000000,0x0000003670100000) (1024K)]
  0x0000022dfa888bc0 JavaThread "Compiler Class File Writer" daemon [_thread_blocked, id=21828, stack(0x0000003670100000,0x0000003670200000) (1024K)]
  0x0000022dfa889250 JavaThread "Compiler Class File Writer" daemon [_thread_blocked, id=37424, stack(0x0000003670200000,0x0000003670300000) (1024K)]
Total: 96

Other Threads:
  0x0000022ddbdae910 VMThread "VM Thread"                           [id=5500, stack(0x0000003669100000,0x0000003669200000) (1024K)]
  0x0000022ddbb9ca00 WatcherThread "VM Periodic Task Thread"        [id=32036, stack(0x0000003669000000,0x0000003669100000) (1024K)]
  0x0000022ddbd2d680 WorkerThread "GC Thread#0"                     [id=18124, stack(0x0000003668f00000,0x0000003669000000) (1024K)]
  0x0000022df55d7f60 WorkerThread "GC Thread#1"                     [id=8852, stack(0x000000366a000000,0x000000366a100000) (1024K)]
  0x0000022df5882ff0 WorkerThread "GC Thread#2"                     [id=30000, stack(0x000000366a100000,0x000000366a200000) (1024K)]
  0x0000022df58833a0 WorkerThread "GC Thread#3"                     [id=15536, stack(0x000000366a200000,0x000000366a300000) (1024K)]
  0x0000022df57350c0 WorkerThread "GC Thread#4"                     [id=14396, stack(0x000000366a300000,0x000000366a400000) (1024K)]
  0x0000022df5735470 WorkerThread "GC Thread#5"                     [id=35204, stack(0x000000366a400000,0x000000366a500000) (1024K)]
  0x0000022df5a95ef0 WorkerThread "GC Thread#6"                     [id=30420, stack(0x000000366a500000,0x000000366a600000) (1024K)]
  0x0000022dfa1ff490 WorkerThread "GC Thread#7"                     [id=16088, stack(0x000000366a700000,0x000000366a800000) (1024K)]
  0x0000022df58612e0 WorkerThread "GC Thread#8"                     [id=2520, stack(0x0000003669e00000,0x0000003669f00000) (1024K)]
  0x0000022df3c716e0 WorkerThread "GC Thread#9"                     [id=34080, stack(0x000000366a800000,0x000000366a900000) (1024K)]
  0x0000022df3c720a0 WorkerThread "GC Thread#10"                    [id=2596, stack(0x000000366a900000,0x000000366aa00000) (1024K)]
  0x0000022df3ae7f30 WorkerThread "GC Thread#11"                    [id=23956, stack(0x000000366b000000,0x000000366b100000) (1024K)]
  0x0000022df3ae8690 WorkerThread "GC Thread#12"                    [id=16644, stack(0x000000366b100000,0x000000366b200000) (1024K)]
Total: 15

Threads with active compile tasks:
C2 CompilerThread0  228080 18853       4       org.eclipse.jdt.internal.compiler.lookup.ModuleBinding::getVisiblePackage (472 bytes)
Total: 1

VM state: not at safepoint (normal execution)

VM Mutex/Monitor currently owned by a thread: None

Heap address: 0x0000000080000000, size: 2048 MB, Compressed Oops mode: 32-bit

CDS archive(s) mapped at: [0x0000022d80000000-0x0000022d80ba0000-0x0000022d80ba0000), size 12189696, SharedBaseAddress: 0x0000022d80000000, ArchiveRelocationMode: 1.
Compressed class space mapped at: 0x0000022d81000000-0x0000022dc1000000, reserved size: 1073741824
Narrow klass base: 0x0000022d80000000, Narrow klass shift: 0, Narrow klass range: 0x100000000

GC Precious Log:
 CardTable entry size: 512
 CPUs: 16 total, 16 available
 Memory: 8010M
 Large Page Support: Disabled
 NUMA Support: Disabled
 Compressed Oops: Enabled (32-bit)
 Alignments: Space 512K, Generation 512K, Heap 2M
 Heap Min Capacity: 100M
 Heap Initial Capacity: 100M
 Heap Max Capacity: 2G
 Pre-touch: Disabled
 Parallel Workers: 13

Heap:
 PSYoungGen      total 3072K, used 1275K [0x00000000d5580000, 0x00000000d5a00000, 0x0000000100000000)
  eden space 2560K, 29% used [0x00000000d5580000,0x00000000d563ed70,0x00000000d5800000)
  from space 512K, 100% used [0x00000000d5900000,0x00000000d5980000,0x00000000d5980000)
  to   space 1024K, 0% used [0x00000000d5800000,0x00000000d5800000,0x00000000d5900000)
 ParOldGen       total 451584K, used 451571K [0x0000000080000000, 0x000000009b900000, 0x00000000d5580000)
  object space 451584K, 99% used [0x0000000080000000,0x000000009b8fcf68,0x000000009b900000)
 Metaspace       used 80247K, committed 82112K, reserved 1179648K
  class space    used 8165K, committed 9024K, reserved 1048576K

Card table byte_map: [0x0000022ddb6b0000,0x0000022ddbac0000] _byte_map_base: 0x0000022ddb2b0000

Marking Bits: (ParMarkBitMap*) 0x00007ff83ae23450
 Begin Bits: [0x0000022dee1c0000, 0x0000022df01c0000)
 End Bits:   [0x0000022df01c0000, 0x0000022df21c0000)

Polling page: 0x0000022dd9910000

Metaspace:

Usage:
  Non-class:     70.39 MB used.
      Class:      7.97 MB used.
       Both:     78.37 MB used.

Virtual space:
  Non-class space:      128.00 MB reserved,      71.38 MB ( 56%) committed,  2 nodes.
      Class space:        1.00 GB reserved,       8.81 MB ( <1%) committed,  1 nodes.
             Both:        1.12 GB reserved,      80.19 MB (  7%) committed. 

Chunk freelists:
   Non-Class:  8.53 MB
       Class:  7.23 MB
        Both:  15.76 MB

MaxMetaspaceSize: unlimited
CompressedClassSpaceSize: 1.00 GB
Initial GC threshold: 21.00 MB
Current GC threshold: 125.12 MB
CDS: on
 - commit_granule_bytes: 65536.
 - commit_granule_words: 8192.
 - virtual_space_node_default_size: 8388608.
 - enlarge_chunks_in_place: 1.
 - use_allocation_guard: 0.


Internal statistics:

num_allocs_failed_limit: 9.
num_arena_births: 1580.
num_arena_deaths: 16.
num_vsnodes_births: 3.
num_vsnodes_deaths: 0.
num_space_committed: 1283.
num_space_uncommitted: 0.
num_chunks_returned_to_freelist: 25.
num_chunks_taken_from_freelist: 5761.
num_chunk_merges: 12.
num_chunk_splits: 3381.
num_chunks_enlarged: 1730.
num_inconsistent_stats: 0.

CodeHeap 'non-profiled nmethods': size=119168Kb used=15837Kb max_used=15837Kb free=103330Kb
 bounds [0x0000022de6ab0000, 0x0000022de7a30000, 0x0000022dedf10000]
CodeHeap 'profiled nmethods': size=119104Kb used=44322Kb max_used=44322Kb free=74781Kb
 bounds [0x0000022ddef10000, 0x0000022de1a60000, 0x0000022de6360000]
CodeHeap 'non-nmethods': size=7488Kb used=1478Kb max_used=3272Kb free=6009Kb
 bounds [0x0000022de6360000, 0x0000022de66d0000, 0x0000022de6ab0000]
CodeCache: size=245760Kb, used=61637Kb, max_used=63431Kb, free=184120Kb
 total_blobs=17957, nmethods=17157, adapters=700, full_count=0
Compilation: enabled, stopped_count=0, restarted_count=0

Compilation events (20 events):
Event: 226.508 Thread 0x0000022ddbdca750 nmethod 18814 0x0000022de7a09e90 code [0x0000022de7a0da40, 0x0000022de7a137b8]
Event: 226.510 Thread 0x0000022ddbdca750 18828       4       org.eclipse.jdt.internal.compiler.lookup.InferenceContext18::collectDependencies (854 bytes)
Event: 226.542 Thread 0x0000022ddbdcc780 18861       3       org.eclipse.jdt.internal.compiler.classfmt.NonNullDefaultAwareTypeAnnotationWalker::toWildcardBound (55 bytes)
Event: 226.542 Thread 0x0000022ddbdcc780 nmethod 18861 0x0000022de1a51d10 code [0x0000022de1a51ee0, 0x0000022de1a52140]
Event: 226.560 Thread 0x0000022ddbdcc780 18862       3       org.eclipse.jdt.internal.compiler.flow.FlowContext::recordNullCheckedFieldReference (198 bytes)
Event: 226.561 Thread 0x0000022ddbdcc780 nmethod 18862 0x0000022de1a52210 code [0x0000022de1a52460, 0x0000022de1a53210]
Event: 226.564 Thread 0x0000022ddbdcc780 18863       3       org.eclipse.jdt.internal.compiler.lookup.ModuleBinding::isPackageExportedTo (133 bytes)
Event: 226.566 Thread 0x0000022ddbdcc780 nmethod 18863 0x0000022de1a53690 code [0x0000022de1a53900, 0x0000022de1a543a0]
Event: 226.583 Thread 0x0000022ddbdcc780 18865       3       org.eclipse.osgi.framework.util.ArrayMap::getKey (11 bytes)
Event: 226.584 Thread 0x0000022ddbdcc780 nmethod 18865 0x0000022de1a54710 code [0x0000022de1a548c0, 0x0000022de1a54a98]
Event: 226.584 Thread 0x0000022ddbdcc780 18866   !   3       org.eclipse.osgi.internal.log.ExtendedLogReaderServiceFactory::safeLogged (27 bytes)
Event: 226.593 Thread 0x0000022ddbdcc780 nmethod 18866 0x0000022de1a54b90 code [0x0000022de1a54da0, 0x0000022de1a553d8]
Event: 226.593 Thread 0x0000022ddbdcc780 18867       1       java.nio.charset.CharsetEncoder::maxBytesPerChar (5 bytes)
Event: 226.593 Thread 0x0000022ddbdcc780 nmethod 18867 0x0000022de7a1ac10 code [0x0000022de7a1ada0, 0x0000022de7a1ae68]
Event: 227.412 Thread 0x0000022ddbdca750 nmethod 18828 0x0000022de7a1af10 code [0x0000022de7a1b700, 0x0000022de7a21a48]
Event: 227.413 Thread 0x0000022ddbdca750 18853       4       org.eclipse.jdt.internal.compiler.lookup.ModuleBinding::getVisiblePackage (472 bytes)
Event: 227.712 Thread 0x0000022ddbdcc780 18869       3       org.eclipse.jdt.internal.core.util.PublicScanner::translateTokenToTerminalSymbol (1470 bytes)
Event: 227.731 Thread 0x0000022ddbdcc780 nmethod 18869 0x0000022de1a55610 code [0x0000022de1a559e0, 0x0000022de1a580c0]
Event: 227.731 Thread 0x0000022ddbdcc780 18870  s    3       java.util.Vector::isEmpty (13 bytes)
Event: 227.732 Thread 0x0000022ddbdcc780 nmethod 18870 0x0000022de1a58510 code [0x0000022de1a586c0, 0x0000022de1a588e0]

GC Heap History (20 events):
Event: 226.312 GC heap before
{Heap before GC invocations=377 (full 4):
 PSYoungGen      total 3072K, used 2912K [0x00000000d5580000, 0x00000000d5980000, 0x0000000100000000)
  eden space 2560K, 100% used [0x00000000d5580000,0x00000000d5800000,0x00000000d5800000)
  from space 512K, 68% used [0x00000000d5900000,0x00000000d5958000,0x00000000d5980000)
  to   space 512K, 0% used [0x00000000d5880000,0x00000000d5880000,0x00000000d5900000)
 ParOldGen       total 449024K, used 448515K [0x0000000080000000, 0x000000009b680000, 0x00000000d5580000)
  object space 449024K, 99% used [0x0000000080000000,0x000000009b600f80,0x000000009b680000)
 Metaspace       used 80228K, committed 82112K, reserved 1179648K
  class space    used 8165K, committed 9024K, reserved 1048576K
}
Event: 226.316 GC heap after
{Heap after GC invocations=377 (full 4):
 PSYoungGen      total 3072K, used 512K [0x00000000d5580000, 0x00000000d5a00000, 0x0000000100000000)
  eden space 2560K, 0% used [0x00000000d5580000,0x00000000d5580000,0x00000000d5800000)
  from space 512K, 100% used [0x00000000d5880000,0x00000000d5900000,0x00000000d5900000)
  to   space 1024K, 0% used [0x00000000d5900000,0x00000000d5900000,0x00000000d5a00000)
 ParOldGen       total 449024K, used 448723K [0x0000000080000000, 0x000000009b680000, 0x00000000d5580000)
  object space 449024K, 99% used [0x0000000080000000,0x000000009b634f80,0x000000009b680000)
 Metaspace       used 80228K, committed 82112K, reserved 1179648K
  class space    used 8165K, committed 9024K, reserved 1048576K
}
Event: 226.381 GC heap before
{Heap before GC invocations=378 (full 4):
 PSYoungGen      total 3072K, used 3072K [0x00000000d5580000, 0x00000000d5a00000, 0x0000000100000000)
  eden space 2560K, 100% used [0x00000000d5580000,0x00000000d5800000,0x00000000d5800000)
  from space 512K, 100% used [0x00000000d5880000,0x00000000d5900000,0x00000000d5900000)
  to   space 1024K, 0% used [0x00000000d5900000,0x00000000d5900000,0x00000000d5a00000)
 ParOldGen       total 449024K, used 448723K [0x0000000080000000, 0x000000009b680000, 0x00000000d5580000)
  object space 449024K, 99% used [0x0000000080000000,0x000000009b634f80,0x000000009b680000)
 Metaspace       used 80229K, committed 82112K, reserved 1179648K
  class space    used 8165K, committed 9024K, reserved 1048576K
}
Event: 226.385 GC heap after
{Heap after GC invocations=378 (full 4):
 PSYoungGen      total 3584K, used 692K [0x00000000d5580000, 0x00000000d5a00000, 0x0000000100000000)
  eden space 2560K, 0% used [0x00000000d5580000,0x00000000d5580000,0x00000000d5800000)
  from space 1024K, 67% used [0x00000000d5900000,0x00000000d59ad200,0x00000000d5a00000)
  to   space 1024K, 0% used [0x00000000d5800000,0x00000000d5800000,0x00000000d5900000)
 ParOldGen       total 449536K, used 449147K [0x0000000080000000, 0x000000009b700000, 0x00000000d5580000)
  object space 449536K, 99% used [0x0000000080000000,0x000000009b69ef80,0x000000009b700000)
 Metaspace       used 80229K, committed 82112K, reserved 1179648K
  class space    used 8165K, committed 9024K, reserved 1048576K
}
Event: 226.406 GC heap before
{Heap before GC invocations=379 (full 4):
 PSYoungGen      total 3584K, used 3252K [0x00000000d5580000, 0x00000000d5a00000, 0x0000000100000000)
  eden space 2560K, 100% used [0x00000000d5580000,0x00000000d5800000,0x00000000d5800000)
  from space 1024K, 67% used [0x00000000d5900000,0x00000000d59ad200,0x00000000d5a00000)
  to   space 1024K, 0% used [0x00000000d5800000,0x00000000d5800000,0x00000000d5900000)
 ParOldGen       total 449536K, used 449147K [0x0000000080000000, 0x000000009b700000, 0x00000000d5580000)
  object space 449536K, 99% used [0x0000000080000000,0x000000009b69ef80,0x000000009b700000)
 Metaspace       used 80232K, committed 82112K, reserved 1179648K
  class space    used 8165K, committed 9024K, reserved 1048576K
}
Event: 226.409 GC heap after
{Heap after GC invocations=379 (full 4):
 PSYoungGen      total 3584K, used 544K [0x00000000d5580000, 0x00000000d5a00000, 0x0000000100000000)
  eden space 2560K, 0% used [0x00000000d5580000,0x00000000d5580000,0x00000000d5800000)
  from space 1024K, 53% used [0x00000000d5800000,0x00000000d5888000,0x00000000d5900000)
  to   space 1024K, 0% used [0x00000000d5900000,0x00000000d5900000,0x00000000d5a00000)
 ParOldGen       total 450048K, used 449595K [0x0000000080000000, 0x000000009b780000, 0x00000000d5580000)
  object space 450048K, 99% used [0x0000000080000000,0x000000009b70ef08,0x000000009b780000)
 Metaspace       used 80232K, committed 82112K, reserved 1179648K
  class space    used 8165K, committed 9024K, reserved 1048576K
}
Event: 226.430 GC heap before
{Heap before GC invocations=380 (full 4):
 PSYoungGen      total 3584K, used 3104K [0x00000000d5580000, 0x00000000d5a00000, 0x0000000100000000)
  eden space 2560K, 100% used [0x00000000d5580000,0x00000000d5800000,0x00000000d5800000)
  from space 1024K, 53% used [0x00000000d5800000,0x00000000d5888000,0x00000000d5900000)
  to   space 1024K, 0% used [0x00000000d5900000,0x00000000d5900000,0x00000000d5a00000)
 ParOldGen       total 450048K, used 449595K [0x0000000080000000, 0x000000009b780000, 0x00000000d5580000)
  object space 450048K, 99% used [0x0000000080000000,0x000000009b70ef08,0x000000009b780000)
 Metaspace       used 80237K, committed 82112K, reserved 1179648K
  class space    used 8165K, committed 9024K, reserved 1048576K
}
Event: 226.432 GC heap after
{Heap after GC invocations=380 (full 4):
 PSYoungGen      total 3072K, used 448K [0x00000000d5580000, 0x00000000d5980000, 0x0000000100000000)
  eden space 2560K, 0% used [0x00000000d5580000,0x00000000d5580000,0x00000000d5800000)
  from space 512K, 87% used [0x00000000d5900000,0x00000000d5970000,0x00000000d5980000)
  to   space 512K, 0% used [0x00000000d5880000,0x00000000d5880000,0x00000000d5900000)
 ParOldGen       total 450048K, used 449999K [0x0000000080000000, 0x000000009b780000, 0x00000000d5580000)
  object space 450048K, 99% used [0x0000000080000000,0x000000009b773f18,0x000000009b780000)
 Metaspace       used 80237K, committed 82112K, reserved 1179648K
  class space    used 8165K, committed 9024K, reserved 1048576K
}
Event: 226.449 GC heap before
{Heap before GC invocations=381 (full 4):
 PSYoungGen      total 3072K, used 3008K [0x00000000d5580000, 0x00000000d5980000, 0x0000000100000000)
  eden space 2560K, 100% used [0x00000000d5580000,0x00000000d5800000,0x00000000d5800000)
  from space 512K, 87% used [0x00000000d5900000,0x00000000d5970000,0x00000000d5980000)
  to   space 512K, 0% used [0x00000000d5880000,0x00000000d5880000,0x00000000d5900000)
 ParOldGen       total 450048K, used 449999K [0x0000000080000000, 0x000000009b780000, 0x00000000d5580000)
  object space 450048K, 99% used [0x0000000080000000,0x000000009b773f18,0x000000009b780000)
 Metaspace       used 80239K, committed 82112K, reserved 1179648K
  class space    used 8165K, committed 9024K, reserved 1048576K
}
Event: 226.452 GC heap after
{Heap after GC invocations=381 (full 4):
 PSYoungGen      total 3072K, used 480K [0x00000000d5580000, 0x00000000d5a00000, 0x0000000100000000)
  eden space 2560K, 0% used [0x00000000d5580000,0x00000000d5580000,0x00000000d5800000)
  from space 512K, 93% used [0x00000000d5880000,0x00000000d58f8020,0x00000000d5900000)
  to   space 1024K, 0% used [0x00000000d5900000,0x00000000d5900000,0x00000000d5a00000)
 ParOldGen       total 450560K, used 450243K [0x0000000080000000, 0x000000009b800000, 0x00000000d5580000)
  object space 450560K, 99% used [0x0000000080000000,0x000000009b7b0f28,0x000000009b800000)
 Metaspace       used 80239K, committed 82112K, reserved 1179648K
  class space    used 8165K, committed 9024K, reserved 1048576K
}
Event: 226.467 GC heap before
{Heap before GC invocations=382 (full 4):
 PSYoungGen      total 3072K, used 3040K [0x00000000d5580000, 0x00000000d5a00000, 0x0000000100000000)
  eden space 2560K, 100% used [0x00000000d5580000,0x00000000d5800000,0x00000000d5800000)
  from space 512K, 93% used [0x00000000d5880000,0x00000000d58f8020,0x00000000d5900000)
  to   space 1024K, 0% used [0x00000000d5900000,0x00000000d5900000,0x00000000d5a00000)
 ParOldGen       total 450560K, used 450243K [0x0000000080000000, 0x000000009b800000, 0x00000000d5580000)
  object space 450560K, 99% used [0x0000000080000000,0x000000009b7b0f28,0x000000009b800000)
 Metaspace       used 80239K, committed 82112K, reserved 1179648K
  class space    used 8165K, committed 9024K, reserved 1048576K
}
Event: 226.470 GC heap after
{Heap after GC invocations=382 (full 4):
 PSYoungGen      total 3072K, used 384K [0x00000000d5580000, 0x00000000d5980000, 0x0000000100000000)
  eden space 2560K, 0% used [0x00000000d5580000,0x00000000d5580000,0x00000000d5800000)
  from space 512K, 75% used [0x00000000d5900000,0x00000000d5960000,0x00000000d5980000)
  to   space 512K, 0% used [0x00000000d5880000,0x00000000d5880000,0x00000000d5900000)
 ParOldGen       total 451072K, used 450579K [0x0000000080000000, 0x000000009b880000, 0x00000000d5580000)
  object space 451072K, 99% used [0x0000000080000000,0x000000009b804f48,0x000000009b880000)
 Metaspace       used 80239K, committed 82112K, reserved 1179648K
  class space    used 8165K, committed 9024K, reserved 1048576K
}
Event: 226.484 GC heap before
{Heap before GC invocations=383 (full 4):
 PSYoungGen      total 3072K, used 2944K [0x00000000d5580000, 0x00000000d5980000, 0x0000000100000000)
  eden space 2560K, 100% used [0x00000000d5580000,0x00000000d5800000,0x00000000d5800000)
  from space 512K, 75% used [0x00000000d5900000,0x00000000d5960000,0x00000000d5980000)
  to   space 512K, 0% used [0x00000000d5880000,0x00000000d5880000,0x00000000d5900000)
 ParOldGen       total 451072K, used 450579K [0x0000000080000000, 0x000000009b880000, 0x00000000d5580000)
  object space 451072K, 99% used [0x0000000080000000,0x000000009b804f48,0x000000009b880000)
 Metaspace       used 80244K, committed 82112K, reserved 1179648K
  class space    used 8165K, committed 9024K, reserved 1048576K
}
Event: 226.486 GC heap after
{Heap after GC invocations=383 (full 4):
 PSYoungGen      total 3072K, used 480K [0x00000000d5580000, 0x00000000d5980000, 0x0000000100000000)
  eden space 2560K, 0% used [0x00000000d5580000,0x00000000d5580000,0x00000000d5800000)
  from space 512K, 93% used [0x00000000d5880000,0x00000000d58f8020,0x00000000d5900000)
  to   space 512K, 0% used [0x00000000d5900000,0x00000000d5900000,0x00000000d5980000)
 ParOldGen       total 451072K, used 450795K [0x0000000080000000, 0x000000009b880000, 0x00000000d5580000)
  object space 451072K, 99% used [0x0000000080000000,0x000000009b83af48,0x000000009b880000)
 Metaspace       used 80244K, committed 82112K, reserved 1179648K
  class space    used 8165K, committed 9024K, reserved 1048576K
}
Event: 226.496 GC heap before
{Heap before GC invocations=384 (full 4):
 PSYoungGen      total 3072K, used 3040K [0x00000000d5580000, 0x00000000d5980000, 0x0000000100000000)
  eden space 2560K, 100% used [0x00000000d5580000,0x00000000d5800000,0x00000000d5800000)
  from space 512K, 93% used [0x00000000d5880000,0x00000000d58f8020,0x00000000d5900000)
  to   space 512K, 0% used [0x00000000d5900000,0x00000000d5900000,0x00000000d5980000)
 ParOldGen       total 451072K, used 450795K [0x0000000080000000, 0x000000009b880000, 0x00000000d5580000)
  object space 451072K, 99% used [0x0000000080000000,0x000000009b83af48,0x000000009b880000)
 Metaspace       used 80245K, committed 82112K, reserved 1179648K
  class space    used 8165K, committed 9024K, reserved 1048576K
}
Event: 226.499 GC heap after
{Heap after GC invocations=384 (full 4):
 PSYoungGen      total 3072K, used 352K [0x00000000d5580000, 0x00000000d5980000, 0x0000000100000000)
  eden space 2560K, 0% used [0x00000000d5580000,0x00000000d5580000,0x00000000d5800000)
  from space 512K, 68% used [0x00000000d5900000,0x00000000d5958000,0x00000000d5980000)
  to   space 512K, 0% used [0x00000000d5880000,0x00000000d5880000,0x00000000d5900000)
 ParOldGen       total 451584K, used 451187K [0x0000000080000000, 0x000000009b900000, 0x00000000d5580000)
  object space 451584K, 99% used [0x0000000080000000,0x000000009b89cf68,0x000000009b900000)
 Metaspace       used 80245K, committed 82112K, reserved 1179648K
  class space    used 8165K, committed 9024K, reserved 1048576K
}
Event: 226.516 GC heap before
{Heap before GC invocations=385 (full 4):
 PSYoungGen      total 3072K, used 2912K [0x00000000d5580000, 0x00000000d5980000, 0x0000000100000000)
  eden space 2560K, 100% used [0x00000000d5580000,0x00000000d5800000,0x00000000d5800000)
  from space 512K, 68% used [0x00000000d5900000,0x00000000d5958000,0x00000000d5980000)
  to   space 512K, 0% used [0x00000000d5880000,0x00000000d5880000,0x00000000d5900000)
 ParOldGen       total 451584K, used 451187K [0x0000000080000000, 0x000000009b900000, 0x00000000d5580000)
  object space 451584K, 99% used [0x0000000080000000,0x000000009b89cf68,0x000000009b900000)
 Metaspace       used 80245K, committed 82112K, reserved 1179648K
  class space    used 8165K, committed 9024K, reserved 1048576K
}
Event: 226.519 GC heap after
{Heap after GC invocations=385 (full 4):
 PSYoungGen      total 3072K, used 448K [0x00000000d5580000, 0x00000000d5980000, 0x0000000100000000)
  eden space 2560K, 0% used [0x00000000d5580000,0x00000000d5580000,0x00000000d5800000)
  from space 512K, 87% used [0x00000000d5880000,0x00000000d58f0000,0x00000000d5900000)
  to   space 512K, 0% used [0x00000000d5900000,0x00000000d5900000,0x00000000d5980000)
 ParOldGen       total 451584K, used 451315K [0x0000000080000000, 0x000000009b900000, 0x00000000d5580000)
  object space 451584K, 99% used [0x0000000080000000,0x000000009b8bcf68,0x000000009b900000)
 Metaspace       used 80245K, committed 82112K, reserved 1179648K
  class space    used 8165K, committed 9024K, reserved 1048576K
}
Event: 226.551 GC heap before
{Heap before GC invocations=386 (full 4):
 PSYoungGen      total 3072K, used 3008K [0x00000000d5580000, 0x00000000d5980000, 0x0000000100000000)
  eden space 2560K, 100% used [0x00000000d5580000,0x00000000d5800000,0x00000000d5800000)
  from space 512K, 87% used [0x00000000d5880000,0x00000000d58f0000,0x00000000d5900000)
  to   space 512K, 0% used [0x00000000d5900000,0x00000000d5900000,0x00000000d5980000)
 ParOldGen       total 451584K, used 451315K [0x0000000080000000, 0x000000009b900000, 0x00000000d5580000)
  object space 451584K, 99% used [0x0000000080000000,0x000000009b8bcf68,0x000000009b900000)
 Metaspace       used 80246K, committed 82112K, reserved 1179648K
  class space    used 8165K, committed 9024K, reserved 1048576K
}
Event: 226.556 GC heap after
{Heap after GC invocations=386 (full 4):
 PSYoungGen      total 3072K, used 512K [0x00000000d5580000, 0x00000000d5a00000, 0x0000000100000000)
  eden space 2560K, 0% used [0x00000000d5580000,0x00000000d5580000,0x00000000d5800000)
  from space 512K, 100% used [0x00000000d5900000,0x00000000d5980000,0x00000000d5980000)
  to   space 1024K, 0% used [0x00000000d5800000,0x00000000d5800000,0x00000000d5900000)
 ParOldGen       total 451584K, used 451571K [0x0000000080000000, 0x000000009b900000, 0x00000000d5580000)
  object space 451584K, 99% used [0x0000000080000000,0x000000009b8fcf68,0x000000009b900000)
 Metaspace       used 80246K, committed 82112K, reserved 1179648K
  class space    used 8165K, committed 9024K, reserved 1048576K
}

Dll operation events (10 events):
Event: 0.029 Loaded shared library c:\Users\ASUS\.vscode\extensions\redhat.java-1.53.0-win32-x64\jre\21.0.10-win32-x86_64\bin\java.dll
Event: 0.203 Loaded shared library c:\Users\ASUS\.vscode\extensions\redhat.java-1.53.0-win32-x64\jre\21.0.10-win32-x86_64\bin\zip.dll
Event: 0.257 Loaded shared library C:\Users\ASUS\.vscode\extensions\redhat.java-1.53.0-win32-x64\jre\21.0.10-win32-x86_64\bin\instrument.dll
Event: 0.271 Loaded shared library C:\Users\ASUS\.vscode\extensions\redhat.java-1.53.0-win32-x64\jre\21.0.10-win32-x86_64\bin\net.dll
Event: 0.277 Loaded shared library C:\Users\ASUS\.vscode\extensions\redhat.java-1.53.0-win32-x64\jre\21.0.10-win32-x86_64\bin\nio.dll
Event: 0.287 Loaded shared library C:\Users\ASUS\.vscode\extensions\redhat.java-1.53.0-win32-x64\jre\21.0.10-win32-x86_64\bin\zip.dll
Event: 0.333 Loaded shared library C:\Users\ASUS\.vscode\extensions\redhat.java-1.53.0-win32-x64\jre\21.0.10-win32-x86_64\bin\jimage.dll
Event: 0.539 Loaded shared library c:\Users\ASUS\.vscode\extensions\redhat.java-1.53.0-win32-x64\jre\21.0.10-win32-x86_64\bin\verify.dll
Event: 18.029 Loaded shared library C:\Users\ASUS\AppData\Roaming\Code\User\globalStorage\redhat.java\1.53.0\config_win\org.eclipse.equinox.launcher\org.eclipse.equinox.launcher.win32.win32.x86_64_1.3.0.v20260203-2149\eclipse_11919.dll
Event: 34.234 Loaded shared library C:\Users\ASUS\AppData\Local\Temp\jna-2018896\jna5826386441418063738.dll

Deoptimization events (20 events):
Event: 226.060 Thread 0x0000022dfcf43c40 Uncommon trap: trap_request=0xffffffde fr.pc=0x0000022de779c918 relative=0x0000000000000c98
Event: 226.060 Thread 0x0000022dfcf43c40 Uncommon trap: reason=class_check action=maybe_recompile pc=0x0000022de779c918 method=org.eclipse.jdt.internal.compiler.parser.Parser.consumeRule(I)V @ 4456 c2
Event: 226.060 Thread 0x0000022dfcf43c40 DEOPT PACKING pc=0x0000022de779c918 sp=0x000000366e1fe900
Event: 226.062 Thread 0x0000022dfcf43c40 DEOPT UNPACKING pc=0x0000022de63b3aa2 sp=0x000000366e1fe888 mode 2
Event: 226.062 Thread 0x0000022dfcf43c40 Uncommon trap: trap_request=0xffffffde fr.pc=0x0000022de779c8e0 relative=0x0000000000000c60
Event: 226.062 Thread 0x0000022dfcf43c40 Uncommon trap: reason=class_check action=maybe_recompile pc=0x0000022de779c8e0 method=org.eclipse.jdt.internal.compiler.parser.Parser.consumeRule(I)V @ 4441 c2
Event: 226.062 Thread 0x0000022dfcf43c40 DEOPT PACKING pc=0x0000022de779c8e0 sp=0x000000366e1fe900
Event: 226.062 Thread 0x0000022dfcf43c40 DEOPT UNPACKING pc=0x0000022de63b3aa2 sp=0x000000366e1fe890 mode 2
Event: 226.109 Thread 0x0000022dfcf43c40 Uncommon trap: trap_request=0xffffffde fr.pc=0x0000022de779cb78 relative=0x0000000000000ef8
Event: 226.109 Thread 0x0000022dfcf43c40 Uncommon trap: reason=class_check action=maybe_recompile pc=0x0000022de779cb78 method=org.eclipse.jdt.internal.compiler.parser.Parser.consumeRule(I)V @ 5947 c2
Event: 226.109 Thread 0x0000022dfcf43c40 DEOPT PACKING pc=0x0000022de779cb78 sp=0x000000366e1fe9a0
Event: 226.109 Thread 0x0000022dfcf43c40 DEOPT UNPACKING pc=0x0000022de63b3aa2 sp=0x000000366e1fe928 mode 2
Event: 226.299 Thread 0x0000022dfcf43c40 Uncommon trap: trap_request=0xffffffcc fr.pc=0x0000022de79786f0 relative=0x00000000000049f0
Event: 226.299 Thread 0x0000022dfcf43c40 Uncommon trap: reason=intrinsic_or_type_checked_inlining action=make_not_entrant pc=0x0000022de79786f0 method=org.eclipse.jdt.internal.compiler.lookup.BoundSet$ThreeSets.flattenInto([Lorg/eclipse/jdt/internal/compiler/lookup/TypeBound;I)I @ 67 c2
Event: 226.299 Thread 0x0000022dfcf43c40 DEOPT PACKING pc=0x0000022de79786f0 sp=0x000000366e1fd5b0
Event: 226.299 Thread 0x0000022dfcf43c40 DEOPT UNPACKING pc=0x0000022de63b3aa2 sp=0x000000366e1fd420 mode 2
Event: 227.680 Thread 0x0000022dfdaa71d0 Uncommon trap: trap_request=0xffffff45 fr.pc=0x0000022de79fe9c0 relative=0x00000000000007e0
Event: 227.680 Thread 0x0000022dfdaa71d0 Uncommon trap: reason=unstable_if action=reinterpret pc=0x0000022de79fe9c0 method=org.eclipse.jdt.internal.core.util.PublicScanner.translateTokenToTerminalSymbol(Lorg/eclipse/jdt/internal/compiler/parser/TerminalToken;)I @ 13 c2
Event: 227.696 Thread 0x0000022dfdaa71d0 DEOPT PACKING pc=0x0000022de79fe9c0 sp=0x000000366d4fef60
Event: 227.696 Thread 0x0000022dfdaa71d0 DEOPT UNPACKING pc=0x0000022de63b3aa2 sp=0x000000366d4feef8 mode 2

Classes loaded (20 events):
Event: 105.583 Loading class com/sun/org/apache/xerces/internal/util/URI
Event: 105.586 Loading class com/sun/org/apache/xerces/internal/util/URI done
Event: 105.592 Loading class com/sun/org/apache/xerces/internal/xni/parser/XMLParseException
Event: 105.593 Loading class com/sun/org/apache/xerces/internal/xni/XNIException
Event: 105.594 Loading class com/sun/org/apache/xerces/internal/xni/XNIException done
Event: 105.594 Loading class com/sun/org/apache/xerces/internal/xni/parser/XMLParseException done
Event: 105.630 Loading class com/sun/org/apache/xerces/internal/util/ErrorHandlerWrapper$1
Event: 105.631 Loading class com/sun/org/apache/xerces/internal/util/ErrorHandlerWrapper$1 done
Event: 106.783 Loading class jdk/internal/module/IllegalAccessLogger
Event: 106.783 Loading class jdk/internal/module/IllegalAccessLogger done
Event: 156.753 Loading class jdk/internal/module/IllegalAccessLogger
Event: 156.754 Loading class jdk/internal/module/IllegalAccessLogger done
Event: 162.565 Loading class jdk/internal/module/IllegalAccessLogger
Event: 162.565 Loading class jdk/internal/module/IllegalAccessLogger done
Event: 177.723 Loading class jdk/internal/module/IllegalAccessLogger
Event: 177.723 Loading class jdk/internal/module/IllegalAccessLogger done
Event: 202.471 Loading class java/util/function/IntPredicate
Event: 202.472 Loading class java/util/function/IntPredicate done
Event: 202.526 Loading class java/util/regex/Pattern$Bound
Event: 202.527 Loading class java/util/regex/Pattern$Bound done

Classes unloaded (8 events):
Event: 35.346 Thread 0x0000022ddbdae910 Unloading class 0x0000022d811a4c00 'java/lang/invoke/LambdaForm$MH+0x0000022d811a4c00'
Event: 35.346 Thread 0x0000022ddbdae910 Unloading class 0x0000022d811a4800 'java/lang/invoke/LambdaForm$MH+0x0000022d811a4800'
Event: 35.346 Thread 0x0000022ddbdae910 Unloading class 0x0000022d811a4400 'java/lang/invoke/LambdaForm$MH+0x0000022d811a4400'
Event: 35.346 Thread 0x0000022ddbdae910 Unloading class 0x0000022d811a4000 'java/lang/invoke/LambdaForm$MH+0x0000022d811a4000'
Event: 35.346 Thread 0x0000022ddbdae910 Unloading class 0x0000022d811a3c00 'java/lang/invoke/LambdaForm$BMH+0x0000022d811a3c00'
Event: 35.346 Thread 0x0000022ddbdae910 Unloading class 0x0000022d811a3800 'java/lang/invoke/LambdaForm$DMH+0x0000022d811a3800'
Event: 35.346 Thread 0x0000022ddbdae910 Unloading class 0x0000022d811a2400 'java/lang/invoke/LambdaForm$DMH+0x0000022d811a2400'
Event: 93.299 Thread 0x0000022ddbdae910 Unloading class 0x0000022d81740000 'java/lang/invoke/LambdaForm$MH+0x0000022d81740000'

Classes redefined (0 events):
No events

Internal exceptions (20 events):
Event: 76.631 Thread 0x0000022dfab37640 Exception <a 'sun/nio/fs/WindowsException'{0x00000000d5c569b0}> (0x00000000d5c569b0) 
thrown [s\src\hotspot\share\prims\jni.cpp, line 520]
Event: 76.631 Thread 0x0000022dfab37640 Exception <a 'sun/nio/fs/WindowsException'{0x00000000d5c57780}> (0x00000000d5c57780) 
thrown [s\src\hotspot\share\prims\jni.cpp, line 520]
Event: 81.595 Thread 0x0000022dfdaa36c0 Exception <a 'java/lang/IncompatibleClassChangeError'{0x00000000d5df4e30}: Found class java.lang.Object, but interface was expected> (0x00000000d5df4e30) 
thrown [s\src\hotspot\share\interpreter\linkResolver.cpp, line 840]
Event: 93.075 Thread 0x0000022dfdaa8c10 Exception <a 'java/lang/NoSuchMethodError'{0x00000000d624b370}: 'java.lang.Object java.lang.invoke.DirectMethodHandle$Holder.newInvokeSpecial(java.lang.Object, java.lang.Object, int, java.lang.Object, java.lang.Object, java.lang.Object, java.lang.Object)'> (0x00000000d624b370) 
thrown [s\src\hotspot\share\interpreter\linkResolver.cpp, line 773]
Event: 94.566 Thread 0x0000022dfdaa36c0 Exception <a 'java/lang/IncompatibleClassChangeError'{0x00000000d56a8a60}: Found class java.lang.Object, but interface was expected> (0x00000000d56a8a60) 
thrown [s\src\hotspot\share\interpreter\linkResolver.cpp, line 840]
Event: 106.075 Thread 0x0000022dfb781730 Exception <a 'sun/nio/fs/WindowsException'{0x00000000d5a83f60}> (0x00000000d5a83f60) 
thrown [s\src\hotspot\share\prims\jni.cpp, line 520]
Event: 106.487 Thread 0x0000022dfcf42890 Implicit null exception at 0x0000022de7575f25 to 0x0000022de757ce2c
Event: 109.264 Thread 0x0000022dfb781730 Exception <a 'sun/nio/fs/WindowsException'{0x00000000d56dcf78}> (0x00000000d56dcf78) 
thrown [s\src\hotspot\share\prims\jni.cpp, line 520]
Event: 155.188 Thread 0x0000022dfb781730 Exception <a 'sun/nio/fs/WindowsException'{0x00000000d5797b78}> (0x00000000d5797b78) 
thrown [s\src\hotspot\share\prims\jni.cpp, line 520]
Event: 156.804 Thread 0x0000022dfb781730 Exception <a 'sun/nio/fs/WindowsException'{0x00000000d5627b40}> (0x00000000d5627b40) 
thrown [s\src\hotspot\share\prims\jni.cpp, line 520]
Event: 158.228 Thread 0x0000022dfb781730 Exception <a 'sun/nio/fs/WindowsException'{0x00000000d5681270}> (0x00000000d5681270) 
thrown [s\src\hotspot\share\prims\jni.cpp, line 520]
Event: 158.852 Thread 0x0000022dfb781730 Exception <a 'sun/nio/fs/WindowsException'{0x00000000d57f9718}> (0x00000000d57f9718) 
thrown [s\src\hotspot\share\prims\jni.cpp, line 520]
Event: 162.183 Thread 0x0000022dfb781730 Exception <a 'sun/nio/fs/WindowsException'{0x00000000d5689a20}> (0x00000000d5689a20) 
thrown [s\src\hotspot\share\prims\jni.cpp, line 520]
Event: 163.101 Thread 0x0000022dfb781730 Exception <a 'sun/nio/fs/WindowsException'{0x00000000d56f8b00}> (0x00000000d56f8b00) 
thrown [s\src\hotspot\share\prims\jni.cpp, line 520]
Event: 177.340 Thread 0x0000022dfb781730 Exception <a 'sun/nio/fs/WindowsException'{0x00000000d5670be8}> (0x00000000d5670be8) 
thrown [s\src\hotspot\share\prims\jni.cpp, line 520]
Event: 178.187 Thread 0x0000022dfb781730 Exception <a 'sun/nio/fs/WindowsException'{0x00000000d5597728}> (0x00000000d5597728) 
thrown [s\src\hotspot\share\prims\jni.cpp, line 520]
Event: 202.475 Thread 0x0000022dfdaa8c10 Exception <a 'java/lang/NoSuchMethodError'{0x00000000d55dd810}: 'int java.lang.invoke.DirectMethodHandle$Holder.invokeStaticInit(java.lang.Object, int)'> (0x00000000d55dd810) 
thrown [s\src\hotspot\share\interpreter\linkResolver.cpp, line 773]
Event: 212.214 Thread 0x0000022dfdaa36c0 Exception <a 'java/lang/IncompatibleClassChangeError'{0x00000000d57d0460}: Found class java.lang.Object, but interface was expected> (0x00000000d57d0460) 
thrown [s\src\hotspot\share\interpreter\linkResolver.cpp, line 840]
Event: 212.229 Thread 0x0000022dfdaa71d0 Exception <a 'java/lang/NoSuchMethodError'{0x00000000d55a0b00}: 'java.lang.Object java.lang.invoke.DirectMethodHandle$Holder.invokeStatic(java.lang.Object, int, int, java.lang.Object)'> (0x00000000d55a0b00) 
thrown [s\src\hotspot\share\interpreter\linkResolver.cpp, line 773]
Event: 212.293 Thread 0x0000022dfdaa71d0 Exception <a 'java/lang/NoSuchMethodError'{0x00000000d5700950}: 'java.lang.Object java.lang.invoke.DirectMethodHandle$Holder.invokeStatic(java.lang.Object, int, java.lang.Object)'> (0x00000000d5700950) 
thrown [s\src\hotspot\share\interpreter\linkResolver.cpp, line 773]

ZGC Phase Switch (0 events):
No events

VM Operations (20 events):
Event: 226.371 Executing safepoint VM operation: ParallelGCFailedAllocation (Allocation Failure)
Event: 226.385 Executing safepoint VM operation: ParallelGCFailedAllocation (Allocation Failure) done
Event: 226.406 Executing safepoint VM operation: ParallelGCFailedAllocation (Allocation Failure)
Event: 226.409 Executing safepoint VM operation: ParallelGCFailedAllocation (Allocation Failure) done
Event: 226.430 Executing safepoint VM operation: ParallelGCFailedAllocation (Allocation Failure)
Event: 226.433 Executing safepoint VM operation: ParallelGCFailedAllocation (Allocation Failure) done
Event: 226.449 Executing safepoint VM operation: ParallelGCFailedAllocation (Allocation Failure)
Event: 226.452 Executing safepoint VM operation: ParallelGCFailedAllocation (Allocation Failure) done
Event: 226.467 Executing safepoint VM operation: ParallelGCFailedAllocation (Allocation Failure)
Event: 226.470 Executing safepoint VM operation: ParallelGCFailedAllocation (Allocation Failure) done
Event: 226.484 Executing safepoint VM operation: ParallelGCFailedAllocation (Allocation Failure)
Event: 226.487 Executing safepoint VM operation: ParallelGCFailedAllocation (Allocation Failure) done
Event: 226.496 Executing safepoint VM operation: ParallelGCFailedAllocation (Allocation Failure)
Event: 226.499 Executing safepoint VM operation: ParallelGCFailedAllocation (Allocation Failure) done
Event: 226.516 Executing safepoint VM operation: ParallelGCFailedAllocation (Allocation Failure)
Event: 226.519 Executing safepoint VM operation: ParallelGCFailedAllocation (Allocation Failure) done
Event: 226.551 Executing safepoint VM operation: ParallelGCFailedAllocation (Allocation Failure)
Event: 226.556 Executing safepoint VM operation: ParallelGCFailedAllocation (Allocation Failure) done
Event: 227.571 Executing safepoint VM operation: Cleanup
Event: 227.571 Executing safepoint VM operation: Cleanup done

Memory protections (0 events):
No events

Nmethod flushes (20 events):
Event: 93.548 Thread 0x0000022ddbdae910 flushing  nmethod 0x0000022de0058c10
Event: 93.548 Thread 0x0000022ddbdae910 flushing  nmethod 0x0000022de0059d10
Event: 93.548 Thread 0x0000022ddbdae910 flushing  nmethod 0x0000022de005a190
Event: 93.548 Thread 0x0000022ddbdae910 flushing  nmethod 0x0000022de005c190
Event: 93.548 Thread 0x0000022ddbdae910 flushing  nmethod 0x0000022de0060310
Event: 93.548 Thread 0x0000022ddbdae910 flushing  nmethod 0x0000022de0061b10
Event: 93.548 Thread 0x0000022ddbdae910 flushing  nmethod 0x0000022de0079e90
Event: 93.548 Thread 0x0000022ddbdae910 flushing  nmethod 0x0000022de007fc10
Event: 93.548 Thread 0x0000022ddbdae910 flushing  nmethod 0x0000022de008d710
Event: 93.548 Thread 0x0000022ddbdae910 flushing  nmethod 0x0000022de009ce10
Event: 93.548 Thread 0x0000022ddbdae910 flushing  nmethod 0x0000022de00aa090
Event: 93.548 Thread 0x0000022ddbdae910 flushing  nmethod 0x0000022de00ad390
Event: 93.548 Thread 0x0000022ddbdae910 flushing  nmethod 0x0000022de00b6b10
Event: 93.548 Thread 0x0000022ddbdae910 flushing  nmethod 0x0000022de00e3290
Event: 93.548 Thread 0x0000022ddbdae910 flushing  nmethod 0x0000022de00e9510
Event: 93.548 Thread 0x0000022ddbdae910 flushing  nmethod 0x0000022de0254890
Event: 93.548 Thread 0x0000022ddbdae910 flushing  nmethod 0x0000022de0263610
Event: 93.548 Thread 0x0000022ddbdae910 flushing  nmethod 0x0000022de02ab310
Event: 93.548 Thread 0x0000022ddbdae910 flushing  nmethod 0x0000022de02b1910
Event: 93.548 Thread 0x0000022ddbdae910 flushing  nmethod 0x0000022de02bef90

Events (20 events):
Event: 112.802 Thread 0x0000022ddbdcc780 Thread added: 0x0000022dfa32d100
Event: 115.876 Thread 0x0000022dfa32d100 Thread exited: 0x0000022dfa32d100
Event: 202.096 Thread 0x0000022ddbdcc780 Thread added: 0x0000022dfa7bafe0
Event: 202.141 Thread 0x0000022ddbdcc780 Thread added: 0x0000022dfb06b010
Event: 202.141 Thread 0x0000022ddbdcc780 Thread added: 0x0000022df56cd560
Event: 202.142 Thread 0x0000022ddbdcc780 Thread added: 0x0000022dcacd9de0
Event: 202.450 Thread 0x0000022dfa7bafe0 Thread exited: 0x0000022dfa7bafe0
Event: 202.762 Thread 0x0000022dfb06b010 Thread added: 0x0000022dfa7bafe0
Event: 203.128 Thread 0x0000022dfa7bafe0 Thread exited: 0x0000022dfa7bafe0
Event: 203.907 Thread 0x0000022dcacd9de0 Thread exited: 0x0000022dcacd9de0
Event: 203.908 Thread 0x0000022df56cd560 Thread exited: 0x0000022df56cd560
Event: 203.908 Thread 0x0000022dfb06b010 Thread exited: 0x0000022dfb06b010
Event: 209.082 Thread 0x0000022ddbdcc780 Thread added: 0x0000022dfd9e3c50
Event: 210.961 Thread 0x0000022ddbdca750 Thread added: 0x0000022dfd9e79a0
Event: 211.506 Thread 0x0000022dfd9e79a0 Thread added: 0x0000022dfd9e50c0
Event: 211.699 Thread 0x0000022dfd9e50c0 Thread exited: 0x0000022dfd9e50c0
Event: 211.732 Thread 0x0000022dfd9e79a0 Thread exited: 0x0000022dfd9e79a0
Event: 212.355 Thread 0x0000022ddbdcc780 Thread added: 0x0000022dfd9e4320
Event: 215.054 Thread 0x0000022dfd9e3c50 Thread exited: 0x0000022dfd9e3c50
Event: 219.235 Thread 0x0000022dfd9e4320 Thread exited: 0x0000022dfd9e4320


Dynamic libraries:
0x00007ff7f2ee0000 - 0x00007ff7f2eee000 	c:\Users\ASUS\.vscode\extensions\redhat.java-1.53.0-win32-x64\jre\21.0.10-win32-x86_64\bin\java.exe
0x00007ff8f7ee0000 - 0x00007ff8f8149000 	C:\WINDOWS\SYSTEM32\ntdll.dll
0x00007ff8f7950000 - 0x00007ff8f7a19000 	C:\WINDOWS\System32\KERNEL32.DLL
0x00007ff8f5100000 - 0x00007ff8f54f3000 	C:\WINDOWS\System32\KERNELBASE.dll
0x00007ff8f5680000 - 0x00007ff8f57cb000 	C:\WINDOWS\System32\ucrtbase.dll
0x00007ff8bd240000 - 0x00007ff8bd258000 	c:\Users\ASUS\.vscode\extensions\redhat.java-1.53.0-win32-x64\jre\21.0.10-win32-x86_64\bin\jli.dll
0x00007ff8bd400000 - 0x00007ff8bd41e000 	c:\Users\ASUS\.vscode\extensions\redhat.java-1.53.0-win32-x64\jre\21.0.10-win32-x86_64\bin\VCRUNTIME140.dll
0x00007ff8f7c80000 - 0x00007ff8f7e44000 	C:\WINDOWS\System32\USER32.dll
0x00007ff8f5860000 - 0x00007ff8f5887000 	C:\WINDOWS\System32\win32u.dll
0x00007ff8dafa0000 - 0x00007ff8db233000 	C:\WINDOWS\WinSxS\amd64_microsoft.windows.common-controls_6595b64144ccf1df_6.0.26100.5074_none_3e0d6f78e32fd63f\COMCTL32.dll
0x00007ff8f7820000 - 0x00007ff8f784b000 	C:\WINDOWS\System32\GDI32.dll
0x00007ff8f7aa0000 - 0x00007ff8f7b49000 	C:\WINDOWS\System32\msvcrt.dll
0x00007ff8f5a00000 - 0x00007ff8f5b2d000 	C:\WINDOWS\System32\gdi32full.dll
0x00007ff8f5bd0000 - 0x00007ff8f5c73000 	C:\WINDOWS\System32\msvcp_win.dll
0x00007ff8f7ba0000 - 0x00007ff8f7bcf000 	C:\WINDOWS\System32\IMM32.DLL
0x00007ff8d4dc0000 - 0x00007ff8d4dcc000 	c:\Users\ASUS\.vscode\extensions\redhat.java-1.53.0-win32-x64\jre\21.0.10-win32-x86_64\bin\vcruntime140_1.dll
0x00007ff86eb80000 - 0x00007ff86ec0d000 	c:\Users\ASUS\.vscode\extensions\redhat.java-1.53.0-win32-x64\jre\21.0.10-win32-x86_64\bin\msvcp140.dll
0x00007ff83a160000 - 0x00007ff83af01000 	c:\Users\ASUS\.vscode\extensions\redhat.java-1.53.0-win32-x64\jre\21.0.10-win32-x86_64\bin\server\jvm.dll
0x00007ff8f74a0000 - 0x00007ff8f7554000 	C:\WINDOWS\System32\ADVAPI32.dll
0x00007ff8f5cf0000 - 0x00007ff8f5d96000 	C:\WINDOWS\System32\sechost.dll
0x00007ff8f6bb0000 - 0x00007ff8f6cc8000 	C:\WINDOWS\System32\RPCRT4.dll
0x00007ff8f7a20000 - 0x00007ff8f7a94000 	C:\WINDOWS\System32\WS2_32.dll
0x00007ff8edf20000 - 0x00007ff8edf2b000 	C:\WINDOWS\SYSTEM32\VERSION.dll
0x00007ff8e83a0000 - 0x00007ff8e83d5000 	C:\WINDOWS\SYSTEM32\WINMM.dll
0x00007ff8f4ea0000 - 0x00007ff8f4efe000 	C:\WINDOWS\SYSTEM32\POWRPROF.dll
0x00007ff8f4e80000 - 0x00007ff8f4e94000 	C:\WINDOWS\SYSTEM32\UMPDC.dll
0x00007ff8f3de0000 - 0x00007ff8f3dfb000 	C:\WINDOWS\SYSTEM32\kernel.appcore.dll
0x00007ff8d2080000 - 0x00007ff8d208a000 	c:\Users\ASUS\.vscode\extensions\redhat.java-1.53.0-win32-x64\jre\21.0.10-win32-x86_64\bin\jimage.dll
0x00007ff8e6c60000 - 0x00007ff8e6ea2000 	C:\WINDOWS\SYSTEM32\DBGHELP.DLL
0x00007ff8f5f80000 - 0x00007ff8f62fb000 	C:\WINDOWS\System32\combase.dll
0x00007ff8f7160000 - 0x00007ff8f7237000 	C:\WINDOWS\System32\OLEAUT32.dll
0x00007ff8db240000 - 0x00007ff8db27d000 	C:\WINDOWS\SYSTEM32\dbgcore.DLL
0x00007ff8f5b30000 - 0x00007ff8f5bc9000 	C:\WINDOWS\System32\bcryptPrimitives.dll
0x00007ff8d07a0000 - 0x00007ff8d07af000 	c:\Users\ASUS\.vscode\extensions\redhat.java-1.53.0-win32-x64\jre\21.0.10-win32-x86_64\bin\instrument.dll
0x00007ff8b7040000 - 0x00007ff8b7060000 	c:\Users\ASUS\.vscode\extensions\redhat.java-1.53.0-win32-x64\jre\21.0.10-win32-x86_64\bin\java.dll
0x00007ff8f6300000 - 0x00007ff8f6a4d000 	C:\WINDOWS\System32\SHELL32.dll
0x00007ff8f5890000 - 0x00007ff8f59fc000 	C:\WINDOWS\System32\wintypes.dll
0x00007ff8f2c50000 - 0x00007ff8f34a9000 	C:\WINDOWS\SYSTEM32\windows.storage.dll
0x00007ff8f73a0000 - 0x00007ff8f7490000 	C:\WINDOWS\System32\SHCORE.dll
0x00007ff8f5c80000 - 0x00007ff8f5ce2000 	C:\WINDOWS\System32\shlwapi.dll
0x00007ff8f4f60000 - 0x00007ff8f4f89000 	C:\WINDOWS\SYSTEM32\profapi.dll
0x00007ff8b6500000 - 0x00007ff8b6518000 	c:\Users\ASUS\.vscode\extensions\redhat.java-1.53.0-win32-x64\jre\21.0.10-win32-x86_64\bin\zip.dll
0x00007ff8cd510000 - 0x00007ff8cd520000 	C:\Users\ASUS\.vscode\extensions\redhat.java-1.53.0-win32-x64\jre\21.0.10-win32-x86_64\bin\net.dll
0x00007ff8ef690000 - 0x00007ff8ef7af000 	C:\WINDOWS\SYSTEM32\WINHTTP.dll
0x00007ff8f4340000 - 0x00007ff8f43ab000 	C:\WINDOWS\system32\mswsock.dll
0x00007ff89cf00000 - 0x00007ff89cf16000 	C:\Users\ASUS\.vscode\extensions\redhat.java-1.53.0-win32-x64\jre\21.0.10-win32-x86_64\bin\nio.dll
0x00007ff8cc060000 - 0x00007ff8cc070000 	c:\Users\ASUS\.vscode\extensions\redhat.java-1.53.0-win32-x64\jre\21.0.10-win32-x86_64\bin\verify.dll
0x00007ff87c5f0000 - 0x00007ff87c635000 	C:\Users\ASUS\AppData\Roaming\Code\User\globalStorage\redhat.java\1.53.0\config_win\org.eclipse.equinox.launcher\org.eclipse.equinox.launcher.win32.win32.x86_64_1.3.0.v20260203-2149\eclipse_11919.dll
0x00007ff8f7670000 - 0x00007ff8f7808000 	C:\WINDOWS\System32\ole32.dll
0x00007ff8f4710000 - 0x00007ff8f472b000 	C:\WINDOWS\SYSTEM32\CRYPTSP.dll
0x00007ff8f3d40000 - 0x00007ff8f3d7b000 	C:\WINDOWS\system32\rsaenh.dll
0x00007ff8f43e0000 - 0x00007ff8f440b000 	C:\WINDOWS\SYSTEM32\USERENV.dll
0x00007ff8f4f30000 - 0x00007ff8f4f56000 	C:\WINDOWS\SYSTEM32\bcrypt.dll
0x00007ff8f4570000 - 0x00007ff8f457c000 	C:\WINDOWS\SYSTEM32\CRYPTBASE.dll
0x00007ff8f3880000 - 0x00007ff8f38b4000 	C:\WINDOWS\SYSTEM32\IPHLPAPI.DLL
0x00007ff8f7c60000 - 0x00007ff8f7c6a000 	C:\WINDOWS\System32\NSI.dll
0x00007ff87c500000 - 0x00007ff87c549000 	C:\Users\ASUS\AppData\Local\Temp\jna-2018896\jna5826386441418063738.dll
0x00007ff8f7810000 - 0x00007ff8f7818000 	C:\WINDOWS\System32\PSAPI.DLL
0x00007ff8ef960000 - 0x00007ff8ef97e000 	C:\WINDOWS\SYSTEM32\dhcpcsvc6.DLL
0x00007ff8ef840000 - 0x00007ff8ef863000 	C:\WINDOWS\SYSTEM32\dhcpcsvc.DLL

JVMTI agents:
c:\Users\ASUS\.vscode\extensions\redhat.java-1.53.0-win32-x64\lombok\lombok-1.18.39-4050.jar path:c:\Users\ASUS\.vscode\extensions\redhat.java-1.53.0-win32-x64\jre\21.0.10-win32-x86_64\bin\instrument.dll, loaded, initialized, instrumentlib options:none

dbghelp: loaded successfully - version: 4.0.5 - missing functions: none
symbol engine: initialized successfully - sym options: 0x614 - pdb path: .;c:\Users\ASUS\.vscode\extensions\redhat.java-1.53.0-win32-x64\jre\21.0.10-win32-x86_64\bin;C:\WINDOWS\SYSTEM32;C:\WINDOWS\WinSxS\amd64_microsoft.windows.common-controls_6595b64144ccf1df_6.0.26100.5074_none_3e0d6f78e32fd63f;c:\Users\ASUS\.vscode\extensions\redhat.java-1.53.0-win32-x64\jre\21.0.10-win32-x86_64\bin\server;C:\Users\ASUS\AppData\Roaming\Code\User\globalStorage\redhat.java\1.53.0\config_win\org.eclipse.equinox.launcher\org.eclipse.equinox.launcher.win32.win32.x86_64_1.3.0.v20260203-2149;C:\Users\ASUS\AppData\Local\Temp\jna-2018896

VM Arguments:
jvm_args: --add-modules=ALL-SYSTEM --add-opens=java.base/java.util=ALL-UNNAMED --add-opens=java.base/java.lang=ALL-UNNAMED --add-opens=java.base/sun.nio.fs=ALL-UNNAMED -Declipse.application=org.eclipse.jdt.ls.core.id1 -Dosgi.bundles.defaultStartLevel=4 -Declipse.product=org.eclipse.jdt.ls.core.product -Djava.import.generatesMetadataFilesAtProjectRoot=false -DDetectVMInstallationsJob.disabled=true -Dfile.encoding=utf8 -XX:+UseParallelGC -XX:GCTimeRatio=4 -XX:AdaptiveSizePolicyWeight=90 -Dsun.zip.disableMemoryMapping=true -Xmx2G -Xms100m -Xlog:disable -javaagent:c:\Users\ASUS\.vscode\extensions\redhat.java-1.53.0-win32-x64\lombok\lombok-1.18.39-4050.jar -XX:+HeapDumpOnOutOfMemoryError -XX:HeapDumpPath=c:\Users\ASUS\AppData\Roaming\Code\User\workspaceStorage\072664e477a3092332c4219defd89c4c\redhat.java -Daether.dependencyCollector.impl=bf 
java_command: c:\Users\ASUS\.vscode\extensions\redhat.java-1.53.0-win32-x64\server\plugins\org.eclipse.equinox.launcher_1.7.100.v20251111-0406.jar -configuration c:\Users\ASUS\AppData\Roaming\Code\User\globalStorage\redhat.java\1.53.0\config_win -data c:\Users\ASUS\AppData\Roaming\Code\User\workspaceStorage\072664e477a3092332c4219defd89c4c\redhat.java\jdt_ws --pipe=\\.\pipe\lsp-652a0e4ffbb6b612662e16fc81029117-sock
java_class_path (initial): c:\Users\ASUS\.vscode\extensions\redhat.java-1.53.0-win32-x64\server\plugins\org.eclipse.equinox.launcher_1.7.100.v20251111-0406.jar
Launcher Type: SUN_STANDARD

[Global flags]
    uintx AdaptiveSizePolicyWeight                 = 90                                        {product} {command line}
     intx CICompilerCount                          = 12                                        {product} {ergonomic}
    uintx GCTimeRatio                              = 4                                         {product} {command line}
     bool HeapDumpOnOutOfMemoryError               = true                                   {manageable} {command line}
    ccstr HeapDumpPath                             = c:\Users\ASUS\AppData\Roaming\Code\User\workspaceStorage\072664e477a3092332c4219defd89c4c\redhat.java         {manageable} {command line}
   size_t InitialHeapSize                          = 104857600                                 {product} {command line}
   size_t MaxHeapSize                              = 2147483648                                {product} {command line}
   size_t MaxNewSize                               = 715653120                                 {product} {ergonomic}
   size_t MinHeapDeltaBytes                        = 524288                                    {product} {ergonomic}
   size_t MinHeapSize                              = 104857600                                 {product} {command line}
   size_t NewSize                                  = 34603008                                  {product} {ergonomic}
    uintx NonNMethodCodeHeapSize                   = 7602480                                {pd product} {ergonomic}
    uintx NonProfiledCodeHeapSize                  = 122027880                              {pd product} {ergonomic}
   size_t OldSize                                  = 70254592                                  {product} {ergonomic}
    uintx ProfiledCodeHeapSize                     = 122027880                              {pd product} {ergonomic}
    uintx ReservedCodeCacheSize                    = 251658240                              {pd product} {ergonomic}
     bool SegmentedCodeCache                       = true                                      {product} {ergonomic}
   size_t SoftMaxHeapSize                          = 2147483648                             {manageable} {ergonomic}
     bool UseCompressedOops                        = true                           {product lp64_product} {ergonomic}
     bool UseLargePagesIndividualAllocation        = false                                  {pd product} {ergonomic}
     bool UseParallelGC                            = true                                      {product} {command line}

Logging:
Log output configuration:
 #0: stdout all=off uptime,level,tags foldmultilines=false
 #1: stderr all=off uptime,level,tags foldmultilines=false

Release file:
JAVA_VERSION="21.0.10" 
MODULES="java.base java.compiler java.datatransfer java.xml java.prefs java.desktop java.instrument java.logging java.management java.security.sasl java.naming java.rmi java.management.rmi java.net.http java.scripting java.security.jgss java.transaction.xa java.sql java.sql.rowset java.xml.crypto java.se java.smartcardio jdk.accessibility jdk.internal.jvmstat jdk.attach jdk.charsets jdk.internal.opt jdk.zipfs jdk.compiler jdk.crypto.ec jdk.crypto.cryptoki jdk.crypto.mscapi jdk.dynalink jdk.internal.ed jdk.editpad jdk.hotspot.agent jdk.httpserver jdk.internal.le jdk.internal.vm.ci jdk.internal.vm.compiler jdk.internal.vm.compiler.management jdk.jartool jdk.javadoc jdk.jcmd jdk.management jdk.management.agent jdk.jconsole jdk.jdeps jdk.jdwp.agent jdk.jdi jdk.jfr jdk.jshell jdk.jsobject jdk.jstatd jdk.localedata jdk.management.jfr jdk.naming.dns jdk.naming.rmi jdk.net jdk.nio.mapmode jdk.random jdk.sctp jdk.security.auth jdk.security.jgss jdk.unsupported jdk.unsupported.desktop jdk.xml.dom" 

Environment Variables:
PATH=C:\Visaul Studio\Microsoft VS Code;C:\Program Files\Java\jdk-25\bin;C:\Program Files\Python313\Scripts\;C:\Program Files\Python313\;C:\Program Files (x86)\VMware\VMware Workstation\bin\;C:\WINDOWS\system32;C:\WINDOWS;C:\WINDOWS\System32\Wbem;C:\WINDOWS\System32\WindowsPowerShell\v1.0\;C:\WINDOWS\System32\OpenSSH\;C:\Program Files\NVIDIA Corporation\NVIDIA App\NvDLISR;C:\Program Files (x86)\NVIDIA Corporation\PhysX\Common;C:\Program Files\dotnet\;C:\php-8.4.7;C:\ProgramData\ComposerSetup\bin;C:\Program Files\nodejs\;C:\Program Files\Git\cmd;C:\Program Files\MongoDB\Server\8.2\bin;C:\Program Files\Java\jdk-25\;;C:\ProgramData\chocolatey\bin;C:\Program Files\Microsoft SQL Server\150\Tools\Binn\;C:\Program Files\Microsoft SQL Server\Client SDK\ODBC\170\Tools\Binn\;C:\Program Files\Microsoft SQL Server\170\DTS\Binn\;C:\Program Files\Docker\Docker\resources\bin;c:\Users\ASUS\AppData\Local\Programs\cursor\resources\app\codeBin;C:\Program Files\Java\jdk-25\bin;C:\Users\ASUS\AppData\Local\Microsoft\WindowsApps;C:\Visaul Studio\Microsoft VS Code\bin;C:\Users\ASUS\AppData\Local\Programs\Azure Data Studio\bin;C:\Program Files\Azure Data Studio\bin;C:\Users\ASUS\AppData\Local\GitHubDesktop\bin;C:\Users\ASUS\AppData\Roaming\Composer\vendor\bin;C:\Users\ASUS\AppData\Roaming\npm;C:\Program Files\mongosh\;C:\Program Files\IntelliJ IDEA 2025.2.3\bin;C:\Program Files\JetBrains\WebStorm 2025.2.3\bin;C:\Program Files (x86)\Microsoft Visual Studio\Shared\NuGetPackages\microsoft.visualstudio.javascript.sdk;C:\Program Files\Java\jdk-25\;C:\Users\ASUS\.dotnet\tools;C:\Users\ASUS\AppData\Local\Microsoft\WinGet\Links;C:\Users\ASUS\AppData\Local\Programs\Antigravity\bin;C:\Users\ASUS\AppData\Local\Programs\cursor\resources\app\bin
USERNAME=ASUS
OS=Windows_NT
PROCESSOR_IDENTIFIER=AMD64 Family 25 Model 68 Stepping 1, AuthenticAMD
TMP=C:\Users\ASUS\AppData\Local\Temp
TEMP=C:\Users\ASUS\AppData\Local\Temp




Periodic native trim disabled

---------------  S Y S T E M  ---------------

OS:
 Windows 11 , 64 bit Build 26100 (10.0.26100.5074)
OS uptime: 0 days 0:23 hours
Hyper-V role detected

CPU: total 16 (initial active 16) (16 cores per cpu, 2 threads per core) family 25 model 68 stepping 1 microcode 0xa404107, cx8, cmov, fxsr, ht, mmx, 3dnowpref, sse, sse2, sse3, ssse3, sse4a, sse4.1, sse4.2, popcnt, lzcnt, tsc, tscinvbit, avx, avx2, aes, erms, clmul, bmi1, bmi2, adx, sha, fma, vzeroupper, clflush, clflushopt, hv, rdtscp, rdpid, fsrm, f16c, cet_ss
Processor Information for processor 0
  Max Mhz: 3100, Current Mhz: 3100, Mhz Limit: 3100
Processor Information for processor 1
  Max Mhz: 3100, Current Mhz: 2523, Mhz Limit: 3100
Processor Information for processor 2
  Max Mhz: 3100, Current Mhz: 3100, Mhz Limit: 3100
Processor Information for processor 3
  Max Mhz: 3100, Current Mhz: 3100, Mhz Limit: 3100
Processor Information for processor 4
  Max Mhz: 3100, Current Mhz: 2523, Mhz Limit: 3100
Processor Information for processor 5
  Max Mhz: 3100, Current Mhz: 3100, Mhz Limit: 3100
Processor Information for processor 6
  Max Mhz: 3100, Current Mhz: 2523, Mhz Limit: 3100
Processor Information for processor 7
  Max Mhz: 3100, Current Mhz: 3100, Mhz Limit: 3100
Processor Information for processor 8
  Max Mhz: 3100, Current Mhz: 3100, Mhz Limit: 3100
Processor Information for processor 9
  Max Mhz: 3100, Current Mhz: 3100, Mhz Limit: 3100
Processor Information for processor 10
  Max Mhz: 3100, Current Mhz: 3100, Mhz Limit: 3100
Processor Information for processor 11
  Max Mhz: 3100, Current Mhz: 3100, Mhz Limit: 3100
Processor Information for processor 12
  Max Mhz: 3100, Current Mhz: 3100, Mhz Limit: 3100
Processor Information for processor 13
  Max Mhz: 3100, Current Mhz: 3100, Mhz Limit: 3100
Processor Information for processor 14
  Max Mhz: 3100, Current Mhz: 3100, Mhz Limit: 3100
Processor Information for processor 15
  Max Mhz: 3100, Current Mhz: 3100, Mhz Limit: 3100

Memory: 4k page, system-wide physical 8010M (8M free)
TotalPageFile size 24394M (AvailPageFile size 9M)
current process WorkingSet (physical memory assigned to process): 167M, peak: 419M
current process commit charge ("private bytes"): 845M, peak: 847M

vm_info: OpenJDK 64-Bit Server VM (21.0.10+7-LTS) for windows-amd64 JRE (21.0.10+7-LTS), built on 2026-01-20T00:00:00Z by "admin" with MS VC++ 17.12 (VS2022)

END.
