#
# There is insufficient memory for the Java Runtime Environment to continue.
# Native memory allocation (malloc) failed to allocate 1048576 bytes. Error detail: AllocateHeap
# Possible reasons:
#   The system is out of physical RAM or swap space
#   This process is running with CompressedOops enabled, and the Java Heap may be blocking the growth of the native heap
# Possible solutions:
#   Reduce memory load on the system
#   Increase physical memory or swap space
#   Check if swap backing store is full
#   Decrease Java heap size (-Xmx/-Xms)
#   Decrease number of Java threads
#   Decrease Java thread stack sizes (-Xss)
#   Set larger code cache with -XX:ReservedCodeCacheSize=
#   JVM is running with Unscaled Compressed Oops mode in which the Java heap is
#     placed in the first 4GB address space. The Java Heap base address is the
#     maximum limit for the native heap growth. Please use -XX:HeapBaseMinAddress
#     to set the Java Heap base and to place the Java Heap above 4GB virtual address.
# This output file may be truncated or incomplete.
#
#  Out of Memory Error (allocation.cpp:44), pid=29892, tid=30440
#
# JRE version: OpenJDK Runtime Environment Temurin-21.0.10+7 (21.0.10+7) (build 21.0.10+7-LTS)
# Java VM: OpenJDK 64-Bit Server VM Temurin-21.0.10+7 (21.0.10+7-LTS, mixed mode, sharing, tiered, compressed oops, compressed class ptrs, parallel gc, windows-amd64)
# No core dump will be written. Minidumps are not enabled by default on client versions of Windows
#

---------------  S U M M A R Y ------------

Command Line: --add-modules=ALL-SYSTEM --add-opens=java.base/java.util=ALL-UNNAMED --add-opens=java.base/java.lang=ALL-UNNAMED --add-opens=java.base/sun.nio.fs=ALL-UNNAMED -Declipse.application=org.eclipse.jdt.ls.core.id1 -Dosgi.bundles.defaultStartLevel=4 -Declipse.product=org.eclipse.jdt.ls.core.product -Djava.import.generatesMetadataFilesAtProjectRoot=false -DDetectVMInstallationsJob.disabled=true -Dfile.encoding=utf8 -XX:+UseParallelGC -XX:GCTimeRatio=4 -XX:AdaptiveSizePolicyWeight=90 -Dsun.zip.disableMemoryMapping=true -Xmx2G -Xms100m -Xlog:disable -javaagent:c:\Users\ASUS\.antigravity\extensions\redhat.java-1.53.0-win32-x64\lombok\lombok-1.18.39-4050.jar -XX:+HeapDumpOnOutOfMemoryError -XX:HeapDumpPath=c:\Users\ASUS\AppData\Roaming\Antigravity\User\workspaceStorage\072664e477a3092332c4219defd89c4c\redhat.java -Daether.dependencyCollector.impl=bf c:\Users\ASUS\.antigravity\extensions\redhat.java-1.53.0-win32-x64\server\plugins\org.eclipse.equinox.launcher_1.7.100.v20251111-0406.jar -configuration c:\Users\ASUS\AppData\Roaming\Antigravity\User\globalStorage\redhat.java\1.53.0\config_win -data c:\Users\ASUS\AppData\Roaming\Antigravity\User\workspaceStorage\072664e477a3092332c4219defd89c4c\redhat.java\jdt_ws --pipe=\\.\pipe\lsp-4f9604e825764ff5e62a6e9bcf7759e7-sock

Host: AMD Ryzen 7 7435HS                             , 16 cores, 7G,  Windows 11 , 64 bit Build 26100 (10.0.26100.5074)
Time: Mon Mar 30 23:32:26 2026 SE Asia Standard Time elapsed time: 4032.798732 seconds (0d 1h 7m 12s)

---------------  T H R E A D  ---------------

Current thread (0x00000231b8a66620):  JavaThread "Attach Listener" daemon [_thread_in_vm, id=30440, stack(0x000000e02d300000,0x000000e02d400000) (1024K)]

Stack: [0x000000e02d300000,0x000000e02d400000]
Native frames: (J=compiled Java code, j=interpreted, Vv=VM code, C=native code)
V  [jvm.dll+0x6d7a39]
V  [jvm.dll+0x8b4b26]
V  [jvm.dll+0x8b70de]
V  [jvm.dll+0x8b77c3]
V  [jvm.dll+0x284346]
V  [jvm.dll+0xc1277]
V  [jvm.dll+0x6d82e9]
V  [jvm.dll+0x1334a6]
V  [jvm.dll+0x3f857e]
V  [jvm.dll+0x85f59d]
V  [jvm.dll+0x6d626d]
C  [ucrtbase.dll+0x37b0]
C  [KERNEL32.DLL+0x2e8d7]
C  [ntdll.dll+0x8d9c]


---------------  P R O C E S S  ---------------

Threads class SMR info:
_java_thread_list=0x0000023227cb7d70, length=59, elements={
0x00000231b6639240, 0x00000231b896d9a0, 0x00000231b8a632f0, 0x00000231b8a654e0,
0x00000231b8a66620, 0x00000231b8a6b4e0, 0x00000231b8a75fb0, 0x00000231b8a7e920,
0x00000232117f8ef0, 0x00000231b8a75290, 0x00000231b8a72b30, 0x00000231b8a75920,
0x00000231b8a731c0, 0x00000231b8a73850, 0x00000231b8a73ee0, 0x00000231b8a74570,
0x00000231b8a74c00, 0x00000232182fd3a0, 0x00000232182fcd10, 0x00000232182ff470,
0x0000023218301bd0, 0x00000232182fe750, 0x0000023218300820, 0x0000023218300190,
0x00000232182fede0, 0x0000023218303610, 0x0000023218300eb0, 0x0000023218302f80,
0x0000023218302260, 0x00000232183028f0, 0x0000023218301540, 0x0000023218a0cdf0,
0x0000023218a0b3b0, 0x0000023218a09970, 0x0000023218a0ad20, 0x0000023218a0d480,
0x0000023218a0c760, 0x0000023218a0a000, 0x0000023218a0ba40, 0x0000023218a0db10,
0x0000023218a0e1a0, 0x00000232225012e0, 0x0000023227a17060, 0x000002321803bdd0,
0x000002321803ebc0, 0x000002321803f8e0, 0x000002321803c460, 0x0000023218039d00,
0x000002321803a390, 0x0000023227a15620, 0x0000023227a17d80, 0x0000023227a15cb0,
0x0000023227a197c0, 0x0000023227a16340, 0x0000023227a169d0, 0x00000232224fe4f0,
0x0000023222502000, 0x0000023222501970, 0x00000232224feb80
}

Java Threads: ( => current thread )
  0x00000231b6639240 JavaThread "main"                              [_thread_blocked, id=30236, stack(0x000000e02cc00000,0x000000e02cd00000) (1024K)]
  0x00000231b896d9a0 JavaThread "Reference Handler"          daemon [_thread_blocked, id=27440, stack(0x000000e02d000000,0x000000e02d100000) (1024K)]
  0x00000231b8a632f0 JavaThread "Finalizer"                  daemon [_thread_blocked, id=6540, stack(0x000000e02d100000,0x000000e02d200000) (1024K)]
  0x00000231b8a654e0 JavaThread "Signal Dispatcher"          daemon [_thread_blocked, id=16544, stack(0x000000e02d200000,0x000000e02d300000) (1024K)]
=>0x00000231b8a66620 JavaThread "Attach Listener"            daemon [_thread_in_vm, id=30440, stack(0x000000e02d300000,0x000000e02d400000) (1024K)]
  0x00000231b8a6b4e0 JavaThread "Service Thread"             daemon [_thread_blocked, id=30436, stack(0x000000e02d400000,0x000000e02d500000) (1024K)]
  0x00000231b8a75fb0 JavaThread "Monitor Deflation Thread"   daemon [_thread_blocked, id=30432, stack(0x000000e02d500000,0x000000e02d600000) (1024K)]
  0x00000231b8a7e920 JavaThread "C2 CompilerThread0"         daemon [_thread_blocked, id=30412, stack(0x000000e02d600000,0x000000e02d700000) (1024K)]
  0x00000232117f8ef0 JavaThread "C1 CompilerThread0"         daemon [_thread_blocked, id=30460, stack(0x000000e02d700000,0x000000e02d800000) (1024K)]
  0x00000231b8a75290 JavaThread "Common-Cleaner"             daemon [_thread_blocked, id=30424, stack(0x000000e02db00000,0x000000e02dc00000) (1024K)]
  0x00000231b8a72b30 JavaThread "Notification Thread"        daemon [_thread_blocked, id=27212, stack(0x000000e02dd00000,0x000000e02de00000) (1024K)]
  0x00000231b8a75920 JavaThread "Active Thread: Equinox Container: fc1f436b-082a-475b-85d2-063c525d0178"        [_thread_blocked, id=20740, stack(0x000000e02e500000,0x000000e02e600000) (1024K)]
  0x00000231b8a731c0 JavaThread "Refresh Thread: Equinox Container: fc1f436b-082a-475b-85d2-063c525d0178" daemon [_thread_blocked, id=30096, stack(0x000000e02d800000,0x000000e02d900000) (1024K)]
  0x00000231b8a73850 JavaThread "Framework Event Dispatcher: Equinox Container: fc1f436b-082a-475b-85d2-063c525d0178" daemon [_thread_blocked, id=29860, stack(0x000000e02d900000,0x000000e02da00000) (1024K)]
  0x00000231b8a73ee0 JavaThread "Start Level: Equinox Container: fc1f436b-082a-475b-85d2-063c525d0178" daemon [_thread_blocked, id=29736, stack(0x000000e02da00000,0x000000e02db00000) (1024K)]
  0x00000231b8a74570 JavaThread "Bundle File Closer"         daemon [_thread_blocked, id=7772, stack(0x000000e02ea00000,0x000000e02eb00000) (1024K)]
  0x00000231b8a74c00 JavaThread "SCR Component Actor"        daemon [_thread_blocked, id=3096, stack(0x000000e02eb00000,0x000000e02ec00000) (1024K)]
  0x00000232182fd3a0 JavaThread "Worker-JM"                         [_thread_blocked, id=11820, stack(0x000000e02ef00000,0x000000e02f000000) (1024K)]
  0x00000232182fcd10 JavaThread "JNA Cleaner"                daemon [_thread_blocked, id=2116, stack(0x000000e02ed00000,0x000000e02ee00000) (1024K)]
  0x00000232182ff470 JavaThread "Java indexing"              daemon [_thread_blocked, id=30352, stack(0x000000e02f500000,0x000000e02f600000) (1024K)]
  0x0000023218301bd0 JavaThread "Thread-1"                   daemon [_thread_in_native, id=17716, stack(0x000000e02fd00000,0x000000e02fe00000) (1024K)]
  0x00000232182fe750 JavaThread "Thread-2"                   daemon [_thread_in_native, id=28636, stack(0x000000e02fe00000,0x000000e02ff00000) (1024K)]
  0x0000023218300820 JavaThread "Thread-3"                   daemon [_thread_in_native, id=7492, stack(0x000000e02ff00000,0x000000e030000000) (1024K)]
  0x0000023218300190 JavaThread "Thread-4"                   daemon [_thread_in_native, id=28632, stack(0x000000e030000000,0x000000e030100000) (1024K)]
  0x00000232182fede0 JavaThread "Thread-5"                   daemon [_thread_in_native, id=9500, stack(0x000000e030100000,0x000000e030200000) (1024K)]
  0x0000023218303610 JavaThread "Thread-6"                   daemon [_thread_in_native, id=2480, stack(0x000000e030200000,0x000000e030300000) (1024K)]
  0x0000023218300eb0 JavaThread "Thread-7"                   daemon [_thread_in_native, id=3328, stack(0x000000e030300000,0x000000e030400000) (1024K)]
  0x0000023218302f80 JavaThread "Thread-8"                   daemon [_thread_in_native, id=28836, stack(0x000000e030400000,0x000000e030500000) (1024K)]
  0x0000023218302260 JavaThread "Thread-9"                   daemon [_thread_in_native, id=28100, stack(0x000000e030500000,0x000000e030600000) (1024K)]
  0x00000232183028f0 JavaThread "Thread-10"                  daemon [_thread_in_native, id=29504, stack(0x000000e030600000,0x000000e030700000) (1024K)]
  0x0000023218301540 JavaThread "Thread-11"                  daemon [_thread_in_native, id=29584, stack(0x000000e030700000,0x000000e030800000) (1024K)]
  0x0000023218a0cdf0 JavaThread "Thread-12"                  daemon [_thread_in_native, id=30656, stack(0x000000e030800000,0x000000e030900000) (1024K)]
  0x0000023218a0b3b0 JavaThread "Thread-13"                  daemon [_thread_in_native, id=18096, stack(0x000000e030900000,0x000000e030a00000) (1024K)]
  0x0000023218a09970 JavaThread "Thread-14"                  daemon [_thread_in_native, id=4080, stack(0x000000e030a00000,0x000000e030b00000) (1024K)]
  0x0000023218a0ad20 JavaThread "Thread-15"                  daemon [_thread_in_native, id=29828, stack(0x000000e030b00000,0x000000e030c00000) (1024K)]
  0x0000023218a0d480 JavaThread "Thread-16"                  daemon [_thread_in_native, id=29360, stack(0x000000e030c00000,0x000000e030d00000) (1024K)]
  0x0000023218a0c760 JavaThread "Thread-17"                  daemon [_thread_in_native, id=13220, stack(0x000000e030d00000,0x000000e030e00000) (1024K)]
  0x0000023218a0a000 JavaThread "pool-2-thread-1"                   [_thread_blocked, id=29428, stack(0x000000e030e00000,0x000000e030f00000) (1024K)]
  0x0000023218a0ba40 JavaThread "WorkspaceEventsHandler"            [_thread_blocked, id=29436, stack(0x000000e030f00000,0x000000e031000000) (1024K)]
  0x0000023218a0db10 JavaThread "pool-1-thread-1"                   [_thread_blocked, id=26044, stack(0x000000e031000000,0x000000e031100000) (1024K)]
  0x0000023218a0e1a0 JavaThread "ForkJoinPool.commonPool-worker-2" daemon [_thread_blocked, id=29160, stack(0x000000e031100000,0x000000e031200000) (1024K)]
  0x00000232225012e0 JavaThread "ForkJoinPool.commonPool-worker-13" daemon [_thread_blocked, id=29984, stack(0x000000e031c00000,0x000000e031d00000) (1024K)]
  0x0000023227a17060 JavaThread "Cleaner-0"                  daemon [_thread_blocked, id=26656, stack(0x000000e02f200000,0x000000e02f300000) (1024K)]
  0x000002321803bdd0 JavaThread "ForkJoinPool.commonPool-worker-30" daemon [_thread_blocked, id=37280, stack(0x000000e02f400000,0x000000e02f500000) (1024K)]
  0x000002321803ebc0 JavaThread "ForkJoinPool.commonPool-worker-29" daemon [_thread_blocked, id=35652, stack(0x000000e02f700000,0x000000e02f800000) (1024K)]
  0x000002321803f8e0 JavaThread "ForkJoinPool.commonPool-worker-28" daemon [_thread_blocked, id=7788, stack(0x000000e02f800000,0x000000e02f900000) (1024K)]
  0x000002321803c460 JavaThread "ForkJoinPool.commonPool-worker-38" daemon [_thread_blocked, id=4636, stack(0x000000e02fc00000,0x000000e02fd00000) (1024K)]
  0x0000023218039d00 JavaThread "ForkJoinPool.commonPool-worker-41" daemon [_thread_blocked, id=35176, stack(0x000000e02f900000,0x000000e02fa00000) (1024K)]
  0x000002321803a390 JavaThread "Worker-32"                         [_thread_blocked, id=2996, stack(0x000000e02f300000,0x000000e02f400000) (1024K)]
  0x0000023227a15620 JavaThread "Compiler Source File Reader" daemon [_thread_blocked, id=29064, stack(0x000000e02c900000,0x000000e02ca00000) (1024K)]
  0x0000023227a17d80 JavaThread "Compiler Source File Reader" daemon [_thread_blocked, id=37608, stack(0x000000e02ec00000,0x000000e02ed00000) (1024K)]
  0x0000023227a15cb0 JavaThread "ForkJoinPool.commonPool-worker-42" daemon [_thread_blocked, id=3336, stack(0x000000e02fb00000,0x000000e02fc00000) (1024K)]
  0x0000023227a197c0 JavaThread "ForkJoinPool.commonPool-worker-43" daemon [_thread_blocked, id=18820, stack(0x000000e031200000,0x000000e031300000) (1024K)]
  0x0000023227a16340 JavaThread "ForkJoinPool.commonPool-worker-44" daemon [_thread_blocked, id=39032, stack(0x000000e031300000,0x000000e031400000) (1024K)]
  0x0000023227a169d0 JavaThread "ForkJoinPool.commonPool-worker-45" daemon [_thread_blocked, id=39544, stack(0x000000e031400000,0x000000e031500000) (1024K)]
  0x00000232224fe4f0 JavaThread "ForkJoinPool.commonPool-worker-46" daemon [_thread_blocked, id=19160, stack(0x000000e031600000,0x000000e031700000) (1024K)]
  0x0000023222502000 JavaThread "Compiler Source File Reader" daemon [_thread_blocked, id=3272, stack(0x000000e02ca00000,0x000000e02cb00000) (1024K)]
  0x0000023222501970 JavaThread "Compiler Source File Reader" daemon [_thread_blocked, id=34144, stack(0x000000e02f600000,0x000000e02f700000) (1024K)]
  0x00000232224feb80 JavaThread "Worker-36"                         [_thread_blocked, id=40220, stack(0x000000e02cb00000,0x000000e02cc00000) (1024K)]
Total: 59

Other Threads:
  0x00000231b8954930 VMThread "VM Thread"                           [id=30292, stack(0x000000e02cf00000,0x000000e02d000000) (1024K)]
  0x00000231b884ca00 WatcherThread "VM Periodic Task Thread"        [id=30388, stack(0x000000e02ce00000,0x000000e02cf00000) (1024K)]
  0x00000231b89dd610 WorkerThread "GC Thread#0"                     [id=30276, stack(0x000000e02cd00000,0x000000e02ce00000) (1024K)]
  0x00000232138b6500 WorkerThread "GC Thread#1"                     [id=30640, stack(0x000000e02df00000,0x000000e02e000000) (1024K)]
  0x00000232134f5580 WorkerThread "GC Thread#2"                     [id=14424, stack(0x000000e02e000000,0x000000e02e100000) (1024K)]
  0x00000232134f5930 WorkerThread "GC Thread#3"                     [id=30676, stack(0x000000e02e100000,0x000000e02e200000) (1024K)]
  0x00000232134f64e0 WorkerThread "GC Thread#4"                     [id=24724, stack(0x000000e02e200000,0x000000e02e300000) (1024K)]
  0x00000232136cce30 WorkerThread "GC Thread#5"                     [id=29292, stack(0x000000e02e300000,0x000000e02e400000) (1024K)]
  0x00000232136cd1e0 WorkerThread "GC Thread#6"                     [id=29836, stack(0x000000e02e400000,0x000000e02e500000) (1024K)]
  0x00000232180d5c20 WorkerThread "GC Thread#7"                     [id=29908, stack(0x000000e02e600000,0x000000e02e700000) (1024K)]
  0x000002321827e3c0 WorkerThread "GC Thread#8"                     [id=30180, stack(0x000000e02de00000,0x000000e02df00000) (1024K)]
  0x0000023213676240 WorkerThread "GC Thread#9"                     [id=10444, stack(0x000000e02e700000,0x000000e02e800000) (1024K)]
  0x0000023218306470 WorkerThread "GC Thread#10"                    [id=28132, stack(0x000000e02e800000,0x000000e02e900000) (1024K)]
  0x0000023218062190 WorkerThread "GC Thread#11"                    [id=5556, stack(0x000000e02f000000,0x000000e02f100000) (1024K)]
  0x000002321837d6f0 WorkerThread "GC Thread#12"                    [id=13360, stack(0x000000e02f100000,0x000000e02f200000) (1024K)]
Total: 15

Threads with active compile tasks:
Total: 0

VM state: not at safepoint (normal execution)

VM Mutex/Monitor currently owned by a thread: None

Heap address: 0x0000000080000000, size: 2048 MB, Compressed Oops mode: 32-bit

CDS archive(s) mapped at: [0x00000231d0000000-0x00000231d0ba0000-0x00000231d0ba0000), size 12189696, SharedBaseAddress: 0x00000231d0000000, ArchiveRelocationMode: 1.
Compressed class space mapped at: 0x00000231d1000000-0x0000023211000000, reserved size: 1073741824
Narrow klass base: 0x00000231d0000000, Narrow klass shift: 0, Narrow klass range: 0x100000000

GC Precious Log:
 CardTable entry size: 512
 CPUs: 16 total, 16 available
 Memory: 8010M
 Large Page Support: Disabled
 NUMA Support: Disabled
 Compressed Oops: Enabled (32-bit)
 Alignments: Space 512K, Generation 512K, Heap 2M
 Heap Min Capacity: 100M
 Heap Initial Capacity: 100M
 Heap Max Capacity: 2G
 Pre-touch: Disabled
 Parallel Workers: 13

Heap:
 PSYoungGen      total 4608K, used 1181K [0x00000000d5580000, 0x00000000d5b00000, 0x0000000100000000)
  eden space 3584K, 13% used [0x00000000d5580000,0x00000000d55f7510,0x00000000d5900000)
  from space 1024K, 68% used [0x00000000d5900000,0x00000000d59b0000,0x00000000d5a00000)
  to   space 1024K, 0% used [0x00000000d5a00000,0x00000000d5a00000,0x00000000d5b00000)
 ParOldGen       total 1135616K, used 1135355K [0x0000000080000000, 0x00000000c5500000, 0x00000000d5580000)
  object space 1135616K, 99% used [0x0000000080000000,0x00000000c54becd8,0x00000000c5500000)
 Metaspace       used 90393K, committed 92224K, reserved 1179648K
  class space    used 8990K, committed 9984K, reserved 1048576K

Card table byte_map: [0x00000231b8360000,0x00000231b8770000] _byte_map_base: 0x00000231b7f60000

Marking Bits: (ParMarkBitMap*) 0x00007ffc99d23450
 Begin Bits: [0x00000231cae70000, 0x00000231cce70000)
 End Bits:   [0x00000231cce70000, 0x00000231cee70000)

Polling page: 0x00000231b65d0000

Metaspace:

Usage:
  Non-class:     79.50 MB used.
      Class:      8.78 MB used.
       Both:     88.28 MB used.

Virtual space:
  Non-class space:      128.00 MB reserved,      80.31 MB ( 63%) committed,  2 nodes.
      Class space:        1.00 GB reserved,       9.75 MB ( <1%) committed,  1 nodes.
             Both:        1.12 GB reserved,      90.06 MB (  8%) committed. 

Chunk freelists:
   Non-Class:  15.62 MB
       Class:  6.47 MB
        Both:  22.09 MB

MaxMetaspaceSize: unlimited
CompressedClassSpaceSize: 1.00 GB
Initial GC threshold: 21.00 MB
Current GC threshold: 148.88 MB
CDS: on
 - commit_granule_bytes: 65536.
 - commit_granule_words: 8192.
 - virtual_space_node_default_size: 8388608.
 - enlarge_chunks_in_place: 1.
 - use_allocation_guard: 0.


Internal statistics:

num_allocs_failed_limit: 9.
num_arena_births: 1768.
num_arena_deaths: 466.
num_vsnodes_births: 3.
num_vsnodes_deaths: 0.
num_space_committed: 1441.
num_space_uncommitted: 0.
num_chunks_returned_to_freelist: 548.
num_chunks_taken_from_freelist: 6422.
num_chunk_merges: 149.
num_chunk_splits: 3691.
num_chunks_enlarged: 1986.
num_inconsistent_stats: 0.

CodeHeap 'non-profiled nmethods': size=119168Kb used=20514Kb max_used=21282Kb free=98653Kb
 bounds [0x00000231c3760000, 0x00000231c4c30000, 0x00000231cabc0000]
CodeHeap 'profiled nmethods': size=119104Kb used=41056Kb max_used=51147Kb free=78047Kb
 bounds [0x00000231bbbc0000, 0x00000231bedc0000, 0x00000231c3010000]
CodeHeap 'non-nmethods': size=7488Kb used=1521Kb max_used=3270Kb free=5966Kb
 bounds [0x00000231c3010000, 0x00000231c3380000, 0x00000231c3760000]
CodeCache: size=245760Kb, used=63091Kb, max_used=75699Kb, free=182666Kb
 total_blobs=19168, nmethods=18332, adapters=737, full_count=0
Compilation: enabled, stopped_count=0, restarted_count=0

Compilation events (20 events):
Event: 3962.874 Thread 0x00000231b8a7e920 26464       4       org.eclipse.jdt.internal.compiler.flow.UnconditionalFlowInfo::initsWhenFalse (2 bytes)
Event: 3962.874 Thread 0x00000231b8a7e920 nmethod 26464 0x00000231c42f6790 code [0x00000231c42f6920, 0x00000231c42f69a8]
Event: 3962.882 Thread 0x00000232117f8ef0 26465   !   3       org.eclipse.jdt.internal.compiler.lookup.SourceTypeBinding::fields (472 bytes)
Event: 3962.882 Thread 0x00000231b8a7e920 26466       4       org.eclipse.jdt.internal.compiler.lookup.SourceTypeBinding::isNestmateOf (79 bytes)
Event: 3962.887 Thread 0x00000232117f8ef0 nmethod 26465 0x00000231bcf1fb10 code [0x00000231bcf1fee0, 0x00000231bcf22238]
Event: 3962.887 Thread 0x00000232117f8ef0 26472       3       org.eclipse.jdt.internal.compiler.ClassFile::generateNestMembersAttribute (316 bytes)
Event: 3962.888 Thread 0x00000231b8a7e920 nmethod 26466 0x00000231c3d98a10 code [0x00000231c3d98be0, 0x00000231c3d98e68]
Event: 3962.888 Thread 0x00000231b8a7e920 26471       4       org.eclipse.jdt.internal.compiler.ast.AbstractMethodDeclaration::isStatic (29 bytes)
Event: 3962.888 Thread 0x00000231b8a7e920 nmethod 26471 0x00000231c42f6490 code [0x00000231c42f6620, 0x00000231c42f66e0]
Event: 3962.890 Thread 0x00000232117f8ef0 nmethod 26472 0x00000231be3f3f10 code [0x00000231be3f4240, 0x00000231be3f5478]
Event: 3962.890 Thread 0x00000232117f8ef0 26467       3       org.eclipse.jdt.internal.compiler.ClassFile::initializeHeader (235 bytes)
Event: 3962.891 Thread 0x00000232117f8ef0 nmethod 26467 0x00000231bdacff10 code [0x00000231bdad00e0, 0x00000231bdad0480]
Event: 3962.891 Thread 0x00000232117f8ef0 26468       3       org.eclipse.jdt.internal.compiler.lookup.SourceTypeBinding::syntheticFields (111 bytes)
Event: 3962.892 Thread 0x00000232117f8ef0 nmethod 26468 0x00000231bdafa690 code [0x00000231bdafa8e0, 0x00000231bdafb468]
Event: 3962.892 Thread 0x00000232117f8ef0 26469       3       org.eclipse.jdt.internal.compiler.ClassFile::generateSourceAttribute (146 bytes)
Event: 3962.892 Thread 0x00000232117f8ef0 nmethod 26469 0x00000231bdb2f610 code [0x00000231bdb2f840, 0x00000231bdb2fdb0]
Event: 3962.892 Thread 0x00000232117f8ef0 26470       3       org.eclipse.jdt.internal.compiler.ClassFile::generateTypeAnnotationAttributeForTypeDeclaration (218 bytes)
Event: 3962.894 Thread 0x00000232117f8ef0 nmethod 26470 0x00000231bde50a10 code [0x00000231bde50c80, 0x00000231bde51800]
Event: 3962.894 Thread 0x00000232117f8ef0 26473       3       org.eclipse.jdt.internal.compiler.ClassFile::generateNestHostAttribute (160 bytes)
Event: 3962.894 Thread 0x00000232117f8ef0 nmethod 26473 0x00000231bdaf9c10 code [0x00000231bdaf9e20, 0x00000231bdafa388]

GC Heap History (20 events):
Event: 3955.171 GC heap before
{Heap before GC invocations=3642 (full 7):
 PSYoungGen      total 4608K, used 4276K [0x00000000d5580000, 0x00000000d5b00000, 0x0000000100000000)
  eden space 3584K, 100% used [0x00000000d5580000,0x00000000d5900000,0x00000000d5900000)
  from space 1024K, 67% used [0x00000000d5900000,0x00000000d59ad200,0x00000000d5a00000)
  to   space 1024K, 0% used [0x00000000d5a00000,0x00000000d5a00000,0x00000000d5b00000)
 ParOldGen       total 1131520K, used 1131280K [0x0000000080000000, 0x00000000c5100000, 0x00000000d5580000)
  object space 1131520K, 99% used [0x0000000080000000,0x00000000c50c42c8,0x00000000c5100000)
 Metaspace       used 90381K, committed 92224K, reserved 1179648K
  class space    used 8990K, committed 9984K, reserved 1048576K
}
Event: 3955.173 GC heap after
{Heap after GC invocations=3642 (full 7):
 PSYoungGen      total 4608K, used 704K [0x00000000d5580000, 0x00000000d5b00000, 0x0000000100000000)
  eden space 3584K, 0% used [0x00000000d5580000,0x00000000d5580000,0x00000000d5900000)
  from space 1024K, 68% used [0x00000000d5a00000,0x00000000d5ab0000,0x00000000d5b00000)
  to   space 1024K, 0% used [0x00000000d5900000,0x00000000d5900000,0x00000000d5a00000)
 ParOldGen       total 1132032K, used 1131774K [0x0000000080000000, 0x00000000c5180000, 0x00000000d5580000)
  object space 1132032K, 99% used [0x0000000080000000,0x00000000c513f9e8,0x00000000c5180000)
 Metaspace       used 90381K, committed 92224K, reserved 1179648K
  class space    used 8990K, committed 9984K, reserved 1048576K
}
Event: 3955.182 GC heap before
{Heap before GC invocations=3643 (full 7):
 PSYoungGen      total 4608K, used 4288K [0x00000000d5580000, 0x00000000d5b00000, 0x0000000100000000)
  eden space 3584K, 100% used [0x00000000d5580000,0x00000000d5900000,0x00000000d5900000)
  from space 1024K, 68% used [0x00000000d5a00000,0x00000000d5ab0000,0x00000000d5b00000)
  to   space 1024K, 0% used [0x00000000d5900000,0x00000000d5900000,0x00000000d5a00000)
 ParOldGen       total 1132032K, used 1131774K [0x0000000080000000, 0x00000000c5180000, 0x00000000d5580000)
  object space 1132032K, 99% used [0x0000000080000000,0x00000000c513f9e8,0x00000000c5180000)
 Metaspace       used 90381K, committed 92224K, reserved 1179648K
  class space    used 8990K, committed 9984K, reserved 1048576K
}
Event: 3955.184 GC heap after
{Heap after GC invocations=3643 (full 7):
 PSYoungGen      total 4608K, used 784K [0x00000000d5580000, 0x00000000d5b00000, 0x0000000100000000)
  eden space 3584K, 0% used [0x00000000d5580000,0x00000000d5580000,0x00000000d5900000)
  from space 1024K, 76% used [0x00000000d5900000,0x00000000d59c4010,0x00000000d5a00000)
  to   space 1024K, 0% used [0x00000000d5a00000,0x00000000d5a00000,0x00000000d5b00000)
 ParOldGen       total 1132544K, used 1132318K [0x0000000080000000, 0x00000000c5200000, 0x00000000d5580000)
  object space 1132544K, 99% used [0x0000000080000000,0x00000000c51c7a18,0x00000000c5200000)
 Metaspace       used 90381K, committed 92224K, reserved 1179648K
  class space    used 8990K, committed 9984K, reserved 1048576K
}
Event: 3956.547 GC heap before
{Heap before GC invocations=3644 (full 7):
 PSYoungGen      total 4608K, used 4368K [0x00000000d5580000, 0x00000000d5b00000, 0x0000000100000000)
  eden space 3584K, 100% used [0x00000000d5580000,0x00000000d5900000,0x00000000d5900000)
  from space 1024K, 76% used [0x00000000d5900000,0x00000000d59c4010,0x00000000d5a00000)
  to   space 1024K, 0% used [0x00000000d5a00000,0x00000000d5a00000,0x00000000d5b00000)
 ParOldGen       total 1132544K, used 1132318K [0x0000000080000000, 0x00000000c5200000, 0x00000000d5580000)
  object space 1132544K, 99% used [0x0000000080000000,0x00000000c51c7a18,0x00000000c5200000)
 Metaspace       used 90381K, committed 92224K, reserved 1179648K
  class space    used 8990K, committed 9984K, reserved 1048576K
}
Event: 3956.549 GC heap after
{Heap after GC invocations=3644 (full 7):
 PSYoungGen      total 4608K, used 474K [0x00000000d5580000, 0x00000000d5b00000, 0x0000000100000000)
  eden space 3584K, 0% used [0x00000000d5580000,0x00000000d5580000,0x00000000d5900000)
  from space 1024K, 46% used [0x00000000d5a00000,0x00000000d5a76900,0x00000000d5b00000)
  to   space 1024K, 0% used [0x00000000d5900000,0x00000000d5900000,0x00000000d5a00000)
 ParOldGen       total 1133056K, used 1132883K [0x0000000080000000, 0x00000000c5280000, 0x00000000d5580000)
  object space 1133056K, 99% used [0x0000000080000000,0x00000000c5254c48,0x00000000c5280000)
 Metaspace       used 90381K, committed 92224K, reserved 1179648K
  class space    used 8990K, committed 9984K, reserved 1048576K
}
Event: 3962.371 GC heap before
{Heap before GC invocations=3645 (full 7):
 PSYoungGen      total 4608K, used 4058K [0x00000000d5580000, 0x00000000d5b00000, 0x0000000100000000)
  eden space 3584K, 100% used [0x00000000d5580000,0x00000000d5900000,0x00000000d5900000)
  from space 1024K, 46% used [0x00000000d5a00000,0x00000000d5a76900,0x00000000d5b00000)
  to   space 1024K, 0% used [0x00000000d5900000,0x00000000d5900000,0x00000000d5a00000)
 ParOldGen       total 1133056K, used 1132883K [0x0000000080000000, 0x00000000c5280000, 0x00000000d5580000)
  object space 1133056K, 99% used [0x0000000080000000,0x00000000c5254c48,0x00000000c5280000)
 Metaspace       used 90381K, committed 92224K, reserved 1179648K
  class space    used 8990K, committed 9984K, reserved 1048576K
}
Event: 3962.374 GC heap after
{Heap after GC invocations=3645 (full 7):
 PSYoungGen      total 4608K, used 496K [0x00000000d5580000, 0x00000000d5a80000, 0x0000000100000000)
  eden space 3584K, 0% used [0x00000000d5580000,0x00000000d5580000,0x00000000d5900000)
  from space 1024K, 48% used [0x00000000d5900000,0x00000000d597c010,0x00000000d5a00000)
  to   space 512K, 0% used [0x00000000d5a00000,0x00000000d5a00000,0x00000000d5a80000)
 ParOldGen       total 1133568K, used 1133067K [0x0000000080000000, 0x00000000c5300000, 0x00000000d5580000)
  object space 1133568K, 99% used [0x0000000080000000,0x00000000c5282c48,0x00000000c5300000)
 Metaspace       used 90381K, committed 92224K, reserved 1179648K
  class space    used 8990K, committed 9984K, reserved 1048576K
}
Event: 3962.463 GC heap before
{Heap before GC invocations=3646 (full 7):
 PSYoungGen      total 4608K, used 4079K [0x00000000d5580000, 0x00000000d5a80000, 0x0000000100000000)
  eden space 3584K, 99% used [0x00000000d5580000,0x00000000d58fffc8,0x00000000d5900000)
  from space 1024K, 48% used [0x00000000d5900000,0x00000000d597c010,0x00000000d5a00000)
  to   space 512K, 0% used [0x00000000d5a00000,0x00000000d5a00000,0x00000000d5a80000)
 ParOldGen       total 1133568K, used 1133067K [0x0000000080000000, 0x00000000c5300000, 0x00000000d5580000)
  object space 1133568K, 99% used [0x0000000080000000,0x00000000c5282c48,0x00000000c5300000)
 Metaspace       used 90390K, committed 92224K, reserved 1179648K
  class space    used 8990K, committed 9984K, reserved 1048576K
}
Event: 3962.466 GC heap after
{Heap after GC invocations=3646 (full 7):
 PSYoungGen      total 4096K, used 442K [0x00000000d5580000, 0x00000000d5a80000, 0x0000000100000000)
  eden space 3584K, 0% used [0x00000000d5580000,0x00000000d5580000,0x00000000d5900000)
  from space 512K, 86% used [0x00000000d5a00000,0x00000000d5a6e900,0x00000000d5a80000)
  to   space 512K, 0% used [0x00000000d5980000,0x00000000d5980000,0x00000000d5a00000)
 ParOldGen       total 1133568K, used 1133123K [0x0000000080000000, 0x00000000c5300000, 0x00000000d5580000)
  object space 1133568K, 99% used [0x0000000080000000,0x00000000c5290c48,0x00000000c5300000)
 Metaspace       used 90390K, committed 92224K, reserved 1179648K
  class space    used 8990K, committed 9984K, reserved 1048576K
}
Event: 3962.479 GC heap before
{Heap before GC invocations=3647 (full 7):
 PSYoungGen      total 4096K, used 4026K [0x00000000d5580000, 0x00000000d5a80000, 0x0000000100000000)
  eden space 3584K, 100% used [0x00000000d5580000,0x00000000d5900000,0x00000000d5900000)
  from space 512K, 86% used [0x00000000d5a00000,0x00000000d5a6e900,0x00000000d5a80000)
  to   space 512K, 0% used [0x00000000d5980000,0x00000000d5980000,0x00000000d5a00000)
 ParOldGen       total 1133568K, used 1133123K [0x0000000080000000, 0x00000000c5300000, 0x00000000d5580000)
  object space 1133568K, 99% used [0x0000000080000000,0x00000000c5290c48,0x00000000c5300000)
 Metaspace       used 90390K, committed 92224K, reserved 1179648K
  class space    used 8990K, committed 9984K, reserved 1048576K
}
Event: 3962.481 GC heap after
{Heap after GC invocations=3647 (full 7):
 PSYoungGen      total 4096K, used 512K [0x00000000d5580000, 0x00000000d5b00000, 0x0000000100000000)
  eden space 3584K, 0% used [0x00000000d5580000,0x00000000d5580000,0x00000000d5900000)
  from space 512K, 100% used [0x00000000d5980000,0x00000000d5a00000,0x00000000d5a00000)
  to   space 1024K, 0% used [0x00000000d5a00000,0x00000000d5a00000,0x00000000d5b00000)
 ParOldGen       total 1133568K, used 1133543K [0x0000000080000000, 0x00000000c5300000, 0x00000000d5580000)
  object space 1133568K, 99% used [0x0000000080000000,0x00000000c52f9e78,0x00000000c5300000)
 Metaspace       used 90390K, committed 92224K, reserved 1179648K
  class space    used 8990K, committed 9984K, reserved 1048576K
}
Event: 3962.671 GC heap before
{Heap before GC invocations=3648 (full 7):
 PSYoungGen      total 4096K, used 4096K [0x00000000d5580000, 0x00000000d5b00000, 0x0000000100000000)
  eden space 3584K, 100% used [0x00000000d5580000,0x00000000d5900000,0x00000000d5900000)
  from space 512K, 100% used [0x00000000d5980000,0x00000000d5a00000,0x00000000d5a00000)
  to   space 1024K, 0% used [0x00000000d5a00000,0x00000000d5a00000,0x00000000d5b00000)
 ParOldGen       total 1133568K, used 1133543K [0x0000000080000000, 0x00000000c5300000, 0x00000000d5580000)
  object space 1133568K, 99% used [0x0000000080000000,0x00000000c52f9e78,0x00000000c5300000)
 Metaspace       used 90392K, committed 92224K, reserved 1179648K
  class space    used 8990K, committed 9984K, reserved 1048576K
}
Event: 3962.674 GC heap after
{Heap after GC invocations=3648 (full 7):
 PSYoungGen      total 4608K, used 512K [0x00000000d5580000, 0x00000000d5b00000, 0x0000000100000000)
  eden space 3584K, 0% used [0x00000000d5580000,0x00000000d5580000,0x00000000d5900000)
  from space 1024K, 50% used [0x00000000d5a00000,0x00000000d5a80000,0x00000000d5b00000)
  to   space 1024K, 0% used [0x00000000d5900000,0x00000000d5900000,0x00000000d5a00000)
 ParOldGen       total 1134080K, used 1134063K [0x0000000080000000, 0x00000000c5380000, 0x00000000d5580000)
  object space 1134080K, 99% used [0x0000000080000000,0x00000000c537be78,0x00000000c5380000)
 Metaspace       used 90392K, committed 92224K, reserved 1179648K
  class space    used 8990K, committed 9984K, reserved 1048576K
}
Event: 3962.865 GC heap before
{Heap before GC invocations=3649 (full 7):
 PSYoungGen      total 4608K, used 4095K [0x00000000d5580000, 0x00000000d5b00000, 0x0000000100000000)
  eden space 3584K, 99% used [0x00000000d5580000,0x00000000d58ffff8,0x00000000d5900000)
  from space 1024K, 50% used [0x00000000d5a00000,0x00000000d5a80000,0x00000000d5b00000)
  to   space 1024K, 0% used [0x00000000d5900000,0x00000000d5900000,0x00000000d5a00000)
 ParOldGen       total 1134080K, used 1134063K [0x0000000080000000, 0x00000000c5380000, 0x00000000d5580000)
  object space 1134080K, 99% used [0x0000000080000000,0x00000000c537be78,0x00000000c5380000)
 Metaspace       used 90392K, committed 92224K, reserved 1179648K
  class space    used 8990K, committed 9984K, reserved 1048576K
}
Event: 3962.867 GC heap after
{Heap after GC invocations=3649 (full 7):
 PSYoungGen      total 4608K, used 522K [0x00000000d5580000, 0x00000000d5b00000, 0x0000000100000000)
  eden space 3584K, 0% used [0x00000000d5580000,0x00000000d5580000,0x00000000d5900000)
  from space 1024K, 51% used [0x00000000d5900000,0x00000000d5982910,0x00000000d5a00000)
  to   space 1024K, 0% used [0x00000000d5a00000,0x00000000d5a00000,0x00000000d5b00000)
 ParOldGen       total 1134592K, used 1134364K [0x0000000080000000, 0x00000000c5400000, 0x00000000d5580000)
  object space 1134592K, 99% used [0x0000000080000000,0x00000000c53c7118,0x00000000c5400000)
 Metaspace       used 90392K, committed 92224K, reserved 1179648K
  class space    used 8990K, committed 9984K, reserved 1048576K
}
Event: 3962.874 GC heap before
{Heap before GC invocations=3650 (full 7):
 PSYoungGen      total 4608K, used 4106K [0x00000000d5580000, 0x00000000d5b00000, 0x0000000100000000)
  eden space 3584K, 100% used [0x00000000d5580000,0x00000000d5900000,0x00000000d5900000)
  from space 1024K, 51% used [0x00000000d5900000,0x00000000d5982910,0x00000000d5a00000)
  to   space 1024K, 0% used [0x00000000d5a00000,0x00000000d5a00000,0x00000000d5b00000)
 ParOldGen       total 1134592K, used 1134364K [0x0000000080000000, 0x00000000c5400000, 0x00000000d5580000)
  object space 1134592K, 99% used [0x0000000080000000,0x00000000c53c7118,0x00000000c5400000)
 Metaspace       used 90392K, committed 92224K, reserved 1179648K
  class space    used 8990K, committed 9984K, reserved 1048576K
}
Event: 3962.876 GC heap after
{Heap after GC invocations=3650 (full 7):
 PSYoungGen      total 4608K, used 852K [0x00000000d5580000, 0x00000000d5b00000, 0x0000000100000000)
  eden space 3584K, 0% used [0x00000000d5580000,0x00000000d5580000,0x00000000d5900000)
  from space 1024K, 83% used [0x00000000d5a00000,0x00000000d5ad5200,0x00000000d5b00000)
  to   space 1024K, 0% used [0x00000000d5900000,0x00000000d5900000,0x00000000d5a00000)
 ParOldGen       total 1135104K, used 1134680K [0x0000000080000000, 0x00000000c5480000, 0x00000000d5580000)
  object space 1135104K, 99% used [0x0000000080000000,0x00000000c5416348,0x00000000c5480000)
 Metaspace       used 90392K, committed 92224K, reserved 1179648K
  class space    used 8990K, committed 9984K, reserved 1048576K
}
Event: 3962.883 GC heap before
{Heap before GC invocations=3651 (full 7):
 PSYoungGen      total 4608K, used 4436K [0x00000000d5580000, 0x00000000d5b00000, 0x0000000100000000)
  eden space 3584K, 99% used [0x00000000d5580000,0x00000000d58ffff0,0x00000000d5900000)
  from space 1024K, 83% used [0x00000000d5a00000,0x00000000d5ad5200,0x00000000d5b00000)
  to   space 1024K, 0% used [0x00000000d5900000,0x00000000d5900000,0x00000000d5a00000)
 ParOldGen       total 1135104K, used 1134680K [0x0000000080000000, 0x00000000c5480000, 0x00000000d5580000)
  object space 1135104K, 99% used [0x0000000080000000,0x00000000c5416348,0x00000000c5480000)
 Metaspace       used 90392K, committed 92224K, reserved 1179648K
  class space    used 8990K, committed 9984K, reserved 1048576K
}
Event: 3962.885 GC heap after
{Heap after GC invocations=3651 (full 7):
 PSYoungGen      total 4608K, used 704K [0x00000000d5580000, 0x00000000d5b00000, 0x0000000100000000)
  eden space 3584K, 0% used [0x00000000d5580000,0x00000000d5580000,0x00000000d5900000)
  from space 1024K, 68% used [0x00000000d5900000,0x00000000d59b0000,0x00000000d5a00000)
  to   space 1024K, 0% used [0x00000000d5a00000,0x00000000d5a00000,0x00000000d5b00000)
 ParOldGen       total 1135616K, used 1135355K [0x0000000080000000, 0x00000000c5500000, 0x00000000d5580000)
  object space 1135616K, 99% used [0x0000000080000000,0x00000000c54becd8,0x00000000c5500000)
 Metaspace       used 90392K, committed 92224K, reserved 1179648K
  class space    used 8990K, committed 9984K, reserved 1048576K
}

Dll operation events (12 events):
Event: 0.011 Loaded shared library c:\Users\ASUS\.antigravity\extensions\redhat.java-1.53.0-win32-x64\jre\21.0.10-win32-x86_64\bin\java.dll
Event: 0.090 Loaded shared library c:\Users\ASUS\.antigravity\extensions\redhat.java-1.53.0-win32-x64\jre\21.0.10-win32-x86_64\bin\zip.dll
Event: 0.116 Loaded shared library C:\Users\ASUS\.antigravity\extensions\redhat.java-1.53.0-win32-x64\jre\21.0.10-win32-x86_64\bin\instrument.dll
Event: 0.123 Loaded shared library C:\Users\ASUS\.antigravity\extensions\redhat.java-1.53.0-win32-x64\jre\21.0.10-win32-x86_64\bin\net.dll
Event: 0.126 Loaded shared library C:\Users\ASUS\.antigravity\extensions\redhat.java-1.53.0-win32-x64\jre\21.0.10-win32-x86_64\bin\nio.dll
Event: 0.129 Loaded shared library C:\Users\ASUS\.antigravity\extensions\redhat.java-1.53.0-win32-x64\jre\21.0.10-win32-x86_64\bin\zip.dll
Event: 0.147 Loaded shared library C:\Users\ASUS\.antigravity\extensions\redhat.java-1.53.0-win32-x64\jre\21.0.10-win32-x86_64\bin\jimage.dll
Event: 0.234 Loaded shared library c:\Users\ASUS\.antigravity\extensions\redhat.java-1.53.0-win32-x64\jre\21.0.10-win32-x86_64\bin\verify.dll
Event: 11.132 Loaded shared library C:\Users\ASUS\AppData\Roaming\Antigravity\User\globalStorage\redhat.java\1.53.0\config_win\org.eclipse.equinox.launcher\org.eclipse.equinox.launcher.win32.win32.x86_64_1.3.0.v20260203-2149\eclipse_11919.dll
Event: 25.504 Loaded shared library C:\Users\ASUS\AppData\Local\Temp\jna-2018896\jna1527603800675981985.dll
Event: 300.004 Loaded shared library C:\Users\ASUS\.antigravity\extensions\redhat.java-1.53.0-win32-x64\jre\21.0.10-win32-x86_64\bin\sunmscapi.dll
Event: 300.470 Loaded shared library C:\Users\ASUS\.antigravity\extensions\redhat.java-1.53.0-win32-x64\jre\21.0.10-win32-x86_64\bin\extnet.dll

Deoptimization events (20 events):
Event: 3774.396 Thread 0x0000023227a13be0 Uncommon trap: trap_request=0xffffff76 fr.pc=0x00000231c37be804 relative=0x0000000000000164
Event: 3774.396 Thread 0x0000023227a13be0 Uncommon trap: reason=predicate action=maybe_recompile pc=0x00000231c37be804 method=java.util.Arrays.fill([Ljava/lang/Object;IILjava/lang/Object;)V @ 13 c2
Event: 3774.396 Thread 0x0000023227a13be0 DEOPT PACKING pc=0x00000231c37be804 sp=0x000000e02cafed10
Event: 3774.397 Thread 0x0000023227a13be0 DEOPT UNPACKING pc=0x00000231c3063aa2 sp=0x000000e02cafecc0 mode 2
Event: 3777.046 Thread 0x0000023218a0f550 Uncommon trap: trap_request=0xffffff6e fr.pc=0x00000231c3c8a790 relative=0x0000000000000a30
Event: 3777.046 Thread 0x0000023218a0f550 Uncommon trap: reason=loop_limit_check action=maybe_recompile pc=0x00000231c3c8a790 method=org.eclipse.jdt.internal.compiler.util.HashtableOfModule.rehash()V @ 50 c2
Event: 3777.046 Thread 0x0000023218a0f550 DEOPT PACKING pc=0x00000231c3c8a790 sp=0x000000e0315fdd60
Event: 3777.046 Thread 0x0000023218a0f550 DEOPT UNPACKING pc=0x00000231c3063aa2 sp=0x000000e0315fdd10 mode 2
Event: 3781.611 Thread 0x0000023218a0f550 Uncommon trap: trap_request=0xffffff45 fr.pc=0x00000231c475ae0c relative=0x000000000000298c
Event: 3781.611 Thread 0x0000023218a0f550 Uncommon trap: reason=unstable_if action=reinterpret pc=0x00000231c475ae0c method=org.eclipse.jdt.internal.compiler.lookup.SplitPackageBinding.rank(Lorg/eclipse/jdt/internal/compiler/lookup/PackageBinding;)I @ 10 c2
Event: 3781.611 Thread 0x0000023218a0f550 DEOPT PACKING pc=0x00000231c475ae0c sp=0x000000e0315fdff0
Event: 3781.612 Thread 0x0000023218a0f550 DEOPT UNPACKING pc=0x00000231c3063aa2 sp=0x000000e0315fdf78 mode 2
Event: 3781.612 Thread 0x0000023218a0f550 Uncommon trap: trap_request=0xffffff45 fr.pc=0x00000231c47a789c relative=0x000000000000007c
Event: 3781.612 Thread 0x0000023218a0f550 Uncommon trap: reason=unstable_if action=reinterpret pc=0x00000231c47a789c method=org.eclipse.jdt.internal.compiler.lookup.SplitPackageBinding.rank(Lorg/eclipse/jdt/internal/compiler/lookup/PackageBinding;)I @ 10 c2
Event: 3781.612 Thread 0x0000023218a0f550 DEOPT PACKING pc=0x00000231c47a789c sp=0x000000e0315fdfe0
Event: 3781.612 Thread 0x0000023218a0f550 DEOPT UNPACKING pc=0x00000231c3063aa2 sp=0x000000e0315fdf78 mode 2
Event: 3781.865 Thread 0x000002321803c460 Uncommon trap: trap_request=0xffffff45 fr.pc=0x00000231c477059c relative=0x000000000000207c
Event: 3781.865 Thread 0x000002321803c460 Uncommon trap: reason=unstable_if action=reinterpret pc=0x00000231c477059c method=org.eclipse.jdt.internal.core.dom.rewrite.RewriteEventStore.getNodeCopySources(Lorg/eclipse/jdt/core/dom/ASTNode;)[Lorg/eclipse/jdt/internal/core/dom/rewrite/RewriteEventSto
Event: 3781.865 Thread 0x000002321803c460 DEOPT PACKING pc=0x00000231c477059c sp=0x000000e02fcfe400
Event: 3781.866 Thread 0x000002321803c460 DEOPT UNPACKING pc=0x00000231c3063aa2 sp=0x000000e02fcfe1b8 mode 2

Classes loaded (20 events):
Event: 3041.695 Loading class jdk/internal/module/IllegalAccessLogger
Event: 3041.696 Loading class jdk/internal/module/IllegalAccessLogger done
Event: 3135.305 Loading class jdk/internal/module/IllegalAccessLogger
Event: 3135.306 Loading class jdk/internal/module/IllegalAccessLogger done
Event: 3209.172 Loading class jdk/internal/module/IllegalAccessLogger
Event: 3209.172 Loading class jdk/internal/module/IllegalAccessLogger done
Event: 3391.313 Loading class jdk/internal/module/IllegalAccessLogger
Event: 3391.314 Loading class jdk/internal/module/IllegalAccessLogger done
Event: 3496.067 Loading class jdk/internal/module/IllegalAccessLogger
Event: 3496.068 Loading class jdk/internal/module/IllegalAccessLogger done
Event: 3506.567 Loading class jdk/internal/module/IllegalAccessLogger
Event: 3506.567 Loading class jdk/internal/module/IllegalAccessLogger done
Event: 3764.626 Loading class jdk/internal/module/IllegalAccessLogger
Event: 3764.627 Loading class jdk/internal/module/IllegalAccessLogger done
Event: 3774.063 Loading class jdk/internal/module/IllegalAccessLogger
Event: 3774.064 Loading class jdk/internal/module/IllegalAccessLogger done
Event: 3846.896 Loading class jdk/internal/module/IllegalAccessLogger
Event: 3846.897 Loading class jdk/internal/module/IllegalAccessLogger done
Event: 3854.521 Loading class jdk/internal/module/IllegalAccessLogger
Event: 3854.521 Loading class jdk/internal/module/IllegalAccessLogger done

Classes unloaded (20 events):
Event: 2875.672 Thread 0x00000231b8954930 Unloading class 0x00000231d1218400 'java/lang/invoke/LambdaForm$BMH+0x00000231d1218400'
Event: 2875.672 Thread 0x00000231b8954930 Unloading class 0x00000231d11be400 'java/lang/invoke/LambdaForm$MH+0x00000231d11be400'
Event: 2875.672 Thread 0x00000231b8954930 Unloading class 0x00000231d11bd400 'java/lang/invoke/LambdaForm$MH+0x00000231d11bd400'
Event: 2875.672 Thread 0x00000231b8954930 Unloading class 0x00000231d11bd000 'java/lang/invoke/LambdaForm$MH+0x00000231d11bd000'
Event: 2875.672 Thread 0x00000231b8954930 Unloading class 0x00000231d11bc800 'java/lang/invoke/LambdaForm$MH+0x00000231d11bc800'
Event: 2875.672 Thread 0x00000231b8954930 Unloading class 0x00000231d11bc000 'java/lang/invoke/LambdaForm$MH+0x00000231d11bc000'
Event: 2875.672 Thread 0x00000231b8954930 Unloading class 0x00000231d11a6000 'java/lang/invoke/LambdaForm$MH+0x00000231d11a6000'
Event: 2875.673 Thread 0x00000231b8954930 Unloading class 0x00000231d11a5c00 'java/lang/invoke/LambdaForm$MH+0x00000231d11a5c00'
Event: 2875.673 Thread 0x00000231b8954930 Unloading class 0x00000231d11a2c00 'java/lang/invoke/LambdaForm$MH+0x00000231d11a2c00'
Event: 2875.673 Thread 0x00000231b8954930 Unloading class 0x00000231d11a1400 'java/lang/invoke/LambdaForm$MH+0x00000231d11a1400'
Event: 2875.673 Thread 0x00000231b8954930 Unloading class 0x00000231d1082400 'java/lang/invoke/LambdaForm$MH+0x00000231d1082400'
Event: 2875.674 Thread 0x00000231b8954930 Unloading class 0x00000231d1081c00 'java/lang/invoke/LambdaForm$MH+0x00000231d1081c00'
Event: 2875.674 Thread 0x00000231b8954930 Unloading class 0x00000231d1081800 'java/lang/invoke/LambdaForm$MH+0x00000231d1081800'
Event: 2875.674 Thread 0x00000231b8954930 Unloading class 0x00000231d1081400 'java/lang/invoke/LambdaForm$MH+0x00000231d1081400'
Event: 2875.674 Thread 0x00000231b8954930 Unloading class 0x00000231d1081000 'java/lang/invoke/LambdaForm$MH+0x00000231d1081000'
Event: 2875.674 Thread 0x00000231b8954930 Unloading class 0x00000231d1080800 'java/lang/invoke/LambdaForm$MH+0x00000231d1080800'
Event: 2875.674 Thread 0x00000231b8954930 Unloading class 0x00000231d1080400 'java/lang/invoke/LambdaForm$MH+0x00000231d1080400'
Event: 2875.674 Thread 0x00000231b8954930 Unloading class 0x00000231d1080000 'java/lang/invoke/LambdaForm$MH+0x00000231d1080000'
Event: 2875.674 Thread 0x00000231b8954930 Unloading class 0x00000231d1014800 'java/lang/invoke/LambdaForm$MH+0x00000231d1014800'
Event: 2875.674 Thread 0x00000231b8954930 Unloading class 0x00000231d1000400 'java/lang/invoke/LambdaForm$MH+0x00000231d1000400'

Classes redefined (0 events):
No events

Internal exceptions (20 events):
Event: 3391.035 Thread 0x00000232182ff470 Exception <a 'sun/nio/fs/WindowsException'{0x00000000d56a1530}> (0x00000000d56a1530) 
thrown [s\src\hotspot\share\prims\jni.cpp, line 520]
Event: 3391.468 Thread 0x00000232182ff470 Exception <a 'sun/nio/fs/WindowsException'{0x00000000d5aad000}> (0x00000000d5aad000) 
thrown [s\src\hotspot\share\prims\jni.cpp, line 520]
Event: 3495.724 Thread 0x00000232182ff470 Exception <a 'sun/nio/fs/WindowsException'{0x00000000d55805b8}> (0x00000000d55805b8) 
thrown [s\src\hotspot\share\prims\jni.cpp, line 520]
Event: 3496.038 Thread 0x000002321803a390 Implicit null exception at 0x00000231c45fc65a to 0x00000231c45fc694
Event: 3496.198 Thread 0x00000232182ff470 Exception <a 'sun/nio/fs/WindowsException'{0x00000000d5640b80}> (0x00000000d5640b80) 
thrown [s\src\hotspot\share\prims\jni.cpp, line 520]
Event: 3506.331 Thread 0x00000232182ff470 Exception <a 'sun/nio/fs/WindowsException'{0x00000000d55cbc88}> (0x00000000d55cbc88) 
thrown [s\src\hotspot\share\prims\jni.cpp, line 520]
Event: 3506.826 Thread 0x00000232182ff470 Exception <a 'sun/nio/fs/WindowsException'{0x00000000d5905748}> (0x00000000d5905748) 
thrown [s\src\hotspot\share\prims\jni.cpp, line 520]
Event: 3691.116 Thread 0x000002321803e530 Exception <a 'sun/nio/fs/WindowsException'{0x00000000d570c7c0}> (0x00000000d570c7c0) 
thrown [s\src\hotspot\share\prims\jni.cpp, line 520]
Event: 3691.117 Thread 0x000002321803e530 Exception <a 'sun/nio/fs/WindowsException'{0x00000000d570d5b0}> (0x00000000d570d5b0) 
thrown [s\src\hotspot\share\prims\jni.cpp, line 520]
Event: 3764.310 Thread 0x00000232182ff470 Exception <a 'sun/nio/fs/WindowsException'{0x00000000d5991de0}> (0x00000000d5991de0) 
thrown [s\src\hotspot\share\prims\jni.cpp, line 520]
Event: 3764.781 Thread 0x00000232182ff470 Exception <a 'sun/nio/fs/WindowsException'{0x00000000d5771f10}> (0x00000000d5771f10) 
thrown [s\src\hotspot\share\prims\jni.cpp, line 520]
Event: 3773.830 Thread 0x00000232182ff470 Exception <a 'sun/nio/fs/WindowsException'{0x00000000d55e50a8}> (0x00000000d55e50a8) 
thrown [s\src\hotspot\share\prims\jni.cpp, line 520]
Event: 3774.287 Thread 0x00000232182ff470 Exception <a 'sun/nio/fs/WindowsException'{0x00000000d55807a8}> (0x00000000d55807a8) 
thrown [s\src\hotspot\share\prims\jni.cpp, line 520]
Event: 3781.865 Thread 0x000002321803c460 Implicit null exception at 0x00000231c476ea57 to 0x00000231c4770578
Event: 3782.239 Thread 0x0000023218a0f550 Exception <a 'sun/nio/fs/WindowsException'{0x00000000d56e7ad8}> (0x00000000d56e7ad8) 
thrown [s\src\hotspot\share\prims\jni.cpp, line 520]
Event: 3782.239 Thread 0x0000023218a0f550 Exception <a 'sun/nio/fs/WindowsException'{0x00000000d56e8350}> (0x00000000d56e8350) 
thrown [s\src\hotspot\share\prims\jni.cpp, line 520]
Event: 3846.701 Thread 0x00000232182ff470 Exception <a 'sun/nio/fs/WindowsException'{0x00000000d562f9f0}> (0x00000000d562f9f0) 
thrown [s\src\hotspot\share\prims\jni.cpp, line 520]
Event: 3847.102 Thread 0x00000232182ff470 Exception <a 'sun/nio/fs/WindowsException'{0x00000000d59584f8}> (0x00000000d59584f8) 
thrown [s\src\hotspot\share\prims\jni.cpp, line 520]
Event: 3854.326 Thread 0x00000232182ff470 Exception <a 'sun/nio/fs/WindowsException'{0x00000000d56acbb0}> (0x00000000d56acbb0) 
thrown [s\src\hotspot\share\prims\jni.cpp, line 520]
Event: 3854.753 Thread 0x00000232182ff470 Exception <a 'sun/nio/fs/WindowsException'{0x00000000d55bebd8}> (0x00000000d55bebd8) 
thrown [s\src\hotspot\share\prims\jni.cpp, line 520]

ZGC Phase Switch (0 events):
No events

VM Operations (20 events):
Event: 3962.463 Executing safepoint VM operation: ParallelGCFailedAllocation (Allocation Failure)
Event: 3962.466 Executing safepoint VM operation: ParallelGCFailedAllocation (Allocation Failure) done
Event: 3962.479 Executing safepoint VM operation: ParallelGCFailedAllocation (Allocation Failure)
Event: 3962.481 Executing safepoint VM operation: ParallelGCFailedAllocation (Allocation Failure) done
Event: 3962.671 Executing safepoint VM operation: ParallelGCFailedAllocation (Allocation Failure)
Event: 3962.674 Executing safepoint VM operation: ParallelGCFailedAllocation (Allocation Failure) done
Event: 3962.865 Executing safepoint VM operation: ParallelGCFailedAllocation (Allocation Failure)
Event: 3962.867 Executing safepoint VM operation: ParallelGCFailedAllocation (Allocation Failure) done
Event: 3962.874 Executing safepoint VM operation: ParallelGCFailedAllocation (Allocation Failure)
Event: 3962.876 Executing safepoint VM operation: ParallelGCFailedAllocation (Allocation Failure) done
Event: 3962.883 Executing safepoint VM operation: ParallelGCFailedAllocation (Allocation Failure)
Event: 3962.885 Executing safepoint VM operation: ParallelGCFailedAllocation (Allocation Failure) done
Event: 3967.972 Executing non-safepoint VM operation: HandshakeAllThreads (HandshakeForDeflation)
Event: 3967.972 Executing non-safepoint VM operation: HandshakeAllThreads (HandshakeForDeflation) done
Event: 3967.972 Executing non-safepoint VM operation: RendezvousGCThreads
Event: 3967.972 Executing non-safepoint VM operation: RendezvousGCThreads done
Event: 4028.193 Executing non-safepoint VM operation: HandshakeAllThreads (HandshakeForDeflation)
Event: 4028.193 Executing non-safepoint VM operation: HandshakeAllThreads (HandshakeForDeflation) done
Event: 4028.193 Executing non-safepoint VM operation: RendezvousGCThreads
Event: 4028.193 Executing non-safepoint VM operation: RendezvousGCThreads done

Memory protections (0 events):
No events

Nmethod flushes (20 events):
Event: 2876.358 Thread 0x00000231b8954930 flushing  nmethod 0x00000231bea21090
Event: 2876.358 Thread 0x00000231b8954930 flushing  nmethod 0x00000231bea33910
Event: 2876.358 Thread 0x00000231b8954930 flushing  nmethod 0x00000231beab5710
Event: 2876.359 Thread 0x00000231b8954930 flushing  nmethod 0x00000231beb79e10
Event: 2876.359 Thread 0x00000231b8954930 flushing  nmethod 0x00000231bebded10
Event: 2876.359 Thread 0x00000231b8954930 flushing  nmethod 0x00000231bebe1010
Event: 2876.359 Thread 0x00000231b8954930 flushing  nmethod 0x00000231bebe1610
Event: 2876.359 Thread 0x00000231b8954930 flushing  nmethod 0x00000231bec35f90
Event: 2876.359 Thread 0x00000231b8954930 flushing  nmethod 0x00000231bec4fd90
Event: 2876.359 Thread 0x00000231b8954930 flushing  nmethod 0x00000231bec59690
Event: 2876.359 Thread 0x00000231b8954930 flushing  nmethod 0x00000231bec74910
Event: 2876.359 Thread 0x00000231b8954930 flushing  nmethod 0x00000231bec7f510
Event: 2876.359 Thread 0x00000231b8954930 flushing  nmethod 0x00000231bec8b390
Event: 2876.359 Thread 0x00000231b8954930 flushing  nmethod 0x00000231bec94610
Event: 2876.359 Thread 0x00000231b8954930 flushing  nmethod 0x00000231beca1790
Event: 2876.359 Thread 0x00000231b8954930 flushing  nmethod 0x00000231becae190
Event: 2876.359 Thread 0x00000231b8954930 flushing  nmethod 0x00000231becb2710
Event: 2876.359 Thread 0x00000231b8954930 flushing  nmethod 0x00000231becdd010
Event: 2876.359 Thread 0x00000231b8954930 flushing  nmethod 0x00000231becdfe90
Event: 2876.359 Thread 0x00000231b8954930 flushing  nmethod 0x00000231bed51e10

Events (20 events):
Event: 3792.218 Thread 0x00000232135d1750 Thread exited: 0x00000232135d1750
Event: 3792.234 Thread 0x0000023222501970 Thread exited: 0x0000023222501970
Event: 3795.897 Thread 0x0000023218038950 Thread exited: 0x0000023218038950
Event: 3797.221 Thread 0x00000232135d3960 Thread exited: 0x00000232135d3960
Event: 3806.494 Thread 0x0000023227a13550 Thread exited: 0x0000023227a13550
Event: 3834.173 Thread 0x0000023227a176f0 Thread exited: 0x0000023227a176f0
Event: 3834.876 Thread 0x0000023227a13be0 Thread exited: 0x0000023227a13be0
Event: 3842.325 Thread 0x0000023218a0f550 Thread exited: 0x0000023218a0f550
Event: 3846.827 Thread 0x000002321803a390 Thread added: 0x0000023222502000
Event: 3846.901 Thread 0x000002321803a390 Thread added: 0x00000232224feb80
Event: 3846.911 Thread 0x000002321803e530 Thread added: 0x0000023222500c50
Event: 3847.574 Thread 0x00000232117f8ef0 Thread added: 0x00000232135d1750
Event: 3847.881 Thread 0x00000232135d1750 Thread exited: 0x00000232135d1750
Event: 3854.443 Thread 0x0000023222500c50 Thread added: 0x0000023222501970
Event: 3914.534 Thread 0x00000232224feb80 Thread exited: 0x00000232224feb80
Event: 3915.162 Thread 0x0000023222500c50 Thread exited: 0x0000023222500c50
Event: 3926.523 Thread 0x0000023227a14270 Thread exited: 0x0000023227a14270
Event: 3962.860 Thread 0x000002321803e530 Thread added: 0x00000232224feb80
Event: 4022.690 Thread 0x000002321803f250 Thread exited: 0x000002321803f250
Event: 4022.895 Thread 0x000002321803e530 Thread exited: 0x000002321803e530


Dynamic libraries:
0x00007ff7c5c50000 - 0x00007ff7c5c5e000 	c:\Users\ASUS\.antigravity\extensions\redhat.java-1.53.0-win32-x64\jre\21.0.10-win32-x86_64\bin\java.exe
0x00007ffd52820000 - 0x00007ffd52a89000 	C:\WINDOWS\SYSTEM32\ntdll.dll
0x00007ffd509e0000 - 0x00007ffd50aa9000 	C:\WINDOWS\System32\KERNEL32.DLL
0x00007ffd4fb80000 - 0x00007ffd4ff73000 	C:\WINDOWS\System32\KERNELBASE.dll
0x00007ffd500b0000 - 0x00007ffd501fb000 	C:\WINDOWS\System32\ucrtbase.dll
0x00007ffcb5ff0000 - 0x00007ffcb600e000 	c:\Users\ASUS\.antigravity\extensions\redhat.java-1.53.0-win32-x64\jre\21.0.10-win32-x86_64\bin\VCRUNTIME140.dll
0x00007ffcb5fd0000 - 0x00007ffcb5fe8000 	c:\Users\ASUS\.antigravity\extensions\redhat.java-1.53.0-win32-x64\jre\21.0.10-win32-x86_64\bin\jli.dll
0x00007ffd51ec0000 - 0x00007ffd52084000 	C:\WINDOWS\System32\USER32.dll
0x00007ffd35500000 - 0x00007ffd35793000 	C:\WINDOWS\WinSxS\amd64_microsoft.windows.common-controls_6595b64144ccf1df_6.0.26100.5074_none_3e0d6f78e32fd63f\COMCTL32.dll
0x00007ffd50590000 - 0x00007ffd505b7000 	C:\WINDOWS\System32\win32u.dll
0x00007ffd52640000 - 0x00007ffd526e9000 	C:\WINDOWS\System32\msvcrt.dll
0x00007ffd50650000 - 0x00007ffd5067b000 	C:\WINDOWS\System32\GDI32.dll
0x00007ffd4ff80000 - 0x00007ffd500ad000 	C:\WINDOWS\System32\gdi32full.dll
0x00007ffd502c0000 - 0x00007ffd50363000 	C:\WINDOWS\System32\msvcp_win.dll
0x00007ffd522c0000 - 0x00007ffd522ef000 	C:\WINDOWS\System32\IMM32.DLL
0x00007ffcb5fc0000 - 0x00007ffcb5fcc000 	c:\Users\ASUS\.antigravity\extensions\redhat.java-1.53.0-win32-x64\jre\21.0.10-win32-x86_64\bin\vcruntime140_1.dll
0x00007ffcaaba0000 - 0x00007ffcaac2d000 	c:\Users\ASUS\.antigravity\extensions\redhat.java-1.53.0-win32-x64\jre\21.0.10-win32-x86_64\bin\msvcp140.dll
0x00007ffc99060000 - 0x00007ffc99e01000 	c:\Users\ASUS\.antigravity\extensions\redhat.java-1.53.0-win32-x64\jre\21.0.10-win32-x86_64\bin\server\jvm.dll
0x00007ffd50680000 - 0x00007ffd50734000 	C:\WINDOWS\System32\ADVAPI32.dll
0x00007ffd52090000 - 0x00007ffd52136000 	C:\WINDOWS\System32\sechost.dll
0x00007ffd507c0000 - 0x00007ffd508d8000 	C:\WINDOWS\System32\RPCRT4.dll
0x00007ffd50740000 - 0x00007ffd507b4000 	C:\WINDOWS\System32\WS2_32.dll
0x00007ffd4f7e0000 - 0x00007ffd4f83e000 	C:\WINDOWS\SYSTEM32\POWRPROF.dll
0x00007ffd493d0000 - 0x00007ffd493db000 	C:\WINDOWS\SYSTEM32\VERSION.dll
0x00007ffd42490000 - 0x00007ffd424c5000 	C:\WINDOWS\SYSTEM32\WINMM.dll
0x00007ffd4f7c0000 - 0x00007ffd4f7d4000 	C:\WINDOWS\SYSTEM32\UMPDC.dll
0x00007ffd4e720000 - 0x00007ffd4e73b000 	C:\WINDOWS\SYSTEM32\kernel.appcore.dll
0x00007ffcb5fb0000 - 0x00007ffcb5fba000 	c:\Users\ASUS\.antigravity\extensions\redhat.java-1.53.0-win32-x64\jre\21.0.10-win32-x86_64\bin\jimage.dll
0x00007ffd41580000 - 0x00007ffd417c2000 	C:\WINDOWS\SYSTEM32\DBGHELP.DLL
0x00007ffd50ab0000 - 0x00007ffd50e2b000 	C:\WINDOWS\System32\combase.dll
0x00007ffd50e40000 - 0x00007ffd50f17000 	C:\WINDOWS\System32\OLEAUT32.dll
0x00007ffd38630000 - 0x00007ffd3866d000 	C:\WINDOWS\SYSTEM32\dbgcore.DLL
0x00007ffd50370000 - 0x00007ffd50409000 	C:\WINDOWS\System32\bcryptPrimitives.dll
0x00007ffcb5fa0000 - 0x00007ffcb5faf000 	c:\Users\ASUS\.antigravity\extensions\redhat.java-1.53.0-win32-x64\jre\21.0.10-win32-x86_64\bin\instrument.dll
0x00007ffc96e70000 - 0x00007ffc96e90000 	c:\Users\ASUS\.antigravity\extensions\redhat.java-1.53.0-win32-x64\jre\21.0.10-win32-x86_64\bin\java.dll
0x00007ffd50f20000 - 0x00007ffd5166d000 	C:\WINDOWS\System32\SHELL32.dll
0x00007ffd4f980000 - 0x00007ffd4faec000 	C:\WINDOWS\System32\wintypes.dll
0x00007ffd4d590000 - 0x00007ffd4dde9000 	C:\WINDOWS\SYSTEM32\windows.storage.dll
0x00007ffd521c0000 - 0x00007ffd522b0000 	C:\WINDOWS\System32\SHCORE.dll
0x00007ffd505c0000 - 0x00007ffd50622000 	C:\WINDOWS\System32\shlwapi.dll
0x00007ffd4f8a0000 - 0x00007ffd4f8c9000 	C:\WINDOWS\SYSTEM32\profapi.dll
0x00007ffcaf530000 - 0x00007ffcaf548000 	c:\Users\ASUS\.antigravity\extensions\redhat.java-1.53.0-win32-x64\jre\21.0.10-win32-x86_64\bin\zip.dll
0x00007ffcb1750000 - 0x00007ffcb1760000 	C:\Users\ASUS\.antigravity\extensions\redhat.java-1.53.0-win32-x64\jre\21.0.10-win32-x86_64\bin\net.dll
0x00007ffd49ae0000 - 0x00007ffd49bff000 	C:\WINDOWS\SYSTEM32\WINHTTP.dll
0x00007ffd4ec80000 - 0x00007ffd4eceb000 	C:\WINDOWS\system32\mswsock.dll
0x00007ffcaf510000 - 0x00007ffcaf526000 	C:\Users\ASUS\.antigravity\extensions\redhat.java-1.53.0-win32-x64\jre\21.0.10-win32-x86_64\bin\nio.dll
0x00007ffcaf960000 - 0x00007ffcaf970000 	c:\Users\ASUS\.antigravity\extensions\redhat.java-1.53.0-win32-x64\jre\21.0.10-win32-x86_64\bin\verify.dll
0x00007ffcf7040000 - 0x00007ffcf7085000 	C:\Users\ASUS\AppData\Roaming\Antigravity\User\globalStorage\redhat.java\1.53.0\config_win\org.eclipse.equinox.launcher\org.eclipse.equinox.launcher.win32.win32.x86_64_1.3.0.v20260203-2149\eclipse_11919.dll
0x00007ffd516b0000 - 0x00007ffd51848000 	C:\WINDOWS\System32\ole32.dll
0x00007ffd4f050000 - 0x00007ffd4f06b000 	C:\WINDOWS\SYSTEM32\CRYPTSP.dll
0x00007ffd4e680000 - 0x00007ffd4e6bb000 	C:\WINDOWS\system32\rsaenh.dll
0x00007ffd4ed20000 - 0x00007ffd4ed4b000 	C:\WINDOWS\SYSTEM32\USERENV.dll
0x00007ffd4f870000 - 0x00007ffd4f896000 	C:\WINDOWS\SYSTEM32\bcrypt.dll
0x00007ffd4eeb0000 - 0x00007ffd4eebc000 	C:\WINDOWS\SYSTEM32\CRYPTBASE.dll
0x00007ffd4e1c0000 - 0x00007ffd4e1f4000 	C:\WINDOWS\SYSTEM32\IPHLPAPI.DLL
0x00007ffd50e30000 - 0x00007ffd50e3a000 	C:\WINDOWS\System32\NSI.dll
0x00007ffcb5c40000 - 0x00007ffcb5c89000 	C:\Users\ASUS\AppData\Local\Temp\jna-2018896\jna1527603800675981985.dll
0x00007ffd50970000 - 0x00007ffd50978000 	C:\WINDOWS\System32\PSAPI.DLL
0x00007ffd4a250000 - 0x00007ffd4a26e000 	C:\WINDOWS\SYSTEM32\dhcpcsvc6.DLL
0x00007ffd4a1d0000 - 0x00007ffd4a1f3000 	C:\WINDOWS\SYSTEM32\dhcpcsvc.DLL
0x00007ffd4acb0000 - 0x00007ffd4acbe000 	C:\Users\ASUS\.antigravity\extensions\redhat.java-1.53.0-win32-x64\jre\21.0.10-win32-x86_64\bin\sunmscapi.dll
0x00007ffd50410000 - 0x00007ffd50587000 	C:\WINDOWS\System32\CRYPT32.dll
0x00007ffd4f1a0000 - 0x00007ffd4f1d0000 	C:\WINDOWS\SYSTEM32\ncrypt.dll
0x00007ffd4f150000 - 0x00007ffd4f18f000 	C:\WINDOWS\SYSTEM32\NTASN1.dll
0x00007ffd4e200000 - 0x00007ffd4e326000 	C:\WINDOWS\SYSTEM32\DNSAPI.dll
0x00007ffd48420000 - 0x00007ffd4842b000 	C:\Windows\System32\rasadhlp.dll
0x00007ffd4a500000 - 0x00007ffd4a586000 	C:\WINDOWS\System32\fwpuclnt.dll
0x00007ffd4aca0000 - 0x00007ffd4aca9000 	C:\Users\ASUS\.antigravity\extensions\redhat.java-1.53.0-win32-x64\jre\21.0.10-win32-x86_64\bin\extnet.dll

JVMTI agents:
c:\Users\ASUS\.antigravity\extensions\redhat.java-1.53.0-win32-x64\lombok\lombok-1.18.39-4050.jar path:c:\Users\ASUS\.antigravity\extensions\redhat.java-1.53.0-win32-x64\jre\21.0.10-win32-x86_64\bin\instrument.dll, loaded, initialized, instrumentlib options:none

dbghelp: loaded successfully - version: 4.0.5 - missing functions: none
symbol engine: initialized successfully - sym options: 0x614 - pdb path: .;c:\Users\ASUS\.antigravity\extensions\redhat.java-1.53.0-win32-x64\jre\21.0.10-win32-x86_64\bin;C:\WINDOWS\SYSTEM32;C:\WINDOWS\WinSxS\amd64_microsoft.windows.common-controls_6595b64144ccf1df_6.0.26100.5074_none_3e0d6f78e32fd63f;c:\Users\ASUS\.antigravity\extensions\redhat.java-1.53.0-win32-x64\jre\21.0.10-win32-x86_64\bin\server;C:\Users\ASUS\AppData\Roaming\Antigravity\User\globalStorage\redhat.java\1.53.0\config_win\org.eclipse.equinox.launcher\org.eclipse.equinox.launcher.win32.win32.x86_64_1.3.0.v20260203-2149;C:\Users\ASUS\AppData\Local\Temp\jna-2018896

VM Arguments:
jvm_args: --add-modules=ALL-SYSTEM --add-opens=java.base/java.util=ALL-UNNAMED --add-opens=java.base/java.lang=ALL-UNNAMED --add-opens=java.base/sun.nio.fs=ALL-UNNAMED -Declipse.application=org.eclipse.jdt.ls.core.id1 -Dosgi.bundles.defaultStartLevel=4 -Declipse.product=org.eclipse.jdt.ls.core.product -Djava.import.generatesMetadataFilesAtProjectRoot=false -DDetectVMInstallationsJob.disabled=true -Dfile.encoding=utf8 -XX:+UseParallelGC -XX:GCTimeRatio=4 -XX:AdaptiveSizePolicyWeight=90 -Dsun.zip.disableMemoryMapping=true -Xmx2G -Xms100m -Xlog:disable -javaagent:c:\Users\ASUS\.antigravity\extensions\redhat.java-1.53.0-win32-x64\lombok\lombok-1.18.39-4050.jar -XX:+HeapDumpOnOutOfMemoryError -XX:HeapDumpPath=c:\Users\ASUS\AppData\Roaming\Antigravity\User\workspaceStorage\072664e477a3092332c4219defd89c4c\redhat.java -Daether.dependencyCollector.impl=bf 
java_command: c:\Users\ASUS\.antigravity\extensions\redhat.java-1.53.0-win32-x64\server\plugins\org.eclipse.equinox.launcher_1.7.100.v20251111-0406.jar -configuration c:\Users\ASUS\AppData\Roaming\Antigravity\User\globalStorage\redhat.java\1.53.0\config_win -data c:\Users\ASUS\AppData\Roaming\Antigravity\User\workspaceStorage\072664e477a3092332c4219defd89c4c\redhat.java\jdt_ws --pipe=\\.\pipe\lsp-4f9604e825764ff5e62a6e9bcf7759e7-sock
java_class_path (initial): c:\Users\ASUS\.antigravity\extensions\redhat.java-1.53.0-win32-x64\server\plugins\org.eclipse.equinox.launcher_1.7.100.v20251111-0406.jar
Launcher Type: SUN_STANDARD

[Global flags]
    uintx AdaptiveSizePolicyWeight                 = 90                                        {product} {command line}
     intx CICompilerCount                          = 12                                        {product} {ergonomic}
    uintx GCTimeRatio                              = 4                                         {product} {command line}
     bool HeapDumpOnOutOfMemoryError               = true                                   {manageable} {command line}
    ccstr HeapDumpPath                             = c:\Users\ASUS\AppData\Roaming\Antigravity\User\workspaceStorage\072664e477a3092332c4219defd89c4c\redhat.java         {manageable} {command line}
   size_t InitialHeapSize                          = 104857600                                 {product} {command line}
   size_t MaxHeapSize                              = 2147483648                                {product} {command line}
   size_t MaxNewSize                               = 715653120                                 {product} {ergonomic}
   size_t MinHeapDeltaBytes                        = 524288                                    {product} {ergonomic}
   size_t MinHeapSize                              = 104857600                                 {product} {command line}
   size_t NewSize                                  = 34603008                                  {product} {ergonomic}
    uintx NonNMethodCodeHeapSize                   = 7602480                                {pd product} {ergonomic}
    uintx NonProfiledCodeHeapSize                  = 122027880                              {pd product} {ergonomic}
   size_t OldSize                                  = 70254592                                  {product} {ergonomic}
    uintx ProfiledCodeHeapSize                     = 122027880                              {pd product} {ergonomic}
    uintx ReservedCodeCacheSize                    = 251658240                              {pd product} {ergonomic}
     bool SegmentedCodeCache                       = true                                      {product} {ergonomic}
   size_t SoftMaxHeapSize                          = 2147483648                             {manageable} {ergonomic}
     bool UseCompressedOops                        = true                           {product lp64_product} {ergonomic}
     bool UseLargePagesIndividualAllocation        = false                                  {pd product} {ergonomic}
     bool UseParallelGC                            = true                                      {product} {command line}

Logging:
Log output configuration:
 #0: stdout all=off uptime,level,tags foldmultilines=false
 #1: stderr all=off uptime,level,tags foldmultilines=false

Release file:
JAVA_VERSION="21.0.10" 
MODULES="java.base java.compiler java.datatransfer java.xml java.prefs java.desktop java.instrument java.logging java.management java.security.sasl java.naming java.rmi java.management.rmi java.net.http java.scripting java.security.jgss java.transaction.xa java.sql java.sql.rowset java.xml.crypto java.se java.smartcardio jdk.accessibility jdk.internal.jvmstat jdk.attach jdk.charsets jdk.internal.opt jdk.zipfs jdk.compiler jdk.crypto.ec jdk.crypto.cryptoki jdk.crypto.mscapi jdk.dynalink jdk.internal.ed jdk.editpad jdk.hotspot.agent jdk.httpserver jdk.internal.le jdk.internal.vm.ci jdk.internal.vm.compiler jdk.internal.vm.compiler.management jdk.jartool jdk.javadoc jdk.jcmd jdk.management jdk.management.agent jdk.jconsole jdk.jdeps jdk.jdwp.agent jdk.jdi jdk.jfr jdk.jshell jdk.jsobject jdk.jstatd jdk.localedata jdk.management.jfr jdk.naming.dns jdk.naming.rmi jdk.net jdk.nio.mapmode jdk.random jdk.sctp jdk.security.auth jdk.security.jgss jdk.unsupported jdk.unsupported.desktop jdk.xml.dom" 

Environment Variables:
PATH=C:\Program Files\Java\jdk-25\bin;C:\Program Files\Python313\Scripts\;C:\Program Files\Python313\;C:\Program Files (x86)\VMware\VMware Workstation\bin\;C:\WINDOWS\system32;C:\WINDOWS;C:\WINDOWS\System32\Wbem;C:\WINDOWS\System32\WindowsPowerShell\v1.0\;C:\WINDOWS\System32\OpenSSH\;C:\Program Files\NVIDIA Corporation\NVIDIA App\NvDLISR;C:\Program Files (x86)\NVIDIA Corporation\PhysX\Common;C:\Program Files\dotnet\;C:\php-8.4.7;C:\ProgramData\ComposerSetup\bin;C:\Program Files\nodejs\;C:\Program Files\Git\cmd;C:\Program Files\MongoDB\Server\8.2\bin;C:\Program Files\Java\jdk-25\;;C:\ProgramData\chocolatey\bin;C:\Program Files\Microsoft SQL Server\150\Tools\Binn\;C:\Program Files\Microsoft SQL Server\Client SDK\ODBC\170\Tools\Binn\;C:\Program Files\Microsoft SQL Server\170\DTS\Binn\;C:\Program Files\Docker\Docker\resources\bin;c:\Users\ASUS\AppData\Local\Programs\cursor\resources\app\codeBin;C:\Program Files\Java\jdk-25\bin;C:\Users\ASUS\AppData\Local\Microsoft\WindowsApps;C:\Visaul Studio\Microsoft VS Code\bin;C:\Users\ASUS\AppData\Local\Programs\Azure Data Studio\bin;C:\Program Files\Azure Data Studio\bin;C:\Users\ASUS\AppData\Local\GitHubDesktop\bin;C:\Users\ASUS\AppData\Roaming\Composer\vendor\bin;C:\Users\ASUS\AppData\Roaming\npm;C:\Program Files\mongosh\;C:\Program Files\IntelliJ IDEA 2025.2.3\bin;C:\Program Files\JetBrains\WebStorm 2025.2.3\bin;C:\Program Files (x86)\Microsoft Visual Studio\Shared\NuGetPackages\microsoft.visualstudio.javascript.sdk;C:\Program Files\Java\jdk-25\;C:\Users\ASUS\.dotnet\tools;C:\Users\ASUS\AppData\Local\Microsoft\WinGet\Links;C:\Users\ASUS\AppData\Local\Programs\Antigravity\bin;C:\Users\ASUS\AppData\Local\Programs\cursor\resources\app\bin
USERNAME=ASUS
OS=Windows_NT
PROCESSOR_IDENTIFIER=AMD64 Family 25 Model 68 Stepping 1, AuthenticAMD
TMP=C:\Users\ASUS\AppData\Local\Temp
TEMP=C:\Users\ASUS\AppData\Local\Temp




Periodic native trim disabled

---------------  S Y S T E M  ---------------

OS:
 Windows 11 , 64 bit Build 26100 (10.0.26100.5074)
OS uptime: 0 days 1:14 hours
Hyper-V role detected

CPU: total 16 (initial active 16) (16 cores per cpu, 2 threads per core) family 25 model 68 stepping 1 microcode 0xa404107, cx8, cmov, fxsr, ht, mmx, 3dnowpref, sse, sse2, sse3, ssse3, sse4a, sse4.1, sse4.2, popcnt, lzcnt, tsc, tscinvbit, avx, avx2, aes, erms, clmul, bmi1, bmi2, adx, sha, fma, vzeroupper, clflush, clflushopt, hv, rdtscp, rdpid, fsrm, f16c, cet_ss
Processor Information for the first 16 processors :
  Max Mhz: 3100, Current Mhz: 3100, Mhz Limit: 3100

Memory: 4k page, system-wide physical 8010M (1250M free)
TotalPageFile size 24394M (AvailPageFile size 326M)
current process WorkingSet (physical memory assigned to process): 31M, peak: 530M
current process commit charge ("private bytes"): 1561M, peak: 1822M

vm_info: OpenJDK 64-Bit Server VM (21.0.10+7-LTS) for windows-amd64 JRE (21.0.10+7-LTS), built on 2026-01-20T00:00:00Z by "admin" with MS VC++ 17.12 (VS2022)

END.
