#
# There is insufficient memory for the Java Runtime Environment to continue.
# Native memory allocation (malloc) failed to allocate 2155376 bytes. Error detail: Chunk::new
# Possible reasons:
#   The system is out of physical RAM or swap space
#   This process is running with CompressedOops enabled, and the Java Heap may be blocking the growth of the native heap
# Possible solutions:
#   Reduce memory load on the system
#   Increase physical memory or swap space
#   Check if swap backing store is full
#   Decrease Java heap size (-Xmx/-Xms)
#   Decrease number of Java threads
#   Decrease Java thread stack sizes (-Xss)
#   Set larger code cache with -XX:ReservedCodeCacheSize=
#   JVM is running with Unscaled Compressed Oops mode in which the Java heap is
#     placed in the first 4GB address space. The Java Heap base address is the
#     maximum limit for the native heap growth. Please use -XX:HeapBaseMinAddress
#     to set the Java Heap base and to place the Java Heap above 4GB virtual address.
# This output file may be truncated or incomplete.
#
#  Out of Memory Error (arena.cpp:168), pid=34644, tid=34500
#
# JRE version: OpenJDK Runtime Environment Temurin-21.0.10+7 (21.0.10+7) (build 21.0.10+7-LTS)
# Java VM: OpenJDK 64-Bit Server VM Temurin-21.0.10+7 (21.0.10+7-LTS, mixed mode, sharing, tiered, compressed oops, compressed class ptrs, parallel gc, windows-amd64)
# No core dump will be written. Minidumps are not enabled by default on client versions of Windows
#

---------------  S U M M A R Y ------------

Command Line: --add-modules=ALL-SYSTEM --add-opens=java.base/java.util=ALL-UNNAMED --add-opens=java.base/java.lang=ALL-UNNAMED --add-opens=java.base/sun.nio.fs=ALL-UNNAMED -Declipse.application=org.eclipse.jdt.ls.core.id1 -Dosgi.bundles.defaultStartLevel=4 -Declipse.product=org.eclipse.jdt.ls.core.product -Djava.import.generatesMetadataFilesAtProjectRoot=false -DDetectVMInstallationsJob.disabled=true -Dfile.encoding=utf8 -XX:+UseParallelGC -XX:GCTimeRatio=4 -XX:AdaptiveSizePolicyWeight=90 -Dsun.zip.disableMemoryMapping=true -Xmx2G -Xms100m -Xlog:disable -javaagent:c:\Users\ASUS\.vscode\extensions\redhat.java-1.53.0-win32-x64\lombok\lombok-1.18.39-4050.jar -XX:+HeapDumpOnOutOfMemoryError -XX:HeapDumpPath=c:\Users\ASUS\AppData\Roaming\Code\User\workspaceStorage\072664e477a3092332c4219defd89c4c\redhat.java -Daether.dependencyCollector.impl=bf c:\Users\ASUS\.vscode\extensions\redhat.java-1.53.0-win32-x64\server\plugins\org.eclipse.equinox.launcher_1.7.100.v20251111-0406.jar -configuration c:\Users\ASUS\AppData\Roaming\Code\User\globalStorage\redhat.java\1.53.0\config_win -data c:\Users\ASUS\AppData\Roaming\Code\User\workspaceStorage\072664e477a3092332c4219defd89c4c\redhat.java\jdt_ws --pipe=\\.\pipe\lsp-a39b3226e061cb81879becdec9276b0f-sock

Host: AMD Ryzen 7 7435HS                             , 16 cores, 7G,  Windows 11 , 64 bit Build 26100 (10.0.26100.5074)
Time: Wed Apr  1 14:24:35 2026 SE Asia Standard Time elapsed time: 85.832096 seconds (0d 0h 1m 25s)

---------------  T H R E A D  ---------------

Current thread (0x000001a17dd4b0a0):  JavaThread "C2 CompilerThread1" daemon [_thread_in_native, id=34500, stack(0x00000099c5600000,0x00000099c5700000) (1024K)]


Current CompileTask:
C2:85832 15203       4       java.util.Properties::load0 (249 bytes)

Stack: [0x00000099c5600000,0x00000099c5700000]
Native frames: (J=compiled Java code, j=interpreted, Vv=VM code, C=native code)
V  [jvm.dll+0x6d7a39]
V  [jvm.dll+0x8b4b26]
V  [jvm.dll+0x8b70de]
V  [jvm.dll+0x8b77c3]
V  [jvm.dll+0x284346]
V  [jvm.dll+0xc66ed]
V  [jvm.dll+0xc6c31]
V  [jvm.dll+0x3bec01]
V  [jvm.dll+0x1e3f69]
V  [jvm.dll+0x24c6b3]
V  [jvm.dll+0x24bb40]
V  [jvm.dll+0x1cb34e]
V  [jvm.dll+0x25b85d]
V  [jvm.dll+0x259dea]
V  [jvm.dll+0x3f857e]
V  [jvm.dll+0x85f59d]
V  [jvm.dll+0x6d626d]
C  [ucrtbase.dll+0x37b0]
C  [KERNEL32.DLL+0x2e8d7]
C  [ntdll.dll+0x8d9c]


---------------  P R O C E S S  ---------------

Threads class SMR info:
_java_thread_list=0x000001a17f678240, length=70, elements={
0x000001a11c9a3e40, 0x000001a11ca43400, 0x000001a1741fdb80, 0x000001a11ca45410,
0x000001a11ca46420, 0x000001a11ca49390, 0x000001a11ca4b2b0, 0x000001a11ca59df0,
0x000001a11ca5e6a0, 0x000001a1759b2a00, 0x000001a17b0e2a40, 0x000001a17bae4430,
0x000001a175829e30, 0x000001a17b14c4e0, 0x000001a17b80a070, 0x000001a17b4a95b0,
0x000001a175866f90, 0x000001a17bc5fd30, 0x000001a17c4fd9a0, 0x000001a17c4fb8d0,
0x000001a17c4fe6c0, 0x000001a17c4fe030, 0x000001a17c4fb240, 0x000001a17c4fcc80,
0x000001a17c4fd310, 0x000001a17c4fbf60, 0x000001a17dd89da0, 0x000001a17dd88360,
0x000001a17dd8a430, 0x000001a17dd889f0, 0x000001a17dd87cd0, 0x000001a17dd8be70,
0x000001a17dd8c500, 0x000001a17dd89080, 0x000001a17dd8b7e0, 0x000001a17dd8cb90,
0x000001a17dd89710, 0x000001a17dd8b150, 0x000001a17dd8df40, 0x000001a17dd8d220,
0x000001a17dd8d8b0, 0x000001a17dd8aac0, 0x000001a17dd8ec60, 0x000001a17dd8f2f0,
0x000001a17eb05f00, 0x000001a17eb06c20, 0x000001a17eb072b0, 0x000001a17eb044c0,
0x000001a17eb06590, 0x000001a17eb03e30, 0x000001a17eb051e0, 0x000001a17eb07940,
0x000001a17eb07fd0, 0x000001a17eb04b50, 0x000001a17eb0b450, 0x000001a17eb08660,
0x000001a17eb08cf0, 0x000001a17eb09a10, 0x000001a17eb09380, 0x000001a17eb0a0a0,
0x000001a17eb0a730, 0x000001a17eb0adc0, 0x000001a17e57bd90, 0x000001a17e57d7d0,
0x000001a17e57a9e0, 0x000001a17e57b070, 0x000001a17e57b700, 0x000001a17dd4b0a0,
0x000001a17dd4a300, 0x000001a17dd4be40
}

Java Threads: ( => current thread )
  0x000001a11c9a3e40 JavaThread "main"                              [_thread_blocked, id=33292, stack(0x00000099c5800000,0x00000099c5900000) (1024K)]
  0x000001a11ca43400 JavaThread "Reference Handler"          daemon [_thread_blocked, id=34584, stack(0x00000099c5c00000,0x00000099c5d00000) (1024K)]
  0x000001a1741fdb80 JavaThread "Finalizer"                  daemon [_thread_blocked, id=34596, stack(0x00000099c5d00000,0x00000099c5e00000) (1024K)]
  0x000001a11ca45410 JavaThread "Signal Dispatcher"          daemon [_thread_blocked, id=12896, stack(0x00000099c5e00000,0x00000099c5f00000) (1024K)]
  0x000001a11ca46420 JavaThread "Attach Listener"            daemon [_thread_blocked, id=34784, stack(0x00000099c5f00000,0x00000099c6000000) (1024K)]
  0x000001a11ca49390 JavaThread "Service Thread"             daemon [_thread_blocked, id=34688, stack(0x00000099c6000000,0x00000099c6100000) (1024K)]
  0x000001a11ca4b2b0 JavaThread "Monitor Deflation Thread"   daemon [_thread_blocked, id=34648, stack(0x00000099c6100000,0x00000099c6200000) (1024K)]
  0x000001a11ca59df0 JavaThread "C2 CompilerThread0"         daemon [_thread_in_native, id=12012, stack(0x00000099c6200000,0x00000099c6300000) (1024K)]
  0x000001a11ca5e6a0 JavaThread "C1 CompilerThread0"         daemon [_thread_blocked, id=34652, stack(0x00000099c6300000,0x00000099c6400000) (1024K)]
  0x000001a1759b2a00 JavaThread "Common-Cleaner"             daemon [_thread_blocked, id=33176, stack(0x00000099c6800000,0x00000099c6900000) (1024K)]
  0x000001a17b0e2a40 JavaThread "Notification Thread"        daemon [_thread_blocked, id=34240, stack(0x00000099c6900000,0x00000099c6a00000) (1024K)]
  0x000001a17bae4430 JavaThread "Active Thread: Equinox Container: f05937d4-111c-46bb-8fd7-c81c89441f54"        [_thread_blocked, id=35028, stack(0x00000099c7000000,0x00000099c7100000) (1024K)]
  0x000001a175829e30 JavaThread "Refresh Thread: Equinox Container: f05937d4-111c-46bb-8fd7-c81c89441f54" daemon [_thread_blocked, id=33404, stack(0x00000099c6400000,0x00000099c6500000) (1024K)]
  0x000001a17b14c4e0 JavaThread "Framework Event Dispatcher: Equinox Container: f05937d4-111c-46bb-8fd7-c81c89441f54" daemon [_thread_blocked, id=7288, stack(0x00000099c6500000,0x00000099c6600000) (1024K)]
  0x000001a17b80a070 JavaThread "Start Level: Equinox Container: f05937d4-111c-46bb-8fd7-c81c89441f54" daemon [_thread_blocked, id=35048, stack(0x00000099c6600000,0x00000099c6700000) (1024K)]
  0x000001a17b4a95b0 JavaThread "Bundle File Closer"         daemon [_thread_blocked, id=1672, stack(0x00000099c7500000,0x00000099c7600000) (1024K)]
  0x000001a175866f90 JavaThread "SCR Component Actor"        daemon [_thread_blocked, id=2424, stack(0x00000099c7600000,0x00000099c7700000) (1024K)]
  0x000001a17bc5fd30 JavaThread "Worker-JM"                         [_thread_blocked, id=22584, stack(0x00000099c7a00000,0x00000099c7b00000) (1024K)]
  0x000001a17c4fd9a0 JavaThread "JNA Cleaner"                daemon [_thread_blocked, id=23088, stack(0x00000099c7700000,0x00000099c7800000) (1024K)]
  0x000001a17c4fb8d0 JavaThread "Worker-0"                          [_thread_blocked, id=8508, stack(0x00000099c7b00000,0x00000099c7c00000) (1024K)]
  0x000001a17c4fe6c0 JavaThread "Worker-1"                          [_thread_blocked, id=20224, stack(0x00000099c7c00000,0x00000099c7d00000) (1024K)]
  0x000001a17c4fe030 JavaThread "Java indexing"              daemon [_thread_blocked, id=13652, stack(0x00000099c8000000,0x00000099c8100000) (1024K)]
  0x000001a17c4fb240 JavaThread "Worker-2"                          [_thread_blocked, id=4684, stack(0x00000099c8100000,0x00000099c8200000) (1024K)]
  0x000001a17c4fcc80 JavaThread "Worker-3"                          [_thread_blocked, id=14908, stack(0x00000099c8500000,0x00000099c8600000) (1024K)]
  0x000001a17c4fd310 JavaThread "Worker-4: Initialize Workspace"        [_thread_blocked, id=20240, stack(0x00000099c8600000,0x00000099c8700000) (1024K)]
  0x000001a17c4fbf60 JavaThread "Thread-1"                   daemon [_thread_in_native, id=20776, stack(0x00000099c8700000,0x00000099c8800000) (1024K)]
  0x000001a17dd89da0 JavaThread "Thread-2"                   daemon [_thread_in_native, id=19380, stack(0x00000099c8800000,0x00000099c8900000) (1024K)]
  0x000001a17dd88360 JavaThread "Thread-3"                   daemon [_thread_in_native, id=12488, stack(0x00000099c8900000,0x00000099c8a00000) (1024K)]
  0x000001a17dd8a430 JavaThread "Thread-4"                   daemon [_thread_in_native, id=31124, stack(0x00000099c8a00000,0x00000099c8b00000) (1024K)]
  0x000001a17dd889f0 JavaThread "Thread-5"                   daemon [_thread_in_native, id=12312, stack(0x00000099c8b00000,0x00000099c8c00000) (1024K)]
  0x000001a17dd87cd0 JavaThread "Thread-6"                   daemon [_thread_in_native, id=12512, stack(0x00000099c8c00000,0x00000099c8d00000) (1024K)]
  0x000001a17dd8be70 JavaThread "Thread-7"                   daemon [_thread_in_native, id=16632, stack(0x00000099c8d00000,0x00000099c8e00000) (1024K)]
  0x000001a17dd8c500 JavaThread "Thread-8"                   daemon [_thread_in_native, id=32156, stack(0x00000099c8e00000,0x00000099c8f00000) (1024K)]
  0x000001a17dd89080 JavaThread "Thread-9"                   daemon [_thread_in_native, id=27900, stack(0x00000099c8f00000,0x00000099c9000000) (1024K)]
  0x000001a17dd8b7e0 JavaThread "Thread-10"                  daemon [_thread_in_native, id=13984, stack(0x00000099c9000000,0x00000099c9100000) (1024K)]
  0x000001a17dd8cb90 JavaThread "Thread-11"                  daemon [_thread_in_native, id=35676, stack(0x00000099c9100000,0x00000099c9200000) (1024K)]
  0x000001a17dd89710 JavaThread "Thread-12"                  daemon [_thread_in_native, id=35680, stack(0x00000099c9200000,0x00000099c9300000) (1024K)]
  0x000001a17dd8b150 JavaThread "Thread-13"                  daemon [_thread_in_native, id=25052, stack(0x00000099c9300000,0x00000099c9400000) (1024K)]
  0x000001a17dd8df40 JavaThread "Thread-14"                  daemon [_thread_in_native, id=7808, stack(0x00000099c9400000,0x00000099c9500000) (1024K)]
  0x000001a17dd8d220 JavaThread "Thread-15"                  daemon [_thread_in_native, id=2516, stack(0x00000099c9500000,0x00000099c9600000) (1024K)]
  0x000001a17dd8d8b0 JavaThread "Thread-16"                  daemon [_thread_in_native, id=9148, stack(0x00000099c9600000,0x00000099c9700000) (1024K)]
  0x000001a17dd8aac0 JavaThread "Thread-17"                  daemon [_thread_in_native, id=23080, stack(0x00000099c9700000,0x00000099c9800000) (1024K)]
  0x000001a17dd8ec60 JavaThread "pool-2-thread-1"                   [_thread_blocked, id=10648, stack(0x00000099c9800000,0x00000099c9900000) (1024K)]
  0x000001a17dd8f2f0 JavaThread "WorkspaceEventsHandler"            [_thread_blocked, id=4636, stack(0x00000099c9900000,0x00000099c9a00000) (1024K)]
  0x000001a17eb05f00 JavaThread "pool-1-thread-1"                   [_thread_blocked, id=19696, stack(0x00000099c9a00000,0x00000099c9b00000) (1024K)]
  0x000001a17eb06c20 JavaThread "ForkJoinPool.commonPool-worker-1" daemon [_thread_blocked, id=27236, stack(0x00000099c9b00000,0x00000099c9c00000) (1024K)]
  0x000001a17eb072b0 JavaThread "ForkJoinPool.commonPool-worker-2" daemon [_thread_blocked, id=26640, stack(0x00000099c9c00000,0x00000099c9d00000) (1024K)]
  0x000001a17eb044c0 JavaThread "ForkJoinPool.commonPool-worker-3" daemon [_thread_blocked, id=4696, stack(0x00000099c9d00000,0x00000099c9e00000) (1024K)]
  0x000001a17eb06590 JavaThread "ForkJoinPool.commonPool-worker-4" daemon [_thread_blocked, id=29228, stack(0x00000099c9e00000,0x00000099c9f00000) (1024K)]
  0x000001a17eb03e30 JavaThread "ForkJoinPool.commonPool-worker-5" daemon [_thread_blocked, id=27548, stack(0x00000099c9f00000,0x00000099ca000000) (1024K)]
  0x000001a17eb051e0 JavaThread "ForkJoinPool.commonPool-worker-6" daemon [_thread_blocked, id=26884, stack(0x00000099ca000000,0x00000099ca100000) (1024K)]
  0x000001a17eb07940 JavaThread "ForkJoinPool.commonPool-worker-7" daemon [_thread_blocked, id=27404, stack(0x00000099ca100000,0x00000099ca200000) (1024K)]
  0x000001a17eb07fd0 JavaThread "ForkJoinPool.commonPool-worker-8" daemon [_thread_blocked, id=26548, stack(0x00000099ca200000,0x00000099ca300000) (1024K)]
  0x000001a17eb04b50 JavaThread "ForkJoinPool.commonPool-worker-9" daemon [_thread_blocked, id=26480, stack(0x00000099ca300000,0x00000099ca400000) (1024K)]
  0x000001a17eb0b450 JavaThread "ForkJoinPool.commonPool-worker-10" daemon [_thread_blocked, id=14452, stack(0x00000099ca400000,0x00000099ca500000) (1024K)]
  0x000001a17eb08660 JavaThread "ForkJoinPool.commonPool-worker-11" daemon [_thread_blocked, id=27380, stack(0x00000099ca500000,0x00000099ca600000) (1024K)]
  0x000001a17eb08cf0 JavaThread "ForkJoinPool.commonPool-worker-12" daemon [_thread_blocked, id=4760, stack(0x00000099ca600000,0x00000099ca700000) (1024K)]
  0x000001a17eb09a10 JavaThread "ForkJoinPool.commonPool-worker-13" daemon [_thread_blocked, id=27540, stack(0x00000099ca700000,0x00000099ca800000) (1024K)]
  0x000001a17eb09380 JavaThread "ForkJoinPool.commonPool-worker-14" daemon [_thread_blocked, id=23416, stack(0x00000099ca800000,0x00000099ca900000) (1024K)]
  0x000001a17eb0a0a0 JavaThread "ForkJoinPool.commonPool-worker-15" daemon [_thread_blocked, id=35032, stack(0x00000099ca900000,0x00000099caa00000) (1024K)]
  0x000001a17eb0a730 JavaThread "Worker-5"                          [_thread_blocked, id=22220, stack(0x00000099caa00000,0x00000099cab00000) (1024K)]
  0x000001a17eb0adc0 JavaThread "Worker-6"                          [_thread_blocked, id=24928, stack(0x00000099cab00000,0x00000099cac00000) (1024K)]
  0x000001a17e57bd90 JavaThread "Cleaner-0"                  daemon [_thread_blocked, id=34728, stack(0x00000099cb000000,0x00000099cb100000) (1024K)]
  0x000001a17e57d7d0 JavaThread "Compiler Source File Reader" daemon [_thread_blocked, id=35156, stack(0x00000099c7e00000,0x00000099c7f00000) (1024K)]
  0x000001a17e57a9e0 JavaThread "Compiler Processing Task"   daemon [_thread_blocked, id=15956, stack(0x00000099cac00000,0x00000099cad00000) (1024K)]
  0x000001a17e57b070 JavaThread "Compiler Source File Reader" daemon [_thread_blocked, id=15984, stack(0x00000099cad00000,0x00000099cae00000) (1024K)]
  0x000001a17e57b700 JavaThread "Worker-7"                          [_thread_blocked, id=14952, stack(0x00000099cae00000,0x00000099caf00000) (1024K)]
=>0x000001a17dd4b0a0 JavaThread "C2 CompilerThread1"         daemon [_thread_in_native, id=34500, stack(0x00000099c5600000,0x00000099c5700000) (1024K)]
  0x000001a17dd4a300 JavaThread "C1 CompilerThread1"         daemon [_thread_blocked, id=34488, stack(0x00000099c7800000,0x00000099c7900000) (1024K)]
  0x000001a17dd4be40 JavaThread "C1 CompilerThread2"         daemon [_thread_blocked, id=35544, stack(0x00000099c7900000,0x00000099c7a00000) (1024K)]
Total: 70

Other Threads:
  0x000001a11ca3e980 VMThread "VM Thread"                           [id=18468, stack(0x00000099c5b00000,0x00000099c5c00000) (1024K)]
  0x000001a1740dca00 WatcherThread "VM Periodic Task Thread"        [id=31824, stack(0x00000099c5a00000,0x00000099c5b00000) (1024K)]
  0x000001a11c9c2610 WorkerThread "GC Thread#0"                     [id=15764, stack(0x00000099c5900000,0x00000099c5a00000) (1024K)]
  0x000001a17b0f2590 WorkerThread "GC Thread#1"                     [id=20636, stack(0x00000099c6a00000,0x00000099c6b00000) (1024K)]
  0x000001a17b0f2940 WorkerThread "GC Thread#2"                     [id=30000, stack(0x00000099c6b00000,0x00000099c6c00000) (1024K)]
  0x000001a17b7fd800 WorkerThread "GC Thread#3"                     [id=7960, stack(0x00000099c6c00000,0x00000099c6d00000) (1024K)]
  0x000001a17b7fdbb0 WorkerThread "GC Thread#4"                     [id=33168, stack(0x00000099c6d00000,0x00000099c6e00000) (1024K)]
  0x000001a17b7fdf60 WorkerThread "GC Thread#5"                     [id=12848, stack(0x00000099c6e00000,0x00000099c6f00000) (1024K)]
  0x000001a17b5ad3f0 WorkerThread "GC Thread#6"                     [id=23172, stack(0x00000099c6f00000,0x00000099c7000000) (1024K)]
  0x000001a17b562130 WorkerThread "GC Thread#7"                     [id=35116, stack(0x00000099c7100000,0x00000099c7200000) (1024K)]
  0x000001a17b921a70 WorkerThread "GC Thread#8"                     [id=34864, stack(0x00000099c6700000,0x00000099c6800000) (1024K)]
  0x000001a1758f0770 WorkerThread "GC Thread#9"                     [id=6176, stack(0x00000099c7200000,0x00000099c7300000) (1024K)]
  0x000001a17b6d7160 WorkerThread "GC Thread#10"                    [id=28584, stack(0x00000099c7300000,0x00000099c7400000) (1024K)]
  0x000001a17b03faa0 WorkerThread "GC Thread#11"                    [id=32676, stack(0x00000099c5700000,0x00000099c5800000) (1024K)]
  0x000001a17bbbe7d0 WorkerThread "GC Thread#12"                    [id=30760, stack(0x00000099c7400000,0x00000099c7500000) (1024K)]
Total: 15

Threads with active compile tasks:
C2 CompilerThread0  85905 15236       4       java.lang.invoke.DirectMethodHandle::make (21 bytes)
C2 CompilerThread1  85905 15203       4       java.util.Properties::load0 (249 bytes)
Total: 2

VM state: not at safepoint (normal execution)

VM Mutex/Monitor currently owned by a thread: None

Heap address: 0x0000000080000000, size: 2048 MB, Compressed Oops mode: 32-bit

CDS archive(s) mapped at: [0x000001a133000000-0x000001a133ba0000-0x000001a133ba0000), size 12189696, SharedBaseAddress: 0x000001a133000000, ArchiveRelocationMode: 1.
Compressed class space mapped at: 0x000001a134000000-0x000001a174000000, reserved size: 1073741824
Narrow klass base: 0x000001a133000000, Narrow klass shift: 0, Narrow klass range: 0x100000000

GC Precious Log:
 CardTable entry size: 512
 CPUs: 16 total, 16 available
 Memory: 8010M
 Large Page Support: Disabled
 NUMA Support: Disabled
 Compressed Oops: Enabled (32-bit)
 Alignments: Space 512K, Generation 512K, Heap 2M
 Heap Min Capacity: 100M
 Heap Initial Capacity: 100M
 Heap Max Capacity: 2G
 Pre-touch: Disabled
 Parallel Workers: 13

Heap:
 PSYoungGen      total 5632K, used 3852K [0x00000000d5580000, 0x00000000d5e00000, 0x0000000100000000)
  eden space 4608K, 61% used [0x00000000d5580000,0x00000000d5849220,0x00000000d5a00000)
  from space 1024K, 97% used [0x00000000d5c80000,0x00000000d5d7a010,0x00000000d5d80000)
  to   space 512K, 0% used [0x00000000d5d80000,0x00000000d5d80000,0x00000000d5e00000)
 ParOldGen       total 195584K, used 195210K [0x0000000080000000, 0x000000008bf00000, 0x00000000d5580000)
  object space 195584K, 99% used [0x0000000080000000,0x000000008bea28a8,0x000000008bf00000)
 Metaspace       used 73641K, committed 75328K, reserved 1179648K
  class space    used 7585K, committed 8320K, reserved 1048576K

Card table byte_map: [0x000001a11c250000,0x000001a11c660000] _byte_map_base: 0x000001a11be50000

Marking Bits: (ParMarkBitMap*) 0x00007ffb288d3450
 Begin Bits: [0x000001a12eba0000, 0x000001a130ba0000)
 End Bits:   [0x000001a130ba0000, 0x000001a132ba0000)

Polling page: 0x000001a11a750000

Metaspace:

Usage:
  Non-class:     64.51 MB used.
      Class:      7.41 MB used.
       Both:     71.92 MB used.

Virtual space:
  Non-class space:      128.00 MB reserved,      65.44 MB ( 51%) committed,  2 nodes.
      Class space:        1.00 GB reserved,       8.12 MB ( <1%) committed,  1 nodes.
             Both:        1.12 GB reserved,      73.56 MB (  6%) committed. 

Chunk freelists:
   Non-Class:  14.36 MB
       Class:  7.81 MB
        Both:  22.17 MB

MaxMetaspaceSize: unlimited
CompressedClassSpaceSize: 1.00 GB
Initial GC threshold: 21.00 MB
Current GC threshold: 97.31 MB
CDS: on
 - commit_granule_bytes: 65536.
 - commit_granule_words: 8192.
 - virtual_space_node_default_size: 8388608.
 - enlarge_chunks_in_place: 1.
 - use_allocation_guard: 0.


Internal statistics:

num_allocs_failed_limit: 11.
num_arena_births: 1458.
num_arena_deaths: 14.
num_vsnodes_births: 3.
num_vsnodes_deaths: 0.
num_space_committed: 1177.
num_space_uncommitted: 0.
num_chunks_returned_to_freelist: 25.
num_chunks_taken_from_freelist: 5173.
num_chunk_merges: 10.
num_chunk_splits: 3071.
num_chunks_enlarged: 1591.
num_inconsistent_stats: 0.

CodeHeap 'non-profiled nmethods': size=119168Kb used=10430Kb max_used=10430Kb free=108737Kb
 bounds [0x000001a127740000, 0x000001a128170000, 0x000001a12eba0000]
CodeHeap 'profiled nmethods': size=119104Kb used=33545Kb max_used=33545Kb free=85558Kb
 bounds [0x000001a11fba0000, 0x000001a121c70000, 0x000001a126ff0000]
CodeHeap 'non-nmethods': size=7488Kb used=2604Kb max_used=3222Kb free=4883Kb
 bounds [0x000001a126ff0000, 0x000001a127360000, 0x000001a127740000]
CodeCache: size=245760Kb, used=46579Kb, max_used=47197Kb, free=199178Kb
 total_blobs=15181, nmethods=14385, adapters=696, full_count=0
Compilation: enabled, stopped_count=0, restarted_count=0

Compilation events (20 events):
Event: 85.650 Thread 0x000001a11ca59df0 nmethod 15062 0x000001a12816e790 code [0x000001a12816e920, 0x000001a12816e9a8]
Event: 85.650 Thread 0x000001a11ca59df0 15182       4       org.eclipse.jdt.internal.compiler.ClassFile::u1At (10 bytes)
Event: 85.651 Thread 0x000001a11ca59df0 nmethod 15182 0x000001a12816ea90 code [0x000001a12816ec20, 0x000001a12816ece8]
Event: 85.817 Thread 0x000001a17dd4be40 15225       3       org.eclipse.jdt.internal.core.util.PublicScanner::getCurrentTokenStartPosition (8 bytes)
Event: 85.817 Thread 0x000001a11ca5e6a0 15226       3       org.eclipse.jdt.internal.core.util.PublicScanner::getLineNumber (9 bytes)
Event: 85.817 Thread 0x000001a17dd4a300 15228   !   3       org.eclipse.jdt.ls.core.internal.handlers.FoldingRangeHandler::getNextToken (22 bytes)
Event: 85.817 Thread 0x000001a17dd4be40 nmethod 15225 0x000001a121c4b190 code [0x000001a121c4b320, 0x000001a121c4b438]
Event: 85.817 Thread 0x000001a17dd4be40 15227       3       org.eclipse.jdt.internal.compiler.parser.Scanner::getLineNumber (14 bytes)
Event: 85.817 Thread 0x000001a11ca59df0 15232   !   4       org.eclipse.jdt.internal.compiler.parser.Scanner::pushLineSeparator (300 bytes)
Event: 85.817 Thread 0x000001a11ca5e6a0 nmethod 15226 0x000001a121c4b510 code [0x000001a121c4b6c0, 0x000001a121c4b880]
Event: 85.817 Thread 0x000001a11ca5e6a0 15229       3       org.eclipse.jdt.internal.core.util.PublicScanner::getNextToken (16 bytes)
Event: 85.817 Thread 0x000001a17dd4be40 nmethod 15227 0x000001a121c4b990 code [0x000001a121c4bb40, 0x000001a121c4bc90]
Event: 85.818 Thread 0x000001a17dd4a300 nmethod 15228 0x000001a121c4bd10 code [0x000001a121c4bee0, 0x000001a121c4c2c0]
Event: 85.818 Thread 0x000001a17dd4be40 15230       3       org.eclipse.jdt.internal.core.util.PublicScanner::translateTokenToTerminalSymbol (1470 bytes)
Event: 85.818 Thread 0x000001a17dd4a300 15231   !   3       org.eclipse.jdt.internal.core.util.PublicScanner::$SWITCH_TABLE$org$eclipse$jdt$internal$compiler$parser$TerminalToken (2065 bytes)
Event: 85.818 Thread 0x000001a11ca5e6a0 nmethod 15229 0x000001a121c4c510 code [0x000001a121c4c6c0, 0x000001a121c4c8e0]
Event: 85.819 Thread 0x000001a11ca5e6a0 15233   !   3       org.eclipse.jdt.internal.compiler.parser.Scanner::getNextToken0 (3068 bytes)
Event: 85.820 Thread 0x000001a17dd4be40 nmethod 15230 0x000001a121c4ca10 code [0x000001a121c4cde0, 0x000001a121c4f4c0]
Event: 85.821 Thread 0x000001a17dd4be40 15234       3       org.eclipse.jdt.internal.core.CompilationUnit::resource (37 bytes)
Event: 85.822 Thread 0x000001a17dd4be40 nmethod 15234 0x000001a121c4f910 code [0x000001a121c4fb40, 0x000001a121c50560]

GC Heap History (20 events):
Event: 83.966 GC heap before
{Heap before GC invocations=109 (full 3):
 PSYoungGen      total 8704K, used 8704K [0x00000000d5580000, 0x00000000d6100000, 0x0000000100000000)
  eden space 7680K, 100% used [0x00000000d5580000,0x00000000d5d00000,0x00000000d5d00000)
  from space 1024K, 100% used [0x00000000d5e00000,0x00000000d5f00000,0x00000000d5f00000)
  to   space 2048K, 0% used [0x00000000d5f00000,0x00000000d5f00000,0x00000000d6100000)
 ParOldGen       total 185856K, used 185427K [0x0000000080000000, 0x000000008b580000, 0x00000000d5580000)
  object space 185856K, 99% used [0x0000000080000000,0x000000008b514e78,0x000000008b580000)
 Metaspace       used 72898K, committed 74560K, reserved 1179648K
  class space    used 7514K, committed 8256K, reserved 1048576K
}
Event: 83.969 GC heap after
{Heap after GC invocations=109 (full 3):
 PSYoungGen      total 9216K, used 1258K [0x00000000d5580000, 0x00000000d6080000, 0x0000000100000000)
  eden space 7680K, 0% used [0x00000000d5580000,0x00000000d5580000,0x00000000d5d00000)
  from space 1536K, 81% used [0x00000000d5f00000,0x00000000d603a910,0x00000000d6080000)
  to   space 1536K, 0% used [0x00000000d5d80000,0x00000000d5d80000,0x00000000d5f00000)
 ParOldGen       total 186368K, used 186259K [0x0000000080000000, 0x000000008b600000, 0x00000000d5580000)
  object space 186368K, 99% used [0x0000000080000000,0x000000008b5e4f18,0x000000008b600000)
 Metaspace       used 72898K, committed 74560K, reserved 1179648K
  class space    used 7514K, committed 8256K, reserved 1048576K
}
Event: 84.056 GC heap before
{Heap before GC invocations=110 (full 3):
 PSYoungGen      total 9216K, used 8938K [0x00000000d5580000, 0x00000000d6080000, 0x0000000100000000)
  eden space 7680K, 100% used [0x00000000d5580000,0x00000000d5d00000,0x00000000d5d00000)
  from space 1536K, 81% used [0x00000000d5f00000,0x00000000d603a910,0x00000000d6080000)
  to   space 1536K, 0% used [0x00000000d5d80000,0x00000000d5d80000,0x00000000d5f00000)
 ParOldGen       total 186368K, used 186259K [0x0000000080000000, 0x000000008b600000, 0x00000000d5580000)
  object space 186368K, 99% used [0x0000000080000000,0x000000008b5e4f18,0x000000008b600000)
 Metaspace       used 72916K, committed 74560K, reserved 1179648K
  class space    used 7514K, committed 8256K, reserved 1048576K
}
Event: 84.059 GC heap after
{Heap after GC invocations=110 (full 3):
 PSYoungGen      total 9216K, used 1506K [0x00000000d5580000, 0x00000000d6300000, 0x0000000100000000)
  eden space 7680K, 0% used [0x00000000d5580000,0x00000000d5580000,0x00000000d5d00000)
  from space 1536K, 98% used [0x00000000d5d80000,0x00000000d5ef8970,0x00000000d5f00000)
  to   space 3072K, 0% used [0x00000000d6000000,0x00000000d6000000,0x00000000d6300000)
 ParOldGen       total 187904K, used 187402K [0x0000000080000000, 0x000000008b780000, 0x00000000d5580000)
  object space 187904K, 99% used [0x0000000080000000,0x000000008b702a58,0x000000008b780000)
 Metaspace       used 72916K, committed 74560K, reserved 1179648K
  class space    used 7514K, committed 8256K, reserved 1048576K
}
Event: 84.121 GC heap before
{Heap before GC invocations=111 (full 3):
 PSYoungGen      total 9216K, used 9186K [0x00000000d5580000, 0x00000000d6300000, 0x0000000100000000)
  eden space 7680K, 100% used [0x00000000d5580000,0x00000000d5d00000,0x00000000d5d00000)
  from space 1536K, 98% used [0x00000000d5d80000,0x00000000d5ef8970,0x00000000d5f00000)
  to   space 3072K, 0% used [0x00000000d6000000,0x00000000d6000000,0x00000000d6300000)
 ParOldGen       total 187904K, used 187402K [0x0000000080000000, 0x000000008b780000, 0x00000000d5580000)
  object space 187904K, 99% used [0x0000000080000000,0x000000008b702a58,0x000000008b780000)
 Metaspace       used 72917K, committed 74560K, reserved 1179648K
  class space    used 7514K, committed 8256K, reserved 1048576K
}
Event: 84.126 GC heap after
{Heap after GC invocations=111 (full 3):
 PSYoungGen      total 7680K, used 3072K [0x00000000d5580000, 0x00000000d6900000, 0x0000000100000000)
  eden space 4608K, 0% used [0x00000000d5580000,0x00000000d5580000,0x00000000d5a00000)
  from space 3072K, 100% used [0x00000000d6000000,0x00000000d6300000,0x00000000d6300000)
  to   space 6144K, 0% used [0x00000000d5a00000,0x00000000d5a00000,0x00000000d6000000)
 ParOldGen       total 189952K, used 189665K [0x0000000080000000, 0x000000008b980000, 0x00000000d5580000)
  object space 189952K, 99% used [0x0000000080000000,0x000000008b938408,0x000000008b980000)
 Metaspace       used 72917K, committed 74560K, reserved 1179648K
  class space    used 7514K, committed 8256K, reserved 1048576K
}
Event: 84.202 GC heap before
{Heap before GC invocations=112 (full 3):
 PSYoungGen      total 7680K, used 7680K [0x00000000d5580000, 0x00000000d6900000, 0x0000000100000000)
  eden space 4608K, 100% used [0x00000000d5580000,0x00000000d5a00000,0x00000000d5a00000)
  from space 3072K, 100% used [0x00000000d6000000,0x00000000d6300000,0x00000000d6300000)
  to   space 6144K, 0% used [0x00000000d5a00000,0x00000000d5a00000,0x00000000d6000000)
 ParOldGen       total 189952K, used 189665K [0x0000000080000000, 0x000000008b980000, 0x00000000d5580000)
  object space 189952K, 99% used [0x0000000080000000,0x000000008b938408,0x000000008b980000)
 Metaspace       used 72918K, committed 74560K, reserved 1179648K
  class space    used 7514K, committed 8256K, reserved 1048576K
}
Event: 84.207 GC heap after
{Heap after GC invocations=112 (full 3):
 PSYoungGen      total 5632K, used 777K [0x00000000d5580000, 0x00000000d6080000, 0x0000000100000000)
  eden space 4608K, 0% used [0x00000000d5580000,0x00000000d5580000,0x00000000d5a00000)
  from space 1024K, 75% used [0x00000000d5a00000,0x00000000d5ac2410,0x00000000d5b00000)
  to   space 2560K, 0% used [0x00000000d5e00000,0x00000000d5e00000,0x00000000d6080000)
 ParOldGen       total 193024K, used 192721K [0x0000000080000000, 0x000000008bc80000, 0x00000000d5580000)
  object space 193024K, 99% used [0x0000000080000000,0x000000008bc34408,0x000000008bc80000)
 Metaspace       used 72918K, committed 74560K, reserved 1179648K
  class space    used 7514K, committed 8256K, reserved 1048576K
}
Event: 84.520 GC heap before
{Heap before GC invocations=113 (full 3):
 PSYoungGen      total 5632K, used 5361K [0x00000000d5580000, 0x00000000d6080000, 0x0000000100000000)
  eden space 4608K, 99% used [0x00000000d5580000,0x00000000d59fa168,0x00000000d5a00000)
  from space 1024K, 75% used [0x00000000d5a00000,0x00000000d5ac2410,0x00000000d5b00000)
  to   space 2560K, 0% used [0x00000000d5e00000,0x00000000d5e00000,0x00000000d6080000)
 ParOldGen       total 193024K, used 192721K [0x0000000080000000, 0x000000008bc80000, 0x00000000d5580000)
  object space 193024K, 99% used [0x0000000080000000,0x000000008bc34408,0x000000008bc80000)
 Metaspace       used 73356K, committed 75008K, reserved 1179648K
  class space    used 7562K, committed 8256K, reserved 1048576K
}
Event: 84.522 GC heap after
{Heap after GC invocations=113 (full 3):
 PSYoungGen      total 5632K, used 617K [0x00000000d5580000, 0x00000000d5f00000, 0x0000000100000000)
  eden space 4608K, 0% used [0x00000000d5580000,0x00000000d5580000,0x00000000d5a00000)
  from space 1024K, 60% used [0x00000000d5e00000,0x00000000d5e9a4b0,0x00000000d5f00000)
  to   space 1024K, 0% used [0x00000000d5a00000,0x00000000d5a00000,0x00000000d5b00000)
 ParOldGen       total 193536K, used 193405K [0x0000000080000000, 0x000000008bd00000, 0x00000000d5580000)
  object space 193536K, 99% used [0x0000000080000000,0x000000008bcdf510,0x000000008bd00000)
 Metaspace       used 73356K, committed 75008K, reserved 1179648K
  class space    used 7562K, committed 8256K, reserved 1048576K
}
Event: 84.641 GC heap before
{Heap before GC invocations=114 (full 3):
 PSYoungGen      total 5632K, used 5225K [0x00000000d5580000, 0x00000000d5f00000, 0x0000000100000000)
  eden space 4608K, 99% used [0x00000000d5580000,0x00000000d59ffff8,0x00000000d5a00000)
  from space 1024K, 60% used [0x00000000d5e00000,0x00000000d5e9a4b0,0x00000000d5f00000)
  to   space 1024K, 0% used [0x00000000d5a00000,0x00000000d5a00000,0x00000000d5b00000)
 ParOldGen       total 193536K, used 193405K [0x0000000080000000, 0x000000008bd00000, 0x00000000d5580000)
  object space 193536K, 99% used [0x0000000080000000,0x000000008bcdf510,0x000000008bd00000)
 Metaspace       used 73368K, committed 75008K, reserved 1179648K
  class space    used 7563K, committed 8256K, reserved 1048576K
}
Event: 84.643 GC heap after
{Heap after GC invocations=114 (full 3):
 PSYoungGen      total 5632K, used 224K [0x00000000d5580000, 0x00000000d5e80000, 0x0000000100000000)
  eden space 4608K, 0% used [0x00000000d5580000,0x00000000d5580000,0x00000000d5a00000)
  from space 1024K, 21% used [0x00000000d5a00000,0x00000000d5a38000,0x00000000d5b00000)
  to   space 512K, 0% used [0x00000000d5e00000,0x00000000d5e00000,0x00000000d5e80000)
 ParOldGen       total 194048K, used 193661K [0x0000000080000000, 0x000000008bd80000, 0x00000000d5580000)
  object space 194048K, 99% used [0x0000000080000000,0x000000008bd1f510,0x000000008bd80000)
 Metaspace       used 73368K, committed 75008K, reserved 1179648K
  class space    used 7563K, committed 8256K, reserved 1048576K
}
Event: 84.711 GC heap before
{Heap before GC invocations=115 (full 3):
 PSYoungGen      total 5632K, used 4832K [0x00000000d5580000, 0x00000000d5e80000, 0x0000000100000000)
  eden space 4608K, 100% used [0x00000000d5580000,0x00000000d5a00000,0x00000000d5a00000)
  from space 1024K, 21% used [0x00000000d5a00000,0x00000000d5a38000,0x00000000d5b00000)
  to   space 512K, 0% used [0x00000000d5e00000,0x00000000d5e00000,0x00000000d5e80000)
 ParOldGen       total 194048K, used 193661K [0x0000000080000000, 0x000000008bd80000, 0x00000000d5580000)
  object space 194048K, 99% used [0x0000000080000000,0x000000008bd1f510,0x000000008bd80000)
 Metaspace       used 73397K, committed 75008K, reserved 1179648K
  class space    used 7567K, committed 8256K, reserved 1048576K
}
Event: 84.714 GC heap after
{Heap after GC invocations=115 (full 3):
 PSYoungGen      total 5120K, used 506K [0x00000000d5580000, 0x00000000d5e80000, 0x0000000100000000)
  eden space 4608K, 0% used [0x00000000d5580000,0x00000000d5580000,0x00000000d5a00000)
  from space 512K, 98% used [0x00000000d5e00000,0x00000000d5e7e900,0x00000000d5e80000)
  to   space 1024K, 0% used [0x00000000d5c80000,0x00000000d5c80000,0x00000000d5d80000)
 ParOldGen       total 194048K, used 193831K [0x0000000080000000, 0x000000008bd80000, 0x00000000d5580000)
  object space 194048K, 99% used [0x0000000080000000,0x000000008bd49e30,0x000000008bd80000)
 Metaspace       used 73397K, committed 75008K, reserved 1179648K
  class space    used 7567K, committed 8256K, reserved 1048576K
}
Event: 84.765 GC heap before
{Heap before GC invocations=116 (full 3):
 PSYoungGen      total 5120K, used 5114K [0x00000000d5580000, 0x00000000d5e80000, 0x0000000100000000)
  eden space 4608K, 100% used [0x00000000d5580000,0x00000000d5a00000,0x00000000d5a00000)
  from space 512K, 98% used [0x00000000d5e00000,0x00000000d5e7e900,0x00000000d5e80000)
  to   space 1024K, 0% used [0x00000000d5c80000,0x00000000d5c80000,0x00000000d5d80000)
 ParOldGen       total 194048K, used 193831K [0x0000000080000000, 0x000000008bd80000, 0x00000000d5580000)
  object space 194048K, 99% used [0x0000000080000000,0x000000008bd49e30,0x000000008bd80000)
 Metaspace       used 73397K, committed 75008K, reserved 1179648K
  class space    used 7567K, committed 8256K, reserved 1048576K
}
Event: 84.766 GC heap after
{Heap after GC invocations=116 (full 3):
 PSYoungGen      total 5632K, used 592K [0x00000000d5580000, 0x00000000d5e80000, 0x0000000100000000)
  eden space 4608K, 0% used [0x00000000d5580000,0x00000000d5580000,0x00000000d5a00000)
  from space 1024K, 57% used [0x00000000d5c80000,0x00000000d5d14030,0x00000000d5d80000)
  to   space 1024K, 0% used [0x00000000d5d80000,0x00000000d5d80000,0x00000000d5e80000)
 ParOldGen       total 194560K, used 194250K [0x0000000080000000, 0x000000008be00000, 0x00000000d5580000)
  object space 194560K, 99% used [0x0000000080000000,0x000000008bdb2808,0x000000008be00000)
 Metaspace       used 73397K, committed 75008K, reserved 1179648K
  class space    used 7567K, committed 8256K, reserved 1048576K
}
Event: 84.821 GC heap before
{Heap before GC invocations=117 (full 3):
 PSYoungGen      total 5632K, used 5200K [0x00000000d5580000, 0x00000000d5e80000, 0x0000000100000000)
  eden space 4608K, 100% used [0x00000000d5580000,0x00000000d5a00000,0x00000000d5a00000)
  from space 1024K, 57% used [0x00000000d5c80000,0x00000000d5d14030,0x00000000d5d80000)
  to   space 1024K, 0% used [0x00000000d5d80000,0x00000000d5d80000,0x00000000d5e80000)
 ParOldGen       total 194560K, used 194250K [0x0000000080000000, 0x000000008be00000, 0x00000000d5580000)
  object space 194560K, 99% used [0x0000000080000000,0x000000008bdb2808,0x000000008be00000)
 Metaspace       used 73399K, committed 75008K, reserved 1179648K
  class space    used 7567K, committed 8256K, reserved 1048576K
}
Event: 84.823 GC heap after
{Heap after GC invocations=117 (full 3):
 PSYoungGen      total 5632K, used 672K [0x00000000d5580000, 0x00000000d5e80000, 0x0000000100000000)
  eden space 4608K, 0% used [0x00000000d5580000,0x00000000d5580000,0x00000000d5a00000)
  from space 1024K, 65% used [0x00000000d5d80000,0x00000000d5e28000,0x00000000d5e80000)
  to   space 1024K, 0% used [0x00000000d5c80000,0x00000000d5c80000,0x00000000d5d80000)
 ParOldGen       total 195072K, used 194706K [0x0000000080000000, 0x000000008be80000, 0x00000000d5580000)
  object space 195072K, 99% used [0x0000000080000000,0x000000008be24848,0x000000008be80000)
 Metaspace       used 73399K, committed 75008K, reserved 1179648K
  class space    used 7567K, committed 8256K, reserved 1048576K
}
Event: 84.999 GC heap before
{Heap before GC invocations=118 (full 3):
 PSYoungGen      total 5632K, used 5280K [0x00000000d5580000, 0x00000000d5e80000, 0x0000000100000000)
  eden space 4608K, 100% used [0x00000000d5580000,0x00000000d5a00000,0x00000000d5a00000)
  from space 1024K, 65% used [0x00000000d5d80000,0x00000000d5e28000,0x00000000d5e80000)
  to   space 1024K, 0% used [0x00000000d5c80000,0x00000000d5c80000,0x00000000d5d80000)
 ParOldGen       total 195072K, used 194706K [0x0000000080000000, 0x000000008be80000, 0x00000000d5580000)
  object space 195072K, 99% used [0x0000000080000000,0x000000008be24848,0x000000008be80000)
 Metaspace       used 73470K, committed 75136K, reserved 1179648K
  class space    used 7578K, committed 8320K, reserved 1048576K
}
Event: 85.001 GC heap after
{Heap after GC invocations=118 (full 3):
 PSYoungGen      total 5632K, used 1000K [0x00000000d5580000, 0x00000000d5e00000, 0x0000000100000000)
  eden space 4608K, 0% used [0x00000000d5580000,0x00000000d5580000,0x00000000d5a00000)
  from space 1024K, 97% used [0x00000000d5c80000,0x00000000d5d7a010,0x00000000d5d80000)
  to   space 512K, 0% used [0x00000000d5d80000,0x00000000d5d80000,0x00000000d5e00000)
 ParOldGen       total 195584K, used 195210K [0x0000000080000000, 0x000000008bf00000, 0x00000000d5580000)
  object space 195584K, 99% used [0x0000000080000000,0x000000008bea28a8,0x000000008bf00000)
 Metaspace       used 73470K, committed 75136K, reserved 1179648K
  class space    used 7578K, committed 8320K, reserved 1048576K
}

Dll operation events (10 events):
Event: 0.020 Loaded shared library c:\Users\ASUS\.vscode\extensions\redhat.java-1.53.0-win32-x64\jre\21.0.10-win32-x86_64\bin\java.dll
Event: 0.156 Loaded shared library c:\Users\ASUS\.vscode\extensions\redhat.java-1.53.0-win32-x64\jre\21.0.10-win32-x86_64\bin\zip.dll
Event: 0.203 Loaded shared library C:\Users\ASUS\.vscode\extensions\redhat.java-1.53.0-win32-x64\jre\21.0.10-win32-x86_64\bin\instrument.dll
Event: 0.214 Loaded shared library C:\Users\ASUS\.vscode\extensions\redhat.java-1.53.0-win32-x64\jre\21.0.10-win32-x86_64\bin\net.dll
Event: 0.220 Loaded shared library C:\Users\ASUS\.vscode\extensions\redhat.java-1.53.0-win32-x64\jre\21.0.10-win32-x86_64\bin\nio.dll
Event: 0.229 Loaded shared library C:\Users\ASUS\.vscode\extensions\redhat.java-1.53.0-win32-x64\jre\21.0.10-win32-x86_64\bin\zip.dll
Event: 0.272 Loaded shared library C:\Users\ASUS\.vscode\extensions\redhat.java-1.53.0-win32-x64\jre\21.0.10-win32-x86_64\bin\jimage.dll
Event: 0.444 Loaded shared library c:\Users\ASUS\.vscode\extensions\redhat.java-1.53.0-win32-x64\jre\21.0.10-win32-x86_64\bin\verify.dll
Event: 16.491 Loaded shared library C:\Users\ASUS\AppData\Roaming\Code\User\globalStorage\redhat.java\1.53.0\config_win\org.eclipse.equinox.launcher\org.eclipse.equinox.launcher.win32.win32.x86_64_1.3.0.v20260203-2149\eclipse_11919.dll
Event: 41.348 Loaded shared library C:\Users\ASUS\AppData\Local\Temp\jna-2018896\jna13787453402140697965.dll

Deoptimization events (20 events):
Event: 84.625 Thread 0x000001a17eb06590 DEOPT PACKING pc=0x000001a1216af1d6 sp=0x00000099c9efe850
Event: 84.627 Thread 0x000001a17eb06590 DEOPT UNPACKING pc=0x000001a127044242 sp=0x00000099c9efddc8 mode 0
Event: 84.632 Thread 0x000001a17eb06590 DEOPT PACKING pc=0x000001a1216af1d6 sp=0x00000099c9efe850
Event: 84.632 Thread 0x000001a17eb06590 DEOPT UNPACKING pc=0x000001a127044242 sp=0x00000099c9efddc8 mode 0
Event: 84.780 Thread 0x000001a17eb0b450 DEOPT PACKING pc=0x000001a1216855f4 sp=0x00000099ca4fd550
Event: 84.780 Thread 0x000001a17eb0b450 DEOPT UNPACKING pc=0x000001a127044242 sp=0x00000099ca4fcab0 mode 0
Event: 84.922 Thread 0x000001a17eb0b450 DEOPT PACKING pc=0x000001a1205e2884 sp=0x00000099ca4fe260
Event: 84.922 Thread 0x000001a17eb0b450 DEOPT UNPACKING pc=0x000001a127044242 sp=0x00000099ca4fd718 mode 0
Event: 84.979 Thread 0x000001a17eb0b450 DEOPT PACKING pc=0x000001a11fd1e6c8 sp=0x00000099ca4fdab0
Event: 84.979 Thread 0x000001a17eb0b450 DEOPT UNPACKING pc=0x000001a127044242 sp=0x00000099ca4fcf68 mode 0
Event: 84.991 Thread 0x000001a17eb0b450 Uncommon trap: trap_request=0xffffffde fr.pc=0x000001a127b85a98 relative=0x0000000000000078
Event: 84.991 Thread 0x000001a17eb0b450 Uncommon trap: reason=class_check action=maybe_recompile pc=0x000001a127b85a98 method=java.util.LinkedHashMap.afterNodeInsertion(Z)V @ 15 c2
Event: 84.991 Thread 0x000001a17eb0b450 DEOPT PACKING pc=0x000001a127b85a98 sp=0x00000099ca4fe9c0
Event: 84.991 Thread 0x000001a17eb0b450 DEOPT UNPACKING pc=0x000001a127043aa2 sp=0x00000099ca4fe938 mode 2
Event: 85.801 Thread 0x000001a17eb0b450 DEOPT PACKING pc=0x000001a121955f1e sp=0x00000099ca4f8e20
Event: 85.801 Thread 0x000001a17eb0b450 DEOPT UNPACKING pc=0x000001a127044242 sp=0x00000099ca4f8300 mode 0
Event: 85.817 Thread 0x000001a17eb0b450 Uncommon trap: trap_request=0xffffff45 fr.pc=0x000001a127e5cd70 relative=0x0000000000000890
Event: 85.817 Thread 0x000001a17eb0b450 Uncommon trap: reason=unstable_if action=reinterpret pc=0x000001a127e5cd70 method=org.eclipse.jdt.internal.compiler.parser.Scanner.getNextToken0()Lorg/eclipse/jdt/internal/compiler/parser/TerminalToken; @ 236 c2
Event: 85.817 Thread 0x000001a17eb0b450 DEOPT PACKING pc=0x000001a127e5cd70 sp=0x00000099ca4fe990
Event: 85.818 Thread 0x000001a17eb0b450 DEOPT UNPACKING pc=0x000001a127043aa2 sp=0x00000099ca4fe8d0 mode 2

Classes loaded (20 events):
Event: 69.922 Loading class java/util/AbstractList$SubList done
Event: 69.922 Loading class java/util/AbstractList$RandomAccessSubList done
Event: 69.922 Loading class java/util/AbstractList$SubList$1
Event: 69.923 Loading class java/util/AbstractList$SubList$1 done
Event: 69.942 Loading class java/util/ImmutableCollections$SubList
Event: 69.943 Loading class java/util/ImmutableCollections$SubList done
Event: 70.044 Loading class java/util/zip/CheckedInputStream
Event: 70.046 Loading class java/util/zip/CheckedInputStream done
Event: 70.401 Loading class jdk/internal/module/IllegalAccessLogger
Event: 70.401 Loading class jdk/internal/module/IllegalAccessLogger done
Event: 70.436 Loading class java/util/concurrent/ArrayBlockingQueue
Event: 70.437 Loading class java/util/concurrent/ArrayBlockingQueue done
Event: 70.714 Loading class sun/nio/ch/ChannelOutputStream
Event: 70.715 Loading class sun/nio/ch/ChannelOutputStream done
Event: 73.785 Loading class java/nio/BufferMismatch
Event: 73.785 Loading class java/nio/BufferMismatch done
Event: 73.786 Loading class java/nio/file/attribute/PosixFileAttributes
Event: 73.787 Loading class java/nio/file/attribute/PosixFileAttributes done
Event: 74.269 Loading class sun/nio/fs/WindowsFileCopy
Event: 74.270 Loading class sun/nio/fs/WindowsFileCopy done

Classes unloaded (7 events):
Event: 42.407 Thread 0x000001a11ca3e980 Unloading class 0x000001a1341a5000 'java/lang/invoke/LambdaForm$MH+0x000001a1341a5000'
Event: 42.407 Thread 0x000001a11ca3e980 Unloading class 0x000001a1341a4c00 'java/lang/invoke/LambdaForm$MH+0x000001a1341a4c00'
Event: 42.407 Thread 0x000001a11ca3e980 Unloading class 0x000001a1341a4800 'java/lang/invoke/LambdaForm$MH+0x000001a1341a4800'
Event: 42.407 Thread 0x000001a11ca3e980 Unloading class 0x000001a1341a4400 'java/lang/invoke/LambdaForm$MH+0x000001a1341a4400'
Event: 42.407 Thread 0x000001a11ca3e980 Unloading class 0x000001a1341a4000 'java/lang/invoke/LambdaForm$BMH+0x000001a1341a4000'
Event: 42.407 Thread 0x000001a11ca3e980 Unloading class 0x000001a1341a3c00 'java/lang/invoke/LambdaForm$DMH+0x000001a1341a3c00'
Event: 42.407 Thread 0x000001a11ca3e980 Unloading class 0x000001a1341a2800 'java/lang/invoke/LambdaForm$DMH+0x000001a1341a2800'

Classes redefined (0 events):
No events

Internal exceptions (20 events):
Event: 69.030 Thread 0x000001a17eb03e30 Exception <a 'sun/nio/fs/WindowsException'{0x00000000d6012b30}> (0x00000000d6012b30) 
thrown [s\src\hotspot\share\prims\jni.cpp, line 520]
Event: 69.031 Thread 0x000001a17eb03e30 Exception <a 'sun/nio/fs/WindowsException'{0x00000000d6020568}> (0x00000000d6020568) 
thrown [s\src\hotspot\share\prims\jni.cpp, line 520]
Event: 69.031 Thread 0x000001a17eb03e30 Exception <a 'sun/nio/fs/WindowsException'{0x00000000d6021338}> (0x00000000d6021338) 
thrown [s\src\hotspot\share\prims\jni.cpp, line 520]
Event: 69.039 Thread 0x000001a17eb03e30 Exception <a 'sun/nio/fs/WindowsException'{0x00000000d6118f40}> (0x00000000d6118f40) 
thrown [s\src\hotspot\share\prims\jni.cpp, line 520]
Event: 69.039 Thread 0x000001a17eb03e30 Exception <a 'sun/nio/fs/WindowsException'{0x00000000d6119df8}> (0x00000000d6119df8) 
thrown [s\src\hotspot\share\prims\jni.cpp, line 520]
Event: 71.021 Thread 0x000001a17c4fe6c0 Exception <a 'java/lang/NoSuchMethodError'{0x00000000d57d1ef0}: 'java.lang.Object java.lang.invoke.DirectMethodHandle$Holder.newInvokeSpecial(java.lang.Object, java.lang.Object, int, java.lang.Object, java.lang.Object)'> (0x00000000d57d1ef0) 
thrown [s\src\hotspot\share\interpreter\linkResolver.cpp, line 773]
Event: 71.029 Thread 0x000001a17c4fe6c0 Exception <a 'java/lang/NoSuchMethodError'{0x00000000d57ec188}: 'java.lang.Object java.lang.invoke.DirectMethodHandle$Holder.invokeSpecial(java.lang.Object, java.lang.Object, java.lang.Object, int, java.lang.Object, java.lang.Object, java.lang.Object)'> (0x00000000d57ec188) 
thrown [s\src\hotspot\share\interpreter\linkResolver.cpp, line 773]
Event: 71.032 Thread 0x000001a17c4fe6c0 Exception <a 'java/lang/NoSuchMethodError'{0x00000000d57f73e0}: 'java.lang.Object java.lang.invoke.DirectMethodHandle$Holder.newInvokeSpecial(java.lang.Object, java.lang.Object, int)'> (0x00000000d57f73e0) 
thrown [s\src\hotspot\share\interpreter\linkResolver.cpp, line 773]
Event: 71.067 Thread 0x000001a17c4fe6c0 Exception <a 'java/lang/NoSuchMethodError'{0x00000000d5876598}: 'void java.lang.invoke.DirectMethodHandle$Holder.invokeStatic(java.lang.Object, int)'> (0x00000000d5876598) 
thrown [s\src\hotspot\share\interpreter\linkResolver.cpp, line 773]
Event: 72.474 Thread 0x000001a17c4fe6c0 Exception <a 'java/io/FileNotFoundException'{0x00000000d5f71aa0}> (0x00000000d5f71aa0) 
thrown [s\src\hotspot\share\prims\jni.cpp, line 520]
Event: 72.475 Thread 0x000001a17c4fe6c0 Exception <a 'java/io/FileNotFoundException'{0x00000000d5f72d30}> (0x00000000d5f72d30) 
thrown [s\src\hotspot\share\prims\jni.cpp, line 520]
Event: 72.478 Thread 0x000001a17c4fe6c0 Exception <a 'java/io/FileNotFoundException'{0x00000000d5f73d18}> (0x00000000d5f73d18) 
thrown [s\src\hotspot\share\prims\jni.cpp, line 520]
Event: 73.186 Thread 0x000001a17c4fe6c0 Implicit null exception at 0x000001a127a8d45f to 0x000001a127a8e198
Event: 74.231 Thread 0x000001a17c4fcc80 Exception <a 'java/lang/NoSuchMethodError'{0x00000000d5964398}: 'java.lang.Object java.lang.invoke.DirectMethodHandle$Holder.invokeStatic(java.lang.Object, java.lang.Object, int, java.lang.Object)'> (0x00000000d5964398) 
thrown [s\src\hotspot\share\interpreter\linkResolver.cpp, line 773]
Event: 74.270 Thread 0x000001a17c4fe030 Exception <a 'sun/nio/fs/WindowsException'{0x00000000d59a62e8}> (0x00000000d59a62e8) 
thrown [s\src\hotspot\share\prims\jni.cpp, line 520]
Event: 75.621 Thread 0x000001a17c4fe030 Exception <a 'sun/nio/fs/WindowsException'{0x00000000d5a1a948}> (0x00000000d5a1a948) 
thrown [s\src\hotspot\share\prims\jni.cpp, line 520]
Event: 75.664 Thread 0x000001a17c4fe030 Implicit null exception at 0x000001a127d9e3e2 to 0x000001a127d9e818
Event: 76.723 Thread 0x000001a17c4fe030 Implicit null exception at 0x000001a127f71069 to 0x000001a127f7114c
Event: 83.900 Thread 0x000001a17eb0b450 Exception <a 'java/lang/ArrayIndexOutOfBoundsException'{0x00000000d57cf7b0}: Index 4185 out of bounds for length 4185> (0x00000000d57cf7b0) 
thrown [s\src\hotspot\share\interpreter\interpreterRuntime.cpp, line 439]
Event: 85.787 Thread 0x000001a17eb05f00 Exception <a 'java/lang/IncompatibleClassChangeError'{0x00000000d5781e40}: Found class java.lang.Object, but interface was expected> (0x00000000d5781e40) 
thrown [s\src\hotspot\share\interpreter\linkResolver.cpp, line 840]

ZGC Phase Switch (0 events):
No events

VM Operations (20 events):
Event: 83.966 Executing safepoint VM operation: ParallelGCFailedAllocation (Allocation Failure)
Event: 83.969 Executing safepoint VM operation: ParallelGCFailedAllocation (Allocation Failure) done
Event: 84.055 Executing safepoint VM operation: ParallelGCFailedAllocation (Allocation Failure)
Event: 84.059 Executing safepoint VM operation: ParallelGCFailedAllocation (Allocation Failure) done
Event: 84.121 Executing safepoint VM operation: ParallelGCFailedAllocation (Allocation Failure)
Event: 84.126 Executing safepoint VM operation: ParallelGCFailedAllocation (Allocation Failure) done
Event: 84.201 Executing safepoint VM operation: ParallelGCFailedAllocation (Allocation Failure)
Event: 84.207 Executing safepoint VM operation: ParallelGCFailedAllocation (Allocation Failure) done
Event: 84.512 Executing safepoint VM operation: ParallelGCFailedAllocation (Allocation Failure)
Event: 84.522 Executing safepoint VM operation: ParallelGCFailedAllocation (Allocation Failure) done
Event: 84.641 Executing safepoint VM operation: ParallelGCFailedAllocation (Allocation Failure)
Event: 84.643 Executing safepoint VM operation: ParallelGCFailedAllocation (Allocation Failure) done
Event: 84.711 Executing safepoint VM operation: ParallelGCFailedAllocation (Allocation Failure)
Event: 84.714 Executing safepoint VM operation: ParallelGCFailedAllocation (Allocation Failure) done
Event: 84.765 Executing safepoint VM operation: ParallelGCFailedAllocation (Allocation Failure)
Event: 84.766 Executing safepoint VM operation: ParallelGCFailedAllocation (Allocation Failure) done
Event: 84.820 Executing safepoint VM operation: ParallelGCFailedAllocation (Allocation Failure)
Event: 84.823 Executing safepoint VM operation: ParallelGCFailedAllocation (Allocation Failure) done
Event: 84.999 Executing safepoint VM operation: ParallelGCFailedAllocation (Allocation Failure)
Event: 85.001 Executing safepoint VM operation: ParallelGCFailedAllocation (Allocation Failure) done

Memory protections (0 events):
No events

Nmethod flushes (20 events):
Event: 55.866 Thread 0x000001a11ca3e980 flushing osr nmethod 0x000001a12054ae90
Event: 55.866 Thread 0x000001a11ca3e980 flushing osr nmethod 0x000001a120583590
Event: 55.866 Thread 0x000001a11ca3e980 flushing  nmethod 0x000001a12059a290
Event: 55.866 Thread 0x000001a11ca3e980 flushing  nmethod 0x000001a1205c2310
Event: 55.866 Thread 0x000001a11ca3e980 flushing  nmethod 0x000001a1205d7090
Event: 55.866 Thread 0x000001a11ca3e980 flushing  nmethod 0x000001a1205d7a10
Event: 55.866 Thread 0x000001a11ca3e980 flushing  nmethod 0x000001a1205d8010
Event: 55.866 Thread 0x000001a11ca3e980 flushing  nmethod 0x000001a1205db210
Event: 55.866 Thread 0x000001a11ca3e980 flushing  nmethod 0x000001a1205ff890
Event: 55.866 Thread 0x000001a11ca3e980 flushing  nmethod 0x000001a1205fff90
Event: 55.866 Thread 0x000001a11ca3e980 flushing  nmethod 0x000001a120600590
Event: 55.866 Thread 0x000001a11ca3e980 flushing  nmethod 0x000001a120600e10
Event: 55.866 Thread 0x000001a11ca3e980 flushing  nmethod 0x000001a120601190
Event: 55.866 Thread 0x000001a11ca3e980 flushing  nmethod 0x000001a120605290
Event: 55.866 Thread 0x000001a11ca3e980 flushing  nmethod 0x000001a120612010
Event: 55.866 Thread 0x000001a11ca3e980 flushing  nmethod 0x000001a120619a10
Event: 55.866 Thread 0x000001a11ca3e980 flushing  nmethod 0x000001a120624890
Event: 55.866 Thread 0x000001a11ca3e980 flushing  nmethod 0x000001a120641990
Event: 55.866 Thread 0x000001a11ca3e980 flushing  nmethod 0x000001a120655c10
Event: 55.866 Thread 0x000001a11ca3e980 flushing osr nmethod 0x000001a120677590

Events (20 events):
Event: 72.635 Thread 0x000001a17c4fe6c0 Thread added: 0x000001a17e5812e0
Event: 72.636 Thread 0x000001a17c4fe6c0 Thread added: 0x000001a17e57f8a0
Event: 72.636 Thread 0x000001a17c4fe6c0 Thread added: 0x000001a17e57f210
Event: 73.124 Thread 0x000001a17e57f210 Thread exited: 0x000001a17e57f210
Event: 73.125 Thread 0x000001a17e57f8a0 Thread exited: 0x000001a17e57f8a0
Event: 73.125 Thread 0x000001a17e582000 Thread exited: 0x000001a17e582000
Event: 73.126 Thread 0x000001a17e5812e0 Thread exited: 0x000001a17e5812e0
Event: 73.132 Thread 0x000001a17e580c50 Thread exited: 0x000001a17e580c50
Event: 73.688 Thread 0x000001a11ca5e6a0 Thread added: 0x000001a17dd4b0a0
Event: 73.804 Thread 0x000001a17dd4b770 Thread exited: 0x000001a17dd4b770
Event: 74.794 Thread 0x000001a17dd4b0a0 Thread exited: 0x000001a17dd4b0a0
Event: 74.795 Thread 0x000001a17c7c1190 Thread exited: 0x000001a17c7c1190
Event: 75.663 Thread 0x000001a17dd4a300 Thread exited: 0x000001a17dd4a300
Event: 75.820 Thread 0x000001a11ca5e6a0 Thread added: 0x000001a17dd4be40
Event: 76.832 Thread 0x000001a11ca5e6a0 Thread added: 0x000001a17dd4b770
Event: 82.424 Thread 0x000001a17dd4b770 Thread exited: 0x000001a17dd4b770
Event: 83.340 Thread 0x000001a17dd4be40 Thread exited: 0x000001a17dd4be40
Event: 83.553 Thread 0x000001a11ca5e6a0 Thread added: 0x000001a17dd4b0a0
Event: 83.669 Thread 0x000001a11ca5e6a0 Thread added: 0x000001a17dd4a300
Event: 83.800 Thread 0x000001a17dd4a300 Thread added: 0x000001a17dd4be40


Dynamic libraries:
0x00007ff6d8840000 - 0x00007ff6d884e000 	c:\Users\ASUS\.vscode\extensions\redhat.java-1.53.0-win32-x64\jre\21.0.10-win32-x86_64\bin\java.exe
0x00007ffbe9d40000 - 0x00007ffbe9fa9000 	C:\WINDOWS\SYSTEM32\ntdll.dll
0x00007ffbe8250000 - 0x00007ffbe8319000 	C:\WINDOWS\System32\KERNEL32.DLL
0x00007ffbe70d0000 - 0x00007ffbe74c3000 	C:\WINDOWS\System32\KERNELBASE.dll
0x00007ffbe78e0000 - 0x00007ffbe7a2b000 	C:\WINDOWS\System32\ucrtbase.dll
0x00007ffb42370000 - 0x00007ffb4238e000 	c:\Users\ASUS\.vscode\extensions\redhat.java-1.53.0-win32-x64\jre\21.0.10-win32-x86_64\bin\VCRUNTIME140.dll
0x00007ffb40530000 - 0x00007ffb40548000 	c:\Users\ASUS\.vscode\extensions\redhat.java-1.53.0-win32-x64\jre\21.0.10-win32-x86_64\bin\jli.dll
0x00007ffbe7ba0000 - 0x00007ffbe7d64000 	C:\WINDOWS\System32\USER32.dll
0x00007ffbe7730000 - 0x00007ffbe7757000 	C:\WINDOWS\System32\win32u.dll
0x00007ffbccab0000 - 0x00007ffbccd43000 	C:\WINDOWS\WinSxS\amd64_microsoft.windows.common-controls_6595b64144ccf1df_6.0.26100.5074_none_3e0d6f78e32fd63f\COMCTL32.dll
0x00007ffbe7e20000 - 0x00007ffbe7e4b000 	C:\WINDOWS\System32\GDI32.dll
0x00007ffbe7570000 - 0x00007ffbe769d000 	C:\WINDOWS\System32\gdi32full.dll
0x00007ffbe8530000 - 0x00007ffbe85d9000 	C:\WINDOWS\System32\msvcrt.dll
0x00007ffbe7a30000 - 0x00007ffbe7ad3000 	C:\WINDOWS\System32\msvcp_win.dll
0x00007ffbe9c10000 - 0x00007ffbe9c3f000 	C:\WINDOWS\System32\IMM32.DLL
0x00007ffba3b40000 - 0x00007ffba3b4c000 	c:\Users\ASUS\.vscode\extensions\redhat.java-1.53.0-win32-x64\jre\21.0.10-win32-x86_64\bin\vcruntime140_1.dll
0x00007ffb289c0000 - 0x00007ffb28a4d000 	c:\Users\ASUS\.vscode\extensions\redhat.java-1.53.0-win32-x64\jre\21.0.10-win32-x86_64\bin\msvcp140.dll
0x00007ffb27c10000 - 0x00007ffb289b1000 	c:\Users\ASUS\.vscode\extensions\redhat.java-1.53.0-win32-x64\jre\21.0.10-win32-x86_64\bin\server\jvm.dll
0x00007ffbe7ae0000 - 0x00007ffbe7b94000 	C:\WINDOWS\System32\ADVAPI32.dll
0x00007ffbe7ef0000 - 0x00007ffbe7f96000 	C:\WINDOWS\System32\sechost.dll
0x00007ffbe8410000 - 0x00007ffbe8528000 	C:\WINDOWS\System32\RPCRT4.dll
0x00007ffbe85e0000 - 0x00007ffbe8654000 	C:\WINDOWS\System32\WS2_32.dll
0x00007ffbda490000 - 0x00007ffbda4c5000 	C:\WINDOWS\SYSTEM32\WINMM.dll
0x00007ffbdfdf0000 - 0x00007ffbdfdfb000 	C:\WINDOWS\SYSTEM32\VERSION.dll
0x00007ffbe6d00000 - 0x00007ffbe6d5e000 	C:\WINDOWS\SYSTEM32\POWRPROF.dll
0x00007ffbe6ce0000 - 0x00007ffbe6cf4000 	C:\WINDOWS\SYSTEM32\UMPDC.dll
0x00007ffbe5c40000 - 0x00007ffbe5c5b000 	C:\WINDOWS\SYSTEM32\kernel.appcore.dll
0x00007ffb9e050000 - 0x00007ffb9e05a000 	c:\Users\ASUS\.vscode\extensions\redhat.java-1.53.0-win32-x64\jre\21.0.10-win32-x86_64\bin\jimage.dll
0x00007ffbd8ac0000 - 0x00007ffbd8d02000 	C:\WINDOWS\SYSTEM32\DBGHELP.DLL
0x00007ffbe8670000 - 0x00007ffbe89eb000 	C:\WINDOWS\System32\combase.dll
0x00007ffbe8320000 - 0x00007ffbe83f7000 	C:\WINDOWS\System32\OLEAUT32.dll
0x00007ffbcfe20000 - 0x00007ffbcfe5d000 	C:\WINDOWS\SYSTEM32\dbgcore.DLL
0x00007ffbe74d0000 - 0x00007ffbe7569000 	C:\WINDOWS\System32\bcryptPrimitives.dll
0x00007ffb79b50000 - 0x00007ffb79b5f000 	c:\Users\ASUS\.vscode\extensions\redhat.java-1.53.0-win32-x64\jre\21.0.10-win32-x86_64\bin\instrument.dll
0x00007ffb40510000 - 0x00007ffb40530000 	c:\Users\ASUS\.vscode\extensions\redhat.java-1.53.0-win32-x64\jre\21.0.10-win32-x86_64\bin\java.dll
0x00007ffbe9190000 - 0x00007ffbe98dd000 	C:\WINDOWS\System32\SHELL32.dll
0x00007ffbe6ea0000 - 0x00007ffbe700c000 	C:\WINDOWS\System32\wintypes.dll
0x00007ffbe4ab0000 - 0x00007ffbe5309000 	C:\WINDOWS\SYSTEM32\windows.storage.dll
0x00007ffbe89f0000 - 0x00007ffbe8ae0000 	C:\WINDOWS\System32\SHCORE.dll
0x00007ffbe9120000 - 0x00007ffbe9182000 	C:\WINDOWS\System32\shlwapi.dll
0x00007ffbe6dc0000 - 0x00007ffbe6de9000 	C:\WINDOWS\SYSTEM32\profapi.dll
0x00007ffb34d30000 - 0x00007ffb34d48000 	c:\Users\ASUS\.vscode\extensions\redhat.java-1.53.0-win32-x64\jre\21.0.10-win32-x86_64\bin\zip.dll
0x00007ffb754d0000 - 0x00007ffb754e0000 	C:\Users\ASUS\.vscode\extensions\redhat.java-1.53.0-win32-x64\jre\21.0.10-win32-x86_64\bin\net.dll
0x00007ffbe1650000 - 0x00007ffbe176f000 	C:\WINDOWS\SYSTEM32\WINHTTP.dll
0x00007ffbe61a0000 - 0x00007ffbe620b000 	C:\WINDOWS\system32\mswsock.dll
0x00007ffb2fa70000 - 0x00007ffb2fa86000 	C:\Users\ASUS\.vscode\extensions\redhat.java-1.53.0-win32-x64\jre\21.0.10-win32-x86_64\bin\nio.dll
0x00007ffb75250000 - 0x00007ffb75260000 	c:\Users\ASUS\.vscode\extensions\redhat.java-1.53.0-win32-x64\jre\21.0.10-win32-x86_64\bin\verify.dll
0x00007ffb753c0000 - 0x00007ffb75405000 	C:\Users\ASUS\AppData\Roaming\Code\User\globalStorage\redhat.java\1.53.0\config_win\org.eclipse.equinox.launcher\org.eclipse.equinox.launcher.win32.win32.x86_64_1.3.0.v20260203-2149\eclipse_11919.dll
0x00007ffbe8f80000 - 0x00007ffbe9118000 	C:\WINDOWS\System32\ole32.dll
0x00007ffbe6570000 - 0x00007ffbe658b000 	C:\WINDOWS\SYSTEM32\CRYPTSP.dll
0x00007ffbe5ba0000 - 0x00007ffbe5bdb000 	C:\WINDOWS\system32\rsaenh.dll
0x00007ffbe6240000 - 0x00007ffbe626b000 	C:\WINDOWS\SYSTEM32\USERENV.dll
0x00007ffbe6d90000 - 0x00007ffbe6db6000 	C:\WINDOWS\SYSTEM32\bcrypt.dll
0x00007ffbe63d0000 - 0x00007ffbe63dc000 	C:\WINDOWS\SYSTEM32\CRYPTBASE.dll
0x00007ffbe5680000 - 0x00007ffbe56b4000 	C:\WINDOWS\SYSTEM32\IPHLPAPI.DLL
0x00007ffbe8660000 - 0x00007ffbe866a000 	C:\WINDOWS\System32\NSI.dll
0x00007ffb68540000 - 0x00007ffb68589000 	C:\Users\ASUS\AppData\Local\Temp\jna-2018896\jna13787453402140697965.dll
0x00007ffbe7fa0000 - 0x00007ffbe7fa8000 	C:\WINDOWS\System32\PSAPI.DLL
0x00007ffbe1830000 - 0x00007ffbe184e000 	C:\WINDOWS\SYSTEM32\dhcpcsvc6.DLL
0x00007ffbe1780000 - 0x00007ffbe17a3000 	C:\WINDOWS\SYSTEM32\dhcpcsvc.DLL

JVMTI agents:
c:\Users\ASUS\.vscode\extensions\redhat.java-1.53.0-win32-x64\lombok\lombok-1.18.39-4050.jar path:c:\Users\ASUS\.vscode\extensions\redhat.java-1.53.0-win32-x64\jre\21.0.10-win32-x86_64\bin\instrument.dll, loaded, initialized, instrumentlib options:none

dbghelp: loaded successfully - version: 4.0.5 - missing functions: none
symbol engine: initialized successfully - sym options: 0x614 - pdb path: .;c:\Users\ASUS\.vscode\extensions\redhat.java-1.53.0-win32-x64\jre\21.0.10-win32-x86_64\bin;C:\WINDOWS\SYSTEM32;C:\WINDOWS\WinSxS\amd64_microsoft.windows.common-controls_6595b64144ccf1df_6.0.26100.5074_none_3e0d6f78e32fd63f;c:\Users\ASUS\.vscode\extensions\redhat.java-1.53.0-win32-x64\jre\21.0.10-win32-x86_64\bin\server;C:\Users\ASUS\AppData\Roaming\Code\User\globalStorage\redhat.java\1.53.0\config_win\org.eclipse.equinox.launcher\org.eclipse.equinox.launcher.win32.win32.x86_64_1.3.0.v20260203-2149;C:\Users\ASUS\AppData\Local\Temp\jna-2018896

VM Arguments:
jvm_args: --add-modules=ALL-SYSTEM --add-opens=java.base/java.util=ALL-UNNAMED --add-opens=java.base/java.lang=ALL-UNNAMED --add-opens=java.base/sun.nio.fs=ALL-UNNAMED -Declipse.application=org.eclipse.jdt.ls.core.id1 -Dosgi.bundles.defaultStartLevel=4 -Declipse.product=org.eclipse.jdt.ls.core.product -Djava.import.generatesMetadataFilesAtProjectRoot=false -DDetectVMInstallationsJob.disabled=true -Dfile.encoding=utf8 -XX:+UseParallelGC -XX:GCTimeRatio=4 -XX:AdaptiveSizePolicyWeight=90 -Dsun.zip.disableMemoryMapping=true -Xmx2G -Xms100m -Xlog:disable -javaagent:c:\Users\ASUS\.vscode\extensions\redhat.java-1.53.0-win32-x64\lombok\lombok-1.18.39-4050.jar -XX:+HeapDumpOnOutOfMemoryError -XX:HeapDumpPath=c:\Users\ASUS\AppData\Roaming\Code\User\workspaceStorage\072664e477a3092332c4219defd89c4c\redhat.java -Daether.dependencyCollector.impl=bf 
java_command: c:\Users\ASUS\.vscode\extensions\redhat.java-1.53.0-win32-x64\server\plugins\org.eclipse.equinox.launcher_1.7.100.v20251111-0406.jar -configuration c:\Users\ASUS\AppData\Roaming\Code\User\globalStorage\redhat.java\1.53.0\config_win -data c:\Users\ASUS\AppData\Roaming\Code\User\workspaceStorage\072664e477a3092332c4219defd89c4c\redhat.java\jdt_ws --pipe=\\.\pipe\lsp-a39b3226e061cb81879becdec9276b0f-sock
java_class_path (initial): c:\Users\ASUS\.vscode\extensions\redhat.java-1.53.0-win32-x64\server\plugins\org.eclipse.equinox.launcher_1.7.100.v20251111-0406.jar
Launcher Type: SUN_STANDARD

[Global flags]
    uintx AdaptiveSizePolicyWeight                 = 90                                        {product} {command line}
     intx CICompilerCount                          = 12                                        {product} {ergonomic}
    uintx GCTimeRatio                              = 4                                         {product} {command line}
     bool HeapDumpOnOutOfMemoryError               = true                                   {manageable} {command line}
    ccstr HeapDumpPath                             = c:\Users\ASUS\AppData\Roaming\Code\User\workspaceStorage\072664e477a3092332c4219defd89c4c\redhat.java         {manageable} {command line}
   size_t InitialHeapSize                          = 104857600                                 {product} {command line}
   size_t MaxHeapSize                              = 2147483648                                {product} {command line}
   size_t MaxNewSize                               = 715653120                                 {product} {ergonomic}
   size_t MinHeapDeltaBytes                        = 524288                                    {product} {ergonomic}
   size_t MinHeapSize                              = 104857600                                 {product} {command line}
   size_t NewSize                                  = 34603008                                  {product} {ergonomic}
    uintx NonNMethodCodeHeapSize                   = 7602480                                {pd product} {ergonomic}
    uintx NonProfiledCodeHeapSize                  = 122027880                              {pd product} {ergonomic}
   size_t OldSize                                  = 70254592                                  {product} {ergonomic}
    uintx ProfiledCodeHeapSize                     = 122027880                              {pd product} {ergonomic}
    uintx ReservedCodeCacheSize                    = 251658240                              {pd product} {ergonomic}
     bool SegmentedCodeCache                       = true                                      {product} {ergonomic}
   size_t SoftMaxHeapSize                          = 2147483648                             {manageable} {ergonomic}
     bool UseCompressedOops                        = true                           {product lp64_product} {ergonomic}
     bool UseLargePagesIndividualAllocation        = false                                  {pd product} {ergonomic}
     bool UseParallelGC                            = true                                      {product} {command line}

Logging:
Log output configuration:
 #0: stdout all=off uptime,level,tags foldmultilines=false
 #1: stderr all=off uptime,level,tags foldmultilines=false

Release file:
JAVA_VERSION="21.0.10" 
MODULES="java.base java.compiler java.datatransfer java.xml java.prefs java.desktop java.instrument java.logging java.management java.security.sasl java.naming java.rmi java.management.rmi java.net.http java.scripting java.security.jgss java.transaction.xa java.sql java.sql.rowset java.xml.crypto java.se java.smartcardio jdk.accessibility jdk.internal.jvmstat jdk.attach jdk.charsets jdk.internal.opt jdk.zipfs jdk.compiler jdk.crypto.ec jdk.crypto.cryptoki jdk.crypto.mscapi jdk.dynalink jdk.internal.ed jdk.editpad jdk.hotspot.agent jdk.httpserver jdk.internal.le jdk.internal.vm.ci jdk.internal.vm.compiler jdk.internal.vm.compiler.management jdk.jartool jdk.javadoc jdk.jcmd jdk.management jdk.management.agent jdk.jconsole jdk.jdeps jdk.jdwp.agent jdk.jdi jdk.jfr jdk.jshell jdk.jsobject jdk.jstatd jdk.localedata jdk.management.jfr jdk.naming.dns jdk.naming.rmi jdk.net jdk.nio.mapmode jdk.random jdk.sctp jdk.security.auth jdk.security.jgss jdk.unsupported jdk.unsupported.desktop jdk.xml.dom" 

Environment Variables:
PATH=C:\Visaul Studio\Microsoft VS Code;C:\Program Files\Java\jdk-25\bin;C:\Program Files\Python313\Scripts\;C:\Program Files\Python313\;C:\Program Files (x86)\VMware\VMware Workstation\bin\;C:\WINDOWS\system32;C:\WINDOWS;C:\WINDOWS\System32\Wbem;C:\WINDOWS\System32\WindowsPowerShell\v1.0\;C:\WINDOWS\System32\OpenSSH\;C:\Program Files\NVIDIA Corporation\NVIDIA App\NvDLISR;C:\Program Files (x86)\NVIDIA Corporation\PhysX\Common;C:\Program Files\dotnet\;C:\php-8.4.7;C:\ProgramData\ComposerSetup\bin;C:\Program Files\nodejs\;C:\Program Files\Git\cmd;C:\Program Files\MongoDB\Server\8.2\bin;C:\Program Files\Java\jdk-25\;;C:\ProgramData\chocolatey\bin;C:\Program Files\Microsoft SQL Server\150\Tools\Binn\;C:\Program Files\Microsoft SQL Server\Client SDK\ODBC\170\Tools\Binn\;C:\Program Files\Microsoft SQL Server\170\DTS\Binn\;C:\Program Files\Docker\Docker\resources\bin;c:\Users\ASUS\AppData\Local\Programs\cursor\resources\app\codeBin;C:\Program Files\Java\jdk-25\bin;C:\Users\ASUS\AppData\Local\Microsoft\WindowsApps;C:\Visaul Studio\Microsoft VS Code\bin;C:\Users\ASUS\AppData\Local\Programs\Azure Data Studio\bin;C:\Program Files\Azure Data Studio\bin;C:\Users\ASUS\AppData\Local\GitHubDesktop\bin;C:\Users\ASUS\AppData\Roaming\Composer\vendor\bin;C:\Users\ASUS\AppData\Roaming\npm;C:\Program Files\mongosh\;C:\Program Files\IntelliJ IDEA 2025.2.3\bin;C:\Program Files\JetBrains\WebStorm 2025.2.3\bin;C:\Program Files (x86)\Microsoft Visual Studio\Shared\NuGetPackages\microsoft.visualstudio.javascript.sdk;C:\Program Files\Java\jdk-25\;C:\Users\ASUS\.dotnet\tools;C:\Users\ASUS\AppData\Local\Microsoft\WinGet\Links;C:\Users\ASUS\AppData\Local\Programs\Antigravity\bin;C:\Users\ASUS\AppData\Local\Programs\cursor\resources\app\bin
USERNAME=ASUS
OS=Windows_NT
PROCESSOR_IDENTIFIER=AMD64 Family 25 Model 68 Stepping 1, AuthenticAMD
TMP=C:\Users\ASUS\AppData\Local\Temp
TEMP=C:\Users\ASUS\AppData\Local\Temp




Periodic native trim disabled

---------------  S Y S T E M  ---------------

OS:
 Windows 11 , 64 bit Build 26100 (10.0.26100.5074)
OS uptime: 0 days 0:05 hours
Hyper-V role detected

CPU: total 16 (initial active 16) (16 cores per cpu, 2 threads per core) family 25 model 68 stepping 1 microcode 0xa404107, cx8, cmov, fxsr, ht, mmx, 3dnowpref, sse, sse2, sse3, ssse3, sse4a, sse4.1, sse4.2, popcnt, lzcnt, tsc, tscinvbit, avx, avx2, aes, erms, clmul, bmi1, bmi2, adx, sha, fma, vzeroupper, clflush, clflushopt, hv, rdtscp, rdpid, fsrm, f16c, cet_ss
Processor Information for processor 0
  Max Mhz: 3100, Current Mhz: 2523, Mhz Limit: 3100
Processor Information for processor 1
  Max Mhz: 3100, Current Mhz: 2523, Mhz Limit: 3100
Processor Information for processor 2
  Max Mhz: 3100, Current Mhz: 2523, Mhz Limit: 3100
Processor Information for processor 3
  Max Mhz: 3100, Current Mhz: 2523, Mhz Limit: 3100
Processor Information for processor 4
  Max Mhz: 3100, Current Mhz: 3100, Mhz Limit: 3100
Processor Information for processor 5
  Max Mhz: 3100, Current Mhz: 3100, Mhz Limit: 3100
Processor Information for processor 6
  Max Mhz: 3100, Current Mhz: 3100, Mhz Limit: 3100
Processor Information for processor 7
  Max Mhz: 3100, Current Mhz: 3100, Mhz Limit: 3100
Processor Information for processor 8
  Max Mhz: 3100, Current Mhz: 3100, Mhz Limit: 3100
Processor Information for processor 9
  Max Mhz: 3100, Current Mhz: 3100, Mhz Limit: 3100
Processor Information for processor 10
  Max Mhz: 3100, Current Mhz: 2523, Mhz Limit: 3100
Processor Information for processor 11
  Max Mhz: 3100, Current Mhz: 3100, Mhz Limit: 3100
Processor Information for processor 12
  Max Mhz: 3100, Current Mhz: 2523, Mhz Limit: 3100
Processor Information for processor 13
  Max Mhz: 3100, Current Mhz: 2523, Mhz Limit: 3100
Processor Information for processor 14
  Max Mhz: 3100, Current Mhz: 2523, Mhz Limit: 3100
Processor Information for processor 15
  Max Mhz: 3100, Current Mhz: 2523, Mhz Limit: 3100

Memory: 4k page, system-wide physical 8010M (435M free)
TotalPageFile size 22662M (AvailPageFile size 2M)
current process WorkingSet (physical memory assigned to process): 308M, peak: 395M
current process commit charge ("private bytes"): 560M, peak: 572M

vm_info: OpenJDK 64-Bit Server VM (21.0.10+7-LTS) for windows-amd64 JRE (21.0.10+7-LTS), built on 2026-01-20T00:00:00Z by "admin" with MS VC++ 17.12 (VS2022)

END.
