#
# There is insufficient memory for the Java Runtime Environment to continue.
# Native memory allocation (malloc) failed to allocate 1890432 bytes. Error detail: Chunk::new
# Possible reasons:
#   The system is out of physical RAM or swap space
#   This process is running with CompressedOops enabled, and the Java Heap may be blocking the growth of the native heap
# Possible solutions:
#   Reduce memory load on the system
#   Increase physical memory or swap space
#   Check if swap backing store is full
#   Decrease Java heap size (-Xmx/-Xms)
#   Decrease number of Java threads
#   Decrease Java thread stack sizes (-Xss)
#   Set larger code cache with -XX:ReservedCodeCacheSize=
#   JVM is running with Unscaled Compressed Oops mode in which the Java heap is
#     placed in the first 4GB address space. The Java Heap base address is the
#     maximum limit for the native heap growth. Please use -XX:HeapBaseMinAddress
#     to set the Java Heap base and to place the Java Heap above 4GB virtual address.
# This output file may be truncated or incomplete.
#
#  Out of Memory Error (arena.cpp:168), pid=13916, tid=30312
#
# JRE version: OpenJDK Runtime Environment Temurin-21.0.10+7 (21.0.10+7) (build 21.0.10+7-LTS)
# Java VM: OpenJDK 64-Bit Server VM Temurin-21.0.10+7 (21.0.10+7-LTS, mixed mode, sharing, tiered, compressed oops, compressed class ptrs, parallel gc, windows-amd64)
# No core dump will be written. Minidumps are not enabled by default on client versions of Windows
#

---------------  S U M M A R Y ------------

Command Line: --add-modules=ALL-SYSTEM --add-opens=java.base/java.util=ALL-UNNAMED --add-opens=java.base/java.lang=ALL-UNNAMED --add-opens=java.base/sun.nio.fs=ALL-UNNAMED -Declipse.application=org.eclipse.jdt.ls.core.id1 -Dosgi.bundles.defaultStartLevel=4 -Declipse.product=org.eclipse.jdt.ls.core.product -Djava.import.generatesMetadataFilesAtProjectRoot=false -DDetectVMInstallationsJob.disabled=true -Dfile.encoding=utf8 -XX:+UseParallelGC -XX:GCTimeRatio=4 -XX:AdaptiveSizePolicyWeight=90 -Dsun.zip.disableMemoryMapping=true -Xmx2G -Xms100m -Xlog:disable -javaagent:c:\Users\ASUS\.vscode\extensions\redhat.java-1.53.0-win32-x64\lombok\lombok-1.18.39-4050.jar -XX:+HeapDumpOnOutOfMemoryError -XX:HeapDumpPath=c:\Users\ASUS\AppData\Roaming\Code\User\workspaceStorage\072664e477a3092332c4219defd89c4c\redhat.java -Daether.dependencyCollector.impl=bf c:\Users\ASUS\.vscode\extensions\redhat.java-1.53.0-win32-x64\server\plugins\org.eclipse.equinox.launcher_1.7.100.v20251111-0406.jar -configuration c:\Users\ASUS\AppData\Roaming\Code\User\globalStorage\redhat.java\1.53.0\config_win -data c:\Users\ASUS\AppData\Roaming\Code\User\workspaceStorage\072664e477a3092332c4219defd89c4c\redhat.java\jdt_ws --pipe=\\.\pipe\lsp-e6f0c8503c935574ae0c6547ddb2a03a-sock

Host: AMD Ryzen 7 7435HS                             , 16 cores, 7G,  Windows 11 , 64 bit Build 26100 (10.0.26100.5074)
Time: Tue Mar 31 23:57:56 2026 SE Asia Standard Time elapsed time: 6.266907 seconds (0d 0h 0m 6s)

---------------  T H R E A D  ---------------

Current thread (0x00000208f2b2fc80):  JavaThread "C2 CompilerThread0" daemon [_thread_in_native, id=30312, stack(0x0000004ff4700000,0x0000004ff4800000) (1024K)]


Current CompileTask:
C2:6266 4644       4       org.lombokweb.asm.ClassReader::readMethod (1070 bytes)

Stack: [0x0000004ff4700000,0x0000004ff4800000]
Native frames: (J=compiled Java code, j=interpreted, Vv=VM code, C=native code)
V  [jvm.dll+0x6d7a39]
V  [jvm.dll+0x8b4b26]
V  [jvm.dll+0x8b70de]
V  [jvm.dll+0x8b77c3]
V  [jvm.dll+0x284346]
V  [jvm.dll+0xc66ed]
V  [jvm.dll+0xc6c31]
V  [jvm.dll+0x3bec3b]
V  [jvm.dll+0x1e3f69]
V  [jvm.dll+0x24c6b3]
V  [jvm.dll+0x24bb40]
V  [jvm.dll+0x1cb34e]
V  [jvm.dll+0x25b85d]
V  [jvm.dll+0x259dea]
V  [jvm.dll+0x3f857e]
V  [jvm.dll+0x85f59d]
V  [jvm.dll+0x6d626d]
C  [ucrtbase.dll+0x37b0]
C  [KERNEL32.DLL+0x2e8d7]
C  [ntdll.dll+0x8d9c]


---------------  P R O C E S S  ---------------

Threads class SMR info:
_java_thread_list=0x00000208f9329220, length=28, elements={
0x0000020899c54080, 0x0000020899cf3400, 0x00000208b06fdc20, 0x0000020899cf5750,
0x0000020899cf63b0, 0x0000020899cfc600, 0x0000020899cfba00, 0x00000208f2b2fc80,
0x00000208f2b24f50, 0x00000208f2c27db0, 0x00000208f2d94330, 0x00000208f2dc4330,
0x00000208f2dc2ec0, 0x00000208f2e9dc00, 0x00000208f90a46b0, 0x00000208f4bc2360,
0x00000208f92de6c0, 0x00000208f9014f70, 0x00000208f91fc650, 0x00000208f94e32d0,
0x00000208f95412f0, 0x00000208f97d9840, 0x00000208f97dabf0, 0x00000208f97d91b0,
0x00000208f97da560, 0x00000208f97d9ed0, 0x00000208f97d8b20, 0x00000208f2dc5e70
}

Java Threads: ( => current thread )
  0x0000020899c54080 JavaThread "main"                              [_thread_blocked, id=13852, stack(0x0000004ff3d00000,0x0000004ff3e00000) (1024K)]
  0x0000020899cf3400 JavaThread "Reference Handler"          daemon [_thread_blocked, id=420, stack(0x0000004ff4100000,0x0000004ff4200000) (1024K)]
  0x00000208b06fdc20 JavaThread "Finalizer"                  daemon [_thread_blocked, id=33640, stack(0x0000004ff4200000,0x0000004ff4300000) (1024K)]
  0x0000020899cf5750 JavaThread "Signal Dispatcher"          daemon [_thread_blocked, id=39044, stack(0x0000004ff4300000,0x0000004ff4400000) (1024K)]
  0x0000020899cf63b0 JavaThread "Attach Listener"            daemon [_thread_blocked, id=32428, stack(0x0000004ff4400000,0x0000004ff4500000) (1024K)]
  0x0000020899cfc600 JavaThread "Service Thread"             daemon [_thread_blocked, id=39880, stack(0x0000004ff4500000,0x0000004ff4600000) (1024K)]
  0x0000020899cfba00 JavaThread "Monitor Deflation Thread"   daemon [_thread_blocked, id=19716, stack(0x0000004ff4600000,0x0000004ff4700000) (1024K)]
=>0x00000208f2b2fc80 JavaThread "C2 CompilerThread0"         daemon [_thread_in_native, id=30312, stack(0x0000004ff4700000,0x0000004ff4800000) (1024K)]
  0x00000208f2b24f50 JavaThread "C1 CompilerThread0"         daemon [_thread_blocked, id=28744, stack(0x0000004ff4800000,0x0000004ff4900000) (1024K)]
  0x00000208f2c27db0 JavaThread "C1 CompilerThread1"         daemon [_thread_blocked, id=34128, stack(0x0000004ff4900000,0x0000004ff4a00000) (1024K)]
  0x00000208f2d94330 JavaThread "Common-Cleaner"             daemon [_thread_blocked, id=27472, stack(0x0000004ff4b00000,0x0000004ff4c00000) (1024K)]
  0x00000208f2dc4330 JavaThread "C1 CompilerThread2"         daemon [_thread_blocked, id=36604, stack(0x0000004ff4c00000,0x0000004ff4d00000) (1024K)]
  0x00000208f2dc2ec0 JavaThread "C1 CompilerThread3"         daemon [_thread_blocked, id=39364, stack(0x0000004ff4d00000,0x0000004ff4e00000) (1024K)]
  0x00000208f2e9dc00 JavaThread "Notification Thread"        daemon [_thread_blocked, id=18196, stack(0x0000004ff4e00000,0x0000004ff4f00000) (1024K)]
  0x00000208f90a46b0 JavaThread "Active Thread: Equinox Container: b7605122-8d41-4461-b59f-25b7ca4de4c9"        [_thread_blocked, id=13456, stack(0x0000004ff5500000,0x0000004ff5600000) (1024K)]
  0x00000208f4bc2360 JavaThread "Refresh Thread: Equinox Container: b7605122-8d41-4461-b59f-25b7ca4de4c9" daemon [_thread_blocked, id=29164, stack(0x0000004ff5700000,0x0000004ff5800000) (1024K)]
  0x00000208f92de6c0 JavaThread "Framework Event Dispatcher: Equinox Container: b7605122-8d41-4461-b59f-25b7ca4de4c9" daemon [_thread_blocked, id=20016, stack(0x0000004ff5800000,0x0000004ff5900000) (1024K)]
  0x00000208f9014f70 JavaThread "Start Level: Equinox Container: b7605122-8d41-4461-b59f-25b7ca4de4c9" daemon [_thread_in_vm, id=36488, stack(0x0000004ff5900000,0x0000004ff5a00000) (1024K)]
  0x00000208f91fc650 JavaThread "Bundle File Closer"         daemon [_thread_blocked, id=35476, stack(0x0000004ff5d00000,0x0000004ff5e00000) (1024K)]
  0x00000208f94e32d0 JavaThread "SCR Component Actor"        daemon [_thread_blocked, id=3052, stack(0x0000004ff5e00000,0x0000004ff5f00000) (1024K)]
  0x00000208f95412f0 JavaThread "Worker-JM"                         [_thread_blocked, id=31996, stack(0x0000004ff5f00000,0x0000004ff6000000) (1024K)]
  0x00000208f97d9840 JavaThread "JNA Cleaner"                daemon [_thread_blocked, id=36208, stack(0x0000004ff6100000,0x0000004ff6200000) (1024K)]
  0x00000208f97dabf0 JavaThread "Worker-0: Repository registry initialization"        [_thread_in_Java, id=13052, stack(0x0000004ff6200000,0x0000004ff6300000) (1024K)]
  0x00000208f97d91b0 JavaThread "Worker-1: Building"                [_thread_in_Java, id=30380, stack(0x0000004ff6300000,0x0000004ff6400000) (1024K)]
  0x00000208f97da560 JavaThread "Worker-2: Processing Java changes since last activation"        [_thread_blocked, id=25148, stack(0x0000004ff6400000,0x0000004ff6500000) (1024K)]
  0x00000208f97d9ed0 JavaThread "Java indexing"              daemon [_thread_blocked, id=30868, stack(0x0000004ff6500000,0x0000004ff6600000) (1024K)]
  0x00000208f97d8b20 JavaThread "Worker-3"                          [_thread_blocked, id=21404, stack(0x0000004ff6600000,0x0000004ff6700000) (1024K)]
  0x00000208f2dc5e70 JavaThread "C2 CompilerThread1"         daemon [_thread_in_native, id=5456, stack(0x0000004ff6700000,0x0000004ff6800000) (1024K)]
Total: 28

Other Threads:
  0x00000208f2b24ba0 VMThread "VM Thread"                           [id=32088, stack(0x0000004ff4000000,0x0000004ff4100000) (1024K)]
  0x00000208b05dca00 WatcherThread "VM Periodic Task Thread"        [id=29048, stack(0x0000004ff3f00000,0x0000004ff4000000) (1024K)]
  0x0000020899c73400 WorkerThread "GC Thread#0"                     [id=28264, stack(0x0000004ff3e00000,0x0000004ff3f00000) (1024K)]
  0x00000208f4a3e8d0 WorkerThread "GC Thread#1"                     [id=30932, stack(0x0000004ff4f00000,0x0000004ff5000000) (1024K)]
  0x00000208f4a3ec80 WorkerThread "GC Thread#2"                     [id=7672, stack(0x0000004ff5000000,0x0000004ff5100000) (1024K)]
  0x00000208f4a3f030 WorkerThread "GC Thread#3"                     [id=34340, stack(0x0000004ff5100000,0x0000004ff5200000) (1024K)]
  0x00000208f4b0acf0 WorkerThread "GC Thread#4"                     [id=27212, stack(0x0000004ff5200000,0x0000004ff5300000) (1024K)]
  0x00000208f4b0b0a0 WorkerThread "GC Thread#5"                     [id=32832, stack(0x0000004ff5300000,0x0000004ff5400000) (1024K)]
  0x00000208f4b0be70 WorkerThread "GC Thread#6"                     [id=27852, stack(0x0000004ff5400000,0x0000004ff5500000) (1024K)]
  0x00000208f9080ce0 WorkerThread "GC Thread#7"                     [id=30912, stack(0x0000004ff5600000,0x0000004ff5700000) (1024K)]
  0x00000208f91adf00 WorkerThread "GC Thread#8"                     [id=27492, stack(0x0000004ff5a00000,0x0000004ff5b00000) (1024K)]
  0x00000208f92e7fe0 WorkerThread "GC Thread#9"                     [id=3216, stack(0x0000004ff5b00000,0x0000004ff5c00000) (1024K)]
  0x00000208f92e8390 WorkerThread "GC Thread#10"                    [id=32772, stack(0x0000004ff5c00000,0x0000004ff5d00000) (1024K)]
  0x00000208f95d9ed0 WorkerThread "GC Thread#11"                    [id=28372, stack(0x0000004ff4a00000,0x0000004ff4b00000) (1024K)]
  0x00000208f95d9b20 WorkerThread "GC Thread#12"                    [id=19712, stack(0x0000004ff6000000,0x0000004ff6100000) (1024K)]
Total: 15

Threads with active compile tasks:
C2 CompilerThread0  6289 4644       4       org.lombokweb.asm.ClassReader::readMethod (1070 bytes)
C1 CompilerThread0  6289 5030       3       org.codehaus.plexus.util.xml.pull.MXParser::more (106 bytes)
C1 CompilerThread1  6289 5033       3       java.util.TreeMap::getEntryUsingComparator (74 bytes)
C2 CompilerThread1  6289 4881 %     4       java.util.Properties$LineReader::readLine @ 53 (584 bytes)
Total: 4

VM state: not at safepoint (normal execution)

VM Mutex/Monitor currently owned by a thread: None

Heap address: 0x0000000080000000, size: 2048 MB, Compressed Oops mode: 32-bit

CDS archive(s) mapped at: [0x00000208b1000000-0x00000208b1ba0000-0x00000208b1ba0000), size 12189696, SharedBaseAddress: 0x00000208b1000000, ArchiveRelocationMode: 1.
Compressed class space mapped at: 0x00000208b2000000-0x00000208f2000000, reserved size: 1073741824
Narrow klass base: 0x00000208b1000000, Narrow klass shift: 0, Narrow klass range: 0x100000000

GC Precious Log:
 CardTable entry size: 512
 CPUs: 16 total, 16 available
 Memory: 8010M
 Large Page Support: Disabled
 NUMA Support: Disabled
 Compressed Oops: Enabled (32-bit)
 Alignments: Space 512K, Generation 512K, Heap 2M
 Heap Min Capacity: 100M
 Heap Initial Capacity: 100M
 Heap Max Capacity: 2G
 Pre-touch: Disabled
 Parallel Workers: 13

Heap:
 PSYoungGen      total 26112K, used 25171K [0x00000000d5580000, 0x00000000d7400000, 0x0000000100000000)
  eden space 23040K, 98% used [0x00000000d5580000,0x00000000d6b93cd8,0x00000000d6c00000)
  from space 3072K, 83% used [0x00000000d7100000,0x00000000d7381218,0x00000000d7400000)
  to   space 3072K, 0% used [0x00000000d6e00000,0x00000000d6e00000,0x00000000d7100000)
 ParOldGen       total 68608K, used 14329K [0x0000000080000000, 0x0000000084300000, 0x00000000d5580000)
  object space 68608K, 20% used [0x0000000080000000,0x0000000080dfe630,0x0000000084300000)
 Metaspace       used 31163K, committed 32320K, reserved 1114112K
  class space    used 3072K, committed 3520K, reserved 1048576K

Card table byte_map: [0x0000020899610000,0x0000020899a20000] _byte_map_base: 0x0000020899210000

Marking Bits: (ParMarkBitMap*) 0x00007ff92f4f3450
 Begin Bits: [0x00000208ac100000, 0x00000208ae100000)
 End Bits:   [0x00000208ae100000, 0x00000208b0100000)

Polling page: 0x0000020897ed0000

Metaspace:

Usage:
  Non-class:     27.44 MB used.
      Class:      3.00 MB used.
       Both:     30.44 MB used.

Virtual space:
  Non-class space:       64.00 MB reserved,      28.12 MB ( 44%) committed,  1 nodes.
      Class space:        1.00 GB reserved,       3.44 MB ( <1%) committed,  1 nodes.
             Both:        1.06 GB reserved,      31.56 MB (  3%) committed. 

Chunk freelists:
   Non-Class:  3.54 MB
       Class:  12.47 MB
        Both:  16.01 MB

MaxMetaspaceSize: unlimited
CompressedClassSpaceSize: 1.00 GB
Initial GC threshold: 21.00 MB
Current GC threshold: 35.00 MB
CDS: on
 - commit_granule_bytes: 65536.
 - commit_granule_words: 8192.
 - virtual_space_node_default_size: 8388608.
 - enlarge_chunks_in_place: 1.
 - use_allocation_guard: 0.


Internal statistics:

num_allocs_failed_limit: 7.
num_arena_births: 854.
num_arena_deaths: 14.
num_vsnodes_births: 2.
num_vsnodes_deaths: 0.
num_space_committed: 505.
num_space_uncommitted: 0.
num_chunks_returned_to_freelist: 21.
num_chunks_taken_from_freelist: 2165.
num_chunk_merges: 6.
num_chunk_splits: 1355.
num_chunks_enlarged: 797.
num_inconsistent_stats: 0.

CodeHeap 'non-profiled nmethods': size=119168Kb used=1900Kb max_used=1900Kb free=117267Kb
 bounds [0x00000208a49f0000, 0x00000208a4c60000, 0x00000208abe50000]
CodeHeap 'profiled nmethods': size=119104Kb used=11035Kb max_used=11035Kb free=108068Kb
 bounds [0x000002089ce50000, 0x000002089d920000, 0x00000208a42a0000]
CodeHeap 'non-nmethods': size=7488Kb used=3034Kb max_used=3053Kb free=4453Kb
 bounds [0x00000208a42a0000, 0x00000208a45a0000, 0x00000208a49f0000]
CodeCache: size=245760Kb, used=15969Kb, max_used=15988Kb, free=229788Kb
 total_blobs=5644, nmethods=5002, adapters=545, full_count=0
Compilation: enabled, stopped_count=0, restarted_count=0

Compilation events (20 events):
Event: 5.262 Thread 0x00000208f2c27db0 4961   !   3       sun.nio.fs.WindowsFileAttributeViews$Basic::readAttributes (30 bytes)
Event: 5.263 Thread 0x00000208f2c27db0 nmethod 4961 0x000002089d8e9e10 code [0x000002089d8ea000, 0x000002089d8ea428]
Event: 5.263 Thread 0x00000208f2dc2ec0 nmethod 4960 0x000002089d8ea610 code [0x000002089d8ea800, 0x000002089d8eac98]
Event: 5.263 Thread 0x00000208f2b24f50 nmethod 4958 0x000002089d8eae90 code [0x000002089d8eb100, 0x000002089d8eba98]
Event: 5.263 Thread 0x00000208f2dc4330 nmethod 4959 0x000002089d8ebe10 code [0x000002089d8ec120, 0x000002089d8ed1d0]
Event: 5.263 Thread 0x00000208f2b24f50 4963       3       java.nio.file.Files::provider (10 bytes)
Event: 5.263 Thread 0x00000208f2c27db0 4962       3       java.lang.String$CaseInsensitiveComparator::compare (13 bytes)
Event: 5.263 Thread 0x00000208f2dc2ec0 4964       3       java.lang.String$CaseInsensitiveComparator::compare (68 bytes)
Event: 5.264 Thread 0x00000208f2c27db0 nmethod 4962 0x000002089d8ed710 code [0x000002089d8ed8c0, 0x000002089d8edbe8]
Event: 5.264 Thread 0x00000208f2dc4330 4965       3       java.util.TreeMap::rotateLeft (96 bytes)
Event: 5.264 Thread 0x00000208f2b24f50 nmethod 4963 0x000002089d8edd10 code [0x000002089d8edec0, 0x000002089d8ee098]
Event: 5.264 Thread 0x00000208f2c27db0 4966       3       java.util.TreeMap::putIfAbsent (8 bytes)
Event: 5.264 Thread 0x00000208f2c27db0 nmethod 4966 0x000002089d8ee190 code [0x000002089d8ee340, 0x000002089d8ee480]
Event: 5.264 Thread 0x00000208f2dc2ec0 nmethod 4964 0x000002089d8ee510 code [0x000002089d8ee720, 0x000002089d8eeba8]
Event: 5.264 Thread 0x00000208f2dc4330 nmethod 4965 0x000002089d8eed90 code [0x000002089d8eef40, 0x000002089d8ef230]
Event: 5.265 Thread 0x00000208f2dc2ec0 4969       3       java.util.TreeMap::rotateRight (96 bytes)
Event: 5.265 Thread 0x00000208f2dc2ec0 nmethod 4969 0x000002089d8ef390 code [0x000002089d8ef540, 0x000002089d8ef830]
Event: 5.273 Thread 0x00000208f2dc2ec0 4970       3       java.io.File::isFile (34 bytes)
Event: 6.264 Thread 0x00000208f2dc2ec0 nmethod 4970 0x000002089d8ef990 code [0x000002089d8efb80, 0x000002089d8eff88]
Event: 6.264 Thread 0x00000208f2dc4330 4971       3       sun.net.util.IPAddressUtil::match (50 bytes)

GC Heap History (20 events):
Event: 1.183 GC heap before
{Heap before GC invocations=2 (full 0):
 PSYoungGen      total 29696K, used 29291K [0x00000000d5580000, 0x00000000d7680000, 0x0000000100000000)
  eden space 25600K, 100% used [0x00000000d5580000,0x00000000d6e80000,0x00000000d6e80000)
  from space 4096K, 90% used [0x00000000d6e80000,0x00000000d721aff0,0x00000000d7280000)
  to   space 4096K, 0% used [0x00000000d7280000,0x00000000d7280000,0x00000000d7680000)
 ParOldGen       total 68608K, used 16K [0x0000000080000000, 0x0000000084300000, 0x00000000d5580000)
  object space 68608K, 0% used [0x0000000080000000,0x0000000080004000,0x0000000084300000)
 Metaspace       used 7825K, committed 8192K, reserved 1114112K
  class space    used 809K, committed 960K, reserved 1048576K
}
Event: 1.190 GC heap after
{Heap after GC invocations=2 (full 0):
 PSYoungGen      total 29696K, used 4086K [0x00000000d5580000, 0x00000000d7680000, 0x0000000100000000)
  eden space 25600K, 0% used [0x00000000d5580000,0x00000000d5580000,0x00000000d6e80000)
  from space 4096K, 99% used [0x00000000d7280000,0x00000000d767d810,0x00000000d7680000)
  to   space 4096K, 0% used [0x00000000d6e80000,0x00000000d6e80000,0x00000000d7280000)
 ParOldGen       total 68608K, used 1985K [0x0000000080000000, 0x0000000084300000, 0x00000000d5580000)
  object space 68608K, 2% used [0x0000000080000000,0x00000000801f06a8,0x0000000084300000)
 Metaspace       used 7825K, committed 8192K, reserved 1114112K
  class space    used 809K, committed 960K, reserved 1048576K
}
Event: 1.605 GC heap before
{Heap before GC invocations=3 (full 0):
 PSYoungGen      total 29696K, used 29686K [0x00000000d5580000, 0x00000000d7680000, 0x0000000100000000)
  eden space 25600K, 100% used [0x00000000d5580000,0x00000000d6e80000,0x00000000d6e80000)
  from space 4096K, 99% used [0x00000000d7280000,0x00000000d767d810,0x00000000d7680000)
  to   space 4096K, 0% used [0x00000000d6e80000,0x00000000d6e80000,0x00000000d7280000)
 ParOldGen       total 68608K, used 1985K [0x0000000080000000, 0x0000000084300000, 0x00000000d5580000)
  object space 68608K, 2% used [0x0000000080000000,0x00000000801f06a8,0x0000000084300000)
 Metaspace       used 9471K, committed 9856K, reserved 1114112K
  class space    used 1005K, committed 1152K, reserved 1048576K
}
Event: 1.611 GC heap after
{Heap after GC invocations=3 (full 0):
 PSYoungGen      total 29696K, used 4079K [0x00000000d5580000, 0x00000000d7680000, 0x0000000100000000)
  eden space 25600K, 0% used [0x00000000d5580000,0x00000000d5580000,0x00000000d6e80000)
  from space 4096K, 99% used [0x00000000d6e80000,0x00000000d727bc40,0x00000000d7280000)
  to   space 4096K, 0% used [0x00000000d7280000,0x00000000d7280000,0x00000000d7680000)
 ParOldGen       total 68608K, used 4214K [0x0000000080000000, 0x0000000084300000, 0x00000000d5580000)
  object space 68608K, 6% used [0x0000000080000000,0x000000008041d9d0,0x0000000084300000)
 Metaspace       used 9471K, committed 9856K, reserved 1114112K
  class space    used 1005K, committed 1152K, reserved 1048576K
}
Event: 2.323 GC heap before
{Heap before GC invocations=4 (full 0):
 PSYoungGen      total 29696K, used 29679K [0x00000000d5580000, 0x00000000d7680000, 0x0000000100000000)
  eden space 25600K, 100% used [0x00000000d5580000,0x00000000d6e80000,0x00000000d6e80000)
  from space 4096K, 99% used [0x00000000d6e80000,0x00000000d727bc40,0x00000000d7280000)
  to   space 4096K, 0% used [0x00000000d7280000,0x00000000d7280000,0x00000000d7680000)
 ParOldGen       total 68608K, used 4214K [0x0000000080000000, 0x0000000084300000, 0x00000000d5580000)
  object space 68608K, 6% used [0x0000000080000000,0x000000008041d9d0,0x0000000084300000)
 Metaspace       used 11299K, committed 11648K, reserved 1114112K
  class space    used 1180K, committed 1344K, reserved 1048576K
}
Event: 2.327 GC heap after
{Heap after GC invocations=4 (full 0):
 PSYoungGen      total 29696K, used 4089K [0x00000000d5580000, 0x00000000d7680000, 0x0000000100000000)
  eden space 25600K, 0% used [0x00000000d5580000,0x00000000d5580000,0x00000000d6e80000)
  from space 4096K, 99% used [0x00000000d7280000,0x00000000d767e7f0,0x00000000d7680000)
  to   space 4096K, 0% used [0x00000000d6e80000,0x00000000d6e80000,0x00000000d7280000)
 ParOldGen       total 68608K, used 6534K [0x0000000080000000, 0x0000000084300000, 0x00000000d5580000)
  object space 68608K, 9% used [0x0000000080000000,0x00000000806618a0,0x0000000084300000)
 Metaspace       used 11299K, committed 11648K, reserved 1114112K
  class space    used 1180K, committed 1344K, reserved 1048576K
}
Event: 2.879 GC heap before
{Heap before GC invocations=5 (full 0):
 PSYoungGen      total 29696K, used 29689K [0x00000000d5580000, 0x00000000d7680000, 0x0000000100000000)
  eden space 25600K, 100% used [0x00000000d5580000,0x00000000d6e80000,0x00000000d6e80000)
  from space 4096K, 99% used [0x00000000d7280000,0x00000000d767e7f0,0x00000000d7680000)
  to   space 4096K, 0% used [0x00000000d6e80000,0x00000000d6e80000,0x00000000d7280000)
 ParOldGen       total 68608K, used 6534K [0x0000000080000000, 0x0000000084300000, 0x00000000d5580000)
  object space 68608K, 9% used [0x0000000080000000,0x00000000806618a0,0x0000000084300000)
 Metaspace       used 15203K, committed 15744K, reserved 1114112K
  class space    used 1561K, committed 1792K, reserved 1048576K
}
Event: 2.885 GC heap after
{Heap after GC invocations=5 (full 0):
 PSYoungGen      total 29184K, used 4081K [0x00000000d5580000, 0x00000000d7a00000, 0x0000000100000000)
  eden space 25088K, 0% used [0x00000000d5580000,0x00000000d5580000,0x00000000d6e00000)
  from space 4096K, 99% used [0x00000000d6e80000,0x00000000d727c470,0x00000000d7280000)
  to   space 6144K, 0% used [0x00000000d7400000,0x00000000d7400000,0x00000000d7a00000)
 ParOldGen       total 68608K, used 7806K [0x0000000080000000, 0x0000000084300000, 0x00000000d5580000)
  object space 68608K, 11% used [0x0000000080000000,0x000000008079fbc0,0x0000000084300000)
 Metaspace       used 15203K, committed 15744K, reserved 1114112K
  class space    used 1561K, committed 1792K, reserved 1048576K
}
Event: 3.781 GC heap before
{Heap before GC invocations=6 (full 0):
 PSYoungGen      total 29184K, used 29169K [0x00000000d5580000, 0x00000000d7a00000, 0x0000000100000000)
  eden space 25088K, 100% used [0x00000000d5580000,0x00000000d6e00000,0x00000000d6e00000)
  from space 4096K, 99% used [0x00000000d6e80000,0x00000000d727c470,0x00000000d7280000)
  to   space 6144K, 0% used [0x00000000d7400000,0x00000000d7400000,0x00000000d7a00000)
 ParOldGen       total 68608K, used 7806K [0x0000000080000000, 0x0000000084300000, 0x00000000d5580000)
  object space 68608K, 11% used [0x0000000080000000,0x000000008079fbc0,0x0000000084300000)
 Metaspace       used 18588K, committed 19328K, reserved 1114112K
  class space    used 1934K, committed 2240K, reserved 1048576K
}
Event: 3.786 GC heap after
{Heap after GC invocations=6 (full 0):
 PSYoungGen      total 30208K, used 5616K [0x00000000d5580000, 0x00000000d7980000, 0x0000000100000000)
  eden space 24576K, 0% used [0x00000000d5580000,0x00000000d5580000,0x00000000d6d80000)
  from space 5632K, 99% used [0x00000000d7400000,0x00000000d797c310,0x00000000d7980000)
  to   space 6144K, 0% used [0x00000000d6d80000,0x00000000d6d80000,0x00000000d7380000)
 ParOldGen       total 68608K, used 7814K [0x0000000080000000, 0x0000000084300000, 0x00000000d5580000)
  object space 68608K, 11% used [0x0000000080000000,0x00000000807a1bc0,0x0000000084300000)
 Metaspace       used 18588K, committed 19328K, reserved 1114112K
  class space    used 1934K, committed 2240K, reserved 1048576K
}
Event: 4.229 GC heap before
{Heap before GC invocations=7 (full 0):
 PSYoungGen      total 30208K, used 26922K [0x00000000d5580000, 0x00000000d7980000, 0x0000000100000000)
  eden space 24576K, 86% used [0x00000000d5580000,0x00000000d6a4e530,0x00000000d6d80000)
  from space 5632K, 99% used [0x00000000d7400000,0x00000000d797c310,0x00000000d7980000)
  to   space 6144K, 0% used [0x00000000d6d80000,0x00000000d6d80000,0x00000000d7380000)
 ParOldGen       total 68608K, used 7814K [0x0000000080000000, 0x0000000084300000, 0x00000000d5580000)
  object space 68608K, 11% used [0x0000000080000000,0x00000000807a1bc0,0x0000000084300000)
 Metaspace       used 20675K, committed 21504K, reserved 1114112K
  class space    used 2190K, committed 2560K, reserved 1048576K
}
Event: 4.233 GC heap after
{Heap after GC invocations=7 (full 0):
 PSYoungGen      total 29696K, used 4642K [0x00000000d5580000, 0x00000000d7780000, 0x0000000100000000)
  eden space 24576K, 0% used [0x00000000d5580000,0x00000000d5580000,0x00000000d6d80000)
  from space 5120K, 90% used [0x00000000d6d80000,0x00000000d7208a48,0x00000000d7280000)
  to   space 5120K, 0% used [0x00000000d7280000,0x00000000d7280000,0x00000000d7780000)
 ParOldGen       total 68608K, used 9236K [0x0000000080000000, 0x0000000084300000, 0x00000000d5580000)
  object space 68608K, 13% used [0x0000000080000000,0x00000000809051c8,0x0000000084300000)
 Metaspace       used 20675K, committed 21504K, reserved 1114112K
  class space    used 2190K, committed 2560K, reserved 1048576K
}
Event: 4.233 GC heap before
{Heap before GC invocations=8 (full 1):
 PSYoungGen      total 29696K, used 4642K [0x00000000d5580000, 0x00000000d7780000, 0x0000000100000000)
  eden space 24576K, 0% used [0x00000000d5580000,0x00000000d5580000,0x00000000d6d80000)
  from space 5120K, 90% used [0x00000000d6d80000,0x00000000d7208a48,0x00000000d7280000)
  to   space 5120K, 0% used [0x00000000d7280000,0x00000000d7280000,0x00000000d7780000)
 ParOldGen       total 68608K, used 9236K [0x0000000080000000, 0x0000000084300000, 0x00000000d5580000)
  object space 68608K, 13% used [0x0000000080000000,0x00000000809051c8,0x0000000084300000)
 Metaspace       used 20675K, committed 21504K, reserved 1114112K
  class space    used 2190K, committed 2560K, reserved 1048576K
}
Event: 4.266 GC heap after
{Heap after GC invocations=8 (full 1):
 PSYoungGen      total 29696K, used 0K [0x00000000d5580000, 0x00000000d7780000, 0x0000000100000000)
  eden space 24576K, 0% used [0x00000000d5580000,0x00000000d5580000,0x00000000d6d80000)
  from space 5120K, 0% used [0x00000000d6d80000,0x00000000d6d80000,0x00000000d7280000)
  to   space 5120K, 0% used [0x00000000d7280000,0x00000000d7280000,0x00000000d7780000)
 ParOldGen       total 68608K, used 13247K [0x0000000080000000, 0x0000000084300000, 0x00000000d5580000)
  object space 68608K, 19% used [0x0000000080000000,0x0000000080cefe40,0x0000000084300000)
 Metaspace       used 20662K, committed 21504K, reserved 1114112K
  class space    used 2186K, committed 2560K, reserved 1048576K
}
Event: 4.637 GC heap before
{Heap before GC invocations=9 (full 1):
 PSYoungGen      total 29696K, used 24576K [0x00000000d5580000, 0x00000000d7780000, 0x0000000100000000)
  eden space 24576K, 100% used [0x00000000d5580000,0x00000000d6d80000,0x00000000d6d80000)
  from space 5120K, 0% used [0x00000000d6d80000,0x00000000d6d80000,0x00000000d7280000)
  to   space 5120K, 0% used [0x00000000d7280000,0x00000000d7280000,0x00000000d7780000)
 ParOldGen       total 68608K, used 13247K [0x0000000080000000, 0x0000000084300000, 0x00000000d5580000)
  object space 68608K, 19% used [0x0000000080000000,0x0000000080cefe40,0x0000000084300000)
 Metaspace       used 22813K, committed 23744K, reserved 1114112K
  class space    used 2371K, committed 2752K, reserved 1048576K
}
Event: 4.638 GC heap after
{Heap after GC invocations=9 (full 1):
 PSYoungGen      total 27136K, used 3068K [0x00000000d5580000, 0x00000000d7580000, 0x0000000100000000)
  eden space 24064K, 0% used [0x00000000d5580000,0x00000000d5580000,0x00000000d6d00000)
  from space 3072K, 99% used [0x00000000d7280000,0x00000000d757f340,0x00000000d7580000)
  to   space 4096K, 0% used [0x00000000d6d80000,0x00000000d6d80000,0x00000000d7180000)
 ParOldGen       total 68608K, used 13255K [0x0000000080000000, 0x0000000084300000, 0x00000000d5580000)
  object space 68608K, 19% used [0x0000000080000000,0x0000000080cf1e40,0x0000000084300000)
 Metaspace       used 22813K, committed 23744K, reserved 1114112K
  class space    used 2371K, committed 2752K, reserved 1048576K
}
Event: 4.865 GC heap before
{Heap before GC invocations=10 (full 1):
 PSYoungGen      total 27136K, used 27132K [0x00000000d5580000, 0x00000000d7580000, 0x0000000100000000)
  eden space 24064K, 100% used [0x00000000d5580000,0x00000000d6d00000,0x00000000d6d00000)
  from space 3072K, 99% used [0x00000000d7280000,0x00000000d757f340,0x00000000d7580000)
  to   space 4096K, 0% used [0x00000000d6d80000,0x00000000d6d80000,0x00000000d7180000)
 ParOldGen       total 68608K, used 13255K [0x0000000080000000, 0x0000000084300000, 0x00000000d5580000)
  object space 68608K, 19% used [0x0000000080000000,0x0000000080cf1e40,0x0000000084300000)
 Metaspace       used 26240K, committed 27200K, reserved 1114112K
  class space    used 2632K, committed 3008K, reserved 1048576K
}
Event: 4.867 GC heap after
{Heap after GC invocations=10 (full 1):
 PSYoungGen      total 27136K, used 3510K [0x00000000d5580000, 0x00000000d7480000, 0x0000000100000000)
  eden space 23552K, 0% used [0x00000000d5580000,0x00000000d5580000,0x00000000d6c80000)
  from space 3584K, 97% used [0x00000000d6d80000,0x00000000d70ed990,0x00000000d7100000)
  to   space 3584K, 0% used [0x00000000d7100000,0x00000000d7100000,0x00000000d7480000)
 ParOldGen       total 68608K, used 13263K [0x0000000080000000, 0x0000000084300000, 0x00000000d5580000)
  object space 68608K, 19% used [0x0000000080000000,0x0000000080cf3e40,0x0000000084300000)
 Metaspace       used 26240K, committed 27200K, reserved 1114112K
  class space    used 2632K, committed 3008K, reserved 1048576K
}
Event: 5.052 GC heap before
{Heap before GC invocations=11 (full 1):
 PSYoungGen      total 27136K, used 27062K [0x00000000d5580000, 0x00000000d7480000, 0x0000000100000000)
  eden space 23552K, 100% used [0x00000000d5580000,0x00000000d6c80000,0x00000000d6c80000)
  from space 3584K, 97% used [0x00000000d6d80000,0x00000000d70ed990,0x00000000d7100000)
  to   space 3584K, 0% used [0x00000000d7100000,0x00000000d7100000,0x00000000d7480000)
 ParOldGen       total 68608K, used 13263K [0x0000000080000000, 0x0000000084300000, 0x00000000d5580000)
  object space 68608K, 19% used [0x0000000080000000,0x0000000080cf3e40,0x0000000084300000)
 Metaspace       used 27781K, committed 28800K, reserved 1114112K
  class space    used 2729K, committed 3136K, reserved 1048576K
}
Event: 5.053 GC heap after
{Heap after GC invocations=11 (full 1):
 PSYoungGen      total 26112K, used 2564K [0x00000000d5580000, 0x00000000d7400000, 0x0000000100000000)
  eden space 23040K, 0% used [0x00000000d5580000,0x00000000d5580000,0x00000000d6c00000)
  from space 3072K, 83% used [0x00000000d7100000,0x00000000d7381218,0x00000000d7400000)
  to   space 3072K, 0% used [0x00000000d6e00000,0x00000000d6e00000,0x00000000d7100000)
 ParOldGen       total 68608K, used 14329K [0x0000000080000000, 0x0000000084300000, 0x00000000d5580000)
  object space 68608K, 20% used [0x0000000080000000,0x0000000080dfe630,0x0000000084300000)
 Metaspace       used 27781K, committed 28800K, reserved 1114112K
  class space    used 2729K, committed 3136K, reserved 1048576K
}

Dll operation events (10 events):
Event: 0.013 Loaded shared library c:\Users\ASUS\.vscode\extensions\redhat.java-1.53.0-win32-x64\jre\21.0.10-win32-x86_64\bin\java.dll
Event: 0.081 Loaded shared library c:\Users\ASUS\.vscode\extensions\redhat.java-1.53.0-win32-x64\jre\21.0.10-win32-x86_64\bin\zip.dll
Event: 0.102 Loaded shared library C:\Users\ASUS\.vscode\extensions\redhat.java-1.53.0-win32-x64\jre\21.0.10-win32-x86_64\bin\instrument.dll
Event: 0.108 Loaded shared library C:\Users\ASUS\.vscode\extensions\redhat.java-1.53.0-win32-x64\jre\21.0.10-win32-x86_64\bin\net.dll
Event: 0.111 Loaded shared library C:\Users\ASUS\.vscode\extensions\redhat.java-1.53.0-win32-x64\jre\21.0.10-win32-x86_64\bin\nio.dll
Event: 0.114 Loaded shared library C:\Users\ASUS\.vscode\extensions\redhat.java-1.53.0-win32-x64\jre\21.0.10-win32-x86_64\bin\zip.dll
Event: 0.135 Loaded shared library C:\Users\ASUS\.vscode\extensions\redhat.java-1.53.0-win32-x64\jre\21.0.10-win32-x86_64\bin\jimage.dll
Event: 0.226 Loaded shared library c:\Users\ASUS\.vscode\extensions\redhat.java-1.53.0-win32-x64\jre\21.0.10-win32-x86_64\bin\verify.dll
Event: 1.295 Loaded shared library C:\Users\ASUS\AppData\Roaming\Code\User\globalStorage\redhat.java\1.53.0\config_win\org.eclipse.equinox.launcher\org.eclipse.equinox.launcher.win32.win32.x86_64_1.3.0.v20260203-2149\eclipse_11919.dll
Event: 3.509 Loaded shared library C:\Users\ASUS\AppData\Local\Temp\jna-2018896\jna16787471652717024821.dll

Deoptimization events (20 events):
Event: 5.217 Thread 0x00000208f97d91b0 Uncommon trap: trap_request=0xffffffc6 fr.pc=0x00000208a4aea154 relative=0x0000000000000f74
Event: 5.217 Thread 0x00000208f97d91b0 Uncommon trap: reason=bimorphic_or_optimized_type_check action=maybe_recompile pc=0x00000208a4aea154 method=java.util.Properties$LineReader.readLine()I @ 479 c2
Event: 5.217 Thread 0x00000208f97d91b0 DEOPT PACKING pc=0x00000208a4aea154 sp=0x0000004ff63fe510
Event: 5.217 Thread 0x00000208f97d91b0 DEOPT UNPACKING pc=0x00000208a42f3aa2 sp=0x0000004ff63fe4b0 mode 2
Event: 5.218 Thread 0x00000208f97d91b0 Uncommon trap: trap_request=0xffffffc6 fr.pc=0x00000208a4aea154 relative=0x0000000000000f74
Event: 5.218 Thread 0x00000208f97d91b0 Uncommon trap: reason=bimorphic_or_optimized_type_check action=maybe_recompile pc=0x00000208a4aea154 method=java.util.Properties$LineReader.readLine()I @ 479 c2
Event: 5.218 Thread 0x00000208f97d91b0 DEOPT PACKING pc=0x00000208a4aea154 sp=0x0000004ff63fe510
Event: 5.218 Thread 0x00000208f97d91b0 DEOPT UNPACKING pc=0x00000208a42f3aa2 sp=0x0000004ff63fe4b0 mode 2
Event: 5.218 Thread 0x00000208f97d91b0 Uncommon trap: trap_request=0xffffffc6 fr.pc=0x00000208a4aea154 relative=0x0000000000000f74
Event: 5.218 Thread 0x00000208f97d91b0 Uncommon trap: reason=bimorphic_or_optimized_type_check action=maybe_recompile pc=0x00000208a4aea154 method=java.util.Properties$LineReader.readLine()I @ 479 c2
Event: 5.218 Thread 0x00000208f97d91b0 DEOPT PACKING pc=0x00000208a4aea154 sp=0x0000004ff63fe510
Event: 5.218 Thread 0x00000208f97d91b0 DEOPT UNPACKING pc=0x00000208a42f3aa2 sp=0x0000004ff63fe4b0 mode 2
Event: 5.219 Thread 0x00000208f97d91b0 Uncommon trap: trap_request=0xffffffc6 fr.pc=0x00000208a4aea154 relative=0x0000000000000f74
Event: 5.219 Thread 0x00000208f97d91b0 Uncommon trap: reason=bimorphic_or_optimized_type_check action=maybe_recompile pc=0x00000208a4aea154 method=java.util.Properties$LineReader.readLine()I @ 479 c2
Event: 5.219 Thread 0x00000208f97d91b0 DEOPT PACKING pc=0x00000208a4aea154 sp=0x0000004ff63fe510
Event: 5.219 Thread 0x00000208f97d91b0 DEOPT UNPACKING pc=0x00000208a42f3aa2 sp=0x0000004ff63fe4b0 mode 2
Event: 5.225 Thread 0x00000208f9014f70 Uncommon trap: trap_request=0xffffff45 fr.pc=0x00000208a4b35018 relative=0x0000000000000b98
Event: 5.225 Thread 0x00000208f9014f70 Uncommon trap: reason=unstable_if action=reinterpret pc=0x00000208a4b35018 method=java.util.concurrent.ConcurrentHashMap.transfer([Ljava/util/concurrent/ConcurrentHashMap$Node;[Ljava/util/concurrent/ConcurrentHashMap$Node;)V @ 26 c2
Event: 5.225 Thread 0x00000208f9014f70 DEOPT PACKING pc=0x00000208a4b35018 sp=0x0000004ff59fb7f0
Event: 5.225 Thread 0x00000208f9014f70 DEOPT UNPACKING pc=0x00000208a42f3aa2 sp=0x0000004ff59fb750 mode 2

Classes loaded (20 events):
Event: 5.257 Loading class com/sun/org/apache/xml/internal/serializer/ElemContext
Event: 5.257 Loading class com/sun/org/apache/xml/internal/serializer/ElemContext done
Event: 5.257 Loading class com/sun/org/apache/xml/internal/serializer/ToStream$BoolStack
Event: 5.257 Loading class com/sun/org/apache/xml/internal/serializer/ToStream$BoolStack done
Event: 5.257 Loading class com/sun/org/apache/xml/internal/serializer/EncodingInfo
Event: 5.258 Loading class com/sun/org/apache/xml/internal/serializer/EncodingInfo done
Event: 5.258 Loading class com/sun/org/apache/xml/internal/serializer/ToStream$CharacterBuffer
Event: 5.258 Loading class com/sun/org/apache/xml/internal/serializer/ToStream$CharacterBuffer done
Event: 5.258 Loading class com/sun/org/apache/xml/internal/serializer/Encodings
Event: 5.258 Loading class com/sun/org/apache/xml/internal/serializer/Encodings done
Event: 5.258 Loading class com/sun/org/apache/xml/internal/serializer/Encodings$EncodingInfos
Event: 5.258 Loading class sun/net/www/protocol/https/Handler
Event: 5.258 Loading class com/sun/org/apache/xml/internal/serializer/Encodings$EncodingInfos done
Event: 5.258 Loading class sun/net/www/protocol/http/Handler
Event: 5.259 Loading class sun/net/www/protocol/http/Handler done
Event: 5.259 Loading class sun/net/www/protocol/https/Handler done
Event: 5.260 Loading class java/nio/charset/Charset$ExtendedProviderHolder
Event: 5.260 Loading class java/nio/charset/Charset$ExtendedProviderHolder done
Event: 5.260 Loading class java/nio/charset/Charset$ExtendedProviderHolder$1
Event: 5.260 Loading class java/nio/charset/Charset$ExtendedProviderHolder$1 done

Classes unloaded (7 events):
Event: 4.236 Thread 0x00000208f2b24ba0 Unloading class 0x00000208b21acc00 'java/lang/invoke/LambdaForm$MH+0x00000208b21acc00'
Event: 4.236 Thread 0x00000208f2b24ba0 Unloading class 0x00000208b21ac800 'java/lang/invoke/LambdaForm$MH+0x00000208b21ac800'
Event: 4.236 Thread 0x00000208f2b24ba0 Unloading class 0x00000208b21ac400 'java/lang/invoke/LambdaForm$MH+0x00000208b21ac400'
Event: 4.236 Thread 0x00000208f2b24ba0 Unloading class 0x00000208b21ac000 'java/lang/invoke/LambdaForm$MH+0x00000208b21ac000'
Event: 4.236 Thread 0x00000208f2b24ba0 Unloading class 0x00000208b21abc00 'java/lang/invoke/LambdaForm$BMH+0x00000208b21abc00'
Event: 4.236 Thread 0x00000208f2b24ba0 Unloading class 0x00000208b21ab800 'java/lang/invoke/LambdaForm$DMH+0x00000208b21ab800'
Event: 4.236 Thread 0x00000208f2b24ba0 Unloading class 0x00000208b21aa400 'java/lang/invoke/LambdaForm$DMH+0x00000208b21aa400'

Classes redefined (0 events):
No events

Internal exceptions (20 events):
Event: 5.267 Thread 0x00000208f97d91b0 Exception <a 'sun/nio/fs/WindowsException'{0x00000000d67bd658}> (0x00000000d67bd658) 
thrown [s\src\hotspot\share\prims\jni.cpp, line 520]
Event: 5.267 Thread 0x00000208f97d91b0 Exception <a 'sun/nio/fs/WindowsException'{0x00000000d67be230}> (0x00000000d67be230) 
thrown [s\src\hotspot\share\prims\jni.cpp, line 520]
Event: 5.268 Thread 0x00000208f97d91b0 Exception <a 'sun/nio/fs/WindowsException'{0x00000000d67bf090}> (0x00000000d67bf090) 
thrown [s\src\hotspot\share\prims\jni.cpp, line 520]
Event: 5.268 Thread 0x00000208f97d91b0 Exception <a 'sun/nio/fs/WindowsException'{0x00000000d67bfa18}> (0x00000000d67bfa18) 
thrown [s\src\hotspot\share\prims\jni.cpp, line 520]
Event: 5.269 Thread 0x00000208f97d91b0 Exception <a 'sun/nio/fs/WindowsException'{0x00000000d67c1838}> (0x00000000d67c1838) 
thrown [s\src\hotspot\share\prims\jni.cpp, line 520]
Event: 5.269 Thread 0x00000208f97d91b0 Exception <a 'sun/nio/fs/WindowsException'{0x00000000d67c21c0}> (0x00000000d67c21c0) 
thrown [s\src\hotspot\share\prims\jni.cpp, line 520]
Event: 5.270 Thread 0x00000208f97d91b0 Exception <a 'sun/nio/fs/WindowsException'{0x00000000d67c3700}> (0x00000000d67c3700) 
thrown [s\src\hotspot\share\prims\jni.cpp, line 520]
Event: 5.270 Thread 0x00000208f97d91b0 Exception <a 'sun/nio/fs/WindowsException'{0x00000000d67c4278}> (0x00000000d67c4278) 
thrown [s\src\hotspot\share\prims\jni.cpp, line 520]
Event: 5.271 Thread 0x00000208f97d91b0 Exception <a 'sun/nio/fs/WindowsException'{0x00000000d67c4f38}> (0x00000000d67c4f38) 
thrown [s\src\hotspot\share\prims\jni.cpp, line 520]
Event: 5.271 Thread 0x00000208f97d91b0 Exception <a 'sun/nio/fs/WindowsException'{0x00000000d67c5838}> (0x00000000d67c5838) 
thrown [s\src\hotspot\share\prims\jni.cpp, line 520]
Event: 5.272 Thread 0x00000208f97d91b0 Exception <a 'sun/nio/fs/WindowsException'{0x00000000d67c6558}> (0x00000000d67c6558) 
thrown [s\src\hotspot\share\prims\jni.cpp, line 520]
Event: 5.272 Thread 0x00000208f97d91b0 Exception <a 'sun/nio/fs/WindowsException'{0x00000000d67c6e58}> (0x00000000d67c6e58) 
thrown [s\src\hotspot\share\prims\jni.cpp, line 520]
Event: 5.273 Thread 0x00000208f97d91b0 Exception <a 'sun/nio/fs/WindowsException'{0x00000000d67c8998}> (0x00000000d67c8998) 
thrown [s\src\hotspot\share\prims\jni.cpp, line 520]
Event: 5.273 Thread 0x00000208f97d91b0 Exception <a 'sun/nio/fs/WindowsException'{0x00000000d67c9298}> (0x00000000d67c9298) 
thrown [s\src\hotspot\share\prims\jni.cpp, line 520]
Event: 5.275 Thread 0x00000208f97d91b0 Exception <a 'sun/nio/fs/WindowsException'{0x00000000d67cac58}> (0x00000000d67cac58) 
thrown [s\src\hotspot\share\prims\jni.cpp, line 520]
Event: 5.275 Thread 0x00000208f97d91b0 Exception <a 'sun/nio/fs/WindowsException'{0x00000000d67cb7a8}> (0x00000000d67cb7a8) 
thrown [s\src\hotspot\share\prims\jni.cpp, line 520]
Event: 5.276 Thread 0x00000208f97d91b0 Exception <a 'sun/nio/fs/WindowsException'{0x00000000d67cc918}> (0x00000000d67cc918) 
thrown [s\src\hotspot\share\prims\jni.cpp, line 520]
Event: 5.276 Thread 0x00000208f97d91b0 Exception <a 'sun/nio/fs/WindowsException'{0x00000000d67cd468}> (0x00000000d67cd468) 
thrown [s\src\hotspot\share\prims\jni.cpp, line 520]
Event: 5.276 Thread 0x00000208f97d91b0 Exception <a 'sun/nio/fs/WindowsException'{0x00000000d67ce638}> (0x00000000d67ce638) 
thrown [s\src\hotspot\share\prims\jni.cpp, line 520]
Event: 5.276 Thread 0x00000208f97d91b0 Exception <a 'sun/nio/fs/WindowsException'{0x00000000d67cf188}> (0x00000000d67cf188) 
thrown [s\src\hotspot\share\prims\jni.cpp, line 520]

ZGC Phase Switch (0 events):
No events

VM Operations (20 events):
Event: 3.786 Executing safepoint VM operation: ParallelGCFailedAllocation (Allocation Failure) done
Event: 4.212 Executing non-safepoint VM operation: HandshakeAllThreads (Deoptimize)
Event: 4.212 Executing non-safepoint VM operation: HandshakeAllThreads (Deoptimize) done
Event: 4.229 Executing safepoint VM operation: CollectForMetadataAllocation (Metadata GC Threshold)
Event: 4.266 Executing safepoint VM operation: CollectForMetadataAllocation (Metadata GC Threshold) done
Event: 4.266 Executing safepoint VM operation: CollectForMetadataAllocation (Metadata GC Threshold)
Event: 4.266 Executing safepoint VM operation: CollectForMetadataAllocation (Metadata GC Threshold) done
Event: 4.266 Executing safepoint VM operation: CollectForMetadataAllocation (Metadata GC Threshold)
Event: 4.266 Executing safepoint VM operation: CollectForMetadataAllocation (Metadata GC Threshold) done
Event: 4.469 Executing non-safepoint VM operation: HandshakeAllThreads (Deoptimize)
Event: 4.469 Executing non-safepoint VM operation: HandshakeAllThreads (Deoptimize) done
Event: 4.636 Executing safepoint VM operation: ParallelGCFailedAllocation (Allocation Failure)
Event: 4.638 Executing safepoint VM operation: ParallelGCFailedAllocation (Allocation Failure) done
Event: 4.865 Executing safepoint VM operation: ParallelGCFailedAllocation (Allocation Failure)
Event: 4.867 Executing safepoint VM operation: ParallelGCFailedAllocation (Allocation Failure) done
Event: 5.052 Executing safepoint VM operation: ParallelGCFailedAllocation (Allocation Failure)
Event: 5.053 Executing safepoint VM operation: ParallelGCFailedAllocation (Allocation Failure) done
Event: 5.170 Executing non-safepoint VM operation: HandshakeAllThreads (Deoptimize)
Event: 5.170 Executing non-safepoint VM operation: HandshakeAllThreads (Deoptimize) done
Event: 6.170 Executing safepoint VM operation: Cleanup

Memory protections (0 events):
No events

Nmethod flushes (0 events):
No events

Events (20 events):
Event: 0.040 Thread 0x0000020899c54080 Thread added: 0x00000208f2b24f50
Event: 0.078 Thread 0x00000208f2b24f50 Thread added: 0x00000208f2c27db0
Event: 0.087 Thread 0x00000208f2b2fc80 Thread added: 0x00000208f2c6e2e0
Event: 0.104 Thread 0x0000020899c54080 Thread added: 0x00000208f2d94330
Event: 0.143 Thread 0x00000208f2b24f50 Thread added: 0x00000208f2dc4330
Event: 0.143 Thread 0x00000208f2b24f50 Thread added: 0x00000208f2dc2ec0
Event: 0.334 Thread 0x0000020899c54080 Thread added: 0x00000208f2e9dc00
Event: 1.097 Thread 0x0000020899c54080 Thread added: 0x00000208f90a46b0
Event: 1.291 Thread 0x0000020899c54080 Thread added: 0x00000208f4bc2360
Event: 1.324 Thread 0x00000208f4bc2360 Thread added: 0x00000208f92de6c0
Event: 1.328 Thread 0x0000020899c54080 Thread added: 0x00000208f9014f70
Event: 1.802 Thread 0x00000208f9014f70 Thread added: 0x00000208f91fc650
Event: 2.338 Thread 0x00000208f9014f70 Thread added: 0x00000208f94e32d0
Event: 2.659 Thread 0x00000208f9014f70 Thread added: 0x00000208f95412f0
Event: 2.684 Thread 0x00000208f2c6e2e0 Thread exited: 0x00000208f2c6e2e0
Event: 3.540 Thread 0x00000208f9014f70 Thread added: 0x00000208f97d9840
Event: 3.581 Thread 0x00000208f9014f70 Thread added: 0x00000208f97dabf0
Event: 3.607 Thread 0x00000208f9014f70 Thread added: 0x00000208f97d91b0
Event: 3.808 Thread 0x00000208f97d91b0 Thread added: 0x00000208f97da560
Event: 5.144 Thread 0x00000208f9014f70 Thread added: 0x00000208f97d9ed0


Dynamic libraries:
0x00007ff73b560000 - 0x00007ff73b56e000 	c:\Users\ASUS\.vscode\extensions\redhat.java-1.53.0-win32-x64\jre\21.0.10-win32-x86_64\bin\java.exe
0x00007ff9e8e60000 - 0x00007ff9e90c9000 	C:\WINDOWS\SYSTEM32\ntdll.dll
0x00007ff9e7fd0000 - 0x00007ff9e8099000 	C:\WINDOWS\System32\KERNEL32.DLL
0x00007ff9e63e0000 - 0x00007ff9e67d3000 	C:\WINDOWS\System32\KERNELBASE.dll
0x00007ff9e6290000 - 0x00007ff9e63db000 	C:\WINDOWS\System32\ucrtbase.dll
0x00007ff9de650000 - 0x00007ff9de668000 	c:\Users\ASUS\.vscode\extensions\redhat.java-1.53.0-win32-x64\jre\21.0.10-win32-x86_64\bin\jli.dll
0x00007ff9df550000 - 0x00007ff9df56e000 	c:\Users\ASUS\.vscode\extensions\redhat.java-1.53.0-win32-x64\jre\21.0.10-win32-x86_64\bin\VCRUNTIME140.dll
0x00007ff9e7020000 - 0x00007ff9e71e4000 	C:\WINDOWS\System32\USER32.dll
0x00007ff9e6060000 - 0x00007ff9e6087000 	C:\WINDOWS\System32\win32u.dll
0x00007ff9cbc60000 - 0x00007ff9cbef3000 	C:\WINDOWS\WinSxS\amd64_microsoft.windows.common-controls_6595b64144ccf1df_6.0.26100.5074_none_3e0d6f78e32fd63f\COMCTL32.dll
0x00007ff9e7db0000 - 0x00007ff9e7ddb000 	C:\WINDOWS\System32\GDI32.dll
0x00007ff9e72b0000 - 0x00007ff9e7359000 	C:\WINDOWS\System32\msvcrt.dll
0x00007ff9e6950000 - 0x00007ff9e6a7d000 	C:\WINDOWS\System32\gdi32full.dll
0x00007ff9e67e0000 - 0x00007ff9e6883000 	C:\WINDOWS\System32\msvcp_win.dll
0x00007ff9e83e0000 - 0x00007ff9e840f000 	C:\WINDOWS\System32\IMM32.DLL
0x00007ff9e1190000 - 0x00007ff9e119c000 	c:\Users\ASUS\.vscode\extensions\redhat.java-1.53.0-win32-x64\jre\21.0.10-win32-x86_64\bin\vcruntime140_1.dll
0x00007ff96a310000 - 0x00007ff96a39d000 	c:\Users\ASUS\.vscode\extensions\redhat.java-1.53.0-win32-x64\jre\21.0.10-win32-x86_64\bin\msvcp140.dll
0x00007ff92e830000 - 0x00007ff92f5d1000 	c:\Users\ASUS\.vscode\extensions\redhat.java-1.53.0-win32-x64\jre\21.0.10-win32-x86_64\bin\server\jvm.dll
0x00007ff9e8200000 - 0x00007ff9e82b4000 	C:\WINDOWS\System32\ADVAPI32.dll
0x00007ff9e7c80000 - 0x00007ff9e7d26000 	C:\WINDOWS\System32\sechost.dll
0x00007ff9e82c0000 - 0x00007ff9e83d8000 	C:\WINDOWS\System32\RPCRT4.dll
0x00007ff9e6c10000 - 0x00007ff9e6c84000 	C:\WINDOWS\System32\WS2_32.dll
0x00007ff9e5e20000 - 0x00007ff9e5e7e000 	C:\WINDOWS\SYSTEM32\POWRPROF.dll
0x00007ff9d9500000 - 0x00007ff9d9535000 	C:\WINDOWS\SYSTEM32\WINMM.dll
0x00007ff9deea0000 - 0x00007ff9deeab000 	C:\WINDOWS\SYSTEM32\VERSION.dll
0x00007ff9e5e00000 - 0x00007ff9e5e14000 	C:\WINDOWS\SYSTEM32\UMPDC.dll
0x00007ff9e4d60000 - 0x00007ff9e4d7b000 	C:\WINDOWS\SYSTEM32\kernel.appcore.dll
0x00007ff9e0fa0000 - 0x00007ff9e0faa000 	c:\Users\ASUS\.vscode\extensions\redhat.java-1.53.0-win32-x64\jre\21.0.10-win32-x86_64\bin\jimage.dll
0x00007ff9d7bc0000 - 0x00007ff9d7e02000 	C:\WINDOWS\SYSTEM32\DBGHELP.DLL
0x00007ff9e7460000 - 0x00007ff9e77db000 	C:\WINDOWS\System32\combase.dll
0x00007ff9e85c0000 - 0x00007ff9e8697000 	C:\WINDOWS\System32\OLEAUT32.dll
0x00007ff9cc330000 - 0x00007ff9cc36d000 	C:\WINDOWS\SYSTEM32\dbgcore.DLL
0x00007ff9e5fc0000 - 0x00007ff9e6059000 	C:\WINDOWS\System32\bcryptPrimitives.dll
0x00007ff9de3e0000 - 0x00007ff9de3ef000 	c:\Users\ASUS\.vscode\extensions\redhat.java-1.53.0-win32-x64\jre\21.0.10-win32-x86_64\bin\instrument.dll
0x00007ff9de2d0000 - 0x00007ff9de2f0000 	c:\Users\ASUS\.vscode\extensions\redhat.java-1.53.0-win32-x64\jre\21.0.10-win32-x86_64\bin\java.dll
0x00007ff9e86a0000 - 0x00007ff9e8ded000 	C:\WINDOWS\System32\SHELL32.dll
0x00007ff9e6090000 - 0x00007ff9e61fc000 	C:\WINDOWS\System32\wintypes.dll
0x00007ff9e3bd0000 - 0x00007ff9e4429000 	C:\WINDOWS\SYSTEM32\windows.storage.dll
0x00007ff9e84c0000 - 0x00007ff9e85b0000 	C:\WINDOWS\System32\SHCORE.dll
0x00007ff9e8190000 - 0x00007ff9e81f2000 	C:\WINDOWS\System32\shlwapi.dll
0x00007ff9e5ee0000 - 0x00007ff9e5f09000 	C:\WINDOWS\SYSTEM32\profapi.dll
0x00007ff9de2b0000 - 0x00007ff9de2c8000 	c:\Users\ASUS\.vscode\extensions\redhat.java-1.53.0-win32-x64\jre\21.0.10-win32-x86_64\bin\zip.dll
0x00007ff9df540000 - 0x00007ff9df550000 	C:\Users\ASUS\.vscode\extensions\redhat.java-1.53.0-win32-x64\jre\21.0.10-win32-x86_64\bin\net.dll
0x00007ff9df300000 - 0x00007ff9df41f000 	C:\WINDOWS\SYSTEM32\WINHTTP.dll
0x00007ff9e52c0000 - 0x00007ff9e532b000 	C:\WINDOWS\system32\mswsock.dll
0x00007ff9cf4d0000 - 0x00007ff9cf4e6000 	C:\Users\ASUS\.vscode\extensions\redhat.java-1.53.0-win32-x64\jre\21.0.10-win32-x86_64\bin\nio.dll
0x00007ff9de3d0000 - 0x00007ff9de3e0000 	c:\Users\ASUS\.vscode\extensions\redhat.java-1.53.0-win32-x64\jre\21.0.10-win32-x86_64\bin\verify.dll
0x00007ff96f3a0000 - 0x00007ff96f3e5000 	C:\Users\ASUS\AppData\Roaming\Code\User\globalStorage\redhat.java\1.53.0\config_win\org.eclipse.equinox.launcher\org.eclipse.equinox.launcher.win32.win32.x86_64_1.3.0.v20260203-2149\eclipse_11919.dll
0x00007ff9e7e30000 - 0x00007ff9e7fc8000 	C:\WINDOWS\System32\ole32.dll
0x00007ff9e5690000 - 0x00007ff9e56ab000 	C:\WINDOWS\SYSTEM32\CRYPTSP.dll
0x00007ff9e4cc0000 - 0x00007ff9e4cfb000 	C:\WINDOWS\system32\rsaenh.dll
0x00007ff9e5360000 - 0x00007ff9e538b000 	C:\WINDOWS\SYSTEM32\USERENV.dll
0x00007ff9e5eb0000 - 0x00007ff9e5ed6000 	C:\WINDOWS\SYSTEM32\bcrypt.dll
0x00007ff9e54f0000 - 0x00007ff9e54fc000 	C:\WINDOWS\SYSTEM32\CRYPTBASE.dll
0x00007ff9e4800000 - 0x00007ff9e4834000 	C:\WINDOWS\SYSTEM32\IPHLPAPI.DLL
0x00007ff9e6ea0000 - 0x00007ff9e6eaa000 	C:\WINDOWS\System32\NSI.dll
0x00007ff96b380000 - 0x00007ff96b3c9000 	C:\Users\ASUS\AppData\Local\Temp\jna-2018896\jna16787471652717024821.dll
0x00007ff9e77e0000 - 0x00007ff9e77e8000 	C:\WINDOWS\System32\PSAPI.DLL

JVMTI agents:
c:\Users\ASUS\.vscode\extensions\redhat.java-1.53.0-win32-x64\lombok\lombok-1.18.39-4050.jar path:c:\Users\ASUS\.vscode\extensions\redhat.java-1.53.0-win32-x64\jre\21.0.10-win32-x86_64\bin\instrument.dll, loaded, initialized, instrumentlib options:none

dbghelp: loaded successfully - version: 4.0.5 - missing functions: none
symbol engine: initialized successfully - sym options: 0x614 - pdb path: .;c:\Users\ASUS\.vscode\extensions\redhat.java-1.53.0-win32-x64\jre\21.0.10-win32-x86_64\bin;C:\WINDOWS\SYSTEM32;C:\WINDOWS\WinSxS\amd64_microsoft.windows.common-controls_6595b64144ccf1df_6.0.26100.5074_none_3e0d6f78e32fd63f;c:\Users\ASUS\.vscode\extensions\redhat.java-1.53.0-win32-x64\jre\21.0.10-win32-x86_64\bin\server;C:\Users\ASUS\AppData\Roaming\Code\User\globalStorage\redhat.java\1.53.0\config_win\org.eclipse.equinox.launcher\org.eclipse.equinox.launcher.win32.win32.x86_64_1.3.0.v20260203-2149;C:\Users\ASUS\AppData\Local\Temp\jna-2018896

VM Arguments:
jvm_args: --add-modules=ALL-SYSTEM --add-opens=java.base/java.util=ALL-UNNAMED --add-opens=java.base/java.lang=ALL-UNNAMED --add-opens=java.base/sun.nio.fs=ALL-UNNAMED -Declipse.application=org.eclipse.jdt.ls.core.id1 -Dosgi.bundles.defaultStartLevel=4 -Declipse.product=org.eclipse.jdt.ls.core.product -Djava.import.generatesMetadataFilesAtProjectRoot=false -DDetectVMInstallationsJob.disabled=true -Dfile.encoding=utf8 -XX:+UseParallelGC -XX:GCTimeRatio=4 -XX:AdaptiveSizePolicyWeight=90 -Dsun.zip.disableMemoryMapping=true -Xmx2G -Xms100m -Xlog:disable -javaagent:c:\Users\ASUS\.vscode\extensions\redhat.java-1.53.0-win32-x64\lombok\lombok-1.18.39-4050.jar -XX:+HeapDumpOnOutOfMemoryError -XX:HeapDumpPath=c:\Users\ASUS\AppData\Roaming\Code\User\workspaceStorage\072664e477a3092332c4219defd89c4c\redhat.java -Daether.dependencyCollector.impl=bf 
java_command: c:\Users\ASUS\.vscode\extensions\redhat.java-1.53.0-win32-x64\server\plugins\org.eclipse.equinox.launcher_1.7.100.v20251111-0406.jar -configuration c:\Users\ASUS\AppData\Roaming\Code\User\globalStorage\redhat.java\1.53.0\config_win -data c:\Users\ASUS\AppData\Roaming\Code\User\workspaceStorage\072664e477a3092332c4219defd89c4c\redhat.java\jdt_ws --pipe=\\.\pipe\lsp-e6f0c8503c935574ae0c6547ddb2a03a-sock
java_class_path (initial): c:\Users\ASUS\.vscode\extensions\redhat.java-1.53.0-win32-x64\server\plugins\org.eclipse.equinox.launcher_1.7.100.v20251111-0406.jar
Launcher Type: SUN_STANDARD

[Global flags]
    uintx AdaptiveSizePolicyWeight                 = 90                                        {product} {command line}
     intx CICompilerCount                          = 12                                        {product} {ergonomic}
    uintx GCTimeRatio                              = 4                                         {product} {command line}
     bool HeapDumpOnOutOfMemoryError               = true                                   {manageable} {command line}
    ccstr HeapDumpPath                             = c:\Users\ASUS\AppData\Roaming\Code\User\workspaceStorage\072664e477a3092332c4219defd89c4c\redhat.java         {manageable} {command line}
   size_t InitialHeapSize                          = 104857600                                 {product} {command line}
   size_t MaxHeapSize                              = 2147483648                                {product} {command line}
   size_t MaxNewSize                               = 715653120                                 {product} {ergonomic}
   size_t MinHeapDeltaBytes                        = 524288                                    {product} {ergonomic}
   size_t MinHeapSize                              = 104857600                                 {product} {command line}
   size_t NewSize                                  = 34603008                                  {product} {ergonomic}
    uintx NonNMethodCodeHeapSize                   = 7602480                                {pd product} {ergonomic}
    uintx NonProfiledCodeHeapSize                  = 122027880                              {pd product} {ergonomic}
   size_t OldSize                                  = 70254592                                  {product} {ergonomic}
    uintx ProfiledCodeHeapSize                     = 122027880                              {pd product} {ergonomic}
    uintx ReservedCodeCacheSize                    = 251658240                              {pd product} {ergonomic}
     bool SegmentedCodeCache                       = true                                      {product} {ergonomic}
   size_t SoftMaxHeapSize                          = 2147483648                             {manageable} {ergonomic}
     bool UseCompressedOops                        = true                           {product lp64_product} {ergonomic}
     bool UseLargePagesIndividualAllocation        = false                                  {pd product} {ergonomic}
     bool UseParallelGC                            = true                                      {product} {command line}

Logging:
Log output configuration:
 #0: stdout all=off uptime,level,tags foldmultilines=false
 #1: stderr all=off uptime,level,tags foldmultilines=false

Release file:
JAVA_VERSION="21.0.10" 
MODULES="java.base java.compiler java.datatransfer java.xml java.prefs java.desktop java.instrument java.logging java.management java.security.sasl java.naming java.rmi java.management.rmi java.net.http java.scripting java.security.jgss java.transaction.xa java.sql java.sql.rowset java.xml.crypto java.se java.smartcardio jdk.accessibility jdk.internal.jvmstat jdk.attach jdk.charsets jdk.internal.opt jdk.zipfs jdk.compiler jdk.crypto.ec jdk.crypto.cryptoki jdk.crypto.mscapi jdk.dynalink jdk.internal.ed jdk.editpad jdk.hotspot.agent jdk.httpserver jdk.internal.le jdk.internal.vm.ci jdk.internal.vm.compiler jdk.internal.vm.compiler.management jdk.jartool jdk.javadoc jdk.jcmd jdk.management jdk.management.agent jdk.jconsole jdk.jdeps jdk.jdwp.agent jdk.jdi jdk.jfr jdk.jshell jdk.jsobject jdk.jstatd jdk.localedata jdk.management.jfr jdk.naming.dns jdk.naming.rmi jdk.net jdk.nio.mapmode jdk.random jdk.sctp jdk.security.auth jdk.security.jgss jdk.unsupported jdk.unsupported.desktop jdk.xml.dom" 

Environment Variables:
PATH=C:\Visaul Studio\Microsoft VS Code;C:\Program Files\Java\jdk-25\bin;C:\Program Files\Python313\Scripts\;C:\Program Files\Python313\;C:\Program Files (x86)\VMware\VMware Workstation\bin\;C:\WINDOWS\system32;C:\WINDOWS;C:\WINDOWS\System32\Wbem;C:\WINDOWS\System32\WindowsPowerShell\v1.0\;C:\WINDOWS\System32\OpenSSH\;C:\Program Files\NVIDIA Corporation\NVIDIA App\NvDLISR;C:\Program Files (x86)\NVIDIA Corporation\PhysX\Common;C:\Program Files\dotnet\;C:\php-8.4.7;C:\ProgramData\ComposerSetup\bin;C:\Program Files\nodejs\;C:\Program Files\Git\cmd;C:\Program Files\MongoDB\Server\8.2\bin;C:\Program Files\Java\jdk-25\;;C:\ProgramData\chocolatey\bin;C:\Program Files\Microsoft SQL Server\150\Tools\Binn\;C:\Program Files\Microsoft SQL Server\Client SDK\ODBC\170\Tools\Binn\;C:\Program Files\Microsoft SQL Server\170\DTS\Binn\;C:\Program Files\Docker\Docker\resources\bin;c:\Users\ASUS\AppData\Local\Programs\cursor\resources\app\codeBin;C:\Program Files\Java\jdk-25\bin;C:\Users\ASUS\AppData\Local\Microsoft\WindowsApps;C:\Visaul Studio\Microsoft VS Code\bin;C:\Users\ASUS\AppData\Local\Programs\Azure Data Studio\bin;C:\Program Files\Azure Data Studio\bin;C:\Users\ASUS\AppData\Local\GitHubDesktop\bin;C:\Users\ASUS\AppData\Roaming\Composer\vendor\bin;C:\Users\ASUS\AppData\Roaming\npm;C:\Program Files\mongosh\;C:\Program Files\IntelliJ IDEA 2025.2.3\bin;C:\Program Files\JetBrains\WebStorm 2025.2.3\bin;C:\Program Files (x86)\Microsoft Visual Studio\Shared\NuGetPackages\microsoft.visualstudio.javascript.sdk;C:\Program Files\Java\jdk-25\;C:\Users\ASUS\.dotnet\tools;C:\Users\ASUS\AppData\Local\Microsoft\WinGet\Links;C:\Users\ASUS\AppData\Local\Programs\Antigravity\bin;C:\Users\ASUS\AppData\Local\Programs\cursor\resources\app\bin
USERNAME=ASUS
OS=Windows_NT
PROCESSOR_IDENTIFIER=AMD64 Family 25 Model 68 Stepping 1, AuthenticAMD
TMP=C:\Users\ASUS\AppData\Local\Temp
TEMP=C:\Users\ASUS\AppData\Local\Temp




Periodic native trim disabled

---------------  S Y S T E M  ---------------

OS:
 Windows 11 , 64 bit Build 26100 (10.0.26100.5074)
OS uptime: 0 days 1:37 hours
Hyper-V role detected

CPU: total 16 (initial active 16) (16 cores per cpu, 2 threads per core) family 25 model 68 stepping 1 microcode 0xa404107, cx8, cmov, fxsr, ht, mmx, 3dnowpref, sse, sse2, sse3, ssse3, sse4a, sse4.1, sse4.2, popcnt, lzcnt, tsc, tscinvbit, avx, avx2, aes, erms, clmul, bmi1, bmi2, adx, sha, fma, vzeroupper, clflush, clflushopt, hv, rdtscp, rdpid, fsrm, f16c, cet_ss
Processor Information for the first 16 processors :
  Max Mhz: 3100, Current Mhz: 3100, Mhz Limit: 3100

Memory: 4k page, system-wide physical 8010M (405M free)
TotalPageFile size 24394M (AvailPageFile size 13M)
current process WorkingSet (physical memory assigned to process): 169M, peak: 171M
current process commit charge ("private bytes"): 312M, peak: 316M

vm_info: OpenJDK 64-Bit Server VM (21.0.10+7-LTS) for windows-amd64 JRE (21.0.10+7-LTS), built on 2026-01-20T00:00:00Z by "admin" with MS VC++ 17.12 (VS2022)

END.
