#
# There is insufficient memory for the Java Runtime Environment to continue.
# Native memory allocation (malloc) failed to allocate 1399744 bytes. Error detail: Chunk::new
# Possible reasons:
#   The system is out of physical RAM or swap space
#   This process is running with CompressedOops enabled, and the Java Heap may be blocking the growth of the native heap
# Possible solutions:
#   Reduce memory load on the system
#   Increase physical memory or swap space
#   Check if swap backing store is full
#   Decrease Java heap size (-Xmx/-Xms)
#   Decrease number of Java threads
#   Decrease Java thread stack sizes (-Xss)
#   Set larger code cache with -XX:ReservedCodeCacheSize=
#   JVM is running with Unscaled Compressed Oops mode in which the Java heap is
#     placed in the first 4GB address space. The Java Heap base address is the
#     maximum limit for the native heap growth. Please use -XX:HeapBaseMinAddress
#     to set the Java Heap base and to place the Java Heap above 4GB virtual address.
# This output file may be truncated or incomplete.
#
#  Out of Memory Error (arena.cpp:168), pid=22744, tid=14028
#
# JRE version: OpenJDK Runtime Environment Temurin-21.0.10+7 (21.0.10+7) (build 21.0.10+7-LTS)
# Java VM: OpenJDK 64-Bit Server VM Temurin-21.0.10+7 (21.0.10+7-LTS, mixed mode, sharing, tiered, compressed oops, compressed class ptrs, parallel gc, windows-amd64)
# No core dump will be written. Minidumps are not enabled by default on client versions of Windows
#

---------------  S U M M A R Y ------------

Command Line: --add-modules=ALL-SYSTEM --add-opens=java.base/java.util=ALL-UNNAMED --add-opens=java.base/java.lang=ALL-UNNAMED --add-opens=java.base/sun.nio.fs=ALL-UNNAMED -Declipse.application=org.eclipse.jdt.ls.core.id1 -Dosgi.bundles.defaultStartLevel=4 -Declipse.product=org.eclipse.jdt.ls.core.product -Djava.import.generatesMetadataFilesAtProjectRoot=false -DDetectVMInstallationsJob.disabled=true -Dfile.encoding=utf8 -XX:+UseParallelGC -XX:GCTimeRatio=4 -XX:AdaptiveSizePolicyWeight=90 -Dsun.zip.disableMemoryMapping=true -Xmx2G -Xms100m -Xlog:disable -javaagent:c:\Users\ASUS\.vscode\extensions\redhat.java-1.53.0-win32-x64\lombok\lombok-1.18.39-4050.jar -XX:+HeapDumpOnOutOfMemoryError -XX:HeapDumpPath=c:\Users\ASUS\AppData\Roaming\Code\User\workspaceStorage\072664e477a3092332c4219defd89c4c\redhat.java -Daether.dependencyCollector.impl=bf c:\Users\ASUS\.vscode\extensions\redhat.java-1.53.0-win32-x64\server\plugins\org.eclipse.equinox.launcher_1.7.100.v20251111-0406.jar -configuration c:\Users\ASUS\AppData\Roaming\Code\User\globalStorage\redhat.java\1.53.0\config_win -data c:\Users\ASUS\AppData\Roaming\Code\User\workspaceStorage\072664e477a3092332c4219defd89c4c\redhat.java\jdt_ws --pipe=\\.\pipe\lsp-50fbeeca7b4af9363ab63aac1729ba25-sock

Host: AMD Ryzen 7 7435HS                             , 16 cores, 7G,  Windows 11 , 64 bit Build 26100 (10.0.26100.5074)
Time: Tue Mar 31 17:50:03 2026 SE Asia Standard Time elapsed time: 21.140769 seconds (0d 0h 0m 21s)

---------------  T H R E A D  ---------------

Current thread (0x000001b56b1f2630):  JavaThread "C2 CompilerThread1" daemon [_thread_in_native, id=14028, stack(0x0000008a95d00000,0x0000008a95e00000) (1024K)]


Current CompileTask:
C2:21140 15129 % !   4       org.eclipse.jdt.internal.compiler.classfmt.ClassFileReader::<init> @ 81 (1968 bytes)

Stack: [0x0000008a95d00000,0x0000008a95e00000]
Native frames: (J=compiled Java code, j=interpreted, Vv=VM code, C=native code)
V  [jvm.dll+0x6d7a39]
V  [jvm.dll+0x8b4b26]
V  [jvm.dll+0x8b70de]
V  [jvm.dll+0x8b77c3]
V  [jvm.dll+0x284346]
V  [jvm.dll+0xc66ed]
V  [jvm.dll+0xc6c31]
V  [jvm.dll+0x3bec3b]
V  [jvm.dll+0x38b162]
V  [jvm.dll+0x38a5aa]
V  [jvm.dll+0x24c560]
V  [jvm.dll+0x24bb40]
V  [jvm.dll+0x1cb34e]
V  [jvm.dll+0x25b85d]
V  [jvm.dll+0x259dea]
V  [jvm.dll+0x3f857e]
V  [jvm.dll+0x85f59d]
V  [jvm.dll+0x6d626d]
C  [ucrtbase.dll+0x37b0]
C  [KERNEL32.DLL+0x2e8d7]
C  [ntdll.dll+0x8d9c]


---------------  P R O C E S S  ---------------

Threads class SMR info:
_java_thread_list=0x000001b566825b90, length=108, elements={
0x000001b50bf64080, 0x000001b50c0043e0, 0x000001b50bf0d920, 0x000001b50c007260,
0x000001b50c007ec0, 0x000001b50c00aa30, 0x000001b50c00b490, 0x000001b50c011890,
0x000001b564d859b0, 0x000001b564f43d10, 0x000001b56509fd70, 0x000001b566c58ed0,
0x000001b56681b680, 0x000001b56b03a020, 0x000001b56b03b9a0, 0x000001b56b663d60,
0x000001b56b3e5aa0, 0x000001b56b623f40, 0x000001b56ba17e90, 0x000001b56b1f2630,
0x000001b56ba18520, 0x000001b56ba18bb0, 0x000001b56ba19240, 0x000001b56ba1a5f0,
0x000001b56ba17800, 0x000001b56ba198d0, 0x000001b56bcc6770, 0x000001b56bcc8ed0,
0x000001b56bcc6e00, 0x000001b56bcc60e0, 0x000001b56bcca910, 0x000001b56bcc7490,
0x000001b56bcc8840, 0x000001b56bcc7b20, 0x000001b56bccafa0, 0x000001b56bccb630,
0x000001b56bcc9560, 0x000001b56bcc81b0, 0x000001b56bccc9e0, 0x000001b56bcc9bf0,
0x000001b56bccd070, 0x000001b56bcca280, 0x000001b56bccbcc0, 0x000001b56bccc350,
0x000001b56bccd700, 0x000001b56bb417d0, 0x000001b56bb41e60, 0x000001b56bb3fd90,
0x000001b56bb40420, 0x000001b56bb424f0, 0x000001b56bb40ab0, 0x000001b56bb41140,
0x000001b56bb3f070, 0x000001b56bb42b80, 0x000001b56bb3f700, 0x000001b56bb44c50,
0x000001b56bb45970, 0x000001b56bb43210, 0x000001b56bb438a0, 0x000001b56bb452e0,
0x000001b56bb46000, 0x000001b56bb43f30, 0x000001b56bb445c0, 0x000001b576bb7ea0,
0x000001b576bb5dd0, 0x000001b576bb7810, 0x000001b576bb98e0, 0x000001b576bb8530,
0x000001b576bb8bc0, 0x000001b576bb9250, 0x000001b576bb6460, 0x000001b576bb9f70,
0x000001b576bb6af0, 0x000001b576bba600, 0x000001b576bb7180, 0x000001b576bbc040,
0x000001b576bbb320, 0x000001b576bbac90, 0x000001b576bbc6d0, 0x000001b576bbcd60,
0x000001b576bbb9b0, 0x000001b576bbd3f0, 0x000001b56dfbe6e0, 0x000001b56dfbe050,
0x000001b56dfbf400, 0x000001b56dfc14d0, 0x000001b56dfc07b0, 0x000001b56dfbfa90,
0x000001b56dfc0120, 0x000001b56dfc0e40, 0x000001b56dfc1b60, 0x000001b56b1f1f60,
0x000001b56dfc4fe0, 0x000001b56dfc2880, 0x000001b56dfc2f10, 0x000001b56dfc35a0,
0x000001b5791cc780, 0x000001b5791cba60, 0x000001b5791ce1c0, 0x000001b5791cce10,
0x000001b5791cd4a0, 0x000001b5791cb3d0, 0x000001b5791ceee0, 0x000001b5791cdb30,
0x000001b5791ce850, 0x000001b5791cc0f0, 0x000001b5791d0920, 0x000001b5791d0fb0
}

Java Threads: ( => current thread )
  0x000001b50bf64080 JavaThread "main"                              [_thread_blocked, id=15116, stack(0x0000008a93800000,0x0000008a93900000) (1024K)]
  0x000001b50c0043e0 JavaThread "Reference Handler"          daemon [_thread_blocked, id=11584, stack(0x0000008a93c00000,0x0000008a93d00000) (1024K)]
  0x000001b50bf0d920 JavaThread "Finalizer"                  daemon [_thread_blocked, id=36764, stack(0x0000008a93d00000,0x0000008a93e00000) (1024K)]
  0x000001b50c007260 JavaThread "Signal Dispatcher"          daemon [_thread_blocked, id=2000, stack(0x0000008a93e00000,0x0000008a93f00000) (1024K)]
  0x000001b50c007ec0 JavaThread "Attach Listener"            daemon [_thread_blocked, id=37988, stack(0x0000008a93f00000,0x0000008a94000000) (1024K)]
  0x000001b50c00aa30 JavaThread "Service Thread"             daemon [_thread_blocked, id=32084, stack(0x0000008a94000000,0x0000008a94100000) (1024K)]
  0x000001b50c00b490 JavaThread "Monitor Deflation Thread"   daemon [_thread_blocked, id=37872, stack(0x0000008a94100000,0x0000008a94200000) (1024K)]
  0x000001b50c011890 JavaThread "C2 CompilerThread0"         daemon [_thread_blocked, id=39232, stack(0x0000008a94200000,0x0000008a94300000) (1024K)]
  0x000001b564d859b0 JavaThread "C1 CompilerThread0"         daemon [_thread_blocked, id=33552, stack(0x0000008a94300000,0x0000008a94400000) (1024K)]
  0x000001b564f43d10 JavaThread "Common-Cleaner"             daemon [_thread_blocked, id=34072, stack(0x0000008a94400000,0x0000008a94500000) (1024K)]
  0x000001b56509fd70 JavaThread "Notification Thread"        daemon [_thread_blocked, id=35140, stack(0x0000008a94500000,0x0000008a94600000) (1024K)]
  0x000001b566c58ed0 JavaThread "Active Thread: Equinox Container: 30d7276a-1415-4b86-ac21-6d7e46daabc5"        [_thread_blocked, id=35644, stack(0x0000008a94c00000,0x0000008a94d00000) (1024K)]
  0x000001b56681b680 JavaThread "Refresh Thread: Equinox Container: 30d7276a-1415-4b86-ac21-6d7e46daabc5" daemon [_thread_blocked, id=3288, stack(0x0000008a95100000,0x0000008a95200000) (1024K)]
  0x000001b56b03a020 JavaThread "Framework Event Dispatcher: Equinox Container: 30d7276a-1415-4b86-ac21-6d7e46daabc5" daemon [_thread_blocked, id=23476, stack(0x0000008a95200000,0x0000008a95300000) (1024K)]
  0x000001b56b03b9a0 JavaThread "Start Level: Equinox Container: 30d7276a-1415-4b86-ac21-6d7e46daabc5" daemon [_thread_blocked, id=11916, stack(0x0000008a95300000,0x0000008a95400000) (1024K)]
  0x000001b56b663d60 JavaThread "Bundle File Closer"         daemon [_thread_blocked, id=38496, stack(0x0000008a95700000,0x0000008a95800000) (1024K)]
  0x000001b56b3e5aa0 JavaThread "SCR Component Actor"        daemon [_thread_blocked, id=38300, stack(0x0000008a95800000,0x0000008a95900000) (1024K)]
  0x000001b56b623f40 JavaThread "Worker-JM"                         [_thread_blocked, id=34160, stack(0x0000008a94d00000,0x0000008a94e00000) (1024K)]
  0x000001b56ba17e90 JavaThread "JNA Cleaner"                daemon [_thread_blocked, id=5368, stack(0x0000008a95b00000,0x0000008a95c00000) (1024K)]
=>0x000001b56b1f2630 JavaThread "C2 CompilerThread1"         daemon [_thread_in_native, id=14028, stack(0x0000008a95d00000,0x0000008a95e00000) (1024K)]
  0x000001b56ba18520 JavaThread "Worker-0: Publish Diagnostics"        [_thread_blocked, id=14408, stack(0x0000008a95e00000,0x0000008a95f00000) (1024K)]
  0x000001b56ba18bb0 JavaThread "Worker-1"                          [_thread_blocked, id=33136, stack(0x0000008a95f00000,0x0000008a96000000) (1024K)]
  0x000001b56ba19240 JavaThread "Worker-2"                          [_thread_blocked, id=35588, stack(0x0000008a96000000,0x0000008a96100000) (1024K)]
  0x000001b56ba1a5f0 JavaThread "Java indexing"              daemon [_thread_blocked, id=25260, stack(0x0000008a96100000,0x0000008a96200000) (1024K)]
  0x000001b56ba17800 JavaThread "Worker-3"                          [_thread_blocked, id=34112, stack(0x0000008a96200000,0x0000008a96300000) (1024K)]
  0x000001b56ba198d0 JavaThread "Worker-4: Initialize workspace"        [_thread_blocked, id=35060, stack(0x0000008a96300000,0x0000008a96400000) (1024K)]
  0x000001b56bcc6770 JavaThread "Thread-1"                   daemon [_thread_in_native, id=10204, stack(0x0000008a96700000,0x0000008a96800000) (1024K)]
  0x000001b56bcc8ed0 JavaThread "Thread-2"                   daemon [_thread_in_native, id=10208, stack(0x0000008a96800000,0x0000008a96900000) (1024K)]
  0x000001b56bcc6e00 JavaThread "Thread-3"                   daemon [_thread_in_native, id=33808, stack(0x0000008a96900000,0x0000008a96a00000) (1024K)]
  0x000001b56bcc60e0 JavaThread "Thread-4"                   daemon [_thread_in_native, id=11900, stack(0x0000008a96a00000,0x0000008a96b00000) (1024K)]
  0x000001b56bcca910 JavaThread "Thread-5"                   daemon [_thread_in_native, id=40528, stack(0x0000008a96b00000,0x0000008a96c00000) (1024K)]
  0x000001b56bcc7490 JavaThread "Thread-6"                   daemon [_thread_in_native, id=31208, stack(0x0000008a96c00000,0x0000008a96d00000) (1024K)]
  0x000001b56bcc8840 JavaThread "Thread-7"                   daemon [_thread_in_native, id=4192, stack(0x0000008a96d00000,0x0000008a96e00000) (1024K)]
  0x000001b56bcc7b20 JavaThread "Thread-8"                   daemon [_thread_in_native, id=35416, stack(0x0000008a96e00000,0x0000008a96f00000) (1024K)]
  0x000001b56bccafa0 JavaThread "Thread-9"                   daemon [_thread_in_native, id=38072, stack(0x0000008a96f00000,0x0000008a97000000) (1024K)]
  0x000001b56bccb630 JavaThread "Thread-10"                  daemon [_thread_in_native, id=17584, stack(0x0000008a97000000,0x0000008a97100000) (1024K)]
  0x000001b56bcc9560 JavaThread "Thread-11"                  daemon [_thread_in_native, id=9280, stack(0x0000008a97100000,0x0000008a97200000) (1024K)]
  0x000001b56bcc81b0 JavaThread "Thread-12"                  daemon [_thread_in_native, id=39972, stack(0x0000008a97200000,0x0000008a97300000) (1024K)]
  0x000001b56bccc9e0 JavaThread "Thread-13"                  daemon [_thread_in_native, id=10212, stack(0x0000008a97300000,0x0000008a97400000) (1024K)]
  0x000001b56bcc9bf0 JavaThread "Thread-14"                  daemon [_thread_in_native, id=8808, stack(0x0000008a97400000,0x0000008a97500000) (1024K)]
  0x000001b56bccd070 JavaThread "Thread-15"                  daemon [_thread_in_native, id=14872, stack(0x0000008a97500000,0x0000008a97600000) (1024K)]
  0x000001b56bcca280 JavaThread "Thread-16"                  daemon [_thread_in_native, id=37236, stack(0x0000008a97600000,0x0000008a97700000) (1024K)]
  0x000001b56bccbcc0 JavaThread "Thread-17"                  daemon [_thread_in_native, id=29468, stack(0x0000008a97700000,0x0000008a97800000) (1024K)]
  0x000001b56bccc350 JavaThread "pool-2-thread-1"                   [_thread_blocked, id=31040, stack(0x0000008a97800000,0x0000008a97900000) (1024K)]
  0x000001b56bccd700 JavaThread "WorkspaceEventsHandler"            [_thread_blocked, id=13016, stack(0x0000008a97900000,0x0000008a97a00000) (1024K)]
  0x000001b56bb417d0 JavaThread "pool-1-thread-1"                   [_thread_blocked, id=29700, stack(0x0000008a97a00000,0x0000008a97b00000) (1024K)]
  0x000001b56bb41e60 JavaThread "ForkJoinPool.commonPool-worker-1" daemon [_thread_blocked, id=37468, stack(0x0000008a97b00000,0x0000008a97c00000) (1024K)]
  0x000001b56bb3fd90 JavaThread "ForkJoinPool.commonPool-worker-2" daemon [_thread_blocked, id=17996, stack(0x0000008a97c00000,0x0000008a97d00000) (1024K)]
  0x000001b56bb40420 JavaThread "ForkJoinPool.commonPool-worker-3" daemon [_thread_blocked, id=15156, stack(0x0000008a97d00000,0x0000008a97e00000) (1024K)]
  0x000001b56bb424f0 JavaThread "ForkJoinPool.commonPool-worker-4" daemon [_thread_blocked, id=36996, stack(0x0000008a97e00000,0x0000008a97f00000) (1024K)]
  0x000001b56bb40ab0 JavaThread "ForkJoinPool.commonPool-worker-5" daemon [_thread_blocked, id=34032, stack(0x0000008a97f00000,0x0000008a98000000) (1024K)]
  0x000001b56bb41140 JavaThread "ForkJoinPool.commonPool-worker-6" daemon [_thread_blocked, id=35264, stack(0x0000008a98000000,0x0000008a98100000) (1024K)]
  0x000001b56bb3f070 JavaThread "ForkJoinPool.commonPool-worker-7" daemon [_thread_blocked, id=29368, stack(0x0000008a98100000,0x0000008a98200000) (1024K)]
  0x000001b56bb42b80 JavaThread "ForkJoinPool.commonPool-worker-8" daemon [_thread_blocked, id=20844, stack(0x0000008a98200000,0x0000008a98300000) (1024K)]
  0x000001b56bb3f700 JavaThread "ForkJoinPool.commonPool-worker-9" daemon [_thread_blocked, id=32008, stack(0x0000008a98300000,0x0000008a98400000) (1024K)]
  0x000001b56bb44c50 JavaThread "ForkJoinPool.commonPool-worker-10" daemon [_thread_blocked, id=3188, stack(0x0000008a98400000,0x0000008a98500000) (1024K)]
  0x000001b56bb45970 JavaThread "ForkJoinPool.commonPool-worker-11" daemon [_thread_blocked, id=34236, stack(0x0000008a98500000,0x0000008a98600000) (1024K)]
  0x000001b56bb43210 JavaThread "ForkJoinPool.commonPool-worker-12" daemon [_thread_blocked, id=5392, stack(0x0000008a98600000,0x0000008a98700000) (1024K)]
  0x000001b56bb438a0 JavaThread "ForkJoinPool.commonPool-worker-13" daemon [_thread_blocked, id=40520, stack(0x0000008a98700000,0x0000008a98800000) (1024K)]
  0x000001b56bb452e0 JavaThread "ForkJoinPool.commonPool-worker-14" daemon [_thread_blocked, id=40872, stack(0x0000008a98800000,0x0000008a98900000) (1024K)]
  0x000001b56bb46000 JavaThread "ForkJoinPool.commonPool-worker-15" daemon [_thread_blocked, id=39708, stack(0x0000008a98900000,0x0000008a98a00000) (1024K)]
  0x000001b56bb43f30 JavaThread "LocalFile Deleter"          daemon [_thread_blocked, id=34424, stack(0x0000008a98b00000,0x0000008a98c00000) (1024K)]
  0x000001b56bb445c0 JavaThread "LocalFile Deleter"          daemon [_thread_blocked, id=30832, stack(0x0000008a98c00000,0x0000008a98d00000) (1024K)]
  0x000001b576bb7ea0 JavaThread "LocalFile Deleter"          daemon [_thread_blocked, id=1724, stack(0x0000008a98d00000,0x0000008a98e00000) (1024K)]
  0x000001b576bb5dd0 JavaThread "LocalFile Deleter"          daemon [_thread_blocked, id=35020, stack(0x0000008a98e00000,0x0000008a98f00000) (1024K)]
  0x000001b576bb7810 JavaThread "LocalFile Deleter"          daemon [_thread_blocked, id=34432, stack(0x0000008a98f00000,0x0000008a99000000) (1024K)]
  0x000001b576bb98e0 JavaThread "LocalFile Deleter"          daemon [_thread_blocked, id=10184, stack(0x0000008a99000000,0x0000008a99100000) (1024K)]
  0x000001b576bb8530 JavaThread "LocalFile Deleter"          daemon [_thread_blocked, id=30788, stack(0x0000008a99100000,0x0000008a99200000) (1024K)]
  0x000001b576bb8bc0 JavaThread "LocalFile Deleter"          daemon [_thread_blocked, id=20076, stack(0x0000008a99200000,0x0000008a99300000) (1024K)]
  0x000001b576bb9250 JavaThread "LocalFile Deleter"          daemon [_thread_blocked, id=25940, stack(0x0000008a99300000,0x0000008a99400000) (1024K)]
  0x000001b576bb6460 JavaThread "LocalFile Deleter"          daemon [_thread_blocked, id=38728, stack(0x0000008a99400000,0x0000008a99500000) (1024K)]
  0x000001b576bb9f70 JavaThread "LocalFile Deleter"          daemon [_thread_blocked, id=34688, stack(0x0000008a99500000,0x0000008a99600000) (1024K)]
  0x000001b576bb6af0 JavaThread "LocalFile Deleter"          daemon [_thread_blocked, id=4136, stack(0x0000008a99600000,0x0000008a99700000) (1024K)]
  0x000001b576bba600 JavaThread "LocalFile Deleter"          daemon [_thread_blocked, id=30344, stack(0x0000008a99700000,0x0000008a99800000) (1024K)]
  0x000001b576bb7180 JavaThread "LocalFile Deleter"          daemon [_thread_blocked, id=36972, stack(0x0000008a99800000,0x0000008a99900000) (1024K)]
  0x000001b576bbc040 JavaThread "LocalFile Deleter"          daemon [_thread_blocked, id=2780, stack(0x0000008a99900000,0x0000008a99a00000) (1024K)]
  0x000001b576bbb320 JavaThread "LocalFile Deleter"          daemon [_thread_blocked, id=15524, stack(0x0000008a99a00000,0x0000008a99b00000) (1024K)]
  0x000001b576bbac90 JavaThread "Compiler Source File Reader" daemon [_thread_blocked, id=16328, stack(0x0000008a99b00000,0x0000008a99c00000) (1024K)]
  0x000001b576bbc6d0 JavaThread "Compiler Source File Reader" daemon [_thread_blocked, id=33000, stack(0x0000008a99c00000,0x0000008a99d00000) (1024K)]
  0x000001b576bbcd60 JavaThread "Compiler Source File Reader" daemon [_thread_blocked, id=29520, stack(0x0000008a99d00000,0x0000008a99e00000) (1024K)]
  0x000001b576bbb9b0 JavaThread "Compiler Source File Reader" daemon [_thread_blocked, id=9788, stack(0x0000008a99e00000,0x0000008a99f00000) (1024K)]
  0x000001b576bbd3f0 JavaThread "Compiler Source File Reader" daemon [_thread_blocked, id=30072, stack(0x0000008a99f00000,0x0000008a9a000000) (1024K)]
  0x000001b56dfbe6e0 JavaThread "Compiler Source File Reader" daemon [_thread_blocked, id=11596, stack(0x0000008a9a000000,0x0000008a9a100000) (1024K)]
  0x000001b56dfbe050 JavaThread "Compiler Source File Reader" daemon [_thread_blocked, id=16880, stack(0x0000008a9a100000,0x0000008a9a200000) (1024K)]
  0x000001b56dfbf400 JavaThread "Compiler Source File Reader" daemon [_thread_blocked, id=40116, stack(0x0000008a9a200000,0x0000008a9a300000) (1024K)]
  0x000001b56dfc14d0 JavaThread "Compiler Source File Reader" daemon [_thread_blocked, id=21144, stack(0x0000008a9a300000,0x0000008a9a400000) (1024K)]
  0x000001b56dfc07b0 JavaThread "Compiler Source File Reader" daemon [_thread_blocked, id=4676, stack(0x0000008a9a400000,0x0000008a9a500000) (1024K)]
  0x000001b56dfbfa90 JavaThread "Compiler Source File Reader" daemon [_thread_blocked, id=32076, stack(0x0000008a9a500000,0x0000008a9a600000) (1024K)]
  0x000001b56dfc0120 JavaThread "Compiler Source File Reader" daemon [_thread_blocked, id=30908, stack(0x0000008a9a600000,0x0000008a9a700000) (1024K)]
  0x000001b56dfc0e40 JavaThread "Compiler Source File Reader" daemon [_thread_blocked, id=12680, stack(0x0000008a9a700000,0x0000008a9a800000) (1024K)]
  0x000001b56dfc1b60 JavaThread "Compiler Source File Reader" daemon [_thread_blocked, id=39720, stack(0x0000008a9a800000,0x0000008a9a900000) (1024K)]
  0x000001b56b1f1f60 JavaThread "C2 CompilerThread2"         daemon [_thread_blocked, id=34676, stack(0x0000008a9a900000,0x0000008a9aa00000) (1024K)]
  0x000001b56dfc4fe0 JavaThread "Compiler Processing Task"   daemon [_thread_blocked, id=39592, stack(0x0000008a9ac00000,0x0000008a9ad00000) (1024K)]
  0x000001b56dfc2880 JavaThread "Compiler Class File Writer" daemon [_thread_blocked, id=12020, stack(0x0000008a9ad00000,0x0000008a9ae00000) (1024K)]
  0x000001b56dfc2f10 JavaThread "Compiler Class File Writer" daemon [_thread_blocked, id=36896, stack(0x0000008a9ae00000,0x0000008a9af00000) (1024K)]
  0x000001b56dfc35a0 JavaThread "Compiler Class File Writer" daemon [_thread_blocked, id=31020, stack(0x0000008a9af00000,0x0000008a9b000000) (1024K)]
  0x000001b5791cc780 JavaThread "Compiler Class File Writer" daemon [_thread_blocked, id=704, stack(0x0000008a9b000000,0x0000008a9b100000) (1024K)]
  0x000001b5791cba60 JavaThread "Compiler Class File Writer" daemon [_thread_blocked, id=7568, stack(0x0000008a9b100000,0x0000008a9b200000) (1024K)]
  0x000001b5791ce1c0 JavaThread "Compiler Class File Writer" daemon [_thread_blocked, id=39116, stack(0x0000008a9b200000,0x0000008a9b300000) (1024K)]
  0x000001b5791cce10 JavaThread "Compiler Class File Writer" daemon [_thread_blocked, id=5312, stack(0x0000008a9b300000,0x0000008a9b400000) (1024K)]
  0x000001b5791cd4a0 JavaThread "Compiler Class File Writer" daemon [_thread_blocked, id=40340, stack(0x0000008a9b400000,0x0000008a9b500000) (1024K)]
  0x000001b5791cb3d0 JavaThread "Compiler Class File Writer" daemon [_thread_blocked, id=30124, stack(0x0000008a9b500000,0x0000008a9b600000) (1024K)]
  0x000001b5791ceee0 JavaThread "Compiler Class File Writer" daemon [_thread_blocked, id=12316, stack(0x0000008a9b600000,0x0000008a9b700000) (1024K)]
  0x000001b5791cdb30 JavaThread "Compiler Class File Writer" daemon [_thread_blocked, id=5632, stack(0x0000008a9b700000,0x0000008a9b800000) (1024K)]
  0x000001b5791ce850 JavaThread "Compiler Class File Writer" daemon [_thread_blocked, id=37848, stack(0x0000008a9b800000,0x0000008a9b900000) (1024K)]
  0x000001b5791cc0f0 JavaThread "Compiler Class File Writer" daemon [_thread_blocked, id=36808, stack(0x0000008a9b900000,0x0000008a9ba00000) (1024K)]
  0x000001b5791d0920 JavaThread "Compiler Class File Writer" daemon [_thread_blocked, id=36744, stack(0x0000008a9ba00000,0x0000008a9bb00000) (1024K)]
  0x000001b5791d0fb0 JavaThread "Worker-5"                          [_thread_blocked, id=7444, stack(0x0000008a9aa00000,0x0000008a9ab00000) (1024K)]
Total: 108

Other Threads:
  0x000001b50bef4930 VMThread "VM Thread"                           [id=34420, stack(0x0000008a93b00000,0x0000008a93c00000) (1024K)]
  0x000001b50bdeca00 WatcherThread "VM Periodic Task Thread"        [id=20172, stack(0x0000008a93a00000,0x0000008a93b00000) (1024K)]
  0x000001b50bf822f0 WorkerThread "GC Thread#0"                     [id=25444, stack(0x0000008a93900000,0x0000008a93a00000) (1024K)]
  0x000001b56670b3f0 WorkerThread "GC Thread#1"                     [id=3776, stack(0x0000008a94600000,0x0000008a94700000) (1024K)]
  0x000001b566a87100 WorkerThread "GC Thread#2"                     [id=15356, stack(0x0000008a94700000,0x0000008a94800000) (1024K)]
  0x000001b566a89630 WorkerThread "GC Thread#3"                     [id=36292, stack(0x0000008a94800000,0x0000008a94900000) (1024K)]
  0x000001b566691bc0 WorkerThread "GC Thread#4"                     [id=2372, stack(0x0000008a94900000,0x0000008a94a00000) (1024K)]
  0x000001b566691f70 WorkerThread "GC Thread#5"                     [id=30336, stack(0x0000008a94a00000,0x0000008a94b00000) (1024K)]
  0x000001b566692320 WorkerThread "GC Thread#6"                     [id=31848, stack(0x0000008a94b00000,0x0000008a94c00000) (1024K)]
  0x000001b566ac8120 WorkerThread "GC Thread#7"                     [id=13276, stack(0x0000008a95000000,0x0000008a95100000) (1024K)]
  0x000001b56b42a1a0 WorkerThread "GC Thread#8"                     [id=5472, stack(0x0000008a95400000,0x0000008a95500000) (1024K)]
  0x000001b56b42a550 WorkerThread "GC Thread#9"                     [id=14656, stack(0x0000008a95500000,0x0000008a95600000) (1024K)]
  0x000001b56b575160 WorkerThread "GC Thread#10"                    [id=15148, stack(0x0000008a95600000,0x0000008a95700000) (1024K)]
  0x000001b56b8f0080 WorkerThread "GC Thread#11"                    [id=31216, stack(0x0000008a95900000,0x0000008a95a00000) (1024K)]
  0x000001b56b916c80 WorkerThread "GC Thread#12"                    [id=31488, stack(0x0000008a95a00000,0x0000008a95b00000) (1024K)]
Total: 15

Threads with active compile tasks:
C2 CompilerThread0  21179 15199   !   4       sun.nio.fs.WindowsPath::initOffsets (153 bytes)
C1 CompilerThread0  21179 15314       3       org.eclipse.jdt.core.JavaConventions::validateIdentifier (33 bytes)
C2 CompilerThread1  21180 15129 % !   4       org.eclipse.jdt.internal.compiler.classfmt.ClassFileReader::<init> @ 81 (1968 bytes)
C2 CompilerThread2  21180 15223       4       org.eclipse.jdt.internal.compiler.parser.Scanner::internalScanIdentifierOrKeyword (5041 bytes)
Total: 4

VM state: at safepoint (normal execution)

VM Mutex/Monitor currently owned by a thread:  ([mutex/lock_event])
[0x00007ffc545ce560] Threads_lock - owner thread: 0x000001b50bef4930
[0x00007ffc545ce660] Heap_lock - owner thread: 0x000001b56ba18520
[0x00007ffc545ceae0] PSOldGenExpand_lock - owner thread: 0x000001b566ac8120

Heap address: 0x0000000080000000, size: 2048 MB, Compressed Oops mode: 32-bit

CDS archive(s) mapped at: [0x000001b523000000-0x000001b523ba0000-0x000001b523ba0000), size 12189696, SharedBaseAddress: 0x000001b523000000, ArchiveRelocationMode: 1.
Compressed class space mapped at: 0x000001b524000000-0x000001b564000000, reserved size: 1073741824
Narrow klass base: 0x000001b523000000, Narrow klass shift: 0, Narrow klass range: 0x100000000

GC Precious Log:
 CardTable entry size: 512
 CPUs: 16 total, 16 available
 Memory: 8010M
 Large Page Support: Disabled
 NUMA Support: Disabled
 Compressed Oops: Enabled (32-bit)
 Alignments: Space 512K, Generation 512K, Heap 2M
 Heap Min Capacity: 100M
 Heap Initial Capacity: 100M
 Heap Max Capacity: 2G
 Pre-touch: Disabled
 Parallel Workers: 13

Heap:
 PSYoungGen      total 19968K, used 19007K [0x00000000d5580000, 0x00000000d6a80000, 0x0000000100000000)
  eden space 18432K, 100% used [0x00000000d5580000,0x00000000d6780000,0x00000000d6780000)
  from space 1536K, 37% used [0x00000000d6800000,0x00000000d688fc00,0x00000000d6980000)
  to   space 1024K, 40% used [0x00000000d6980000,0x00000000d69e8000,0x00000000d6a80000)
 ParOldGen       total 87552K, used 87549K [0x0000000080000000, 0x0000000085580000, 0x00000000d5580000)
  object space 87552K, 99% used [0x0000000080000000,0x000000008557f718,0x0000000085580000)
 Metaspace       used 72608K, committed 74176K, reserved 1179648K
  class space    used 7511K, committed 8128K, reserved 1048576K

Card table byte_map: [0x000001b50b900000,0x000001b50bd10000] _byte_map_base: 0x000001b50b500000

Marking Bits: (ParMarkBitMap*) 0x00007ffc545d3450
 Begin Bits: [0x000001b51e410000, 0x000001b520410000)
 End Bits:   [0x000001b520410000, 0x000001b522410000)

Polling page: 0x000001b509b80000

Metaspace:

Usage:
  Non-class:     63.57 MB used.
      Class:      7.34 MB used.
       Both:     70.91 MB used.

Virtual space:
  Non-class space:      128.00 MB reserved,      64.50 MB ( 50%) committed,  2 nodes.
      Class space:        1.00 GB reserved,       7.94 MB ( <1%) committed,  1 nodes.
             Both:        1.12 GB reserved,      72.44 MB (  6%) committed. 

Chunk freelists:
   Non-Class:  15.01 MB
       Class:  8.00 MB
        Both:  23.02 MB

MaxMetaspaceSize: unlimited
CompressedClassSpaceSize: 1.00 GB
Initial GC threshold: 21.00 MB
Current GC threshold: 97.31 MB
CDS: on
 - commit_granule_bytes: 65536.
 - commit_granule_words: 8192.
 - virtual_space_node_default_size: 8388608.
 - enlarge_chunks_in_place: 1.
 - use_allocation_guard: 0.


Internal statistics:

num_allocs_failed_limit: 9.
num_arena_births: 1322.
num_arena_deaths: 14.
num_vsnodes_births: 3.
num_vsnodes_deaths: 0.
num_space_committed: 1159.
num_space_uncommitted: 0.
num_chunks_returned_to_freelist: 23.
num_chunks_taken_from_freelist: 4702.
num_chunk_merges: 12.
num_chunk_splits: 2806.
num_chunks_enlarged: 1495.
num_inconsistent_stats: 0.

CodeHeap 'non-profiled nmethods': size=119168Kb used=8567Kb max_used=8567Kb free=110600Kb
 bounds [0x000001b516d00000, 0x000001b517560000, 0x000001b51e160000]
CodeHeap 'profiled nmethods': size=119104Kb used=34693Kb max_used=34693Kb free=84411Kb
 bounds [0x000001b50f160000, 0x000001b511350000, 0x000001b5165b0000]
CodeHeap 'non-nmethods': size=7488Kb used=1469Kb max_used=3249Kb free=6018Kb
 bounds [0x000001b5165b0000, 0x000001b5168e0000, 0x000001b516d00000]
CodeCache: size=245760Kb, used=44729Kb, max_used=46509Kb, free=201029Kb
 total_blobs=15293, nmethods=14512, adapters=685, full_count=0
Compilation: enabled, stopped_count=0, restarted_count=0

Compilation events (20 events):
Event: 20.108 Thread 0x000001b564d859b0 nmethod 15301 0x000001b51133b010 code [0x000001b51133b260, 0x000001b51133bac0]
Event: 20.108 Thread 0x000001b564d859b0 15303   !   3       org.eclipse.m2e.core.internal.embedder.MavenImpl::getLocalRepositoryPath (27 bytes)
Event: 20.109 Thread 0x000001b564d859b0 nmethod 15303 0x000001b51133be10 code [0x000001b51133c0a0, 0x000001b51133cb30]
Event: 20.109 Thread 0x000001b564d859b0 15304   !   3       org.eclipse.m2e.core.internal.embedder.MavenImpl::getLocalRepository (60 bytes)
Event: 20.111 Thread 0x000001b564d859b0 nmethod 15304 0x000001b51133d090 code [0x000001b51133d3c0, 0x000001b51133e4c8]
Event: 20.111 Thread 0x000001b564d859b0 15305   !   3       org.eclipse.m2e.jdt.internal.BuildPathManager::getAttachedArtifactFile (75 bytes)
Event: 20.112 Thread 0x000001b564d859b0 nmethod 15305 0x000001b51133ee10 code [0x000001b51133f060, 0x000001b51133f7e0]
Event: 20.112 Thread 0x000001b564d859b0 15306       3       org.eclipse.m2e.core.internal.embedder.MavenImpl::getArtifactPath (33 bytes)
Event: 20.112 Thread 0x000001b50c011890 nmethod 15266 0x000001b51755d610 code [0x000001b51755d7c0, 0x000001b51755d9a8]
Event: 20.112 Thread 0x000001b50c011890 15199   !   4       sun.nio.fs.WindowsPath::initOffsets (153 bytes)
Event: 20.112 Thread 0x000001b564d859b0 nmethod 15306 0x000001b51133fe10 code [0x000001b511340000, 0x000001b511340528]
Event: 20.112 Thread 0x000001b564d859b0 15307       3       org.apache.maven.repository.legacy.LegacyRepositorySystem::createArtifactWithClassifier (17 bytes)
Event: 20.113 Thread 0x000001b564d859b0 nmethod 15307 0x000001b511340790 code [0x000001b511340940, 0x000001b511340ad8]
Event: 20.113 Thread 0x000001b564d859b0 15308       3       org.apache.maven.artifact.factory.DefaultArtifactFactory::createArtifactWithClassifier (14 bytes)
Event: 20.113 Thread 0x000001b564d859b0 nmethod 15308 0x000001b511340c10 code [0x000001b511340dc0, 0x000001b511340f18]
Event: 20.113 Thread 0x000001b564d859b0 15310       3       org.eclipse.m2e.jdt.internal.BuildPathManager::getSourcesClassifier (17 bytes)
Event: 20.113 Thread 0x000001b564d859b0 nmethod 15310 0x000001b511341010 code [0x000001b5113411c0, 0x000001b511341368]
Event: 20.113 Thread 0x000001b564d859b0 15309       1       org.eclipse.m2e.jdt.internal.ClasspathEntryDescriptor::getSourceAttachmentRootPath (5 bytes)
Event: 20.113 Thread 0x000001b564d859b0 nmethod 15309 0x000001b51755db90 code [0x000001b51755dd20, 0x000001b51755dde8]
Event: 20.156 Thread 0x000001b564d859b0 15314       3       org.eclipse.jdt.core.JavaConventions::validateIdentifier (33 bytes)

GC Heap History (20 events):
Event: 16.188 GC heap after
{Heap after GC invocations=53 (full 3):
 PSYoungGen      total 21504K, used 1136K [0x00000000d5580000, 0x00000000d6d80000, 0x0000000100000000)
  eden space 19968K, 0% used [0x00000000d5580000,0x00000000d5580000,0x00000000d6900000)
  from space 1536K, 73% used [0x00000000d6c00000,0x00000000d6d1c010,0x00000000d6d80000)
  to   space 2048K, 0% used [0x00000000d6980000,0x00000000d6980000,0x00000000d6b80000)
 ParOldGen       total 79872K, used 79784K [0x0000000080000000, 0x0000000084e00000, 0x00000000d5580000)
  object space 79872K, 99% used [0x0000000080000000,0x0000000084dea218,0x0000000084e00000)
 Metaspace       used 68029K, committed 69504K, reserved 1114112K
  class space    used 6997K, committed 7680K, reserved 1048576K
}
Event: 16.342 GC heap before
{Heap before GC invocations=54 (full 3):
 PSYoungGen      total 21504K, used 21104K [0x00000000d5580000, 0x00000000d6d80000, 0x0000000100000000)
  eden space 19968K, 100% used [0x00000000d5580000,0x00000000d6900000,0x00000000d6900000)
  from space 1536K, 73% used [0x00000000d6c00000,0x00000000d6d1c010,0x00000000d6d80000)
  to   space 2048K, 0% used [0x00000000d6980000,0x00000000d6980000,0x00000000d6b80000)
 ParOldGen       total 79872K, used 79784K [0x0000000080000000, 0x0000000084e00000, 0x00000000d5580000)
  object space 79872K, 99% used [0x0000000080000000,0x0000000084dea218,0x0000000084e00000)
 Metaspace       used 68176K, committed 69696K, reserved 1114112K
  class space    used 7000K, committed 7680K, reserved 1048576K
}
Event: 16.343 GC heap after
{Heap after GC invocations=54 (full 3):
 PSYoungGen      total 20992K, used 960K [0x00000000d5580000, 0x00000000d6c80000, 0x0000000100000000)
  eden space 19968K, 0% used [0x00000000d5580000,0x00000000d5580000,0x00000000d6900000)
  from space 1024K, 93% used [0x00000000d6980000,0x00000000d6a70000,0x00000000d6a80000)
  to   space 1536K, 0% used [0x00000000d6b00000,0x00000000d6b00000,0x00000000d6c80000)
 ParOldGen       total 80896K, used 80688K [0x0000000080000000, 0x0000000084f00000, 0x00000000d5580000)
  object space 80896K, 99% used [0x0000000080000000,0x0000000084ecc218,0x0000000084f00000)
 Metaspace       used 68176K, committed 69696K, reserved 1114112K
  class space    used 7000K, committed 7680K, reserved 1048576K
}
Event: 16.869 GC heap before
{Heap before GC invocations=55 (full 3):
 PSYoungGen      total 20992K, used 20927K [0x00000000d5580000, 0x00000000d6c80000, 0x0000000100000000)
  eden space 19968K, 99% used [0x00000000d5580000,0x00000000d68ffd30,0x00000000d6900000)
  from space 1024K, 93% used [0x00000000d6980000,0x00000000d6a70000,0x00000000d6a80000)
  to   space 1536K, 0% used [0x00000000d6b00000,0x00000000d6b00000,0x00000000d6c80000)
 ParOldGen       total 80896K, used 80688K [0x0000000080000000, 0x0000000084f00000, 0x00000000d5580000)
  object space 80896K, 99% used [0x0000000080000000,0x0000000084ecc218,0x0000000084f00000)
 Metaspace       used 68876K, committed 70464K, reserved 1114112K
  class space    used 7100K, committed 7808K, reserved 1048576K
}
Event: 16.871 GC heap after
{Heap after GC invocations=55 (full 3):
 PSYoungGen      total 19968K, used 1536K [0x00000000d5580000, 0x00000000d7000000, 0x0000000100000000)
  eden space 18432K, 0% used [0x00000000d5580000,0x00000000d5580000,0x00000000d6780000)
  from space 1536K, 100% used [0x00000000d6b00000,0x00000000d6c80000,0x00000000d6c80000)
  to   space 3584K, 0% used [0x00000000d6780000,0x00000000d6780000,0x00000000d6b00000)
 ParOldGen       total 82432K, used 81956K [0x0000000080000000, 0x0000000085080000, 0x00000000d5580000)
  object space 82432K, 99% used [0x0000000080000000,0x0000000085009228,0x0000000085080000)
 Metaspace       used 68876K, committed 70464K, reserved 1114112K
  class space    used 7100K, committed 7808K, reserved 1048576K
}
Event: 17.403 GC heap before
{Heap before GC invocations=56 (full 3):
 PSYoungGen      total 19968K, used 19968K [0x00000000d5580000, 0x00000000d7000000, 0x0000000100000000)
  eden space 18432K, 100% used [0x00000000d5580000,0x00000000d6780000,0x00000000d6780000)
  from space 1536K, 100% used [0x00000000d6b00000,0x00000000d6c80000,0x00000000d6c80000)
  to   space 3584K, 0% used [0x00000000d6780000,0x00000000d6780000,0x00000000d6b00000)
 ParOldGen       total 82432K, used 81956K [0x0000000080000000, 0x0000000085080000, 0x00000000d5580000)
  object space 82432K, 99% used [0x0000000080000000,0x0000000085009228,0x0000000085080000)
 Metaspace       used 70204K, committed 71680K, reserved 1114112K
  class space    used 7233K, committed 7872K, reserved 1048576K
}
Event: 17.405 GC heap after
{Heap after GC invocations=56 (full 3):
 PSYoungGen      total 19456K, used 890K [0x00000000d5580000, 0x00000000d6b80000, 0x0000000100000000)
  eden space 18432K, 0% used [0x00000000d5580000,0x00000000d5580000,0x00000000d6780000)
  from space 1024K, 86% used [0x00000000d6780000,0x00000000d685e8c8,0x00000000d6880000)
  to   space 2048K, 0% used [0x00000000d6980000,0x00000000d6980000,0x00000000d6b80000)
 ParOldGen       total 83456K, used 83052K [0x0000000080000000, 0x0000000085180000, 0x00000000d5580000)
  object space 83456K, 99% used [0x0000000080000000,0x000000008511b228,0x0000000085180000)
 Metaspace       used 70204K, committed 71680K, reserved 1114112K
  class space    used 7233K, committed 7872K, reserved 1048576K
}
Event: 18.053 GC heap before
{Heap before GC invocations=57 (full 3):
 PSYoungGen      total 19456K, used 19322K [0x00000000d5580000, 0x00000000d6b80000, 0x0000000100000000)
  eden space 18432K, 99% used [0x00000000d5580000,0x00000000d677fff8,0x00000000d6780000)
  from space 1024K, 86% used [0x00000000d6780000,0x00000000d685e8c8,0x00000000d6880000)
  to   space 2048K, 0% used [0x00000000d6980000,0x00000000d6980000,0x00000000d6b80000)
 ParOldGen       total 83456K, used 83052K [0x0000000080000000, 0x0000000085180000, 0x00000000d5580000)
  object space 83456K, 99% used [0x0000000080000000,0x000000008511b228,0x0000000085180000)
 Metaspace       used 71095K, committed 72576K, reserved 1114112K
  class space    used 7372K, committed 8000K, reserved 1048576K
}
Event: 18.054 GC heap after
{Heap after GC invocations=57 (full 3):
 PSYoungGen      total 18944K, used 504K [0x00000000d5580000, 0x00000000d6a00000, 0x0000000100000000)
  eden space 18432K, 0% used [0x00000000d5580000,0x00000000d5580000,0x00000000d6780000)
  from space 512K, 98% used [0x00000000d6980000,0x00000000d69fe1c8,0x00000000d6a00000)
  to   space 1024K, 0% used [0x00000000d6800000,0x00000000d6800000,0x00000000d6900000)
 ParOldGen       total 83968K, used 83718K [0x0000000080000000, 0x0000000085200000, 0x00000000d5580000)
  object space 83968K, 99% used [0x0000000080000000,0x00000000851c1b88,0x0000000085200000)
 Metaspace       used 71095K, committed 72576K, reserved 1114112K
  class space    used 7372K, committed 8000K, reserved 1048576K
}
Event: 18.429 GC heap before
{Heap before GC invocations=58 (full 3):
 PSYoungGen      total 18944K, used 18936K [0x00000000d5580000, 0x00000000d6a00000, 0x0000000100000000)
  eden space 18432K, 100% used [0x00000000d5580000,0x00000000d6780000,0x00000000d6780000)
  from space 512K, 98% used [0x00000000d6980000,0x00000000d69fe1c8,0x00000000d6a00000)
  to   space 1024K, 0% used [0x00000000d6800000,0x00000000d6800000,0x00000000d6900000)
 ParOldGen       total 83968K, used 83718K [0x0000000080000000, 0x0000000085200000, 0x00000000d5580000)
  object space 83968K, 99% used [0x0000000080000000,0x00000000851c1b88,0x0000000085200000)
 Metaspace       used 72320K, committed 73856K, reserved 1179648K
  class space    used 7490K, committed 8128K, reserved 1048576K
}
Event: 18.431 GC heap after
{Heap after GC invocations=58 (full 3):
 PSYoungGen      total 19456K, used 1019K [0x00000000d5580000, 0x00000000d6c80000, 0x0000000100000000)
  eden space 18432K, 0% used [0x00000000d5580000,0x00000000d5580000,0x00000000d6780000)
  from space 1024K, 99% used [0x00000000d6800000,0x00000000d68fee78,0x00000000d6900000)
  to   space 2560K, 0% used [0x00000000d6a00000,0x00000000d6a00000,0x00000000d6c80000)
 ParOldGen       total 84992K, used 84809K [0x0000000080000000, 0x0000000085300000, 0x00000000d5580000)
  object space 84992K, 99% used [0x0000000080000000,0x00000000852d27c0,0x0000000085300000)
 Metaspace       used 72320K, committed 73856K, reserved 1179648K
  class space    used 7490K, committed 8128K, reserved 1048576K
}
Event: 18.913 GC heap before
{Heap before GC invocations=59 (full 3):
 PSYoungGen      total 19456K, used 19451K [0x00000000d5580000, 0x00000000d6c80000, 0x0000000100000000)
  eden space 18432K, 100% used [0x00000000d5580000,0x00000000d6780000,0x00000000d6780000)
  from space 1024K, 99% used [0x00000000d6800000,0x00000000d68fee78,0x00000000d6900000)
  to   space 2560K, 0% used [0x00000000d6a00000,0x00000000d6a00000,0x00000000d6c80000)
 ParOldGen       total 84992K, used 84809K [0x0000000080000000, 0x0000000085300000, 0x00000000d5580000)
  object space 84992K, 99% used [0x0000000080000000,0x00000000852d27c0,0x0000000085300000)
 Metaspace       used 72455K, committed 74048K, reserved 1179648K
  class space    used 7504K, committed 8128K, reserved 1048576K
}
Event: 18.914 GC heap after
{Heap after GC invocations=59 (full 3):
 PSYoungGen      total 19456K, used 776K [0x00000000d5580000, 0x00000000d6b00000, 0x0000000100000000)
  eden space 18432K, 0% used [0x00000000d5580000,0x00000000d5580000,0x00000000d6780000)
  from space 1024K, 75% used [0x00000000d6a00000,0x00000000d6ac20e8,0x00000000d6b00000)
  to   space 1536K, 0% used [0x00000000d6800000,0x00000000d6800000,0x00000000d6980000)
 ParOldGen       total 85504K, used 85070K [0x0000000080000000, 0x0000000085380000, 0x00000000d5580000)
  object space 85504K, 99% used [0x0000000080000000,0x0000000085313990,0x0000000085380000)
 Metaspace       used 72455K, committed 74048K, reserved 1179648K
  class space    used 7504K, committed 8128K, reserved 1048576K
}
Event: 18.987 GC heap before
{Heap before GC invocations=60 (full 3):
 PSYoungGen      total 19456K, used 19208K [0x00000000d5580000, 0x00000000d6b00000, 0x0000000100000000)
  eden space 18432K, 100% used [0x00000000d5580000,0x00000000d6780000,0x00000000d6780000)
  from space 1024K, 75% used [0x00000000d6a00000,0x00000000d6ac20e8,0x00000000d6b00000)
  to   space 1536K, 0% used [0x00000000d6800000,0x00000000d6800000,0x00000000d6980000)
 ParOldGen       total 85504K, used 85070K [0x0000000080000000, 0x0000000085380000, 0x00000000d5580000)
  object space 85504K, 99% used [0x0000000080000000,0x0000000085313990,0x0000000085380000)
 Metaspace       used 72458K, committed 74048K, reserved 1179648K
  class space    used 7504K, committed 8128K, reserved 1048576K
}
Event: 19.996 GC heap after
{Heap after GC invocations=60 (full 3):
 PSYoungGen      total 19968K, used 1507K [0x00000000d5580000, 0x00000000d6c80000, 0x0000000100000000)
  eden space 18432K, 0% used [0x00000000d5580000,0x00000000d5580000,0x00000000d6780000)
  from space 1536K, 98% used [0x00000000d6800000,0x00000000d6978e78,0x00000000d6980000)
  to   space 2560K, 0% used [0x00000000d6a00000,0x00000000d6a00000,0x00000000d6c80000)
 ParOldGen       total 86016K, used 85582K [0x0000000080000000, 0x0000000085400000, 0x00000000d5580000)
  object space 86016K, 99% used [0x0000000080000000,0x00000000853938c0,0x0000000085400000)
 Metaspace       used 72458K, committed 74048K, reserved 1179648K
  class space    used 7504K, committed 8128K, reserved 1048576K
}
Event: 20.048 GC heap before
{Heap before GC invocations=61 (full 3):
 PSYoungGen      total 19968K, used 19939K [0x00000000d5580000, 0x00000000d6c80000, 0x0000000100000000)
  eden space 18432K, 100% used [0x00000000d5580000,0x00000000d6780000,0x00000000d6780000)
  from space 1536K, 98% used [0x00000000d6800000,0x00000000d6978e78,0x00000000d6980000)
  to   space 2560K, 0% used [0x00000000d6a00000,0x00000000d6a00000,0x00000000d6c80000)
 ParOldGen       total 86016K, used 85582K [0x0000000080000000, 0x0000000085400000, 0x00000000d5580000)
  object space 86016K, 99% used [0x0000000080000000,0x00000000853938c0,0x0000000085400000)
 Metaspace       used 72574K, committed 74112K, reserved 1179648K
  class space    used 7511K, committed 8128K, reserved 1048576K
}
Event: 20.049 GC heap after
{Heap after GC invocations=61 (full 3):
 PSYoungGen      total 19456K, used 712K [0x00000000d5580000, 0x00000000d6b00000, 0x0000000100000000)
  eden space 18432K, 0% used [0x00000000d5580000,0x00000000d5580000,0x00000000d6780000)
  from space 1024K, 69% used [0x00000000d6a00000,0x00000000d6ab2380,0x00000000d6b00000)
  to   space 1536K, 0% used [0x00000000d6800000,0x00000000d6800000,0x00000000d6980000)
 ParOldGen       total 87040K, used 86904K [0x0000000080000000, 0x0000000085500000, 0x00000000d5580000)
  object space 87040K, 99% used [0x0000000080000000,0x00000000854de0a0,0x0000000085500000)
 Metaspace       used 72574K, committed 74112K, reserved 1179648K
  class space    used 7511K, committed 8128K, reserved 1048576K
}
Event: 20.115 GC heap before
{Heap before GC invocations=62 (full 3):
 PSYoungGen      total 19456K, used 19144K [0x00000000d5580000, 0x00000000d6b00000, 0x0000000100000000)
  eden space 18432K, 100% used [0x00000000d5580000,0x00000000d6780000,0x00000000d6780000)
  from space 1024K, 69% used [0x00000000d6a00000,0x00000000d6ab2380,0x00000000d6b00000)
  to   space 1536K, 0% used [0x00000000d6800000,0x00000000d6800000,0x00000000d6980000)
 ParOldGen       total 87040K, used 86904K [0x0000000080000000, 0x0000000085500000, 0x00000000d5580000)
  object space 87040K, 99% used [0x0000000080000000,0x00000000854de0a0,0x0000000085500000)
 Metaspace       used 72608K, committed 74176K, reserved 1179648K
  class space    used 7511K, committed 8128K, reserved 1048576K
}
Event: 20.116 GC heap after
{Heap after GC invocations=62 (full 3):
 PSYoungGen      total 19968K, used 575K [0x00000000d5580000, 0x00000000d6a80000, 0x0000000100000000)
  eden space 18432K, 0% used [0x00000000d5580000,0x00000000d5580000,0x00000000d6780000)
  from space 1536K, 37% used [0x00000000d6800000,0x00000000d688fc00,0x00000000d6980000)
  to   space 1024K, 0% used [0x00000000d6980000,0x00000000d6980000,0x00000000d6a80000)
 ParOldGen       total 87552K, used 87385K [0x0000000080000000, 0x0000000085580000, 0x00000000d5580000)
  object space 87552K, 99% used [0x0000000080000000,0x0000000085556420,0x0000000085580000)
 Metaspace       used 72608K, committed 74176K, reserved 1179648K
  class space    used 7511K, committed 8128K, reserved 1048576K
}
Event: 20.171 GC heap before
{Heap before GC invocations=63 (full 3):
 PSYoungGen      total 19968K, used 19007K [0x00000000d5580000, 0x00000000d6a80000, 0x0000000100000000)
  eden space 18432K, 100% used [0x00000000d5580000,0x00000000d6780000,0x00000000d6780000)
  from space 1536K, 37% used [0x00000000d6800000,0x00000000d688fc00,0x00000000d6980000)
  to   space 1024K, 0% used [0x00000000d6980000,0x00000000d6980000,0x00000000d6a80000)
 ParOldGen       total 87552K, used 87385K [0x0000000080000000, 0x0000000085580000, 0x00000000d5580000)
  object space 87552K, 99% used [0x0000000080000000,0x0000000085556420,0x0000000085580000)
 Metaspace       used 72608K, committed 74176K, reserved 1179648K
  class space    used 7511K, committed 8128K, reserved 1048576K
}

Dll operation events (12 events):
Event: 0.016 Loaded shared library c:\Users\ASUS\.vscode\extensions\redhat.java-1.53.0-win32-x64\jre\21.0.10-win32-x86_64\bin\java.dll
Event: 0.124 Loaded shared library c:\Users\ASUS\.vscode\extensions\redhat.java-1.53.0-win32-x64\jre\21.0.10-win32-x86_64\bin\zip.dll
Event: 0.161 Loaded shared library C:\Users\ASUS\.vscode\extensions\redhat.java-1.53.0-win32-x64\jre\21.0.10-win32-x86_64\bin\instrument.dll
Event: 0.170 Loaded shared library C:\Users\ASUS\.vscode\extensions\redhat.java-1.53.0-win32-x64\jre\21.0.10-win32-x86_64\bin\net.dll
Event: 0.175 Loaded shared library C:\Users\ASUS\.vscode\extensions\redhat.java-1.53.0-win32-x64\jre\21.0.10-win32-x86_64\bin\nio.dll
Event: 0.180 Loaded shared library C:\Users\ASUS\.vscode\extensions\redhat.java-1.53.0-win32-x64\jre\21.0.10-win32-x86_64\bin\zip.dll
Event: 0.212 Loaded shared library C:\Users\ASUS\.vscode\extensions\redhat.java-1.53.0-win32-x64\jre\21.0.10-win32-x86_64\bin\jimage.dll
Event: 0.332 Loaded shared library c:\Users\ASUS\.vscode\extensions\redhat.java-1.53.0-win32-x64\jre\21.0.10-win32-x86_64\bin\verify.dll
Event: 2.097 Loaded shared library C:\Users\ASUS\AppData\Roaming\Code\User\globalStorage\redhat.java\1.53.0\config_win\org.eclipse.equinox.launcher\org.eclipse.equinox.launcher.win32.win32.x86_64_1.3.0.v20260203-2149\eclipse_11919.dll
Event: 4.521 Loaded shared library C:\Users\ASUS\AppData\Local\Temp\jna-2018896\jna12590012623862675698.dll
Event: 6.646 Loaded shared library C:\Users\ASUS\.vscode\extensions\redhat.java-1.53.0-win32-x64\jre\21.0.10-win32-x86_64\bin\sunmscapi.dll
Event: 8.107 Loaded shared library C:\Users\ASUS\.vscode\extensions\redhat.java-1.53.0-win32-x64\jre\21.0.10-win32-x86_64\bin\extnet.dll

Deoptimization events (20 events):
Event: 18.946 Thread 0x000001b56ba198d0 Uncommon trap: trap_request=0xffffff45 fr.pc=0x000001b516e058fc relative=0x000000000000051c
Event: 18.946 Thread 0x000001b56ba198d0 Uncommon trap: reason=unstable_if action=reinterpret pc=0x000001b516e058fc method=org.eclipse.jdt.internal.core.util.WeakHashSet.addValue(Lorg/eclipse/jdt/internal/core/util/WeakHashSet$HashableWeakReference;)V @ 39 c2
Event: 18.946 Thread 0x000001b56ba198d0 DEOPT PACKING pc=0x000001b516e058fc sp=0x0000008a963fe490
Event: 18.946 Thread 0x000001b56ba198d0 DEOPT UNPACKING pc=0x000001b516603aa2 sp=0x0000008a963fe420 mode 2
Event: 18.952 Thread 0x000001b56bb41e60 DEOPT PACKING pc=0x000001b50f96cb7b sp=0x0000008a97bfdae0
Event: 18.952 Thread 0x000001b56bb41e60 DEOPT UNPACKING pc=0x000001b516604242 sp=0x0000008a97bfcf50 mode 0
Event: 18.976 Thread 0x000001b56bb41e60 DEOPT PACKING pc=0x000001b50f96cb9c sp=0x0000008a97bfdae0
Event: 18.976 Thread 0x000001b56bb41e60 DEOPT UNPACKING pc=0x000001b516604242 sp=0x0000008a97bfcf50 mode 0
Event: 19.999 Thread 0x000001b56ba18520 Uncommon trap: trap_request=0xffffffbe fr.pc=0x000001b5174a4a5c relative=0x0000000000000e1c
Event: 19.999 Thread 0x000001b56ba18520 Uncommon trap: reason=profile_predicate action=maybe_recompile pc=0x000001b5174a4a5c method=java.util.regex.Pattern$BnM.optimize(Ljava/util/regex/Pattern$Node;)Ljava/util/regex/Pattern$Node; @ 67 c2
Event: 19.999 Thread 0x000001b56ba18520 DEOPT PACKING pc=0x000001b5174a4a5c sp=0x0000008a95efeed0
Event: 19.999 Thread 0x000001b56ba18520 DEOPT UNPACKING pc=0x000001b516603aa2 sp=0x0000008a95efee00 mode 2
Event: 20.000 Thread 0x000001b56ba18520 Uncommon trap: trap_request=0xffffffbe fr.pc=0x000001b5174a4a5c relative=0x0000000000000e1c
Event: 20.000 Thread 0x000001b56ba18520 Uncommon trap: reason=profile_predicate action=maybe_recompile pc=0x000001b5174a4a5c method=java.util.regex.Pattern$BnM.optimize(Ljava/util/regex/Pattern$Node;)Ljava/util/regex/Pattern$Node; @ 67 c2
Event: 20.000 Thread 0x000001b56ba18520 DEOPT PACKING pc=0x000001b5174a4a5c sp=0x0000008a95efef40
Event: 20.000 Thread 0x000001b56ba18520 DEOPT UNPACKING pc=0x000001b516603aa2 sp=0x0000008a95efee70 mode 2
Event: 20.035 Thread 0x000001b56bb41e60 Uncommon trap: trap_request=0xffffff45 fr.pc=0x000001b51753f3b8 relative=0x0000000000002518
Event: 20.035 Thread 0x000001b56bb41e60 Uncommon trap: reason=unstable_if action=reinterpret pc=0x000001b51753f3b8 method=java.util.zip.ZipFile$Source.isMetaName([BII)Z @ 57 c2
Event: 20.035 Thread 0x000001b56bb41e60 DEOPT PACKING pc=0x000001b51753f3b8 sp=0x0000008a97bfda00
Event: 20.035 Thread 0x000001b56bb41e60 DEOPT UNPACKING pc=0x000001b516603aa2 sp=0x0000008a97bfd960 mode 2

Classes loaded (20 events):
Event: 17.301 Loading class java/nio/file/FileTreeWalker$1
Event: 17.301 Loading class java/nio/file/FileTreeWalker$1 done
Event: 17.876 Loading class java/util/Collections$SynchronizedRandomAccessList
Event: 17.877 Loading class java/util/Collections$SynchronizedList
Event: 17.877 Loading class java/util/Collections$SynchronizedList done
Event: 17.877 Loading class java/util/Collections$SynchronizedRandomAccessList done
Event: 17.882 Loading class java/util/concurrent/CompletableFuture$Signaller
Event: 17.882 Loading class java/util/concurrent/CompletableFuture$Signaller done
Event: 18.154 Loading class java/nio/charset/CharacterCodingException
Event: 18.155 Loading class java/nio/charset/CharacterCodingException done
Event: 18.155 Loading class java/io/SequenceInputStream
Event: 18.155 Loading class java/io/SequenceInputStream done
Event: 18.309 Loading class java/util/concurrent/CompletableFuture$UniApply
Event: 18.310 Loading class java/util/concurrent/CompletableFuture$UniApply done
Event: 18.311 Loading class java/util/concurrent/CompletableFuture$UniExceptionally
Event: 18.312 Loading class java/util/concurrent/CompletableFuture$UniExceptionally done
Event: 18.320 Loading class java/util/Hashtable$KeySet
Event: 18.320 Loading class java/util/Hashtable$KeySet done
Event: 18.549 Loading class java/lang/invoke/MethodHandleImpl$CountingWrapper$1
Event: 18.549 Loading class java/lang/invoke/MethodHandleImpl$CountingWrapper$1 done

Classes unloaded (7 events):
Event: 5.144 Thread 0x000001b50bef4930 Unloading class 0x000001b5241a4c00 'java/lang/invoke/LambdaForm$MH+0x000001b5241a4c00'
Event: 5.144 Thread 0x000001b50bef4930 Unloading class 0x000001b5241a4800 'java/lang/invoke/LambdaForm$MH+0x000001b5241a4800'
Event: 5.144 Thread 0x000001b50bef4930 Unloading class 0x000001b5241a4400 'java/lang/invoke/LambdaForm$MH+0x000001b5241a4400'
Event: 5.144 Thread 0x000001b50bef4930 Unloading class 0x000001b5241a4000 'java/lang/invoke/LambdaForm$MH+0x000001b5241a4000'
Event: 5.144 Thread 0x000001b50bef4930 Unloading class 0x000001b5241a3c00 'java/lang/invoke/LambdaForm$BMH+0x000001b5241a3c00'
Event: 5.144 Thread 0x000001b50bef4930 Unloading class 0x000001b5241a3800 'java/lang/invoke/LambdaForm$DMH+0x000001b5241a3800'
Event: 5.144 Thread 0x000001b50bef4930 Unloading class 0x000001b5241a2400 'java/lang/invoke/LambdaForm$DMH+0x000001b5241a2400'

Classes redefined (0 events):
No events

Internal exceptions (20 events):
Event: 18.307 Thread 0x000001b56bb417d0 Exception <a 'java/lang/IncompatibleClassChangeError'{0x00000000d5d1b710}: Found class java.lang.Object, but interface was expected> (0x00000000d5d1b710) 
thrown [s\src\hotspot\share\interpreter\linkResolver.cpp, line 840]
Event: 18.347 Thread 0x000001b56ba198d0 Exception <a 'sun/nio/fs/WindowsException'{0x00000000d63e0f00}> (0x00000000d63e0f00) 
thrown [s\src\hotspot\share\prims\jni.cpp, line 520]
Event: 18.347 Thread 0x000001b56ba198d0 Exception <a 'sun/nio/fs/WindowsException'{0x00000000d63e17a0}> (0x00000000d63e17a0) 
thrown [s\src\hotspot\share\prims\jni.cpp, line 520]
Event: 18.348 Thread 0x000001b56ba198d0 Exception <a 'sun/nio/fs/WindowsException'{0x00000000d63e2a68}> (0x00000000d63e2a68) 
thrown [s\src\hotspot\share\prims\jni.cpp, line 520]
Event: 18.348 Thread 0x000001b56ba198d0 Exception <a 'sun/nio/fs/WindowsException'{0x00000000d63e3308}> (0x00000000d63e3308) 
thrown [s\src\hotspot\share\prims\jni.cpp, line 520]
Event: 18.353 Thread 0x000001b56ba198d0 Exception <a 'java/io/FileNotFoundException'{0x00000000d63fac00}> (0x00000000d63fac00) 
thrown [s\src\hotspot\share\prims\jni.cpp, line 520]
Event: 18.353 Thread 0x000001b56ba198d0 Exception <a 'java/io/FileNotFoundException'{0x00000000d63fb970}> (0x00000000d63fb970) 
thrown [s\src\hotspot\share\prims\jni.cpp, line 520]
Event: 18.363 Thread 0x000001b56ba198d0 Exception <a 'sun/nio/fs/WindowsException'{0x00000000d6438fb0}> (0x00000000d6438fb0) 
thrown [s\src\hotspot\share\prims\jni.cpp, line 520]
Event: 18.363 Thread 0x000001b56ba198d0 Exception <a 'sun/nio/fs/WindowsException'{0x00000000d6439850}> (0x00000000d6439850) 
thrown [s\src\hotspot\share\prims\jni.cpp, line 520]
Event: 18.393 Thread 0x000001b56ba198d0 Exception <a 'sun/nio/fs/WindowsException'{0x00000000d64b4500}> (0x00000000d64b4500) 
thrown [s\src\hotspot\share\prims\jni.cpp, line 520]
Event: 18.394 Thread 0x000001b56ba198d0 Exception <a 'sun/nio/fs/WindowsException'{0x00000000d64b5050}> (0x00000000d64b5050) 
thrown [s\src\hotspot\share\prims\jni.cpp, line 520]
Event: 18.673 Thread 0x000001b5791d0fb0 Exception <a 'java/lang/NoSuchMethodError'{0x00000000d5d219c0}: 'java.lang.Object java.lang.invoke.DirectMethodHandle$Holder.invokeSpecial(java.lang.Object, java.lang.Object, int, long)'> (0x00000000d5d219c0) 
thrown [s\src\hotspot\share\interpreter\linkResolver.cpp, line 773]
Event: 18.872 Thread 0x000001b56bb41e60 Exception <a 'sun/nio/fs/WindowsException'{0x00000000d5e7ccb8}> (0x00000000d5e7ccb8) 
thrown [s\src\hotspot\share\prims\jni.cpp, line 520]
Event: 18.872 Thread 0x000001b56bb41e60 Exception <a 'sun/nio/fs/WindowsException'{0x00000000d5e7d828}> (0x00000000d5e7d828) 
thrown [s\src\hotspot\share\prims\jni.cpp, line 520]
Event: 18.872 Thread 0x000001b56bb41e60 Exception <a 'sun/nio/fs/WindowsException'{0x00000000d5e7eb10}> (0x00000000d5e7eb10) 
thrown [s\src\hotspot\share\prims\jni.cpp, line 520]
Event: 18.873 Thread 0x000001b56bb41e60 Exception <a 'sun/nio/fs/WindowsException'{0x00000000d5e7f660}> (0x00000000d5e7f660) 
thrown [s\src\hotspot\share\prims\jni.cpp, line 520]
Event: 18.874 Thread 0x000001b56bb41e60 Exception <a 'sun/nio/fs/WindowsException'{0x00000000d5e81468}> (0x00000000d5e81468) 
thrown [s\src\hotspot\share\prims\jni.cpp, line 520]
Event: 18.874 Thread 0x000001b56bb41e60 Exception <a 'sun/nio/fs/WindowsException'{0x00000000d5e81fb8}> (0x00000000d5e81fb8) 
thrown [s\src\hotspot\share\prims\jni.cpp, line 520]
Event: 18.878 Thread 0x000001b56bb41e60 Exception <a 'sun/nio/fs/WindowsException'{0x00000000d5f55fe0}> (0x00000000d5f55fe0) 
thrown [s\src\hotspot\share\prims\jni.cpp, line 520]
Event: 18.878 Thread 0x000001b56bb41e60 Exception <a 'sun/nio/fs/WindowsException'{0x00000000d5f56b30}> (0x00000000d5f56b30) 
thrown [s\src\hotspot\share\prims\jni.cpp, line 520]

ZGC Phase Switch (0 events):
No events

VM Operations (20 events):
Event: 17.944 Executing non-safepoint VM operation: HandshakeAllThreads (Deoptimize) done
Event: 17.951 Executing non-safepoint VM operation: HandshakeAllThreads (Deoptimize)
Event: 17.952 Executing non-safepoint VM operation: HandshakeAllThreads (Deoptimize) done
Event: 17.957 Executing non-safepoint VM operation: HandshakeAllThreads (Deoptimize)
Event: 17.957 Executing non-safepoint VM operation: HandshakeAllThreads (Deoptimize) done
Event: 18.053 Executing safepoint VM operation: ParallelGCFailedAllocation (Allocation Failure)
Event: 18.054 Executing safepoint VM operation: ParallelGCFailedAllocation (Allocation Failure) done
Event: 18.429 Executing safepoint VM operation: ParallelGCFailedAllocation (Allocation Failure)
Event: 18.431 Executing safepoint VM operation: ParallelGCFailedAllocation (Allocation Failure) done
Event: 18.913 Executing safepoint VM operation: ParallelGCFailedAllocation (Allocation Failure)
Event: 18.914 Executing safepoint VM operation: ParallelGCFailedAllocation (Allocation Failure) done
Event: 18.986 Executing safepoint VM operation: ParallelGCFailedAllocation (Allocation Failure)
Event: 19.997 Executing safepoint VM operation: ParallelGCFailedAllocation (Allocation Failure) done
Event: 20.015 Executing non-safepoint VM operation: HandshakeAllThreads (Deoptimize)
Event: 20.015 Executing non-safepoint VM operation: HandshakeAllThreads (Deoptimize) done
Event: 20.047 Executing safepoint VM operation: ParallelGCFailedAllocation (Allocation Failure)
Event: 20.049 Executing safepoint VM operation: ParallelGCFailedAllocation (Allocation Failure) done
Event: 20.115 Executing safepoint VM operation: ParallelGCFailedAllocation (Allocation Failure)
Event: 20.116 Executing safepoint VM operation: ParallelGCFailedAllocation (Allocation Failure) done
Event: 20.171 Executing safepoint VM operation: ParallelGCFailedAllocation (Allocation Failure)

Memory protections (0 events):
No events

Nmethod flushes (20 events):
Event: 9.591 Thread 0x000001b50bef4930 flushing  nmethod 0x000001b50fa8d110
Event: 9.591 Thread 0x000001b50bef4930 flushing  nmethod 0x000001b50fa8dd90
Event: 9.591 Thread 0x000001b50bef4930 flushing  nmethod 0x000001b50fa92c90
Event: 9.591 Thread 0x000001b50bef4930 flushing  nmethod 0x000001b50faad310
Event: 9.591 Thread 0x000001b50bef4930 flushing  nmethod 0x000001b50fad4290
Event: 9.591 Thread 0x000001b50bef4930 flushing  nmethod 0x000001b50fad5910
Event: 9.591 Thread 0x000001b50bef4930 flushing  nmethod 0x000001b50fad9a10
Event: 9.591 Thread 0x000001b50bef4930 flushing  nmethod 0x000001b50faddb90
Event: 9.591 Thread 0x000001b50bef4930 flushing  nmethod 0x000001b50fb00990
Event: 9.591 Thread 0x000001b50bef4930 flushing  nmethod 0x000001b50fb0ef10
Event: 9.591 Thread 0x000001b50bef4930 flushing osr nmethod 0x000001b50fb63b10
Event: 9.591 Thread 0x000001b50bef4930 flushing  nmethod 0x000001b50fba1d90
Event: 9.591 Thread 0x000001b50bef4930 flushing  nmethod 0x000001b50fba8b90
Event: 9.591 Thread 0x000001b50bef4930 flushing  nmethod 0x000001b50fbab310
Event: 9.591 Thread 0x000001b50bef4930 flushing osr nmethod 0x000001b50fbb5910
Event: 9.591 Thread 0x000001b50bef4930 flushing  nmethod 0x000001b50fbf1490
Event: 9.591 Thread 0x000001b50bef4930 flushing  nmethod 0x000001b50fbfce10
Event: 9.591 Thread 0x000001b50bef4930 flushing  nmethod 0x000001b50fc0aa10
Event: 9.591 Thread 0x000001b50bef4930 flushing  nmethod 0x000001b50fc37a10
Event: 9.591 Thread 0x000001b50bef4930 flushing  nmethod 0x000001b50fc39310

Events (20 events):
Event: 16.323 Thread 0x000001b5791d2360 Thread exited: 0x000001b5791d2360
Event: 16.323 Thread 0x000001b5791d1640 Thread exited: 0x000001b5791d1640
Event: 16.323 Thread 0x000001b5791d29f0 Thread exited: 0x000001b5791d29f0
Event: 16.323 Thread 0x000001b56b68d490 Thread exited: 0x000001b56b68d490
Event: 16.847 Thread 0x000001b56ba198d0 Thread added: 0x000001b5791d1640
Event: 16.847 Thread 0x000001b56ba198d0 Thread added: 0x000001b5791d0fb0
Event: 16.848 Thread 0x000001b56ba198d0 Thread added: 0x000001b5791d2360
Event: 16.848 Thread 0x000001b56ba198d0 Thread added: 0x000001b57b5699c0
Event: 16.848 Thread 0x000001b56ba198d0 Thread added: 0x000001b57b56a050
Event: 16.880 Thread 0x000001b57b5699c0 Thread exited: 0x000001b57b5699c0
Event: 16.880 Thread 0x000001b5791d2360 Thread exited: 0x000001b5791d2360
Event: 16.881 Thread 0x000001b5791d1640 Thread exited: 0x000001b5791d1640
Event: 16.881 Thread 0x000001b57b56a050 Thread exited: 0x000001b57b56a050
Event: 16.881 Thread 0x000001b5791d0fb0 Thread exited: 0x000001b5791d0fb0
Event: 17.810 Thread 0x000001b56b1f33d0 Thread exited: 0x000001b56b1f33d0
Event: 18.255 Thread 0x000001b56bb417d0 Thread added: 0x000001b5791d0fb0
Event: 19.997 Thread 0x000001b56dfbed70 Thread exited: 0x000001b56dfbed70
Event: 19.998 Thread 0x000001b566d03940 Thread exited: 0x000001b566d03940
Event: 19.998 Thread 0x000001b56b1f4840 Thread exited: 0x000001b56b1f4840
Event: 19.998 Thread 0x000001b566ae5ef0 Thread exited: 0x000001b566ae5ef0


Dynamic libraries:
0x00007ff7c65e0000 - 0x00007ff7c65ee000 	c:\Users\ASUS\.vscode\extensions\redhat.java-1.53.0-win32-x64\jre\21.0.10-win32-x86_64\bin\java.exe
0x00007ffd2df60000 - 0x00007ffd2e1c9000 	C:\WINDOWS\SYSTEM32\ntdll.dll
0x00007ffd2c8e0000 - 0x00007ffd2c9a9000 	C:\WINDOWS\System32\KERNEL32.DLL
0x00007ffd2b0c0000 - 0x00007ffd2b4b3000 	C:\WINDOWS\System32\KERNELBASE.dll
0x00007ffd2bae0000 - 0x00007ffd2bc2b000 	C:\WINDOWS\System32\ucrtbase.dll
0x00007ffcf4600000 - 0x00007ffcf461e000 	c:\Users\ASUS\.vscode\extensions\redhat.java-1.53.0-win32-x64\jre\21.0.10-win32-x86_64\bin\VCRUNTIME140.dll
0x00007ffcf4430000 - 0x00007ffcf4448000 	c:\Users\ASUS\.vscode\extensions\redhat.java-1.53.0-win32-x64\jre\21.0.10-win32-x86_64\bin\jli.dll
0x00007ffd2bf70000 - 0x00007ffd2c134000 	C:\WINDOWS\System32\USER32.dll
0x00007ffd2bcd0000 - 0x00007ffd2bcf7000 	C:\WINDOWS\System32\win32u.dll
0x00007ffd2c140000 - 0x00007ffd2c16b000 	C:\WINDOWS\System32\GDI32.dll
0x00007ffd11300000 - 0x00007ffd11593000 	C:\WINDOWS\WinSxS\amd64_microsoft.windows.common-controls_6595b64144ccf1df_6.0.26100.5074_none_3e0d6f78e32fd63f\COMCTL32.dll
0x00007ffd2b9b0000 - 0x00007ffd2badd000 	C:\WINDOWS\System32\gdi32full.dll
0x00007ffd2bec0000 - 0x00007ffd2bf69000 	C:\WINDOWS\System32\msvcrt.dll
0x00007ffd2b4c0000 - 0x00007ffd2b563000 	C:\WINDOWS\System32\msvcp_win.dll
0x00007ffd2cce0000 - 0x00007ffd2cd0f000 	C:\WINDOWS\System32\IMM32.DLL
0x00007ffcb44a0000 - 0x00007ffcb44ac000 	c:\Users\ASUS\.vscode\extensions\redhat.java-1.53.0-win32-x64\jre\21.0.10-win32-x86_64\bin\vcruntime140_1.dll
0x00007ffcadac0000 - 0x00007ffcadb4d000 	c:\Users\ASUS\.vscode\extensions\redhat.java-1.53.0-win32-x64\jre\21.0.10-win32-x86_64\bin\msvcp140.dll
0x00007ffc53910000 - 0x00007ffc546b1000 	c:\Users\ASUS\.vscode\extensions\redhat.java-1.53.0-win32-x64\jre\21.0.10-win32-x86_64\bin\server\jvm.dll
0x00007ffd2d340000 - 0x00007ffd2d3f4000 	C:\WINDOWS\System32\ADVAPI32.dll
0x00007ffd2be00000 - 0x00007ffd2bea6000 	C:\WINDOWS\System32\sechost.dll
0x00007ffd2cda0000 - 0x00007ffd2ceb8000 	C:\WINDOWS\System32\RPCRT4.dll
0x00007ffd2cd20000 - 0x00007ffd2cd94000 	C:\WINDOWS\System32\WS2_32.dll
0x00007ffd2af20000 - 0x00007ffd2af7e000 	C:\WINDOWS\SYSTEM32\POWRPROF.dll
0x00007ffd1e6b0000 - 0x00007ffd1e6e5000 	C:\WINDOWS\SYSTEM32\WINMM.dll
0x00007ffd24280000 - 0x00007ffd2428b000 	C:\WINDOWS\SYSTEM32\VERSION.dll
0x00007ffd2af00000 - 0x00007ffd2af14000 	C:\WINDOWS\SYSTEM32\UMPDC.dll
0x00007ffd29e60000 - 0x00007ffd29e7b000 	C:\WINDOWS\SYSTEM32\kernel.appcore.dll
0x00007ffd05630000 - 0x00007ffd0563a000 	c:\Users\ASUS\.vscode\extensions\redhat.java-1.53.0-win32-x64\jre\21.0.10-win32-x86_64\bin\jimage.dll
0x00007ffd1ccd0000 - 0x00007ffd1cf12000 	C:\WINDOWS\SYSTEM32\DBGHELP.DLL
0x00007ffd2d420000 - 0x00007ffd2d79b000 	C:\WINDOWS\System32\combase.dll
0x00007ffd2c7f0000 - 0x00007ffd2c8c7000 	C:\WINDOWS\System32\OLEAUT32.dll
0x00007ffd122e0000 - 0x00007ffd1231d000 	C:\WINDOWS\SYSTEM32\dbgcore.DLL
0x00007ffd2bc30000 - 0x00007ffd2bcc9000 	C:\WINDOWS\System32\bcryptPrimitives.dll
0x00007ffd263f0000 - 0x00007ffd263ff000 	c:\Users\ASUS\.vscode\extensions\redhat.java-1.53.0-win32-x64\jre\21.0.10-win32-x86_64\bin\instrument.dll
0x00007ffcade90000 - 0x00007ffcadeb0000 	c:\Users\ASUS\.vscode\extensions\redhat.java-1.53.0-win32-x64\jre\21.0.10-win32-x86_64\bin\java.dll
0x00007ffd2d7a0000 - 0x00007ffd2deed000 	C:\WINDOWS\System32\SHELL32.dll
0x00007ffd2b840000 - 0x00007ffd2b9ac000 	C:\WINDOWS\System32\wintypes.dll
0x00007ffd28cd0000 - 0x00007ffd29529000 	C:\WINDOWS\SYSTEM32\windows.storage.dll
0x00007ffd2cf50000 - 0x00007ffd2d040000 	C:\WINDOWS\System32\SHCORE.dll
0x00007ffd2bd00000 - 0x00007ffd2bd62000 	C:\WINDOWS\System32\shlwapi.dll
0x00007ffd2afe0000 - 0x00007ffd2b009000 	C:\WINDOWS\SYSTEM32\profapi.dll
0x00007ffcadd20000 - 0x00007ffcadd38000 	c:\Users\ASUS\.vscode\extensions\redhat.java-1.53.0-win32-x64\jre\21.0.10-win32-x86_64\bin\zip.dll
0x00007ffcade60000 - 0x00007ffcade70000 	C:\Users\ASUS\.vscode\extensions\redhat.java-1.53.0-win32-x64\jre\21.0.10-win32-x86_64\bin\net.dll
0x00007ffd25580000 - 0x00007ffd2569f000 	C:\WINDOWS\SYSTEM32\WINHTTP.dll
0x00007ffd2a3c0000 - 0x00007ffd2a42b000 	C:\WINDOWS\system32\mswsock.dll
0x00007ffcadaa0000 - 0x00007ffcadab6000 	C:\Users\ASUS\.vscode\extensions\redhat.java-1.53.0-win32-x64\jre\21.0.10-win32-x86_64\bin\nio.dll
0x00007ffd263e0000 - 0x00007ffd263f0000 	c:\Users\ASUS\.vscode\extensions\redhat.java-1.53.0-win32-x64\jre\21.0.10-win32-x86_64\bin\verify.dll
0x00007ffd23900000 - 0x00007ffd23945000 	C:\Users\ASUS\AppData\Roaming\Code\User\globalStorage\redhat.java\1.53.0\config_win\org.eclipse.equinox.launcher\org.eclipse.equinox.launcher.win32.win32.x86_64_1.3.0.v20260203-2149\eclipse_11919.dll
0x00007ffd2cb40000 - 0x00007ffd2ccd8000 	C:\WINDOWS\System32\ole32.dll
0x00007ffd2a790000 - 0x00007ffd2a7ab000 	C:\WINDOWS\SYSTEM32\CRYPTSP.dll
0x00007ffd29dc0000 - 0x00007ffd29dfb000 	C:\WINDOWS\system32\rsaenh.dll
0x00007ffd2a460000 - 0x00007ffd2a48b000 	C:\WINDOWS\SYSTEM32\USERENV.dll
0x00007ffd2afb0000 - 0x00007ffd2afd6000 	C:\WINDOWS\SYSTEM32\bcrypt.dll
0x00007ffd2a5f0000 - 0x00007ffd2a5fc000 	C:\WINDOWS\SYSTEM32\CRYPTBASE.dll
0x00007ffd29840000 - 0x00007ffd29874000 	C:\WINDOWS\SYSTEM32\IPHLPAPI.DLL
0x00007ffd2c8d0000 - 0x00007ffd2c8da000 	C:\WINDOWS\System32\NSI.dll
0x00007ffd23650000 - 0x00007ffd23699000 	C:\Users\ASUS\AppData\Local\Temp\jna-2018896\jna12590012623862675698.dll
0x00007ffd2cab0000 - 0x00007ffd2cab8000 	C:\WINDOWS\System32\PSAPI.DLL
0x00007ffd259e0000 - 0x00007ffd259fe000 	C:\WINDOWS\SYSTEM32\dhcpcsvc6.DLL
0x00007ffd25930000 - 0x00007ffd25953000 	C:\WINDOWS\SYSTEM32\dhcpcsvc.DLL
0x00007ffcad220000 - 0x00007ffcad22e000 	C:\Users\ASUS\.vscode\extensions\redhat.java-1.53.0-win32-x64\jre\21.0.10-win32-x86_64\bin\sunmscapi.dll
0x00007ffd2b630000 - 0x00007ffd2b7a7000 	C:\WINDOWS\System32\CRYPT32.dll
0x00007ffd2a8e0000 - 0x00007ffd2a910000 	C:\WINDOWS\SYSTEM32\ncrypt.dll
0x00007ffd2a890000 - 0x00007ffd2a8cf000 	C:\WINDOWS\SYSTEM32\NTASN1.dll
0x00007ffd29880000 - 0x00007ffd299a6000 	C:\WINDOWS\SYSTEM32\DNSAPI.dll
0x00007ffd23e20000 - 0x00007ffd23e2b000 	C:\Windows\System32\rasadhlp.dll
0x00007ffd25b90000 - 0x00007ffd25c16000 	C:\WINDOWS\System32\fwpuclnt.dll
0x00007ffca8b40000 - 0x00007ffca8b49000 	C:\Users\ASUS\.vscode\extensions\redhat.java-1.53.0-win32-x64\jre\21.0.10-win32-x86_64\bin\extnet.dll

JVMTI agents:
c:\Users\ASUS\.vscode\extensions\redhat.java-1.53.0-win32-x64\lombok\lombok-1.18.39-4050.jar path:c:\Users\ASUS\.vscode\extensions\redhat.java-1.53.0-win32-x64\jre\21.0.10-win32-x86_64\bin\instrument.dll, loaded, initialized, instrumentlib options:none

dbghelp: loaded successfully - version: 4.0.5 - missing functions: none
symbol engine: initialized successfully - sym options: 0x614 - pdb path: .;c:\Users\ASUS\.vscode\extensions\redhat.java-1.53.0-win32-x64\jre\21.0.10-win32-x86_64\bin;C:\WINDOWS\SYSTEM32;C:\WINDOWS\WinSxS\amd64_microsoft.windows.common-controls_6595b64144ccf1df_6.0.26100.5074_none_3e0d6f78e32fd63f;c:\Users\ASUS\.vscode\extensions\redhat.java-1.53.0-win32-x64\jre\21.0.10-win32-x86_64\bin\server;C:\Users\ASUS\AppData\Roaming\Code\User\globalStorage\redhat.java\1.53.0\config_win\org.eclipse.equinox.launcher\org.eclipse.equinox.launcher.win32.win32.x86_64_1.3.0.v20260203-2149;C:\Users\ASUS\AppData\Local\Temp\jna-2018896

VM Arguments:
jvm_args: --add-modules=ALL-SYSTEM --add-opens=java.base/java.util=ALL-UNNAMED --add-opens=java.base/java.lang=ALL-UNNAMED --add-opens=java.base/sun.nio.fs=ALL-UNNAMED -Declipse.application=org.eclipse.jdt.ls.core.id1 -Dosgi.bundles.defaultStartLevel=4 -Declipse.product=org.eclipse.jdt.ls.core.product -Djava.import.generatesMetadataFilesAtProjectRoot=false -DDetectVMInstallationsJob.disabled=true -Dfile.encoding=utf8 -XX:+UseParallelGC -XX:GCTimeRatio=4 -XX:AdaptiveSizePolicyWeight=90 -Dsun.zip.disableMemoryMapping=true -Xmx2G -Xms100m -Xlog:disable -javaagent:c:\Users\ASUS\.vscode\extensions\redhat.java-1.53.0-win32-x64\lombok\lombok-1.18.39-4050.jar -XX:+HeapDumpOnOutOfMemoryError -XX:HeapDumpPath=c:\Users\ASUS\AppData\Roaming\Code\User\workspaceStorage\072664e477a3092332c4219defd89c4c\redhat.java -Daether.dependencyCollector.impl=bf 
java_command: c:\Users\ASUS\.vscode\extensions\redhat.java-1.53.0-win32-x64\server\plugins\org.eclipse.equinox.launcher_1.7.100.v20251111-0406.jar -configuration c:\Users\ASUS\AppData\Roaming\Code\User\globalStorage\redhat.java\1.53.0\config_win -data c:\Users\ASUS\AppData\Roaming\Code\User\workspaceStorage\072664e477a3092332c4219defd89c4c\redhat.java\jdt_ws --pipe=\\.\pipe\lsp-50fbeeca7b4af9363ab63aac1729ba25-sock
java_class_path (initial): c:\Users\ASUS\.vscode\extensions\redhat.java-1.53.0-win32-x64\server\plugins\org.eclipse.equinox.launcher_1.7.100.v20251111-0406.jar
Launcher Type: SUN_STANDARD

[Global flags]
    uintx AdaptiveSizePolicyWeight                 = 90                                        {product} {command line}
     intx CICompilerCount                          = 12                                        {product} {ergonomic}
    uintx GCTimeRatio                              = 4                                         {product} {command line}
     bool HeapDumpOnOutOfMemoryError               = true                                   {manageable} {command line}
    ccstr HeapDumpPath                             = c:\Users\ASUS\AppData\Roaming\Code\User\workspaceStorage\072664e477a3092332c4219defd89c4c\redhat.java         {manageable} {command line}
   size_t InitialHeapSize                          = 104857600                                 {product} {command line}
   size_t MaxHeapSize                              = 2147483648                                {product} {command line}
   size_t MaxNewSize                               = 715653120                                 {product} {ergonomic}
   size_t MinHeapDeltaBytes                        = 524288                                    {product} {ergonomic}
   size_t MinHeapSize                              = 104857600                                 {product} {command line}
   size_t NewSize                                  = 34603008                                  {product} {ergonomic}
    uintx NonNMethodCodeHeapSize                   = 7602480                                {pd product} {ergonomic}
    uintx NonProfiledCodeHeapSize                  = 122027880                              {pd product} {ergonomic}
   size_t OldSize                                  = 70254592                                  {product} {ergonomic}
    uintx ProfiledCodeHeapSize                     = 122027880                              {pd product} {ergonomic}
    uintx ReservedCodeCacheSize                    = 251658240                              {pd product} {ergonomic}
     bool SegmentedCodeCache                       = true                                      {product} {ergonomic}
   size_t SoftMaxHeapSize                          = 2147483648                             {manageable} {ergonomic}
     bool UseCompressedOops                        = true                           {product lp64_product} {ergonomic}
     bool UseLargePagesIndividualAllocation        = false                                  {pd product} {ergonomic}
     bool UseParallelGC                            = true                                      {product} {command line}

Logging:
Log output configuration:
 #0: stdout all=off uptime,level,tags foldmultilines=false
 #1: stderr all=off uptime,level,tags foldmultilines=false

Release file:
JAVA_VERSION="21.0.10" 
MODULES="java.base java.compiler java.datatransfer java.xml java.prefs java.desktop java.instrument java.logging java.management java.security.sasl java.naming java.rmi java.management.rmi java.net.http java.scripting java.security.jgss java.transaction.xa java.sql java.sql.rowset java.xml.crypto java.se java.smartcardio jdk.accessibility jdk.internal.jvmstat jdk.attach jdk.charsets jdk.internal.opt jdk.zipfs jdk.compiler jdk.crypto.ec jdk.crypto.cryptoki jdk.crypto.mscapi jdk.dynalink jdk.internal.ed jdk.editpad jdk.hotspot.agent jdk.httpserver jdk.internal.le jdk.internal.vm.ci jdk.internal.vm.compiler jdk.internal.vm.compiler.management jdk.jartool jdk.javadoc jdk.jcmd jdk.management jdk.management.agent jdk.jconsole jdk.jdeps jdk.jdwp.agent jdk.jdi jdk.jfr jdk.jshell jdk.jsobject jdk.jstatd jdk.localedata jdk.management.jfr jdk.naming.dns jdk.naming.rmi jdk.net jdk.nio.mapmode jdk.random jdk.sctp jdk.security.auth jdk.security.jgss jdk.unsupported jdk.unsupported.desktop jdk.xml.dom" 

Environment Variables:
PATH=C:\Visaul Studio\Microsoft VS Code;C:\Program Files\Java\jdk-25\bin;C:\Program Files\Python313\Scripts\;C:\Program Files\Python313\;C:\Program Files (x86)\VMware\VMware Workstation\bin\;C:\WINDOWS\system32;C:\WINDOWS;C:\WINDOWS\System32\Wbem;C:\WINDOWS\System32\WindowsPowerShell\v1.0\;C:\WINDOWS\System32\OpenSSH\;C:\Program Files\NVIDIA Corporation\NVIDIA App\NvDLISR;C:\Program Files (x86)\NVIDIA Corporation\PhysX\Common;C:\Program Files\dotnet\;C:\php-8.4.7;C:\ProgramData\ComposerSetup\bin;C:\Program Files\nodejs\;C:\Program Files\Git\cmd;C:\Program Files\MongoDB\Server\8.2\bin;C:\Program Files\Java\jdk-25\;;C:\ProgramData\chocolatey\bin;C:\Program Files\Microsoft SQL Server\150\Tools\Binn\;C:\Program Files\Microsoft SQL Server\Client SDK\ODBC\170\Tools\Binn\;C:\Program Files\Microsoft SQL Server\170\DTS\Binn\;C:\Program Files\Docker\Docker\resources\bin;c:\Users\ASUS\AppData\Local\Programs\cursor\resources\app\codeBin;C:\Program Files\Java\jdk-25\bin;C:\Users\ASUS\AppData\Local\Microsoft\WindowsApps;C:\Visaul Studio\Microsoft VS Code\bin;C:\Users\ASUS\AppData\Local\Programs\Azure Data Studio\bin;C:\Program Files\Azure Data Studio\bin;C:\Users\ASUS\AppData\Local\GitHubDesktop\bin;C:\Users\ASUS\AppData\Roaming\Composer\vendor\bin;C:\Users\ASUS\AppData\Roaming\npm;C:\Program Files\mongosh\;C:\Program Files\IntelliJ IDEA 2025.2.3\bin;C:\Program Files\JetBrains\WebStorm 2025.2.3\bin;C:\Program Files (x86)\Microsoft Visual Studio\Shared\NuGetPackages\microsoft.visualstudio.javascript.sdk;C:\Program Files\Java\jdk-25\;C:\Users\ASUS\.dotnet\tools;C:\Users\ASUS\AppData\Local\Microsoft\WinGet\Links;C:\Users\ASUS\AppData\Local\Programs\Antigravity\bin;C:\Users\ASUS\AppData\Local\Programs\cursor\resources\app\bin
USERNAME=ASUS
OS=Windows_NT
PROCESSOR_IDENTIFIER=AMD64 Family 25 Model 68 Stepping 1, AuthenticAMD
TMP=C:\Users\ASUS\AppData\Local\Temp
TEMP=C:\Users\ASUS\AppData\Local\Temp




Periodic native trim disabled

---------------  S Y S T E M  ---------------

OS:
 Windows 11 , 64 bit Build 26100 (10.0.26100.5074)
OS uptime: 0 days 0:33 hours
Hyper-V role detected

CPU: total 16 (initial active 16) (16 cores per cpu, 2 threads per core) family 25 model 68 stepping 1 microcode 0xa404107, cx8, cmov, fxsr, ht, mmx, 3dnowpref, sse, sse2, sse3, ssse3, sse4a, sse4.1, sse4.2, popcnt, lzcnt, tsc, tscinvbit, avx, avx2, aes, erms, clmul, bmi1, bmi2, adx, sha, fma, vzeroupper, clflush, clflushopt, hv, rdtscp, rdpid, fsrm, f16c, cet_ss
Processor Information for the first 16 processors :
  Max Mhz: 3100, Current Mhz: 3100, Mhz Limit: 3100

Memory: 4k page, system-wide physical 8010M (930M free)
TotalPageFile size 24394M (AvailPageFile size 442M)
current process WorkingSet (physical memory assigned to process): 303M, peak: 381M
current process commit charge ("private bytes"): 449M, peak: 478M

vm_info: OpenJDK 64-Bit Server VM (21.0.10+7-LTS) for windows-amd64 JRE (21.0.10+7-LTS), built on 2026-01-20T00:00:00Z by "admin" with MS VC++ 17.12 (VS2022)

END.
